#
# There is insufficient memory for the Java Runtime Environment to continue.
# Native memory allocation (malloc) failed to allocate 985776 bytes for Chunk::new
# Possible reasons:
#   The system is out of physical RAM or swap space
#   The process is running with CompressedOops enabled, and the Java Heap may be blocking the growth of the native heap
# Possible solutions:
#   Reduce memory load on the system
#   Increase physical memory or swap space
#   Check if swap backing store is full
#   Decrease Java heap size (-Xmx/-Xms)
#   Decrease number of Java threads
#   Decrease Java thread stack sizes (-Xss)
#   Set larger code cache with -XX:ReservedCodeCacheSize=
#   JVM is running with Unscaled Compressed Oops mode in which the Java heap is
#     placed in the first 4GB address space. The Java Heap base address is the
#     maximum limit for the native heap growth. Please use -XX:HeapBaseMinAddress
#     to set the Java Heap base and to place the Java Heap above 4GB virtual address.
# This output file may be truncated or incomplete.
#
#  Out of Memory Error (arena.cpp:191), pid=12580, tid=14408
#
# JRE version: OpenJDK Runtime Environment Temurin-17.0.10+7 (17.0.10+7) (build 17.0.10+7)
# Java VM: OpenJDK 64-Bit Server VM Temurin-17.0.10+7 (17.0.10+7, mixed mode, tiered, compressed oops, compressed class ptrs, parallel gc, windows-amd64)
# No core dump will be written. Minidumps are not enabled by default on client versions of Windows
#

---------------  S U M M A R Y ------------

Command Line: --add-modules=ALL-SYSTEM --add-opens=java.base/java.util=ALL-UNNAMED --add-opens=java.base/java.lang=ALL-UNNAMED --add-opens=java.base/sun.nio.fs=ALL-UNNAMED -Declipse.application=org.eclipse.jdt.ls.core.id1 -Dosgi.bundles.defaultStartLevel=4 -Declipse.product=org.eclipse.jdt.ls.core.product -Djava.import.generatesMetadataFilesAtProjectRoot=false -DDetectVMInstallationsJob.disabled=true -Dfile.encoding=utf8 -XX:+UseParallelGC -XX:GCTimeRatio=4 -XX:AdaptiveSizePolicyWeight=90 -Dsun.zip.disableMemoryMapping=true -Xmx1G -Xms100m -Xlog:disable -javaagent:c:\Users\Kiet\.vscode\extensions\redhat.java-1.30.0-win32-x64\lombok\lombok-1.18.32.jar c:\Users\Kiet\.vscode\extensions\redhat.java-1.30.0-win32-x64\server\plugins\org.eclipse.equinox.launcher_1.6.800.v20240330-1250.jar -configuration c:\Users\Kiet\AppData\Roaming\Code\User\globalStorage\redhat.java\1.30.0\config_ss_win -data c:\Users\Kiet\AppData\Roaming\Code\User\workspaceStorage\b3b38d78d4b70df6aa0616a4b888d3ad\redhat.java\ss_ws --pipe=\\.\pipe\lsp-18122e93224c23fece98d79c0d49d3b9-sock

Host: Intel(R) Core(TM) i5-1035G1 CPU @ 1.00GHz, 8 cores, 7G,  Windows 11 , 64 bit Build 22621 (10.0.22621.3374)
Time: Tue May  7 23:12:03 2024 SE Asia Standard Time elapsed time: 12.005795 seconds (0d 0h 0m 12s)

---------------  T H R E A D  ---------------

Current thread (0x000001fbbc5aaae0):  JavaThread "C2 CompilerThread2" daemon [_thread_in_native, id=14408, stack(0x0000008dc5100000,0x0000008dc5200000)]


Current CompileTask:
C2:  12005 5249       4       org.eclipse.jdt.internal.compiler.lookup.BinaryTypeBinding::createMethod (1724 bytes)

Stack: [0x0000008dc5100000,0x0000008dc5200000]
Native frames: (J=compiled Java code, j=interpreted, Vv=VM code, C=native code)
V  [jvm.dll+0x67d2c9]
V  [jvm.dll+0x834afa]
V  [jvm.dll+0x8365be]
V  [jvm.dll+0x836c23]
V  [jvm.dll+0x2477ff]
V  [jvm.dll+0xac514]
V  [jvm.dll+0xacb5c]
V  [jvm.dll+0x2aed1f]
V  [jvm.dll+0x584b67]
V  [jvm.dll+0x2228a2]
V  [jvm.dll+0x21bb42]
V  [jvm.dll+0x219201]
V  [jvm.dll+0x1a502d]
V  [jvm.dll+0x2290de]
V  [jvm.dll+0x2272ac]
V  [jvm.dll+0x7e9bb7]
V  [jvm.dll+0x7e3fba]
V  [jvm.dll+0x67c1b5]
C  [ucrtbase.dll+0x29333]
C  [KERNEL32.DLL+0x1257d]
C  [ntdll.dll+0x5aa48]


---------------  P R O C E S S  ---------------

Threads class SMR info:
_java_thread_list=0x000001fbc88011b0, length=37, elements={
0x000001fba1dbe530, 0x000001fbb5c47020, 0x000001fbb5c484a0, 0x000001fba1e6d040,
0x000001fba1e6db10, 0x000001fba1e6e6d0, 0x000001fbbad39580, 0x000001fbbad3c3d0,
0x000001fbbad9d7a0, 0x000001fbbada1dd0, 0x000001fbbae7e980, 0x000001fbbb0c6d50,
0x000001fbbc357fa0, 0x000001fbbc34efc0, 0x000001fbbc8bdfc0, 0x000001fbbc846520,
0x000001fbbc52d410, 0x000001fbbc52d920, 0x000001fbbc52de30, 0x000001fbbc52cf00,
0x000001fbbc52e340, 0x000001fbbc52e850, 0x000001fbbc52b5b0, 0x000001fbbc52bac0,
0x000001fbbc52bfd0, 0x000001fbbc52c4e0, 0x000001fbbc4660a0, 0x000001fbbc46a270,
0x000001fbbc46d510, 0x000001fbbc46a780, 0x000001fbbc466ac0, 0x000001fbbc46b1a0,
0x000001fbbc46b6b0, 0x000001fbbc469340, 0x000001fbc70e4ab0, 0x000001fbbc5aaae0,
0x000001fbbc468410
}

Java Threads: ( => current thread )
  0x000001fba1dbe530 JavaThread "main" [_thread_blocked, id=15904, stack(0x0000008dc2800000,0x0000008dc2900000)]
  0x000001fbb5c47020 JavaThread "Reference Handler" daemon [_thread_blocked, id=20092, stack(0x0000008dc2b00000,0x0000008dc2c00000)]
  0x000001fbb5c484a0 JavaThread "Finalizer" daemon [_thread_blocked, id=16952, stack(0x0000008dc2c00000,0x0000008dc2d00000)]
  0x000001fba1e6d040 JavaThread "Signal Dispatcher" daemon [_thread_blocked, id=20248, stack(0x0000008dc2d00000,0x0000008dc2e00000)]
  0x000001fba1e6db10 JavaThread "Attach Listener" daemon [_thread_blocked, id=3312, stack(0x0000008dc2e00000,0x0000008dc2f00000)]
  0x000001fba1e6e6d0 JavaThread "Service Thread" daemon [_thread_blocked, id=18852, stack(0x0000008dc2f00000,0x0000008dc3000000)]
  0x000001fbbad39580 JavaThread "Monitor Deflation Thread" daemon [_thread_blocked, id=16808, stack(0x0000008dc3000000,0x0000008dc3100000)]
  0x000001fbbad3c3d0 JavaThread "C2 CompilerThread0" daemon [_thread_blocked, id=18036, stack(0x0000008dc3100000,0x0000008dc3200000)]
  0x000001fbbad9d7a0 JavaThread "C1 CompilerThread0" daemon [_thread_in_native, id=7836, stack(0x0000008dc3200000,0x0000008dc3300000)]
  0x000001fbbada1dd0 JavaThread "Sweeper thread" daemon [_thread_blocked, id=12696, stack(0x0000008dc3300000,0x0000008dc3400000)]
  0x000001fbbae7e980 JavaThread "Common-Cleaner" daemon [_thread_blocked, id=12956, stack(0x0000008dc3400000,0x0000008dc3500000)]
  0x000001fbbb0c6d50 JavaThread "Notification Thread" daemon [_thread_blocked, id=18988, stack(0x0000008dc3600000,0x0000008dc3700000)]
  0x000001fbbc357fa0 JavaThread "Active Thread: Equinox Container: 16fc86fb-ea79-4d32-9402-9d126fa6a1eb" [_thread_blocked, id=14804, stack(0x0000008dc3e00000,0x0000008dc3f00000)]
  0x000001fbbc34efc0 JavaThread "Framework Event Dispatcher: Equinox Container: 16fc86fb-ea79-4d32-9402-9d126fa6a1eb" daemon [_thread_blocked, id=17132, stack(0x0000008dc3f00000,0x0000008dc4000000)]
  0x000001fbbc8bdfc0 JavaThread "Start Level: Equinox Container: 16fc86fb-ea79-4d32-9402-9d126fa6a1eb" daemon [_thread_blocked, id=7600, stack(0x0000008dc4000000,0x0000008dc4100000)]
  0x000001fbbc846520 JavaThread "SCR Component Actor" daemon [_thread_blocked, id=14728, stack(0x0000008dc4100000,0x0000008dc4200000)]
  0x000001fbbc52d410 JavaThread "Worker-JM" [_thread_blocked, id=9624, stack(0x0000008dc4400000,0x0000008dc4500000)]
  0x000001fbbc52d920 JavaThread "Worker-0" [_thread_blocked, id=18488, stack(0x0000008dc4600000,0x0000008dc4700000)]
  0x000001fbbc52de30 JavaThread "Worker-1: Publish Diagnostics" [_thread_in_vm, id=15720, stack(0x0000008dc4700000,0x0000008dc4800000)]
  0x000001fbbc52cf00 JavaThread "JNA Cleaner" daemon [_thread_blocked, id=17388, stack(0x0000008dc4300000,0x0000008dc4400000)]
  0x000001fbbc52e340 JavaThread "Thread-2" daemon [_thread_in_native, id=19664, stack(0x0000008dc4500000,0x0000008dc4600000)]
  0x000001fbbc52e850 JavaThread "Thread-3" daemon [_thread_in_native, id=5884, stack(0x0000008dc4800000,0x0000008dc4900000)]
  0x000001fbbc52b5b0 JavaThread "Thread-4" daemon [_thread_in_native, id=12428, stack(0x0000008dc4900000,0x0000008dc4a00000)]
  0x000001fbbc52bac0 JavaThread "Thread-5" daemon [_thread_in_native, id=10920, stack(0x0000008dc4a00000,0x0000008dc4b00000)]
  0x000001fbbc52bfd0 JavaThread "Thread-6" daemon [_thread_in_native, id=11168, stack(0x0000008dc4b00000,0x0000008dc4c00000)]
  0x000001fbbc52c4e0 JavaThread "Thread-7" daemon [_thread_in_native, id=6856, stack(0x0000008dc4c00000,0x0000008dc4d00000)]
  0x000001fbbc4660a0 JavaThread "Thread-8" daemon [_thread_in_native, id=17640, stack(0x0000008dc4d00000,0x0000008dc4e00000)]
  0x000001fbbc46a270 JavaThread "Thread-9" daemon [_thread_in_native, id=9648, stack(0x0000008dc4e00000,0x0000008dc4f00000)]
  0x000001fbbc46d510 JavaThread "Thread-10" daemon [_thread_in_native, id=12060, stack(0x0000008dc4f00000,0x0000008dc5000000)]
  0x000001fbbc46a780 JavaThread "pool-2-thread-1" [_thread_blocked, id=13640, stack(0x0000008dc5000000,0x0000008dc5100000)]
  0x000001fbbc466ac0 JavaThread "WorkspaceEventsHandler" [_thread_blocked, id=19912, stack(0x0000008dc5200000,0x0000008dc5300000)]
  0x000001fbbc46b1a0 JavaThread "pool-1-thread-1" [_thread_blocked, id=17932, stack(0x0000008dc5300000,0x0000008dc5400000)]
  0x000001fbbc46b6b0 JavaThread "ForkJoinPool.commonPool-worker-1" daemon [_thread_in_Java, id=10376, stack(0x0000008dc5500000,0x0000008dc5600000)]
  0x000001fbbc469340 JavaThread "ForkJoinPool.commonPool-worker-2" daemon [_thread_blocked, id=3412, stack(0x0000008dc5600000,0x0000008dc5700000)]
  0x000001fbc70e4ab0 JavaThread "C2 CompilerThread1" daemon [_thread_blocked, id=18912, stack(0x0000008dc3d00000,0x0000008dc3e00000)]
=>0x000001fbbc5aaae0 JavaThread "C2 CompilerThread2" daemon [_thread_in_native, id=14408, stack(0x0000008dc5100000,0x0000008dc5200000)]
  0x000001fbbc468410 JavaThread "Worker-2" [_thread_new, id=6328, stack(0x0000000000000000,0x0000000000000000)]

Other Threads:
  0x000001fba1e67790 VMThread "VM Thread" [stack: 0x0000008dc2a00000,0x0000008dc2b00000] [id=17908]
  0x000001fbbb04ef30 WatcherThread [stack: 0x0000008dc3700000,0x0000008dc3800000] [id=5220]
  0x000001fba1dd3630 GCTaskThread "GC Thread#0" [stack: 0x0000008dc2900000,0x0000008dc2a00000] [id=8140]
  0x000001fbbb09c7c0 GCTaskThread "GC Thread#1" [stack: 0x0000008dc3500000,0x0000008dc3600000] [id=13448]
  0x000001fbbb09ca80 GCTaskThread "GC Thread#2" [stack: 0x0000008dc3800000,0x0000008dc3900000] [id=20176]
  0x000001fbbc28f070 GCTaskThread "GC Thread#3" [stack: 0x0000008dc3900000,0x0000008dc3a00000] [id=16660]
  0x000001fbbc28f330 GCTaskThread "GC Thread#4" [stack: 0x0000008dc3a00000,0x0000008dc3b00000] [id=8692]
  0x000001fbbc28f5f0 GCTaskThread "GC Thread#5" [stack: 0x0000008dc3b00000,0x0000008dc3c00000] [id=9936]
  0x000001fbbc28f8b0 GCTaskThread "GC Thread#6" [stack: 0x0000008dc3c00000,0x0000008dc3d00000] [id=18096]
  0x000001fbbc9f11f0 GCTaskThread "GC Thread#7" [stack: 0x0000008dc4200000,0x0000008dc4300000] [id=1360]

Threads with active compile tasks:
C1 CompilerThread0    12052 5352       3       org.eclipse.jdt.internal.compiler.parser.Parser::consumeRule (7943 bytes)
C2 CompilerThread2    12052 5249       4       org.eclipse.jdt.internal.compiler.lookup.BinaryTypeBinding::createMethod (1724 bytes)

VM state: not at safepoint (normal execution)

VM Mutex/Monitor currently owned by a thread: None

Heap address: 0x00000000c0000000, size: 1024 MB, Compressed Oops mode: 32-bit

CDS archive(s) not mapped
Compressed class space mapped at: 0x0000000100000000-0x0000000140000000, reserved size: 1073741824
Narrow klass base: 0x0000000000000000, Narrow klass shift: 3, Narrow klass range: 0x140000000

GC Precious Log:
 CPUs: 8 total, 8 available
 Memory: 7987M
 Large Page Support: Disabled
 NUMA Support: Disabled
 Compressed Oops: Enabled (32-bit)
 Alignments: Space 512K, Generation 512K, Heap 2M
 Heap Min Capacity: 100M
 Heap Initial Capacity: 100M
 Heap Max Capacity: 1G
 Pre-touch: Disabled
 Parallel Workers: 8

Heap:
 PSYoungGen      total 19456K, used 6649K [0x00000000eab00000, 0x00000000ec400000, 0x0000000100000000)
  eden space 18432K, 30% used [0x00000000eab00000,0x00000000eb084a08,0x00000000ebd00000)
  from space 1024K, 97% used [0x00000000ebf00000,0x00000000ebff9aa8,0x00000000ec000000)
  to   space 3584K, 0% used [0x00000000ec080000,0x00000000ec080000,0x00000000ec400000)
 ParOldGen       total 68608K, used 33592K [0x00000000c0000000, 0x00000000c4300000, 0x00000000eab00000)
  object space 68608K, 48% used [0x00000000c0000000,0x00000000c20ce350,0x00000000c4300000)
 Metaspace       used 47143K, committed 48000K, reserved 1114112K
  class space    used 4703K, committed 5120K, reserved 1048576K

Card table byte_map: [0x000001fba1780000,0x000001fba1990000] _byte_map_base: 0x000001fba1180000

Marking Bits: (ParMarkBitMap*) 0x00007ffa976fd7d0
 Begin Bits: [0x000001fbb3a50000, 0x000001fbb4a50000)
 End Bits:   [0x000001fbb4a50000, 0x000001fbb5a50000)

Polling page: 0x000001fba1570000

Metaspace:

Usage:
  Non-class:     41.45 MB used.
      Class:      4.59 MB used.
       Both:     46.04 MB used.

Virtual space:
  Non-class space:       64.00 MB reserved,      41.88 MB ( 65%) committed,  1 nodes.
      Class space:        1.00 GB reserved,       5.00 MB ( <1%) committed,  1 nodes.
             Both:        1.06 GB reserved,      46.88 MB (  4%) committed. 

Chunk freelists:
   Non-Class:  5.83 MB
       Class:  11.03 MB
        Both:  16.86 MB

MaxMetaspaceSize: unlimited
CompressedClassSpaceSize: 1.00 GB
Initial GC threshold: 21.00 MB
Current GC threshold: 58.38 MB
CDS: off
MetaspaceReclaimPolicy: balanced
 - commit_granule_bytes: 65536.
 - commit_granule_words: 8192.
 - virtual_space_node_default_size: 8388608.
 - enlarge_chunks_in_place: 1.
 - new_chunks_are_fully_committed: 0.
 - uncommit_free_chunks: 1.
 - use_allocation_guard: 0.
 - handle_deallocations: 1.


Internal statistics:

num_allocs_failed_limit: 6.
num_arena_births: 420.
num_arena_deaths: 14.
num_vsnodes_births: 2.
num_vsnodes_deaths: 0.
num_space_committed: 750.
num_space_uncommitted: 0.
num_chunks_returned_to_freelist: 20.
num_chunks_taken_from_freelist: 1998.
num_chunk_merges: 8.
num_chunk_splits: 1290.
num_chunks_enlarged: 860.
num_inconsistent_stats: 0.

CodeHeap 'non-profiled nmethods': size=120000Kb used=2890Kb max_used=3016Kb free=117109Kb
 bounds [0x000001fbac520000, 0x000001fbac820000, 0x000001fbb3a50000]
CodeHeap 'profiled nmethods': size=120000Kb used=9209Kb max_used=10611Kb free=110790Kb
 bounds [0x000001fba4a50000, 0x000001fba54b0000, 0x000001fbabf80000]
CodeHeap 'non-nmethods': size=5760Kb used=1346Kb max_used=1397Kb free=4413Kb
 bounds [0x000001fbabf80000, 0x000001fbac1f0000, 0x000001fbac520000]
 total_blobs=5203 nmethods=4530 adapters=586
 compilation: enabled
              stopped_count=0, restarted_count=0
 full_count=0

Compilation events (20 events):
Event: 11.980 Thread 0x000001fbbad9d7a0 5340       3       org.eclipse.core.internal.jobs.InternalJob::getState (60 bytes)
Event: 11.980 Thread 0x000001fbbad9d7a0 nmethod 5340 0x000001fba5340f10 code [0x000001fba53410c0, 0x000001fba53412f8]
Event: 11.980 Thread 0x000001fbbad9d7a0 5341       3       org.eclipse.jdt.internal.compiler.util.SimpleLookupTable::get (59 bytes)
Event: 11.981 Thread 0x000001fbbad9d7a0 nmethod 5341 0x000001fba4a9a710 code [0x000001fba4a9a8e0, 0x000001fba4a9ad98]
Event: 11.981 Thread 0x000001fbbad9d7a0 5342       1       org.eclipse.jdt.internal.compiler.lookup.Scope::compilationUnitScope (5 bytes)
Event: 11.981 Thread 0x000001fbbad9d7a0 nmethod 5342 0x000001fbac60c890 code [0x000001fbac60ca20, 0x000001fbac60caf8]
Event: 11.981 Thread 0x000001fbbad9d7a0 5343       3       org.eclipse.jdt.internal.compiler.ast.FieldDeclaration::getKind (13 bytes)
Event: 11.981 Thread 0x000001fbbad9d7a0 nmethod 5343 0x000001fba505d890 code [0x000001fba505da20, 0x000001fba505dbb8]
Event: 11.981 Thread 0x000001fbbad9d7a0 5344       1       org.eclipse.jdt.internal.compiler.ast.AbstractMethodDeclaration::isClinit (2 bytes)
Event: 11.982 Thread 0x000001fbbad9d7a0 nmethod 5344 0x000001fbac587790 code [0x000001fbac587920, 0x000001fbac5879f8]
Event: 11.982 Thread 0x000001fbbad9d7a0 5345       3       org.eclipse.jdt.internal.compiler.lookup.ReferenceBinding::isInterface (15 bytes)
Event: 11.982 Thread 0x000001fbbad9d7a0 nmethod 5345 0x000001fba50c4410 code [0x000001fba50c45a0, 0x000001fba50c4718]
Event: 11.990 Thread 0x000001fbbad9d7a0 5346       3       sun.nio.cs.UTF_8$Decoder::decodeLoop (28 bytes)
Event: 11.990 Thread 0x000001fbbad9d7a0 nmethod 5346 0x000001fba4f82290 code [0x000001fba4f82460, 0x000001fba4f82878]
Event: 11.992 Thread 0x000001fbbad9d7a0 5347   !   3       org.eclipse.jdt.internal.compiler.parser.Scanner::jumpOverBody (1538 bytes)
Event: 12.001 Thread 0x000001fbbad9d7a0 nmethod 5347 0x000001fba4fa9d10 code [0x000001fba4faa380, 0x000001fba4fae8a8]
Event: 12.001 Thread 0x000001fbbad9d7a0 5348       3       java.net.URI::equal (19 bytes)
Event: 12.002 Thread 0x000001fbbad3c3d0 nmethod 5206 0x000001fbac812010 code [0x000001fbac815060, 0x000001fbac818ff8]
Event: 12.002 Thread 0x000001fbbad9d7a0 nmethod 5348 0x000001fba4a9a090 code [0x000001fba4a9a240, 0x000001fba4a9a3c8]
Event: 12.002 Thread 0x000001fbbad9d7a0 5349       3       java.net.URI::percentNormalizedComparison (221 bytes)

GC Heap History (20 events):
Event: 6.908 GC heap before
{Heap before GC invocations=16 (full 2):
 PSYoungGen      total 24064K, used 24032K [0x00000000eab00000, 0x00000000ec980000, 0x0000000100000000)
  eden space 22016K, 100% used [0x00000000eab00000,0x00000000ec080000,0x00000000ec080000)
  from space 2048K, 98% used [0x00000000ec300000,0x00000000ec4f8010,0x00000000ec500000)
  to   space 4608K, 0% used [0x00000000ec500000,0x00000000ec500000,0x00000000ec980000)
 ParOldGen       total 68608K, used 18966K [0x00000000c0000000, 0x00000000c4300000, 0x00000000eab00000)
  object space 68608K, 27% used [0x00000000c0000000,0x00000000c1285b10,0x00000000c4300000)
 Metaspace       used 37849K, committed 38656K, reserved 1114112K
  class space    used 3800K, committed 4160K, reserved 1048576K
}
Event: 6.912 GC heap after
{Heap after GC invocations=16 (full 2):
 PSYoungGen      total 24576K, used 2080K [0x00000000eab00000, 0x00000000ec780000, 0x0000000100000000)
  eden space 22016K, 0% used [0x00000000eab00000,0x00000000eab00000,0x00000000ec080000)
  from space 2560K, 81% used [0x00000000ec500000,0x00000000ec708000,0x00000000ec780000)
  to   space 3072K, 0% used [0x00000000ec180000,0x00000000ec180000,0x00000000ec480000)
 ParOldGen       total 68608K, used 20872K [0x00000000c0000000, 0x00000000c4300000, 0x00000000eab00000)
  object space 68608K, 30% used [0x00000000c0000000,0x00000000c14621d0,0x00000000c4300000)
 Metaspace       used 37849K, committed 38656K, reserved 1114112K
  class space    used 3800K, committed 4160K, reserved 1048576K
}
Event: 6.989 GC heap before
{Heap before GC invocations=17 (full 2):
 PSYoungGen      total 24576K, used 24096K [0x00000000eab00000, 0x00000000ec780000, 0x0000000100000000)
  eden space 22016K, 100% used [0x00000000eab00000,0x00000000ec080000,0x00000000ec080000)
  from space 2560K, 81% used [0x00000000ec500000,0x00000000ec708000,0x00000000ec780000)
  to   space 3072K, 0% used [0x00000000ec180000,0x00000000ec180000,0x00000000ec480000)
 ParOldGen       total 68608K, used 20872K [0x00000000c0000000, 0x00000000c4300000, 0x00000000eab00000)
  object space 68608K, 30% used [0x00000000c0000000,0x00000000c14621d0,0x00000000c4300000)
 Metaspace       used 37849K, committed 38656K, reserved 1114112K
  class space    used 3800K, committed 4160K, reserved 1048576K
}
Event: 6.995 GC heap after
{Heap after GC invocations=17 (full 2):
 PSYoungGen      total 24576K, used 2304K [0x00000000eab00000, 0x00000000ec580000, 0x0000000100000000)
  eden space 22016K, 0% used [0x00000000eab00000,0x00000000eab00000,0x00000000ec080000)
  from space 2560K, 90% used [0x00000000ec180000,0x00000000ec3c0010,0x00000000ec400000)
  to   space 1536K, 0% used [0x00000000ec400000,0x00000000ec400000,0x00000000ec580000)
 ParOldGen       total 68608K, used 22856K [0x00000000c0000000, 0x00000000c4300000, 0x00000000eab00000)
  object space 68608K, 33% used [0x00000000c0000000,0x00000000c16521d0,0x00000000c4300000)
 Metaspace       used 37849K, committed 38656K, reserved 1114112K
  class space    used 3800K, committed 4160K, reserved 1048576K
}
Event: 7.232 GC heap before
{Heap before GC invocations=18 (full 2):
 PSYoungGen      total 24576K, used 24320K [0x00000000eab00000, 0x00000000ec580000, 0x0000000100000000)
  eden space 22016K, 100% used [0x00000000eab00000,0x00000000ec080000,0x00000000ec080000)
  from space 2560K, 90% used [0x00000000ec180000,0x00000000ec3c0010,0x00000000ec400000)
  to   space 1536K, 0% used [0x00000000ec400000,0x00000000ec400000,0x00000000ec580000)
 ParOldGen       total 68608K, used 22856K [0x00000000c0000000, 0x00000000c4300000, 0x00000000eab00000)
  object space 68608K, 33% used [0x00000000c0000000,0x00000000c16521d0,0x00000000c4300000)
 Metaspace       used 37922K, committed 38720K, reserved 1114112K
  class space    used 3804K, committed 4160K, reserved 1048576K
}
Event: 7.238 GC heap after
{Heap after GC invocations=18 (full 2):
 PSYoungGen      total 19968K, used 1508K [0x00000000eab00000, 0x00000000ece80000, 0x0000000100000000)
  eden space 18432K, 0% used [0x00000000eab00000,0x00000000eab00000,0x00000000ebd00000)
  from space 1536K, 98% used [0x00000000ec400000,0x00000000ec579000,0x00000000ec580000)
  to   space 7168K, 0% used [0x00000000ebd00000,0x00000000ebd00000,0x00000000ec400000)
 ParOldGen       total 68608K, used 27525K [0x00000000c0000000, 0x00000000c4300000, 0x00000000eab00000)
  object space 68608K, 40% used [0x00000000c0000000,0x00000000c1ae1538,0x00000000c4300000)
 Metaspace       used 37922K, committed 38720K, reserved 1114112K
  class space    used 3804K, committed 4160K, reserved 1048576K
}
Event: 7.665 GC heap before
{Heap before GC invocations=19 (full 2):
 PSYoungGen      total 19968K, used 19940K [0x00000000eab00000, 0x00000000ece80000, 0x0000000100000000)
  eden space 18432K, 100% used [0x00000000eab00000,0x00000000ebd00000,0x00000000ebd00000)
  from space 1536K, 98% used [0x00000000ec400000,0x00000000ec579000,0x00000000ec580000)
  to   space 7168K, 0% used [0x00000000ebd00000,0x00000000ebd00000,0x00000000ec400000)
 ParOldGen       total 68608K, used 27525K [0x00000000c0000000, 0x00000000c4300000, 0x00000000eab00000)
  object space 68608K, 40% used [0x00000000c0000000,0x00000000c1ae1538,0x00000000c4300000)
 Metaspace       used 38959K, committed 39616K, reserved 1114112K
  class space    used 3916K, committed 4224K, reserved 1048576K
}
Event: 7.671 GC heap after
{Heap after GC invocations=19 (full 2):
 PSYoungGen      total 20480K, used 1665K [0x00000000eab00000, 0x00000000ec480000, 0x0000000100000000)
  eden space 18432K, 0% used [0x00000000eab00000,0x00000000eab00000,0x00000000ebd00000)
  from space 2048K, 81% used [0x00000000ebd00000,0x00000000ebea04a0,0x00000000ebf00000)
  to   space 3584K, 0% used [0x00000000ec100000,0x00000000ec100000,0x00000000ec480000)
 ParOldGen       total 68608K, used 29057K [0x00000000c0000000, 0x00000000c4300000, 0x00000000eab00000)
  object space 68608K, 42% used [0x00000000c0000000,0x00000000c1c60538,0x00000000c4300000)
 Metaspace       used 38959K, committed 39616K, reserved 1114112K
  class space    used 3916K, committed 4224K, reserved 1048576K
}
Event: 8.823 GC heap before
{Heap before GC invocations=20 (full 2):
 PSYoungGen      total 20480K, used 20097K [0x00000000eab00000, 0x00000000ec480000, 0x0000000100000000)
  eden space 18432K, 100% used [0x00000000eab00000,0x00000000ebd00000,0x00000000ebd00000)
  from space 2048K, 81% used [0x00000000ebd00000,0x00000000ebea04a0,0x00000000ebf00000)
  to   space 3584K, 0% used [0x00000000ec100000,0x00000000ec100000,0x00000000ec480000)
 ParOldGen       total 68608K, used 29057K [0x00000000c0000000, 0x00000000c4300000, 0x00000000eab00000)
  object space 68608K, 42% used [0x00000000c0000000,0x00000000c1c60538,0x00000000c4300000)
 Metaspace       used 40921K, committed 41664K, reserved 1114112K
  class space    used 4149K, committed 4480K, reserved 1048576K
}
Event: 8.826 GC heap after
{Heap after GC invocations=20 (full 2):
 PSYoungGen      total 19456K, used 568K [0x00000000eab00000, 0x00000000ec200000, 0x0000000100000000)
  eden space 18432K, 0% used [0x00000000eab00000,0x00000000eab00000,0x00000000ebd00000)
  from space 1024K, 55% used [0x00000000ec100000,0x00000000ec18e1e8,0x00000000ec200000)
  to   space 1536K, 0% used [0x00000000ebf00000,0x00000000ebf00000,0x00000000ec080000)
 ParOldGen       total 68608K, used 30398K [0x00000000c0000000, 0x00000000c4300000, 0x00000000eab00000)
  object space 68608K, 44% used [0x00000000c0000000,0x00000000c1dafb78,0x00000000c4300000)
 Metaspace       used 40921K, committed 41664K, reserved 1114112K
  class space    used 4149K, committed 4480K, reserved 1048576K
}
Event: 9.509 GC heap before
{Heap before GC invocations=21 (full 2):
 PSYoungGen      total 19456K, used 18937K [0x00000000eab00000, 0x00000000ec200000, 0x0000000100000000)
  eden space 18432K, 99% used [0x00000000eab00000,0x00000000ebcf04f8,0x00000000ebd00000)
  from space 1024K, 55% used [0x00000000ec100000,0x00000000ec18e1e8,0x00000000ec200000)
  to   space 1536K, 0% used [0x00000000ebf00000,0x00000000ebf00000,0x00000000ec080000)
 ParOldGen       total 68608K, used 30398K [0x00000000c0000000, 0x00000000c4300000, 0x00000000eab00000)
  object space 68608K, 44% used [0x00000000c0000000,0x00000000c1dafb78,0x00000000c4300000)
 Metaspace       used 41902K, committed 42688K, reserved 1114112K
  class space    used 4248K, committed 4608K, reserved 1048576K
}
Event: 9.510 GC heap after
{Heap after GC invocations=21 (full 2):
 PSYoungGen      total 19968K, used 544K [0x00000000eab00000, 0x00000000ec180000, 0x0000000100000000)
  eden space 18432K, 0% used [0x00000000eab00000,0x00000000eab00000,0x00000000ebd00000)
  from space 1536K, 35% used [0x00000000ebf00000,0x00000000ebf88010,0x00000000ec080000)
  to   space 1024K, 0% used [0x00000000ec080000,0x00000000ec080000,0x00000000ec180000)
 ParOldGen       total 68608K, used 30848K [0x00000000c0000000, 0x00000000c4300000, 0x00000000eab00000)
  object space 68608K, 44% used [0x00000000c0000000,0x00000000c1e20020,0x00000000c4300000)
 Metaspace       used 41902K, committed 42688K, reserved 1114112K
  class space    used 4248K, committed 4608K, reserved 1048576K
}
Event: 9.762 GC heap before
{Heap before GC invocations=22 (full 2):
 PSYoungGen      total 19968K, used 18906K [0x00000000eab00000, 0x00000000ec180000, 0x0000000100000000)
  eden space 18432K, 99% used [0x00000000eab00000,0x00000000ebceeb30,0x00000000ebd00000)
  from space 1536K, 35% used [0x00000000ebf00000,0x00000000ebf88010,0x00000000ec080000)
  to   space 1024K, 0% used [0x00000000ec080000,0x00000000ec080000,0x00000000ec180000)
 ParOldGen       total 68608K, used 30848K [0x00000000c0000000, 0x00000000c4300000, 0x00000000eab00000)
  object space 68608K, 44% used [0x00000000c0000000,0x00000000c1e20020,0x00000000c4300000)
 Metaspace       used 42589K, committed 43328K, reserved 1114112K
  class space    used 4292K, committed 4608K, reserved 1048576K
}
Event: 9.763 GC heap after
{Heap after GC invocations=22 (full 2):
 PSYoungGen      total 19456K, used 835K [0x00000000eab00000, 0x00000000ec180000, 0x0000000100000000)
  eden space 18432K, 0% used [0x00000000eab00000,0x00000000eab00000,0x00000000ebd00000)
  from space 1024K, 81% used [0x00000000ec080000,0x00000000ec150d98,0x00000000ec180000)
  to   space 1024K, 0% used [0x00000000ebf80000,0x00000000ebf80000,0x00000000ec080000)
 ParOldGen       total 68608K, used 31136K [0x00000000c0000000, 0x00000000c4300000, 0x00000000eab00000)
  object space 68608K, 45% used [0x00000000c0000000,0x00000000c1e68020,0x00000000c4300000)
 Metaspace       used 42589K, committed 43328K, reserved 1114112K
  class space    used 4292K, committed 4608K, reserved 1048576K
}
Event: 10.016 GC heap before
{Heap before GC invocations=23 (full 2):
 PSYoungGen      total 19456K, used 19267K [0x00000000eab00000, 0x00000000ec180000, 0x0000000100000000)
  eden space 18432K, 100% used [0x00000000eab00000,0x00000000ebd00000,0x00000000ebd00000)
  from space 1024K, 81% used [0x00000000ec080000,0x00000000ec150d98,0x00000000ec180000)
  to   space 1024K, 0% used [0x00000000ebf80000,0x00000000ebf80000,0x00000000ec080000)
 ParOldGen       total 68608K, used 31136K [0x00000000c0000000, 0x00000000c4300000, 0x00000000eab00000)
  object space 68608K, 45% used [0x00000000c0000000,0x00000000c1e68020,0x00000000c4300000)
 Metaspace       used 42602K, committed 43328K, reserved 1114112K
  class space    used 4292K, committed 4608K, reserved 1048576K
}
Event: 10.017 GC heap after
{Heap after GC invocations=23 (full 2):
 PSYoungGen      total 19456K, used 521K [0x00000000eab00000, 0x00000000ec100000, 0x0000000100000000)
  eden space 18432K, 0% used [0x00000000eab00000,0x00000000eab00000,0x00000000ebd00000)
  from space 1024K, 50% used [0x00000000ebf80000,0x00000000ec002770,0x00000000ec080000)
  to   space 512K, 0% used [0x00000000ec080000,0x00000000ec080000,0x00000000ec100000)
 ParOldGen       total 68608K, used 31639K [0x00000000c0000000, 0x00000000c4300000, 0x00000000eab00000)
  object space 68608K, 46% used [0x00000000c0000000,0x00000000c1ee5c70,0x00000000c4300000)
 Metaspace       used 42602K, committed 43328K, reserved 1114112K
  class space    used 4292K, committed 4608K, reserved 1048576K
}
Event: 10.596 GC heap before
{Heap before GC invocations=24 (full 2):
 PSYoungGen      total 19456K, used 18953K [0x00000000eab00000, 0x00000000ec100000, 0x0000000100000000)
  eden space 18432K, 100% used [0x00000000eab00000,0x00000000ebd00000,0x00000000ebd00000)
  from space 1024K, 50% used [0x00000000ebf80000,0x00000000ec002770,0x00000000ec080000)
  to   space 512K, 0% used [0x00000000ec080000,0x00000000ec080000,0x00000000ec100000)
 ParOldGen       total 68608K, used 31639K [0x00000000c0000000, 0x00000000c4300000, 0x00000000eab00000)
  object space 68608K, 46% used [0x00000000c0000000,0x00000000c1ee5c70,0x00000000c4300000)
 Metaspace       used 44769K, committed 45568K, reserved 1114112K
  class space    used 4496K, committed 4864K, reserved 1048576K
}
Event: 10.599 GC heap after
{Heap after GC invocations=24 (full 2):
 PSYoungGen      total 18944K, used 512K [0x00000000eab00000, 0x00000000ec100000, 0x0000000100000000)
  eden space 18432K, 0% used [0x00000000eab00000,0x00000000eab00000,0x00000000ebd00000)
  from space 512K, 100% used [0x00000000ec080000,0x00000000ec100000,0x00000000ec100000)
  to   space 1024K, 0% used [0x00000000ebf00000,0x00000000ebf00000,0x00000000ec000000)
 ParOldGen       total 68608K, used 31719K [0x00000000c0000000, 0x00000000c4300000, 0x00000000eab00000)
  object space 68608K, 46% used [0x00000000c0000000,0x00000000c1ef9c70,0x00000000c4300000)
 Metaspace       used 44769K, committed 45568K, reserved 1114112K
  class space    used 4496K, committed 4864K, reserved 1048576K
}
Event: 11.745 GC heap before
{Heap before GC invocations=25 (full 2):
 PSYoungGen      total 18944K, used 18944K [0x00000000eab00000, 0x00000000ec100000, 0x0000000100000000)
  eden space 18432K, 100% used [0x00000000eab00000,0x00000000ebd00000,0x00000000ebd00000)
  from space 512K, 100% used [0x00000000ec080000,0x00000000ec100000,0x00000000ec100000)
  to   space 1024K, 0% used [0x00000000ebf00000,0x00000000ebf00000,0x00000000ec000000)
 ParOldGen       total 68608K, used 31719K [0x00000000c0000000, 0x00000000c4300000, 0x00000000eab00000)
  object space 68608K, 46% used [0x00000000c0000000,0x00000000c1ef9c70,0x00000000c4300000)
 Metaspace       used 46823K, committed 47552K, reserved 1114112K
  class space    used 4673K, committed 4992K, reserved 1048576K
}
Event: 11.749 GC heap after
{Heap after GC invocations=25 (full 2):
 PSYoungGen      total 19456K, used 998K [0x00000000eab00000, 0x00000000ec400000, 0x0000000100000000)
  eden space 18432K, 0% used [0x00000000eab00000,0x00000000eab00000,0x00000000ebd00000)
  from space 1024K, 97% used [0x00000000ebf00000,0x00000000ebff9aa8,0x00000000ec000000)
  to   space 3584K, 0% used [0x00000000ec080000,0x00000000ec080000,0x00000000ec400000)
 ParOldGen       total 68608K, used 33592K [0x00000000c0000000, 0x00000000c4300000, 0x00000000eab00000)
  object space 68608K, 48% used [0x00000000c0000000,0x00000000c20ce350,0x00000000c4300000)
 Metaspace       used 46823K, committed 47552K, reserved 1114112K
  class space    used 4673K, committed 4992K, reserved 1048576K
}

Dll operation events (10 events):
Event: 0.011 Loaded shared library c:\Users\Kiet\.vscode\extensions\redhat.java-1.30.0-win32-x64\jre\17.0.10-win32-x86_64\bin\java.dll
Event: 0.286 Loaded shared library c:\Users\Kiet\.vscode\extensions\redhat.java-1.30.0-win32-x64\jre\17.0.10-win32-x86_64\bin\zip.dll
Event: 0.290 Loaded shared library C:\Users\Kiet\.vscode\extensions\redhat.java-1.30.0-win32-x64\jre\17.0.10-win32-x86_64\bin\instrument.dll
Event: 0.321 Loaded shared library C:\Users\Kiet\.vscode\extensions\redhat.java-1.30.0-win32-x64\jre\17.0.10-win32-x86_64\bin\net.dll
Event: 0.324 Loaded shared library C:\Users\Kiet\.vscode\extensions\redhat.java-1.30.0-win32-x64\jre\17.0.10-win32-x86_64\bin\nio.dll
Event: 0.338 Loaded shared library C:\Users\Kiet\.vscode\extensions\redhat.java-1.30.0-win32-x64\jre\17.0.10-win32-x86_64\bin\zip.dll
Event: 0.384 Loaded shared library C:\Users\Kiet\.vscode\extensions\redhat.java-1.30.0-win32-x64\jre\17.0.10-win32-x86_64\bin\jimage.dll
Event: 0.499 Loaded shared library c:\Users\Kiet\.vscode\extensions\redhat.java-1.30.0-win32-x64\jre\17.0.10-win32-x86_64\bin\verify.dll
Event: 2.753 Loaded shared library C:\Users\Kiet\AppData\Roaming\Code\User\globalStorage\redhat.java\1.30.0\config_ss_win\org.eclipse.equinox.launcher\org.eclipse.equinox.launcher.win32.win32.x86_64_1.2.900.v20240213-1244\eclipse_11900.dll
Event: 5.628 Loaded shared library C:\Users\Kiet\AppData\Local\Temp\jna-2338477\jna7728026022814035065.dll

Deoptimization events (20 events):
Event: 11.958 Thread 0x000001fbbc46b6b0 DEOPT PACKING pc=0x000001fbac7fd668 sp=0x0000008dc55fbef0
Event: 11.958 Thread 0x000001fbbc46b6b0 DEOPT UNPACKING pc=0x000001fbabfd9ea3 sp=0x0000008dc55fbea8 mode 2
Event: 11.959 Thread 0x000001fbbc46b6b0 Uncommon trap: trap_request=0xffffffde fr.pc=0x000001fbac7fd668 relative=0x0000000000000bc8
Event: 11.959 Thread 0x000001fbbc46b6b0 Uncommon trap: reason=class_check action=maybe_recompile pc=0x000001fbac7fd668 method=lombok.eclipse.EclipseNode.traverse(Llombok/eclipse/EclipseASTVisitor;)V @ 305 c2
Event: 11.959 Thread 0x000001fbbc46b6b0 DEOPT PACKING pc=0x000001fbac7fd668 sp=0x0000008dc55fbef0
Event: 11.959 Thread 0x000001fbbc46b6b0 DEOPT UNPACKING pc=0x000001fbabfd9ea3 sp=0x0000008dc55fbea8 mode 2
Event: 11.959 Thread 0x000001fbbc46b6b0 Uncommon trap: trap_request=0xffffffde fr.pc=0x000001fbac7fd668 relative=0x0000000000000bc8
Event: 11.959 Thread 0x000001fbbc46b6b0 Uncommon trap: reason=class_check action=maybe_recompile pc=0x000001fbac7fd668 method=lombok.eclipse.EclipseNode.traverse(Llombok/eclipse/EclipseASTVisitor;)V @ 305 c2
Event: 11.959 Thread 0x000001fbbc46b6b0 DEOPT PACKING pc=0x000001fbac7fd668 sp=0x0000008dc55fbef0
Event: 11.959 Thread 0x000001fbbc46b6b0 DEOPT UNPACKING pc=0x000001fbabfd9ea3 sp=0x0000008dc55fbea8 mode 2
Event: 11.959 Thread 0x000001fbbc46b6b0 Uncommon trap: trap_request=0xffffffde fr.pc=0x000001fbac7fd668 relative=0x0000000000000bc8
Event: 11.959 Thread 0x000001fbbc46b6b0 Uncommon trap: reason=class_check action=maybe_recompile pc=0x000001fbac7fd668 method=lombok.eclipse.EclipseNode.traverse(Llombok/eclipse/EclipseASTVisitor;)V @ 305 c2
Event: 11.959 Thread 0x000001fbbc46b6b0 DEOPT PACKING pc=0x000001fbac7fd668 sp=0x0000008dc55fbef0
Event: 11.959 Thread 0x000001fbbc46b6b0 DEOPT UNPACKING pc=0x000001fbabfd9ea3 sp=0x0000008dc55fbea8 mode 2
Event: 11.980 Thread 0x000001fbbc46b6b0 Uncommon trap: trap_request=0xffffff6e fr.pc=0x000001fbac739f20 relative=0x00000000000007a0
Event: 11.980 Thread 0x000001fbbc46b6b0 Uncommon trap: reason=loop_limit_check action=maybe_recompile pc=0x000001fbac739f20 method=java.lang.StringLatin1.lastIndexOf([BII)I @ 19 c2
Event: 11.980 Thread 0x000001fbbc46b6b0 DEOPT PACKING pc=0x000001fbac739f20 sp=0x0000008dc55fc7c0
Event: 11.980 Thread 0x000001fbbc46b6b0 DEOPT UNPACKING pc=0x000001fbabfd9ea3 sp=0x0000008dc55fc648 mode 2
Event: 12.002 Thread 0x000001fbbc46b6b0 Uncommon trap: trap_request=0xffffff45 fr.pc=0x000001fbac81731c relative=0x00000000000022bc
Event: 12.003 Thread 0x000001fbbc46b6b0 Uncommon trap: reason=unstable_if action=reinterpret pc=0x000001fbac81731c method=org.eclipse.jdt.internal.compiler.parser.Parser.consumeRule(I)V @ 1 c2

Classes unloaded (7 events):
Event: 3.835 Thread 0x000001fba1e67790 Unloading class 0x000000010021a400 'java/lang/invoke/LambdaForm$MH+0x000000010021a400'
Event: 3.835 Thread 0x000001fba1e67790 Unloading class 0x000000010021a000 'java/lang/invoke/LambdaForm$MH+0x000000010021a000'
Event: 3.835 Thread 0x000001fba1e67790 Unloading class 0x0000000100219c00 'java/lang/invoke/LambdaForm$MH+0x0000000100219c00'
Event: 3.835 Thread 0x000001fba1e67790 Unloading class 0x0000000100219800 'java/lang/invoke/LambdaForm$MH+0x0000000100219800'
Event: 3.835 Thread 0x000001fba1e67790 Unloading class 0x0000000100219400 'java/lang/invoke/LambdaForm$BMH+0x0000000100219400'
Event: 3.835 Thread 0x000001fba1e67790 Unloading class 0x0000000100219000 'java/lang/invoke/LambdaForm$DMH+0x0000000100219000'
Event: 3.835 Thread 0x000001fba1e67790 Unloading class 0x0000000100214400 'java/lang/invoke/LambdaForm$DMH+0x0000000100214400'

Classes redefined (0 events):
No events

Internal exceptions (20 events):
Event: 6.521 Thread 0x000001fbbc52de30 Exception <a 'java/io/FileNotFoundException'{0x00000000ebc220e0}> (0x00000000ebc220e0) 
thrown [s\src\hotspot\share\prims\jni.cpp, line 516]
Event: 6.521 Thread 0x000001fbbc52de30 Exception <a 'java/io/FileNotFoundException'{0x00000000ebc235f0}> (0x00000000ebc235f0) 
thrown [s\src\hotspot\share\prims\jni.cpp, line 516]
Event: 6.524 Thread 0x000001fbbc52de30 Exception <a 'java/lang/NoSuchMethodError'{0x00000000ebc355b0}: 'void java.lang.invoke.DirectMethodHandle$Holder.invokeStaticInit(java.lang.Object, java.lang.Object, java.lang.Object)'> (0x00000000ebc355b0) 
thrown [s\src\hotspot\share\interpreter\linkResolver.cpp, line 759]
Event: 7.389 Thread 0x000001fbbc46b1a0 Exception <a 'java/lang/NoSuchMethodError'{0x00000000eb365f68}: 'java.lang.Object java.lang.invoke.DirectMethodHandle$Holder.invokeInterface(java.lang.Object, java.lang.Object, java.lang.Object)'> (0x00000000eb365f68) 
thrown [s\src\hotspot\share\interpreter\linkResolver.cpp, line 759]
Event: 7.389 Thread 0x000001fbbc46b6b0 Exception <a 'java/lang/NoSuchMethodError'{0x00000000eb2a2740}: 'java.lang.Object java.lang.invoke.DirectMethodHandle$Holder.invokeInterface(java.lang.Object, java.lang.Object, java.lang.Object)'> (0x00000000eb2a2740) 
thrown [s\src\hotspot\share\interpreter\linkResolver.cpp, line 759]
Event: 7.389 Thread 0x000001fbbc469340 Exception <a 'java/lang/NoSuchMethodError'{0x00000000eb341f00}: 'java.lang.Object java.lang.invoke.DirectMethodHandle$Holder.invokeInterface(java.lang.Object, java.lang.Object, java.lang.Object)'> (0x00000000eb341f00) 
thrown [s\src\hotspot\share\interpreter\linkResolver.cpp, line 759]
Event: 8.174 Thread 0x000001fbbc46b6b0 Exception <a 'java/lang/LinkageError'{0x00000000eb381308}: loader lombok.launch.ShadowClassLoader @55be0d95 attempted duplicate class definition for lombok.launch.PatchFixesHider$Transform. (lombok.launch.PatchFixesHider$Transform is in unnamed module of loader lombok.launch.ShadowClassLoader @55be0d95, parent loader org.eclipse.osgi.internal.loader.EquinoxClassLoader @8623e90)> (0x00000000eb381308) 
thrown [s\src\hotspot\share\classfile\systemDictionary.cpp, line 1724]
Event: 9.393 Thread 0x000001fbbc469340 Implicit null exception at 0x000001fbac6aa9cf to 0x000001fbac6ab650
Event: 9.597 Thread 0x000001fbbc469340 Exception <a 'java/lang/LinkageError'{0x00000000eacbfd10}: loader lombok.launch.ShadowClassLoader @55be0d95 attempted duplicate class definition for lombok.launch.PatchFixesHider$ValPortal. (lombok.launch.PatchFixesHider$ValPortal is in unnamed module of loader lombok.launch.ShadowClassLoader @55be0d95, parent loader org.eclipse.osgi.internal.loader.EquinoxClassLoader @8623e90)> (0x00000000eacbfd10) 
thrown [s\src\hotspot\share\classfile\systemDictionary.cpp, line 1724]
Event: 9.599 Thread 0x000001fbbc46b1a0 Exception <a 'java/lang/LinkageError'{0x00000000eacda808}: loader lombok.launch.ShadowClassLoader @55be0d95 attempted duplicate class definition for lombok.launch.PatchFixesHider$ValPortal. (lombok.launch.PatchFixesHider$ValPortal is in unnamed module of loader lombok.launch.ShadowClassLoader @55be0d95, parent loader org.eclipse.osgi.internal.loader.EquinoxClassLoader @8623e90)> (0x00000000eacda808) 
thrown [s\src\hotspot\share\classfile\systemDictionary.cpp, line 1724]
Event: 10.199 Thread 0x000001fbbc46b1a0 Exception <a 'java/lang/LinkageError'{0x00000000eb2f0360}: loader lombok.launch.ShadowClassLoader @10abd5ed attempted duplicate class definition for lombok.launch.PatchFixesHider$FieldInitializer. (lombok.launch.PatchFixesHider$FieldInitializer is in unnamed module of loader lombok.launch.ShadowClassLoader @10abd5ed, parent loader org.eclipse.osgi.internal.loader.EquinoxClassLoader @4ec44b8e)> (0x00000000eb2f0360) 
thrown [s\src\hotspot\share\classfile\systemDictionary.cpp, line 1724]
Event: 10.199 Thread 0x000001fbbc469340 Exception <a 'java/lang/LinkageError'{0x00000000eb343dd0}: loader lombok.launch.ShadowClassLoader @10abd5ed attempted duplicate class definition for lombok.launch.PatchFixesHider$FieldInitializer. (lombok.launch.PatchFixesHider$FieldInitializer is in unnamed module of loader lombok.launch.ShadowClassLoader @10abd5ed, parent loader org.eclipse.osgi.internal.loader.EquinoxClassLoader @4ec44b8e)> (0x00000000eb343dd0) 
thrown [s\src\hotspot\share\classfile\systemDictionary.cpp, line 1724]
Event: 11.134 Thread 0x000001fbbc469340 Exception <a 'java/lang/ArrayIndexOutOfBoundsException'{0x00000000eb16d160}> (0x00000000eb16d160) 
thrown [s\src\hotspot\share\runtime\sharedRuntime.cpp, line 631]
Event: 11.202 Thread 0x000001fbbc46b6b0 Exception <a 'java/lang/NoSuchMethodError'{0x00000000eb382ba8}: 'int java.lang.invoke.DirectMethodHandle$Holder.invokeInterface(java.lang.Object, java.lang.Object)'> (0x00000000eb382ba8) 
thrown [s\src\hotspot\share\interpreter\linkResolver.cpp, line 759]
Event: 11.202 Thread 0x000001fbbc46b6b0 Exception <a 'java/lang/IncompatibleClassChangeError'{0x00000000eb386138}: Found class java.lang.Object, but interface was expected> (0x00000000eb386138) 
thrown [s\src\hotspot\share\interpreter\linkResolver.cpp, line 826]
Event: 11.349 Thread 0x000001fbbc46b6b0 Exception <a 'java/lang/NoSuchMethodError'{0x00000000eb5e2510}: 'int java.lang.invoke.DirectMethodHandle$Holder.invokeStatic(java.lang.Object, java.lang.Object, java.lang.Object, int)'> (0x00000000eb5e2510) 
thrown [s\src\hotspot\share\interpreter\linkResolver.cpp, line 759]
Event: 11.376 Thread 0x000001fbbc46b6b0 Exception <a 'java/lang/NoSuchMethodError'{0x00000000eb694f30}: 'int java.lang.invoke.DirectMethodHandle$Holder.invokeVirtual(java.lang.Object, java.lang.Object, java.lang.Object)'> (0x00000000eb694f30) 
thrown [s\src\hotspot\share\interpreter\linkResolver.cpp, line 759]
Event: 11.383 Thread 0x000001fbbc46b6b0 Exception <a 'java/lang/NoSuchMethodError'{0x00000000eb6b6430}: 'int java.lang.invoke.DirectMethodHandle$Holder.invokeSpecialIFC(java.lang.Object, java.lang.Object, java.lang.Object)'> (0x00000000eb6b6430) 
thrown [s\src\hotspot\share\interpreter\linkResolver.cpp, line 759]
Event: 11.549 Thread 0x000001fbbc46b6b0 Exception <a 'java/io/FileNotFoundException'{0x00000000eb9a1010}> (0x00000000eb9a1010) 
thrown [s\src\hotspot\share\prims\jni.cpp, line 516]
Event: 11.550 Thread 0x000001fbbc46b6b0 Exception <a 'java/io/FileNotFoundException'{0x00000000eb9a22a0}> (0x00000000eb9a22a0) 
thrown [s\src\hotspot\share\prims\jni.cpp, line 516]

VM Operations (20 events):
Event: 10.224 Executing VM operation: HandshakeAllThreads
Event: 10.224 Executing VM operation: HandshakeAllThreads done
Event: 10.596 Executing VM operation: ParallelGCFailedAllocation
Event: 10.618 Executing VM operation: ParallelGCFailedAllocation done
Event: 10.770 Executing VM operation: HandshakeAllThreads
Event: 10.770 Executing VM operation: HandshakeAllThreads done
Event: 11.098 Executing VM operation: HandshakeAllThreads
Event: 11.098 Executing VM operation: HandshakeAllThreads done
Event: 11.119 Executing VM operation: HandshakeAllThreads
Event: 11.125 Executing VM operation: HandshakeAllThreads done
Event: 11.141 Executing VM operation: HandshakeAllThreads
Event: 11.141 Executing VM operation: HandshakeAllThreads done
Event: 11.400 Executing VM operation: HandshakeAllThreads
Event: 11.401 Executing VM operation: HandshakeAllThreads done
Event: 11.575 Executing VM operation: ICBufferFull
Event: 11.575 Executing VM operation: ICBufferFull done
Event: 11.733 Executing VM operation: ParallelGCFailedAllocation
Event: 11.750 Executing VM operation: ParallelGCFailedAllocation done
Event: 11.931 Executing VM operation: HandshakeAllThreads
Event: 11.932 Executing VM operation: HandshakeAllThreads done

Events (20 events):
Event: 11.208 loading class java/util/stream/MatchOps$1MatchSink done
Event: 11.378 loading class java/util/stream/ReduceOps$4
Event: 11.378 loading class java/util/stream/ReduceOps$4 done
Event: 11.378 loading class java/util/stream/ReduceOps$4ReducingSink
Event: 11.378 loading class java/util/stream/ReduceOps$4ReducingSink done
Event: 11.698 Thread 0x000001fbbc5aaae0 Thread exited: 0x000001fbbc5aaae0
Event: 11.818 Thread 0x000001fbbc5aaae0 Thread added: 0x000001fbbc5aaae0
Event: 11.855 loading class java/util/function/ToIntFunction
Event: 11.856 loading class java/util/function/ToIntFunction done
Event: 11.857 loading class java/util/stream/ReferencePipeline$4
Event: 11.857 loading class java/util/stream/ReferencePipeline$4 done
Event: 11.859 loading class java/util/stream/Nodes$IntFixedNodeBuilder
Event: 11.860 loading class java/util/stream/Node$Builder$OfInt
Event: 11.860 loading class java/util/stream/Node$Builder$OfInt done
Event: 11.860 loading class java/util/stream/Nodes$IntArrayNode
Event: 11.860 loading class java/util/stream/Nodes$IntArrayNode done
Event: 11.861 loading class java/util/stream/Nodes$IntFixedNodeBuilder done
Event: 11.861 loading class java/util/stream/ReferencePipeline$4$1
Event: 11.861 loading class java/util/stream/ReferencePipeline$4$1 done
Event: 11.989 Thread 0x000001fbbc468410 Thread added: 0x000001fbbc468410


Dynamic libraries:
0x00007ff74be60000 - 0x00007ff74be6e000 	c:\Users\Kiet\.vscode\extensions\redhat.java-1.30.0-win32-x64\jre\17.0.10-win32-x86_64\bin\java.exe
0x00007ffae6170000 - 0x00007ffae6386000 	C:\WINDOWS\SYSTEM32\ntdll.dll
0x00007ffae4270000 - 0x00007ffae4334000 	C:\WINDOWS\System32\KERNEL32.DLL
0x00007ffae3490000 - 0x00007ffae3837000 	C:\WINDOWS\System32\KERNELBASE.dll
0x00007ffae3a90000 - 0x00007ffae3ba1000 	C:\WINDOWS\System32\ucrtbase.dll
0x00007ffad7f20000 - 0x00007ffad7f3b000 	c:\Users\Kiet\.vscode\extensions\redhat.java-1.30.0-win32-x64\jre\17.0.10-win32-x86_64\bin\VCRUNTIME140.dll
0x00007ffad3510000 - 0x00007ffad3527000 	c:\Users\Kiet\.vscode\extensions\redhat.java-1.30.0-win32-x64\jre\17.0.10-win32-x86_64\bin\jli.dll
0x00007ffae4c80000 - 0x00007ffae4e2e000 	C:\WINDOWS\System32\USER32.dll
0x00007ffac9b90000 - 0x00007ffac9e23000 	C:\WINDOWS\WinSxS\amd64_microsoft.windows.common-controls_6595b64144ccf1df_6.0.22621.3235_none_270f74e173860f98\COMCTL32.dll
0x00007ffae3be0000 - 0x00007ffae3c06000 	C:\WINDOWS\System32\win32u.dll
0x00007ffae5a10000 - 0x00007ffae5ab7000 	C:\WINDOWS\System32\msvcrt.dll
0x00007ffae4050000 - 0x00007ffae4079000 	C:\WINDOWS\System32\GDI32.dll
0x00007ffae3970000 - 0x00007ffae3a89000 	C:\WINDOWS\System32\gdi32full.dll
0x00007ffae3c10000 - 0x00007ffae3caa000 	C:\WINDOWS\System32\msvcp_win.dll
0x00007ffae5e60000 - 0x00007ffae5e91000 	C:\WINDOWS\System32\IMM32.DLL
0x00007ffadc740000 - 0x00007ffadc74c000 	c:\Users\Kiet\.vscode\extensions\redhat.java-1.30.0-win32-x64\jre\17.0.10-win32-x86_64\bin\vcruntime140_1.dll
0x00007ffaae670000 - 0x00007ffaae6fd000 	c:\Users\Kiet\.vscode\extensions\redhat.java-1.30.0-win32-x64\jre\17.0.10-win32-x86_64\bin\msvcp140.dll
0x00007ffa96b60000 - 0x00007ffa977c2000 	c:\Users\Kiet\.vscode\extensions\redhat.java-1.30.0-win32-x64\jre\17.0.10-win32-x86_64\bin\server\jvm.dll
0x00007ffae5ea0000 - 0x00007ffae5f52000 	C:\WINDOWS\System32\ADVAPI32.dll
0x00007ffae6080000 - 0x00007ffae6128000 	C:\WINDOWS\System32\sechost.dll
0x00007ffae3bb0000 - 0x00007ffae3bd8000 	C:\WINDOWS\System32\bcrypt.dll
0x00007ffae5810000 - 0x00007ffae5925000 	C:\WINDOWS\System32\RPCRT4.dll
0x00007ffae3360000 - 0x00007ffae33ad000 	C:\WINDOWS\SYSTEM32\POWRPROF.dll
0x00007ffad8050000 - 0x00007ffad8059000 	C:\WINDOWS\SYSTEM32\WSOCK32.dll
0x00007ffae4090000 - 0x00007ffae4101000 	C:\WINDOWS\System32\WS2_32.dll
0x00007ffadb4f0000 - 0x00007ffadb524000 	C:\WINDOWS\SYSTEM32\WINMM.dll
0x00007ffada2a0000 - 0x00007ffada2aa000 	C:\WINDOWS\SYSTEM32\VERSION.dll
0x00007ffae3340000 - 0x00007ffae3353000 	C:\WINDOWS\SYSTEM32\UMPDC.dll
0x00007ffae24d0000 - 0x00007ffae24e8000 	C:\WINDOWS\SYSTEM32\kernel.appcore.dll
0x00007ffad7c10000 - 0x00007ffad7c1a000 	c:\Users\Kiet\.vscode\extensions\redhat.java-1.30.0-win32-x64\jre\17.0.10-win32-x86_64\bin\jimage.dll
0x00007ffae0ed0000 - 0x00007ffae1103000 	C:\WINDOWS\SYSTEM32\DBGHELP.DLL
0x00007ffae5ac0000 - 0x00007ffae5e48000 	C:\WINDOWS\System32\combase.dll
0x00007ffae4ba0000 - 0x00007ffae4c77000 	C:\WINDOWS\System32\OLEAUT32.dll
0x00007ffacf6f0000 - 0x00007ffacf722000 	C:\WINDOWS\SYSTEM32\dbgcore.DLL
0x00007ffae3e20000 - 0x00007ffae3e99000 	C:\WINDOWS\System32\bcryptPrimitives.dll
0x00007ffacb1a0000 - 0x00007ffacb1ae000 	c:\Users\Kiet\.vscode\extensions\redhat.java-1.30.0-win32-x64\jre\17.0.10-win32-x86_64\bin\instrument.dll
0x00007ffab9f90000 - 0x00007ffab9fb5000 	c:\Users\Kiet\.vscode\extensions\redhat.java-1.30.0-win32-x64\jre\17.0.10-win32-x86_64\bin\java.dll
0x00007ffac2790000 - 0x00007ffac27a8000 	c:\Users\Kiet\.vscode\extensions\redhat.java-1.30.0-win32-x64\jre\17.0.10-win32-x86_64\bin\zip.dll
0x00007ffae4340000 - 0x00007ffae4b9c000 	C:\WINDOWS\System32\SHELL32.dll
0x00007ffae13f0000 - 0x00007ffae1ce9000 	C:\WINDOWS\SYSTEM32\windows.storage.dll
0x00007ffae12b0000 - 0x00007ffae13ee000 	C:\WINDOWS\SYSTEM32\wintypes.dll
0x00007ffae4fe0000 - 0x00007ffae50d3000 	C:\WINDOWS\System32\SHCORE.dll
0x00007ffae57b0000 - 0x00007ffae580e000 	C:\WINDOWS\System32\shlwapi.dll
0x00007ffae33c0000 - 0x00007ffae33e1000 	C:\WINDOWS\SYSTEM32\profapi.dll
0x00007ffad7c20000 - 0x00007ffad7c39000 	C:\Users\Kiet\.vscode\extensions\redhat.java-1.30.0-win32-x64\jre\17.0.10-win32-x86_64\bin\net.dll
0x00007ffadc980000 - 0x00007ffadcab6000 	C:\WINDOWS\SYSTEM32\WINHTTP.dll
0x00007ffae2940000 - 0x00007ffae29a9000 	C:\WINDOWS\system32\mswsock.dll
0x00007ffad3530000 - 0x00007ffad3546000 	C:\Users\Kiet\.vscode\extensions\redhat.java-1.30.0-win32-x64\jre\17.0.10-win32-x86_64\bin\nio.dll
0x00007ffadc200000 - 0x00007ffadc210000 	c:\Users\Kiet\.vscode\extensions\redhat.java-1.30.0-win32-x64\jre\17.0.10-win32-x86_64\bin\verify.dll
0x00007ffab8540000 - 0x00007ffab857e000 	C:\Users\Kiet\AppData\Roaming\Code\User\globalStorage\redhat.java\1.30.0\config_ss_win\org.eclipse.equinox.launcher\org.eclipse.equinox.launcher.win32.win32.x86_64_1.2.900.v20240213-1244\eclipse_11900.dll
0x00007ffae4e30000 - 0x00007ffae4fd5000 	C:\WINDOWS\System32\ole32.dll
0x00007ffae2ba0000 - 0x00007ffae2bbb000 	C:\WINDOWS\SYSTEM32\CRYPTSP.dll
0x00007ffae2430000 - 0x00007ffae2465000 	C:\WINDOWS\system32\rsaenh.dll
0x00007ffae2a40000 - 0x00007ffae2a68000 	C:\WINDOWS\SYSTEM32\USERENV.dll
0x00007ffae2bc0000 - 0x00007ffae2bcc000 	C:\WINDOWS\SYSTEM32\CRYPTBASE.dll
0x00007ffae1f50000 - 0x00007ffae1f7d000 	C:\WINDOWS\SYSTEM32\IPHLPAPI.DLL
0x00007ffae5150000 - 0x00007ffae5159000 	C:\WINDOWS\System32\NSI.dll
0x00007ffadc790000 - 0x00007ffadc7a9000 	C:\WINDOWS\SYSTEM32\dhcpcsvc6.DLL
0x00007ffadc3d0000 - 0x00007ffadc3ef000 	C:\WINDOWS\SYSTEM32\dhcpcsvc.DLL
0x00007ffae1fc0000 - 0x00007ffae20b9000 	C:\WINDOWS\SYSTEM32\DNSAPI.dll
0x00007ffaace80000 - 0x00007ffaacec5000 	C:\Users\Kiet\AppData\Local\Temp\jna-2338477\jna7728026022814035065.dll
0x00007ffae5e50000 - 0x00007ffae5e58000 	C:\WINDOWS\System32\PSAPI.DLL

dbghelp: loaded successfully - version: 4.0.5 - missing functions: none
symbol engine: initialized successfully - sym options: 0x614 - pdb path: .;c:\Users\Kiet\.vscode\extensions\redhat.java-1.30.0-win32-x64\jre\17.0.10-win32-x86_64\bin;C:\WINDOWS\SYSTEM32;C:\WINDOWS\WinSxS\amd64_microsoft.windows.common-controls_6595b64144ccf1df_6.0.22621.3235_none_270f74e173860f98;c:\Users\Kiet\.vscode\extensions\redhat.java-1.30.0-win32-x64\jre\17.0.10-win32-x86_64\bin\server;C:\Users\Kiet\AppData\Roaming\Code\User\globalStorage\redhat.java\1.30.0\config_ss_win\org.eclipse.equinox.launcher\org.eclipse.equinox.launcher.win32.win32.x86_64_1.2.900.v20240213-1244;C:\Users\Kiet\AppData\Local\Temp\jna-2338477

VM Arguments:
jvm_args: --add-modules=ALL-SYSTEM --add-opens=java.base/java.util=ALL-UNNAMED --add-opens=java.base/java.lang=ALL-UNNAMED --add-opens=java.base/sun.nio.fs=ALL-UNNAMED -Declipse.application=org.eclipse.jdt.ls.core.id1 -Dosgi.bundles.defaultStartLevel=4 -Declipse.product=org.eclipse.jdt.ls.core.product -Djava.import.generatesMetadataFilesAtProjectRoot=false -DDetectVMInstallationsJob.disabled=true -Dfile.encoding=utf8 -XX:+UseParallelGC -XX:GCTimeRatio=4 -XX:AdaptiveSizePolicyWeight=90 -Dsun.zip.disableMemoryMapping=true -Xmx1G -Xms100m -Xlog:disable -javaagent:c:\Users\Kiet\.vscode\extensions\redhat.java-1.30.0-win32-x64\lombok\lombok-1.18.32.jar 
java_command: c:\Users\Kiet\.vscode\extensions\redhat.java-1.30.0-win32-x64\server\plugins\org.eclipse.equinox.launcher_1.6.800.v20240330-1250.jar -configuration c:\Users\Kiet\AppData\Roaming\Code\User\globalStorage\redhat.java\1.30.0\config_ss_win -data c:\Users\Kiet\AppData\Roaming\Code\User\workspaceStorage\b3b38d78d4b70df6aa0616a4b888d3ad\redhat.java\ss_ws --pipe=\\.\pipe\lsp-18122e93224c23fece98d79c0d49d3b9-sock
java_class_path (initial): c:\Users\Kiet\.vscode\extensions\redhat.java-1.30.0-win32-x64\server\plugins\org.eclipse.equinox.launcher_1.6.800.v20240330-1250.jar
Launcher Type: SUN_STANDARD

[Global flags]
    uintx AdaptiveSizePolicyWeight                 = 90                                        {product} {command line}
     intx CICompilerCount                          = 4                                         {product} {ergonomic}
    uintx GCTimeRatio                              = 4                                         {product} {command line}
   size_t InitialHeapSize                          = 104857600                                 {product} {command line}
   size_t MaxHeapSize                              = 1073741824                                {product} {command line}
   size_t MaxNewSize                               = 357564416                                 {product} {ergonomic}
   size_t MinHeapDeltaBytes                        = 524288                                    {product} {ergonomic}
   size_t MinHeapSize                              = 104857600                                 {product} {command line}
   size_t NewSize                                  = 34603008                                  {product} {ergonomic}
    uintx NonNMethodCodeHeapSize                   = 5839372                                {pd product} {ergonomic}
    uintx NonProfiledCodeHeapSize                  = 122909434                              {pd product} {ergonomic}
   size_t OldSize                                  = 70254592                                  {product} {ergonomic}
    uintx ProfiledCodeHeapSize                     = 122909434                              {pd product} {ergonomic}
    uintx ReservedCodeCacheSize                    = 251658240                              {pd product} {ergonomic}
     bool SegmentedCodeCache                       = true                                      {product} {ergonomic}
   size_t SoftMaxHeapSize                          = 1073741824                             {manageable} {ergonomic}
     bool UseCompressedClassPointers               = true                           {product lp64_product} {ergonomic}
     bool UseCompressedOops                        = true                           {product lp64_product} {ergonomic}
     bool UseLargePagesIndividualAllocation        = false                                  {pd product} {ergonomic}
     bool UseParallelGC                            = true                                      {product} {command line}

Logging:
Log output configuration:
 #0: stdout all=off uptime,level,tags
 #1: stderr all=off uptime,level,tags

Environment Variables:
PATH=C:\Program Files\Common Files\Oracle\Java\javapath;C:\Program Files (x86)\Common Files\Oracle\Java\javapath;C:\WINDOWS\system32;C:\WINDOWS;C:\WINDOWS\System32\Wbem;C:\WINDOWS\System32\WindowsPowerShell\v1.0\;C:\WINDOWS\System32\OpenSSH\;C:\Program Files\dotnet\;C:\Program Files\Common Files\Oracle\Java\javapath;C:\Program Files\Java\jdk-11\bin;C:\Program Files (x86)\Microsoft SQL Server\160\Tools\Binn\;C:\Program Files\Microsoft SQL Server\160\Tools\Binn\;C:\Program Files\Microsoft SQL Server\Client SDK\ODBC\170\Tools\Binn\;C:\Program Files\Microsoft SQL Server\160\DTS\Binn\;C:\Program Files (x86)\Microsoft SQL Server\160\DTS\Binn\;C:\Program Files\Azure Data Studio\bin;C:\Program Files\apache-maven-3.9.6\bin;C:\Program Files\Git\cmd;C:\Program Files\nodejs\;C:\Program Files\Java\jdk-21\bin;C:\Users\Kiet\AppData\Local\Microsoft\WindowsApps;C:\Users\Kiet\AppData\Local\Programs\Microsoft VS Code\bin;C:\Users\Kiet\AppData\Local\GitHubDesktop\bin;C:\Users\Kiet\.dotnet\tools;C:\Program Files\Azure Data Studio\bin;C:\Users\Kiet\AppData\Roaming\npm
USERNAME=Kiet
OS=Windows_NT
PROCESSOR_IDENTIFIER=Intel64 Family 6 Model 126 Stepping 5, GenuineIntel
TMP=C:\Users\Kiet\AppData\Local\Temp
TEMP=C:\Users\Kiet\AppData\Local\Temp



Periodic native trim disabled


---------------  S Y S T E M  ---------------

OS:
 Windows 11 , 64 bit Build 22621 (10.0.22621.3374)
OS uptime: 3 days 0:32 hours

CPU: total 8 (initial active 8) (4 cores per cpu, 2 threads per core) family 6 model 126 stepping 5 microcode 0xa6, cx8, cmov, fxsr, ht, mmx, 3dnowpref, sse, sse2, sse3, ssse3, sse4.1, sse4.2, popcnt, lzcnt, tsc, tscinvbit, avx, avx2, aes, erms, clmul, bmi1, bmi2, adx, avx512f, avx512dq, avx512cd, avx512bw, avx512vl, sha, fma, vzeroupper, avx512_vpopcntdq, avx512_vpclmulqdq, avx512_vaes, avx512_vnni, clflush, clflushopt, avx512_vbmi2, avx512_vbmi
Processor Information for all 8 processors :
  Max Mhz: 1190, Current Mhz: 991, Mhz Limit: 987

Memory: 4k page, system-wide physical 7987M (609M free)
TotalPageFile size 10035M (AvailPageFile size 13M)
current process WorkingSet (physical memory assigned to process): 199M, peak: 208M
current process commit charge ("private bytes"): 278M, peak: 287M

vm_info: OpenJDK 64-Bit Server VM (17.0.10+7) for windows-amd64 JRE (17.0.10+7), built on Jan 16 2024 23:25:11 by "admin" with MS VC++ 16.10 / 16.11 (VS2019)

END.
