#
# There is insufficient memory for the Java Runtime Environment to continue.
# Native memory allocation (mmap) failed to map 56623104 bytes for G1 virtual space
# Possible reasons:
#   The system is out of physical RAM or swap space
#   The process is running with CompressedOops enabled, and the Java Heap may be blocking the growth of the native heap
# Possible solutions:
#   Reduce memory load on the system
#   Increase physical memory or swap space
#   Check if swap backing store is full
#   Decrease Java heap size (-Xmx/-Xms)
#   Decrease number of Java threads
#   Decrease Java thread stack sizes (-Xss)
#   Set larger code cache with -XX:ReservedCodeCacheSize=
#   JVM is running with Unscaled Compressed Oops mode in which the Java heap is
#     placed in the first 4GB address space. The Java Heap base address is the
#     maximum limit for the native heap growth. Please use -XX:HeapBaseMinAddress
#     to set the Java Heap base and to place the Java Heap above 4GB virtual address.
# This output file may be truncated or incomplete.
#
#  Out of Memory Error (os_windows.cpp:3600), pid=11280, tid=6632
#
# JRE version: Java(TM) SE Runtime Environment (21.0.2+13) (build 21.0.2+13-LTS-58)
# Java VM: Java HotSpot(TM) 64-Bit Server VM (21.0.2+13-LTS-58, mixed mode, sharing, tiered, compressed oops, compressed class ptrs, g1 gc, windows-amd64)
# No core dump will be written. Minidumps are not enabled by default on client versions of Windows
#

---------------  S U M M A R Y ------------

Command Line: -Dapplication.home=C:\Program Files\Java\jdk-21 --add-modules=ALL-DEFAULT -Xms8m -Djdk.module.main=jdk.compiler jdk.compiler/com.sun.tools.javac.Main @C:\Users\Kiet\AppData\Local\Temp\files16627772013135720319

Host: Intel(R) Core(TM) i5-1035G1 CPU @ 1.00GHz, 8 cores, 7G,  Windows 11 , 64 bit Build 22621 (10.0.22621.3374)
Time: Sat May 11 18:00:52 2024 SE Asia Standard Time elapsed time: 3.076936 seconds (0d 0h 0m 3s)

---------------  T H R E A D  ---------------

Current thread (0x000001bddf8a5a40):  VMThread "VM Thread"          [id=6632, stack(0x0000000429c00000,0x0000000429d00000) (1024K)]

Stack: [0x0000000429c00000,0x0000000429d00000]
Native frames: (J=compiled Java code, j=interpreted, Vv=VM code, C=native code)
V  [jvm.dll+0x6cade9]
V  [jvm.dll+0x8569c1]
V  [jvm.dll+0x858d2e]
V  [jvm.dll+0x859413]
V  [jvm.dll+0x280e56]
V  [jvm.dll+0x6c74d5]
V  [jvm.dll+0x6bbeca]
V  [jvm.dll+0x355bca]
V  [jvm.dll+0x35d816]
V  [jvm.dll+0x3ae67e]
V  [jvm.dll+0x3ae928]
V  [jvm.dll+0x3295dc]
V  [jvm.dll+0x329667]
V  [jvm.dll+0x36df1c]
V  [jvm.dll+0x36c71d]
V  [jvm.dll+0x328d51]
V  [jvm.dll+0x36be2a]
V  [jvm.dll+0x85ef18]
V  [jvm.dll+0x860014]
V  [jvm.dll+0x860550]
V  [jvm.dll+0x8607f3]
V  [jvm.dll+0x7ff568]
V  [jvm.dll+0x6c953d]
C  [ucrtbase.dll+0x29333]
C  [KERNEL32.DLL+0x1257d]
C  [ntdll.dll+0x5aa48]

VM_Operation (0x00000004295feaa0): G1CollectForAllocation, mode: safepoint, requested by thread 0x000001bddf7e98a0


---------------  P R O C E S S  ---------------

Threads class SMR info:
_java_thread_list=0x000001bdfe554fa0, length=13, elements={
0x000001bddf7e98a0, 0x000001bdfc04ffd0, 0x000001bdfc0531a0, 0x000001bdfc055210,
0x000001bdfc055f60, 0x000001bdfc059ae0, 0x000001bdfc05a540, 0x000001bdfc05c2e0,
0x000001bdfc05e900, 0x000001bdfc282190, 0x000001bdfc3511f0, 0x000001bdfc4c8320,
0x000001bdfe734c50
}

Java Threads: ( => current thread )
  0x000001bddf7e98a0 JavaThread "main"                              [_thread_blocked, id=18876, stack(0x0000000429500000,0x0000000429600000) (1024K)]
  0x000001bdfc04ffd0 JavaThread "Reference Handler"          daemon [_thread_blocked, id=12384, stack(0x0000000429d00000,0x0000000429e00000) (1024K)]
  0x000001bdfc0531a0 JavaThread "Finalizer"                  daemon [_thread_blocked, id=14552, stack(0x0000000429e00000,0x0000000429f00000) (1024K)]
  0x000001bdfc055210 JavaThread "Signal Dispatcher"          daemon [_thread_blocked, id=8572, stack(0x0000000429f00000,0x000000042a000000) (1024K)]
  0x000001bdfc055f60 JavaThread "Attach Listener"            daemon [_thread_blocked, id=19880, stack(0x000000042a000000,0x000000042a100000) (1024K)]
  0x000001bdfc059ae0 JavaThread "Service Thread"             daemon [_thread_blocked, id=6276, stack(0x000000042a100000,0x000000042a200000) (1024K)]
  0x000001bdfc05a540 JavaThread "Monitor Deflation Thread"   daemon [_thread_blocked, id=12224, stack(0x000000042a200000,0x000000042a300000) (1024K)]
  0x000001bdfc05c2e0 JavaThread "C2 CompilerThread0"         daemon [_thread_blocked, id=11416, stack(0x000000042a300000,0x000000042a400000) (1024K)]
  0x000001bdfc05e900 JavaThread "C1 CompilerThread0"         daemon [_thread_blocked, id=8212, stack(0x000000042a400000,0x000000042a500000) (1024K)]
  0x000001bdfc282190 JavaThread "Common-Cleaner"             daemon [_thread_blocked, id=14580, stack(0x000000042a500000,0x000000042a600000) (1024K)]
  0x000001bdfc3511f0 JavaThread "Notification Thread"        daemon [_thread_blocked, id=12764, stack(0x000000042a600000,0x000000042a700000) (1024K)]
  0x000001bdfc4c8320 JavaThread "C2 CompilerThread1"         daemon [_thread_blocked, id=5880, stack(0x000000042a700000,0x000000042a800000) (1024K)]
  0x000001bdfe734c50 JavaThread "C2 CompilerThread2"         daemon [_thread_blocked, id=11608, stack(0x000000042a800000,0x000000042a900000) (1024K)]
Total: 13

Other Threads:
=>0x000001bddf8a5a40 VMThread "VM Thread"                           [id=6632, stack(0x0000000429c00000,0x0000000429d00000) (1024K)]
  0x000001bdfc03c920 WatcherThread "VM Periodic Task Thread"        [id=19332, stack(0x0000000429b00000,0x0000000429c00000) (1024K)]
  0x000001bddf839ce0 WorkerThread "GC Thread#0"                     [id=19956, stack(0x0000000429600000,0x0000000429700000) (1024K)]
  0x000001bdfc4eb160 WorkerThread "GC Thread#1"                     [id=8900, stack(0x000000042a900000,0x000000042aa00000) (1024K)]
  0x000001bdfc4ebce0 WorkerThread "GC Thread#2"                     [id=9064, stack(0x000000042aa00000,0x000000042ab00000) (1024K)]
  0x000001bdfc4e0030 WorkerThread "GC Thread#3"                     [id=15760, stack(0x000000042ab00000,0x000000042ac00000) (1024K)]
  0x000001bdfcae3730 WorkerThread "GC Thread#4"                     [id=14644, stack(0x000000042ac00000,0x000000042ad00000) (1024K)]
  0x000001bdfcae3ad0 WorkerThread "GC Thread#5"                     [id=13948, stack(0x000000042ad00000,0x000000042ae00000) (1024K)]
  0x000001bdfd1a90f0 WorkerThread "GC Thread#6"                     [id=10844, stack(0x000000042af00000,0x000000042b000000) (1024K)]
  0x000001bdfea6a700 WorkerThread "GC Thread#7"                     [id=5856, stack(0x000000042b000000,0x000000042b100000) (1024K)]
  0x000001bddf84ae90 ConcurrentGCThread "G1 Main Marker"            [id=20300, stack(0x0000000429700000,0x0000000429800000) (1024K)]
  0x000001bddf84b990 WorkerThread "G1 Conc#0"                       [id=2276, stack(0x0000000429800000,0x0000000429900000) (1024K)]
  0x000001bdfc666500 WorkerThread "G1 Conc#1"                       [id=20404, stack(0x000000042ae00000,0x000000042af00000) (1024K)]
  0x000001bddf87c0c0 ConcurrentGCThread "G1 Refine#0"               [id=14292, stack(0x0000000429900000,0x0000000429a00000) (1024K)]
  0x000001bddf87cc30 ConcurrentGCThread "G1 Service"                [id=9688, stack(0x0000000429a00000,0x0000000429b00000) (1024K)]
Total: 15

Threads with active compile tasks:
C2 CompilerThread0     3097 2578       4       com.sun.tools.javac.code.Symtab::lookupPackage (259 bytes)
Total: 1

VM state: at safepoint (normal execution)

VM Mutex/Monitor currently owned by a thread:  ([mutex/lock_event])
[0x00007fff0940cd68] Threads_lock - owner thread: 0x000001bddf8a5a40
[0x00007fff0940ce68] Heap_lock - owner thread: 0x000001bddf7e98a0

Heap address: 0x0000000083200000, size: 1998 MB, Compressed Oops mode: 32-bit

CDS archive(s) mapped at: [0x000001bd80000000-0x000001bd80c90000-0x000001bd80c90000), size 13172736, SharedBaseAddress: 0x000001bd80000000, ArchiveRelocationMode: 1.
Compressed class space mapped at: 0x000001bd81000000-0x000001bdc1000000, reserved size: 1073741824
Narrow klass base: 0x000001bd80000000, Narrow klass shift: 0, Narrow klass range: 0x100000000

GC Precious Log:
 CardTable entry size: 512
 Card Set container configuration: InlinePtr #cards 5 size 8 Array Of Cards #cards 12 size 40 Howl #buckets 4 coarsen threshold 1843 Howl Bitmap #cards 512 size 80 coarsen threshold 460 Card regions per heap region 1 cards per card region 2048
 CPUs: 8 total, 8 available
 Memory: 7987M
 Large Page Support: Disabled
 NUMA Support: Disabled
 Compressed Oops: Enabled (32-bit)
 Heap Region Size: 1M
 Heap Min Capacity: 8M
 Heap Initial Capacity: 8M
 Heap Max Capacity: 1998M
 Pre-touch: Disabled
 Parallel Workers: 8
 Concurrent Workers: 2
 Concurrent Refinement Workers: 8
 Periodic GC: Disabled

Heap:
 garbage-first heap   total 70656K, used 42837K [0x0000000083200000, 0x0000000100000000)
  region size 1024K, 2 young (2048K), 2 survivors (2048K)
 Metaspace       used 11639K, committed 11840K, reserved 1114112K
  class space    used 1262K, committed 1344K, reserved 1048576K

Heap Regions: E=young(eden), S=young(survivor), O=old, HS=humongous(starts), HC=humongous(continues), CS=collection set, F=free, TAMS=top-at-mark-start, PB=parsable bottom
|   0|0x0000000083200000, 0x0000000083300000, 0x0000000083300000|100%| O|  |TAMS 0x0000000083200000| PB 0x0000000083200000| Untracked 
|   1|0x0000000083300000, 0x0000000083400000, 0x0000000083400000|100%| O|  |TAMS 0x0000000083300000| PB 0x0000000083300000| Untracked 
|   2|0x0000000083400000, 0x0000000083400000, 0x0000000083500000|  0%| F|  |TAMS 0x0000000083400000| PB 0x0000000083400000| Untracked 
|   3|0x0000000083500000, 0x0000000083500000, 0x0000000083600000|  0%| F|  |TAMS 0x0000000083500000| PB 0x0000000083500000| Untracked 
|   4|0x0000000083600000, 0x0000000083600000, 0x0000000083700000|  0%| F|  |TAMS 0x0000000083600000| PB 0x0000000083600000| Untracked 
|   5|0x0000000083700000, 0x0000000083800000, 0x0000000083800000|100%| O|  |TAMS 0x0000000083700000| PB 0x0000000083700000| Untracked 
|   6|0x0000000083800000, 0x0000000083900000, 0x0000000083900000|100%| O|  |TAMS 0x0000000083800000| PB 0x0000000083800000| Untracked 
|   7|0x0000000083900000, 0x0000000083a00000, 0x0000000083a00000|100%| O|  |TAMS 0x0000000083900000| PB 0x0000000083900000| Untracked 
|   8|0x0000000083a00000, 0x0000000083b00000, 0x0000000083b00000|100%| O|  |TAMS 0x0000000083a00000| PB 0x0000000083a00000| Untracked 
|   9|0x0000000083b00000, 0x0000000083c00000, 0x0000000083c00000|100%| O|  |TAMS 0x0000000083b00000| PB 0x0000000083b00000| Untracked 
|  10|0x0000000083c00000, 0x0000000083d00000, 0x0000000083d00000|100%|HS|  |TAMS 0x0000000083c00000| PB 0x0000000083c00000| Complete 
|  11|0x0000000083d00000, 0x0000000083e00000, 0x0000000083e00000|100%| O|  |TAMS 0x0000000083d00000| PB 0x0000000083d00000| Untracked 
|  12|0x0000000083e00000, 0x0000000083f00000, 0x0000000083f00000|100%| O|  |TAMS 0x0000000083e00000| PB 0x0000000083e00000| Untracked 
|  13|0x0000000083f00000, 0x0000000084000000, 0x0000000084000000|100%|HS|  |TAMS 0x0000000083f00000| PB 0x0000000083f00000| Complete 
|  14|0x0000000084000000, 0x0000000084100000, 0x0000000084100000|100%|HC|  |TAMS 0x0000000084000000| PB 0x0000000084000000| Complete 
|  15|0x0000000084100000, 0x0000000084200000, 0x0000000084200000|100%| O|  |TAMS 0x0000000084100000| PB 0x0000000084100000| Untracked 
|  16|0x0000000084200000, 0x0000000084300000, 0x0000000084300000|100%| O|  |TAMS 0x0000000084200000| PB 0x0000000084200000| Untracked 
|  17|0x0000000084300000, 0x0000000084400000, 0x0000000084400000|100%| O|  |TAMS 0x0000000084300000| PB 0x0000000084300000| Untracked 
|  18|0x0000000084400000, 0x0000000084500000, 0x0000000084500000|100%| O|  |TAMS 0x0000000084400000| PB 0x0000000084400000| Untracked 
|  19|0x0000000084500000, 0x0000000084600000, 0x0000000084600000|100%| O|  |TAMS 0x0000000084500000| PB 0x0000000084500000| Untracked 
|  20|0x0000000084600000, 0x0000000084600000, 0x0000000084700000|  0%| F|  |TAMS 0x0000000084600000| PB 0x0000000084600000| Untracked 
|  21|0x0000000084700000, 0x0000000084800000, 0x0000000084800000|100%| O|  |TAMS 0x0000000084700000| PB 0x0000000084700000| Untracked 
|  22|0x0000000084800000, 0x0000000084900000, 0x0000000084900000|100%| O|  |TAMS 0x0000000084800000| PB 0x0000000084800000| Untracked 
|  23|0x0000000084900000, 0x0000000084a00000, 0x0000000084a00000|100%| O|  |TAMS 0x0000000084900000| PB 0x0000000084900000| Untracked 
|  24|0x0000000084a00000, 0x0000000084b00000, 0x0000000084b00000|100%| O|  |TAMS 0x0000000084a00000| PB 0x0000000084a00000| Untracked 
|  25|0x0000000084b00000, 0x0000000084c00000, 0x0000000084c00000|100%| O|  |TAMS 0x0000000084b00000| PB 0x0000000084b00000| Untracked 
|  26|0x0000000084c00000, 0x0000000084d00000, 0x0000000084d00000|100%| O|  |TAMS 0x0000000084c00000| PB 0x0000000084c00000| Untracked 
|  27|0x0000000084d00000, 0x0000000084e00000, 0x0000000084e00000|100%| O|  |TAMS 0x0000000084d00000| PB 0x0000000084d00000| Untracked 
|  28|0x0000000084e00000, 0x0000000084f00000, 0x0000000084f00000|100%| O|  |TAMS 0x0000000084e00000| PB 0x0000000084e00000| Untracked 
|  29|0x0000000084f00000, 0x0000000085000000, 0x0000000085000000|100%| O|  |TAMS 0x0000000084f00000| PB 0x0000000084f00000| Untracked 
|  30|0x0000000085000000, 0x0000000085100000, 0x0000000085100000|100%| O|  |TAMS 0x0000000085000000| PB 0x0000000085000000| Untracked 
|  31|0x0000000085100000, 0x0000000085200000, 0x0000000085200000|100%| O|  |TAMS 0x0000000085100000| PB 0x0000000085100000| Untracked 
|  32|0x0000000085200000, 0x0000000085300000, 0x0000000085300000|100%| O|  |TAMS 0x0000000085200000| PB 0x0000000085200000| Untracked 
|  33|0x0000000085300000, 0x0000000085400000, 0x0000000085400000|100%|HS|  |TAMS 0x0000000085300000| PB 0x0000000085300000| Complete 
|  34|0x0000000085400000, 0x0000000085500000, 0x0000000085500000|100%| O|  |TAMS 0x0000000085400000| PB 0x0000000085400000| Untracked 
|  35|0x0000000085500000, 0x0000000085600000, 0x0000000085600000|100%| O|  |TAMS 0x0000000085500000| PB 0x0000000085500000| Untracked 
|  36|0x0000000085600000, 0x0000000085700000, 0x0000000085700000|100%| O|  |TAMS 0x0000000085600000| PB 0x0000000085600000| Untracked 
|  37|0x0000000085700000, 0x0000000085800000, 0x0000000085800000|100%| O|  |TAMS 0x0000000085700000| PB 0x0000000085700000| Untracked 
|  38|0x0000000085800000, 0x00000000858dedc0, 0x0000000085900000| 87%| O|  |TAMS 0x0000000085800000| PB 0x0000000085800000| Untracked 
|  39|0x0000000085900000, 0x0000000085900000, 0x0000000085a00000|  0%| F|  |TAMS 0x0000000085900000| PB 0x0000000085900000| Untracked 
|  40|0x0000000085a00000, 0x0000000085a00000, 0x0000000085b00000|  0%| F|  |TAMS 0x0000000085a00000| PB 0x0000000085a00000| Untracked 
|  41|0x0000000085b00000, 0x0000000085b00000, 0x0000000085c00000|  0%| F|  |TAMS 0x0000000085b00000| PB 0x0000000085b00000| Untracked 
|  42|0x0000000085c00000, 0x0000000085c00000, 0x0000000085d00000|  0%| F|  |TAMS 0x0000000085c00000| PB 0x0000000085c00000| Untracked 
|  43|0x0000000085d00000, 0x0000000085d00000, 0x0000000085e00000|  0%| F|  |TAMS 0x0000000085d00000| PB 0x0000000085d00000| Untracked 
|  44|0x0000000085e00000, 0x0000000085e00000, 0x0000000085f00000|  0%| F|  |TAMS 0x0000000085e00000| PB 0x0000000085e00000| Untracked 
|  45|0x0000000085f00000, 0x0000000085f00000, 0x0000000086000000|  0%| F|  |TAMS 0x0000000085f00000| PB 0x0000000085f00000| Untracked 
|  46|0x0000000086000000, 0x0000000086000000, 0x0000000086100000|  0%| F|  |TAMS 0x0000000086000000| PB 0x0000000086000000| Untracked 
|  47|0x0000000086100000, 0x00000000861f67e0, 0x0000000086200000| 96%| S|CS|TAMS 0x0000000086100000| PB 0x0000000086100000| Complete 
|  48|0x0000000086200000, 0x0000000086300000, 0x0000000086300000|100%| S|CS|TAMS 0x0000000086200000| PB 0x0000000086200000| Complete 
|  49|0x0000000086300000, 0x0000000086300000, 0x0000000086400000|  0%| F|  |TAMS 0x0000000086300000| PB 0x0000000086300000| Untracked 
|  50|0x0000000086400000, 0x0000000086400000, 0x0000000086500000|  0%| F|  |TAMS 0x0000000086400000| PB 0x0000000086400000| Untracked 
|  51|0x0000000086500000, 0x0000000086500000, 0x0000000086600000|  0%| F|  |TAMS 0x0000000086500000| PB 0x0000000086500000| Untracked 
|  52|0x0000000086600000, 0x0000000086600000, 0x0000000086700000|  0%| F|  |TAMS 0x0000000086600000| PB 0x0000000086600000| Untracked 
|  53|0x0000000086700000, 0x0000000086700000, 0x0000000086800000|  0%| F|  |TAMS 0x0000000086700000| PB 0x0000000086700000| Untracked 
|  54|0x0000000086800000, 0x0000000086800000, 0x0000000086900000|  0%| F|  |TAMS 0x0000000086800000| PB 0x0000000086800000| Untracked 
|  55|0x0000000086900000, 0x0000000086900000, 0x0000000086a00000|  0%| F|  |TAMS 0x0000000086900000| PB 0x0000000086900000| Untracked 
|  56|0x0000000086a00000, 0x0000000086a00000, 0x0000000086b00000|  0%| F|  |TAMS 0x0000000086a00000| PB 0x0000000086a00000| Untracked 
|  57|0x0000000086b00000, 0x0000000086b00000, 0x0000000086c00000|  0%| F|  |TAMS 0x0000000086b00000| PB 0x0000000086b00000| Untracked 
|  58|0x0000000086c00000, 0x0000000086c00000, 0x0000000086d00000|  0%| F|  |TAMS 0x0000000086c00000| PB 0x0000000086c00000| Untracked 
|  59|0x0000000086d00000, 0x0000000086d00000, 0x0000000086e00000|  0%| F|  |TAMS 0x0000000086d00000| PB 0x0000000086d00000| Untracked 
|  60|0x0000000086e00000, 0x0000000086e00000, 0x0000000086f00000|  0%| F|  |TAMS 0x0000000086e00000| PB 0x0000000086e00000| Untracked 
|  61|0x0000000086f00000, 0x0000000086f00000, 0x0000000087000000|  0%| F|  |TAMS 0x0000000086f00000| PB 0x0000000086f00000| Untracked 
|  62|0x0000000087000000, 0x0000000087000000, 0x0000000087100000|  0%| F|  |TAMS 0x0000000087000000| PB 0x0000000087000000| Untracked 
|  63|0x0000000087100000, 0x0000000087100000, 0x0000000087200000|  0%| F|  |TAMS 0x0000000087100000| PB 0x0000000087100000| Untracked 
|1993|0x00000000ffb00000, 0x00000000ffc00000, 0x00000000ffc00000|100%| O|  |TAMS 0x00000000ffb00000| PB 0x00000000ffb00000| Untracked 
|1994|0x00000000ffc00000, 0x00000000ffd00000, 0x00000000ffd00000|100%| O|  |TAMS 0x00000000ffc00000| PB 0x00000000ffc00000| Untracked 
|1995|0x00000000ffd00000, 0x00000000ffe00000, 0x00000000ffe00000|100%| O|  |TAMS 0x00000000ffd00000| PB 0x00000000ffd00000| Untracked 
|1996|0x00000000ffe00000, 0x00000000fff00000, 0x00000000fff00000|100%| O|  |TAMS 0x00000000ffe00000| PB 0x00000000ffe00000| Untracked 
|1997|0x00000000fff00000, 0x0000000100000000, 0x0000000100000000|100%| O|  |TAMS 0x00000000fff00000| PB 0x00000000fff00000| Untracked 

Card table byte_map: [0x000001bdf7370000,0x000001bdf7760000] _byte_map_base: 0x000001bdf6f57000

Marking Bits: (CMBitMap*) 0x000001bddf83abf0
 Bits: [0x000001bdf7760000, 0x000001bdf9698000)

Polling page: 0x000001bddefb0000

Metaspace:

Usage:
  Non-class:     10.13 MB used.
      Class:      1.23 MB used.
       Both:     11.37 MB used.

Virtual space:
  Non-class space:       64.00 MB reserved,      10.25 MB ( 16%) committed,  1 nodes.
      Class space:        1.00 GB reserved,       1.31 MB ( <1%) committed,  1 nodes.
             Both:        1.06 GB reserved,      11.56 MB (  1%) committed. 

Chunk freelists:
   Non-Class:  4.45 MB
       Class:  14.72 MB
        Both:  19.17 MB

MaxMetaspaceSize: unlimited
CompressedClassSpaceSize: 1.00 GB
Initial GC threshold: 21.00 MB
Current GC threshold: 21.00 MB
CDS: on
 - commit_granule_bytes: 65536.
 - commit_granule_words: 8192.
 - virtual_space_node_default_size: 8388608.
 - enlarge_chunks_in_place: 1.
 - use_allocation_guard: 0.


Internal statistics:

num_allocs_failed_limit: 0.
num_arena_births: 82.
num_arena_deaths: 0.
num_vsnodes_births: 2.
num_vsnodes_deaths: 0.
num_space_committed: 185.
num_space_uncommitted: 0.
num_chunks_returned_to_freelist: 0.
num_chunks_taken_from_freelist: 446.
num_chunk_merges: 0.
num_chunk_splits: 316.
num_chunks_enlarged: 256.
num_inconsistent_stats: 0.

CodeHeap 'non-profiled nmethods': size=120000Kb used=1344Kb max_used=1344Kb free=118655Kb
 bounds [0x000001bdef720000, 0x000001bdef990000, 0x000001bdf6c50000]
CodeHeap 'profiled nmethods': size=120000Kb used=5396Kb max_used=5396Kb free=114603Kb
 bounds [0x000001bde7c50000, 0x000001bde81a0000, 0x000001bdef180000]
CodeHeap 'non-nmethods': size=5760Kb used=1507Kb max_used=1549Kb free=4252Kb
 bounds [0x000001bdef180000, 0x000001bdef3f0000, 0x000001bdef720000]
 total_blobs=3115 nmethods=2644 adapters=375
 compilation: enabled
              stopped_count=0, restarted_count=0
 full_count=0

Compilation events (20 events):
Event: 3.048 Thread 0x000001bdfc05e900 2869       3       jdk.internal.org.objectweb.asm.FieldWriter::visitEnd (1 bytes)
Event: 3.049 Thread 0x000001bdfc05e900 nmethod 2869 0x000001bde8193190 code [0x000001bde8193320, 0x000001bde8193428]
Event: 3.052 Thread 0x000001bdfe734c50 nmethod 2840 0x000001bdef86dd10 code [0x000001bdef86dec0, 0x000001bdef86e070]
Event: 3.052 Thread 0x000001bdfe734c50 2666       4       java.util.WeakHashMap::indexFor (6 bytes)
Event: 3.053 Thread 0x000001bdfe734c50 nmethod 2666 0x000001bdef86e210 code [0x000001bdef86e380, 0x000001bdef86e3f0]
Event: 3.053 Thread 0x000001bdfe734c50 2808       4       java.util.RegularEnumSet::clear (6 bytes)
Event: 3.053 Thread 0x000001bdfe734c50 nmethod 2808 0x000001bdef86e510 code [0x000001bdef86e6a0, 0x000001bdef86e730]
Event: 3.054 Thread 0x000001bdfc05e900 2870       3       jdk.nio.zipfs.ZipFileSystem::beginWrite (15 bytes)
Event: 3.054 Thread 0x000001bdfc05e900 nmethod 2870 0x000001bde8193490 code [0x000001bde8193660, 0x000001bde81938d0]
Event: 3.054 Thread 0x000001bdfc05e900 2871       3       java.util.concurrent.locks.ReentrantReadWriteLock$WriteLock::lock (9 bytes)
Event: 3.054 Thread 0x000001bdfc05e900 nmethod 2871 0x000001bde8193a90 code [0x000001bde8193c40, 0x000001bde8193d88]
Event: 3.054 Thread 0x000001bdfc05e900 2872       3       jdk.nio.zipfs.ZipFileSystem::endWrite (15 bytes)
Event: 3.055 Thread 0x000001bdfc05e900 nmethod 2872 0x000001bde8193e90 code [0x000001bde8194080, 0x000001bde8194480]
Event: 3.055 Thread 0x000001bdfc05e900 2873       3       java.util.concurrent.locks.ReentrantReadWriteLock$WriteLock::unlock (10 bytes)
Event: 3.055 Thread 0x000001bdfc05e900 nmethod 2873 0x000001bde8194690 code [0x000001bde8194860, 0x000001bde8194b40]
Event: 3.058 Thread 0x000001bdfc05e900 2874       3       java.util.HashSet::isEmpty (8 bytes)
Event: 3.058 Thread 0x000001bdfc05e900 nmethod 2874 0x000001bde8194c90 code [0x000001bde8194e40, 0x000001bde8195090]
Event: 3.060 Thread 0x000001bdfc4c8320 nmethod 2636 0x000001bdef86e810 code [0x000001bdef86ea80, 0x000001bdef86f690]
Event: 3.060 Thread 0x000001bdfc4c8320 2875       4       java.util.ArrayList::iterator (9 bytes)
Event: 3.061 Thread 0x000001bdfc4c8320 nmethod 2875 0x000001bdef86fe10 code [0x000001bdef86ffa0, 0x000001bdef8700a8]

GC Heap History (20 events):
Event: 1.068 GC heap after
{Heap after GC invocations=11 (full 0):
 garbage-first heap   total 24576K, used 12880K [0x0000000083200000, 0x0000000100000000)
  region size 1024K, 1 young (1024K), 1 survivors (1024K)
 Metaspace       used 8263K, committed 8448K, reserved 1114112K
  class space    used 914K, committed 1024K, reserved 1048576K
}
Event: 1.253 GC heap before
{Heap before GC invocations=11 (full 0):
 garbage-first heap   total 24576K, used 15952K [0x0000000083200000, 0x0000000100000000)
  region size 1024K, 4 young (4096K), 1 survivors (1024K)
 Metaspace       used 9088K, committed 9280K, reserved 1114112K
  class space    used 1006K, committed 1088K, reserved 1048576K
}
Event: 1.257 GC heap after
{Heap after GC invocations=12 (full 0):
 garbage-first heap   total 36864K, used 14208K [0x0000000083200000, 0x0000000100000000)
  region size 1024K, 1 young (1024K), 1 survivors (1024K)
 Metaspace       used 9088K, committed 9280K, reserved 1114112K
  class space    used 1006K, committed 1088K, reserved 1048576K
}
Event: 1.448 GC heap before
{Heap before GC invocations=13 (full 0):
 garbage-first heap   total 36864K, used 22400K [0x0000000083200000, 0x0000000100000000)
  region size 1024K, 10 young (10240K), 1 survivors (1024K)
 Metaspace       used 9150K, committed 9280K, reserved 1114112K
  class space    used 1008K, committed 1088K, reserved 1048576K
}
Event: 1.452 GC heap after
{Heap after GC invocations=14 (full 0):
 garbage-first heap   total 36864K, used 17144K [0x0000000083200000, 0x0000000100000000)
  region size 1024K, 2 young (2048K), 2 survivors (2048K)
 Metaspace       used 9150K, committed 9280K, reserved 1114112K
  class space    used 1008K, committed 1088K, reserved 1048576K
}
Event: 1.497 GC heap before
{Heap before GC invocations=14 (full 0):
 garbage-first heap   total 36864K, used 24312K [0x0000000083200000, 0x0000000100000000)
  region size 1024K, 9 young (9216K), 2 survivors (2048K)
 Metaspace       used 9151K, committed 9280K, reserved 1114112K
  class space    used 1008K, committed 1088K, reserved 1048576K
}
Event: 1.502 GC heap after
{Heap after GC invocations=15 (full 0):
 garbage-first heap   total 36864K, used 20410K [0x0000000083200000, 0x0000000100000000)
  region size 1024K, 2 young (2048K), 2 survivors (2048K)
 Metaspace       used 9151K, committed 9280K, reserved 1114112K
  class space    used 1008K, committed 1088K, reserved 1048576K
}
Event: 1.543 GC heap before
{Heap before GC invocations=16 (full 0):
 garbage-first heap   total 39936K, used 29626K [0x0000000083200000, 0x0000000100000000)
  region size 1024K, 9 young (9216K), 2 survivors (2048K)
 Metaspace       used 9151K, committed 9280K, reserved 1114112K
  class space    used 1008K, committed 1088K, reserved 1048576K
}
Event: 1.548 GC heap after
{Heap after GC invocations=17 (full 0):
 garbage-first heap   total 39936K, used 25502K [0x0000000083200000, 0x0000000100000000)
  region size 1024K, 2 young (2048K), 2 survivors (2048K)
 Metaspace       used 9151K, committed 9280K, reserved 1114112K
  class space    used 1008K, committed 1088K, reserved 1048576K
}
Event: 1.575 GC heap before
{Heap before GC invocations=17 (full 0):
 garbage-first heap   total 39936K, used 30622K [0x0000000083200000, 0x0000000100000000)
  region size 1024K, 8 young (8192K), 2 survivors (2048K)
 Metaspace       used 9151K, committed 9280K, reserved 1114112K
  class space    used 1008K, committed 1088K, reserved 1048576K
}
Event: 1.580 GC heap after
{Heap after GC invocations=18 (full 0):
 garbage-first heap   total 68608K, used 27111K [0x0000000083200000, 0x0000000100000000)
  region size 1024K, 1 young (1024K), 1 survivors (1024K)
 Metaspace       used 9151K, committed 9280K, reserved 1114112K
  class space    used 1008K, committed 1088K, reserved 1048576K
}
Event: 1.719 GC heap before
{Heap before GC invocations=18 (full 0):
 garbage-first heap   total 68608K, used 42471K [0x0000000083200000, 0x0000000100000000)
  region size 1024K, 16 young (16384K), 1 survivors (1024K)
 Metaspace       used 9185K, committed 9344K, reserved 1114112K
  class space    used 1008K, committed 1088K, reserved 1048576K
}
Event: 1.725 GC heap after
{Heap after GC invocations=19 (full 0):
 garbage-first heap   total 68608K, used 31954K [0x0000000083200000, 0x0000000100000000)
  region size 1024K, 2 young (2048K), 2 survivors (2048K)
 Metaspace       used 9185K, committed 9344K, reserved 1114112K
  class space    used 1008K, committed 1088K, reserved 1048576K
}
Event: 1.937 GC heap before
{Heap before GC invocations=19 (full 0):
 garbage-first heap   total 68608K, used 49362K [0x0000000083200000, 0x0000000100000000)
  region size 1024K, 20 young (20480K), 2 survivors (2048K)
 Metaspace       used 9297K, committed 9472K, reserved 1114112K
  class space    used 1018K, committed 1152K, reserved 1048576K
}
Event: 1.947 GC heap after
{Heap after GC invocations=20 (full 0):
 garbage-first heap   total 68608K, used 38327K [0x0000000083200000, 0x0000000100000000)
  region size 1024K, 3 young (3072K), 3 survivors (3072K)
 Metaspace       used 9297K, committed 9472K, reserved 1114112K
  class space    used 1018K, committed 1152K, reserved 1048576K
}
Event: 2.270 GC heap before
{Heap before GC invocations=20 (full 0):
 garbage-first heap   total 68608K, used 51639K [0x0000000083200000, 0x0000000100000000)
  region size 1024K, 16 young (16384K), 3 survivors (3072K)
 Metaspace       used 9591K, committed 9792K, reserved 1114112K
  class space    used 1048K, committed 1152K, reserved 1048576K
}
Event: 2.278 GC heap after
{Heap after GC invocations=21 (full 0):
 garbage-first heap   total 68608K, used 40582K [0x0000000083200000, 0x0000000100000000)
  region size 1024K, 2 young (2048K), 2 survivors (2048K)
 Metaspace       used 9591K, committed 9792K, reserved 1114112K
  class space    used 1048K, committed 1152K, reserved 1048576K
}
Event: 2.555 GC heap before
{Heap before GC invocations=22 (full 0):
 garbage-first heap   total 70656K, used 55942K [0x0000000083200000, 0x0000000100000000)
  region size 1024K, 16 young (16384K), 2 survivors (2048K)
 Metaspace       used 9872K, committed 10048K, reserved 1114112K
  class space    used 1069K, committed 1152K, reserved 1048576K
}
Event: 2.564 GC heap after
{Heap after GC invocations=23 (full 0):
 garbage-first heap   total 70656K, used 44541K [0x0000000083200000, 0x0000000100000000)
  region size 1024K, 2 young (2048K), 2 survivors (2048K)
 Metaspace       used 9872K, committed 10048K, reserved 1114112K
  class space    used 1069K, committed 1152K, reserved 1048576K
}
Event: 3.063 GC heap before
{Heap before GC invocations=23 (full 0):
 garbage-first heap   total 70656K, used 58877K [0x0000000083200000, 0x0000000100000000)
  region size 1024K, 16 young (16384K), 2 survivors (2048K)
 Metaspace       used 11639K, committed 11840K, reserved 1114112K
  class space    used 1262K, committed 1344K, reserved 1048576K
}

Dll operation events (6 events):
Event: 0.055 Loaded shared library C:\Program Files\Java\jdk-21\bin\java.dll
Event: 0.134 Loaded shared library C:\Program Files\Java\jdk-21\bin\jsvml.dll
Event: 0.250 Loaded shared library C:\Program Files\Java\jdk-21\bin\jimage.dll
Event: 0.420 Loaded shared library C:\Program Files\Java\jdk-21\bin\net.dll
Event: 0.421 Loaded shared library C:\Program Files\Java\jdk-21\bin\nio.dll
Event: 0.498 Loaded shared library C:\Program Files\Java\jdk-21\bin\zip.dll

Deoptimization events (20 events):
Event: 3.019 Thread 0x000001bddf7e98a0 Uncommon trap: trap_request=0xffffffde fr.pc=0x000001bdef847f3c relative=0x00000000000001fc
Event: 3.019 Thread 0x000001bddf7e98a0 Uncommon trap: reason=class_check action=maybe_recompile pc=0x000001bdef847f3c method=com.sun.tools.javac.code.Scope$ScopeListenerList.walkReferences(Lcom/sun/tools/javac/code/Symbol;Lcom/sun/tools/javac/code/Scope;Z)V @ 20 c2
Event: 3.019 Thread 0x000001bddf7e98a0 DEOPT PACKING pc=0x000001bdef847f3c sp=0x00000004295fe290
Event: 3.019 Thread 0x000001bddf7e98a0 DEOPT UNPACKING pc=0x000001bdef1d7da2 sp=0x00000004295fe230 mode 2
Event: 3.029 Thread 0x000001bddf7e98a0 Uncommon trap: trap_request=0xffffff45 fr.pc=0x000001bdef729248 relative=0x00000000000000a8
Event: 3.029 Thread 0x000001bddf7e98a0 Uncommon trap: reason=unstable_if action=reinterpret pc=0x000001bdef729248 method=java.lang.String.isLatin1()Z @ 10 c2
Event: 3.029 Thread 0x000001bddf7e98a0 DEOPT PACKING pc=0x000001bdef729248 sp=0x00000004295fe6b0
Event: 3.029 Thread 0x000001bddf7e98a0 DEOPT UNPACKING pc=0x000001bdef1d7da2 sp=0x00000004295fe5e0 mode 2
Event: 3.029 Thread 0x000001bddf7e98a0 Uncommon trap: trap_request=0xffffff3d fr.pc=0x000001bdef7893c0 relative=0x0000000000000220
Event: 3.029 Thread 0x000001bddf7e98a0 Uncommon trap: reason=unstable_fused_if action=reinterpret pc=0x000001bdef7893c0 method=com.sun.tools.javac.util.Convert.chars2utf([CI[BII)I @ 28 c2
Event: 3.029 Thread 0x000001bddf7e98a0 DEOPT PACKING pc=0x000001bdef7893c0 sp=0x00000004295fe330
Event: 3.029 Thread 0x000001bddf7e98a0 DEOPT UNPACKING pc=0x000001bdef1d7da2 sp=0x00000004295fe290 mode 2
Event: 3.036 Thread 0x000001bddf7e98a0 Uncommon trap: trap_request=0xffffff45 fr.pc=0x000001bdef78e2e0 relative=0x0000000000000120
Event: 3.036 Thread 0x000001bddf7e98a0 Uncommon trap: reason=unstable_if action=reinterpret pc=0x000001bdef78e2e0 method=java.util.concurrent.locks.ReentrantLock$Sync.tryRelease(I)Z @ 26 c2
Event: 3.036 Thread 0x000001bddf7e98a0 DEOPT PACKING pc=0x000001bdef78e2e0 sp=0x00000004295ff100
Event: 3.036 Thread 0x000001bddf7e98a0 DEOPT UNPACKING pc=0x000001bdef1d7da2 sp=0x00000004295fef80 mode 2
Event: 3.036 Thread 0x000001bddf7e98a0 Uncommon trap: trap_request=0xffffff45 fr.pc=0x000001bdef78dbec relative=0x00000000000000cc
Event: 3.036 Thread 0x000001bddf7e98a0 Uncommon trap: reason=unstable_if action=reinterpret pc=0x000001bdef78dbec method=java.util.concurrent.locks.ReentrantLock$Sync.tryRelease(I)Z @ 26 c2
Event: 3.036 Thread 0x000001bddf7e98a0 DEOPT PACKING pc=0x000001bdef78dbec sp=0x00000004295ff050
Event: 3.036 Thread 0x000001bddf7e98a0 DEOPT UNPACKING pc=0x000001bdef1d7da2 sp=0x00000004295feff0 mode 2

Classes loaded (20 events):
Event: 2.629 Loading class java/lang/reflect/UndeclaredThrowableException
Event: 2.629 Loading class java/lang/reflect/UndeclaredThrowableException done
Event: 2.629 Loading class java/lang/IllegalAccessException
Event: 2.629 Loading class java/lang/IllegalAccessException done
Event: 2.630 Loading class java/lang/Class$AnnotationData
Event: 2.630 Loading class java/lang/Class$AnnotationData done
Event: 2.944 Loading class java/util/function/ToIntBiFunction
Event: 2.944 Loading class java/util/function/ToIntBiFunction done
Event: 2.957 Loading class sun/nio/ch/ChannelOutputStream
Event: 2.957 Loading class sun/nio/ch/ChannelOutputStream done
Event: 3.036 Loading class java/util/EnumMap$Values
Event: 3.036 Loading class java/util/EnumMap$Values done
Event: 3.036 Loading class java/util/EnumMap$ValueIterator
Event: 3.036 Loading class java/util/EnumMap$EnumMapIterator
Event: 3.036 Loading class java/util/EnumMap$EnumMapIterator done
Event: 3.036 Loading class java/util/EnumMap$ValueIterator done
Event: 3.039 Loading class java/util/WeakHashMap$KeyIterator
Event: 3.039 Loading class java/util/WeakHashMap$HashIterator
Event: 3.039 Loading class java/util/WeakHashMap$HashIterator done
Event: 3.039 Loading class java/util/WeakHashMap$KeyIterator done

Classes unloaded (0 events):
No events

Classes redefined (0 events):
No events

Internal exceptions (20 events):
Event: 2.459 Thread 0x000001bddf7e98a0 Exception <a 'sun/nio/fs/WindowsException'{0x00000000867bafc8}> (0x00000000867bafc8) 
thrown [s\open\src\hotspot\share\prims\jni.cpp, line 520]
Event: 2.481 Thread 0x000001bddf7e98a0 Exception <a 'sun/nio/fs/WindowsException'{0x00000000866010f0}> (0x00000000866010f0) 
thrown [s\open\src\hotspot\share\prims\jni.cpp, line 520]
Event: 2.501 Thread 0x000001bddf7e98a0 Exception <a 'sun/nio/fs/WindowsException'{0x00000000866139a8}> (0x00000000866139a8) 
thrown [s\open\src\hotspot\share\prims\jni.cpp, line 520]
Event: 2.503 Thread 0x000001bddf7e98a0 Exception <a 'sun/nio/fs/WindowsException'{0x0000000086614e08}> (0x0000000086614e08) 
thrown [s\open\src\hotspot\share\prims\jni.cpp, line 520]
Event: 2.505 Thread 0x000001bddf7e98a0 Exception <a 'sun/nio/fs/WindowsException'{0x0000000086616f80}> (0x0000000086616f80) 
thrown [s\open\src\hotspot\share\prims\jni.cpp, line 520]
Event: 2.507 Thread 0x000001bddf7e98a0 Exception <a 'sun/nio/fs/WindowsException'{0x00000000866184a0}> (0x00000000866184a0) 
thrown [s\open\src\hotspot\share\prims\jni.cpp, line 520]
Event: 2.510 Thread 0x000001bddf7e98a0 Exception <a 'sun/nio/fs/WindowsException'{0x0000000086632f28}> (0x0000000086632f28) 
thrown [s\open\src\hotspot\share\prims\jni.cpp, line 520]
Event: 2.516 Thread 0x000001bddf7e98a0 Exception <a 'sun/nio/fs/WindowsException'{0x0000000086667060}> (0x0000000086667060) 
thrown [s\open\src\hotspot\share\prims\jni.cpp, line 520]
Event: 2.518 Thread 0x000001bddf7e98a0 Exception <a 'sun/nio/fs/WindowsException'{0x000000008668dc50}> (0x000000008668dc50) 
thrown [s\open\src\hotspot\share\prims\jni.cpp, line 520]
Event: 2.521 Thread 0x000001bddf7e98a0 Exception <a 'sun/nio/fs/WindowsException'{0x00000000866a0038}> (0x00000000866a0038) 
thrown [s\open\src\hotspot\share\prims\jni.cpp, line 520]
Event: 2.521 Thread 0x000001bddf7e98a0 Exception <a 'sun/nio/fs/WindowsException'{0x00000000866a14c0}> (0x00000000866a14c0) 
thrown [s\open\src\hotspot\share\prims\jni.cpp, line 520]
Event: 2.523 Thread 0x000001bddf7e98a0 Exception <a 'sun/nio/fs/WindowsException'{0x00000000866a2a80}> (0x00000000866a2a80) 
thrown [s\open\src\hotspot\share\prims\jni.cpp, line 520]
Event: 2.523 Thread 0x000001bddf7e98a0 Exception <a 'sun/nio/fs/WindowsException'{0x00000000866aa790}> (0x00000000866aa790) 
thrown [s\open\src\hotspot\share\prims\jni.cpp, line 520]
Event: 2.640 Thread 0x000001bddf7e98a0 Exception <a 'sun/nio/fs/WindowsException'{0x0000000087004158}> (0x0000000087004158) 
thrown [s\open\src\hotspot\share\prims\jni.cpp, line 520]
Event: 2.641 Thread 0x000001bddf7e98a0 Exception <a 'sun/nio/fs/WindowsException'{0x00000000870048b8}> (0x00000000870048b8) 
thrown [s\open\src\hotspot\share\prims\jni.cpp, line 520]
Event: 2.664 Thread 0x000001bddf7e98a0 Exception <a 'sun/nio/fs/WindowsException'{0x000000008709a640}> (0x000000008709a640) 
thrown [s\open\src\hotspot\share\prims\jni.cpp, line 520]
Event: 2.665 Thread 0x000001bddf7e98a0 Exception <a 'sun/nio/fs/WindowsException'{0x000000008709ada0}> (0x000000008709ada0) 
thrown [s\open\src\hotspot\share\prims\jni.cpp, line 520]
Event: 2.716 Thread 0x000001bddf7e98a0 Exception <a 'java/lang/NoSuchMethodError'{0x0000000086fa6390}: 'int java.lang.invoke.DirectMethodHandle$Holder.invokeStatic(java.lang.Object, java.lang.Object, java.lang.Object, java.lang.Object)'> (0x0000000086fa6390) 
thrown [s\open\src\hotspot\share\interpreter\linkResolver.cpp, line 773]
Event: 2.984 Thread 0x000001bddf7e98a0 Exception <a 'java/lang/NoSuchMethodError'{0x0000000086912330}: 'void java.lang.invoke.DirectMethodHandle$Holder.invokeVirtual(java.lang.Object, java.lang.Object)'> (0x0000000086912330) 
thrown [s\open\src\hotspot\share\interpreter\linkResolver.cpp, line 773]
Event: 3.042 Thread 0x000001bddf7e98a0 Exception <a 'java/lang/NoSuchMethodError'{0x00000000864d8648}: 'void java.lang.invoke.DirectMethodHandle$Holder.invokeStatic(java.lang.Object, java.lang.Object, java.lang.Object)'> (0x00000000864d8648) 
thrown [s\open\src\hotspot\share\interpreter\linkResolver.cpp, line 773]

ZGC Phase Switch (0 events):
No events

VM Operations (20 events):
Event: 2.301 Executing VM operation: G1PauseRemark done
Event: 2.309 Executing VM operation: HandshakeAllThreads (Deoptimize)
Event: 2.309 Executing VM operation: HandshakeAllThreads (Deoptimize) done
Event: 2.309 Executing VM operation: G1PauseCleanup
Event: 2.309 Executing VM operation: G1PauseCleanup done
Event: 2.555 Executing VM operation: G1CollectForAllocation (G1 Evacuation Pause)
Event: 2.564 Executing VM operation: G1CollectForAllocation (G1 Evacuation Pause) done
Event: 2.702 Executing VM operation: HandshakeAllThreads (Deoptimize)
Event: 2.702 Executing VM operation: HandshakeAllThreads (Deoptimize) done
Event: 2.703 Executing VM operation: HandshakeAllThreads (Deoptimize)
Event: 2.703 Executing VM operation: HandshakeAllThreads (Deoptimize) done
Event: 2.720 Executing VM operation: ICBufferFull
Event: 2.720 Executing VM operation: ICBufferFull done
Event: 2.863 Executing VM operation: ICBufferFull
Event: 2.864 Executing VM operation: ICBufferFull done
Event: 2.944 Executing VM operation: HandshakeAllThreads (Deoptimize)
Event: 2.944 Executing VM operation: HandshakeAllThreads (Deoptimize) done
Event: 2.978 Executing VM operation: ICBufferFull
Event: 2.978 Executing VM operation: ICBufferFull done
Event: 3.063 Executing VM operation: G1CollectForAllocation (G1 Evacuation Pause)

Events (20 events):
Event: 2.300 Thread 0x000001bddf8a5a40 flushing nmethod 0x000001bde7eaab10
Event: 2.300 Thread 0x000001bddf8a5a40 flushing nmethod 0x000001bde7eaa590
Event: 2.300 Thread 0x000001bddf8a5a40 flushing nmethod 0x000001bde7ea8c90
Event: 2.300 Thread 0x000001bddf8a5a40 flushing nmethod 0x000001bde7ea1510
Event: 2.300 Thread 0x000001bddf8a5a40 flushing nmethod 0x000001bde7e3f690
Event: 2.300 Thread 0x000001bddf8a5a40 flushing nmethod 0x000001bde7e2b690
Event: 2.300 Thread 0x000001bddf8a5a40 flushing nmethod 0x000001bde7e18690
Event: 2.300 Thread 0x000001bddf8a5a40 flushing nmethod 0x000001bde7ddfd90
Event: 2.300 Thread 0x000001bddf8a5a40 flushing nmethod 0x000001bde7dc2910
Event: 2.300 Thread 0x000001bddf8a5a40 flushing nmethod 0x000001bde7db4890
Event: 2.300 Thread 0x000001bddf8a5a40 flushing nmethod 0x000001bde7d4eb10
Event: 2.300 Thread 0x000001bddf8a5a40 flushing nmethod 0x000001bde7cf4710
Event: 2.300 Thread 0x000001bddf8a5a40 flushing nmethod 0x000001bde7ce5290
Event: 2.300 Thread 0x000001bddf8a5a40 flushing nmethod 0x000001bde7cb9810
Event: 2.300 Thread 0x000001bddf8a5a40 flushing nmethod 0x000001bde7cb7810
Event: 2.300 Thread 0x000001bddf8a5a40 flushing nmethod 0x000001bde7c88210
Event: 2.300 Thread 0x000001bddf8a5a40 flushing nmethod 0x000001bde7c5a410
Event: 2.300 Thread 0x000001bddf8a5a40 flushing nmethod 0x000001bdef7a8f90
Event: 2.300 Thread 0x000001bddf8a5a40 flushing nmethod 0x000001bdef75a690
Event: 2.327 Thread 0x000001bdfe734c50 Thread added: 0x000001bdfe734c50


Dynamic libraries:
0x00007ff7e5b70000 - 0x00007ff7e5b78000 	C:\Program Files\Java\jdk-21\bin\javac.exe
0x00007fff4ae10000 - 0x00007fff4b026000 	C:\WINDOWS\SYSTEM32\ntdll.dll
0x00007fff49db0000 - 0x00007fff49e74000 	C:\WINDOWS\System32\KERNEL32.DLL
0x00007fff48480000 - 0x00007fff48827000 	C:\WINDOWS\System32\KERNELBASE.dll
0x00007fff48980000 - 0x00007fff48a91000 	C:\WINDOWS\System32\ucrtbase.dll
0x00007fff426c0000 - 0x00007fff426db000 	C:\Program Files\Java\jdk-21\bin\VCRUNTIME140.dll
0x00007fff37810000 - 0x00007fff37829000 	C:\Program Files\Java\jdk-21\bin\jli.dll
0x00007fff49ec0000 - 0x00007fff49f72000 	C:\WINDOWS\System32\ADVAPI32.dll
0x00007fff4a6a0000 - 0x00007fff4a747000 	C:\WINDOWS\System32\msvcrt.dll
0x00007fff4a780000 - 0x00007fff4a828000 	C:\WINDOWS\System32\sechost.dll
0x00007fff48950000 - 0x00007fff48978000 	C:\WINDOWS\System32\bcrypt.dll
0x00007fff4a280000 - 0x00007fff4a395000 	C:\WINDOWS\System32\RPCRT4.dll
0x00007fff4a830000 - 0x00007fff4a9de000 	C:\WINDOWS\System32\USER32.dll
0x00007fff48aa0000 - 0x00007fff48ac6000 	C:\WINDOWS\System32\win32u.dll
0x00007fff47400000 - 0x00007fff47693000 	C:\WINDOWS\WinSxS\amd64_microsoft.windows.common-controls_6595b64144ccf1df_6.0.22621.3235_none_270f74e173860f98\COMCTL32.dll
0x00007fff49e90000 - 0x00007fff49eb9000 	C:\WINDOWS\System32\GDI32.dll
0x00007fff48830000 - 0x00007fff48949000 	C:\WINDOWS\System32\gdi32full.dll
0x00007fff483e0000 - 0x00007fff4847a000 	C:\WINDOWS\System32\msvcp_win.dll
0x00007fff3f170000 - 0x00007fff3f17a000 	C:\WINDOWS\SYSTEM32\VERSION.dll
0x00007fff4ad90000 - 0x00007fff4adc1000 	C:\WINDOWS\System32\IMM32.DLL
0x00007fff47940000 - 0x00007fff4794c000 	C:\Program Files\Java\jdk-21\bin\vcruntime140_1.dll
0x00007fff2dd50000 - 0x00007fff2ddde000 	C:\Program Files\Java\jdk-21\bin\msvcp140.dll
0x00007fff087d0000 - 0x00007fff094e7000 	C:\Program Files\Java\jdk-21\bin\server\jvm.dll
0x00007fff4a620000 - 0x00007fff4a691000 	C:\WINDOWS\System32\WS2_32.dll
0x00007fff48000000 - 0x00007fff4804d000 	C:\WINDOWS\SYSTEM32\POWRPROF.dll
0x00007fff40af0000 - 0x00007fff40b24000 	C:\WINDOWS\SYSTEM32\WINMM.dll
0x00007fff47fe0000 - 0x00007fff47ff3000 	C:\WINDOWS\SYSTEM32\UMPDC.dll
0x00007fff46a90000 - 0x00007fff46aa8000 	C:\WINDOWS\SYSTEM32\kernel.appcore.dll
0x00007fff44590000 - 0x00007fff4459a000 	C:\Program Files\Java\jdk-21\bin\jimage.dll
0x00007fff479c0000 - 0x00007fff47bf3000 	C:\WINDOWS\SYSTEM32\DBGHELP.DLL
0x00007fff4a9e0000 - 0x00007fff4ad68000 	C:\WINDOWS\System32\combase.dll
0x00007fff48bc0000 - 0x00007fff48c97000 	C:\WINDOWS\System32\OLEAUT32.dll
0x00007fff47880000 - 0x00007fff478b2000 	C:\WINDOWS\SYSTEM32\dbgcore.DLL
0x00007fff48360000 - 0x00007fff483d9000 	C:\WINDOWS\System32\bcryptPrimitives.dll
0x00007fff40d00000 - 0x00007fff40d1f000 	C:\Program Files\Java\jdk-21\bin\java.dll
0x00007fff490d0000 - 0x00007fff4992c000 	C:\WINDOWS\System32\SHELL32.dll
0x00007fff456b0000 - 0x00007fff45fa9000 	C:\WINDOWS\SYSTEM32\windows.storage.dll
0x00007fff45570000 - 0x00007fff456ae000 	C:\WINDOWS\SYSTEM32\wintypes.dll
0x00007fff4a170000 - 0x00007fff4a263000 	C:\WINDOWS\System32\SHCORE.dll
0x00007fff4a3a0000 - 0x00007fff4a3fe000 	C:\WINDOWS\System32\shlwapi.dll
0x00007fff48060000 - 0x00007fff48081000 	C:\WINDOWS\SYSTEM32\profapi.dll
0x00007fff2dbc0000 - 0x00007fff2dc97000 	C:\Program Files\Java\jdk-21\bin\jsvml.dll
0x00007fff42810000 - 0x00007fff42820000 	C:\Program Files\Java\jdk-21\bin\net.dll
0x00007fff413a0000 - 0x00007fff414d6000 	C:\WINDOWS\SYSTEM32\WINHTTP.dll
0x00007fff46ec0000 - 0x00007fff46f29000 	C:\WINDOWS\system32\mswsock.dll
0x00007fff40ce0000 - 0x00007fff40cf6000 	C:\Program Files\Java\jdk-21\bin\nio.dll
0x00007fff40cc0000 - 0x00007fff40cd8000 	C:\Program Files\Java\jdk-21\bin\zip.dll

dbghelp: loaded successfully - version: 4.0.5 - missing functions: none
symbol engine: initialized successfully - sym options: 0x614 - pdb path: .;C:\Program Files\Java\jdk-21\bin;C:\WINDOWS\SYSTEM32;C:\WINDOWS\WinSxS\amd64_microsoft.windows.common-controls_6595b64144ccf1df_6.0.22621.3235_none_270f74e173860f98;C:\Program Files\Java\jdk-21\bin\server

VM Arguments:
jvm_args: -Dapplication.home=C:\Program Files\Java\jdk-21 --add-modules=ALL-DEFAULT -Xms8m -Djdk.module.main=jdk.compiler 
java_command: jdk.compiler/com.sun.tools.javac.Main @C:\Users\Kiet\AppData\Local\Temp\files16627772013135720319
java_class_path (initial): <not set>
Launcher Type: SUN_STANDARD

[Global flags]
     intx CICompilerCount                          = 4                                         {product} {ergonomic}
     uint ConcGCThreads                            = 2                                         {product} {ergonomic}
     uint G1ConcRefinementThreads                  = 8                                         {product} {ergonomic}
   size_t G1HeapRegionSize                         = 1048576                                   {product} {ergonomic}
    uintx GCDrainStackTargetSize                   = 64                                        {product} {ergonomic}
   size_t InitialHeapSize                          = 8388608                                   {product} {command line}
   size_t MarkStackSize                            = 4194304                                   {product} {ergonomic}
   size_t MaxHeapSize                              = 2095054848                                {product} {ergonomic}
   size_t MaxNewSize                               = 1256194048                                {product} {ergonomic}
   size_t MinHeapDeltaBytes                        = 1048576                                   {product} {ergonomic}
   size_t MinHeapSize                              = 8388608                                   {product} {command line}
    uintx NonNMethodCodeHeapSize                   = 5839372                                {pd product} {ergonomic}
    uintx NonProfiledCodeHeapSize                  = 122909434                              {pd product} {ergonomic}
    uintx ProfiledCodeHeapSize                     = 122909434                              {pd product} {ergonomic}
    uintx ReservedCodeCacheSize                    = 251658240                              {pd product} {ergonomic}
     bool SegmentedCodeCache                       = true                                      {product} {ergonomic}
   size_t SoftMaxHeapSize                          = 2095054848                             {manageable} {ergonomic}
     bool UseCompressedOops                        = true                           {product lp64_product} {ergonomic}
     bool UseG1GC                                  = true                                      {product} {ergonomic}
     bool UseLargePagesIndividualAllocation        = false                                  {pd product} {ergonomic}

Logging:
Log output configuration:
 #0: stdout all=warning uptime,level,tags foldmultilines=false
 #1: stderr all=off uptime,level,tags foldmultilines=false

Environment Variables:
PATH=C:\Program Files\Common Files\Oracle\Java\javapath;C:\Program Files (x86)\Common Files\Oracle\Java\javapath;C:\WINDOWS\system32;C:\WINDOWS;C:\WINDOWS\System32\Wbem;C:\WINDOWS\System32\WindowsPowerShell\v1.0\;C:\WINDOWS\System32\OpenSSH\;C:\Program Files\dotnet\;C:\Program Files\Common Files\Oracle\Java\javapath;C:\Program Files\Java\jdk-11\bin;C:\Program Files (x86)\Microsoft SQL Server\160\Tools\Binn\;C:\Program Files\Microsoft SQL Server\160\Tools\Binn\;C:\Program Files\Microsoft SQL Server\Client SDK\ODBC\170\Tools\Binn\;C:\Program Files\Microsoft SQL Server\160\DTS\Binn\;C:\Program Files (x86)\Microsoft SQL Server\160\DTS\Binn\;C:\Program Files\Azure Data Studio\bin;C:\Program Files\apache-maven-3.9.6\bin;C:\Program Files\Git\cmd;C:\Program Files\nodejs\;C:\Program Files\Java\jdk-21\bin;C:\Users\Kiet\AppData\Local\Microsoft\WindowsApps;C:\Users\Kiet\AppData\Local\Programs\Microsoft VS Code\bin;C:\Users\Kiet\AppData\Local\GitHubDesktop\bin;C:\Users\Kiet\.dotnet\tools;C:\Program Files\Azure Data Studio\bin;C:\Users\Kiet\AppData\Roaming\npm
USERNAME=Kiet
OS=Windows_NT
PROCESSOR_IDENTIFIER=Intel64 Family 6 Model 126 Stepping 5, GenuineIntel
TMP=C:\Users\Kiet\AppData\Local\Temp
TEMP=C:\Users\Kiet\AppData\Local\Temp




Periodic native trim disabled

---------------  S Y S T E M  ---------------

OS:
 Windows 11 , 64 bit Build 22621 (10.0.22621.3374)
OS uptime: 0 days 22:51 hours

CPU: total 8 (initial active 8) (4 cores per cpu, 2 threads per core) family 6 model 126 stepping 5 microcode 0xa6, cx8, cmov, fxsr, ht, mmx, 3dnowpref, sse, sse2, sse3, ssse3, sse4.1, sse4.2, popcnt, lzcnt, tsc, tscinvbit, avx, avx2, aes, erms, clmul, bmi1, bmi2, adx, avx512f, avx512dq, avx512cd, avx512bw, avx512vl, sha, fma, vzeroupper, avx512_vpopcntdq, avx512_vpclmulqdq, avx512_vaes, avx512_vnni, clflush, clflushopt, avx512_vbmi2, avx512_vbmi, rdtscp, rdpid, fsrm, gfni, avx512_bitalg, f16c, pku, avx512_ifma
Processor Information for all 8 processors :
  Max Mhz: 1190, Current Mhz: 991, Mhz Limit: 987

Memory: 4k page, system-wide physical 7987M (864M free)
TotalPageFile size 10035M (AvailPageFile size 34M)
current process WorkingSet (physical memory assigned to process): 169M, peak: 172M
current process commit charge ("private bytes"): 201M, peak: 253M

vm_info: Java HotSpot(TM) 64-Bit Server VM (21.0.2+13-LTS-58) for windows-amd64 JRE (21.0.2+13-LTS-58), built on 2024-01-05T18:32:24Z by "mach5one" with MS VC++ 17.1 (VS2022)

END.
