#
# There is insufficient memory for the Java Runtime Environment to continue.
# Native memory allocation (malloc) failed to allocate 32744 bytes for ChunkPool::allocate
# Possible reasons:
#   The system is out of physical RAM or swap space
#   The process is running with CompressedOops enabled, and the Java Heap may be blocking the growth of the native heap
# Possible solutions:
#   Reduce memory load on the system
#   Increase physical memory or swap space
#   Check if swap backing store is full
#   Decrease Java heap size (-Xmx/-Xms)
#   Decrease number of Java threads
#   Decrease Java thread stack sizes (-Xss)
#   Set larger code cache with -XX:ReservedCodeCacheSize=
#   JVM is running with Unscaled Compressed Oops mode in which the Java heap is
#     placed in the first 4GB address space. The Java Heap base address is the
#     maximum limit for the native heap growth. Please use -XX:HeapBaseMinAddress
#     to set the Java Heap base and to place the Java Heap above 4GB virtual address.
# This output file may be truncated or incomplete.
#
#  Out of Memory Error (arena.cpp:79), pid=18860, tid=13876
#
# JRE version: OpenJDK Runtime Environment Temurin-17.0.10+7 (17.0.10+7) (build 17.0.10+7)
# Java VM: OpenJDK 64-Bit Server VM Temurin-17.0.10+7 (17.0.10+7, mixed mode, tiered, compressed oops, compressed class ptrs, parallel gc, windows-amd64)
# No core dump will be written. Minidumps are not enabled by default on client versions of Windows
#

---------------  S U M M A R Y ------------

Command Line: --add-modules=ALL-SYSTEM --add-opens=java.base/java.util=ALL-UNNAMED --add-opens=java.base/java.lang=ALL-UNNAMED --add-opens=java.base/sun.nio.fs=ALL-UNNAMED -Declipse.application=org.eclipse.jdt.ls.core.id1 -Dosgi.bundles.defaultStartLevel=4 -Declipse.product=org.eclipse.jdt.ls.core.product -Djava.import.generatesMetadataFilesAtProjectRoot=false -DDetectVMInstallationsJob.disabled=true -Dfile.encoding=utf8 -XX:+UseParallelGC -XX:GCTimeRatio=4 -XX:AdaptiveSizePolicyWeight=90 -Dsun.zip.disableMemoryMapping=true -Xmx1G -Xms100m -Xlog:disable -javaagent:c:\Users\Kiet\.vscode\extensions\redhat.java-1.30.0-win32-x64\lombok\lombok-1.18.32.jar c:\Users\Kiet\.vscode\extensions\redhat.java-1.30.0-win32-x64\server\plugins\org.eclipse.equinox.launcher_1.6.800.v20240330-1250.jar -configuration c:\Users\Kiet\AppData\Roaming\Code\User\globalStorage\redhat.java\1.30.0\config_ss_win -data c:\Users\Kiet\AppData\Roaming\Code\User\workspaceStorage\b3b38d78d4b70df6aa0616a4b888d3ad\redhat.java\ss_ws --pipe=\\.\pipe\lsp-28e3ccf4ba7f39c72f9e0237a20cb462-sock

Host: Intel(R) Core(TM) i5-1035G1 CPU @ 1.00GHz, 8 cores, 7G,  Windows 11 , 64 bit Build 22621 (10.0.22621.3374)
Time: Sun May 12 13:58:39 2024 SE Asia Standard Time elapsed time: 2.557687 seconds (0d 0h 0m 2s)

---------------  T H R E A D  ---------------

Current thread (0x00000234a8c7ea40):  JavaThread "C2 CompilerThread1" daemon [_thread_in_native, id=13876, stack(0x00000058edc00000,0x00000058edd00000)]


Current CompileTask:
C2:   2557 2373       4       lombok.patcher.PatchScript$MethodPatcher::visitMethod (158 bytes)

Stack: [0x00000058edc00000,0x00000058edd00000]
Native frames: (J=compiled Java code, j=interpreted, Vv=VM code, C=native code)
V  [jvm.dll+0x67d2c9]
V  [jvm.dll+0x834afa]
V  [jvm.dll+0x8365be]
V  [jvm.dll+0x836c23]
V  [jvm.dll+0x2477ff]
V  [jvm.dll+0xac711]
V  [jvm.dll+0xacb5c]
V  [jvm.dll+0x58651a]
V  [jvm.dll+0x584877]
V  [jvm.dll+0x2228a2]
V  [jvm.dll+0x222c8f]
V  [jvm.dll+0x21bdb6]
V  [jvm.dll+0x219201]
V  [jvm.dll+0x1a502d]
V  [jvm.dll+0x2290de]
V  [jvm.dll+0x2272ac]
V  [jvm.dll+0x7e9bb7]
V  [jvm.dll+0x7e3fba]
V  [jvm.dll+0x67c1b5]
C  [ucrtbase.dll+0x29333]
C  [KERNEL32.DLL+0x1257d]
C  [ntdll.dll+0x5aa48]


---------------  P R O C E S S  ---------------

Threads class SMR info:
_java_thread_list=0x00000234aa5e7a50, length=22, elements={
0x000002348f98e7a0, 0x00000234a3811020, 0x00000234a3812380, 0x00000234a88e4440,
0x00000234a88e4e10, 0x00000234a88e59d0, 0x00000234a88e7690, 0x00000234a88eaef0,
0x00000234a8946130, 0x00000234a8959b00, 0x00000234a8a1e3b0, 0x00000234a8bd7010,
0x00000234a8c7ea40, 0x00000234a8bd9420, 0x00000234aa4d5320, 0x00000234aa3af5c0,
0x00000234aa3b08e0, 0x00000234aa469850, 0x00000234aa501da0, 0x00000234aa361ee0,
0x00000234aa3623f0, 0x00000234aa3619d0
}

Java Threads: ( => current thread )
  0x000002348f98e7a0 JavaThread "main" [_thread_blocked, id=18372, stack(0x00000058ecd00000,0x00000058ece00000)]
  0x00000234a3811020 JavaThread "Reference Handler" daemon [_thread_blocked, id=17172, stack(0x00000058ed000000,0x00000058ed100000)]
  0x00000234a3812380 JavaThread "Finalizer" daemon [_thread_blocked, id=16544, stack(0x00000058ed100000,0x00000058ed200000)]
  0x00000234a88e4440 JavaThread "Signal Dispatcher" daemon [_thread_blocked, id=3796, stack(0x00000058ed200000,0x00000058ed300000)]
  0x00000234a88e4e10 JavaThread "Attach Listener" daemon [_thread_blocked, id=15316, stack(0x00000058ed300000,0x00000058ed400000)]
  0x00000234a88e59d0 JavaThread "Service Thread" daemon [_thread_blocked, id=18804, stack(0x00000058ed400000,0x00000058ed500000)]
  0x00000234a88e7690 JavaThread "Monitor Deflation Thread" daemon [_thread_blocked, id=21496, stack(0x00000058ed500000,0x00000058ed600000)]
  0x00000234a88eaef0 JavaThread "C2 CompilerThread0" daemon [_thread_in_native, id=9080, stack(0x00000058ed600000,0x00000058ed700000)]
  0x00000234a8946130 JavaThread "C1 CompilerThread0" daemon [_thread_blocked, id=10920, stack(0x00000058ed700000,0x00000058ed800000)]
  0x00000234a8959b00 JavaThread "Sweeper thread" daemon [_thread_blocked, id=13328, stack(0x00000058ed800000,0x00000058ed900000)]
  0x00000234a8a1e3b0 JavaThread "Common-Cleaner" daemon [_thread_blocked, id=19600, stack(0x00000058ed900000,0x00000058eda00000)]
  0x00000234a8bd7010 JavaThread "Notification Thread" daemon [_thread_blocked, id=11352, stack(0x00000058eda00000,0x00000058edb00000)]
=>0x00000234a8c7ea40 JavaThread "C2 CompilerThread1" daemon [_thread_in_native, id=13876, stack(0x00000058edc00000,0x00000058edd00000)]
  0x00000234a8bd9420 JavaThread "C2 CompilerThread2" daemon [_thread_in_native, id=3652, stack(0x00000058edd00000,0x00000058ede00000)]
  0x00000234aa4d5320 JavaThread "Active Thread: Equinox Container: fec68581-f44a-4d30-ad6c-1e73517cc077" [_thread_blocked, id=4180, stack(0x00000058ee400000,0x00000058ee500000)]
  0x00000234aa3af5c0 JavaThread "Framework Event Dispatcher: Equinox Container: fec68581-f44a-4d30-ad6c-1e73517cc077" daemon [_thread_blocked, id=2564, stack(0x00000058ee500000,0x00000058ee600000)]
  0x00000234aa3b08e0 JavaThread "Start Level: Equinox Container: fec68581-f44a-4d30-ad6c-1e73517cc077" daemon [_thread_in_vm, id=16144, stack(0x00000058ee600000,0x00000058ee700000)]
  0x00000234aa469850 JavaThread "SCR Component Actor" daemon [_thread_blocked, id=13252, stack(0x00000058ee700000,0x00000058ee800000)]
  0x00000234aa501da0 JavaThread "SCR Component Registry" daemon [_thread_blocked, id=7216, stack(0x00000058ee900000,0x00000058eea00000)]
  0x00000234aa361ee0 JavaThread "Worker-JM" [_thread_blocked, id=16148, stack(0x00000058eea00000,0x00000058eeb00000)]
  0x00000234aa3623f0 JavaThread "Worker-0" [_thread_blocked, id=9076, stack(0x00000058eeb00000,0x00000058eec00000)]
  0x00000234aa3619d0 JavaThread "Worker-1" [_thread_blocked, id=14688, stack(0x00000058eec00000,0x00000058eed00000)]

Other Threads:
  0x00000234a37079c0 VMThread "VM Thread" [stack: 0x00000058ecf00000,0x00000058ed000000] [id=1644]
  0x00000234a9ac8370 WatcherThread [stack: 0x00000058edb00000,0x00000058edc00000] [id=21032]
  0x000002348f9a38a0 GCTaskThread "GC Thread#0" [stack: 0x00000058ece00000,0x00000058ecf00000] [id=17712]
  0x00000234aa238260 GCTaskThread "GC Thread#1" [stack: 0x00000058ede00000,0x00000058edf00000] [id=6928]
  0x00000234aa0eb100 GCTaskThread "GC Thread#2" [stack: 0x00000058edf00000,0x00000058ee000000] [id=11212]
  0x00000234aa0eb3c0 GCTaskThread "GC Thread#3" [stack: 0x00000058ee000000,0x00000058ee100000] [id=2656]
  0x00000234aa0eb680 GCTaskThread "GC Thread#4" [stack: 0x00000058ee100000,0x00000058ee200000] [id=11036]
  0x00000234aa0e5a00 GCTaskThread "GC Thread#5" [stack: 0x00000058ee200000,0x00000058ee300000] [id=4000]
  0x00000234aa0e5cc0 GCTaskThread "GC Thread#6" [stack: 0x00000058ee300000,0x00000058ee400000] [id=2760]
  0x00000234aa4b9820 GCTaskThread "GC Thread#7" [stack: 0x00000058ee800000,0x00000058ee900000] [id=1588]

Threads with active compile tasks:
C2 CompilerThread0     2573 2377       4       org.lombokweb.asm.MethodWriter::<init> (232 bytes)
C2 CompilerThread1     2573 2373       4       lombok.patcher.PatchScript$MethodPatcher::visitMethod (158 bytes)
C2 CompilerThread2     2573 2338       4       org.lombokweb.asm.ClassReader::readMethod (1066 bytes)

VM state: not at safepoint (normal execution)

VM Mutex/Monitor currently owned by a thread:  ([mutex/lock_event])
[0x000002348f989d30] Metaspace_lock - owner thread: 0x00000234aa3b08e0

Heap address: 0x00000000c0000000, size: 1024 MB, Compressed Oops mode: 32-bit

CDS archive(s) not mapped
Compressed class space mapped at: 0x0000000100000000-0x0000000140000000, reserved size: 1073741824
Narrow klass base: 0x0000000000000000, Narrow klass shift: 3, Narrow klass range: 0x140000000

GC Precious Log:
 CPUs: 8 total, 8 available
 Memory: 7987M
 Large Page Support: Disabled
 NUMA Support: Disabled
 Compressed Oops: Enabled (32-bit)
 Alignments: Space 512K, Generation 512K, Heap 2M
 Heap Min Capacity: 100M
 Heap Initial Capacity: 100M
 Heap Max Capacity: 1G
 Pre-touch: Disabled
 Parallel Workers: 8

Heap:
 PSYoungGen      total 26112K, used 18222K [0x00000000eab00000, 0x00000000ec880000, 0x0000000100000000)
  eden space 25088K, 69% used [0x00000000eab00000,0x00000000ebbf7df0,0x00000000ec380000)
  from space 1024K, 82% used [0x00000000ec400000,0x00000000ec4d3de0,0x00000000ec500000)
  to   space 2560K, 0% used [0x00000000ec600000,0x00000000ec600000,0x00000000ec880000)
 ParOldGen       total 68608K, used 7162K [0x00000000c0000000, 0x00000000c4300000, 0x00000000eab00000)
  object space 68608K, 10% used [0x00000000c0000000,0x00000000c06fe980,0x00000000c4300000)
 Metaspace       used 26546K, committed 27008K, reserved 1114112K
  class space    used 2574K, committed 2816K, reserved 1048576K

Card table byte_map: [0x000002348f320000,0x000002348f530000] _byte_map_base: 0x000002348ed20000

Marking Bits: (ParMarkBitMap*) 0x00007ffebd99d7d0
 Begin Bits: [0x00000234a1620000, 0x00000234a2620000)
 End Bits:   [0x00000234a2620000, 0x00000234a3620000)

Polling page: 0x000002348d950000

Metaspace:

Usage:
  Non-class:     23.41 MB used.
      Class:      2.51 MB used.
       Both:     25.92 MB used.

Virtual space:
  Non-class space:       64.00 MB reserved,      23.62 MB ( 37%) committed,  1 nodes.
      Class space:        1.00 GB reserved,       2.75 MB ( <1%) committed,  1 nodes.
             Both:        1.06 GB reserved,      26.38 MB (  2%) committed. 

Chunk freelists:
   Non-Class:  8.28 MB
       Class:  13.30 MB
        Both:  21.58 MB

MaxMetaspaceSize: unlimited
CompressedClassSpaceSize: 1.00 GB
Initial GC threshold: 21.00 MB
Current GC threshold: 35.00 MB
CDS: off
MetaspaceReclaimPolicy: balanced
 - commit_granule_bytes: 65536.
 - commit_granule_words: 8192.
 - virtual_space_node_default_size: 8388608.
 - enlarge_chunks_in_place: 1.
 - new_chunks_are_fully_committed: 0.
 - uncommit_free_chunks: 1.
 - use_allocation_guard: 0.
 - handle_deallocations: 1.


Internal statistics:

num_allocs_failed_limit: 3.
num_arena_births: 276.
num_arena_deaths: 14.
num_vsnodes_births: 2.
num_vsnodes_deaths: 0.
num_space_committed: 422.
num_space_uncommitted: 0.
num_chunks_returned_to_freelist: 17.
num_chunks_taken_from_freelist: 1004.
num_chunk_merges: 8.
num_chunk_splits: 659.
num_chunks_enlarged: 455.
num_inconsistent_stats: 0.

CodeHeap 'non-profiled nmethods': size=120000Kb used=1002Kb max_used=1002Kb free=118997Kb
 bounds [0x000002349a0f0000, 0x000002349a360000, 0x00000234a1620000]
CodeHeap 'profiled nmethods': size=120000Kb used=4661Kb max_used=4661Kb free=115338Kb
 bounds [0x0000023492620000, 0x0000023492ab0000, 0x0000023499b50000]
CodeHeap 'non-nmethods': size=5760Kb used=1236Kb max_used=1255Kb free=4523Kb
 bounds [0x0000023499b50000, 0x0000023499dc0000, 0x000002349a0f0000]
 total_blobs=2911 nmethods=2375 adapters=450
 compilation: enabled
              stopped_count=0, restarted_count=0
 full_count=0

Compilation events (20 events):
Event: 2.486 Thread 0x00000234a8c7ea40 2370       4       lombok.patcher.MethodTarget::matches (29 bytes)
Event: 2.488 Thread 0x00000234a8946130 nmethod 2369 0x0000023492aa7190 code [0x0000023492aa7700, 0x0000023492aa9f88]
Event: 2.488 Thread 0x00000234a8946130 2371       3       org.lombokweb.asm.MethodWriter::visitMethodInsn (191 bytes)
Event: 2.488 Thread 0x00000234a8c7ea40 nmethod 2370 0x000002349a1e5f90 code [0x000002349a1e6120, 0x000002349a1e6358]
Event: 2.488 Thread 0x00000234a8c7ea40 2373       4       lombok.patcher.PatchScript$MethodPatcher::visitMethod (158 bytes)
Event: 2.489 Thread 0x00000234a8946130 nmethod 2371 0x0000023492aab090 code [0x0000023492aab2c0, 0x0000023492aabac8]
Event: 2.489 Thread 0x00000234a8946130 2372       3       org.lombokweb.asm.SymbolTable::addConstantMethodref (24 bytes)
Event: 2.489 Thread 0x00000234a8946130 nmethod 2372 0x0000023492aabe10 code [0x0000023492aabfc0, 0x0000023492aac168]
Event: 2.492 Thread 0x00000234a8946130 2375       3       org.lombokweb.asm.ByteVector::putByteArray (49 bytes)
Event: 2.493 Thread 0x00000234a8946130 nmethod 2375 0x0000023492aac210 code [0x0000023492aac3c0, 0x0000023492aac698]
Event: 2.494 Thread 0x00000234a8946130 2378       3       java.lang.String::subSequence (7 bytes)
Event: 2.495 Thread 0x00000234a8946130 nmethod 2378 0x0000023492aac790 code [0x0000023492aac920, 0x0000023492aaca68]
Event: 2.496 Thread 0x00000234a88eaef0 nmethod 2352 0x000002349a1e6510 code [0x000002349a1e6800, 0x000002349a1e8658]
Event: 2.496 Thread 0x00000234a88eaef0 2374       4       org.lombokweb.asm.Type::getArgumentsAndReturnSizes (140 bytes)
Event: 2.501 Thread 0x00000234a88eaef0 nmethod 2374 0x000002349a1e9a90 code [0x000002349a1e9c80, 0x000002349a1ea350]
Event: 2.501 Thread 0x00000234a88eaef0 2377       4       org.lombokweb.asm.MethodWriter::<init> (232 bytes)
Event: 2.515 Thread 0x00000234a8946130 2379       3       org.lombokweb.asm.Label::addForwardReference (102 bytes)
Event: 2.516 Thread 0x00000234a8946130 nmethod 2379 0x0000023492aacb10 code [0x0000023492aaccc0, 0x0000023492aad148]
Event: 2.529 Thread 0x00000234a8946130 2381       3       org.eclipse.core.internal.registry.Handle::<init> (15 bytes)
Event: 2.529 Thread 0x00000234a8946130 nmethod 2381 0x0000023492aad310 code [0x0000023492aad4a0, 0x0000023492aad618]

GC Heap History (12 events):
Event: 1.135 GC heap before
{Heap before GC invocations=1 (full 0):
 PSYoungGen      total 29696K, used 25600K [0x00000000eab00000, 0x00000000ecc00000, 0x0000000100000000)
  eden space 25600K, 100% used [0x00000000eab00000,0x00000000ec400000,0x00000000ec400000)
  from space 4096K, 0% used [0x00000000ec800000,0x00000000ec800000,0x00000000ecc00000)
  to   space 4096K, 0% used [0x00000000ec400000,0x00000000ec400000,0x00000000ec800000)
 ParOldGen       total 68608K, used 0K [0x00000000c0000000, 0x00000000c4300000, 0x00000000eab00000)
  object space 68608K, 0% used [0x00000000c0000000,0x00000000c0000000,0x00000000c4300000)
 Metaspace       used 10998K, committed 11200K, reserved 1114112K
  class space    used 1096K, committed 1216K, reserved 1048576K
}
Event: 1.140 GC heap after
{Heap after GC invocations=1 (full 0):
 PSYoungGen      total 29696K, used 3188K [0x00000000eab00000, 0x00000000ecc00000, 0x0000000100000000)
  eden space 25600K, 0% used [0x00000000eab00000,0x00000000eab00000,0x00000000ec400000)
  from space 4096K, 77% used [0x00000000ec400000,0x00000000ec71d298,0x00000000ec800000)
  to   space 4096K, 0% used [0x00000000ec800000,0x00000000ec800000,0x00000000ecc00000)
 ParOldGen       total 68608K, used 16K [0x00000000c0000000, 0x00000000c4300000, 0x00000000eab00000)
  object space 68608K, 0% used [0x00000000c0000000,0x00000000c0004000,0x00000000c4300000)
 Metaspace       used 10998K, committed 11200K, reserved 1114112K
  class space    used 1096K, committed 1216K, reserved 1048576K
}
Event: 1.626 GC heap before
{Heap before GC invocations=2 (full 0):
 PSYoungGen      total 29696K, used 28788K [0x00000000eab00000, 0x00000000ecc00000, 0x0000000100000000)
  eden space 25600K, 100% used [0x00000000eab00000,0x00000000ec400000,0x00000000ec400000)
  from space 4096K, 77% used [0x00000000ec400000,0x00000000ec71d298,0x00000000ec800000)
  to   space 4096K, 0% used [0x00000000ec800000,0x00000000ec800000,0x00000000ecc00000)
 ParOldGen       total 68608K, used 16K [0x00000000c0000000, 0x00000000c4300000, 0x00000000eab00000)
  object space 68608K, 0% used [0x00000000c0000000,0x00000000c0004000,0x00000000c4300000)
 Metaspace       used 14814K, committed 15104K, reserved 1114112K
  class space    used 1500K, committed 1664K, reserved 1048576K
}
Event: 1.630 GC heap after
{Heap after GC invocations=2 (full 0):
 PSYoungGen      total 29696K, used 4074K [0x00000000eab00000, 0x00000000ecc00000, 0x0000000100000000)
  eden space 25600K, 0% used [0x00000000eab00000,0x00000000eab00000,0x00000000ec400000)
  from space 4096K, 99% used [0x00000000ec800000,0x00000000ecbfaab8,0x00000000ecc00000)
  to   space 4096K, 0% used [0x00000000ec400000,0x00000000ec400000,0x00000000ec800000)
 ParOldGen       total 68608K, used 762K [0x00000000c0000000, 0x00000000c4300000, 0x00000000eab00000)
  object space 68608K, 1% used [0x00000000c0000000,0x00000000c00be830,0x00000000c4300000)
 Metaspace       used 14814K, committed 15104K, reserved 1114112K
  class space    used 1500K, committed 1664K, reserved 1048576K
}
Event: 1.940 GC heap before
{Heap before GC invocations=3 (full 0):
 PSYoungGen      total 29696K, used 29674K [0x00000000eab00000, 0x00000000ecc00000, 0x0000000100000000)
  eden space 25600K, 100% used [0x00000000eab00000,0x00000000ec400000,0x00000000ec400000)
  from space 4096K, 99% used [0x00000000ec800000,0x00000000ecbfaab8,0x00000000ecc00000)
  to   space 4096K, 0% used [0x00000000ec400000,0x00000000ec400000,0x00000000ec800000)
 ParOldGen       total 68608K, used 762K [0x00000000c0000000, 0x00000000c4300000, 0x00000000eab00000)
  object space 68608K, 1% used [0x00000000c0000000,0x00000000c00be830,0x00000000c4300000)
 Metaspace       used 19771K, committed 20096K, reserved 1114112K
  class space    used 2021K, committed 2176K, reserved 1048576K
}
Event: 1.944 GC heap after
{Heap after GC invocations=3 (full 0):
 PSYoungGen      total 29696K, used 4080K [0x00000000eab00000, 0x00000000ecc00000, 0x0000000100000000)
  eden space 25600K, 0% used [0x00000000eab00000,0x00000000eab00000,0x00000000ec400000)
  from space 4096K, 99% used [0x00000000ec400000,0x00000000ec7fc330,0x00000000ec800000)
  to   space 4096K, 0% used [0x00000000ec800000,0x00000000ec800000,0x00000000ecc00000)
 ParOldGen       total 68608K, used 2444K [0x00000000c0000000, 0x00000000c4300000, 0x00000000eab00000)
  object space 68608K, 3% used [0x00000000c0000000,0x00000000c0263220,0x00000000c4300000)
 Metaspace       used 19771K, committed 20096K, reserved 1114112K
  class space    used 2021K, committed 2176K, reserved 1048576K
}
Event: 2.151 GC heap before
{Heap before GC invocations=4 (full 0):
 PSYoungGen      total 29696K, used 12795K [0x00000000eab00000, 0x00000000ecc00000, 0x0000000100000000)
  eden space 25600K, 34% used [0x00000000eab00000,0x00000000eb382c70,0x00000000ec400000)
  from space 4096K, 99% used [0x00000000ec400000,0x00000000ec7fc330,0x00000000ec800000)
  to   space 4096K, 0% used [0x00000000ec800000,0x00000000ec800000,0x00000000ecc00000)
 ParOldGen       total 68608K, used 2444K [0x00000000c0000000, 0x00000000c4300000, 0x00000000eab00000)
  object space 68608K, 3% used [0x00000000c0000000,0x00000000c0263220,0x00000000c4300000)
 Metaspace       used 21060K, committed 21504K, reserved 1114112K
  class space    used 2159K, committed 2368K, reserved 1048576K
}
Event: 2.154 GC heap after
{Heap after GC invocations=4 (full 0):
 PSYoungGen      total 29696K, used 4064K [0x00000000eab00000, 0x00000000ecc00000, 0x0000000100000000)
  eden space 25600K, 0% used [0x00000000eab00000,0x00000000eab00000,0x00000000ec400000)
  from space 4096K, 99% used [0x00000000ec800000,0x00000000ecbf8340,0x00000000ecc00000)
  to   space 4096K, 0% used [0x00000000ec400000,0x00000000ec400000,0x00000000ec800000)
 ParOldGen       total 68608K, used 3241K [0x00000000c0000000, 0x00000000c4300000, 0x00000000eab00000)
  object space 68608K, 4% used [0x00000000c0000000,0x00000000c032a450,0x00000000c4300000)
 Metaspace       used 21060K, committed 21504K, reserved 1114112K
  class space    used 2159K, committed 2368K, reserved 1048576K
}
Event: 2.154 GC heap before
{Heap before GC invocations=5 (full 1):
 PSYoungGen      total 29696K, used 4064K [0x00000000eab00000, 0x00000000ecc00000, 0x0000000100000000)
  eden space 25600K, 0% used [0x00000000eab00000,0x00000000eab00000,0x00000000ec400000)
  from space 4096K, 99% used [0x00000000ec800000,0x00000000ecbf8340,0x00000000ecc00000)
  to   space 4096K, 0% used [0x00000000ec400000,0x00000000ec400000,0x00000000ec800000)
 ParOldGen       total 68608K, used 3241K [0x00000000c0000000, 0x00000000c4300000, 0x00000000eab00000)
  object space 68608K, 4% used [0x00000000c0000000,0x00000000c032a450,0x00000000c4300000)
 Metaspace       used 21060K, committed 21504K, reserved 1114112K
  class space    used 2159K, committed 2368K, reserved 1048576K
}
Event: 2.177 GC heap after
{Heap after GC invocations=5 (full 1):
 PSYoungGen      total 29696K, used 0K [0x00000000eab00000, 0x00000000ecc00000, 0x0000000100000000)
  eden space 25600K, 0% used [0x00000000eab00000,0x00000000eab00000,0x00000000ec400000)
  from space 4096K, 0% used [0x00000000ec800000,0x00000000ec800000,0x00000000ecc00000)
  to   space 4096K, 0% used [0x00000000ec400000,0x00000000ec400000,0x00000000ec800000)
 ParOldGen       total 68608K, used 7154K [0x00000000c0000000, 0x00000000c4300000, 0x00000000eab00000)
  object space 68608K, 10% used [0x00000000c0000000,0x00000000c06fc980,0x00000000c4300000)
 Metaspace       used 21047K, committed 21504K, reserved 1114112K
  class space    used 2156K, committed 2368K, reserved 1048576K
}
Event: 2.393 GC heap before
{Heap before GC invocations=6 (full 1):
 PSYoungGen      total 29696K, used 25600K [0x00000000eab00000, 0x00000000ecc00000, 0x0000000100000000)
  eden space 25600K, 100% used [0x00000000eab00000,0x00000000ec400000,0x00000000ec400000)
  from space 4096K, 0% used [0x00000000ec800000,0x00000000ec800000,0x00000000ecc00000)
  to   space 4096K, 0% used [0x00000000ec400000,0x00000000ec400000,0x00000000ec800000)
 ParOldGen       total 68608K, used 7154K [0x00000000c0000000, 0x00000000c4300000, 0x00000000eab00000)
  object space 68608K, 10% used [0x00000000c0000000,0x00000000c06fc980,0x00000000c4300000)
 Metaspace       used 24143K, committed 24576K, reserved 1114112K
  class space    used 2371K, committed 2560K, reserved 1048576K
}
Event: 2.394 GC heap after
{Heap after GC invocations=6 (full 1):
 PSYoungGen      total 26112K, used 847K [0x00000000eab00000, 0x00000000ec880000, 0x0000000100000000)
  eden space 25088K, 0% used [0x00000000eab00000,0x00000000eab00000,0x00000000ec380000)
  from space 1024K, 82% used [0x00000000ec400000,0x00000000ec4d3de0,0x00000000ec500000)
  to   space 2560K, 0% used [0x00000000ec600000,0x00000000ec600000,0x00000000ec880000)
 ParOldGen       total 68608K, used 7162K [0x00000000c0000000, 0x00000000c4300000, 0x00000000eab00000)
  object space 68608K, 10% used [0x00000000c0000000,0x00000000c06fe980,0x00000000c4300000)
 Metaspace       used 24143K, committed 24576K, reserved 1114112K
  class space    used 2371K, committed 2560K, reserved 1048576K
}

Dll operation events (9 events):
Event: 0.012 Loaded shared library c:\Users\Kiet\.vscode\extensions\redhat.java-1.30.0-win32-x64\jre\17.0.10-win32-x86_64\bin\java.dll
Event: 0.245 Loaded shared library c:\Users\Kiet\.vscode\extensions\redhat.java-1.30.0-win32-x64\jre\17.0.10-win32-x86_64\bin\zip.dll
Event: 0.249 Loaded shared library C:\Users\Kiet\.vscode\extensions\redhat.java-1.30.0-win32-x64\jre\17.0.10-win32-x86_64\bin\instrument.dll
Event: 0.274 Loaded shared library C:\Users\Kiet\.vscode\extensions\redhat.java-1.30.0-win32-x64\jre\17.0.10-win32-x86_64\bin\net.dll
Event: 0.278 Loaded shared library C:\Users\Kiet\.vscode\extensions\redhat.java-1.30.0-win32-x64\jre\17.0.10-win32-x86_64\bin\nio.dll
Event: 0.289 Loaded shared library C:\Users\Kiet\.vscode\extensions\redhat.java-1.30.0-win32-x64\jre\17.0.10-win32-x86_64\bin\zip.dll
Event: 0.322 Loaded shared library C:\Users\Kiet\.vscode\extensions\redhat.java-1.30.0-win32-x64\jre\17.0.10-win32-x86_64\bin\jimage.dll
Event: 0.425 Loaded shared library c:\Users\Kiet\.vscode\extensions\redhat.java-1.30.0-win32-x64\jre\17.0.10-win32-x86_64\bin\verify.dll
Event: 1.553 Loaded shared library C:\Users\Kiet\AppData\Roaming\Code\User\globalStorage\redhat.java\1.30.0\config_ss_win\org.eclipse.equinox.launcher\org.eclipse.equinox.launcher.win32.win32.x86_64_1.2.900.v20240213-1244\eclipse_11900.dll

Deoptimization events (20 events):
Event: 2.055 Thread 0x00000234aa3b08e0 Uncommon trap: trap_request=0xffffffcc fr.pc=0x000002349a1c99d4 relative=0x0000000000000334
Event: 2.055 Thread 0x00000234aa3b08e0 Uncommon trap: reason=intrinsic_or_type_checked_inlining action=make_not_entrant pc=0x000002349a1c99d4 method=java.util.Arrays.copyOf([Ljava/lang/Object;ILjava/lang/Class;)[Ljava/lang/Object; @ 35 c2
Event: 2.055 Thread 0x00000234aa3b08e0 DEOPT PACKING pc=0x000002349a1c99d4 sp=0x00000058ee6f7d30
Event: 2.055 Thread 0x00000234aa3b08e0 DEOPT UNPACKING pc=0x0000023499ba9ea3 sp=0x00000058ee6f7cc0 mode 2
Event: 2.057 Thread 0x00000234aa3b08e0 Uncommon trap: trap_request=0xffffffde fr.pc=0x000002349a1cc42c relative=0x000000000000010c
Event: 2.057 Thread 0x00000234aa3b08e0 Uncommon trap: reason=class_check action=maybe_recompile pc=0x000002349a1cc42c method=jdk.internal.misc.Unsafe.allocateUninitializedArray(Ljava/lang/Class;I)Ljava/lang/Object; @ 51 c2
Event: 2.057 Thread 0x00000234aa3b08e0 DEOPT PACKING pc=0x000002349a1cc42c sp=0x00000058ee6f7370
Event: 2.057 Thread 0x00000234aa3b08e0 DEOPT UNPACKING pc=0x0000023499ba9ea3 sp=0x00000058ee6f72f8 mode 2
Event: 2.266 Thread 0x00000234aa3b08e0 Uncommon trap: trap_request=0xffffff45 fr.pc=0x000002349a1d886c relative=0x00000000000007ac
Event: 2.266 Thread 0x00000234aa3b08e0 Uncommon trap: reason=unstable_if action=reinterpret pc=0x000002349a1d886c method=org.lombokweb.asm.ClassReader.readUTF8(I[C)Ljava/lang/String; @ 11 c2
Event: 2.266 Thread 0x00000234aa3b08e0 DEOPT PACKING pc=0x000002349a1d886c sp=0x00000058ee6efa50
Event: 2.266 Thread 0x00000234aa3b08e0 DEOPT UNPACKING pc=0x0000023499ba9ea3 sp=0x00000058ee6efa48 mode 2
Event: 2.466 Thread 0x00000234aa3b08e0 Uncommon trap: trap_request=0xffffff45 fr.pc=0x000002349a1e14d4 relative=0x0000000000000154
Event: 2.467 Thread 0x00000234aa3b08e0 Uncommon trap: reason=unstable_if action=reinterpret pc=0x000002349a1e14d4 method=org.lombokweb.asm.ByteVector.putByteArray([BII)Lorg/lombokweb/asm/ByteVector; @ 20 c2
Event: 2.467 Thread 0x00000234aa3b08e0 DEOPT PACKING pc=0x000002349a1e14d4 sp=0x00000058ee6ef080
Event: 2.467 Thread 0x00000234aa3b08e0 DEOPT UNPACKING pc=0x0000023499ba9ea3 sp=0x00000058ee6ef050 mode 2
Event: 2.467 Thread 0x00000234aa3b08e0 Uncommon trap: trap_request=0xffffff45 fr.pc=0x000002349a1e1b54 relative=0x0000000000000334
Event: 2.467 Thread 0x00000234aa3b08e0 Uncommon trap: reason=unstable_if action=reinterpret pc=0x000002349a1e1b54 method=org.lombokweb.asm.Label.resolve([BLorg/lombokweb/asm/ByteVector;I)Z @ 81 c2
Event: 2.467 Thread 0x00000234aa3b08e0 DEOPT PACKING pc=0x000002349a1e1b54 sp=0x00000058ee6ef100
Event: 2.467 Thread 0x00000234aa3b08e0 DEOPT UNPACKING pc=0x0000023499ba9ea3 sp=0x00000058ee6ef008 mode 2

Classes unloaded (7 events):
Event: 2.159 Thread 0x00000234a37079c0 Unloading class 0x000000010021a400 'java/lang/invoke/LambdaForm$MH+0x000000010021a400'
Event: 2.159 Thread 0x00000234a37079c0 Unloading class 0x000000010021a000 'java/lang/invoke/LambdaForm$MH+0x000000010021a000'
Event: 2.159 Thread 0x00000234a37079c0 Unloading class 0x0000000100219c00 'java/lang/invoke/LambdaForm$MH+0x0000000100219c00'
Event: 2.159 Thread 0x00000234a37079c0 Unloading class 0x0000000100219800 'java/lang/invoke/LambdaForm$MH+0x0000000100219800'
Event: 2.159 Thread 0x00000234a37079c0 Unloading class 0x0000000100219400 'java/lang/invoke/LambdaForm$BMH+0x0000000100219400'
Event: 2.159 Thread 0x00000234a37079c0 Unloading class 0x0000000100219000 'java/lang/invoke/LambdaForm$DMH+0x0000000100219000'
Event: 2.159 Thread 0x00000234a37079c0 Unloading class 0x0000000100214400 'java/lang/invoke/LambdaForm$DMH+0x0000000100214400'

Classes redefined (0 events):
No events

Internal exceptions (20 events):
Event: 1.884 Thread 0x00000234aa3b08e0 Exception <a 'java/lang/NoSuchMethodError'{0x00000000ec03b448}: 'java.lang.Object java.lang.invoke.DirectMethodHandle$Holder.invokeStatic(java.lang.Object, java.lang.Object, java.lang.Object, java.lang.Object, int)'> (0x00000000ec03b448) 
thrown [s\src\hotspot\share\interpreter\linkResolver.cpp, line 759]
Event: 1.885 Thread 0x00000234aa3b08e0 Exception <a 'java/lang/NoSuchMethodError'{0x00000000ec047680}: 'java.lang.Object java.lang.invoke.DelegatingMethodHandle$Holder.reinvoke_L(java.lang.Object, java.lang.Object, java.lang.Object, java.lang.Object, int, int)'> (0x00000000ec047680) 
thrown [s\src\hotspot\share\interpreter\linkResolver.cpp, line 759]
Event: 1.886 Thread 0x00000234aa3b08e0 Exception <a 'java/lang/NoSuchMethodError'{0x00000000ec05baa0}: 'java.lang.Object java.lang.invoke.Invokers$Holder.invokeExact_MT(java.lang.Object, java.lang.Object, java.lang.Object, java.lang.Object)'> (0x00000000ec05baa0) 
thrown [s\src\hotspot\share\interpreter\linkResolver.cpp, line 759]
Event: 1.926 Thread 0x00000234aa3b08e0 Exception <a 'java/io/FileNotFoundException'{0x00000000ec2ea990}> (0x00000000ec2ea990) 
thrown [s\src\hotspot\share\prims\jni.cpp, line 516]
Event: 1.927 Thread 0x00000234aa3b08e0 Exception <a 'java/io/FileNotFoundException'{0x00000000ec2f1eb0}> (0x00000000ec2f1eb0) 
thrown [s\src\hotspot\share\prims\jni.cpp, line 516]
Event: 1.999 Thread 0x00000234aa3b08e0 Exception <a 'java/lang/NoSuchMethodError'{0x00000000eadbb1f0}: 'java.lang.Object java.lang.invoke.DirectMethodHandle$Holder.newInvokeSpecial(java.lang.Object, java.lang.Object, java.lang.Object, java.lang.Object, java.lang.Object)'> (0x00000000eadbb1f0) 
thrown [s\src\hotspot\share\interpreter\linkResolver.cpp, line 759]
Event: 2.030 Thread 0x00000234aa3b08e0 Exception <a 'java/lang/NoSuchMethodError'{0x00000000eaef71b0}: 'java.lang.Object java.lang.invoke.DirectMethodHandle$Holder.invokeStaticInit(java.lang.Object, int)'> (0x00000000eaef71b0) 
thrown [s\src\hotspot\share\interpreter\linkResolver.cpp, line 759]
Event: 2.087 Thread 0x00000234aa3b08e0 Exception <a 'java/lang/NoSuchMethodError'{0x00000000eb134330}: 'java.lang.Object java.lang.invoke.DirectMethodHandle$Holder.invokeSpecial(java.lang.Object, java.lang.Object, java.lang.Object, long, java.lang.Object)'> (0x00000000eb134330) 
thrown [s\src\hotspot\share\interpreter\linkResolver.cpp, line 759]
Event: 2.088 Thread 0x00000234aa3b08e0 Exception <a 'java/lang/NoSuchMethodError'{0x00000000eb13c4e8}: 'java.lang.Object java.lang.invoke.DirectMethodHandle$Holder.newInvokeSpecial(java.lang.Object, java.lang.Object, java.lang.Object, long)'> (0x00000000eb13c4e8) 
thrown [s\src\hotspot\share\interpreter\linkResolver.cpp, line 759]
Event: 2.088 Thread 0x00000234aa3b08e0 Exception <a 'java/lang/NoSuchMethodError'{0x00000000eb140a88}: 'java.lang.Object java.lang.invoke.DirectMethodHandle$Holder.invokeSpecial(java.lang.Object, java.lang.Object, java.lang.Object, java.lang.Object, long)'> (0x00000000eb140a88) 
thrown [s\src\hotspot\share\interpreter\linkResolver.cpp, line 759]
Event: 2.089 Thread 0x00000234aa3b08e0 Exception <a 'java/lang/NoSuchMethodError'{0x00000000eb144900}: 'java.lang.Object java.lang.invoke.Invokers$Holder.linkToTargetMethod(java.lang.Object, java.lang.Object, long, java.lang.Object)'> (0x00000000eb144900) 
thrown [s\src\hotspot\share\interpreter\linkResolver.cpp, line 759]
Event: 2.099 Thread 0x00000234aa3b08e0 Exception <a 'java/lang/NoSuchMethodError'{0x00000000eb1c6bd0}: 'int java.lang.invoke.DirectMethodHandle$Holder.invokeStaticInit(java.lang.Object, java.lang.Object, java.lang.Object)'> (0x00000000eb1c6bd0) 
thrown [s\src\hotspot\share\interpreter\linkResolver.cpp, line 759]
Event: 2.117 Thread 0x00000234aa3b08e0 Exception <a 'java/lang/IncompatibleClassChangeError'{0x00000000eb24aaf8}: Found class java.lang.Object, but interface was expected> (0x00000000eb24aaf8) 
thrown [s\src\hotspot\share\interpreter\linkResolver.cpp, line 826]
Event: 2.120 Thread 0x00000234aa3b08e0 Exception <a 'java/lang/NoSuchMethodError'{0x00000000eb25da30}: 'java.lang.Object java.lang.invoke.DirectMethodHandle$Holder.invokeSpecial(java.lang.Object, java.lang.Object, java.lang.Object, int, java.lang.Object, java.lang.Object)'> (0x00000000eb25da30) 
thrown [s\src\hotspot\share\interpreter\linkResolver.cpp, line 759]
Event: 2.121 Thread 0x00000234aa3b08e0 Exception <a 'java/lang/NoSuchMethodError'{0x00000000eb2661b8}: 'java.lang.Object java.lang.invoke.DirectMethodHandle$Holder.newInvokeSpecial(java.lang.Object, java.lang.Object, java.lang.Object, int, java.lang.Object)'> (0x00000000eb2661b8) 
thrown [s\src\hotspot\share\interpreter\linkResolver.cpp, line 759]
Event: 2.121 Thread 0x00000234aa3b08e0 Exception <a 'java/lang/NoSuchMethodError'{0x00000000eb26a610}: 'java.lang.Object java.lang.invoke.DirectMethodHandle$Holder.invokeSpecial(java.lang.Object, java.lang.Object, java.lang.Object, java.lang.Object, int, java.lang.Object)'> (0x00000000eb26a610) 
thrown [s\src\hotspot\share\interpreter\linkResolver.cpp, line 759]
Event: 2.122 Thread 0x00000234aa3623f0 Exception <a 'java/lang/NoSuchMethodError'{0x00000000eb192bf8}: 'java.lang.Object java.lang.invoke.DirectMethodHandle$Holder.invokeSpecial(java.lang.Object, java.lang.Object, int, java.lang.Object, java.lang.Object)'> (0x00000000eb192bf8) 
thrown [s\src\hotspot\share\interpreter\linkResolver.cpp, line 759]
Event: 2.125 Thread 0x00000234aa3623f0 Exception <a 'java/lang/NoSuchMethodError'{0x00000000eb19a2c8}: 'java.lang.Object java.lang.invoke.DirectMethodHandle$Holder.newInvokeSpecial(java.lang.Object, java.lang.Object, int, java.lang.Object)'> (0x00000000eb19a2c8) 
thrown [s\src\hotspot\share\interpreter\linkResolver.cpp, line 759]
Event: 2.126 Thread 0x00000234aa3623f0 Exception <a 'java/lang/NoSuchMethodError'{0x00000000eb19ddd8}: 'java.lang.Object java.lang.invoke.DirectMethodHandle$Holder.invokeSpecial(java.lang.Object, java.lang.Object, java.lang.Object, int, java.lang.Object)'> (0x00000000eb19ddd8) 
thrown [s\src\hotspot\share\interpreter\linkResolver.cpp, line 759]
Event: 2.466 Thread 0x00000234aa3b08e0 Implicit null exception at 0x000002349a1e13c8 to 0x000002349a1e14b4

VM Operations (20 events):
Event: 1.429 Executing VM operation: HandshakeAllThreads
Event: 1.429 Executing VM operation: HandshakeAllThreads done
Event: 1.439 Executing VM operation: HandshakeAllThreads
Event: 1.439 Executing VM operation: HandshakeAllThreads done
Event: 1.602 Executing VM operation: HandshakeAllThreads
Event: 1.603 Executing VM operation: HandshakeAllThreads done
Event: 1.626 Executing VM operation: ParallelGCFailedAllocation
Event: 1.630 Executing VM operation: ParallelGCFailedAllocation done
Event: 1.812 Executing VM operation: HandshakeAllThreads
Event: 1.812 Executing VM operation: HandshakeAllThreads done
Event: 1.880 Executing VM operation: HandshakeAllThreads
Event: 1.880 Executing VM operation: HandshakeAllThreads done
Event: 1.940 Executing VM operation: ParallelGCFailedAllocation
Event: 1.944 Executing VM operation: ParallelGCFailedAllocation done
Event: 2.151 Executing VM operation: CollectForMetadataAllocation
Event: 2.177 Executing VM operation: CollectForMetadataAllocation done
Event: 2.181 Executing VM operation: HandshakeAllThreads
Event: 2.181 Executing VM operation: HandshakeAllThreads done
Event: 2.393 Executing VM operation: ParallelGCFailedAllocation
Event: 2.394 Executing VM operation: ParallelGCFailedAllocation done

Events (20 events):
Event: 2.237 loading class java/io/StringReader
Event: 2.237 loading class java/io/StringReader done
Event: 2.241 loading class java/util/zip/GZIPInputStream
Event: 2.242 loading class java/util/zip/GZIPInputStream done
Event: 2.243 loading class java/net/SocketTimeoutException
Event: 2.243 loading class java/io/InterruptedIOException
Event: 2.243 loading class java/io/InterruptedIOException done
Event: 2.243 loading class java/net/SocketTimeoutException done
Event: 2.243 loading class java/net/SocketException
Event: 2.243 loading class java/net/SocketException done
Event: 2.243 loading class java/net/UnknownHostException
Event: 2.243 loading class java/net/UnknownHostException done
Event: 2.243 loading class java/net/ProtocolException
Event: 2.243 loading class java/net/ProtocolException done
Event: 2.253 loading class java/lang/ThreadLocal$SuppliedThreadLocal
Event: 2.253 loading class java/lang/ThreadLocal$SuppliedThreadLocal done
Event: 2.261 loading class java/io/FileWriter
Event: 2.261 loading class java/io/FileWriter done
Event: 2.328 loading class java/lang/NegativeArraySizeException
Event: 2.328 loading class java/lang/NegativeArraySizeException done


Dynamic libraries:
0x00007ff653410000 - 0x00007ff65341e000 	c:\Users\Kiet\.vscode\extensions\redhat.java-1.30.0-win32-x64\jre\17.0.10-win32-x86_64\bin\java.exe
0x00007fff4ae10000 - 0x00007fff4b026000 	C:\WINDOWS\SYSTEM32\ntdll.dll
0x00007fff49db0000 - 0x00007fff49e74000 	C:\WINDOWS\System32\KERNEL32.DLL
0x00007fff48480000 - 0x00007fff48827000 	C:\WINDOWS\System32\KERNELBASE.dll
0x00007fff48980000 - 0x00007fff48a91000 	C:\WINDOWS\System32\ucrtbase.dll
0x00007fff23bd0000 - 0x00007fff23beb000 	c:\Users\Kiet\.vscode\extensions\redhat.java-1.30.0-win32-x64\jre\17.0.10-win32-x86_64\bin\VCRUNTIME140.dll
0x00007fff159b0000 - 0x00007fff159c7000 	c:\Users\Kiet\.vscode\extensions\redhat.java-1.30.0-win32-x64\jre\17.0.10-win32-x86_64\bin\jli.dll
0x00007fff4a830000 - 0x00007fff4a9de000 	C:\WINDOWS\System32\USER32.dll
0x00007fff47400000 - 0x00007fff47693000 	C:\WINDOWS\WinSxS\amd64_microsoft.windows.common-controls_6595b64144ccf1df_6.0.22621.3235_none_270f74e173860f98\COMCTL32.dll
0x00007fff4a6a0000 - 0x00007fff4a747000 	C:\WINDOWS\System32\msvcrt.dll
0x00007fff49e90000 - 0x00007fff49eb9000 	C:\WINDOWS\System32\GDI32.dll
0x00007fff48aa0000 - 0x00007fff48ac6000 	C:\WINDOWS\System32\win32u.dll
0x00007fff48830000 - 0x00007fff48949000 	C:\WINDOWS\System32\gdi32full.dll
0x00007fff483e0000 - 0x00007fff4847a000 	C:\WINDOWS\System32\msvcp_win.dll
0x00007fff4ad90000 - 0x00007fff4adc1000 	C:\WINDOWS\System32\IMM32.DLL
0x00007fff26950000 - 0x00007fff2695c000 	c:\Users\Kiet\.vscode\extensions\redhat.java-1.30.0-win32-x64\jre\17.0.10-win32-x86_64\bin\vcruntime140_1.dll
0x00007fff13110000 - 0x00007fff1319d000 	c:\Users\Kiet\.vscode\extensions\redhat.java-1.30.0-win32-x64\jre\17.0.10-win32-x86_64\bin\msvcp140.dll
0x00007ffebce00000 - 0x00007ffebda62000 	c:\Users\Kiet\.vscode\extensions\redhat.java-1.30.0-win32-x64\jre\17.0.10-win32-x86_64\bin\server\jvm.dll
0x00007fff49ec0000 - 0x00007fff49f72000 	C:\WINDOWS\System32\ADVAPI32.dll
0x00007fff4a780000 - 0x00007fff4a828000 	C:\WINDOWS\System32\sechost.dll
0x00007fff48950000 - 0x00007fff48978000 	C:\WINDOWS\System32\bcrypt.dll
0x00007fff4a280000 - 0x00007fff4a395000 	C:\WINDOWS\System32\RPCRT4.dll
0x00007fff48000000 - 0x00007fff4804d000 	C:\WINDOWS\SYSTEM32\POWRPROF.dll
0x00007fff256f0000 - 0x00007fff256f9000 	C:\WINDOWS\SYSTEM32\WSOCK32.dll
0x00007fff4a620000 - 0x00007fff4a691000 	C:\WINDOWS\System32\WS2_32.dll
0x00007fff40af0000 - 0x00007fff40b24000 	C:\WINDOWS\SYSTEM32\WINMM.dll
0x00007fff3f170000 - 0x00007fff3f17a000 	C:\WINDOWS\SYSTEM32\VERSION.dll
0x00007fff47fe0000 - 0x00007fff47ff3000 	C:\WINDOWS\SYSTEM32\UMPDC.dll
0x00007fff46a90000 - 0x00007fff46aa8000 	C:\WINDOWS\SYSTEM32\kernel.appcore.dll
0x00007fff245a0000 - 0x00007fff245aa000 	c:\Users\Kiet\.vscode\extensions\redhat.java-1.30.0-win32-x64\jre\17.0.10-win32-x86_64\bin\jimage.dll
0x00007fff479c0000 - 0x00007fff47bf3000 	C:\WINDOWS\SYSTEM32\DBGHELP.DLL
0x00007fff4a9e0000 - 0x00007fff4ad68000 	C:\WINDOWS\System32\combase.dll
0x00007fff48bc0000 - 0x00007fff48c97000 	C:\WINDOWS\System32\OLEAUT32.dll
0x00007fff47880000 - 0x00007fff478b2000 	C:\WINDOWS\SYSTEM32\dbgcore.DLL
0x00007fff48360000 - 0x00007fff483d9000 	C:\WINDOWS\System32\bcryptPrimitives.dll
0x00007fff234b0000 - 0x00007fff234be000 	c:\Users\Kiet\.vscode\extensions\redhat.java-1.30.0-win32-x64\jre\17.0.10-win32-x86_64\bin\instrument.dll
0x00007fff130e0000 - 0x00007fff13105000 	c:\Users\Kiet\.vscode\extensions\redhat.java-1.30.0-win32-x64\jre\17.0.10-win32-x86_64\bin\java.dll
0x00007fff0c300000 - 0x00007fff0c318000 	c:\Users\Kiet\.vscode\extensions\redhat.java-1.30.0-win32-x64\jre\17.0.10-win32-x86_64\bin\zip.dll
0x00007fff490d0000 - 0x00007fff4992c000 	C:\WINDOWS\System32\SHELL32.dll
0x00007fff456b0000 - 0x00007fff45fa9000 	C:\WINDOWS\SYSTEM32\windows.storage.dll
0x00007fff45570000 - 0x00007fff456ae000 	C:\WINDOWS\SYSTEM32\wintypes.dll
0x00007fff4a170000 - 0x00007fff4a263000 	C:\WINDOWS\System32\SHCORE.dll
0x00007fff4a3a0000 - 0x00007fff4a3fe000 	C:\WINDOWS\System32\shlwapi.dll
0x00007fff48060000 - 0x00007fff48081000 	C:\WINDOWS\SYSTEM32\profapi.dll
0x00007ffeeae00000 - 0x00007ffeeae19000 	C:\Users\Kiet\.vscode\extensions\redhat.java-1.30.0-win32-x64\jre\17.0.10-win32-x86_64\bin\net.dll
0x00007fff413a0000 - 0x00007fff414d6000 	C:\WINDOWS\SYSTEM32\WINHTTP.dll
0x00007fff46ec0000 - 0x00007fff46f29000 	C:\WINDOWS\system32\mswsock.dll
0x00007ffee9540000 - 0x00007ffee9556000 	C:\Users\Kiet\.vscode\extensions\redhat.java-1.30.0-win32-x64\jre\17.0.10-win32-x86_64\bin\nio.dll
0x00007fff23310000 - 0x00007fff23320000 	c:\Users\Kiet\.vscode\extensions\redhat.java-1.30.0-win32-x64\jre\17.0.10-win32-x86_64\bin\verify.dll
0x00007fff0aa30000 - 0x00007fff0aa6e000 	C:\Users\Kiet\AppData\Roaming\Code\User\globalStorage\redhat.java\1.30.0\config_ss_win\org.eclipse.equinox.launcher\org.eclipse.equinox.launcher.win32.win32.x86_64_1.2.900.v20240213-1244\eclipse_11900.dll
0x00007fff48f20000 - 0x00007fff490c5000 	C:\WINDOWS\System32\ole32.dll

dbghelp: loaded successfully - version: 4.0.5 - missing functions: none
symbol engine: initialized successfully - sym options: 0x614 - pdb path: .;c:\Users\Kiet\.vscode\extensions\redhat.java-1.30.0-win32-x64\jre\17.0.10-win32-x86_64\bin;C:\WINDOWS\SYSTEM32;C:\WINDOWS\WinSxS\amd64_microsoft.windows.common-controls_6595b64144ccf1df_6.0.22621.3235_none_270f74e173860f98;c:\Users\Kiet\.vscode\extensions\redhat.java-1.30.0-win32-x64\jre\17.0.10-win32-x86_64\bin\server;C:\Users\Kiet\AppData\Roaming\Code\User\globalStorage\redhat.java\1.30.0\config_ss_win\org.eclipse.equinox.launcher\org.eclipse.equinox.launcher.win32.win32.x86_64_1.2.900.v20240213-1244

VM Arguments:
jvm_args: --add-modules=ALL-SYSTEM --add-opens=java.base/java.util=ALL-UNNAMED --add-opens=java.base/java.lang=ALL-UNNAMED --add-opens=java.base/sun.nio.fs=ALL-UNNAMED -Declipse.application=org.eclipse.jdt.ls.core.id1 -Dosgi.bundles.defaultStartLevel=4 -Declipse.product=org.eclipse.jdt.ls.core.product -Djava.import.generatesMetadataFilesAtProjectRoot=false -DDetectVMInstallationsJob.disabled=true -Dfile.encoding=utf8 -XX:+UseParallelGC -XX:GCTimeRatio=4 -XX:AdaptiveSizePolicyWeight=90 -Dsun.zip.disableMemoryMapping=true -Xmx1G -Xms100m -Xlog:disable -javaagent:c:\Users\Kiet\.vscode\extensions\redhat.java-1.30.0-win32-x64\lombok\lombok-1.18.32.jar 
java_command: c:\Users\Kiet\.vscode\extensions\redhat.java-1.30.0-win32-x64\server\plugins\org.eclipse.equinox.launcher_1.6.800.v20240330-1250.jar -configuration c:\Users\Kiet\AppData\Roaming\Code\User\globalStorage\redhat.java\1.30.0\config_ss_win -data c:\Users\Kiet\AppData\Roaming\Code\User\workspaceStorage\b3b38d78d4b70df6aa0616a4b888d3ad\redhat.java\ss_ws --pipe=\\.\pipe\lsp-28e3ccf4ba7f39c72f9e0237a20cb462-sock
java_class_path (initial): c:\Users\Kiet\.vscode\extensions\redhat.java-1.30.0-win32-x64\server\plugins\org.eclipse.equinox.launcher_1.6.800.v20240330-1250.jar
Launcher Type: SUN_STANDARD

[Global flags]
    uintx AdaptiveSizePolicyWeight                 = 90                                        {product} {command line}
     intx CICompilerCount                          = 4                                         {product} {ergonomic}
    uintx GCTimeRatio                              = 4                                         {product} {command line}
   size_t InitialHeapSize                          = 104857600                                 {product} {command line}
   size_t MaxHeapSize                              = 1073741824                                {product} {command line}
   size_t MaxNewSize                               = 357564416                                 {product} {ergonomic}
   size_t MinHeapDeltaBytes                        = 524288                                    {product} {ergonomic}
   size_t MinHeapSize                              = 104857600                                 {product} {command line}
   size_t NewSize                                  = 34603008                                  {product} {ergonomic}
    uintx NonNMethodCodeHeapSize                   = 5839372                                {pd product} {ergonomic}
    uintx NonProfiledCodeHeapSize                  = 122909434                              {pd product} {ergonomic}
   size_t OldSize                                  = 70254592                                  {product} {ergonomic}
    uintx ProfiledCodeHeapSize                     = 122909434                              {pd product} {ergonomic}
    uintx ReservedCodeCacheSize                    = 251658240                              {pd product} {ergonomic}
     bool SegmentedCodeCache                       = true                                      {product} {ergonomic}
   size_t SoftMaxHeapSize                          = 1073741824                             {manageable} {ergonomic}
     bool UseCompressedClassPointers               = true                           {product lp64_product} {ergonomic}
     bool UseCompressedOops                        = true                           {product lp64_product} {ergonomic}
     bool UseLargePagesIndividualAllocation        = false                                  {pd product} {ergonomic}
     bool UseParallelGC                            = true                                      {product} {command line}

Logging:
Log output configuration:
 #0: stdout all=off uptime,level,tags
 #1: stderr all=off uptime,level,tags

Environment Variables:
PATH=C:\Program Files\Common Files\Oracle\Java\javapath;C:\Program Files (x86)\Common Files\Oracle\Java\javapath;C:\WINDOWS\system32;C:\WINDOWS;C:\WINDOWS\System32\Wbem;C:\WINDOWS\System32\WindowsPowerShell\v1.0\;C:\WINDOWS\System32\OpenSSH\;C:\Program Files\dotnet\;C:\Program Files\Common Files\Oracle\Java\javapath;C:\Program Files\Java\jdk-11\bin;C:\Program Files (x86)\Microsoft SQL Server\160\Tools\Binn\;C:\Program Files\Microsoft SQL Server\160\Tools\Binn\;C:\Program Files\Microsoft SQL Server\Client SDK\ODBC\170\Tools\Binn\;C:\Program Files\Microsoft SQL Server\160\DTS\Binn\;C:\Program Files (x86)\Microsoft SQL Server\160\DTS\Binn\;C:\Program Files\Azure Data Studio\bin;C:\Program Files\apache-maven-3.9.6\bin;C:\Program Files\Git\cmd;C:\Program Files\nodejs\;C:\Program Files\Java\jdk-21\bin;C:\Users\Kiet\AppData\Local\Microsoft\WindowsApps;C:\Users\Kiet\AppData\Local\Programs\Microsoft VS Code\bin;C:\Users\Kiet\AppData\Local\GitHubDesktop\bin;C:\Users\Kiet\.dotnet\tools;C:\Program Files\Azure Data Studio\bin;C:\Users\Kiet\AppData\Roaming\npm
USERNAME=Kiet
OS=Windows_NT
PROCESSOR_IDENTIFIER=Intel64 Family 6 Model 126 Stepping 5, GenuineIntel
TMP=C:\Users\Kiet\AppData\Local\Temp
TEMP=C:\Users\Kiet\AppData\Local\Temp



Periodic native trim disabled


---------------  S Y S T E M  ---------------

OS:
 Windows 11 , 64 bit Build 22621 (10.0.22621.3374)
OS uptime: 1 days 18:49 hours

CPU: total 8 (initial active 8) (4 cores per cpu, 2 threads per core) family 6 model 126 stepping 5 microcode 0xa6, cx8, cmov, fxsr, ht, mmx, 3dnowpref, sse, sse2, sse3, ssse3, sse4.1, sse4.2, popcnt, lzcnt, tsc, tscinvbit, avx, avx2, aes, erms, clmul, bmi1, bmi2, adx, avx512f, avx512dq, avx512cd, avx512bw, avx512vl, sha, fma, vzeroupper, avx512_vpopcntdq, avx512_vpclmulqdq, avx512_vaes, avx512_vnni, clflush, clflushopt, avx512_vbmi2, avx512_vbmi
Processor Information for all 8 processors :
  Max Mhz: 1190, Current Mhz: 991, Mhz Limit: 987

Memory: 4k page, system-wide physical 7987M (1268M free)
TotalPageFile size 10035M (AvailPageFile size 2M)
current process WorkingSet (physical memory assigned to process): 129M, peak: 129M
current process commit charge ("private bytes"): 237M, peak: 238M

vm_info: OpenJDK 64-Bit Server VM (17.0.10+7) for windows-amd64 JRE (17.0.10+7), built on Jan 16 2024 23:25:11 by "admin" with MS VC++ 16.10 / 16.11 (VS2019)

END.
