#
# There is insufficient memory for the Java Runtime Environment to continue.
# Native memory allocation (malloc) failed to allocate 276576 bytes for Chunk::new
# Possible reasons:
#   The system is out of physical RAM or swap space
#   The process is running with CompressedOops enabled, and the Java Heap may be blocking the growth of the native heap
# Possible solutions:
#   Reduce memory load on the system
#   Increase physical memory or swap space
#   Check if swap backing store is full
#   Decrease Java heap size (-Xmx/-Xms)
#   Decrease number of Java threads
#   Decrease Java thread stack sizes (-Xss)
#   Set larger code cache with -XX:ReservedCodeCacheSize=
#   JVM is running with Unscaled Compressed Oops mode in which the Java heap is
#     placed in the first 4GB address space. The Java Heap base address is the
#     maximum limit for the native heap growth. Please use -XX:HeapBaseMinAddress
#     to set the Java Heap base and to place the Java Heap above 4GB virtual address.
# This output file may be truncated or incomplete.
#
#  Out of Memory Error (arena.cpp:191), pid=10408, tid=8592
#
# JRE version: OpenJDK Runtime Environment Temurin-17.0.10+7 (17.0.10+7) (build 17.0.10+7)
# Java VM: OpenJDK 64-Bit Server VM Temurin-17.0.10+7 (17.0.10+7, mixed mode, tiered, compressed oops, compressed class ptrs, parallel gc, windows-amd64)
# No core dump will be written. Minidumps are not enabled by default on client versions of Windows
#

---------------  S U M M A R Y ------------

Command Line: --add-modules=ALL-SYSTEM --add-opens=java.base/java.util=ALL-UNNAMED --add-opens=java.base/java.lang=ALL-UNNAMED --add-opens=java.base/sun.nio.fs=ALL-UNNAMED -Declipse.application=org.eclipse.jdt.ls.core.id1 -Dosgi.bundles.defaultStartLevel=4 -Declipse.product=org.eclipse.jdt.ls.core.product -Djava.import.generatesMetadataFilesAtProjectRoot=false -DDetectVMInstallationsJob.disabled=true -Dfile.encoding=utf8 -XX:+UseParallelGC -XX:GCTimeRatio=4 -XX:AdaptiveSizePolicyWeight=90 -Dsun.zip.disableMemoryMapping=true -Xmx1G -Xms100m -Xlog:disable -javaagent:c:\Users\Kiet\.vscode\extensions\redhat.java-1.30.0-win32-x64\lombok\lombok-1.18.32.jar -XX:+HeapDumpOnOutOfMemoryError -XX:HeapDumpPath=c:\Users\Kiet\AppData\Roaming\Code\User\workspaceStorage\b3b38d78d4b70df6aa0616a4b888d3ad\redhat.java -Daether.dependencyCollector.impl=bf c:\Users\Kiet\.vscode\extensions\redhat.java-1.30.0-win32-x64\server\plugins\org.eclipse.equinox.launcher_1.6.800.v20240330-1250.jar -configuration c:\Users\Kiet\AppData\Roaming\Code\User\globalStorage\redhat.java\1.30.0\config_win -data c:\Users\Kiet\AppData\Roaming\Code\User\workspaceStorage\b3b38d78d4b70df6aa0616a4b888d3ad\redhat.java\jdt_ws --pipe=\\.\pipe\lsp-89d4b8cbbe6e88733ac917d11ad51f3e-sock

Host: Intel(R) Core(TM) i5-1035G1 CPU @ 1.00GHz, 8 cores, 7G,  Windows 11 , 64 bit Build 22621 (10.0.22621.3374)
Time: Sun May 12 15:05:51 2024 SE Asia Standard Time elapsed time: 0.724715 seconds (0d 0h 0m 0s)

---------------  T H R E A D  ---------------

Current thread (0x000001f96d9b3820):  JavaThread "C2 CompilerThread1" daemon [_thread_in_native, id=8592, stack(0x000000b9fda00000,0x000000b9fdb00000)]


Current CompileTask:
C2:    724  525       4       lombok.patcher.PatchScript::classMatches (41 bytes)

Stack: [0x000000b9fda00000,0x000000b9fdb00000]
Native frames: (J=compiled Java code, j=interpreted, Vv=VM code, C=native code)
V  [jvm.dll+0x67d2c9]
V  [jvm.dll+0x834afa]
V  [jvm.dll+0x8365be]
V  [jvm.dll+0x836c23]
V  [jvm.dll+0x2477ff]
V  [jvm.dll+0xac514]
V  [jvm.dll+0xacb5c]
V  [jvm.dll+0x2aed1f]
V  [jvm.dll+0x584b67]
V  [jvm.dll+0x2228a2]
V  [jvm.dll+0x222c8f]
V  [jvm.dll+0x21bdb6]
V  [jvm.dll+0x219201]
V  [jvm.dll+0x1a502d]
V  [jvm.dll+0x2290de]
V  [jvm.dll+0x2272ac]
V  [jvm.dll+0x7e9bb7]
V  [jvm.dll+0x7e3fba]
V  [jvm.dll+0x67c1b5]
C  [ucrtbase.dll+0x29333]
C  [KERNEL32.DLL+0x1257d]
C  [ntdll.dll+0x5aa48]


---------------  P R O C E S S  ---------------

Threads class SMR info:
_java_thread_list=0x000001f96db71720, length=13, elements={
0x000001f9548d5e40, 0x000001f968757010, 0x000001f96875c2c0, 0x000001f96d80bf40,
0x000001f96d80c910, 0x000001f96d80db80, 0x000001f96d810e00, 0x000001f96d813cc0,
0x000001f96d8153c0, 0x000001f96d827460, 0x000001f96d928770, 0x000001f96d9b3820,
0x000001f96ea75370
}

Java Threads: ( => current thread )
  0x000001f9548d5e40 JavaThread "main" [_thread_in_vm, id=20920, stack(0x000000b9fcd00000,0x000000b9fce00000)]
  0x000001f968757010 JavaThread "Reference Handler" daemon [_thread_blocked, id=10884, stack(0x000000b9fd000000,0x000000b9fd100000)]
  0x000001f96875c2c0 JavaThread "Finalizer" daemon [_thread_blocked, id=17096, stack(0x000000b9fd100000,0x000000b9fd200000)]
  0x000001f96d80bf40 JavaThread "Signal Dispatcher" daemon [_thread_blocked, id=11608, stack(0x000000b9fd200000,0x000000b9fd300000)]
  0x000001f96d80c910 JavaThread "Attach Listener" daemon [_thread_blocked, id=11060, stack(0x000000b9fd300000,0x000000b9fd400000)]
  0x000001f96d80db80 JavaThread "Service Thread" daemon [_thread_blocked, id=20344, stack(0x000000b9fd400000,0x000000b9fd500000)]
  0x000001f96d810e00 JavaThread "Monitor Deflation Thread" daemon [_thread_blocked, id=17636, stack(0x000000b9fd500000,0x000000b9fd600000)]
  0x000001f96d813cc0 JavaThread "C2 CompilerThread0" daemon [_thread_in_native, id=1692, stack(0x000000b9fd600000,0x000000b9fd700000)]
  0x000001f96d8153c0 JavaThread "C1 CompilerThread0" daemon [_thread_blocked, id=11076, stack(0x000000b9fd700000,0x000000b9fd800000)]
  0x000001f96d827460 JavaThread "Sweeper thread" daemon [_thread_blocked, id=16280, stack(0x000000b9fd800000,0x000000b9fd900000)]
  0x000001f96d928770 JavaThread "Common-Cleaner" daemon [_thread_blocked, id=11180, stack(0x000000b9fd900000,0x000000b9fda00000)]
=>0x000001f96d9b3820 JavaThread "C2 CompilerThread1" daemon [_thread_in_native, id=8592, stack(0x000000b9fda00000,0x000000b9fdb00000)]
  0x000001f96ea75370 JavaThread "Notification Thread" daemon [_thread_blocked, id=8836, stack(0x000000b9fdb00000,0x000000b9fdc00000)]

Other Threads:
  0x000001f96d7c14b0 VMThread "VM Thread" [stack: 0x000000b9fcf00000,0x000000b9fd000000] [id=20564]
  0x000001f96db3d4f0 WatcherThread [stack: 0x000000b9fdc00000,0x000000b9fdd00000] [id=9576]
  0x000001f9548ea520 GCTaskThread "GC Thread#0" [stack: 0x000000b9fce00000,0x000000b9fcf00000] [id=18952]

Threads with active compile tasks:
C2 CompilerThread0      746  524       4       lombok.patcher.scripts.MethodLevelPatchScript::patch (21 bytes)
C2 CompilerThread1      746  525       4       lombok.patcher.PatchScript::classMatches (41 bytes)

VM state: not at safepoint (normal execution)

VM Mutex/Monitor currently owned by a thread: None

Heap address: 0x00000000c0000000, size: 1024 MB, Compressed Oops mode: 32-bit

CDS archive(s) not mapped
Compressed class space mapped at: 0x0000000100000000-0x0000000140000000, reserved size: 1073741824
Narrow klass base: 0x0000000000000000, Narrow klass shift: 3, Narrow klass range: 0x140000000

GC Precious Log:
 CPUs: 8 total, 8 available
 Memory: 7987M
 Large Page Support: Disabled
 NUMA Support: Disabled
 Compressed Oops: Enabled (32-bit)
 Alignments: Space 512K, Generation 512K, Heap 2M
 Heap Min Capacity: 100M
 Heap Initial Capacity: 100M
 Heap Max Capacity: 1G
 Pre-touch: Disabled
 Parallel Workers: 8

Heap:
 PSYoungGen      total 29696K, used 13073K [0x00000000eab00000, 0x00000000ecc00000, 0x0000000100000000)
  eden space 25600K, 51% used [0x00000000eab00000,0x00000000eb7c46d8,0x00000000ec400000)
  from space 4096K, 0% used [0x00000000ec800000,0x00000000ec800000,0x00000000ecc00000)
  to   space 4096K, 0% used [0x00000000ec400000,0x00000000ec400000,0x00000000ec800000)
 ParOldGen       total 68608K, used 0K [0x00000000c0000000, 0x00000000c4300000, 0x00000000eab00000)
  object space 68608K, 0% used [0x00000000c0000000,0x00000000c0000000,0x00000000c4300000)
 Metaspace       used 8588K, committed 8704K, reserved 1114112K
  class space    used 847K, committed 896K, reserved 1048576K

Card table byte_map: [0x000001f954280000,0x000001f954490000] _byte_map_base: 0x000001f953c80000

Marking Bits: (ParMarkBitMap*) 0x00007ffebd99d7d0
 Begin Bits: [0x000001f966560000, 0x000001f967560000)
 End Bits:   [0x000001f967560000, 0x000001f968560000)

Polling page: 0x000001f9527d0000

Metaspace:

Usage:
  Non-class:      7.56 MB used.
      Class:    849.91 KB used.
       Both:      8.39 MB used.

Virtual space:
  Non-class space:       64.00 MB reserved,       7.62 MB ( 12%) committed,  1 nodes.
      Class space:        1.00 GB reserved,     896.00 KB ( <1%) committed,  1 nodes.
             Both:        1.06 GB reserved,       8.50 MB ( <1%) committed. 

Chunk freelists:
   Non-Class:  8.00 MB
       Class:  15.09 MB
        Both:  23.09 MB

MaxMetaspaceSize: unlimited
CompressedClassSpaceSize: 1.00 GB
Initial GC threshold: 21.00 MB
Current GC threshold: 21.00 MB
CDS: off
MetaspaceReclaimPolicy: balanced
 - commit_granule_bytes: 65536.
 - commit_granule_words: 8192.
 - virtual_space_node_default_size: 8388608.
 - enlarge_chunks_in_place: 1.
 - new_chunks_are_fully_committed: 0.
 - uncommit_free_chunks: 1.
 - use_allocation_guard: 0.
 - handle_deallocations: 1.


Internal statistics:

num_allocs_failed_limit: 0.
num_arena_births: 10.
num_arena_deaths: 0.
num_vsnodes_births: 2.
num_vsnodes_deaths: 0.
num_space_committed: 136.
num_space_uncommitted: 0.
num_chunks_returned_to_freelist: 0.
num_chunks_taken_from_freelist: 41.
num_chunk_merges: 0.
num_chunk_splits: 23.
num_chunks_enlarged: 22.
num_inconsistent_stats: 0.

CodeHeap 'non-profiled nmethods': size=120000Kb used=190Kb max_used=190Kb free=119809Kb
 bounds [0x000001f95f030000, 0x000001f95f2a0000, 0x000001f966560000]
CodeHeap 'profiled nmethods': size=120000Kb used=767Kb max_used=767Kb free=119232Kb
 bounds [0x000001f957560000, 0x000001f9577d0000, 0x000001f95ea90000]
CodeHeap 'non-nmethods': size=5760Kb used=1142Kb max_used=1146Kb free=4618Kb
 bounds [0x000001f95ea90000, 0x000001f95ed00000, 0x000001f95f030000]
 total_blobs=955 nmethods=536 adapters=334
 compilation: enabled
              stopped_count=0, restarted_count=0
 full_count=0

Compilation events (20 events):
Event: 0.695 Thread 0x000001f96d813cc0 nmethod 515 0x000001f95f05de10 code [0x000001f95f05dfc0, 0x000001f95f05e398]
Event: 0.695 Thread 0x000001f96d813cc0  517       4       java.util.Collections$UnmodifiableCollection$1::next (10 bytes)
Event: 0.695 Thread 0x000001f96d9b3820 nmethod 512 0x000001f95f05e890 code [0x000001f95f05ea20, 0x000001f95f05eb18]
Event: 0.701 Thread 0x000001f96d813cc0 nmethod 517 0x000001f95f05ec90 code [0x000001f95f05ee20, 0x000001f95f05f0b8]
Event: 0.701 Thread 0x000001f96d813cc0  524       4       lombok.patcher.scripts.MethodLevelPatchScript::patch (21 bytes)
Event: 0.701 Thread 0x000001f96d9b3820  525       4       lombok.patcher.PatchScript::classMatches (41 bytes)
Event: 0.709 Thread 0x000001f96d8153c0  527       3       java.lang.Byte::<init> (10 bytes)
Event: 0.709 Thread 0x000001f96d8153c0 nmethod 527 0x000001f95761c090 code [0x000001f95761c240, 0x000001f95761c418]
Event: 0.710 Thread 0x000001f96d8153c0  528       3       java.util.jar.Manifest$FastInputStream::readLine (296 bytes)
Event: 0.711 Thread 0x000001f96d8153c0 nmethod 528 0x000001f95761c510 code [0x000001f95761c740, 0x000001f95761d048]
Event: 0.711 Thread 0x000001f96d8153c0  529       3       java.lang.reflect.Modifier::isPublic (12 bytes)
Event: 0.711 Thread 0x000001f96d8153c0 nmethod 529 0x000001f95761d390 code [0x000001f95761d520, 0x000001f95761d678]
Event: 0.711 Thread 0x000001f96d8153c0  530  s    3       java.io.ByteArrayOutputStream::write (32 bytes)
Event: 0.712 Thread 0x000001f96d8153c0 nmethod 530 0x000001f95761d710 code [0x000001f95761d8c0, 0x000001f95761db08]
Event: 0.712 Thread 0x000001f96d8153c0  531       3       java.util.TreeMap::parentOf (13 bytes)
Event: 0.712 Thread 0x000001f96d8153c0 nmethod 531 0x000001f95761dc10 code [0x000001f95761dda0, 0x000001f95761df18]
Event: 0.716 Thread 0x000001f96d8153c0  532       3       java.lang.reflect.Modifier::isProtected (12 bytes)
Event: 0.716 Thread 0x000001f96d8153c0 nmethod 532 0x000001f95761e010 code [0x000001f95761e1a0, 0x000001f95761e2f8]
Event: 0.719 Thread 0x000001f96d8153c0  533       3       java.lang.invoke.MemberName::initResolved (53 bytes)
Event: 0.719 Thread 0x000001f96d8153c0 nmethod 533 0x000001f95761e390 code [0x000001f95761e520, 0x000001f95761e698]

GC Heap History (0 events):
No events

Dll operation events (8 events):
Event: 0.022 Loaded shared library c:\Users\Kiet\.vscode\extensions\redhat.java-1.30.0-win32-x64\jre\17.0.10-win32-x86_64\bin\java.dll
Event: 0.287 Loaded shared library c:\Users\Kiet\.vscode\extensions\redhat.java-1.30.0-win32-x64\jre\17.0.10-win32-x86_64\bin\zip.dll
Event: 0.291 Loaded shared library C:\Users\Kiet\.vscode\extensions\redhat.java-1.30.0-win32-x64\jre\17.0.10-win32-x86_64\bin\instrument.dll
Event: 0.316 Loaded shared library C:\Users\Kiet\.vscode\extensions\redhat.java-1.30.0-win32-x64\jre\17.0.10-win32-x86_64\bin\net.dll
Event: 0.318 Loaded shared library C:\Users\Kiet\.vscode\extensions\redhat.java-1.30.0-win32-x64\jre\17.0.10-win32-x86_64\bin\nio.dll
Event: 0.326 Loaded shared library C:\Users\Kiet\.vscode\extensions\redhat.java-1.30.0-win32-x64\jre\17.0.10-win32-x86_64\bin\zip.dll
Event: 0.350 Loaded shared library C:\Users\Kiet\.vscode\extensions\redhat.java-1.30.0-win32-x64\jre\17.0.10-win32-x86_64\bin\jimage.dll
Event: 0.444 Loaded shared library c:\Users\Kiet\.vscode\extensions\redhat.java-1.30.0-win32-x64\jre\17.0.10-win32-x86_64\bin\verify.dll

Deoptimization events (20 events):
Event: 0.584 Thread 0x000001f9548d5e40 DEOPT PACKING pc=0x000001f95f03f474 sp=0x000000b9fcdfee60
Event: 0.584 Thread 0x000001f9548d5e40 DEOPT UNPACKING pc=0x000001f95eae9ea3 sp=0x000000b9fcdfeda0 mode 2
Event: 0.602 Thread 0x000001f9548d5e40 DEOPT PACKING pc=0x000001f95757ac80 sp=0x000000b9fcdfac00
Event: 0.602 Thread 0x000001f9548d5e40 DEOPT UNPACKING pc=0x000001f95eaea9e3 sp=0x000000b9fcdfa0c0 mode 0
Event: 0.603 Thread 0x000001f9548d5e40 DEOPT PACKING pc=0x000001f95757ac39 sp=0x000000b9fcdfba20
Event: 0.603 Thread 0x000001f9548d5e40 DEOPT UNPACKING pc=0x000001f95eaea9e3 sp=0x000000b9fcdfaee0 mode 0
Event: 0.605 Thread 0x000001f9548d5e40 DEOPT PACKING pc=0x000001f95757ac80 sp=0x000000b9fcdfc1d0
Event: 0.605 Thread 0x000001f9548d5e40 DEOPT UNPACKING pc=0x000001f95eaea9e3 sp=0x000000b9fcdfb690 mode 0
Event: 0.608 Thread 0x000001f9548d5e40 DEOPT PACKING pc=0x000001f95757ac39 sp=0x000000b9fcdface0
Event: 0.608 Thread 0x000001f9548d5e40 DEOPT UNPACKING pc=0x000001f95eaea9e3 sp=0x000000b9fcdfa1a0 mode 0
Event: 0.610 Thread 0x000001f9548d5e40 DEOPT PACKING pc=0x000001f95757ac39 sp=0x000000b9fcdfad20
Event: 0.610 Thread 0x000001f9548d5e40 DEOPT UNPACKING pc=0x000001f95eaea9e3 sp=0x000000b9fcdfa1e0 mode 0
Event: 0.666 Thread 0x000001f9548d5e40 Uncommon trap: trap_request=0xffffff45 fr.pc=0x000001f95f045fc0 relative=0x00000000000000c0
Event: 0.666 Thread 0x000001f9548d5e40 Uncommon trap: reason=unstable_if action=reinterpret pc=0x000001f95f045fc0 method=java.net.URI.match(CJJ)Z @ 45 c2
Event: 0.666 Thread 0x000001f9548d5e40 DEOPT PACKING pc=0x000001f95f045fc0 sp=0x000000b9fcdfc930
Event: 0.666 Thread 0x000001f9548d5e40 DEOPT UNPACKING pc=0x000001f95eae9ea3 sp=0x000000b9fcdfc8b8 mode 2
Event: 0.679 Thread 0x000001f9548d5e40 Uncommon trap: trap_request=0xffffff45 fr.pc=0x000001f95f059d08 relative=0x0000000000000628
Event: 0.679 Thread 0x000001f9548d5e40 Uncommon trap: reason=unstable_if action=reinterpret pc=0x000001f95f059d08 method=java.lang.String.replace(Ljava/lang/CharSequence;Ljava/lang/CharSequence;)Ljava/lang/String; @ 48 c2
Event: 0.679 Thread 0x000001f9548d5e40 DEOPT PACKING pc=0x000001f95f059d08 sp=0x000000b9fcdfc8a0
Event: 0.679 Thread 0x000001f9548d5e40 DEOPT UNPACKING pc=0x000001f95eae9ea3 sp=0x000000b9fcdfc820 mode 2

Classes unloaded (0 events):
No events

Classes redefined (0 events):
No events

Internal exceptions (2 events):
Event: 0.252 Thread 0x000001f9548d5e40 Exception <a 'java/lang/NoSuchMethodError'{0x00000000eacb53d0}: 'void java.lang.invoke.DirectMethodHandle$Holder.invokeStatic(java.lang.Object, java.lang.Object, java.lang.Object)'> (0x00000000eacb53d0) 
thrown [s\src\hotspot\share\interpreter\linkResolver.cpp, line 759]
Event: 0.486 Thread 0x000001f9548d5e40 Exception <a 'java/lang/reflect/InvocationTargetException'{0x00000000eafe6048}> (0x00000000eafe6048) 
thrown [s\src\hotspot\share\runtime\reflection.cpp, line 1121]

VM Operations (4 events):
Event: 0.266 Executing VM operation: HandshakeAllThreads
Event: 0.266 Executing VM operation: HandshakeAllThreads done
Event: 0.381 Executing VM operation: HandshakeAllThreads
Event: 0.381 Executing VM operation: HandshakeAllThreads done

Events (20 events):
Event: 0.720 loading class java/lang/constant/ReferenceClassDescImpl
Event: 0.720 loading class java/lang/constant/ReferenceClassDescImpl done
Event: 0.720 loading class java/lang/constant/DirectMethodHandleDesc$Kind
Event: 0.721 loading class java/lang/constant/DirectMethodHandleDesc$Kind done
Event: 0.721 loading class java/lang/constant/MethodTypeDesc
Event: 0.721 loading class java/lang/constant/MethodTypeDesc done
Event: 0.722 loading class java/lang/constant/MethodTypeDescImpl
Event: 0.722 loading class java/lang/constant/MethodTypeDescImpl done
Event: 0.722 loading class java/lang/constant/MethodHandleDesc
Event: 0.722 loading class java/lang/constant/MethodHandleDesc done
Event: 0.722 loading class java/lang/constant/MethodHandleDesc$1
Event: 0.722 loading class java/lang/constant/MethodHandleDesc$1 done
Event: 0.722 loading class java/lang/constant/DirectMethodHandleDescImpl
Event: 0.722 loading class java/lang/constant/DirectMethodHandleDesc
Event: 0.723 loading class java/lang/constant/DirectMethodHandleDesc done
Event: 0.723 loading class java/lang/constant/DirectMethodHandleDescImpl done
Event: 0.723 loading class java/lang/constant/DirectMethodHandleDescImpl$1
Event: 0.723 loading class java/lang/constant/DirectMethodHandleDescImpl$1 done
Event: 0.723 loading class java/lang/constant/DirectMethodHandleDesc$1
Event: 0.723 loading class java/lang/constant/DirectMethodHandleDesc$1 done


Dynamic libraries:
0x00007ff653410000 - 0x00007ff65341e000 	c:\Users\Kiet\.vscode\extensions\redhat.java-1.30.0-win32-x64\jre\17.0.10-win32-x86_64\bin\java.exe
0x00007fff4ae10000 - 0x00007fff4b026000 	C:\WINDOWS\SYSTEM32\ntdll.dll
0x00007fff49db0000 - 0x00007fff49e74000 	C:\WINDOWS\System32\KERNEL32.DLL
0x00007fff48480000 - 0x00007fff48827000 	C:\WINDOWS\System32\KERNELBASE.dll
0x00007fff48980000 - 0x00007fff48a91000 	C:\WINDOWS\System32\ucrtbase.dll
0x00007fff159b0000 - 0x00007fff159c7000 	c:\Users\Kiet\.vscode\extensions\redhat.java-1.30.0-win32-x64\jre\17.0.10-win32-x86_64\bin\jli.dll
0x00007fff4a830000 - 0x00007fff4a9de000 	C:\WINDOWS\System32\USER32.dll
0x00007fff48aa0000 - 0x00007fff48ac6000 	C:\WINDOWS\System32\win32u.dll
0x00007fff23bd0000 - 0x00007fff23beb000 	c:\Users\Kiet\.vscode\extensions\redhat.java-1.30.0-win32-x64\jre\17.0.10-win32-x86_64\bin\VCRUNTIME140.dll
0x00007fff49e90000 - 0x00007fff49eb9000 	C:\WINDOWS\System32\GDI32.dll
0x00007fff48830000 - 0x00007fff48949000 	C:\WINDOWS\System32\gdi32full.dll
0x00007fff483e0000 - 0x00007fff4847a000 	C:\WINDOWS\System32\msvcp_win.dll
0x00007fff47400000 - 0x00007fff47693000 	C:\WINDOWS\WinSxS\amd64_microsoft.windows.common-controls_6595b64144ccf1df_6.0.22621.3235_none_270f74e173860f98\COMCTL32.dll
0x00007fff4a6a0000 - 0x00007fff4a747000 	C:\WINDOWS\System32\msvcrt.dll
0x00007fff4ad90000 - 0x00007fff4adc1000 	C:\WINDOWS\System32\IMM32.DLL
0x00007fff26950000 - 0x00007fff2695c000 	c:\Users\Kiet\.vscode\extensions\redhat.java-1.30.0-win32-x64\jre\17.0.10-win32-x86_64\bin\vcruntime140_1.dll
0x00007fff13110000 - 0x00007fff1319d000 	c:\Users\Kiet\.vscode\extensions\redhat.java-1.30.0-win32-x64\jre\17.0.10-win32-x86_64\bin\msvcp140.dll
0x00007ffebce00000 - 0x00007ffebda62000 	c:\Users\Kiet\.vscode\extensions\redhat.java-1.30.0-win32-x64\jre\17.0.10-win32-x86_64\bin\server\jvm.dll
0x00007fff49ec0000 - 0x00007fff49f72000 	C:\WINDOWS\System32\ADVAPI32.dll
0x00007fff4a780000 - 0x00007fff4a828000 	C:\WINDOWS\System32\sechost.dll
0x00007fff48950000 - 0x00007fff48978000 	C:\WINDOWS\System32\bcrypt.dll
0x00007fff4a280000 - 0x00007fff4a395000 	C:\WINDOWS\System32\RPCRT4.dll
0x00007fff48000000 - 0x00007fff4804d000 	C:\WINDOWS\SYSTEM32\POWRPROF.dll
0x00007fff256f0000 - 0x00007fff256f9000 	C:\WINDOWS\SYSTEM32\WSOCK32.dll
0x00007fff4a620000 - 0x00007fff4a691000 	C:\WINDOWS\System32\WS2_32.dll
0x00007fff40af0000 - 0x00007fff40b24000 	C:\WINDOWS\SYSTEM32\WINMM.dll
0x00007fff3f170000 - 0x00007fff3f17a000 	C:\WINDOWS\SYSTEM32\VERSION.dll
0x00007fff47fe0000 - 0x00007fff47ff3000 	C:\WINDOWS\SYSTEM32\UMPDC.dll
0x00007fff46a90000 - 0x00007fff46aa8000 	C:\WINDOWS\SYSTEM32\kernel.appcore.dll
0x00007fff245a0000 - 0x00007fff245aa000 	c:\Users\Kiet\.vscode\extensions\redhat.java-1.30.0-win32-x64\jre\17.0.10-win32-x86_64\bin\jimage.dll
0x00007fff479c0000 - 0x00007fff47bf3000 	C:\WINDOWS\SYSTEM32\DBGHELP.DLL
0x00007fff4a9e0000 - 0x00007fff4ad68000 	C:\WINDOWS\System32\combase.dll
0x00007fff48bc0000 - 0x00007fff48c97000 	C:\WINDOWS\System32\OLEAUT32.dll
0x00007fff47880000 - 0x00007fff478b2000 	C:\WINDOWS\SYSTEM32\dbgcore.DLL
0x00007fff48360000 - 0x00007fff483d9000 	C:\WINDOWS\System32\bcryptPrimitives.dll
0x00007fff234b0000 - 0x00007fff234be000 	c:\Users\Kiet\.vscode\extensions\redhat.java-1.30.0-win32-x64\jre\17.0.10-win32-x86_64\bin\instrument.dll
0x00007fff130e0000 - 0x00007fff13105000 	c:\Users\Kiet\.vscode\extensions\redhat.java-1.30.0-win32-x64\jre\17.0.10-win32-x86_64\bin\java.dll
0x00007fff0c300000 - 0x00007fff0c318000 	c:\Users\Kiet\.vscode\extensions\redhat.java-1.30.0-win32-x64\jre\17.0.10-win32-x86_64\bin\zip.dll
0x00007fff490d0000 - 0x00007fff4992c000 	C:\WINDOWS\System32\SHELL32.dll
0x00007fff456b0000 - 0x00007fff45fa9000 	C:\WINDOWS\SYSTEM32\windows.storage.dll
0x00007fff45570000 - 0x00007fff456ae000 	C:\WINDOWS\SYSTEM32\wintypes.dll
0x00007fff4a170000 - 0x00007fff4a263000 	C:\WINDOWS\System32\SHCORE.dll
0x00007fff4a3a0000 - 0x00007fff4a3fe000 	C:\WINDOWS\System32\shlwapi.dll
0x00007fff48060000 - 0x00007fff48081000 	C:\WINDOWS\SYSTEM32\profapi.dll
0x00007ffeeae00000 - 0x00007ffeeae19000 	C:\Users\Kiet\.vscode\extensions\redhat.java-1.30.0-win32-x64\jre\17.0.10-win32-x86_64\bin\net.dll
0x00007fff413a0000 - 0x00007fff414d6000 	C:\WINDOWS\SYSTEM32\WINHTTP.dll
0x00007fff46ec0000 - 0x00007fff46f29000 	C:\WINDOWS\system32\mswsock.dll
0x00007ffee9540000 - 0x00007ffee9556000 	C:\Users\Kiet\.vscode\extensions\redhat.java-1.30.0-win32-x64\jre\17.0.10-win32-x86_64\bin\nio.dll
0x00007fff23310000 - 0x00007fff23320000 	c:\Users\Kiet\.vscode\extensions\redhat.java-1.30.0-win32-x64\jre\17.0.10-win32-x86_64\bin\verify.dll

dbghelp: loaded successfully - version: 4.0.5 - missing functions: none
symbol engine: initialized successfully - sym options: 0x614 - pdb path: .;c:\Users\Kiet\.vscode\extensions\redhat.java-1.30.0-win32-x64\jre\17.0.10-win32-x86_64\bin;C:\WINDOWS\SYSTEM32;C:\WINDOWS\WinSxS\amd64_microsoft.windows.common-controls_6595b64144ccf1df_6.0.22621.3235_none_270f74e173860f98;c:\Users\Kiet\.vscode\extensions\redhat.java-1.30.0-win32-x64\jre\17.0.10-win32-x86_64\bin\server

VM Arguments:
jvm_args: --add-modules=ALL-SYSTEM --add-opens=java.base/java.util=ALL-UNNAMED --add-opens=java.base/java.lang=ALL-UNNAMED --add-opens=java.base/sun.nio.fs=ALL-UNNAMED -Declipse.application=org.eclipse.jdt.ls.core.id1 -Dosgi.bundles.defaultStartLevel=4 -Declipse.product=org.eclipse.jdt.ls.core.product -Djava.import.generatesMetadataFilesAtProjectRoot=false -DDetectVMInstallationsJob.disabled=true -Dfile.encoding=utf8 -XX:+UseParallelGC -XX:GCTimeRatio=4 -XX:AdaptiveSizePolicyWeight=90 -Dsun.zip.disableMemoryMapping=true -Xmx1G -Xms100m -Xlog:disable -javaagent:c:\Users\Kiet\.vscode\extensions\redhat.java-1.30.0-win32-x64\lombok\lombok-1.18.32.jar -XX:+HeapDumpOnOutOfMemoryError -XX:HeapDumpPath=c:\Users\Kiet\AppData\Roaming\Code\User\workspaceStorage\b3b38d78d4b70df6aa0616a4b888d3ad\redhat.java -Daether.dependencyCollector.impl=bf 
java_command: c:\Users\Kiet\.vscode\extensions\redhat.java-1.30.0-win32-x64\server\plugins\org.eclipse.equinox.launcher_1.6.800.v20240330-1250.jar -configuration c:\Users\Kiet\AppData\Roaming\Code\User\globalStorage\redhat.java\1.30.0\config_win -data c:\Users\Kiet\AppData\Roaming\Code\User\workspaceStorage\b3b38d78d4b70df6aa0616a4b888d3ad\redhat.java\jdt_ws --pipe=\\.\pipe\lsp-89d4b8cbbe6e88733ac917d11ad51f3e-sock
java_class_path (initial): c:\Users\Kiet\.vscode\extensions\redhat.java-1.30.0-win32-x64\server\plugins\org.eclipse.equinox.launcher_1.6.800.v20240330-1250.jar
Launcher Type: SUN_STANDARD

[Global flags]
    uintx AdaptiveSizePolicyWeight                 = 90                                        {product} {command line}
     intx CICompilerCount                          = 4                                         {product} {ergonomic}
    uintx GCTimeRatio                              = 4                                         {product} {command line}
     bool HeapDumpOnOutOfMemoryError               = true                                   {manageable} {command line}
    ccstr HeapDumpPath                             = c:\Users\Kiet\AppData\Roaming\Code\User\workspaceStorage\b3b38d78d4b70df6aa0616a4b888d3ad\redhat.java         {manageable} {command line}
   size_t InitialHeapSize                          = 104857600                                 {product} {command line}
   size_t MaxHeapSize                              = 1073741824                                {product} {command line}
   size_t MaxNewSize                               = 357564416                                 {product} {ergonomic}
   size_t MinHeapDeltaBytes                        = 524288                                    {product} {ergonomic}
   size_t MinHeapSize                              = 104857600                                 {product} {command line}
   size_t NewSize                                  = 34603008                                  {product} {ergonomic}
    uintx NonNMethodCodeHeapSize                   = 5839372                                {pd product} {ergonomic}
    uintx NonProfiledCodeHeapSize                  = 122909434                              {pd product} {ergonomic}
   size_t OldSize                                  = 70254592                                  {product} {ergonomic}
    uintx ProfiledCodeHeapSize                     = 122909434                              {pd product} {ergonomic}
    uintx ReservedCodeCacheSize                    = 251658240                              {pd product} {ergonomic}
     bool SegmentedCodeCache                       = true                                      {product} {ergonomic}
   size_t SoftMaxHeapSize                          = 1073741824                             {manageable} {ergonomic}
     bool UseCompressedClassPointers               = true                           {product lp64_product} {ergonomic}
     bool UseCompressedOops                        = true                           {product lp64_product} {ergonomic}
     bool UseLargePagesIndividualAllocation        = false                                  {pd product} {ergonomic}
     bool UseParallelGC                            = true                                      {product} {command line}

Logging:
Log output configuration:
 #0: stdout all=off uptime,level,tags
 #1: stderr all=off uptime,level,tags

Environment Variables:
PATH=C:\Program Files\Common Files\Oracle\Java\javapath;C:\Program Files (x86)\Common Files\Oracle\Java\javapath;C:\WINDOWS\system32;C:\WINDOWS;C:\WINDOWS\System32\Wbem;C:\WINDOWS\System32\WindowsPowerShell\v1.0\;C:\WINDOWS\System32\OpenSSH\;C:\Program Files\dotnet\;C:\Program Files\Common Files\Oracle\Java\javapath;C:\Program Files\Java\jdk-11\bin;C:\Program Files (x86)\Microsoft SQL Server\160\Tools\Binn\;C:\Program Files\Microsoft SQL Server\160\Tools\Binn\;C:\Program Files\Microsoft SQL Server\Client SDK\ODBC\170\Tools\Binn\;C:\Program Files\Microsoft SQL Server\160\DTS\Binn\;C:\Program Files (x86)\Microsoft SQL Server\160\DTS\Binn\;C:\Program Files\Azure Data Studio\bin;C:\Program Files\apache-maven-3.9.6\bin;C:\Program Files\Git\cmd;C:\Program Files\nodejs\;C:\Program Files\Java\jdk-21\bin;C:\Users\Kiet\AppData\Local\Microsoft\WindowsApps;C:\Users\Kiet\AppData\Local\Programs\Microsoft VS Code\bin;C:\Users\Kiet\AppData\Local\GitHubDesktop\bin;C:\Users\Kiet\.dotnet\tools;C:\Program Files\Azure Data Studio\bin;C:\Users\Kiet\AppData\Roaming\npm
USERNAME=Kiet
OS=Windows_NT
PROCESSOR_IDENTIFIER=Intel64 Family 6 Model 126 Stepping 5, GenuineIntel
TMP=C:\Users\Kiet\AppData\Local\Temp
TEMP=C:\Users\Kiet\AppData\Local\Temp



Periodic native trim disabled


---------------  S Y S T E M  ---------------

OS:
 Windows 11 , 64 bit Build 22621 (10.0.22621.3374)
OS uptime: 1 days 19:56 hours

CPU: total 8 (initial active 8) (4 cores per cpu, 2 threads per core) family 6 model 126 stepping 5 microcode 0xa6, cx8, cmov, fxsr, ht, mmx, 3dnowpref, sse, sse2, sse3, ssse3, sse4.1, sse4.2, popcnt, lzcnt, tsc, tscinvbit, avx, avx2, aes, erms, clmul, bmi1, bmi2, adx, avx512f, avx512dq, avx512cd, avx512bw, avx512vl, sha, fma, vzeroupper, avx512_vpopcntdq, avx512_vpclmulqdq, avx512_vaes, avx512_vnni, clflush, clflushopt, avx512_vbmi2, avx512_vbmi
Processor Information for all 8 processors :
  Max Mhz: 1190, Current Mhz: 991, Mhz Limit: 987

Memory: 4k page, system-wide physical 7987M (1649M free)
TotalPageFile size 10035M (AvailPageFile size 34M)
current process WorkingSet (physical memory assigned to process): 54M, peak: 54M
current process commit charge ("private bytes"): 194M, peak: 194M

vm_info: OpenJDK 64-Bit Server VM (17.0.10+7) for windows-amd64 JRE (17.0.10+7), built on Jan 16 2024 23:25:11 by "admin" with MS VC++ 16.10 / 16.11 (VS2019)

END.
