#
# There is insufficient memory for the Java Runtime Environment to continue.
# Native memory allocation (malloc) failed to allocate 1318960 bytes for Chunk::new
# Possible reasons:
#   The system is out of physical RAM or swap space
#   The process is running with CompressedOops enabled, and the Java Heap may be blocking the growth of the native heap
# Possible solutions:
#   Reduce memory load on the system
#   Increase physical memory or swap space
#   Check if swap backing store is full
#   Decrease Java heap size (-Xmx/-Xms)
#   Decrease number of Java threads
#   Decrease Java thread stack sizes (-Xss)
#   Set larger code cache with -XX:ReservedCodeCacheSize=
#   JVM is running with Unscaled Compressed Oops mode in which the Java heap is
#     placed in the first 4GB address space. The Java Heap base address is the
#     maximum limit for the native heap growth. Please use -XX:HeapBaseMinAddress
#     to set the Java Heap base and to place the Java Heap above 4GB virtual address.
# This output file may be truncated or incomplete.
#
#  Out of Memory Error (arena.cpp:191), pid=9880, tid=4296
#
# JRE version: OpenJDK Runtime Environment Temurin-17.0.10+7 (17.0.10+7) (build 17.0.10+7)
# Java VM: OpenJDK 64-Bit Server VM Temurin-17.0.10+7 (17.0.10+7, mixed mode, tiered, compressed oops, compressed class ptrs, parallel gc, windows-amd64)
# No core dump will be written. Minidumps are not enabled by default on client versions of Windows
#

---------------  S U M M A R Y ------------

Command Line: --add-modules=ALL-SYSTEM --add-opens=java.base/java.util=ALL-UNNAMED --add-opens=java.base/java.lang=ALL-UNNAMED --add-opens=java.base/sun.nio.fs=ALL-UNNAMED -Declipse.application=org.eclipse.jdt.ls.core.id1 -Dosgi.bundles.defaultStartLevel=4 -Declipse.product=org.eclipse.jdt.ls.core.product -Djava.import.generatesMetadataFilesAtProjectRoot=false -DDetectVMInstallationsJob.disabled=true -Dfile.encoding=utf8 -XX:+UseParallelGC -XX:GCTimeRatio=4 -XX:AdaptiveSizePolicyWeight=90 -Dsun.zip.disableMemoryMapping=true -Xmx1G -Xms100m -Xlog:disable -javaagent:c:\Users\Kiet\.vscode\extensions\redhat.java-1.28.1-win32-x64\lombok\lombok-1.18.31.jar c:\Users\Kiet\.vscode\extensions\redhat.java-1.28.1-win32-x64\server\plugins\org.eclipse.equinox.launcher_1.6.700.v20231214-2017.jar -configuration c:\Users\Kiet\AppData\Roaming\Code\User\globalStorage\redhat.java\1.28.1\config_ss_win -data c:\Users\Kiet\AppData\Roaming\Code\User\workspaceStorage\794778fa6a47f198356234ad77415c6f\redhat.java\ss_ws --stdio

Host: Intel(R) Core(TM) i5-1035G1 CPU @ 1.00GHz, 8 cores, 7G,  Windows 11 , 64 bit Build 22621 (10.0.22621.3085)
Time: Fri Mar  8 23:01:48 2024 SE Asia Standard Time elapsed time: 10.046060 seconds (0d 0h 0m 10s)

---------------  T H R E A D  ---------------

Current thread (0x0000015618d59770):  JavaThread "C2 CompilerThread0" daemon [_thread_in_native, id=4296, stack(0x00000018dd100000,0x00000018dd200000)]


Current CompileTask:
C2:  10046 4623       4       org.eclipse.jdt.internal.compiler.parser.Parser::consumeRule (7964 bytes)

Stack: [0x00000018dd100000,0x00000018dd200000]
Native frames: (J=compiled Java code, j=interpreted, Vv=VM code, C=native code)
V  [jvm.dll+0x67d2c9]
V  [jvm.dll+0x834afa]
V  [jvm.dll+0x8365be]
V  [jvm.dll+0x836c23]
V  [jvm.dll+0x2477ff]
V  [jvm.dll+0xac514]
V  [jvm.dll+0xacb5c]
V  [jvm.dll+0x3667d7]
V  [jvm.dll+0x330bfa]
V  [jvm.dll+0x33009a]
V  [jvm.dll+0x219ef1]
V  [jvm.dll+0x219311]
V  [jvm.dll+0x1a502d]
V  [jvm.dll+0x2290de]
V  [jvm.dll+0x2272ac]
V  [jvm.dll+0x7e9bb7]
V  [jvm.dll+0x7e3fba]
V  [jvm.dll+0x67c1b5]
C  [ucrtbase.dll+0x29363]
C  [KERNEL32.DLL+0x1257d]
C  [ntdll.dll+0x5aa58]


---------------  P R O C E S S  ---------------

Threads class SMR info:
_java_thread_list=0x000001561907c7e0, length=28, elements={
0x000001567eaff530, 0x0000015618d25020, 0x0000015618d25af0, 0x0000015618d417d0,
0x0000015618d421a0, 0x0000015618d42c10, 0x0000015618d4e510, 0x0000015618d59770,
0x0000015618d5b440, 0x0000015618d5c530, 0x0000015618edc020, 0x00000156190bfff0,
0x000001561a76b840, 0x000001561a718580, 0x000001561a718d30, 0x000001561a8facc0,
0x000001561aad8bc0, 0x000001561aad90d0, 0x000001561aad6d60, 0x000001561aad7270,
0x000001561aad9af0, 0x000001561aad7c90, 0x000001561aad81a0, 0x000001561a22e050,
0x000001561a231800, 0x000001561a231d10, 0x000001561a22ef80, 0x00000156281dc960
}

Java Threads: ( => current thread )
  0x000001567eaff530 JavaThread "main" [_thread_blocked, id=11840, stack(0x00000018dc800000,0x00000018dc900000)]
  0x0000015618d25020 JavaThread "Reference Handler" daemon [_thread_blocked, id=18456, stack(0x00000018dcb00000,0x00000018dcc00000)]
  0x0000015618d25af0 JavaThread "Finalizer" daemon [_thread_blocked, id=12688, stack(0x00000018dcc00000,0x00000018dcd00000)]
  0x0000015618d417d0 JavaThread "Signal Dispatcher" daemon [_thread_blocked, id=10880, stack(0x00000018dcd00000,0x00000018dce00000)]
  0x0000015618d421a0 JavaThread "Attach Listener" daemon [_thread_blocked, id=8048, stack(0x00000018dce00000,0x00000018dcf00000)]
  0x0000015618d42c10 JavaThread "Service Thread" daemon [_thread_blocked, id=11880, stack(0x00000018dcf00000,0x00000018dd000000)]
  0x0000015618d4e510 JavaThread "Monitor Deflation Thread" daemon [_thread_blocked, id=1684, stack(0x00000018dd000000,0x00000018dd100000)]
=>0x0000015618d59770 JavaThread "C2 CompilerThread0" daemon [_thread_in_native, id=4296, stack(0x00000018dd100000,0x00000018dd200000)]
  0x0000015618d5b440 JavaThread "C1 CompilerThread0" daemon [_thread_in_native, id=18940, stack(0x00000018dd200000,0x00000018dd300000)]
  0x0000015618d5c530 JavaThread "Sweeper thread" daemon [_thread_blocked, id=4140, stack(0x00000018dd300000,0x00000018dd400000)]
  0x0000015618edc020 JavaThread "Common-Cleaner" daemon [_thread_blocked, id=16968, stack(0x00000018dd400000,0x00000018dd500000)]
  0x00000156190bfff0 JavaThread "Notification Thread" daemon [_thread_blocked, id=9272, stack(0x00000018dd600000,0x00000018dd700000)]
  0x000001561a76b840 JavaThread "Active Thread: Equinox Container: 2be74214-ad89-4e08-b69f-8820c048f972" [_thread_blocked, id=14984, stack(0x00000018dde00000,0x00000018ddf00000)]
  0x000001561a718580 JavaThread "Framework Event Dispatcher: Equinox Container: 2be74214-ad89-4e08-b69f-8820c048f972" daemon [_thread_blocked, id=16876, stack(0x00000018ddf00000,0x00000018de000000)]
  0x000001561a718d30 JavaThread "Start Level: Equinox Container: 2be74214-ad89-4e08-b69f-8820c048f972" daemon [_thread_blocked, id=19984, stack(0x00000018de000000,0x00000018de100000)]
  0x000001561a8facc0 JavaThread "SCR Component Actor" daemon [_thread_blocked, id=14312, stack(0x00000018de100000,0x00000018de200000)]
  0x000001561aad8bc0 JavaThread "Worker-JM" [_thread_blocked, id=7560, stack(0x00000018de300000,0x00000018de400000)]
  0x000001561aad90d0 JavaThread "Worker-0" [_thread_blocked, id=11440, stack(0x00000018de400000,0x00000018de500000)]
  0x000001561aad6d60 JavaThread "Worker-1" [_thread_blocked, id=18060, stack(0x00000018de500000,0x00000018de600000)]
  0x000001561aad7270 JavaThread "JNA Cleaner" daemon [_thread_blocked, id=20168, stack(0x00000018de800000,0x00000018de900000)]
  0x000001561aad9af0 JavaThread "pool-2-thread-1" [_thread_blocked, id=12320, stack(0x00000018de900000,0x00000018dea00000)]
  0x000001561aad7c90 JavaThread "WorkspaceEventsHandler" [_thread_blocked, id=6756, stack(0x00000018dea00000,0x00000018deb00000)]
  0x000001561aad81a0 JavaThread "pool-1-thread-1" [_thread_in_native, id=16752, stack(0x00000018deb00000,0x00000018dec00000)]
  0x000001561a22e050 JavaThread "ForkJoinPool.commonPool-worker-1" daemon [_thread_blocked, id=16476, stack(0x00000018de700000,0x00000018de800000)]
  0x000001561a231800 JavaThread "ForkJoinPool.commonPool-worker-2" daemon [_thread_blocked, id=19236, stack(0x00000018dec00000,0x00000018ded00000)]
  0x000001561a231d10 JavaThread "ForkJoinPool.commonPool-worker-3" daemon [_thread_in_Java, id=1628, stack(0x00000018ded00000,0x00000018dee00000)]
  0x000001561a22ef80 JavaThread "ForkJoinPool.commonPool-worker-4" daemon [_thread_blocked, id=5512, stack(0x00000018dee00000,0x00000018def00000)]
  0x00000156281dc960 JavaThread "C2 CompilerThread1" daemon [_thread_in_native, id=19580, stack(0x00000018dd500000,0x00000018dd600000)]

Other Threads:
  0x0000015618d114b0 VMThread "VM Thread" [stack: 0x00000018dca00000,0x00000018dcb00000] [id=17864]
  0x000001561901efb0 WatcherThread [stack: 0x00000018dd700000,0x00000018dd800000] [id=14156]
  0x000001567eb13080 GCTaskThread "GC Thread#0" [stack: 0x00000018dc900000,0x00000018dca00000] [id=13704]
  0x000001561a8c7a10 GCTaskThread "GC Thread#1" [stack: 0x00000018dd800000,0x00000018dd900000] [id=320]
  0x000001561a4a1f80 GCTaskThread "GC Thread#2" [stack: 0x00000018dd900000,0x00000018dda00000] [id=5524]
  0x000001561a4a2240 GCTaskThread "GC Thread#3" [stack: 0x00000018dda00000,0x00000018ddb00000] [id=8864]
  0x000001561a4a2500 GCTaskThread "GC Thread#4" [stack: 0x00000018ddb00000,0x00000018ddc00000] [id=18520]
  0x000001561a4a27c0 GCTaskThread "GC Thread#5" [stack: 0x00000018ddc00000,0x00000018ddd00000] [id=7628]
  0x000001561a4a2a80 GCTaskThread "GC Thread#6" [stack: 0x00000018ddd00000,0x00000018dde00000] [id=1192]
  0x0000015619024c10 GCTaskThread "GC Thread#7" [stack: 0x00000018de200000,0x00000018de300000] [id=4508]

Threads with active compile tasks:
C2 CompilerThread0    10080 4623       4       org.eclipse.jdt.internal.compiler.parser.Parser::consumeRule (7964 bytes)
C1 CompilerThread0    10080 4690   !   3       org.eclipse.jdt.core.dom.DefaultCommentMapper::storeLeadingComments (552 bytes)
C2 CompilerThread1    10080 4626   !   4       org.eclipse.jdt.internal.compiler.parser.Scanner::getNextToken0 (2518 bytes)

VM state: not at safepoint (normal execution)

VM Mutex/Monitor currently owned by a thread: None

Heap address: 0x00000000c0000000, size: 1024 MB, Compressed Oops mode: 32-bit

CDS archive(s) not mapped
Compressed class space mapped at: 0x0000000100000000-0x0000000140000000, reserved size: 1073741824
Narrow klass base: 0x0000000000000000, Narrow klass shift: 3, Narrow klass range: 0x140000000

GC Precious Log:
 CPUs: 8 total, 8 available
 Memory: 7987M
 Large Page Support: Disabled
 NUMA Support: Disabled
 Compressed Oops: Enabled (32-bit)
 Alignments: Space 512K, Generation 512K, Heap 2M
 Heap Min Capacity: 100M
 Heap Initial Capacity: 100M
 Heap Max Capacity: 1G
 Pre-touch: Disabled
 Parallel Workers: 8

Heap:
 PSYoungGen      total 21504K, used 20952K [0x00000000eab00000, 0x00000000ec200000, 0x0000000100000000)
  eden space 20480K, 99% used [0x00000000eab00000,0x00000000ebed61b8,0x00000000ebf00000)
  from space 1024K, 62% used [0x00000000ec100000,0x00000000ec1a0000,0x00000000ec200000)
  to   space 1024K, 0% used [0x00000000ebf00000,0x00000000ebf00000,0x00000000ec000000)
 ParOldGen       total 68608K, used 28451K [0x00000000c0000000, 0x00000000c4300000, 0x00000000eab00000)
  object space 68608K, 41% used [0x00000000c0000000,0x00000000c1bc8cf8,0x00000000c4300000)
 Metaspace       used 45490K, committed 46272K, reserved 1114112K
  class space    used 4566K, committed 4928K, reserved 1048576K

Card table byte_map: [0x000001567e480000,0x000001567e690000] _byte_map_base: 0x000001567de80000

Marking Bits: (ParMarkBitMap*) 0x00007ffa3170d7d0
 Begin Bits: [0x0000015611be0000, 0x0000015612be0000)
 End Bits:   [0x0000015612be0000, 0x0000015613be0000)

Polling page: 0x000001567ca80000

Metaspace:

Usage:
  Non-class:     39.97 MB used.
      Class:      4.46 MB used.
       Both:     44.42 MB used.

Virtual space:
  Non-class space:       64.00 MB reserved,      40.38 MB ( 63%) committed,  1 nodes.
      Class space:        1.00 GB reserved,       4.81 MB ( <1%) committed,  1 nodes.
             Both:        1.06 GB reserved,      45.19 MB (  4%) committed. 

Chunk freelists:
   Non-Class:  6.88 MB
       Class:  11.11 MB
        Both:  17.98 MB

MaxMetaspaceSize: unlimited
CompressedClassSpaceSize: 1.00 GB
Initial GC threshold: 21.00 MB
Current GC threshold: 58.38 MB
CDS: off
MetaspaceReclaimPolicy: balanced
 - commit_granule_bytes: 65536.
 - commit_granule_words: 8192.
 - virtual_space_node_default_size: 8388608.
 - enlarge_chunks_in_place: 1.
 - new_chunks_are_fully_committed: 0.
 - uncommit_free_chunks: 1.
 - use_allocation_guard: 0.
 - handle_deallocations: 1.


Internal statistics:

num_allocs_failed_limit: 6.
num_arena_births: 406.
num_arena_deaths: 14.
num_vsnodes_births: 2.
num_vsnodes_deaths: 0.
num_space_committed: 723.
num_space_uncommitted: 0.
num_chunks_returned_to_freelist: 20.
num_chunks_taken_from_freelist: 1908.
num_chunk_merges: 8.
num_chunk_splits: 1262.
num_chunks_enlarged: 851.
num_inconsistent_stats: 0.

CodeHeap 'non-profiled nmethods': size=120000Kb used=2745Kb max_used=2745Kb free=117254Kb
 bounds [0x000001560a6b0000, 0x000001560a960000, 0x0000015611be0000]
CodeHeap 'profiled nmethods': size=120000Kb used=10301Kb max_used=10301Kb free=109698Kb
 bounds [0x0000015602be0000, 0x00000156035f0000, 0x000001560a110000]
CodeHeap 'non-nmethods': size=5760Kb used=1319Kb max_used=1367Kb free=4440Kb
 bounds [0x000001560a110000, 0x000001560a380000, 0x000001560a6b0000]
 total_blobs=5322 nmethods=4679 adapters=557
 compilation: enabled
              stopped_count=0, restarted_count=0
 full_count=0

Compilation events (20 events):
Event: 10.028 Thread 0x0000015618d5b440 nmethod 4647 0x00000156035d8c90 code [0x00000156035d8e60, 0x00000156035d9288]
Event: 10.036 Thread 0x0000015618d5b440 4648       3       org.eclipse.jdt.core.dom.ASTNode::checkModifiable (28 bytes)
Event: 10.036 Thread 0x0000015618d5b440 nmethod 4648 0x00000156035d9510 code [0x00000156035d96c0, 0x00000156035d98f8]
Event: 10.037 Thread 0x0000015618d5b440 4649       3       org.eclipse.jdt.core.dom.ASTNode::setSourceRange (57 bytes)
Event: 10.038 Thread 0x0000015618d5b440 nmethod 4649 0x00000156035d9a10 code [0x00000156035d9c20, 0x00000156035da1e8]
Event: 10.038 Thread 0x0000015618d5b440 4650       3       lombok.eclipse.agent.PatchDiagnostics::setSourceRangeCheck (192 bytes)
Event: 10.038 Thread 0x00000156281dc960 nmethod 4632 0x000001560a95a710 code [0x000001560a95a960, 0x000001560a95c938]
Event: 10.038 Thread 0x00000156281dc960 4626   !   4       org.eclipse.jdt.internal.compiler.parser.Scanner::getNextToken0 (2518 bytes)
Event: 10.040 Thread 0x0000015618d5b440 nmethod 4650 0x00000156035da410 code [0x00000156035da940, 0x00000156035dcab8]
Event: 10.040 Thread 0x0000015618d5b440 4653       3       java.lang.Class::getField0 (99 bytes)
Event: 10.041 Thread 0x0000015618d5b440 nmethod 4653 0x00000156035dd610 code [0x00000156035dd840, 0x00000156035ddd68]
Event: 10.041 Thread 0x0000015618d5b440 4652   !   3       lombok.core.FieldAugment$ReflectionFieldAugment::get (61 bytes)
Event: 10.042 Thread 0x0000015618d5b440 nmethod 4652 0x00000156035ddf90 code [0x00000156035de200, 0x00000156035debb8]
Event: 10.042 Thread 0x0000015618d5b440 4657       3       org.eclipse.jdt.core.dom.ASTConverter::setIsGeneratedFlag (48 bytes)
Event: 10.043 Thread 0x0000015618d5b440 nmethod 4657 0x00000156035df110 code [0x00000156035df300, 0x00000156035df688]
Event: 10.043 Thread 0x0000015618d5b440 4655       3       org.eclipse.jdt.core.dom.ASTConverter::recordNodes (43 bytes)
Event: 10.043 Thread 0x0000015618d5b440 nmethod 4655 0x00000156035df810 code [0x00000156035df9e0, 0x00000156035e00c8]
Event: 10.043 Thread 0x0000015618d5b440 4658  s    3       org.eclipse.jdt.core.dom.DefaultBindingResolver::store (13 bytes)
Event: 10.043 Thread 0x0000015618d5b440 nmethod 4658 0x00000156035e0210 code [0x00000156035e03c0, 0x00000156035e0628]
Event: 10.043 Thread 0x0000015618d5b440 4651       3       org.eclipse.jdt.core.dom.ASTNode::<init> (73 bytes)

GC Heap History (20 events):
Event: 5.565 GC heap before
{Heap before GC invocations=13 (full 2):
 PSYoungGen      total 25600K, used 25120K [0x00000000eab00000, 0x00000000ec880000, 0x0000000100000000)
  eden space 23040K, 100% used [0x00000000eab00000,0x00000000ec180000,0x00000000ec180000)
  from space 2560K, 81% used [0x00000000ec600000,0x00000000ec808040,0x00000000ec880000)
  to   space 3072K, 0% used [0x00000000ec280000,0x00000000ec280000,0x00000000ec580000)
 ParOldGen       total 68608K, used 12906K [0x00000000c0000000, 0x00000000c4300000, 0x00000000eab00000)
  object space 68608K, 18% used [0x00000000c0000000,0x00000000c0c9aa70,0x00000000c4300000)
 Metaspace       used 36909K, committed 37632K, reserved 1114112K
  class space    used 3747K, committed 4096K, reserved 1048576K
}
Event: 5.569 GC heap after
{Heap after GC invocations=13 (full 2):
 PSYoungGen      total 25088K, used 2048K [0x00000000eab00000, 0x00000000ec680000, 0x0000000100000000)
  eden space 22528K, 0% used [0x00000000eab00000,0x00000000eab00000,0x00000000ec100000)
  from space 2560K, 80% used [0x00000000ec280000,0x00000000ec480010,0x00000000ec500000)
  to   space 1536K, 0% used [0x00000000ec500000,0x00000000ec500000,0x00000000ec680000)
 ParOldGen       total 68608K, used 14842K [0x00000000c0000000, 0x00000000c4300000, 0x00000000eab00000)
  object space 68608K, 21% used [0x00000000c0000000,0x00000000c0e7eab0,0x00000000c4300000)
 Metaspace       used 36909K, committed 37632K, reserved 1114112K
  class space    used 3747K, committed 4096K, reserved 1048576K
}
Event: 5.805 GC heap before
{Heap before GC invocations=14 (full 2):
 PSYoungGen      total 25088K, used 24576K [0x00000000eab00000, 0x00000000ec680000, 0x0000000100000000)
  eden space 22528K, 100% used [0x00000000eab00000,0x00000000ec100000,0x00000000ec100000)
  from space 2560K, 80% used [0x00000000ec280000,0x00000000ec480010,0x00000000ec500000)
  to   space 1536K, 0% used [0x00000000ec500000,0x00000000ec500000,0x00000000ec680000)
 ParOldGen       total 68608K, used 14842K [0x00000000c0000000, 0x00000000c4300000, 0x00000000eab00000)
  object space 68608K, 21% used [0x00000000c0000000,0x00000000c0e7eab0,0x00000000c4300000)
 Metaspace       used 36981K, committed 37696K, reserved 1114112K
  class space    used 3760K, committed 4096K, reserved 1048576K
}
Event: 5.808 GC heap after
{Heap after GC invocations=14 (full 2):
 PSYoungGen      total 23552K, used 1504K [0x00000000eab00000, 0x00000000ec880000, 0x0000000100000000)
  eden space 22016K, 0% used [0x00000000eab00000,0x00000000eab00000,0x00000000ec080000)
  from space 1536K, 97% used [0x00000000ec500000,0x00000000ec678010,0x00000000ec680000)
  to   space 4096K, 0% used [0x00000000ec080000,0x00000000ec080000,0x00000000ec480000)
 ParOldGen       total 68608K, used 17058K [0x00000000c0000000, 0x00000000c4300000, 0x00000000eab00000)
  object space 68608K, 24% used [0x00000000c0000000,0x00000000c10a8ab0,0x00000000c4300000)
 Metaspace       used 36981K, committed 37696K, reserved 1114112K
  class space    used 3760K, committed 4096K, reserved 1048576K
}
Event: 6.076 GC heap before
{Heap before GC invocations=15 (full 2):
 PSYoungGen      total 23552K, used 23520K [0x00000000eab00000, 0x00000000ec880000, 0x0000000100000000)
  eden space 22016K, 100% used [0x00000000eab00000,0x00000000ec080000,0x00000000ec080000)
  from space 1536K, 97% used [0x00000000ec500000,0x00000000ec678010,0x00000000ec680000)
  to   space 4096K, 0% used [0x00000000ec080000,0x00000000ec080000,0x00000000ec480000)
 ParOldGen       total 68608K, used 17058K [0x00000000c0000000, 0x00000000c4300000, 0x00000000eab00000)
  object space 68608K, 24% used [0x00000000c0000000,0x00000000c10a8ab0,0x00000000c4300000)
 Metaspace       used 36982K, committed 37696K, reserved 1114112K
  class space    used 3760K, committed 4096K, reserved 1048576K
}
Event: 6.079 GC heap after
{Heap after GC invocations=15 (full 2):
 PSYoungGen      total 24064K, used 2016K [0x00000000eab00000, 0x00000000ec680000, 0x0000000100000000)
  eden space 22016K, 0% used [0x00000000eab00000,0x00000000eab00000,0x00000000ec080000)
  from space 2048K, 98% used [0x00000000ec080000,0x00000000ec278000,0x00000000ec280000)
  to   space 3072K, 0% used [0x00000000ec380000,0x00000000ec380000,0x00000000ec680000)
 ParOldGen       total 68608K, used 18588K [0x00000000c0000000, 0x00000000c4300000, 0x00000000eab00000)
  object space 68608K, 27% used [0x00000000c0000000,0x00000000c1227170,0x00000000c4300000)
 Metaspace       used 36982K, committed 37696K, reserved 1114112K
  class space    used 3760K, committed 4096K, reserved 1048576K
}
Event: 6.191 GC heap before
{Heap before GC invocations=16 (full 2):
 PSYoungGen      total 24064K, used 24032K [0x00000000eab00000, 0x00000000ec680000, 0x0000000100000000)
  eden space 22016K, 100% used [0x00000000eab00000,0x00000000ec080000,0x00000000ec080000)
  from space 2048K, 98% used [0x00000000ec080000,0x00000000ec278000,0x00000000ec280000)
  to   space 3072K, 0% used [0x00000000ec380000,0x00000000ec380000,0x00000000ec680000)
 ParOldGen       total 68608K, used 18588K [0x00000000c0000000, 0x00000000c4300000, 0x00000000eab00000)
  object space 68608K, 27% used [0x00000000c0000000,0x00000000c1227170,0x00000000c4300000)
 Metaspace       used 36982K, committed 37696K, reserved 1114112K
  class space    used 3760K, committed 4096K, reserved 1048576K
}
Event: 6.196 GC heap after
{Heap after GC invocations=16 (full 2):
 PSYoungGen      total 24576K, used 2336K [0x00000000eab00000, 0x00000000ec600000, 0x0000000100000000)
  eden space 22016K, 0% used [0x00000000eab00000,0x00000000eab00000,0x00000000ec080000)
  from space 2560K, 91% used [0x00000000ec380000,0x00000000ec5c8010,0x00000000ec600000)
  to   space 2560K, 0% used [0x00000000ec100000,0x00000000ec100000,0x00000000ec380000)
 ParOldGen       total 68608K, used 20524K [0x00000000c0000000, 0x00000000c4300000, 0x00000000eab00000)
  object space 68608K, 29% used [0x00000000c0000000,0x00000000c140b170,0x00000000c4300000)
 Metaspace       used 36982K, committed 37696K, reserved 1114112K
  class space    used 3760K, committed 4096K, reserved 1048576K
}
Event: 6.432 GC heap before
{Heap before GC invocations=17 (full 2):
 PSYoungGen      total 24576K, used 24352K [0x00000000eab00000, 0x00000000ec600000, 0x0000000100000000)
  eden space 22016K, 100% used [0x00000000eab00000,0x00000000ec080000,0x00000000ec080000)
  from space 2560K, 91% used [0x00000000ec380000,0x00000000ec5c8010,0x00000000ec600000)
  to   space 2560K, 0% used [0x00000000ec100000,0x00000000ec100000,0x00000000ec380000)
 ParOldGen       total 68608K, used 20524K [0x00000000c0000000, 0x00000000c4300000, 0x00000000eab00000)
  object space 68608K, 29% used [0x00000000c0000000,0x00000000c140b170,0x00000000c4300000)
 Metaspace       used 36982K, committed 37696K, reserved 1114112K
  class space    used 3760K, committed 4096K, reserved 1048576K
}
Event: 6.436 GC heap after
{Heap after GC invocations=17 (full 2):
 PSYoungGen      total 24064K, used 1920K [0x00000000eab00000, 0x00000000ec580000, 0x0000000100000000)
  eden space 22016K, 0% used [0x00000000eab00000,0x00000000eab00000,0x00000000ec080000)
  from space 2048K, 93% used [0x00000000ec100000,0x00000000ec2e0000,0x00000000ec300000)
  to   space 2560K, 0% used [0x00000000ec300000,0x00000000ec300000,0x00000000ec580000)
 ParOldGen       total 68608K, used 22740K [0x00000000c0000000, 0x00000000c4300000, 0x00000000eab00000)
  object space 68608K, 33% used [0x00000000c0000000,0x00000000c1635180,0x00000000c4300000)
 Metaspace       used 36982K, committed 37696K, reserved 1114112K
  class space    used 3760K, committed 4096K, reserved 1048576K
}
Event: 6.889 GC heap before
{Heap before GC invocations=18 (full 2):
 PSYoungGen      total 24064K, used 23936K [0x00000000eab00000, 0x00000000ec580000, 0x0000000100000000)
  eden space 22016K, 100% used [0x00000000eab00000,0x00000000ec080000,0x00000000ec080000)
  from space 2048K, 93% used [0x00000000ec100000,0x00000000ec2e0000,0x00000000ec300000)
  to   space 2560K, 0% used [0x00000000ec300000,0x00000000ec300000,0x00000000ec580000)
 ParOldGen       total 68608K, used 22740K [0x00000000c0000000, 0x00000000c4300000, 0x00000000eab00000)
  object space 68608K, 33% used [0x00000000c0000000,0x00000000c1635180,0x00000000c4300000)
 Metaspace       used 38385K, committed 39104K, reserved 1114112K
  class space    used 3910K, committed 4224K, reserved 1048576K
}
Event: 6.893 GC heap after
{Heap after GC invocations=18 (full 2):
 PSYoungGen      total 24064K, used 2548K [0x00000000eab00000, 0x00000000ec680000, 0x0000000100000000)
  eden space 21504K, 0% used [0x00000000eab00000,0x00000000eab00000,0x00000000ec000000)
  from space 2560K, 99% used [0x00000000ec300000,0x00000000ec57d208,0x00000000ec580000)
  to   space 3072K, 0% used [0x00000000ec000000,0x00000000ec000000,0x00000000ec300000)
 ParOldGen       total 68608K, used 24548K [0x00000000c0000000, 0x00000000c4300000, 0x00000000eab00000)
  object space 68608K, 35% used [0x00000000c0000000,0x00000000c17f9180,0x00000000c4300000)
 Metaspace       used 38385K, committed 39104K, reserved 1114112K
  class space    used 3910K, committed 4224K, reserved 1048576K
}
Event: 7.838 GC heap before
{Heap before GC invocations=19 (full 2):
 PSYoungGen      total 24064K, used 24052K [0x00000000eab00000, 0x00000000ec680000, 0x0000000100000000)
  eden space 21504K, 100% used [0x00000000eab00000,0x00000000ec000000,0x00000000ec000000)
  from space 2560K, 99% used [0x00000000ec300000,0x00000000ec57d208,0x00000000ec580000)
  to   space 3072K, 0% used [0x00000000ec000000,0x00000000ec000000,0x00000000ec300000)
 ParOldGen       total 68608K, used 24548K [0x00000000c0000000, 0x00000000c4300000, 0x00000000eab00000)
  object space 68608K, 35% used [0x00000000c0000000,0x00000000c17f9180,0x00000000c4300000)
 Metaspace       used 40333K, committed 41088K, reserved 1114112K
  class space    used 4125K, committed 4480K, reserved 1048576K
}
Event: 7.842 GC heap after
{Heap after GC invocations=19 (full 2):
 PSYoungGen      total 22528K, used 878K [0x00000000eab00000, 0x00000000ec380000, 0x0000000100000000)
  eden space 21504K, 0% used [0x00000000eab00000,0x00000000eab00000,0x00000000ec000000)
  from space 1024K, 85% used [0x00000000ec000000,0x00000000ec0db970,0x00000000ec100000)
  to   space 1536K, 0% used [0x00000000ec200000,0x00000000ec200000,0x00000000ec380000)
 ParOldGen       total 68608K, used 26911K [0x00000000c0000000, 0x00000000c4300000, 0x00000000eab00000)
  object space 68608K, 39% used [0x00000000c0000000,0x00000000c1a47d80,0x00000000c4300000)
 Metaspace       used 40333K, committed 41088K, reserved 1114112K
  class space    used 4125K, committed 4480K, reserved 1048576K
}
Event: 8.497 GC heap before
{Heap before GC invocations=20 (full 2):
 PSYoungGen      total 22528K, used 22279K [0x00000000eab00000, 0x00000000ec380000, 0x0000000100000000)
  eden space 21504K, 99% used [0x00000000eab00000,0x00000000ebfe6480,0x00000000ec000000)
  from space 1024K, 85% used [0x00000000ec000000,0x00000000ec0db970,0x00000000ec100000)
  to   space 1536K, 0% used [0x00000000ec200000,0x00000000ec200000,0x00000000ec380000)
 ParOldGen       total 68608K, used 26911K [0x00000000c0000000, 0x00000000c4300000, 0x00000000eab00000)
  object space 68608K, 39% used [0x00000000c0000000,0x00000000c1a47d80,0x00000000c4300000)
 Metaspace       used 41811K, committed 42560K, reserved 1114112K
  class space    used 4253K, committed 4608K, reserved 1048576K
}
Event: 8.500 GC heap after
{Heap after GC invocations=20 (full 2):
 PSYoungGen      total 22016K, used 1532K [0x00000000eab00000, 0x00000000ec600000, 0x0000000100000000)
  eden space 20480K, 0% used [0x00000000eab00000,0x00000000eab00000,0x00000000ebf00000)
  from space 1536K, 99% used [0x00000000ec200000,0x00000000ec37f080,0x00000000ec380000)
  to   space 3072K, 0% used [0x00000000ebf00000,0x00000000ebf00000,0x00000000ec200000)
 ParOldGen       total 68608K, used 27861K [0x00000000c0000000, 0x00000000c4300000, 0x00000000eab00000)
  object space 68608K, 40% used [0x00000000c0000000,0x00000000c1b357c0,0x00000000c4300000)
 Metaspace       used 41811K, committed 42560K, reserved 1114112K
  class space    used 4253K, committed 4608K, reserved 1048576K
}
Event: 8.645 GC heap before
{Heap before GC invocations=21 (full 2):
 PSYoungGen      total 22016K, used 21836K [0x00000000eab00000, 0x00000000ec600000, 0x0000000100000000)
  eden space 20480K, 99% used [0x00000000eab00000,0x00000000ebed4240,0x00000000ebf00000)
  from space 1536K, 99% used [0x00000000ec200000,0x00000000ec37f080,0x00000000ec380000)
  to   space 3072K, 0% used [0x00000000ebf00000,0x00000000ebf00000,0x00000000ec200000)
 ParOldGen       total 68608K, used 27861K [0x00000000c0000000, 0x00000000c4300000, 0x00000000eab00000)
  object space 68608K, 40% used [0x00000000c0000000,0x00000000c1b357c0,0x00000000c4300000)
 Metaspace       used 41848K, committed 42624K, reserved 1114112K
  class space    used 4253K, committed 4608K, reserved 1048576K
}
Event: 8.646 GC heap after
{Heap after GC invocations=21 (full 2):
 PSYoungGen      total 21504K, used 918K [0x00000000eab00000, 0x00000000ec280000, 0x0000000100000000)
  eden space 20480K, 0% used [0x00000000eab00000,0x00000000eab00000,0x00000000ebf00000)
  from space 1024K, 89% used [0x00000000ebf00000,0x00000000ebfe5b88,0x00000000ec000000)
  to   space 1536K, 0% used [0x00000000ec100000,0x00000000ec100000,0x00000000ec280000)
 ParOldGen       total 68608K, used 28419K [0x00000000c0000000, 0x00000000c4300000, 0x00000000eab00000)
  object space 68608K, 41% used [0x00000000c0000000,0x00000000c1bc0cf8,0x00000000c4300000)
 Metaspace       used 41848K, committed 42624K, reserved 1114112K
  class space    used 4253K, committed 4608K, reserved 1048576K
}
Event: 9.116 GC heap before
{Heap before GC invocations=22 (full 2):
 PSYoungGen      total 21504K, used 21398K [0x00000000eab00000, 0x00000000ec280000, 0x0000000100000000)
  eden space 20480K, 100% used [0x00000000eab00000,0x00000000ebf00000,0x00000000ebf00000)
  from space 1024K, 89% used [0x00000000ebf00000,0x00000000ebfe5b88,0x00000000ec000000)
  to   space 1536K, 0% used [0x00000000ec100000,0x00000000ec100000,0x00000000ec280000)
 ParOldGen       total 68608K, used 28419K [0x00000000c0000000, 0x00000000c4300000, 0x00000000eab00000)
  object space 68608K, 41% used [0x00000000c0000000,0x00000000c1bc0cf8,0x00000000c4300000)
 Metaspace       used 43602K, committed 44352K, reserved 1114112K
  class space    used 4419K, committed 4800K, reserved 1048576K
}
Event: 9.117 GC heap after
{Heap after GC invocations=22 (full 2):
 PSYoungGen      total 21504K, used 640K [0x00000000eab00000, 0x00000000ec200000, 0x0000000100000000)
  eden space 20480K, 0% used [0x00000000eab00000,0x00000000eab00000,0x00000000ebf00000)
  from space 1024K, 62% used [0x00000000ec100000,0x00000000ec1a0000,0x00000000ec200000)
  to   space 1024K, 0% used [0x00000000ebf00000,0x00000000ebf00000,0x00000000ec000000)
 ParOldGen       total 68608K, used 28451K [0x00000000c0000000, 0x00000000c4300000, 0x00000000eab00000)
  object space 68608K, 41% used [0x00000000c0000000,0x00000000c1bc8cf8,0x00000000c4300000)
 Metaspace       used 43602K, committed 44352K, reserved 1114112K
  class space    used 4419K, committed 4800K, reserved 1048576K
}

Dll operation events (10 events):
Event: 0.013 Loaded shared library c:\Users\Kiet\.vscode\extensions\redhat.java-1.28.1-win32-x64\jre\17.0.10-win32-x86_64\bin\java.dll
Event: 0.155 Loaded shared library c:\Users\Kiet\.vscode\extensions\redhat.java-1.28.1-win32-x64\jre\17.0.10-win32-x86_64\bin\zip.dll
Event: 0.166 Loaded shared library C:\Users\Kiet\.vscode\extensions\redhat.java-1.28.1-win32-x64\jre\17.0.10-win32-x86_64\bin\instrument.dll
Event: 0.186 Loaded shared library C:\Users\Kiet\.vscode\extensions\redhat.java-1.28.1-win32-x64\jre\17.0.10-win32-x86_64\bin\net.dll
Event: 0.188 Loaded shared library C:\Users\Kiet\.vscode\extensions\redhat.java-1.28.1-win32-x64\jre\17.0.10-win32-x86_64\bin\nio.dll
Event: 0.210 Loaded shared library C:\Users\Kiet\.vscode\extensions\redhat.java-1.28.1-win32-x64\jre\17.0.10-win32-x86_64\bin\zip.dll
Event: 0.228 Loaded shared library C:\Users\Kiet\.vscode\extensions\redhat.java-1.28.1-win32-x64\jre\17.0.10-win32-x86_64\bin\jimage.dll
Event: 0.297 Loaded shared library c:\Users\Kiet\.vscode\extensions\redhat.java-1.28.1-win32-x64\jre\17.0.10-win32-x86_64\bin\verify.dll
Event: 1.651 Loaded shared library C:\Users\Kiet\AppData\Roaming\Code\User\globalStorage\redhat.java\1.28.1\config_ss_win\org.eclipse.equinox.launcher\org.eclipse.equinox.launcher.win32.win32.x86_64_1.2.900.v20240129-1338\eclipse_11900.dll
Event: 4.210 Loaded shared library C:\Users\Kiet\AppData\Local\Temp\jna-2338477\jna17653247609535481825.dll

Deoptimization events (20 events):
Event: 9.954 Thread 0x000001561a231d10 Uncommon trap: trap_request=0xffffffde fr.pc=0x000001560a935930 relative=0x0000000000000610
Event: 9.954 Thread 0x000001561a231d10 Uncommon trap: reason=class_check action=maybe_recompile pc=0x000001560a935930 method=org.eclipse.jdt.internal.compiler.parser.Parser.consumeRule(I)V @ 4205 c2
Event: 9.954 Thread 0x000001561a231d10 DEOPT PACKING pc=0x000001560a935930 sp=0x00000018dedfe710
Event: 9.954 Thread 0x000001561a231d10 DEOPT UNPACKING pc=0x000001560a169ea3 sp=0x00000018dedfe6b0 mode 2
Event: 9.954 Thread 0x000001561a231d10 Uncommon trap: trap_request=0xffffffde fr.pc=0x000001560a935930 relative=0x0000000000000610
Event: 9.954 Thread 0x000001561a231d10 Uncommon trap: reason=class_check action=maybe_recompile pc=0x000001560a935930 method=org.eclipse.jdt.internal.compiler.parser.Parser.consumeRule(I)V @ 4205 c2
Event: 9.954 Thread 0x000001561a231d10 DEOPT PACKING pc=0x000001560a935930 sp=0x00000018dedfe710
Event: 9.954 Thread 0x000001561a231d10 DEOPT UNPACKING pc=0x000001560a169ea3 sp=0x00000018dedfe6b0 mode 2
Event: 9.954 Thread 0x000001561a231d10 Uncommon trap: trap_request=0xffffffde fr.pc=0x000001560a935930 relative=0x0000000000000610
Event: 9.954 Thread 0x000001561a231d10 Uncommon trap: reason=class_check action=maybe_recompile pc=0x000001560a935930 method=org.eclipse.jdt.internal.compiler.parser.Parser.consumeRule(I)V @ 4205 c2
Event: 9.954 Thread 0x000001561a231d10 DEOPT PACKING pc=0x000001560a935930 sp=0x00000018dedfe710
Event: 9.954 Thread 0x000001561a231d10 DEOPT UNPACKING pc=0x000001560a169ea3 sp=0x00000018dedfe6b0 mode 2
Event: 9.964 Thread 0x000001561a231d10 Uncommon trap: trap_request=0xffffffcc fr.pc=0x000001560a92f5a4 relative=0x00000000000019c4
Event: 9.964 Thread 0x000001561a231d10 Uncommon trap: reason=intrinsic_or_type_checked_inlining action=make_not_entrant pc=0x000001560a92f5a4 method=java.util.ArrayList$SubList.toArray([Ljava/lang/Object;)[Ljava/lang/Object; @ 58 c2
Event: 9.964 Thread 0x000001561a231d10 DEOPT PACKING pc=0x000001560a92f5a4 sp=0x00000018dedfe000
Event: 9.964 Thread 0x000001561a231d10 DEOPT UNPACKING pc=0x000001560a169ea3 sp=0x00000018dedfdf38 mode 2
Event: 10.001 Thread 0x000001561a231d10 Uncommon trap: trap_request=0xffffff45 fr.pc=0x000001560a94e4f4 relative=0x00000000000001d4
Event: 10.001 Thread 0x000001561a231d10 Uncommon trap: reason=unstable_if action=reinterpret pc=0x000001560a94e4f4 method=org.eclipse.jdt.internal.compiler.parser.Scanner.scanIdentifierOrKeyword()I @ 27 c2
Event: 10.001 Thread 0x000001561a231d10 DEOPT PACKING pc=0x000001560a94e4f4 sp=0x00000018dedfe5b0
Event: 10.001 Thread 0x000001561a231d10 DEOPT UNPACKING pc=0x000001560a169ea3 sp=0x00000018dedfe530 mode 2

Classes unloaded (7 events):
Event: 2.643 Thread 0x0000015618d114b0 Unloading class 0x0000000100222400 'java/lang/invoke/LambdaForm$MH+0x0000000100222400'
Event: 2.643 Thread 0x0000015618d114b0 Unloading class 0x0000000100222000 'java/lang/invoke/LambdaForm$MH+0x0000000100222000'
Event: 2.643 Thread 0x0000015618d114b0 Unloading class 0x0000000100221c00 'java/lang/invoke/LambdaForm$MH+0x0000000100221c00'
Event: 2.643 Thread 0x0000015618d114b0 Unloading class 0x0000000100221800 'java/lang/invoke/LambdaForm$MH+0x0000000100221800'
Event: 2.643 Thread 0x0000015618d114b0 Unloading class 0x0000000100221400 'java/lang/invoke/LambdaForm$BMH+0x0000000100221400'
Event: 2.643 Thread 0x0000015618d114b0 Unloading class 0x0000000100221000 'java/lang/invoke/LambdaForm$DMH+0x0000000100221000'
Event: 2.643 Thread 0x0000015618d114b0 Unloading class 0x0000000100218400 'java/lang/invoke/LambdaForm$DMH+0x0000000100218400'

Classes redefined (0 events):
No events

Internal exceptions (20 events):
Event: 4.499 Thread 0x000001567eaff530 Exception <a 'java/lang/IncompatibleClassChangeError'{0x00000000ebbcff50}: Found class java.lang.Object, but interface was expected> (0x00000000ebbcff50) 
thrown [s\src\hotspot\share\interpreter\linkResolver.cpp, line 826]
Event: 4.676 Thread 0x000001561aad81a0 Exception <a 'java/io/FileNotFoundException'{0x00000000ec1d70b8}> (0x00000000ec1d70b8) 
thrown [s\src\hotspot\share\prims\jni.cpp, line 516]
Event: 4.724 Thread 0x000001561aad81a0 Exception <a 'sun/nio/fs/WindowsException'{0x00000000eac2fae8}> (0x00000000eac2fae8) 
thrown [s\src\hotspot\share\prims\jni.cpp, line 516]
Event: 4.741 Thread 0x000001561aad90d0 Exception <a 'java/io/FileNotFoundException'{0x00000000eac75210}> (0x00000000eac75210) 
thrown [s\src\hotspot\share\prims\jni.cpp, line 516]
Event: 4.741 Thread 0x000001561aad90d0 Exception <a 'java/io/FileNotFoundException'{0x00000000eac76208}> (0x00000000eac76208) 
thrown [s\src\hotspot\share\prims\jni.cpp, line 516]
Event: 4.741 Thread 0x000001561aad90d0 Exception <a 'java/io/FileNotFoundException'{0x00000000eac76f78}> (0x00000000eac76f78) 
thrown [s\src\hotspot\share\prims\jni.cpp, line 516]
Event: 4.829 Thread 0x000001561aad90d0 Exception <a 'java/lang/NoSuchMethodError'{0x00000000eaeb3768}: 'java.lang.Object java.lang.invoke.Invokers$Holder.invoke_MT(java.lang.Object, java.lang.Object, java.lang.Object)'> (0x00000000eaeb3768) 
thrown [s\src\hotspot\share\interpreter\linkResolver.cpp, line 759]
Event: 4.837 Thread 0x000001561aad81a0 Exception <a 'java/lang/NoSuchMethodError'{0x00000000eaef9368}: 'int java.lang.invoke.DirectMethodHandle$Holder.invokeVirtual(java.lang.Object, java.lang.Object)'> (0x00000000eaef9368) 
thrown [s\src\hotspot\share\interpreter\linkResolver.cpp, line 759]
Event: 5.059 Thread 0x000001561aad90d0 Exception <a 'java/io/FileNotFoundException'{0x00000000eb0a80c0}> (0x00000000eb0a80c0) 
thrown [s\src\hotspot\share\prims\jni.cpp, line 516]
Event: 5.060 Thread 0x000001561aad90d0 Exception <a 'java/io/FileNotFoundException'{0x00000000eb0a95e0}> (0x00000000eb0a95e0) 
thrown [s\src\hotspot\share\prims\jni.cpp, line 516]
Event: 5.062 Thread 0x000001561aad90d0 Exception <a 'java/lang/NoSuchMethodError'{0x00000000eb0babe0}: 'void java.lang.invoke.DirectMethodHandle$Holder.invokeStaticInit(java.lang.Object, java.lang.Object, java.lang.Object)'> (0x00000000eb0babe0) 
thrown [s\src\hotspot\share\interpreter\linkResolver.cpp, line 759]
Event: 6.628 Thread 0x000001561aad81a0 Exception <a 'java/lang/NoSuchMethodError'{0x00000000eb67bdc8}: 'java.lang.Object java.lang.invoke.DirectMethodHandle$Holder.invokeInterface(java.lang.Object, java.lang.Object, java.lang.Object)'> (0x00000000eb67bdc8) 
thrown [s\src\hotspot\share\interpreter\linkResolver.cpp, line 759]
Event: 6.628 Thread 0x000001561a22e050 Exception <a 'java/lang/NoSuchMethodError'{0x00000000eb658b90}: 'java.lang.Object java.lang.invoke.DirectMethodHandle$Holder.invokeInterface(java.lang.Object, java.lang.Object, java.lang.Object)'> (0x00000000eb658b90) 
thrown [s\src\hotspot\share\interpreter\linkResolver.cpp, line 759]
Event: 7.222 Thread 0x000001561a22e050 Exception <a 'java/lang/LinkageError'{0x00000000eb2eb4d8}: loader lombok.launch.ShadowClassLoader @4d02b0d9 attempted duplicate class definition for lombok.launch.PatchFixesHider$Transform. (lombok.launch.PatchFixesHider$Transform is in unnamed module of loader lombok.launch.ShadowClassLoader @4d02b0d9, parent loader org.eclipse.osgi.internal.loader.EquinoxClassLoader @2fa4276d)> (0x00000000eb2eb4d8) 
thrown [s\src\hotspot\share\classfile\systemDictionary.cpp, line 1724]
Event: 7.258 Thread 0x000001561a231800 Exception <a 'java/lang/LinkageError'{0x00000000eb322450}: loader lombok.launch.ShadowClassLoader @4d02b0d9 attempted duplicate class definition for lombok.launch.PatchFixesHider$Transform. (lombok.launch.PatchFixesHider$Transform is in unnamed module of loader lombok.launch.ShadowClassLoader @4d02b0d9, parent loader org.eclipse.osgi.internal.loader.EquinoxClassLoader @2fa4276d)> (0x00000000eb322450) 
thrown [s\src\hotspot\share\classfile\systemDictionary.cpp, line 1724]
Event: 8.422 Thread 0x000001561a22e050 Exception <a 'java/lang/LinkageError'{0x00000000ebbc0160}: loader lombok.launch.ShadowClassLoader @4d02b0d9 attempted duplicate class definition for lombok.launch.PatchFixesHider$ValPortal. (lombok.launch.PatchFixesHider$ValPortal is in unnamed module of loader lombok.launch.ShadowClassLoader @4d02b0d9, parent loader org.eclipse.osgi.internal.loader.EquinoxClassLoader @2fa4276d)> (0x00000000ebbc0160) 
thrown [s\src\hotspot\share\classfile\systemDictionary.cpp, line 1724]
Event: 8.424 Thread 0x000001561a231800 Exception <a 'java/lang/LinkageError'{0x00000000ebbb00c8}: loader lombok.launch.ShadowClassLoader @4d02b0d9 attempted duplicate class definition for lombok.launch.PatchFixesHider$ValPortal. (lombok.launch.PatchFixesHider$ValPortal is in unnamed module of loader lombok.launch.ShadowClassLoader @4d02b0d9, parent loader org.eclipse.osgi.internal.loader.EquinoxClassLoader @2fa4276d)> (0x00000000ebbb00c8) 
thrown [s\src\hotspot\share\classfile\systemDictionary.cpp, line 1724]
Event: 9.820 Thread 0x000001561a22ef80 Exception <a 'java/lang/ArrayIndexOutOfBoundsException'{0x00000000eb864398}> (0x00000000eb864398) 
thrown [s\src\hotspot\share\runtime\sharedRuntime.cpp, line 631]
Event: 9.906 Thread 0x000001561a231d10 Exception <a 'java/lang/NoSuchMethodError'{0x00000000eba98948}: 'int java.lang.invoke.DirectMethodHandle$Holder.invokeInterface(java.lang.Object, java.lang.Object)'> (0x00000000eba98948) 
thrown [s\src\hotspot\share\interpreter\linkResolver.cpp, line 759]
Event: 9.907 Thread 0x000001561a231d10 Exception <a 'java/lang/IncompatibleClassChangeError'{0x00000000eba9c148}: Found class java.lang.Object, but interface was expected> (0x00000000eba9c148) 
thrown [s\src\hotspot\share\interpreter\linkResolver.cpp, line 826]

VM Operations (20 events):
Event: 7.114 Executing VM operation: HandshakeAllThreads
Event: 7.114 Executing VM operation: HandshakeAllThreads done
Event: 7.183 Executing VM operation: HandshakeAllThreads
Event: 7.183 Executing VM operation: HandshakeAllThreads done
Event: 7.838 Executing VM operation: ParallelGCFailedAllocation
Event: 7.842 Executing VM operation: ParallelGCFailedAllocation done
Event: 8.497 Executing VM operation: ParallelGCFailedAllocation
Event: 8.500 Executing VM operation: ParallelGCFailedAllocation done
Event: 8.644 Executing VM operation: ParallelGCFailedAllocation
Event: 8.646 Executing VM operation: ParallelGCFailedAllocation done
Event: 8.903 Executing VM operation: HandshakeAllThreads
Event: 8.903 Executing VM operation: HandshakeAllThreads done
Event: 9.027 Executing VM operation: HandshakeAllThreads
Event: 9.029 Executing VM operation: HandshakeAllThreads done
Event: 9.113 Executing VM operation: ParallelGCFailedAllocation
Event: 9.126 Executing VM operation: ParallelGCFailedAllocation done
Event: 9.818 Executing VM operation: HandshakeAllThreads
Event: 9.818 Executing VM operation: HandshakeAllThreads done
Event: 9.957 Executing VM operation: HandshakeAllThreads
Event: 9.957 Executing VM operation: HandshakeAllThreads done

Events (20 events):
Event: 9.403 Thread 0x000001561a22ef80 Thread added: 0x000001561a22ef80
Event: 9.796 Thread 0x000001561a143430 Thread exited: 0x000001561a143430
Event: 9.798 Thread 0x000001561c5c2380 Thread exited: 0x000001561c5c2380
Event: 9.819 Thread 0x00000156281dc960 Thread added: 0x00000156281dc960
Event: 9.820 loading class java/util/regex/Pattern$1
Event: 9.820 loading class java/util/regex/Pattern$1 done
Event: 9.828 loading class java/lang/UnsupportedClassVersionError
Event: 9.828 loading class java/lang/UnsupportedClassVersionError done
Event: 9.854 loading class jdk/internal/reflect/UnsafeQualifiedStaticIntegerFieldAccessorImpl
Event: 9.867 loading class jdk/internal/reflect/UnsafeQualifiedStaticIntegerFieldAccessorImpl done
Event: 9.907 loading class java/util/stream/MatchOps$MatchKind
Event: 9.907 loading class java/util/stream/MatchOps$MatchKind done
Event: 9.907 loading class java/util/stream/MatchOps
Event: 9.908 loading class java/util/stream/MatchOps done
Event: 9.908 loading class java/util/stream/MatchOps$MatchOp
Event: 9.908 loading class java/util/stream/MatchOps$MatchOp done
Event: 9.908 loading class java/util/stream/MatchOps$BooleanTerminalSink
Event: 9.908 loading class java/util/stream/MatchOps$BooleanTerminalSink done
Event: 9.909 loading class java/util/stream/MatchOps$1MatchSink
Event: 9.909 loading class java/util/stream/MatchOps$1MatchSink done


Dynamic libraries:
0x00007ff63b740000 - 0x00007ff63b74e000 	c:\Users\Kiet\.vscode\extensions\redhat.java-1.28.1-win32-x64\jre\17.0.10-win32-x86_64\bin\java.exe
0x00007ffa93c10000 - 0x00007ffa93e27000 	C:\WINDOWS\SYSTEM32\ntdll.dll
0x00007ffa91ce0000 - 0x00007ffa91da4000 	C:\WINDOWS\System32\KERNEL32.DLL
0x00007ffa90fc0000 - 0x00007ffa91366000 	C:\WINDOWS\System32\KERNELBASE.dll
0x00007ffa8de70000 - 0x00007ffa8df07000 	C:\WINDOWS\SYSTEM32\apphelp.dll
0x00007ffa915d0000 - 0x00007ffa916e1000 	C:\WINDOWS\System32\ucrtbase.dll
0x00007ffa6a360000 - 0x00007ffa6a377000 	c:\Users\Kiet\.vscode\extensions\redhat.java-1.28.1-win32-x64\jre\17.0.10-win32-x86_64\bin\jli.dll
0x00007ffa68de0000 - 0x00007ffa68dfb000 	c:\Users\Kiet\.vscode\extensions\redhat.java-1.28.1-win32-x64\jre\17.0.10-win32-x86_64\bin\VCRUNTIME140.dll
0x00007ffa919e0000 - 0x00007ffa91b8e000 	C:\WINDOWS\System32\USER32.dll
0x00007ffa91900000 - 0x00007ffa91926000 	C:\WINDOWS\System32\win32u.dll
0x00007ffa7d060000 - 0x00007ffa7d2f3000 	C:\WINDOWS\WinSxS\amd64_microsoft.windows.common-controls_6595b64144ccf1df_6.0.22621.2506_none_270c5ae97388e100\COMCTL32.dll
0x00007ffa939a0000 - 0x00007ffa939c9000 	C:\WINDOWS\System32\GDI32.dll
0x00007ffa932d0000 - 0x00007ffa93377000 	C:\WINDOWS\System32\msvcrt.dll
0x00007ffa913f0000 - 0x00007ffa91508000 	C:\WINDOWS\System32\gdi32full.dll
0x00007ffa91860000 - 0x00007ffa918fa000 	C:\WINDOWS\System32\msvcp_win.dll
0x00007ffa93460000 - 0x00007ffa93491000 	C:\WINDOWS\System32\IMM32.DLL
0x00007ffa8b410000 - 0x00007ffa8b41c000 	c:\Users\Kiet\.vscode\extensions\redhat.java-1.28.1-win32-x64\jre\17.0.10-win32-x86_64\bin\vcruntime140_1.dll
0x00007ffa5df90000 - 0x00007ffa5e01d000 	c:\Users\Kiet\.vscode\extensions\redhat.java-1.28.1-win32-x64\jre\17.0.10-win32-x86_64\bin\msvcp140.dll
0x00007ffa30b70000 - 0x00007ffa317d2000 	c:\Users\Kiet\.vscode\extensions\redhat.java-1.28.1-win32-x64\jre\17.0.10-win32-x86_64\bin\server\jvm.dll
0x00007ffa93600000 - 0x00007ffa936b3000 	C:\WINDOWS\System32\ADVAPI32.dll
0x00007ffa92920000 - 0x00007ffa929c8000 	C:\WINDOWS\System32\sechost.dll
0x00007ffa91930000 - 0x00007ffa91958000 	C:\WINDOWS\System32\bcrypt.dll
0x00007ffa925c0000 - 0x00007ffa926d7000 	C:\WINDOWS\System32\RPCRT4.dll
0x00007ffa90e20000 - 0x00007ffa90e6d000 	C:\WINDOWS\SYSTEM32\POWRPROF.dll
0x00007ffa8aed0000 - 0x00007ffa8aed9000 	C:\WINDOWS\SYSTEM32\WSOCK32.dll
0x00007ffa91960000 - 0x00007ffa919d1000 	C:\WINDOWS\System32\WS2_32.dll
0x00007ffa899e0000 - 0x00007ffa89a14000 	C:\WINDOWS\SYSTEM32\WINMM.dll
0x00007ffa87910000 - 0x00007ffa8791a000 	C:\WINDOWS\SYSTEM32\VERSION.dll
0x00007ffa90e00000 - 0x00007ffa90e13000 	C:\WINDOWS\SYSTEM32\UMPDC.dll
0x00007ffa8ff90000 - 0x00007ffa8ffa8000 	C:\WINDOWS\SYSTEM32\kernel.appcore.dll
0x00007ffa88a90000 - 0x00007ffa88a9a000 	c:\Users\Kiet\.vscode\extensions\redhat.java-1.28.1-win32-x64\jre\17.0.10-win32-x86_64\bin\jimage.dll
0x00007ffa8e830000 - 0x00007ffa8ea63000 	C:\WINDOWS\SYSTEM32\DBGHELP.DLL
0x00007ffa92230000 - 0x00007ffa925b9000 	C:\WINDOWS\System32\combase.dll
0x00007ffa92840000 - 0x00007ffa92917000 	C:\WINDOWS\System32\OLEAUT32.dll
0x00007ffa7a430000 - 0x00007ffa7a462000 	C:\WINDOWS\SYSTEM32\dbgcore.DLL
0x00007ffa91370000 - 0x00007ffa913ea000 	C:\WINDOWS\System32\bcryptPrimitives.dll
0x00007ffa87c90000 - 0x00007ffa87c9e000 	c:\Users\Kiet\.vscode\extensions\redhat.java-1.28.1-win32-x64\jre\17.0.10-win32-x86_64\bin\instrument.dll
0x00007ffa610b0000 - 0x00007ffa610d5000 	c:\Users\Kiet\.vscode\extensions\redhat.java-1.28.1-win32-x64\jre\17.0.10-win32-x86_64\bin\java.dll
0x00007ffa68c00000 - 0x00007ffa68c18000 	c:\Users\Kiet\.vscode\extensions\redhat.java-1.28.1-win32-x64\jre\17.0.10-win32-x86_64\bin\zip.dll
0x00007ffa929d0000 - 0x00007ffa9322b000 	C:\WINDOWS\System32\SHELL32.dll
0x00007ffa8eeb0000 - 0x00007ffa8f7a6000 	C:\WINDOWS\SYSTEM32\windows.storage.dll
0x00007ffa8ed70000 - 0x00007ffa8eeae000 	C:\WINDOWS\SYSTEM32\wintypes.dll
0x00007ffa93500000 - 0x00007ffa935f3000 	C:\WINDOWS\System32\SHCORE.dll
0x00007ffa93270000 - 0x00007ffa932ce000 	C:\WINDOWS\System32\shlwapi.dll
0x00007ffa90e80000 - 0x00007ffa90ea6000 	C:\WINDOWS\SYSTEM32\profapi.dll
0x00007ffa66e60000 - 0x00007ffa66e79000 	C:\Users\Kiet\.vscode\extensions\redhat.java-1.28.1-win32-x64\jre\17.0.10-win32-x86_64\bin\net.dll
0x00007ffa8ac90000 - 0x00007ffa8adc7000 	C:\WINDOWS\SYSTEM32\WINHTTP.dll
0x00007ffa90410000 - 0x00007ffa90479000 	C:\WINDOWS\system32\mswsock.dll
0x00007ffa66b60000 - 0x00007ffa66b76000 	C:\Users\Kiet\.vscode\extensions\redhat.java-1.28.1-win32-x64\jre\17.0.10-win32-x86_64\bin\nio.dll
0x00007ffa878a0000 - 0x00007ffa878b0000 	c:\Users\Kiet\.vscode\extensions\redhat.java-1.28.1-win32-x64\jre\17.0.10-win32-x86_64\bin\verify.dll
0x00007ffa60000000 - 0x00007ffa6003e000 	C:\Users\Kiet\AppData\Roaming\Code\User\globalStorage\redhat.java\1.28.1\config_ss_win\org.eclipse.equinox.launcher\org.eclipse.equinox.launcher.win32.win32.x86_64_1.2.900.v20240129-1338\eclipse_11900.dll
0x00007ffa93800000 - 0x00007ffa939a0000 	C:\WINDOWS\System32\ole32.dll
0x00007ffa90660000 - 0x00007ffa9067b000 	C:\WINDOWS\SYSTEM32\CRYPTSP.dll
0x00007ffa8fef0000 - 0x00007ffa8ff25000 	C:\WINDOWS\system32\rsaenh.dll
0x00007ffa90500000 - 0x00007ffa9052c000 	C:\WINDOWS\SYSTEM32\USERENV.dll
0x00007ffa90680000 - 0x00007ffa9068c000 	C:\WINDOWS\SYSTEM32\CRYPTBASE.dll
0x00007ffa8fa10000 - 0x00007ffa8fa3d000 	C:\WINDOWS\SYSTEM32\IPHLPAPI.DLL
0x00007ffa93240000 - 0x00007ffa93249000 	C:\WINDOWS\System32\NSI.dll
0x00007ffa8a7c0000 - 0x00007ffa8a7d9000 	C:\WINDOWS\SYSTEM32\dhcpcsvc6.DLL
0x00007ffa8a7a0000 - 0x00007ffa8a7bf000 	C:\WINDOWS\SYSTEM32\dhcpcsvc.DLL
0x00007ffa8fa80000 - 0x00007ffa8fb79000 	C:\WINDOWS\SYSTEM32\DNSAPI.dll
0x00007ffa5e4b0000 - 0x00007ffa5e4f5000 	C:\Users\Kiet\AppData\Local\Temp\jna-2338477\jna17653247609535481825.dll
0x00007ffa93230000 - 0x00007ffa93238000 	C:\WINDOWS\System32\PSAPI.DLL

dbghelp: loaded successfully - version: 4.0.5 - missing functions: none
symbol engine: initialized successfully - sym options: 0x614 - pdb path: .;c:\Users\Kiet\.vscode\extensions\redhat.java-1.28.1-win32-x64\jre\17.0.10-win32-x86_64\bin;C:\WINDOWS\SYSTEM32;C:\WINDOWS\WinSxS\amd64_microsoft.windows.common-controls_6595b64144ccf1df_6.0.22621.2506_none_270c5ae97388e100;c:\Users\Kiet\.vscode\extensions\redhat.java-1.28.1-win32-x64\jre\17.0.10-win32-x86_64\bin\server;C:\Users\Kiet\AppData\Roaming\Code\User\globalStorage\redhat.java\1.28.1\config_ss_win\org.eclipse.equinox.launcher\org.eclipse.equinox.launcher.win32.win32.x86_64_1.2.900.v20240129-1338;C:\Users\Kiet\AppData\Local\Temp\jna-2338477

VM Arguments:
jvm_args: --add-modules=ALL-SYSTEM --add-opens=java.base/java.util=ALL-UNNAMED --add-opens=java.base/java.lang=ALL-UNNAMED --add-opens=java.base/sun.nio.fs=ALL-UNNAMED -Declipse.application=org.eclipse.jdt.ls.core.id1 -Dosgi.bundles.defaultStartLevel=4 -Declipse.product=org.eclipse.jdt.ls.core.product -Djava.import.generatesMetadataFilesAtProjectRoot=false -DDetectVMInstallationsJob.disabled=true -Dfile.encoding=utf8 -XX:+UseParallelGC -XX:GCTimeRatio=4 -XX:AdaptiveSizePolicyWeight=90 -Dsun.zip.disableMemoryMapping=true -Xmx1G -Xms100m -Xlog:disable -javaagent:c:\Users\Kiet\.vscode\extensions\redhat.java-1.28.1-win32-x64\lombok\lombok-1.18.31.jar 
java_command: c:\Users\Kiet\.vscode\extensions\redhat.java-1.28.1-win32-x64\server\plugins\org.eclipse.equinox.launcher_1.6.700.v20231214-2017.jar -configuration c:\Users\Kiet\AppData\Roaming\Code\User\globalStorage\redhat.java\1.28.1\config_ss_win -data c:\Users\Kiet\AppData\Roaming\Code\User\workspaceStorage\794778fa6a47f198356234ad77415c6f\redhat.java\ss_ws --stdio
java_class_path (initial): c:\Users\Kiet\.vscode\extensions\redhat.java-1.28.1-win32-x64\server\plugins\org.eclipse.equinox.launcher_1.6.700.v20231214-2017.jar
Launcher Type: SUN_STANDARD

[Global flags]
    uintx AdaptiveSizePolicyWeight                 = 90                                        {product} {command line}
     intx CICompilerCount                          = 4                                         {product} {ergonomic}
    uintx GCTimeRatio                              = 4                                         {product} {command line}
   size_t InitialHeapSize                          = 104857600                                 {product} {command line}
   size_t MaxHeapSize                              = 1073741824                                {product} {command line}
   size_t MaxNewSize                               = 357564416                                 {product} {ergonomic}
   size_t MinHeapDeltaBytes                        = 524288                                    {product} {ergonomic}
   size_t MinHeapSize                              = 104857600                                 {product} {command line}
   size_t NewSize                                  = 34603008                                  {product} {ergonomic}
    uintx NonNMethodCodeHeapSize                   = 5839372                                {pd product} {ergonomic}
    uintx NonProfiledCodeHeapSize                  = 122909434                              {pd product} {ergonomic}
   size_t OldSize                                  = 70254592                                  {product} {ergonomic}
    uintx ProfiledCodeHeapSize                     = 122909434                              {pd product} {ergonomic}
    uintx ReservedCodeCacheSize                    = 251658240                              {pd product} {ergonomic}
     bool SegmentedCodeCache                       = true                                      {product} {ergonomic}
   size_t SoftMaxHeapSize                          = 1073741824                             {manageable} {ergonomic}
     bool UseCompressedClassPointers               = true                           {product lp64_product} {ergonomic}
     bool UseCompressedOops                        = true                           {product lp64_product} {ergonomic}
     bool UseLargePagesIndividualAllocation        = false                                  {pd product} {ergonomic}
     bool UseParallelGC                            = true                                      {product} {command line}

Logging:
Log output configuration:
 #0: stdout all=off uptime,level,tags
 #1: stderr all=off uptime,level,tags

Environment Variables:
PATH=C:\Program Files\Common Files\Oracle\Java\javapath;C:\Program Files (x86)\Common Files\Oracle\Java\javapath;C:\WINDOWS\system32;C:\WINDOWS;C:\WINDOWS\System32\Wbem;C:\WINDOWS\System32\WindowsPowerShell\v1.0\;C:\WINDOWS\System32\OpenSSH\;C:\Program Files\dotnet\;C:\Program Files\Common Files\Oracle\Java\javapath;C:\Program Files\Java\jdk-11\bin;C:\Program Files (x86)\Microsoft SQL Server\160\Tools\Binn\;C:\Program Files\Microsoft SQL Server\160\Tools\Binn\;C:\Program Files\Microsoft SQL Server\Client SDK\ODBC\170\Tools\Binn\;C:\Program Files\Microsoft SQL Server\160\DTS\Binn\;C:\Program Files (x86)\Microsoft SQL Server\160\DTS\Binn\;C:\Program Files\Azure Data Studio\bin;C:\Program Files\apache-maven-3.9.6\bin;C:\Program Files\Git\cmd;C:\Program Files\nodejs\;C:\Users\Kiet\AppData\Local\Microsoft\WindowsApps;C:\Users\Kiet\AppData\Local\Programs\Microsoft VS Code\bin;C:\Users\Kiet\AppData\Local\GitHubDesktop\bin;C:\Users\Kiet\.dotnet\tools;C:\Program Files\Azure Data Studio\bin;C:\Users\Kiet\AppData\Roaming\npm
USERNAME=Kiet
OS=Windows_NT
PROCESSOR_IDENTIFIER=Intel64 Family 6 Model 126 Stepping 5, GenuineIntel
TMP=C:\Users\Kiet\AppData\Local\Temp
TEMP=C:\Users\Kiet\AppData\Local\Temp



Periodic native trim disabled


---------------  S Y S T E M  ---------------

OS:
 Windows 11 , 64 bit Build 22621 (10.0.22621.3085)
OS uptime: 7 days 14:05 hours

CPU: total 8 (initial active 8) (4 cores per cpu, 2 threads per core) family 6 model 126 stepping 5 microcode 0xa6, cx8, cmov, fxsr, ht, mmx, 3dnowpref, sse, sse2, sse3, ssse3, sse4.1, sse4.2, popcnt, lzcnt, tsc, tscinvbit, avx, avx2, aes, erms, clmul, bmi1, bmi2, adx, avx512f, avx512dq, avx512cd, avx512bw, avx512vl, sha, fma, vzeroupper, avx512_vpopcntdq, avx512_vpclmulqdq, avx512_vaes, avx512_vnni, clflush, clflushopt, avx512_vbmi2, avx512_vbmi
Processor Information for all 8 processors :
  Max Mhz: 1190, Current Mhz: 991, Mhz Limit: 987

Memory: 4k page, system-wide physical 7987M (772M free)
TotalPageFile size 10035M (AvailPageFile size 6M)
current process WorkingSet (physical memory assigned to process): 220M, peak: 230M
current process commit charge ("private bytes"): 301M, peak: 311M

vm_info: OpenJDK 64-Bit Server VM (17.0.10+7) for windows-amd64 JRE (17.0.10+7), built on Jan 16 2024 23:25:11 by "admin" with MS VC++ 16.10 / 16.11 (VS2019)

END.
