#
# There is insufficient memory for the Java Runtime Environment to continue.
# Native memory allocation (malloc) failed to allocate 1843056 bytes for Chunk::new
# Possible reasons:
#   The system is out of physical RAM or swap space
#   The process is running with CompressedOops enabled, and the Java Heap may be blocking the growth of the native heap
# Possible solutions:
#   Reduce memory load on the system
#   Increase physical memory or swap space
#   Check if swap backing store is full
#   Decrease Java heap size (-Xmx/-Xms)
#   Decrease number of Java threads
#   Decrease Java thread stack sizes (-Xss)
#   Set larger code cache with -XX:ReservedCodeCacheSize=
#   JVM is running with Unscaled Compressed Oops mode in which the Java heap is
#     placed in the first 4GB address space. The Java Heap base address is the
#     maximum limit for the native heap growth. Please use -XX:HeapBaseMinAddress
#     to set the Java Heap base and to place the Java Heap above 4GB virtual address.
# This output file may be truncated or incomplete.
#
#  Out of Memory Error (arena.cpp:191), pid=18356, tid=8708
#
# JRE version: OpenJDK Runtime Environment Temurin-17.0.10+7 (17.0.10+7) (build 17.0.10+7)
# Java VM: OpenJDK 64-Bit Server VM Temurin-17.0.10+7 (17.0.10+7, mixed mode, tiered, compressed oops, compressed class ptrs, parallel gc, windows-amd64)
# No core dump will be written. Minidumps are not enabled by default on client versions of Windows
#

---------------  S U M M A R Y ------------

Command Line: --add-modules=ALL-SYSTEM --add-opens=java.base/java.util=ALL-UNNAMED --add-opens=java.base/java.lang=ALL-UNNAMED --add-opens=java.base/sun.nio.fs=ALL-UNNAMED -Declipse.application=org.eclipse.jdt.ls.core.id1 -Dosgi.bundles.defaultStartLevel=4 -Declipse.product=org.eclipse.jdt.ls.core.product -Djava.import.generatesMetadataFilesAtProjectRoot=false -DDetectVMInstallationsJob.disabled=true -Dfile.encoding=utf8 -XX:+UseParallelGC -XX:GCTimeRatio=4 -XX:AdaptiveSizePolicyWeight=90 -Dsun.zip.disableMemoryMapping=true -Xmx1G -Xms100m -Xlog:disable -javaagent:c:\Users\Kiet\.vscode\extensions\redhat.java-1.28.1-win32-x64\lombok\lombok-1.18.31.jar -XX:+HeapDumpOnOutOfMemoryError -XX:HeapDumpPath=c:\Users\Kiet\AppData\Roaming\Code\User\workspaceStorage\794778fa6a47f198356234ad77415c6f\redhat.java -Daether.dependencyCollector.impl=bf c:\Users\Kiet\.vscode\extensions\redhat.java-1.28.1-win32-x64\server\plugins\org.eclipse.equinox.launcher_1.6.700.v20231214-2017.jar -configuration c:\Users\Kiet\AppData\Roaming\Code\User\globalStorage\redhat.java\1.28.1\config_win -data c:\Users\Kiet\AppData\Roaming\Code\User\workspaceStorage\794778fa6a47f198356234ad77415c6f\redhat.java\jdt_ws --stdio

Host: Intel(R) Core(TM) i5-1035G1 CPU @ 1.00GHz, 8 cores, 7G,  Windows 11 , 64 bit Build 22621 (10.0.22621.3085)
Time: Mon Mar 11 22:04:58 2024 SE Asia Standard Time elapsed time: 59.134960 seconds (0d 0h 0m 59s)

---------------  T H R E A D  ---------------

Current thread (0x000001fbfb3baff0):  JavaThread "C2 CompilerThread2" daemon [_thread_in_native, id=8708, stack(0x0000005911100000,0x0000005911200000)]


Current CompileTask:
C2:  59135 12801       4       org.eclipse.jdt.internal.compiler.lookup.TypeSystem::getParameterizedType (258 bytes)

Stack: [0x0000005911100000,0x0000005911200000]
Native frames: (J=compiled Java code, j=interpreted, Vv=VM code, C=native code)
V  [jvm.dll+0x67d2c9]
V  [jvm.dll+0x834afa]
V  [jvm.dll+0x8365be]
V  [jvm.dll+0x836c23]
V  [jvm.dll+0x2477ff]
V  [jvm.dll+0xac514]
V  [jvm.dll+0xacb5c]
V  [jvm.dll+0x366782]
V  [jvm.dll+0x330bfa]
V  [jvm.dll+0x33009a]
V  [jvm.dll+0x219ef1]
V  [jvm.dll+0x219311]
V  [jvm.dll+0x1a502d]
V  [jvm.dll+0x2290de]
V  [jvm.dll+0x2272ac]
V  [jvm.dll+0x7e9bb7]
V  [jvm.dll+0x7e3fba]
V  [jvm.dll+0x67c1b5]
C  [ucrtbase.dll+0x29363]
C  [KERNEL32.DLL+0x1257d]
C  [ntdll.dll+0x5aa58]


---------------  P R O C E S S  ---------------

Threads class SMR info:
_java_thread_list=0x000001fbfaf007b0, length=43, elements={
0x000001fbda4454e0, 0x000001fbee2c9020, 0x000001fbee2cb2a0, 0x000001fbf3391370,
0x000001fbf33aafc0, 0x000001fbf33abb80, 0x000001fbf33ac740, 0x000001fbf33ad6e0,
0x000001fbf3407d50, 0x000001fbf342daf0, 0x000001fbf35032b0, 0x000001fbf36a6e20,
0x000001fbf4cd5590, 0x000001fbf4d55320, 0x000001fbf3710420, 0x000001fbf4dace00,
0x000001fbf3620f60, 0x000001fbf4adac30, 0x000001fbf4ad9d00, 0x000001fbf4adcfa0,
0x000001fbf4adb650, 0x000001fbf4adc070, 0x000001fbf4ada210, 0x000001fbf4adbb60,
0x000001fbf6df49d0, 0x000001fbf6df7c70, 0x000001fbf6df53f0, 0x000001fbf6df8690,
0x000001fbf6df6d40, 0x000001fbf6df8180, 0x000001fbf6df9ad0, 0x000001fbf6df8ba0,
0x000001fbf6df9fe0, 0x000001fbf6df3aa0, 0x000001fbf6df4ee0, 0x000001fbfb3bcfd0,
0x000001fbfb3baff0, 0x000001fbfbc49bc0, 0x000001fbfbc440a0, 0x000001fbfbc47d60,
0x000001fbfbc4a5e0, 0x000001fbfbc459f0, 0x000001fbfbc46920
}

Java Threads: ( => current thread )
  0x000001fbda4454e0 JavaThread "main" [_thread_blocked, id=9100, stack(0x000000590f300000,0x000000590f400000)]
  0x000001fbee2c9020 JavaThread "Reference Handler" daemon [_thread_blocked, id=13592, stack(0x000000590f600000,0x000000590f700000)]
  0x000001fbee2cb2a0 JavaThread "Finalizer" daemon [_thread_blocked, id=13572, stack(0x000000590f700000,0x000000590f800000)]
  0x000001fbf3391370 JavaThread "Signal Dispatcher" daemon [_thread_blocked, id=15548, stack(0x000000590f800000,0x000000590f900000)]
  0x000001fbf33aafc0 JavaThread "Attach Listener" daemon [_thread_blocked, id=6036, stack(0x000000590f900000,0x000000590fa00000)]
  0x000001fbf33abb80 JavaThread "Service Thread" daemon [_thread_blocked, id=9348, stack(0x000000590fa00000,0x000000590fb00000)]
  0x000001fbf33ac740 JavaThread "Monitor Deflation Thread" daemon [_thread_blocked, id=17440, stack(0x000000590fb00000,0x000000590fc00000)]
  0x000001fbf33ad6e0 JavaThread "C2 CompilerThread0" daemon [_thread_blocked, id=18124, stack(0x000000590fc00000,0x000000590fd00000)]
  0x000001fbf3407d50 JavaThread "C1 CompilerThread0" daemon [_thread_blocked, id=9284, stack(0x000000590fd00000,0x000000590fe00000)]
  0x000001fbf342daf0 JavaThread "Sweeper thread" daemon [_thread_blocked, id=4616, stack(0x000000590fe00000,0x000000590ff00000)]
  0x000001fbf35032b0 JavaThread "Common-Cleaner" daemon [_thread_blocked, id=18912, stack(0x000000590ff00000,0x0000005910000000)]
  0x000001fbf36a6e20 JavaThread "Notification Thread" daemon [_thread_blocked, id=8088, stack(0x0000005910100000,0x0000005910200000)]
  0x000001fbf4cd5590 JavaThread "Active Thread: Equinox Container: b1928d94-725a-4ec0-9c52-d8ba3f25777f" [_thread_blocked, id=10736, stack(0x0000005910900000,0x0000005910a00000)]
  0x000001fbf4d55320 JavaThread "Framework Event Dispatcher: Equinox Container: b1928d94-725a-4ec0-9c52-d8ba3f25777f" daemon [_thread_blocked, id=11716, stack(0x0000005910800000,0x0000005910900000)]
  0x000001fbf3710420 JavaThread "Start Level: Equinox Container: b1928d94-725a-4ec0-9c52-d8ba3f25777f" daemon [_thread_blocked, id=4632, stack(0x0000005910a00000,0x0000005910b00000)]
  0x000001fbf4dace00 JavaThread "Bundle File Closer" daemon [_thread_blocked, id=14268, stack(0x0000005910d00000,0x0000005910e00000)]
  0x000001fbf3620f60 JavaThread "SCR Component Actor" daemon [_thread_blocked, id=6264, stack(0x0000005910c00000,0x0000005910d00000)]
  0x000001fbf4adac30 JavaThread "Worker-JM" [_thread_blocked, id=10968, stack(0x0000005910f00000,0x0000005911000000)]
  0x000001fbf4ad9d00 JavaThread "Worker-0" [_thread_blocked, id=4072, stack(0x0000005911200000,0x0000005911300000)]
  0x000001fbf4adcfa0 JavaThread "Worker-1" [_thread_blocked, id=11648, stack(0x0000005911000000,0x0000005911100000)]
  0x000001fbf4adb650 JavaThread "Worker-2" [_thread_blocked, id=10952, stack(0x0000005911300000,0x0000005911400000)]
  0x000001fbf4adc070 JavaThread "Java indexing" daemon [_thread_blocked, id=18964, stack(0x0000005911400000,0x0000005911500000)]
  0x000001fbf4ada210 JavaThread "Worker-3" [_thread_blocked, id=17984, stack(0x0000005911500000,0x0000005911600000)]
  0x000001fbf4adbb60 JavaThread "JNA Cleaner" daemon [_thread_blocked, id=13472, stack(0x0000005911700000,0x0000005911800000)]
  0x000001fbf6df49d0 JavaThread "pool-2-thread-1" [_thread_blocked, id=13764, stack(0x0000005911800000,0x0000005911900000)]
  0x000001fbf6df7c70 JavaThread "WorkspaceEventsHandler" [_thread_blocked, id=18044, stack(0x0000005911900000,0x0000005911a00000)]
  0x000001fbf6df53f0 JavaThread "pool-1-thread-1" [_thread_in_native, id=17804, stack(0x0000005911a00000,0x0000005911b00000)]
  0x000001fbf6df8690 JavaThread "Worker-4" [_thread_blocked, id=5112, stack(0x0000005911600000,0x0000005911700000)]
  0x000001fbf6df6d40 JavaThread "ForkJoinPool.commonPool-worker-1" daemon [_thread_blocked, id=6056, stack(0x0000005911b00000,0x0000005911c00000)]
  0x000001fbf6df8180 JavaThread "ForkJoinPool.commonPool-worker-2" daemon [_thread_blocked, id=7108, stack(0x0000005911c00000,0x0000005911d00000)]
  0x000001fbf6df9ad0 JavaThread "ForkJoinPool.commonPool-worker-3" daemon [_thread_blocked, id=3516, stack(0x0000005911d00000,0x0000005911e00000)]
  0x000001fbf6df8ba0 JavaThread "ForkJoinPool.commonPool-worker-4" daemon [_thread_blocked, id=10196, stack(0x0000005911e00000,0x0000005911f00000)]
  0x000001fbf6df9fe0 JavaThread "ForkJoinPool.commonPool-worker-5" daemon [_thread_blocked, id=1692, stack(0x0000005911f00000,0x0000005912000000)]
  0x000001fbf6df3aa0 JavaThread "ForkJoinPool.commonPool-worker-6" daemon [_thread_blocked, id=17664, stack(0x0000005912000000,0x0000005912100000)]
  0x000001fbf6df4ee0 JavaThread "ForkJoinPool.commonPool-worker-7" daemon [_thread_blocked, id=5448, stack(0x0000005912100000,0x0000005912200000)]
  0x000001fbfb3bcfd0 JavaThread "C2 CompilerThread1" daemon [_thread_blocked, id=9032, stack(0x0000005910e00000,0x0000005910f00000)]
=>0x000001fbfb3baff0 JavaThread "C2 CompilerThread2" daemon [_thread_in_native, id=8708, stack(0x0000005911100000,0x0000005911200000)]
  0x000001fbfbc49bc0 JavaThread "Java Debug Server" daemon [_thread_in_native, id=14880, stack(0x0000005912400000,0x0000005912500000)]
  0x000001fbfbc440a0 JavaThread "pool-3-thread-1" [_thread_in_native, id=5868, stack(0x0000005912500000,0x0000005912600000)]
  0x000001fbfbc47d60 JavaThread "RxSchedulerPurge-1" daemon [_thread_blocked, id=2472, stack(0x0000005912600000,0x0000005912700000)]
  0x000001fbfbc4a5e0 JavaThread "RxCachedWorkerPoolEvictor-1" daemon [_thread_blocked, id=5960, stack(0x0000005912700000,0x0000005912800000)]
  0x000001fbfbc459f0 JavaThread "RxNewThreadScheduler-1" daemon [_thread_blocked, id=5336, stack(0x0000005912800000,0x0000005912900000)]
  0x000001fbfbc46920 JavaThread "process reaper (pid 1528)" daemon [_thread_in_native, id=4288, stack(0x000000590ed40000,0x000000590ed60000)]

Other Threads:
  0x000001fbda4e8be0 VMThread "VM Thread" [stack: 0x000000590f500000,0x000000590f600000] [id=19172]
  0x000001fbf372e760 WatcherThread [stack: 0x0000005910200000,0x0000005910300000] [id=1648]
  0x000001fbda458a40 GCTaskThread "GC Thread#0" [stack: 0x000000590f400000,0x000000590f500000] [id=8324]
  0x000001fbf4f6b480 GCTaskThread "GC Thread#1" [stack: 0x0000005910000000,0x0000005910100000] [id=12752]
  0x000001fbf4f6b740 GCTaskThread "GC Thread#2" [stack: 0x0000005910300000,0x0000005910400000] [id=112]
  0x000001fbf4a78ad0 GCTaskThread "GC Thread#3" [stack: 0x0000005910400000,0x0000005910500000] [id=2172]
  0x000001fbf4a78d90 GCTaskThread "GC Thread#4" [stack: 0x0000005910500000,0x0000005910600000] [id=17620]
  0x000001fbf4a79050 GCTaskThread "GC Thread#5" [stack: 0x0000005910600000,0x0000005910700000] [id=18384]
  0x000001fbf4a79310 GCTaskThread "GC Thread#6" [stack: 0x0000005910700000,0x0000005910800000] [id=11644]
  0x000001fbf34ecce0 GCTaskThread "GC Thread#7" [stack: 0x0000005910b00000,0x0000005910c00000] [id=14964]

Threads with active compile tasks:
C2 CompilerThread2    59168 12801       4       org.eclipse.jdt.internal.compiler.lookup.TypeSystem::getParameterizedType (258 bytes)

VM state: not at safepoint (normal execution)

VM Mutex/Monitor currently owned by a thread: None

Heap address: 0x00000000c0000000, size: 1024 MB, Compressed Oops mode: 32-bit

CDS archive(s) not mapped
Compressed class space mapped at: 0x0000000100000000-0x0000000140000000, reserved size: 1073741824
Narrow klass base: 0x0000000000000000, Narrow klass shift: 3, Narrow klass range: 0x140000000

GC Precious Log:
 CPUs: 8 total, 8 available
 Memory: 7987M
 Large Page Support: Disabled
 NUMA Support: Disabled
 Compressed Oops: Enabled (32-bit)
 Alignments: Space 512K, Generation 512K, Heap 2M
 Heap Min Capacity: 100M
 Heap Initial Capacity: 100M
 Heap Max Capacity: 1G
 Pre-touch: Disabled
 Parallel Workers: 8

Heap:
 PSYoungGen      total 3584K, used 1189K [0x00000000eab00000, 0x00000000eaf80000, 0x0000000100000000)
  eden space 2560K, 15% used [0x00000000eab00000,0x00000000eab613f8,0x00000000ead80000)
  from space 1024K, 78% used [0x00000000ead80000,0x00000000eae48020,0x00000000eae80000)
  to   space 1024K, 0% used [0x00000000eae80000,0x00000000eae80000,0x00000000eaf80000)
 ParOldGen       total 124416K, used 106608K [0x00000000c0000000, 0x00000000c7980000, 0x00000000eab00000)
  object space 124416K, 85% used [0x00000000c0000000,0x00000000c681c240,0x00000000c7980000)
 Metaspace       used 77034K, committed 78272K, reserved 1179648K
  class space    used 8015K, committed 8576K, reserved 1048576K

Card table byte_map: [0x000001fbd9dd0000,0x000001fbd9fe0000] _byte_map_base: 0x000001fbd97d0000

Marking Bits: (ParMarkBitMap*) 0x00007ff8afb9d7d0
 Begin Bits: [0x000001fbec0d0000, 0x000001fbed0d0000)
 End Bits:   [0x000001fbed0d0000, 0x000001fbee0d0000)

Polling page: 0x000001fbd8350000

Metaspace:

Usage:
  Non-class:     67.40 MB used.
      Class:      7.83 MB used.
       Both:     75.23 MB used.

Virtual space:
  Non-class space:      128.00 MB reserved,      68.06 MB ( 53%) committed,  2 nodes.
      Class space:        1.00 GB reserved,       8.38 MB ( <1%) committed,  1 nodes.
             Both:        1.12 GB reserved,      76.44 MB (  7%) committed. 

Chunk freelists:
   Non-Class:  11.39 MB
       Class:  7.54 MB
        Both:  18.93 MB

MaxMetaspaceSize: unlimited
CompressedClassSpaceSize: 1.00 GB
Initial GC threshold: 21.00 MB
Current GC threshold: 121.81 MB
CDS: off
MetaspaceReclaimPolicy: balanced
 - commit_granule_bytes: 65536.
 - commit_granule_words: 8192.
 - virtual_space_node_default_size: 8388608.
 - enlarge_chunks_in_place: 1.
 - new_chunks_are_fully_committed: 0.
 - uncommit_free_chunks: 1.
 - use_allocation_guard: 0.
 - handle_deallocations: 1.


Internal statistics:

num_allocs_failed_limit: 9.
num_arena_births: 732.
num_arena_deaths: 18.
num_vsnodes_births: 3.
num_vsnodes_deaths: 0.
num_space_committed: 1223.
num_space_uncommitted: 0.
num_chunks_returned_to_freelist: 29.
num_chunks_taken_from_freelist: 3959.
num_chunk_merges: 14.
num_chunk_splits: 2455.
num_chunks_enlarged: 1444.
num_inconsistent_stats: 0.

CodeHeap 'non-profiled nmethods': size=120000Kb used=8466Kb max_used=8466Kb free=111533Kb
 bounds [0x000001fbe4ba0000, 0x000001fbe53f0000, 0x000001fbec0d0000]
CodeHeap 'profiled nmethods': size=120000Kb used=21999Kb max_used=21999Kb free=98000Kb
 bounds [0x000001fbdd0d0000, 0x000001fbde650000, 0x000001fbe4600000]
CodeHeap 'non-nmethods': size=5760Kb used=1402Kb max_used=1522Kb free=4358Kb
 bounds [0x000001fbe4600000, 0x000001fbe4870000, 0x000001fbe4ba0000]
 total_blobs=11272 nmethods=10529 adapters=654
 compilation: enabled
              stopped_count=0, restarted_count=0
 full_count=0

Compilation events (20 events):
Event: 58.196 Thread 0x000001fbfb3bcfd0 13195       4       com.google.gson.reflect.TypeToken::<init> (41 bytes)
Event: 58.197 Thread 0x000001fbf3407d50 13196       3       com.google.gson.internal.bind.ObjectTypeAdapter$1::create (25 bytes)
Event: 58.198 Thread 0x000001fbf3407d50 nmethod 13196 0x000001fbde64d190 code [0x000001fbde64d360, 0x000001fbde64d718]
Event: 58.240 Thread 0x000001fbfb3bcfd0 nmethod 13195 0x000001fbe53de110 code [0x000001fbe53de400, 0x000001fbe53df4b0]
Event: 58.244 Thread 0x000001fbfb3bcfd0 13197       4       jdk.internal.org.objectweb.asm.SymbolTable::addConstantMemberReference (147 bytes)
Event: 58.381 Thread 0x000001fbf3407d50 13198       3       java.util.List::of (9 bytes)
Event: 58.381 Thread 0x000001fbf3407d50 nmethod 13198 0x000001fbde64d890 code [0x000001fbde64da60, 0x000001fbde64df08]
Event: 58.382 Thread 0x000001fbf33ad6e0 13199       4       java.lang.invoke.MethodHandle::intrinsicName (4 bytes)
Event: 58.389 Thread 0x000001fbf33ad6e0 nmethod 13199 0x000001fbe53dff90 code [0x000001fbe53e0100, 0x000001fbe53e0178]
Event: 58.393 Thread 0x000001fbfb3bcfd0 nmethod 13197 0x000001fbe53e0290 code [0x000001fbe53e04e0, 0x000001fbe53e2a68]
Event: 58.394 Thread 0x000001fbfb3bcfd0 13202       4       java.lang.invoke.LambdaForm::uncustomize (57 bytes)
Event: 58.395 Thread 0x000001fbfb3bcfd0 nmethod 13202 0x000001fbe53e4110 code [0x000001fbe53e4280, 0x000001fbe53e4318]
Event: 58.396 Thread 0x000001fbf3407d50 13203       3       java.util.Formatter$FormatSpecifier::print (230 bytes)
Event: 58.398 Thread 0x000001fbf33ad6e0 13206       4       java.util.regex.Pattern$BmpCharPredicate$$Lambda$78/0x000000010015fee0::is (15 bytes)
Event: 58.398 Thread 0x000001fbf3407d50 nmethod 13203 0x000001fbde64e110 code [0x000001fbde64e3c0, 0x000001fbde64ede8]
Event: 58.398 Thread 0x000001fbf3407d50 13204       3       java.lang.StringBuilder::append (6 bytes)
Event: 58.398 Thread 0x000001fbf3407d50 nmethod 13204 0x000001fbde64f090 code [0x000001fbde64f240, 0x000001fbde64f3e8]
Event: 58.398 Thread 0x000001fbf3407d50 13205       3       java.lang.StackStreamFactory$FrameBuffer::isEmpty (32 bytes)
Event: 58.399 Thread 0x000001fbf3407d50 nmethod 13205 0x000001fbde64f490 code [0x000001fbde64f620, 0x000001fbde64f7f8]
Event: 58.401 Thread 0x000001fbf33ad6e0 nmethod 13206 0x000001fbe53e4410 code [0x000001fbe53e45a0, 0x000001fbe53e4738]

GC Heap History (20 events):
Event: 55.469 GC heap before
{Heap before GC invocations=249 (full 11):
 PSYoungGen      total 3584K, used 3168K [0x00000000eab00000, 0x00000000eaf80000, 0x0000000100000000)
  eden space 2560K, 100% used [0x00000000eab00000,0x00000000ead80000,0x00000000ead80000)
  from space 1024K, 59% used [0x00000000ead80000,0x00000000eae18000,0x00000000eae80000)
  to   space 1024K, 0% used [0x00000000eae80000,0x00000000eae80000,0x00000000eaf80000)
 ParOldGen       total 124416K, used 105680K [0x00000000c0000000, 0x00000000c7980000, 0x00000000eab00000)
  object space 124416K, 84% used [0x00000000c0000000,0x00000000c6734220,0x00000000c7980000)
 Metaspace       used 75150K, committed 76480K, reserved 1179648K
  class space    used 7735K, committed 8320K, reserved 1048576K
}
Event: 55.471 GC heap after
{Heap after GC invocations=249 (full 11):
 PSYoungGen      total 3584K, used 544K [0x00000000eab00000, 0x00000000eaf80000, 0x0000000100000000)
  eden space 2560K, 0% used [0x00000000eab00000,0x00000000eab00000,0x00000000ead80000)
  from space 1024K, 53% used [0x00000000eae80000,0x00000000eaf08000,0x00000000eaf80000)
  to   space 1024K, 0% used [0x00000000ead80000,0x00000000ead80000,0x00000000eae80000)
 ParOldGen       total 124416K, used 106208K [0x00000000c0000000, 0x00000000c7980000, 0x00000000eab00000)
  object space 124416K, 85% used [0x00000000c0000000,0x00000000c67b8240,0x00000000c7980000)
 Metaspace       used 75150K, committed 76480K, reserved 1179648K
  class space    used 7735K, committed 8320K, reserved 1048576K
}
Event: 55.683 GC heap before
{Heap before GC invocations=250 (full 11):
 PSYoungGen      total 3584K, used 3104K [0x00000000eab00000, 0x00000000eaf80000, 0x0000000100000000)
  eden space 2560K, 100% used [0x00000000eab00000,0x00000000ead80000,0x00000000ead80000)
  from space 1024K, 53% used [0x00000000eae80000,0x00000000eaf08000,0x00000000eaf80000)
  to   space 1024K, 0% used [0x00000000ead80000,0x00000000ead80000,0x00000000eae80000)
 ParOldGen       total 124416K, used 106208K [0x00000000c0000000, 0x00000000c7980000, 0x00000000eab00000)
  object space 124416K, 85% used [0x00000000c0000000,0x00000000c67b8240,0x00000000c7980000)
 Metaspace       used 75412K, committed 76672K, reserved 1179648K
  class space    used 7756K, committed 8320K, reserved 1048576K
}
Event: 55.685 GC heap after
{Heap after GC invocations=250 (full 11):
 PSYoungGen      total 3584K, used 416K [0x00000000eab00000, 0x00000000eaf00000, 0x0000000100000000)
  eden space 2560K, 0% used [0x00000000eab00000,0x00000000eab00000,0x00000000ead80000)
  from space 1024K, 40% used [0x00000000ead80000,0x00000000eade8000,0x00000000eae80000)
  to   space 512K, 0% used [0x00000000eae80000,0x00000000eae80000,0x00000000eaf00000)
 ParOldGen       total 124416K, used 106608K [0x00000000c0000000, 0x00000000c7980000, 0x00000000eab00000)
  object space 124416K, 85% used [0x00000000c0000000,0x00000000c681c240,0x00000000c7980000)
 Metaspace       used 75412K, committed 76672K, reserved 1179648K
  class space    used 7756K, committed 8320K, reserved 1048576K
}
Event: 55.733 GC heap before
{Heap before GC invocations=251 (full 11):
 PSYoungGen      total 3584K, used 2917K [0x00000000eab00000, 0x00000000eaf00000, 0x0000000100000000)
  eden space 2560K, 97% used [0x00000000eab00000,0x00000000ead71738,0x00000000ead80000)
  from space 1024K, 40% used [0x00000000ead80000,0x00000000eade8000,0x00000000eae80000)
  to   space 512K, 0% used [0x00000000eae80000,0x00000000eae80000,0x00000000eaf00000)
 ParOldGen       total 124416K, used 106608K [0x00000000c0000000, 0x00000000c7980000, 0x00000000eab00000)
  object space 124416K, 85% used [0x00000000c0000000,0x00000000c681c240,0x00000000c7980000)
 Metaspace       used 75520K, committed 76800K, reserved 1179648K
  class space    used 7769K, committed 8320K, reserved 1048576K
}
Event: 55.735 GC heap after
{Heap after GC invocations=251 (full 11):
 PSYoungGen      total 3072K, used 512K [0x00000000eab00000, 0x00000000eaf80000, 0x0000000100000000)
  eden space 2560K, 0% used [0x00000000eab00000,0x00000000eab00000,0x00000000ead80000)
  from space 512K, 100% used [0x00000000eae80000,0x00000000eaf00000,0x00000000eaf00000)
  to   space 1024K, 0% used [0x00000000ead80000,0x00000000ead80000,0x00000000eae80000)
 ParOldGen       total 124416K, used 106608K [0x00000000c0000000, 0x00000000c7980000, 0x00000000eab00000)
  object space 124416K, 85% used [0x00000000c0000000,0x00000000c681c240,0x00000000c7980000)
 Metaspace       used 75520K, committed 76800K, reserved 1179648K
  class space    used 7769K, committed 8320K, reserved 1048576K
}
Event: 55.830 GC heap before
{Heap before GC invocations=252 (full 11):
 PSYoungGen      total 3072K, used 3072K [0x00000000eab00000, 0x00000000eaf80000, 0x0000000100000000)
  eden space 2560K, 100% used [0x00000000eab00000,0x00000000ead80000,0x00000000ead80000)
  from space 512K, 100% used [0x00000000eae80000,0x00000000eaf00000,0x00000000eaf00000)
  to   space 1024K, 0% used [0x00000000ead80000,0x00000000ead80000,0x00000000eae80000)
 ParOldGen       total 124416K, used 106608K [0x00000000c0000000, 0x00000000c7980000, 0x00000000eab00000)
  object space 124416K, 85% used [0x00000000c0000000,0x00000000c681c240,0x00000000c7980000)
 Metaspace       used 75649K, committed 76864K, reserved 1179648K
  class space    used 7779K, committed 8320K, reserved 1048576K
}
Event: 55.833 GC heap after
{Heap after GC invocations=252 (full 11):
 PSYoungGen      total 3584K, used 640K [0x00000000eab00000, 0x00000000eaf80000, 0x0000000100000000)
  eden space 2560K, 0% used [0x00000000eab00000,0x00000000eab00000,0x00000000ead80000)
  from space 1024K, 62% used [0x00000000ead80000,0x00000000eae20000,0x00000000eae80000)
  to   space 1024K, 0% used [0x00000000eae80000,0x00000000eae80000,0x00000000eaf80000)
 ParOldGen       total 124416K, used 106608K [0x00000000c0000000, 0x00000000c7980000, 0x00000000eab00000)
  object space 124416K, 85% used [0x00000000c0000000,0x00000000c681c240,0x00000000c7980000)
 Metaspace       used 75649K, committed 76864K, reserved 1179648K
  class space    used 7779K, committed 8320K, reserved 1048576K
}
Event: 55.902 GC heap before
{Heap before GC invocations=253 (full 11):
 PSYoungGen      total 3584K, used 3200K [0x00000000eab00000, 0x00000000eaf80000, 0x0000000100000000)
  eden space 2560K, 100% used [0x00000000eab00000,0x00000000ead80000,0x00000000ead80000)
  from space 1024K, 62% used [0x00000000ead80000,0x00000000eae20000,0x00000000eae80000)
  to   space 1024K, 0% used [0x00000000eae80000,0x00000000eae80000,0x00000000eaf80000)
 ParOldGen       total 124416K, used 106608K [0x00000000c0000000, 0x00000000c7980000, 0x00000000eab00000)
  object space 124416K, 85% used [0x00000000c0000000,0x00000000c681c240,0x00000000c7980000)
 Metaspace       used 75748K, committed 76992K, reserved 1179648K
  class space    used 7788K, committed 8320K, reserved 1048576K
}
Event: 55.903 GC heap after
{Heap after GC invocations=253 (full 11):
 PSYoungGen      total 3584K, used 672K [0x00000000eab00000, 0x00000000eaf80000, 0x0000000100000000)
  eden space 2560K, 0% used [0x00000000eab00000,0x00000000eab00000,0x00000000ead80000)
  from space 1024K, 65% used [0x00000000eae80000,0x00000000eaf28000,0x00000000eaf80000)
  to   space 1024K, 0% used [0x00000000ead80000,0x00000000ead80000,0x00000000eae80000)
 ParOldGen       total 124416K, used 106608K [0x00000000c0000000, 0x00000000c7980000, 0x00000000eab00000)
  object space 124416K, 85% used [0x00000000c0000000,0x00000000c681c240,0x00000000c7980000)
 Metaspace       used 75748K, committed 76992K, reserved 1179648K
  class space    used 7788K, committed 8320K, reserved 1048576K
}
Event: 56.002 GC heap before
{Heap before GC invocations=254 (full 11):
 PSYoungGen      total 3584K, used 3232K [0x00000000eab00000, 0x00000000eaf80000, 0x0000000100000000)
  eden space 2560K, 100% used [0x00000000eab00000,0x00000000ead80000,0x00000000ead80000)
  from space 1024K, 65% used [0x00000000eae80000,0x00000000eaf28000,0x00000000eaf80000)
  to   space 1024K, 0% used [0x00000000ead80000,0x00000000ead80000,0x00000000eae80000)
 ParOldGen       total 124416K, used 106608K [0x00000000c0000000, 0x00000000c7980000, 0x00000000eab00000)
  object space 124416K, 85% used [0x00000000c0000000,0x00000000c681c240,0x00000000c7980000)
 Metaspace       used 75881K, committed 77120K, reserved 1179648K
  class space    used 7818K, committed 8384K, reserved 1048576K
}
Event: 56.003 GC heap after
{Heap after GC invocations=254 (full 11):
 PSYoungGen      total 3584K, used 544K [0x00000000eab00000, 0x00000000eaf80000, 0x0000000100000000)
  eden space 2560K, 0% used [0x00000000eab00000,0x00000000eab00000,0x00000000ead80000)
  from space 1024K, 53% used [0x00000000ead80000,0x00000000eae08000,0x00000000eae80000)
  to   space 1024K, 0% used [0x00000000eae80000,0x00000000eae80000,0x00000000eaf80000)
 ParOldGen       total 124416K, used 106608K [0x00000000c0000000, 0x00000000c7980000, 0x00000000eab00000)
  object space 124416K, 85% used [0x00000000c0000000,0x00000000c681c240,0x00000000c7980000)
 Metaspace       used 75881K, committed 77120K, reserved 1179648K
  class space    used 7818K, committed 8384K, reserved 1048576K
}
Event: 56.074 GC heap before
{Heap before GC invocations=255 (full 11):
 PSYoungGen      total 3584K, used 3104K [0x00000000eab00000, 0x00000000eaf80000, 0x0000000100000000)
  eden space 2560K, 100% used [0x00000000eab00000,0x00000000ead80000,0x00000000ead80000)
  from space 1024K, 53% used [0x00000000ead80000,0x00000000eae08000,0x00000000eae80000)
  to   space 1024K, 0% used [0x00000000eae80000,0x00000000eae80000,0x00000000eaf80000)
 ParOldGen       total 124416K, used 106608K [0x00000000c0000000, 0x00000000c7980000, 0x00000000eab00000)
  object space 124416K, 85% used [0x00000000c0000000,0x00000000c681c240,0x00000000c7980000)
 Metaspace       used 76049K, committed 77312K, reserved 1179648K
  class space    used 7866K, committed 8448K, reserved 1048576K
}
Event: 56.075 GC heap after
{Heap after GC invocations=255 (full 11):
 PSYoungGen      total 3584K, used 544K [0x00000000eab00000, 0x00000000eaf80000, 0x0000000100000000)
  eden space 2560K, 0% used [0x00000000eab00000,0x00000000eab00000,0x00000000ead80000)
  from space 1024K, 53% used [0x00000000eae80000,0x00000000eaf08020,0x00000000eaf80000)
  to   space 1024K, 0% used [0x00000000ead80000,0x00000000ead80000,0x00000000eae80000)
 ParOldGen       total 124416K, used 106608K [0x00000000c0000000, 0x00000000c7980000, 0x00000000eab00000)
  object space 124416K, 85% used [0x00000000c0000000,0x00000000c681c240,0x00000000c7980000)
 Metaspace       used 76049K, committed 77312K, reserved 1179648K
  class space    used 7866K, committed 8448K, reserved 1048576K
}
Event: 56.185 GC heap before
{Heap before GC invocations=256 (full 11):
 PSYoungGen      total 3584K, used 3104K [0x00000000eab00000, 0x00000000eaf80000, 0x0000000100000000)
  eden space 2560K, 100% used [0x00000000eab00000,0x00000000ead80000,0x00000000ead80000)
  from space 1024K, 53% used [0x00000000eae80000,0x00000000eaf08020,0x00000000eaf80000)
  to   space 1024K, 0% used [0x00000000ead80000,0x00000000ead80000,0x00000000eae80000)
 ParOldGen       total 124416K, used 106608K [0x00000000c0000000, 0x00000000c7980000, 0x00000000eab00000)
  object space 124416K, 85% used [0x00000000c0000000,0x00000000c681c240,0x00000000c7980000)
 Metaspace       used 76331K, committed 77632K, reserved 1179648K
  class space    used 7919K, committed 8512K, reserved 1048576K
}
Event: 56.186 GC heap after
{Heap after GC invocations=256 (full 11):
 PSYoungGen      total 3584K, used 640K [0x00000000eab00000, 0x00000000eaf80000, 0x0000000100000000)
  eden space 2560K, 0% used [0x00000000eab00000,0x00000000eab00000,0x00000000ead80000)
  from space 1024K, 62% used [0x00000000ead80000,0x00000000eae20020,0x00000000eae80000)
  to   space 1024K, 0% used [0x00000000eae80000,0x00000000eae80000,0x00000000eaf80000)
 ParOldGen       total 124416K, used 106608K [0x00000000c0000000, 0x00000000c7980000, 0x00000000eab00000)
  object space 124416K, 85% used [0x00000000c0000000,0x00000000c681c240,0x00000000c7980000)
 Metaspace       used 76331K, committed 77632K, reserved 1179648K
  class space    used 7919K, committed 8512K, reserved 1048576K
}
Event: 56.288 GC heap before
{Heap before GC invocations=257 (full 11):
 PSYoungGen      total 3584K, used 3200K [0x00000000eab00000, 0x00000000eaf80000, 0x0000000100000000)
  eden space 2560K, 100% used [0x00000000eab00000,0x00000000ead80000,0x00000000ead80000)
  from space 1024K, 62% used [0x00000000ead80000,0x00000000eae20020,0x00000000eae80000)
  to   space 1024K, 0% used [0x00000000eae80000,0x00000000eae80000,0x00000000eaf80000)
 ParOldGen       total 124416K, used 106608K [0x00000000c0000000, 0x00000000c7980000, 0x00000000eab00000)
  object space 124416K, 85% used [0x00000000c0000000,0x00000000c681c240,0x00000000c7980000)
 Metaspace       used 76617K, committed 77888K, reserved 1179648K
  class space    used 7959K, committed 8512K, reserved 1048576K
}
Event: 56.290 GC heap after
{Heap after GC invocations=257 (full 11):
 PSYoungGen      total 3584K, used 736K [0x00000000eab00000, 0x00000000eaf80000, 0x0000000100000000)
  eden space 2560K, 0% used [0x00000000eab00000,0x00000000eab00000,0x00000000ead80000)
  from space 1024K, 71% used [0x00000000eae80000,0x00000000eaf38000,0x00000000eaf80000)
  to   space 1024K, 0% used [0x00000000ead80000,0x00000000ead80000,0x00000000eae80000)
 ParOldGen       total 124416K, used 106608K [0x00000000c0000000, 0x00000000c7980000, 0x00000000eab00000)
  object space 124416K, 85% used [0x00000000c0000000,0x00000000c681c240,0x00000000c7980000)
 Metaspace       used 76617K, committed 77888K, reserved 1179648K
  class space    used 7959K, committed 8512K, reserved 1048576K
}
Event: 58.205 GC heap before
{Heap before GC invocations=258 (full 11):
 PSYoungGen      total 3584K, used 3293K [0x00000000eab00000, 0x00000000eaf80000, 0x0000000100000000)
  eden space 2560K, 99% used [0x00000000eab00000,0x00000000ead7f558,0x00000000ead80000)
  from space 1024K, 71% used [0x00000000eae80000,0x00000000eaf38000,0x00000000eaf80000)
  to   space 1024K, 0% used [0x00000000ead80000,0x00000000ead80000,0x00000000eae80000)
 ParOldGen       total 124416K, used 106608K [0x00000000c0000000, 0x00000000c7980000, 0x00000000eab00000)
  object space 124416K, 85% used [0x00000000c0000000,0x00000000c681c240,0x00000000c7980000)
 Metaspace       used 76968K, committed 78272K, reserved 1179648K
  class space    used 8002K, committed 8576K, reserved 1048576K
}
Event: 58.206 GC heap after
{Heap after GC invocations=258 (full 11):
 PSYoungGen      total 3584K, used 800K [0x00000000eab00000, 0x00000000eaf80000, 0x0000000100000000)
  eden space 2560K, 0% used [0x00000000eab00000,0x00000000eab00000,0x00000000ead80000)
  from space 1024K, 78% used [0x00000000ead80000,0x00000000eae48020,0x00000000eae80000)
  to   space 1024K, 0% used [0x00000000eae80000,0x00000000eae80000,0x00000000eaf80000)
 ParOldGen       total 124416K, used 106608K [0x00000000c0000000, 0x00000000c7980000, 0x00000000eab00000)
  object space 124416K, 85% used [0x00000000c0000000,0x00000000c681c240,0x00000000c7980000)
 Metaspace       used 76968K, committed 78272K, reserved 1179648K
  class space    used 8002K, committed 8576K, reserved 1048576K
}

Dll operation events (11 events):
Event: 0.016 Loaded shared library c:\Users\Kiet\.vscode\extensions\redhat.java-1.28.1-win32-x64\jre\17.0.10-win32-x86_64\bin\java.dll
Event: 0.243 Loaded shared library c:\Users\Kiet\.vscode\extensions\redhat.java-1.28.1-win32-x64\jre\17.0.10-win32-x86_64\bin\zip.dll
Event: 0.246 Loaded shared library C:\Users\Kiet\.vscode\extensions\redhat.java-1.28.1-win32-x64\jre\17.0.10-win32-x86_64\bin\instrument.dll
Event: 0.262 Loaded shared library C:\Users\Kiet\.vscode\extensions\redhat.java-1.28.1-win32-x64\jre\17.0.10-win32-x86_64\bin\net.dll
Event: 0.264 Loaded shared library C:\Users\Kiet\.vscode\extensions\redhat.java-1.28.1-win32-x64\jre\17.0.10-win32-x86_64\bin\nio.dll
Event: 0.273 Loaded shared library C:\Users\Kiet\.vscode\extensions\redhat.java-1.28.1-win32-x64\jre\17.0.10-win32-x86_64\bin\zip.dll
Event: 0.289 Loaded shared library C:\Users\Kiet\.vscode\extensions\redhat.java-1.28.1-win32-x64\jre\17.0.10-win32-x86_64\bin\jimage.dll
Event: 0.360 Loaded shared library c:\Users\Kiet\.vscode\extensions\redhat.java-1.28.1-win32-x64\jre\17.0.10-win32-x86_64\bin\verify.dll
Event: 7.829 Loaded shared library C:\Users\Kiet\AppData\Roaming\Code\User\globalStorage\redhat.java\1.28.1\config_win\org.eclipse.equinox.launcher\org.eclipse.equinox.launcher.win32.win32.x86_64_1.2.900.v20240129-1338\eclipse_11900.dll
Event: 25.513 Loaded shared library C:\Users\Kiet\AppData\Local\Temp\jna-2338477\jna427024354720142819.dll
Event: 55.084 Loaded shared library C:\Users\Kiet\.vscode\extensions\redhat.java-1.28.1-win32-x64\jre\17.0.10-win32-x86_64\bin\extnet.dll

Deoptimization events (20 events):
Event: 56.384 Thread 0x000001fbfbc459f0 Uncommon trap: trap_request=0xffffff45 fr.pc=0x000001fbe53d2070 relative=0x00000000000006b0
Event: 56.384 Thread 0x000001fbfbc459f0 Uncommon trap: reason=unstable_if action=reinterpret pc=0x000001fbe53d2070 method=sun.nio.fs.WindowsPath.getParent()Lsun/nio/fs/WindowsPath; @ 37 c2
Event: 56.384 Thread 0x000001fbfbc459f0 DEOPT PACKING pc=0x000001fbe53d2070 sp=0x00000059128fe5f0
Event: 56.384 Thread 0x000001fbfbc459f0 DEOPT UNPACKING pc=0x000001fbe4659ea3 sp=0x00000059128fe5d8 mode 2
Event: 56.408 Thread 0x000001fbfbc459f0 Uncommon trap: trap_request=0xffffffde fr.pc=0x000001fbe4d098bc relative=0x000000000000003c
Event: 56.408 Thread 0x000001fbfbc459f0 Uncommon trap: reason=class_check action=maybe_recompile pc=0x000001fbe4d098bc method=java.lang.StringConcatHelper.stringOf(Ljava/lang/Object;)Ljava/lang/String; @ 5 c2
Event: 56.408 Thread 0x000001fbfbc459f0 DEOPT PACKING pc=0x000001fbe4d098bc sp=0x00000059128fe7f0
Event: 56.408 Thread 0x000001fbfbc459f0 DEOPT UNPACKING pc=0x000001fbe4659ea3 sp=0x00000059128fe780 mode 2
Event: 56.446 Thread 0x000001fbfbc459f0 Uncommon trap: trap_request=0xffffff45 fr.pc=0x000001fbe53a1704 relative=0x0000000000001b64
Event: 56.446 Thread 0x000001fbfbc459f0 Uncommon trap: reason=unstable_if action=reinterpret pc=0x000001fbe53a1704 method=java.lang.String.split(Ljava/lang/String;I)[Ljava/lang/String; @ 32 c2
Event: 56.446 Thread 0x000001fbfbc459f0 DEOPT PACKING pc=0x000001fbe53a1704 sp=0x00000059128fe840
Event: 56.446 Thread 0x000001fbfbc459f0 DEOPT UNPACKING pc=0x000001fbe4659ea3 sp=0x00000059128fe7f8 mode 2
Event: 58.197 Thread 0x000001fbfbc4a0d0 Uncommon trap: trap_request=0xffffff45 fr.pc=0x000001fbe53d8bd4 relative=0x0000000000000bd4
Event: 58.197 Thread 0x000001fbfbc4a0d0 Uncommon trap: reason=unstable_if action=reinterpret pc=0x000001fbe53d8bd4 method=jdk.internal.reflect.UnsafeFieldAccessorFactory.newFieldAccessor(Ljava/lang/reflect/Field;Z)Ljdk/internal/reflect/FieldAccessor; @ 439 c2
Event: 58.197 Thread 0x000001fbfbc4a0d0 DEOPT PACKING pc=0x000001fbe53d8bd4 sp=0x0000005912afe680
Event: 58.197 Thread 0x000001fbfbc4a0d0 DEOPT UNPACKING pc=0x000001fbe4659ea3 sp=0x0000005912afe5f0 mode 2
Event: 58.379 Thread 0x000001fbfbc4a0d0 Uncommon trap: trap_request=0xffffff45 fr.pc=0x000001fbe4ce7dd0 relative=0x0000000000000050
Event: 58.379 Thread 0x000001fbfbc4a0d0 Uncommon trap: reason=unstable_if action=reinterpret pc=0x000001fbe4ce7dd0 method=java.util.stream.StreamOpFlag.fromCharacteristics(Ljava/util/Spliterator;)I @ 10 c2
Event: 58.379 Thread 0x000001fbfbc4a0d0 DEOPT PACKING pc=0x000001fbe4ce7dd0 sp=0x0000005912afe860
Event: 58.379 Thread 0x000001fbfbc4a0d0 DEOPT UNPACKING pc=0x000001fbe4659ea3 sp=0x0000005912afe7f8 mode 2

Classes unloaded (9 events):
Event: 21.866 Thread 0x000001fbda4e8be0 Unloading class 0x0000000100248400 'java/lang/invoke/LambdaForm$MH+0x0000000100248400'
Event: 21.866 Thread 0x000001fbda4e8be0 Unloading class 0x0000000100248000 'java/lang/invoke/LambdaForm$MH+0x0000000100248000'
Event: 21.866 Thread 0x000001fbda4e8be0 Unloading class 0x0000000100247c00 'java/lang/invoke/LambdaForm$MH+0x0000000100247c00'
Event: 21.866 Thread 0x000001fbda4e8be0 Unloading class 0x0000000100247800 'java/lang/invoke/LambdaForm$MH+0x0000000100247800'
Event: 21.866 Thread 0x000001fbda4e8be0 Unloading class 0x0000000100247400 'java/lang/invoke/LambdaForm$BMH+0x0000000100247400'
Event: 21.866 Thread 0x000001fbda4e8be0 Unloading class 0x0000000100247000 'java/lang/invoke/LambdaForm$DMH+0x0000000100247000'
Event: 21.866 Thread 0x000001fbda4e8be0 Unloading class 0x0000000100244400 'java/lang/invoke/LambdaForm$DMH+0x0000000100244400'
Event: 37.433 Thread 0x000001fbda4e8be0 Unloading class 0x000000010071c800 'java/lang/invoke/LambdaForm$DMH+0x000000010071c800'
Event: 37.433 Thread 0x000001fbda4e8be0 Unloading class 0x0000000100714400 'java/lang/invoke/LambdaForm$DMH+0x0000000100714400'

Classes redefined (0 events):
No events

Internal exceptions (20 events):
Event: 39.051 Thread 0x000001fbf6df6830 Exception <a 'sun/nio/fs/WindowsException'{0x00000000eb269350}> (0x00000000eb269350) 
thrown [s\src\hotspot\share\prims\jni.cpp, line 516]
Event: 40.499 Thread 0x000001fbf4adcfa0 Exception <a 'java/io/FileNotFoundException'{0x00000000eae2d560}> (0x00000000eae2d560) 
thrown [s\src\hotspot\share\prims\jni.cpp, line 516]
Event: 40.500 Thread 0x000001fbf4adcfa0 Exception <a 'java/io/FileNotFoundException'{0x00000000eae37790}> (0x00000000eae37790) 
thrown [s\src\hotspot\share\prims\jni.cpp, line 516]
Event: 41.116 Thread 0x000001fbf6df6d40 Exception <a 'java/lang/NoSuchMethodError'{0x00000000eac64930}: 'void java.lang.invoke.DirectMethodHandle$Holder.invokeSpecial(java.lang.Object, java.lang.Object, int)'> (0x00000000eac64930) 
thrown [s\src\hotspot\share\interpreter\linkResolver.cpp, line 759]
Event: 41.518 Thread 0x000001fbf6df6d40 Exception <a 'java/lang/NoSuchMethodError'{0x00000000eac4a0e8}: 'java.lang.Object java.lang.invoke.DirectMethodHandle$Holder.invokeSpecial(java.lang.Object, java.lang.Object, long, java.lang.Object, java.lang.Object, java.lang.Object, java.lang.Object, java.lang.Object, java.lang.Object, java.lang.Object, java.lang.Object, java.lang.Object)'> (0x00000000eac4a0e8) 
thrown [s\src\hotspot\share\interpreter\linkResolver.cpp, line 759]
Event: 41.520 Thread 0x000001fbf6df6d40 Exception <a 'java/lang/NoSuchMethodError'{0x00000000eac691f0}: 'java.lang.Object java.lang.invoke.DelegatingMethodHandle$Holder.reinvoke_L(java.lang.Object, long, java.lang.Object, java.lang.Object, java.lang.Object, java.lang.Object, java.lang.Object, java.lang.Object, java.lang.Object, java.lang.Object, java.lang.Object)'> (0x00000000eac691f0) 
thrown [s\src\hotspot\share\interpreter\linkResolver.cpp, line 759]
Event: 41.531 Thread 0x000001fbf6df6d40 Exception <a 'java/lang/NoSuchMethodError'{0x00000000ead2c070}: 'java.lang.Object java.lang.invoke.DirectMethodHandle$Holder.invokeSpecial(java.lang.Object, java.lang.Object, java.lang.Object, java.lang.Object, java.lang.Object, java.lang.Object, java.lang.Object, java.lang.Object, java.lang.Object, java.lang.Object, java.lang.Object)'> (0x00000000ead2c070) 
thrown [s\src\hotspot\share\interpreter\linkResolver.cpp, line 759]
Event: 41.533 Thread 0x000001fbf6df6d40 Exception <a 'java/lang/NoSuchMethodError'{0x00000000ead4b6b0}: 'java.lang.Object java.lang.invoke.Invokers$Holder.linkToTargetMethod(java.lang.Object, java.lang.Object, java.lang.Object, java.lang.Object, java.lang.Object, java.lang.Object, java.lang.Object, java.lang.Object, java.lang.Object, java.lang.Object)'> (0x00000000ead4b6b0) 
thrown [s\src\hotspot\share\interpreter\linkResolver.cpp, line 759]
Event: 50.912 Thread 0x000001fbf4adc070 Exception <a 'sun/nio/fs/WindowsException'{0x00000000eacdf678}> (0x00000000eacdf678) 
thrown [s\src\hotspot\share\prims\jni.cpp, line 516]
Event: 51.176 Thread 0x000001fbfbc47850 Implicit null exception at 0x000001fbe5278856 to 0x000001fbe527a404
Event: 51.558 Thread 0x000001fbf4adc070 Exception <a 'sun/nio/fs/WindowsException'{0x00000000eac59b70}> (0x00000000eac59b70) 
thrown [s\src\hotspot\share\prims\jni.cpp, line 516]
Event: 52.644 Thread 0x000001fbf6df9fe0 Exception <a 'java/lang/ArrayIndexOutOfBoundsException'{0x00000000ead41c48}: Index 6535 out of bounds for length 6534> (0x00000000ead41c48) 
thrown [s\src\hotspot\share\interpreter\interpreterRuntime.cpp, line 428]
Event: 55.211 Thread 0x000001fbfbc440a0 Exception <a 'java/io/FileNotFoundException'{0x00000000eab00888}> (0x00000000eab00888) 
thrown [s\src\hotspot\share\prims\jni.cpp, line 516]
Event: 56.173 Thread 0x000001fbfbc440a0 Exception <a 'java/lang/NoSuchMethodError'{0x00000000ead41c30}: 'java.lang.Object java.lang.invoke.DirectMethodHandle$Holder.invokeVirtual(java.lang.Object, java.lang.Object, java.lang.Object, java.lang.Object)'> (0x00000000ead41c30) 
thrown [s\src\hotspot\share\interpreter\linkResolver.cpp, line 759]
Event: 56.351 Thread 0x000001fbfbc459f0 Exception <a 'java/lang/NoSuchMethodError'{0x00000000eac36698}: 'java.lang.Object java.lang.invoke.DirectMethodHandle$Holder.invokeStatic(java.lang.Object, long, java.lang.Object, java.lang.Object)'> (0x00000000eac36698) 
thrown [s\src\hotspot\share\interpreter\linkResolver.cpp, line 759]
Event: 56.352 Thread 0x000001fbfbc459f0 Exception <a 'java/lang/NoSuchMethodError'{0x00000000eac3d4a8}: 'java.lang.Object java.lang.invoke.DirectMethodHandle$Holder.newInvokeSpecial(java.lang.Object, long)'> (0x00000000eac3d4a8) 
thrown [s\src\hotspot\share\interpreter\linkResolver.cpp, line 759]
Event: 56.408 Thread 0x000001fbfbc459f0 Exception <a 'sun/nio/fs/WindowsException'{0x00000000eacbca68}> (0x00000000eacbca68) 
thrown [s\src\hotspot\share\prims\jni.cpp, line 516]
Event: 56.408 Thread 0x000001fbfbc459f0 Exception <a 'sun/nio/fs/WindowsException'{0x00000000eacbcd38}> (0x00000000eacbcd38) 
thrown [s\src\hotspot\share\prims\jni.cpp, line 516]
Event: 56.409 Thread 0x000001fbfbc459f0 Exception <a 'sun/nio/fs/WindowsException'{0x00000000eacbe0a8}> (0x00000000eacbe0a8) 
thrown [s\src\hotspot\share\prims\jni.cpp, line 516]
Event: 56.409 Thread 0x000001fbfbc459f0 Exception <a 'sun/nio/fs/WindowsException'{0x00000000eacbe378}> (0x00000000eacbe378) 
thrown [s\src\hotspot\share\prims\jni.cpp, line 516]

VM Operations (20 events):
Event: 56.073 Executing VM operation: ParallelGCFailedAllocation
Event: 56.075 Executing VM operation: ParallelGCFailedAllocation done
Event: 56.117 Executing VM operation: HandshakeAllThreads
Event: 56.117 Executing VM operation: HandshakeAllThreads done
Event: 56.185 Executing VM operation: ParallelGCFailedAllocation
Event: 56.186 Executing VM operation: ParallelGCFailedAllocation done
Event: 56.288 Executing VM operation: ParallelGCFailedAllocation
Event: 56.290 Executing VM operation: ParallelGCFailedAllocation done
Event: 56.334 Executing VM operation: HandshakeAllThreads
Event: 56.334 Executing VM operation: HandshakeAllThreads done
Event: 56.418 Executing VM operation: HandshakeAllThreads
Event: 56.418 Executing VM operation: HandshakeAllThreads done
Event: 56.435 Executing VM operation: HandshakeAllThreads
Event: 56.435 Executing VM operation: HandshakeAllThreads done
Event: 56.450 Executing VM operation: HandshakeAllThreads
Event: 56.450 Executing VM operation: HandshakeAllThreads done
Event: 57.455 Executing VM operation: Cleanup
Event: 57.455 Executing VM operation: Cleanup done
Event: 58.205 Executing VM operation: ParallelGCFailedAllocation
Event: 58.206 Executing VM operation: ParallelGCFailedAllocation done

Events (20 events):
Event: 56.953 loading class java/util/concurrent/ScheduledThreadPoolExecutor$DelayedWorkQueue$Itr
Event: 56.953 loading class java/util/concurrent/ScheduledThreadPoolExecutor$DelayedWorkQueue$Itr done
Event: 58.194 Thread 0x000001fbfbc4a0d0 Thread added: 0x000001fbfbc4a0d0
Event: 58.195 Thread 0x000001fbfbc45f00 Thread exited: 0x000001fbfbc45f00
Event: 58.197 loading class jdk/internal/reflect/UnsafeLongFieldAccessorImpl
Event: 58.199 loading class jdk/internal/reflect/UnsafeLongFieldAccessorImpl done
Event: 58.243 loading class java/util/stream/IntPipeline$1
Event: 58.244 loading class java/util/stream/IntPipeline$1 done
Event: 58.245 loading class java/util/stream/IntPipeline$1$1
Event: 58.245 loading class java/util/stream/IntPipeline$1$1 done
Event: 58.346 loading class java/util/stream/Streams$RangeIntSpliterator
Event: 58.379 loading class java/util/stream/Streams$RangeIntSpliterator done
Event: 58.393 loading class java/lang/ProcessHandleImpl$ExitCompletion
Event: 58.393 loading class java/lang/ProcessHandleImpl$ExitCompletion done
Event: 58.394 loading class java/lang/ProcessHandleImpl$1
Event: 58.394 loading class java/lang/ProcessHandleImpl$1 done
Event: 58.394 Thread 0x000001fbfbc46920 Thread added: 0x000001fbfbc46920
Event: 58.395 loading class java/util/concurrent/CompletableFuture$UniHandle
Event: 58.395 loading class java/util/concurrent/CompletableFuture$UniHandle done
Event: 58.399 Thread 0x000001fbfbc4a0d0 Thread exited: 0x000001fbfbc4a0d0


Dynamic libraries:
0x00007ff6fb140000 - 0x00007ff6fb14e000 	c:\Users\Kiet\.vscode\extensions\redhat.java-1.28.1-win32-x64\jre\17.0.10-win32-x86_64\bin\java.exe
0x00007ff8f2fb0000 - 0x00007ff8f31c7000 	C:\WINDOWS\SYSTEM32\ntdll.dll
0x00007ff8f2820000 - 0x00007ff8f28e4000 	C:\WINDOWS\System32\KERNEL32.DLL
0x00007ff8f02f0000 - 0x00007ff8f0696000 	C:\WINDOWS\System32\KERNELBASE.dll
0x00007ff8f0bb0000 - 0x00007ff8f0cc1000 	C:\WINDOWS\System32\ucrtbase.dll
0x00007ff8dfad0000 - 0x00007ff8dfaeb000 	c:\Users\Kiet\.vscode\extensions\redhat.java-1.28.1-win32-x64\jre\17.0.10-win32-x86_64\bin\VCRUNTIME140.dll
0x00007ff8eab80000 - 0x00007ff8eab97000 	c:\Users\Kiet\.vscode\extensions\redhat.java-1.28.1-win32-x64\jre\17.0.10-win32-x86_64\bin\jli.dll
0x00007ff8f1a50000 - 0x00007ff8f1bfe000 	C:\WINDOWS\System32\USER32.dll
0x00007ff8e0330000 - 0x00007ff8e05c3000 	C:\WINDOWS\WinSxS\amd64_microsoft.windows.common-controls_6595b64144ccf1df_6.0.22621.2506_none_270c5ae97388e100\COMCTL32.dll
0x00007ff8f0cd0000 - 0x00007ff8f0cf6000 	C:\WINDOWS\System32\win32u.dll
0x00007ff8f0d00000 - 0x00007ff8f0da7000 	C:\WINDOWS\System32\msvcrt.dll
0x00007ff8f1dc0000 - 0x00007ff8f1de9000 	C:\WINDOWS\System32\GDI32.dll
0x00007ff8f0920000 - 0x00007ff8f0a38000 	C:\WINDOWS\System32\gdi32full.dll
0x00007ff8f07e0000 - 0x00007ff8f087a000 	C:\WINDOWS\System32\msvcp_win.dll
0x00007ff8f1c20000 - 0x00007ff8f1c51000 	C:\WINDOWS\System32\IMM32.DLL
0x00007ff8eaec0000 - 0x00007ff8eaecc000 	c:\Users\Kiet\.vscode\extensions\redhat.java-1.28.1-win32-x64\jre\17.0.10-win32-x86_64\bin\vcruntime140_1.dll
0x00007ff8cad70000 - 0x00007ff8cadfd000 	c:\Users\Kiet\.vscode\extensions\redhat.java-1.28.1-win32-x64\jre\17.0.10-win32-x86_64\bin\msvcp140.dll
0x00007ff8af000000 - 0x00007ff8afc62000 	c:\Users\Kiet\.vscode\extensions\redhat.java-1.28.1-win32-x64\jre\17.0.10-win32-x86_64\bin\server\jvm.dll
0x00007ff8f2ae0000 - 0x00007ff8f2b93000 	C:\WINDOWS\System32\ADVAPI32.dll
0x00007ff8f2ec0000 - 0x00007ff8f2f68000 	C:\WINDOWS\System32\sechost.dll
0x00007ff8f08f0000 - 0x00007ff8f0918000 	C:\WINDOWS\System32\bcrypt.dll
0x00007ff8f2280000 - 0x00007ff8f2397000 	C:\WINDOWS\System32\RPCRT4.dll
0x00007ff8f01c0000 - 0x00007ff8f020d000 	C:\WINDOWS\SYSTEM32\POWRPROF.dll
0x00007ff8eab20000 - 0x00007ff8eab29000 	C:\WINDOWS\SYSTEM32\WSOCK32.dll
0x00007ff8f19d0000 - 0x00007ff8f1a41000 	C:\WINDOWS\System32\WS2_32.dll
0x00007ff8e9c30000 - 0x00007ff8e9c3a000 	C:\WINDOWS\SYSTEM32\VERSION.dll
0x00007ff8e9cf0000 - 0x00007ff8e9d24000 	C:\WINDOWS\SYSTEM32\WINMM.dll
0x00007ff8f01a0000 - 0x00007ff8f01b3000 	C:\WINDOWS\SYSTEM32\UMPDC.dll
0x00007ff8ef2d0000 - 0x00007ff8ef2e8000 	C:\WINDOWS\SYSTEM32\kernel.appcore.dll
0x00007ff8eaab0000 - 0x00007ff8eaaba000 	c:\Users\Kiet\.vscode\extensions\redhat.java-1.28.1-win32-x64\jre\17.0.10-win32-x86_64\bin\jimage.dll
0x00007ff8edb80000 - 0x00007ff8eddb3000 	C:\WINDOWS\SYSTEM32\DBGHELP.DLL
0x00007ff8f23a0000 - 0x00007ff8f2729000 	C:\WINDOWS\System32\combase.dll
0x00007ff8f2a00000 - 0x00007ff8f2ad7000 	C:\WINDOWS\System32\OLEAUT32.dll
0x00007ff8e83a0000 - 0x00007ff8e83d2000 	C:\WINDOWS\SYSTEM32\dbgcore.DLL
0x00007ff8f0760000 - 0x00007ff8f07da000 	C:\WINDOWS\System32\bcryptPrimitives.dll
0x00007ff8ea8e0000 - 0x00007ff8ea8ee000 	c:\Users\Kiet\.vscode\extensions\redhat.java-1.28.1-win32-x64\jre\17.0.10-win32-x86_64\bin\instrument.dll
0x00007ff8df410000 - 0x00007ff8df435000 	c:\Users\Kiet\.vscode\extensions\redhat.java-1.28.1-win32-x64\jre\17.0.10-win32-x86_64\bin\java.dll
0x00007ff8df580000 - 0x00007ff8df598000 	c:\Users\Kiet\.vscode\extensions\redhat.java-1.28.1-win32-x64\jre\17.0.10-win32-x86_64\bin\zip.dll
0x00007ff8f0db0000 - 0x00007ff8f160b000 	C:\WINDOWS\System32\SHELL32.dll
0x00007ff8ee250000 - 0x00007ff8eeb46000 	C:\WINDOWS\SYSTEM32\windows.storage.dll
0x00007ff8ee110000 - 0x00007ff8ee24e000 	C:\WINDOWS\SYSTEM32\wintypes.dll
0x00007ff8f18d0000 - 0x00007ff8f19c3000 	C:\WINDOWS\System32\SHCORE.dll
0x00007ff8f28f0000 - 0x00007ff8f294e000 	C:\WINDOWS\System32\shlwapi.dll
0x00007ff8f0220000 - 0x00007ff8f0246000 	C:\WINDOWS\SYSTEM32\profapi.dll
0x00007ff8deff0000 - 0x00007ff8df009000 	C:\Users\Kiet\.vscode\extensions\redhat.java-1.28.1-win32-x64\jre\17.0.10-win32-x86_64\bin\net.dll
0x00007ff8ea7a0000 - 0x00007ff8ea8d7000 	C:\WINDOWS\SYSTEM32\WINHTTP.dll
0x00007ff8ef7b0000 - 0x00007ff8ef819000 	C:\WINDOWS\system32\mswsock.dll
0x00007ff8defd0000 - 0x00007ff8defe6000 	C:\Users\Kiet\.vscode\extensions\redhat.java-1.28.1-win32-x64\jre\17.0.10-win32-x86_64\bin\nio.dll
0x00007ff8e9d90000 - 0x00007ff8e9da0000 	c:\Users\Kiet\.vscode\extensions\redhat.java-1.28.1-win32-x64\jre\17.0.10-win32-x86_64\bin\verify.dll
0x00007ff8dbfd0000 - 0x00007ff8dc00e000 	C:\Users\Kiet\AppData\Roaming\Code\User\globalStorage\redhat.java\1.28.1\config_win\org.eclipse.equinox.launcher\org.eclipse.equinox.launcher.win32.win32.x86_64_1.2.900.v20240129-1338\eclipse_11900.dll
0x00007ff8f2d20000 - 0x00007ff8f2ec0000 	C:\WINDOWS\System32\ole32.dll
0x00007ff8efa00000 - 0x00007ff8efa1b000 	C:\WINDOWS\SYSTEM32\CRYPTSP.dll
0x00007ff8ef290000 - 0x00007ff8ef2c5000 	C:\WINDOWS\system32\rsaenh.dll
0x00007ff8ef8a0000 - 0x00007ff8ef8cc000 	C:\WINDOWS\SYSTEM32\USERENV.dll
0x00007ff8efa20000 - 0x00007ff8efa2c000 	C:\WINDOWS\SYSTEM32\CRYPTBASE.dll
0x00007ff8eedb0000 - 0x00007ff8eeddd000 	C:\WINDOWS\SYSTEM32\IPHLPAPI.DLL
0x00007ff8f27b0000 - 0x00007ff8f27b9000 	C:\WINDOWS\System32\NSI.dll
0x00007ff8eac90000 - 0x00007ff8eaca9000 	C:\WINDOWS\SYSTEM32\dhcpcsvc6.DLL
0x00007ff8ea730000 - 0x00007ff8ea74f000 	C:\WINDOWS\SYSTEM32\dhcpcsvc.DLL
0x00007ff8eee20000 - 0x00007ff8eef19000 	C:\WINDOWS\SYSTEM32\DNSAPI.dll
0x00007ff8cc160000 - 0x00007ff8cc1a5000 	C:\Users\Kiet\AppData\Local\Temp\jna-2338477\jna427024354720142819.dll
0x00007ff8f2d10000 - 0x00007ff8f2d18000 	C:\WINDOWS\System32\PSAPI.DLL
0x00007ff8ed1d0000 - 0x00007ff8ed1d9000 	C:\Users\Kiet\.vscode\extensions\redhat.java-1.28.1-win32-x64\jre\17.0.10-win32-x86_64\bin\extnet.dll

dbghelp: loaded successfully - version: 4.0.5 - missing functions: none
symbol engine: initialized successfully - sym options: 0x614 - pdb path: .;c:\Users\Kiet\.vscode\extensions\redhat.java-1.28.1-win32-x64\jre\17.0.10-win32-x86_64\bin;C:\WINDOWS\SYSTEM32;C:\WINDOWS\WinSxS\amd64_microsoft.windows.common-controls_6595b64144ccf1df_6.0.22621.2506_none_270c5ae97388e100;c:\Users\Kiet\.vscode\extensions\redhat.java-1.28.1-win32-x64\jre\17.0.10-win32-x86_64\bin\server;C:\Users\Kiet\AppData\Roaming\Code\User\globalStorage\redhat.java\1.28.1\config_win\org.eclipse.equinox.launcher\org.eclipse.equinox.launcher.win32.win32.x86_64_1.2.900.v20240129-1338;C:\Users\Kiet\AppData\Local\Temp\jna-2338477

VM Arguments:
jvm_args: --add-modules=ALL-SYSTEM --add-opens=java.base/java.util=ALL-UNNAMED --add-opens=java.base/java.lang=ALL-UNNAMED --add-opens=java.base/sun.nio.fs=ALL-UNNAMED -Declipse.application=org.eclipse.jdt.ls.core.id1 -Dosgi.bundles.defaultStartLevel=4 -Declipse.product=org.eclipse.jdt.ls.core.product -Djava.import.generatesMetadataFilesAtProjectRoot=false -DDetectVMInstallationsJob.disabled=true -Dfile.encoding=utf8 -XX:+UseParallelGC -XX:GCTimeRatio=4 -XX:AdaptiveSizePolicyWeight=90 -Dsun.zip.disableMemoryMapping=true -Xmx1G -Xms100m -Xlog:disable -javaagent:c:\Users\Kiet\.vscode\extensions\redhat.java-1.28.1-win32-x64\lombok\lombok-1.18.31.jar -XX:+HeapDumpOnOutOfMemoryError -XX:HeapDumpPath=c:\Users\Kiet\AppData\Roaming\Code\User\workspaceStorage\794778fa6a47f198356234ad77415c6f\redhat.java -Daether.dependencyCollector.impl=bf 
java_command: c:\Users\Kiet\.vscode\extensions\redhat.java-1.28.1-win32-x64\server\plugins\org.eclipse.equinox.launcher_1.6.700.v20231214-2017.jar -configuration c:\Users\Kiet\AppData\Roaming\Code\User\globalStorage\redhat.java\1.28.1\config_win -data c:\Users\Kiet\AppData\Roaming\Code\User\workspaceStorage\794778fa6a47f198356234ad77415c6f\redhat.java\jdt_ws --stdio
java_class_path (initial): c:\Users\Kiet\.vscode\extensions\redhat.java-1.28.1-win32-x64\server\plugins\org.eclipse.equinox.launcher_1.6.700.v20231214-2017.jar
Launcher Type: SUN_STANDARD

[Global flags]
    uintx AdaptiveSizePolicyWeight                 = 90                                        {product} {command line}
     intx CICompilerCount                          = 4                                         {product} {ergonomic}
    uintx GCTimeRatio                              = 4                                         {product} {command line}
     bool HeapDumpOnOutOfMemoryError               = true                                   {manageable} {command line}
    ccstr HeapDumpPath                             = c:\Users\Kiet\AppData\Roaming\Code\User\workspaceStorage\794778fa6a47f198356234ad77415c6f\redhat.java         {manageable} {command line}
   size_t InitialHeapSize                          = 104857600                                 {product} {command line}
   size_t MaxHeapSize                              = 1073741824                                {product} {command line}
   size_t MaxNewSize                               = 357564416                                 {product} {ergonomic}
   size_t MinHeapDeltaBytes                        = 524288                                    {product} {ergonomic}
   size_t MinHeapSize                              = 104857600                                 {product} {command line}
   size_t NewSize                                  = 34603008                                  {product} {ergonomic}
    uintx NonNMethodCodeHeapSize                   = 5839372                                {pd product} {ergonomic}
    uintx NonProfiledCodeHeapSize                  = 122909434                              {pd product} {ergonomic}
   size_t OldSize                                  = 70254592                                  {product} {ergonomic}
    uintx ProfiledCodeHeapSize                     = 122909434                              {pd product} {ergonomic}
    uintx ReservedCodeCacheSize                    = 251658240                              {pd product} {ergonomic}
     bool SegmentedCodeCache                       = true                                      {product} {ergonomic}
   size_t SoftMaxHeapSize                          = 1073741824                             {manageable} {ergonomic}
     bool UseCompressedClassPointers               = true                           {product lp64_product} {ergonomic}
     bool UseCompressedOops                        = true                           {product lp64_product} {ergonomic}
     bool UseLargePagesIndividualAllocation        = false                                  {pd product} {ergonomic}
     bool UseParallelGC                            = true                                      {product} {command line}

Logging:
Log output configuration:
 #0: stdout all=off uptime,level,tags
 #1: stderr all=off uptime,level,tags

Environment Variables:
PATH=C:\Program Files\Common Files\Oracle\Java\javapath;C:\Program Files (x86)\Common Files\Oracle\Java\javapath;C:\WINDOWS\system32;C:\WINDOWS;C:\WINDOWS\System32\Wbem;C:\WINDOWS\System32\WindowsPowerShell\v1.0\;C:\WINDOWS\System32\OpenSSH\;C:\Program Files\dotnet\;C:\Program Files\Common Files\Oracle\Java\javapath;C:\Program Files\Java\jdk-11\bin;C:\Program Files (x86)\Microsoft SQL Server\160\Tools\Binn\;C:\Program Files\Microsoft SQL Server\160\Tools\Binn\;C:\Program Files\Microsoft SQL Server\Client SDK\ODBC\170\Tools\Binn\;C:\Program Files\Microsoft SQL Server\160\DTS\Binn\;C:\Program Files (x86)\Microsoft SQL Server\160\DTS\Binn\;C:\Program Files\Azure Data Studio\bin;C:\Program Files\apache-maven-3.9.6\bin;C:\Program Files\Git\cmd;C:\Program Files\nodejs\;C:\Users\Kiet\AppData\Local\Microsoft\WindowsApps;C:\Users\Kiet\AppData\Local\Programs\Microsoft VS Code\bin;C:\Users\Kiet\AppData\Local\GitHubDesktop\bin;C:\Users\Kiet\.dotnet\tools;C:\Program Files\Azure Data Studio\bin;C:\Users\Kiet\AppData\Roaming\npm
USERNAME=Kiet
OS=Windows_NT
PROCESSOR_IDENTIFIER=Intel64 Family 6 Model 126 Stepping 5, GenuineIntel
TMP=C:\Users\Kiet\AppData\Local\Temp
TEMP=C:\Users\Kiet\AppData\Local\Temp



Periodic native trim disabled


---------------  S Y S T E M  ---------------

OS:
 Windows 11 , 64 bit Build 22621 (10.0.22621.3085)
OS uptime: 1 days 0:27 hours

CPU: total 8 (initial active 8) (4 cores per cpu, 2 threads per core) family 6 model 126 stepping 5 microcode 0xa6, cx8, cmov, fxsr, ht, mmx, 3dnowpref, sse, sse2, sse3, ssse3, sse4.1, sse4.2, popcnt, lzcnt, tsc, tscinvbit, avx, avx2, aes, erms, clmul, bmi1, bmi2, adx, avx512f, avx512dq, avx512cd, avx512bw, avx512vl, sha, fma, vzeroupper, avx512_vpopcntdq, avx512_vpclmulqdq, avx512_vaes, avx512_vnni, clflush, clflushopt, avx512_vbmi2, avx512_vbmi
Processor Information for all 8 processors :
  Max Mhz: 1190, Current Mhz: 991, Mhz Limit: 987

Memory: 4k page, system-wide physical 7987M (712M free)
TotalPageFile size 10035M (AvailPageFile size 44M)
current process WorkingSet (physical memory assigned to process): 350M, peak: 374M
current process commit charge ("private bytes"): 390M, peak: 414M

vm_info: OpenJDK 64-Bit Server VM (17.0.10+7) for windows-amd64 JRE (17.0.10+7), built on Jan 16 2024 23:25:11 by "admin" with MS VC++ 16.10 / 16.11 (VS2019)

END.
