#
# There is insufficient memory for the Java Runtime Environment to continue.
# Native memory allocation (malloc) failed to allocate 1890608 bytes for Chunk::new
# Possible reasons:
#   The system is out of physical RAM or swap space
#   The process is running with CompressedOops enabled, and the Java Heap may be blocking the growth of the native heap
# Possible solutions:
#   Reduce memory load on the system
#   Increase physical memory or swap space
#   Check if swap backing store is full
#   Decrease Java heap size (-Xmx/-Xms)
#   Decrease number of Java threads
#   Decrease Java thread stack sizes (-Xss)
#   Set larger code cache with -XX:ReservedCodeCacheSize=
#   JVM is running with Unscaled Compressed Oops mode in which the Java heap is
#     placed in the first 4GB address space. The Java Heap base address is the
#     maximum limit for the native heap growth. Please use -XX:HeapBaseMinAddress
#     to set the Java Heap base and to place the Java Heap above 4GB virtual address.
# This output file may be truncated or incomplete.
#
#  Out of Memory Error (arena.cpp:191), pid=18924, tid=18632
#
# JRE version: OpenJDK Runtime Environment Temurin-17.0.10+7 (17.0.10+7) (build 17.0.10+7)
# Java VM: OpenJDK 64-Bit Server VM Temurin-17.0.10+7 (17.0.10+7, mixed mode, tiered, compressed oops, compressed class ptrs, parallel gc, windows-amd64)
# No core dump will be written. Minidumps are not enabled by default on client versions of Windows
#

---------------  S U M M A R Y ------------

Command Line: --add-modules=ALL-SYSTEM --add-opens=java.base/java.util=ALL-UNNAMED --add-opens=java.base/java.lang=ALL-UNNAMED --add-opens=java.base/sun.nio.fs=ALL-UNNAMED -Declipse.application=org.eclipse.jdt.ls.core.id1 -Dosgi.bundles.defaultStartLevel=4 -Declipse.product=org.eclipse.jdt.ls.core.product -Djava.import.generatesMetadataFilesAtProjectRoot=false -DDetectVMInstallationsJob.disabled=true -Dfile.encoding=utf8 -XX:+UseParallelGC -XX:GCTimeRatio=4 -XX:AdaptiveSizePolicyWeight=90 -Dsun.zip.disableMemoryMapping=true -Xmx1G -Xms100m -Xlog:disable -javaagent:c:\Users\Kiet\.vscode\extensions\redhat.java-1.30.0-win32-x64\lombok\lombok-1.18.32.jar c:\Users\Kiet\.vscode\extensions\redhat.java-1.30.0-win32-x64\server\plugins\org.eclipse.equinox.launcher_1.6.800.v20240330-1250.jar -configuration c:\Users\Kiet\AppData\Roaming\Code\User\globalStorage\redhat.java\1.30.0\config_ss_win -data c:\Users\Kiet\AppData\Roaming\Code\User\workspaceStorage\b3b38d78d4b70df6aa0616a4b888d3ad\redhat.java\ss_ws --pipe=\\.\pipe\lsp-171fb49c812bde57170c4aaa15172aaa-sock

Host: Intel(R) Core(TM) i5-1035G1 CPU @ 1.00GHz, 8 cores, 7G,  Windows 11 , 64 bit Build 22621 (10.0.22621.3374)
Time: Sun May 12 15:05:55 2024 SE Asia Standard Time elapsed time: 5.106058 seconds (0d 0h 0m 5s)

---------------  T H R E A D  ---------------

Current thread (0x000001637f8aa0c0):  JavaThread "C2 CompilerThread1" daemon [_thread_in_native, id=18632, stack(0x0000002573600000,0x0000002573700000)]


Current CompileTask:
C2:   5106 4499   !   4       org.eclipse.osgi.internal.loader.classpath.ClasspathManager::findLocalClass (210 bytes)

Stack: [0x0000002573600000,0x0000002573700000]
Native frames: (J=compiled Java code, j=interpreted, Vv=VM code, C=native code)
V  [jvm.dll+0x67d2c9]
V  [jvm.dll+0x834afa]
V  [jvm.dll+0x8365be]
V  [jvm.dll+0x836c23]
V  [jvm.dll+0x2477ff]
V  [jvm.dll+0xac514]
V  [jvm.dll+0xacb5c]
V  [jvm.dll+0x3667d7]
V  [jvm.dll+0x330bfa]
V  [jvm.dll+0x33009a]
V  [jvm.dll+0x219ef1]
V  [jvm.dll+0x219311]
V  [jvm.dll+0x1a502d]
V  [jvm.dll+0x2290de]
V  [jvm.dll+0x2272ac]
V  [jvm.dll+0x7e9bb7]
V  [jvm.dll+0x7e3fba]
V  [jvm.dll+0x67c1b5]
C  [ucrtbase.dll+0x29333]
C  [KERNEL32.DLL+0x1257d]
C  [ntdll.dll+0x5aa48]


---------------  P R O C E S S  ---------------

Threads class SMR info:
_java_thread_list=0x0000016313789450, length=40, elements={
0x00000163774ada70, 0x000001637c33c1e0, 0x000001637c33cda0, 0x000001637d5e4330,
0x000001637d5e4e00, 0x000001637d5e59c0, 0x000001637d5e8490, 0x000001637d5eb240,
0x000001637d64ecd0, 0x000001637d669a60, 0x000001637750f870, 0x000001637d937120,
0x000001637ecb3490, 0x000001637ef4e1b0, 0x000001637eea94d0, 0x000001637efa96f0,
0x000001637efe0af0, 0x000001637f1003d0, 0x000001637f0fe060, 0x000001637f0ff4a0,
0x000001637f8aa0c0, 0x000001637fcb5c60, 0x000001637f1008e0, 0x000001637f0fe570,
0x000001637f0fea80, 0x000001637f0fef90, 0x000001637f0ffec0, 0x000001637f100df0,
0x000001637f101300, 0x000001637f9195e0, 0x000001637f91be60, 0x000001637f91af30,
0x000001637f91f610, 0x000001637f91c880, 0x000001637f91d2a0, 0x000001637f91aa20,
0x000001637f91c370, 0x000001637f91f100, 0x000001637f919af0, 0x000001637f918bc0
}

Java Threads: ( => current thread )
  0x00000163774ada70 JavaThread "main" [_thread_blocked, id=10832, stack(0x0000002572900000,0x0000002572a00000)]
  0x000001637c33c1e0 JavaThread "Reference Handler" daemon [_thread_blocked, id=14832, stack(0x0000002572c00000,0x0000002572d00000)]
  0x000001637c33cda0 JavaThread "Finalizer" daemon [_thread_blocked, id=7124, stack(0x0000002572d00000,0x0000002572e00000)]
  0x000001637d5e4330 JavaThread "Signal Dispatcher" daemon [_thread_blocked, id=16260, stack(0x0000002572e00000,0x0000002572f00000)]
  0x000001637d5e4e00 JavaThread "Attach Listener" daemon [_thread_blocked, id=11124, stack(0x0000002572f00000,0x0000002573000000)]
  0x000001637d5e59c0 JavaThread "Service Thread" daemon [_thread_blocked, id=20972, stack(0x0000002573000000,0x0000002573100000)]
  0x000001637d5e8490 JavaThread "Monitor Deflation Thread" daemon [_thread_blocked, id=18292, stack(0x0000002573100000,0x0000002573200000)]
  0x000001637d5eb240 JavaThread "C2 CompilerThread0" daemon [_thread_in_native, id=15192, stack(0x0000002573200000,0x0000002573300000)]
  0x000001637d64ecd0 JavaThread "C1 CompilerThread0" daemon [_thread_in_native, id=16780, stack(0x0000002573300000,0x0000002573400000)]
  0x000001637d669a60 JavaThread "Sweeper thread" daemon [_thread_blocked, id=19560, stack(0x0000002573400000,0x0000002573500000)]
  0x000001637750f870 JavaThread "Common-Cleaner" daemon [_thread_blocked, id=9556, stack(0x0000002573500000,0x0000002573600000)]
  0x000001637d937120 JavaThread "Notification Thread" daemon [_thread_blocked, id=3020, stack(0x0000002573700000,0x0000002573800000)]
  0x000001637ecb3490 JavaThread "Active Thread: Equinox Container: 9bcb5388-b072-4913-be3f-4c8d624662fc" [_thread_blocked, id=18836, stack(0x0000002574000000,0x0000002574100000)]
  0x000001637ef4e1b0 JavaThread "Framework Event Dispatcher: Equinox Container: 9bcb5388-b072-4913-be3f-4c8d624662fc" daemon [_thread_blocked, id=9580, stack(0x0000002574100000,0x0000002574200000)]
  0x000001637eea94d0 JavaThread "Start Level: Equinox Container: 9bcb5388-b072-4913-be3f-4c8d624662fc" daemon [_thread_blocked, id=3360, stack(0x0000002574200000,0x0000002574300000)]
  0x000001637efa96f0 JavaThread "SCR Component Actor" daemon [_thread_blocked, id=18256, stack(0x0000002574300000,0x0000002574400000)]
  0x000001637efe0af0 JavaThread "SCR Component Registry" daemon [_thread_blocked, id=13716, stack(0x0000002574500000,0x0000002574600000)]
  0x000001637f1003d0 JavaThread "Worker-JM" [_thread_blocked, id=6368, stack(0x0000002574600000,0x0000002574700000)]
  0x000001637f0fe060 JavaThread "Worker-0" [_thread_blocked, id=11308, stack(0x0000002574700000,0x0000002574800000)]
  0x000001637f0ff4a0 JavaThread "Worker-1" [_thread_blocked, id=14320, stack(0x0000002574800000,0x0000002574900000)]
=>0x000001637f8aa0c0 JavaThread "C2 CompilerThread1" daemon [_thread_in_native, id=18632, stack(0x0000002573600000,0x0000002573700000)]
  0x000001637fcb5c60 JavaThread "C2 CompilerThread2" daemon [_thread_in_native, id=18052, stack(0x0000002573900000,0x0000002573a00000)]
  0x000001637f1008e0 JavaThread "JNA Cleaner" daemon [_thread_blocked, id=13420, stack(0x0000002574900000,0x0000002574a00000)]
  0x000001637f0fe570 JavaThread "Thread-2" daemon [_thread_in_native, id=17788, stack(0x0000002574a00000,0x0000002574b00000)]
  0x000001637f0fea80 JavaThread "Thread-3" daemon [_thread_in_native, id=12168, stack(0x0000002574b00000,0x0000002574c00000)]
  0x000001637f0fef90 JavaThread "Thread-4" daemon [_thread_in_native, id=21300, stack(0x0000002574c00000,0x0000002574d00000)]
  0x000001637f0ffec0 JavaThread "Thread-5" daemon [_thread_in_native, id=18204, stack(0x0000002574d00000,0x0000002574e00000)]
  0x000001637f100df0 JavaThread "Thread-6" daemon [_thread_in_native, id=11844, stack(0x0000002574e00000,0x0000002574f00000)]
  0x000001637f101300 JavaThread "Thread-7" daemon [_thread_in_native, id=18728, stack(0x0000002574f00000,0x0000002575000000)]
  0x000001637f9195e0 JavaThread "Thread-8" daemon [_thread_in_native, id=16452, stack(0x0000002575000000,0x0000002575100000)]
  0x000001637f91be60 JavaThread "Thread-9" daemon [_thread_in_native, id=5740, stack(0x0000002575100000,0x0000002575200000)]
  0x000001637f91af30 JavaThread "Thread-10" daemon [_thread_in_native, id=17216, stack(0x0000002575200000,0x0000002575300000)]
  0x000001637f91f610 JavaThread "pool-2-thread-1" [_thread_blocked, id=11944, stack(0x0000002575300000,0x0000002575400000)]
  0x000001637f91c880 JavaThread "WorkspaceEventsHandler" [_thread_blocked, id=3184, stack(0x0000002575400000,0x0000002575500000)]
  0x000001637f91d2a0 JavaThread "pool-1-thread-1" [_thread_blocked, id=10612, stack(0x0000002575500000,0x0000002575600000)]
  0x000001637f91aa20 JavaThread "Worker-2" [_thread_blocked, id=13528, stack(0x0000002575600000,0x0000002575700000)]
  0x000001637f91c370 JavaThread "ForkJoinPool.commonPool-worker-1" daemon [_thread_in_vm, id=12948, stack(0x0000002575700000,0x0000002575800000)]
  0x000001637f91f100 JavaThread "ForkJoinPool.commonPool-worker-2" daemon [_thread_in_native, id=9592, stack(0x0000002575800000,0x0000002575900000)]
  0x000001637f919af0 JavaThread "ForkJoinPool.commonPool-worker-3" daemon [_thread_blocked, id=15616, stack(0x0000002575900000,0x0000002575a00000)]
  0x000001637f918bc0 JavaThread "ForkJoinPool.commonPool-worker-4" daemon [_thread_blocked, id=19636, stack(0x0000002575a00000,0x0000002575b00000)]

Other Threads:
  0x000001637d5a0c20 VMThread "VM Thread" [stack: 0x0000002572b00000,0x0000002572c00000] [id=8796]
  0x000001637d937600 WatcherThread [stack: 0x0000002573800000,0x0000002573900000] [id=15804]
  0x00000163774c2ed0 GCTaskThread "GC Thread#0" [stack: 0x0000002572a00000,0x0000002572b00000] [id=2952]
  0x000001637ecb71e0 GCTaskThread "GC Thread#1" [stack: 0x0000002573a00000,0x0000002573b00000] [id=4980]
  0x000001637e5b84f0 GCTaskThread "GC Thread#2" [stack: 0x0000002573b00000,0x0000002573c00000] [id=11476]
  0x000001637f064050 GCTaskThread "GC Thread#3" [stack: 0x0000002573c00000,0x0000002573d00000] [id=16020]
  0x000001637f064310 GCTaskThread "GC Thread#4" [stack: 0x0000002573d00000,0x0000002573e00000] [id=16784]
  0x000001637f0645d0 GCTaskThread "GC Thread#5" [stack: 0x0000002573e00000,0x0000002573f00000] [id=15272]
  0x000001637f064890 GCTaskThread "GC Thread#6" [stack: 0x0000002573f00000,0x0000002574000000] [id=6328]
  0x000001637ef46d90 GCTaskThread "GC Thread#7" [stack: 0x0000002574400000,0x0000002574500000] [id=3560]

Threads with active compile tasks:
C2 CompilerThread0     5123 4679       4       org.eclipse.jdt.internal.compiler.parser.Scanner::internalScanIdentifierOrKeyword (4773 bytes)
C2 CompilerThread1     5123 4499   !   4       org.eclipse.osgi.internal.loader.classpath.ClasspathManager::findLocalClass (210 bytes)
C2 CompilerThread2     5123 4685       4       org.eclipse.jdt.internal.compiler.parser.Parser::consumeToken (2337 bytes)

VM state: not at safepoint (normal execution)

VM Mutex/Monitor currently owned by a thread: None

Heap address: 0x00000000c0000000, size: 1024 MB, Compressed Oops mode: 32-bit

CDS archive(s) not mapped
Compressed class space mapped at: 0x0000000100000000-0x0000000140000000, reserved size: 1073741824
Narrow klass base: 0x0000000000000000, Narrow klass shift: 3, Narrow klass range: 0x140000000

GC Precious Log:
 CPUs: 8 total, 8 available
 Memory: 7987M
 Large Page Support: Disabled
 NUMA Support: Disabled
 Compressed Oops: Enabled (32-bit)
 Alignments: Space 512K, Generation 512K, Heap 2M
 Heap Min Capacity: 100M
 Heap Initial Capacity: 100M
 Heap Max Capacity: 1G
 Pre-touch: Disabled
 Parallel Workers: 8

Heap:
 PSYoungGen      total 23040K, used 5851K [0x00000000eab00000, 0x00000000ec500000, 0x0000000100000000)
  eden space 21504K, 24% used [0x00000000eab00000,0x00000000eb016c68,0x00000000ec000000)
  from space 1536K, 41% used [0x00000000ec280000,0x00000000ec320010,0x00000000ec400000)
  to   space 1024K, 0% used [0x00000000ec400000,0x00000000ec400000,0x00000000ec500000)
 ParOldGen       total 68608K, used 31850K [0x00000000c0000000, 0x00000000c4300000, 0x00000000eab00000)
  object space 68608K, 46% used [0x00000000c0000000,0x00000000c1f1aa28,0x00000000c4300000)
 Metaspace       used 44652K, committed 45504K, reserved 1114112K
  class space    used 4491K, committed 4864K, reserved 1048576K

Card table byte_map: [0x0000016376e70000,0x0000016377080000] _byte_map_base: 0x0000016376870000

Marking Bits: (ParMarkBitMap*) 0x00007ffebd99d7d0
 Begin Bits: [0x000001637a140000, 0x000001637b140000)
 End Bits:   [0x000001637b140000, 0x000001637c140000)

Polling page: 0x0000016376c60000

Metaspace:

Usage:
  Non-class:     39.22 MB used.
      Class:      4.39 MB used.
       Both:     43.61 MB used.

Virtual space:
  Non-class space:       64.00 MB reserved,      39.69 MB ( 62%) committed,  1 nodes.
      Class space:        1.00 GB reserved,       4.75 MB ( <1%) committed,  1 nodes.
             Both:        1.06 GB reserved,      44.44 MB (  4%) committed. 

Chunk freelists:
   Non-Class:  7.86 MB
       Class:  11.17 MB
        Both:  19.03 MB

MaxMetaspaceSize: unlimited
CompressedClassSpaceSize: 1.00 GB
Initial GC threshold: 21.00 MB
Current GC threshold: 58.38 MB
CDS: off
MetaspaceReclaimPolicy: balanced
 - commit_granule_bytes: 65536.
 - commit_granule_words: 8192.
 - virtual_space_node_default_size: 8388608.
 - enlarge_chunks_in_place: 1.
 - new_chunks_are_fully_committed: 0.
 - uncommit_free_chunks: 1.
 - use_allocation_guard: 0.
 - handle_deallocations: 1.


Internal statistics:

num_allocs_failed_limit: 6.
num_arena_births: 394.
num_arena_deaths: 14.
num_vsnodes_births: 2.
num_vsnodes_deaths: 0.
num_space_committed: 711.
num_space_uncommitted: 0.
num_chunks_returned_to_freelist: 20.
num_chunks_taken_from_freelist: 1890.
num_chunk_merges: 9.
num_chunk_splits: 1215.
num_chunks_enlarged: 787.
num_inconsistent_stats: 0.

CodeHeap 'non-profiled nmethods': size=120000Kb used=2555Kb max_used=2555Kb free=117445Kb
 bounds [0x0000016307ad0000, 0x0000016307d50000, 0x000001630f000000]
CodeHeap 'profiled nmethods': size=120000Kb used=10214Kb max_used=10214Kb free=109785Kb
 bounds [0x0000016300000000, 0x0000016300a00000, 0x0000016307530000]
CodeHeap 'non-nmethods': size=5760Kb used=1321Kb max_used=1353Kb free=4438Kb
 bounds [0x0000016307530000, 0x00000163077a0000, 0x0000016307ad0000]
 total_blobs=5380 nmethods=4730 adapters=563
 compilation: enabled
              stopped_count=0, restarted_count=0
 full_count=0

Compilation events (20 events):
Event: 5.042 Thread 0x000001637d64ecd0 4642       3       lombok.launch.ShadowClassLoader::partOfShadow (46 bytes)
Event: 5.043 Thread 0x000001637d64ecd0 nmethod 4642 0x00000163009beb10 code [0x00000163009bed00, 0x00000163009bf118]
Event: 5.046 Thread 0x000001637fcb5c60 nmethod 4639 0x0000016307d3ad90 code [0x0000016307d3af60, 0x0000016307d3b5f8]
Event: 5.046 Thread 0x000001637fcb5c60 4643   !   4       java.util.zip.InflaterInputStream::read (138 bytes)
Event: 5.050 Thread 0x000001637d64ecd0 4645       3       sun.net.util.IPAddressUtil::checkExternalForm (70 bytes)
Event: 5.051 Thread 0x000001637d64ecd0 nmethod 4645 0x00000163009bf290 code [0x00000163009bf560, 0x00000163009c0218]
Event: 5.054 Thread 0x000001637d64ecd0 4646       3       java.lang.invoke.MethodHandleNatives$CallSiteContext::run (5 bytes)
Event: 5.054 Thread 0x000001637d64ecd0 nmethod 4646 0x00000163009c0690 code [0x00000163009c0820, 0x00000163009c0948]
Event: 5.058 Thread 0x000001637d64ecd0 4648       3       java.lang.String::valueOf (39 bytes)
Event: 5.059 Thread 0x000001637d64ecd0 nmethod 4648 0x00000163009c0a10 code [0x00000163009c0c00, 0x00000163009c1278]
Event: 5.059 Thread 0x000001637d64ecd0 4649       3       java.lang.StringLatin1::toBytes (9 bytes)
Event: 5.059 Thread 0x000001637d64ecd0 nmethod 4649 0x00000163009c1490 code [0x00000163009c1620, 0x00000163009c17b8]
Event: 5.066 Thread 0x000001637d64ecd0 4652   !   3       org.eclipse.osgi.internal.loader.BundleLoader::isDynamicallyImported (150 bytes)
Event: 5.066 Thread 0x000001637d64ecd0 nmethod 4652 0x00000163009c1890 code [0x00000163009c1ac0, 0x00000163009c2488]
Event: 5.067 Thread 0x000001637d64ecd0 4653       3       java.lang.Long::toString (55 bytes)
Event: 5.068 Thread 0x000001637d64ecd0 nmethod 4653 0x00000163009c2810 code [0x00000163009c29e0, 0x00000163009c2d18]
Event: 5.073 Thread 0x000001637d64ecd0 4654       3       java.util.IdentityHashMap$IdentityHashMapIterator::<init> (63 bytes)
Event: 5.073 Thread 0x000001637d5eb240 nmethod 4551 0x0000016307d3be90 code [0x0000016307d3c560, 0x0000016307d41168]
Event: 5.074 Thread 0x000001637d5eb240 4650   !   4       org.eclipse.osgi.storage.bundlefile.CloseableBundleFile::internalOpen (112 bytes)
Event: 5.074 Thread 0x000001637d64ecd0 nmethod 4654 0x00000163009c2e90 code [0x00000163009c3040, 0x00000163009c3278]

GC Heap History (20 events):
Event: 4.036 GC heap before
{Heap before GC invocations=14 (full 2):
 PSYoungGen      total 24576K, used 24480K [0x00000000eab00000, 0x00000000ec700000, 0x0000000100000000)
  eden space 22528K, 100% used [0x00000000eab00000,0x00000000ec100000,0x00000000ec100000)
  from space 2048K, 95% used [0x00000000ec200000,0x00000000ec3e8040,0x00000000ec400000)
  to   space 2560K, 0% used [0x00000000ec480000,0x00000000ec480000,0x00000000ec700000)
 ParOldGen       total 68608K, used 15263K [0x00000000c0000000, 0x00000000c4300000, 0x00000000eab00000)
  object space 68608K, 22% used [0x00000000c0000000,0x00000000c0ee7f60,0x00000000c4300000)
 Metaspace       used 37787K, committed 38528K, reserved 1114112K
  class space    used 3791K, committed 4096K, reserved 1048576K
}
Event: 4.039 GC heap after
{Heap after GC invocations=14 (full 2):
 PSYoungGen      total 24064K, used 1888K [0x00000000eab00000, 0x00000000ec680000, 0x0000000100000000)
  eden space 22016K, 0% used [0x00000000eab00000,0x00000000eab00000,0x00000000ec080000)
  from space 2048K, 92% used [0x00000000ec480000,0x00000000ec658000,0x00000000ec680000)
  to   space 2048K, 0% used [0x00000000ec280000,0x00000000ec280000,0x00000000ec480000)
 ParOldGen       total 68608K, used 17143K [0x00000000c0000000, 0x00000000c4300000, 0x00000000eab00000)
  object space 68608K, 24% used [0x00000000c0000000,0x00000000c10bdfa0,0x00000000c4300000)
 Metaspace       used 37787K, committed 38528K, reserved 1114112K
  class space    used 3791K, committed 4096K, reserved 1048576K
}
Event: 4.091 GC heap before
{Heap before GC invocations=15 (full 2):
 PSYoungGen      total 24064K, used 23904K [0x00000000eab00000, 0x00000000ec680000, 0x0000000100000000)
  eden space 22016K, 100% used [0x00000000eab00000,0x00000000ec080000,0x00000000ec080000)
  from space 2048K, 92% used [0x00000000ec480000,0x00000000ec658000,0x00000000ec680000)
  to   space 2048K, 0% used [0x00000000ec280000,0x00000000ec280000,0x00000000ec480000)
 ParOldGen       total 68608K, used 17143K [0x00000000c0000000, 0x00000000c4300000, 0x00000000eab00000)
  object space 68608K, 24% used [0x00000000c0000000,0x00000000c10bdfa0,0x00000000c4300000)
 Metaspace       used 37856K, committed 38656K, reserved 1114112K
  class space    used 3804K, committed 4160K, reserved 1048576K
}
Event: 4.094 GC heap after
{Heap after GC invocations=15 (full 2):
 PSYoungGen      total 24064K, used 1984K [0x00000000eab00000, 0x00000000ec500000, 0x0000000100000000)
  eden space 22016K, 0% used [0x00000000eab00000,0x00000000eab00000,0x00000000ec080000)
  from space 2048K, 96% used [0x00000000ec280000,0x00000000ec470010,0x00000000ec480000)
  to   space 512K, 0% used [0x00000000ec480000,0x00000000ec480000,0x00000000ec500000)
 ParOldGen       total 68608K, used 18935K [0x00000000c0000000, 0x00000000c4300000, 0x00000000eab00000)
  object space 68608K, 27% used [0x00000000c0000000,0x00000000c127dfa0,0x00000000c4300000)
 Metaspace       used 37856K, committed 38656K, reserved 1114112K
  class space    used 3804K, committed 4160K, reserved 1048576K
}
Event: 4.136 GC heap before
{Heap before GC invocations=16 (full 2):
 PSYoungGen      total 24064K, used 24000K [0x00000000eab00000, 0x00000000ec500000, 0x0000000100000000)
  eden space 22016K, 100% used [0x00000000eab00000,0x00000000ec080000,0x00000000ec080000)
  from space 2048K, 96% used [0x00000000ec280000,0x00000000ec470010,0x00000000ec480000)
  to   space 512K, 0% used [0x00000000ec480000,0x00000000ec480000,0x00000000ec500000)
 ParOldGen       total 68608K, used 18935K [0x00000000c0000000, 0x00000000c4300000, 0x00000000eab00000)
  object space 68608K, 27% used [0x00000000c0000000,0x00000000c127dfa0,0x00000000c4300000)
 Metaspace       used 37857K, committed 38656K, reserved 1114112K
  class space    used 3804K, committed 4160K, reserved 1048576K
}
Event: 4.140 GC heap after
{Heap after GC invocations=16 (full 2):
 PSYoungGen      total 22016K, used 512K [0x00000000eab00000, 0x00000000ec980000, 0x0000000100000000)
  eden space 21504K, 0% used [0x00000000eab00000,0x00000000eab00000,0x00000000ec000000)
  from space 512K, 100% used [0x00000000ec480000,0x00000000ec500000,0x00000000ec500000)
  to   space 4608K, 0% used [0x00000000ec000000,0x00000000ec000000,0x00000000ec480000)
 ParOldGen       total 68608K, used 22268K [0x00000000c0000000, 0x00000000c4300000, 0x00000000eab00000)
  object space 68608K, 32% used [0x00000000c0000000,0x00000000c15bf138,0x00000000c4300000)
 Metaspace       used 37857K, committed 38656K, reserved 1114112K
  class space    used 3804K, committed 4160K, reserved 1048576K
}
Event: 4.171 GC heap before
{Heap before GC invocations=17 (full 2):
 PSYoungGen      total 22016K, used 22016K [0x00000000eab00000, 0x00000000ec980000, 0x0000000100000000)
  eden space 21504K, 100% used [0x00000000eab00000,0x00000000ec000000,0x00000000ec000000)
  from space 512K, 100% used [0x00000000ec480000,0x00000000ec500000,0x00000000ec500000)
  to   space 4608K, 0% used [0x00000000ec000000,0x00000000ec000000,0x00000000ec480000)
 ParOldGen       total 68608K, used 22268K [0x00000000c0000000, 0x00000000c4300000, 0x00000000eab00000)
  object space 68608K, 32% used [0x00000000c0000000,0x00000000c15bf138,0x00000000c4300000)
 Metaspace       used 37858K, committed 38656K, reserved 1114112K
  class space    used 3804K, committed 4160K, reserved 1048576K
}
Event: 4.175 GC heap after
{Heap after GC invocations=17 (full 2):
 PSYoungGen      total 24064K, used 2240K [0x00000000eab00000, 0x00000000ec600000, 0x0000000100000000)
  eden space 21504K, 0% used [0x00000000eab00000,0x00000000eab00000,0x00000000ec000000)
  from space 2560K, 87% used [0x00000000ec000000,0x00000000ec230010,0x00000000ec280000)
  to   space 3072K, 0% used [0x00000000ec300000,0x00000000ec300000,0x00000000ec600000)
 ParOldGen       total 68608K, used 22828K [0x00000000c0000000, 0x00000000c4300000, 0x00000000eab00000)
  object space 68608K, 33% used [0x00000000c0000000,0x00000000c164b138,0x00000000c4300000)
 Metaspace       used 37858K, committed 38656K, reserved 1114112K
  class space    used 3804K, committed 4160K, reserved 1048576K
}
Event: 4.208 GC heap before
{Heap before GC invocations=18 (full 2):
 PSYoungGen      total 24064K, used 23744K [0x00000000eab00000, 0x00000000ec600000, 0x0000000100000000)
  eden space 21504K, 99% used [0x00000000eab00000,0x00000000ebfffff8,0x00000000ec000000)
  from space 2560K, 87% used [0x00000000ec000000,0x00000000ec230010,0x00000000ec280000)
  to   space 3072K, 0% used [0x00000000ec300000,0x00000000ec300000,0x00000000ec600000)
 ParOldGen       total 68608K, used 22828K [0x00000000c0000000, 0x00000000c4300000, 0x00000000eab00000)
  object space 68608K, 33% used [0x00000000c0000000,0x00000000c164b138,0x00000000c4300000)
 Metaspace       used 37872K, committed 38656K, reserved 1114112K
  class space    used 3807K, committed 4160K, reserved 1048576K
}
Event: 4.211 GC heap after
{Heap after GC invocations=18 (full 2):
 PSYoungGen      total 23552K, used 1856K [0x00000000eab00000, 0x00000000ec500000, 0x0000000100000000)
  eden space 21504K, 0% used [0x00000000eab00000,0x00000000eab00000,0x00000000ec000000)
  from space 2048K, 90% used [0x00000000ec300000,0x00000000ec4d0000,0x00000000ec500000)
  to   space 2560K, 0% used [0x00000000ec000000,0x00000000ec000000,0x00000000ec280000)
 ParOldGen       total 68608K, used 24996K [0x00000000c0000000, 0x00000000c4300000, 0x00000000eab00000)
  object space 68608K, 36% used [0x00000000c0000000,0x00000000c1869148,0x00000000c4300000)
 Metaspace       used 37872K, committed 38656K, reserved 1114112K
  class space    used 3807K, committed 4160K, reserved 1048576K
}
Event: 4.386 GC heap before
{Heap before GC invocations=19 (full 2):
 PSYoungGen      total 23552K, used 23360K [0x00000000eab00000, 0x00000000ec500000, 0x0000000100000000)
  eden space 21504K, 100% used [0x00000000eab00000,0x00000000ec000000,0x00000000ec000000)
  from space 2048K, 90% used [0x00000000ec300000,0x00000000ec4d0000,0x00000000ec500000)
  to   space 2560K, 0% used [0x00000000ec000000,0x00000000ec000000,0x00000000ec280000)
 ParOldGen       total 68608K, used 24996K [0x00000000c0000000, 0x00000000c4300000, 0x00000000eab00000)
  object space 68608K, 36% used [0x00000000c0000000,0x00000000c1869148,0x00000000c4300000)
 Metaspace       used 38980K, committed 39744K, reserved 1114112K
  class space    used 3931K, committed 4224K, reserved 1048576K
}
Event: 4.390 GC heap after
{Heap after GC invocations=19 (full 2):
 PSYoungGen      total 24064K, used 2544K [0x00000000eab00000, 0x00000000ecd00000, 0x0000000100000000)
  eden space 21504K, 0% used [0x00000000eab00000,0x00000000eab00000,0x00000000ec000000)
  from space 2560K, 99% used [0x00000000ec000000,0x00000000ec27c228,0x00000000ec280000)
  to   space 6656K, 0% used [0x00000000ec680000,0x00000000ec680000,0x00000000ecd00000)
 ParOldGen       total 68608K, used 28073K [0x00000000c0000000, 0x00000000c4300000, 0x00000000eab00000)
  object space 68608K, 40% used [0x00000000c0000000,0x00000000c1b6a6a0,0x00000000c4300000)
 Metaspace       used 38980K, committed 39744K, reserved 1114112K
  class space    used 3931K, committed 4224K, reserved 1048576K
}
Event: 4.646 GC heap before
{Heap before GC invocations=20 (full 2):
 PSYoungGen      total 24064K, used 24048K [0x00000000eab00000, 0x00000000ecd00000, 0x0000000100000000)
  eden space 21504K, 100% used [0x00000000eab00000,0x00000000ec000000,0x00000000ec000000)
  from space 2560K, 99% used [0x00000000ec000000,0x00000000ec27c228,0x00000000ec280000)
  to   space 6656K, 0% used [0x00000000ec680000,0x00000000ec680000,0x00000000ecd00000)
 ParOldGen       total 68608K, used 28073K [0x00000000c0000000, 0x00000000c4300000, 0x00000000eab00000)
  object space 68608K, 40% used [0x00000000c0000000,0x00000000c1b6a6a0,0x00000000c4300000)
 Metaspace       used 41051K, committed 41792K, reserved 1114112K
  class space    used 4164K, committed 4480K, reserved 1048576K
}
Event: 4.648 GC heap after
{Heap after GC invocations=20 (full 2):
 PSYoungGen      total 22528K, used 600K [0x00000000eab00000, 0x00000000ec780000, 0x0000000100000000)
  eden space 21504K, 0% used [0x00000000eab00000,0x00000000eab00000,0x00000000ec000000)
  from space 1024K, 58% used [0x00000000ec680000,0x00000000ec7161e8,0x00000000ec780000)
  to   space 2560K, 0% used [0x00000000ec280000,0x00000000ec280000,0x00000000ec500000)
 ParOldGen       total 68608K, used 30642K [0x00000000c0000000, 0x00000000c4300000, 0x00000000eab00000)
  object space 68608K, 44% used [0x00000000c0000000,0x00000000c1dec930,0x00000000c4300000)
 Metaspace       used 41051K, committed 41792K, reserved 1114112K
  class space    used 4164K, committed 4480K, reserved 1048576K
}
Event: 4.824 GC heap before
{Heap before GC invocations=21 (full 2):
 PSYoungGen      total 22528K, used 22104K [0x00000000eab00000, 0x00000000ec780000, 0x0000000100000000)
  eden space 21504K, 100% used [0x00000000eab00000,0x00000000ec000000,0x00000000ec000000)
  from space 1024K, 58% used [0x00000000ec680000,0x00000000ec7161e8,0x00000000ec780000)
  to   space 2560K, 0% used [0x00000000ec280000,0x00000000ec280000,0x00000000ec500000)
 ParOldGen       total 68608K, used 30642K [0x00000000c0000000, 0x00000000c4300000, 0x00000000eab00000)
  object space 68608K, 44% used [0x00000000c0000000,0x00000000c1dec930,0x00000000c4300000)
 Metaspace       used 42570K, committed 43392K, reserved 1114112K
  class space    used 4295K, committed 4608K, reserved 1048576K
}
Event: 4.825 GC heap after
{Heap after GC invocations=21 (full 2):
 PSYoungGen      total 23552K, used 1830K [0x00000000eab00000, 0x00000000ec700000, 0x0000000100000000)
  eden space 21504K, 0% used [0x00000000eab00000,0x00000000eab00000,0x00000000ec000000)
  from space 2048K, 89% used [0x00000000ec280000,0x00000000ec449a50,0x00000000ec480000)
  to   space 2560K, 0% used [0x00000000ec480000,0x00000000ec480000,0x00000000ec700000)
 ParOldGen       total 68608K, used 31163K [0x00000000c0000000, 0x00000000c4300000, 0x00000000eab00000)
  object space 68608K, 45% used [0x00000000c0000000,0x00000000c1e6edd8,0x00000000c4300000)
 Metaspace       used 42570K, committed 43392K, reserved 1114112K
  class space    used 4295K, committed 4608K, reserved 1048576K
}
Event: 4.892 GC heap before
{Heap before GC invocations=22 (full 2):
 PSYoungGen      total 23552K, used 23334K [0x00000000eab00000, 0x00000000ec700000, 0x0000000100000000)
  eden space 21504K, 100% used [0x00000000eab00000,0x00000000ec000000,0x00000000ec000000)
  from space 2048K, 89% used [0x00000000ec280000,0x00000000ec449a50,0x00000000ec480000)
  to   space 2560K, 0% used [0x00000000ec480000,0x00000000ec480000,0x00000000ec700000)
 ParOldGen       total 68608K, used 31163K [0x00000000c0000000, 0x00000000c4300000, 0x00000000eab00000)
  object space 68608K, 45% used [0x00000000c0000000,0x00000000c1e6edd8,0x00000000c4300000)
 Metaspace       used 42605K, committed 43392K, reserved 1114112K
  class space    used 4295K, committed 4608K, reserved 1048576K
}
Event: 4.894 GC heap after
{Heap after GC invocations=22 (full 2):
 PSYoungGen      total 22528K, used 602K [0x00000000eab00000, 0x00000000ec580000, 0x0000000100000000)
  eden space 21504K, 0% used [0x00000000eab00000,0x00000000eab00000,0x00000000ec000000)
  from space 1024K, 58% used [0x00000000ec480000,0x00000000ec516a80,0x00000000ec580000)
  to   space 1536K, 0% used [0x00000000ec280000,0x00000000ec280000,0x00000000ec400000)
 ParOldGen       total 68608K, used 31826K [0x00000000c0000000, 0x00000000c4300000, 0x00000000eab00000)
  object space 68608K, 46% used [0x00000000c0000000,0x00000000c1f14a28,0x00000000c4300000)
 Metaspace       used 42605K, committed 43392K, reserved 1114112K
  class space    used 4295K, committed 4608K, reserved 1048576K
}
Event: 5.053 GC heap before
{Heap before GC invocations=23 (full 2):
 PSYoungGen      total 22528K, used 22038K [0x00000000eab00000, 0x00000000ec580000, 0x0000000100000000)
  eden space 21504K, 99% used [0x00000000eab00000,0x00000000ebfeede0,0x00000000ec000000)
  from space 1024K, 58% used [0x00000000ec480000,0x00000000ec516a80,0x00000000ec580000)
  to   space 1536K, 0% used [0x00000000ec280000,0x00000000ec280000,0x00000000ec400000)
 ParOldGen       total 68608K, used 31826K [0x00000000c0000000, 0x00000000c4300000, 0x00000000eab00000)
  object space 68608K, 46% used [0x00000000c0000000,0x00000000c1f14a28,0x00000000c4300000)
 Metaspace       used 44274K, committed 45056K, reserved 1114112K
  class space    used 4457K, committed 4800K, reserved 1048576K
}
Event: 5.054 GC heap after
{Heap after GC invocations=23 (full 2):
 PSYoungGen      total 23040K, used 640K [0x00000000eab00000, 0x00000000ec500000, 0x0000000100000000)
  eden space 21504K, 0% used [0x00000000eab00000,0x00000000eab00000,0x00000000ec000000)
  from space 1536K, 41% used [0x00000000ec280000,0x00000000ec320010,0x00000000ec400000)
  to   space 1024K, 0% used [0x00000000ec400000,0x00000000ec400000,0x00000000ec500000)
 ParOldGen       total 68608K, used 31850K [0x00000000c0000000, 0x00000000c4300000, 0x00000000eab00000)
  object space 68608K, 46% used [0x00000000c0000000,0x00000000c1f1aa28,0x00000000c4300000)
 Metaspace       used 44274K, committed 45056K, reserved 1114112K
  class space    used 4457K, committed 4800K, reserved 1048576K
}

Dll operation events (10 events):
Event: 0.010 Loaded shared library c:\Users\Kiet\.vscode\extensions\redhat.java-1.30.0-win32-x64\jre\17.0.10-win32-x86_64\bin\java.dll
Event: 0.190 Loaded shared library c:\Users\Kiet\.vscode\extensions\redhat.java-1.30.0-win32-x64\jre\17.0.10-win32-x86_64\bin\zip.dll
Event: 0.195 Loaded shared library C:\Users\Kiet\.vscode\extensions\redhat.java-1.30.0-win32-x64\jre\17.0.10-win32-x86_64\bin\instrument.dll
Event: 0.218 Loaded shared library C:\Users\Kiet\.vscode\extensions\redhat.java-1.30.0-win32-x64\jre\17.0.10-win32-x86_64\bin\net.dll
Event: 0.219 Loaded shared library C:\Users\Kiet\.vscode\extensions\redhat.java-1.30.0-win32-x64\jre\17.0.10-win32-x86_64\bin\nio.dll
Event: 0.230 Loaded shared library C:\Users\Kiet\.vscode\extensions\redhat.java-1.30.0-win32-x64\jre\17.0.10-win32-x86_64\bin\zip.dll
Event: 0.249 Loaded shared library C:\Users\Kiet\.vscode\extensions\redhat.java-1.30.0-win32-x64\jre\17.0.10-win32-x86_64\bin\jimage.dll
Event: 0.308 Loaded shared library c:\Users\Kiet\.vscode\extensions\redhat.java-1.30.0-win32-x64\jre\17.0.10-win32-x86_64\bin\verify.dll
Event: 1.486 Loaded shared library C:\Users\Kiet\AppData\Roaming\Code\User\globalStorage\redhat.java\1.30.0\config_ss_win\org.eclipse.equinox.launcher\org.eclipse.equinox.launcher.win32.win32.x86_64_1.2.900.v20240213-1244\eclipse_11900.dll
Event: 3.401 Loaded shared library C:\Users\Kiet\AppData\Local\Temp\jna-2338477\jna16663553591970254304.dll

Deoptimization events (20 events):
Event: 4.846 Thread 0x000001637f91c370 Uncommon trap: trap_request=0xffffffde fr.pc=0x0000016307be6fe0 relative=0x0000000000006620
Event: 4.846 Thread 0x000001637f91c370 Uncommon trap: reason=class_check action=maybe_recompile pc=0x0000016307be6fe0 method=lombok.patcher.PatchScript$MethodPatcher.visitMethod(ILjava/lang/String;Ljava/lang/String;Ljava/lang/String;[Ljava/lang/String;)Lorg/lombokweb/asm/MethodVisitor; @ 101 c
Event: 4.846 Thread 0x000001637f91c370 DEOPT PACKING pc=0x0000016307be6fe0 sp=0x00000025757f93a0
Event: 4.846 Thread 0x000001637f91c370 DEOPT UNPACKING pc=0x0000016307589ea3 sp=0x00000025757f9308 mode 2
Event: 4.846 Thread 0x000001637f91c370 Uncommon trap: trap_request=0xffffffde fr.pc=0x0000016307be6fe0 relative=0x0000000000006620
Event: 4.846 Thread 0x000001637f91c370 Uncommon trap: reason=class_check action=maybe_recompile pc=0x0000016307be6fe0 method=lombok.patcher.PatchScript$MethodPatcher.visitMethod(ILjava/lang/String;Ljava/lang/String;Ljava/lang/String;[Ljava/lang/String;)Lorg/lombokweb/asm/MethodVisitor; @ 101 c
Event: 4.846 Thread 0x000001637f91c370 DEOPT PACKING pc=0x0000016307be6fe0 sp=0x00000025757f93a0
Event: 4.846 Thread 0x000001637f91c370 DEOPT UNPACKING pc=0x0000016307589ea3 sp=0x00000025757f9308 mode 2
Event: 4.846 Thread 0x000001637f91c370 Uncommon trap: trap_request=0xffffffde fr.pc=0x0000016307be6fe0 relative=0x0000000000006620
Event: 4.846 Thread 0x000001637f91c370 Uncommon trap: reason=class_check action=maybe_recompile pc=0x0000016307be6fe0 method=lombok.patcher.PatchScript$MethodPatcher.visitMethod(ILjava/lang/String;Ljava/lang/String;Ljava/lang/String;[Ljava/lang/String;)Lorg/lombokweb/asm/MethodVisitor; @ 101 c
Event: 4.846 Thread 0x000001637f91c370 DEOPT PACKING pc=0x0000016307be6fe0 sp=0x00000025757f93a0
Event: 4.846 Thread 0x000001637f91c370 DEOPT UNPACKING pc=0x0000016307589ea3 sp=0x00000025757f9308 mode 2
Event: 4.846 Thread 0x000001637f91c370 Uncommon trap: trap_request=0xffffffde fr.pc=0x0000016307be6fe0 relative=0x0000000000006620
Event: 4.846 Thread 0x000001637f91c370 Uncommon trap: reason=class_check action=maybe_recompile pc=0x0000016307be6fe0 method=lombok.patcher.PatchScript$MethodPatcher.visitMethod(ILjava/lang/String;Ljava/lang/String;Ljava/lang/String;[Ljava/lang/String;)Lorg/lombokweb/asm/MethodVisitor; @ 101 c
Event: 4.846 Thread 0x000001637f91c370 DEOPT PACKING pc=0x0000016307be6fe0 sp=0x00000025757f93a0
Event: 4.846 Thread 0x000001637f91c370 DEOPT UNPACKING pc=0x0000016307589ea3 sp=0x00000025757f9308 mode 2
Event: 4.860 Thread 0x000001637f91c370 Uncommon trap: trap_request=0xffffff6e fr.pc=0x0000016307d2adf8 relative=0x0000000000000398
Event: 4.860 Thread 0x000001637f91c370 Uncommon trap: reason=loop_limit_check action=maybe_recompile pc=0x0000016307d2adf8 method=java.util.regex.Pattern$StartS.match(Ljava/util/regex/Matcher;ILjava/lang/CharSequence;)Z @ 34 c2
Event: 4.860 Thread 0x000001637f91c370 DEOPT PACKING pc=0x0000016307d2adf8 sp=0x00000025757f90a0
Event: 4.860 Thread 0x000001637f91c370 DEOPT UNPACKING pc=0x0000016307589ea3 sp=0x00000025757f8fd0 mode 2

Classes unloaded (7 events):
Event: 2.015 Thread 0x000001637d5a0c20 Unloading class 0x000000010021a400 'java/lang/invoke/LambdaForm$MH+0x000000010021a400'
Event: 2.015 Thread 0x000001637d5a0c20 Unloading class 0x000000010021a000 'java/lang/invoke/LambdaForm$MH+0x000000010021a000'
Event: 2.015 Thread 0x000001637d5a0c20 Unloading class 0x0000000100219c00 'java/lang/invoke/LambdaForm$MH+0x0000000100219c00'
Event: 2.015 Thread 0x000001637d5a0c20 Unloading class 0x0000000100219800 'java/lang/invoke/LambdaForm$MH+0x0000000100219800'
Event: 2.015 Thread 0x000001637d5a0c20 Unloading class 0x0000000100219400 'java/lang/invoke/LambdaForm$BMH+0x0000000100219400'
Event: 2.015 Thread 0x000001637d5a0c20 Unloading class 0x0000000100219000 'java/lang/invoke/LambdaForm$DMH+0x0000000100219000'
Event: 2.015 Thread 0x000001637d5a0c20 Unloading class 0x0000000100214400 'java/lang/invoke/LambdaForm$DMH+0x0000000100214400'

Classes redefined (0 events):
No events

Internal exceptions (20 events):
Event: 3.700 Thread 0x000001637f91d2a0 Exception <a 'java/io/FileNotFoundException'{0x00000000eafccac0}> (0x00000000eafccac0) 
thrown [s\src\hotspot\share\prims\jni.cpp, line 516]
Event: 3.731 Thread 0x000001637f91d2a0 Exception <a 'sun/nio/fs/WindowsException'{0x00000000eb3fd660}> (0x00000000eb3fd660) 
thrown [s\src\hotspot\share\prims\jni.cpp, line 516]
Event: 3.735 Thread 0x000001637f0ff4a0 Exception <a 'java/io/FileNotFoundException'{0x00000000eb4d4428}> (0x00000000eb4d4428) 
thrown [s\src\hotspot\share\prims\jni.cpp, line 516]
Event: 3.736 Thread 0x000001637f0ff4a0 Exception <a 'java/io/FileNotFoundException'{0x00000000eb4d5410}> (0x00000000eb4d5410) 
thrown [s\src\hotspot\share\prims\jni.cpp, line 516]
Event: 3.736 Thread 0x000001637f0ff4a0 Exception <a 'java/io/FileNotFoundException'{0x00000000eb4d6170}> (0x00000000eb4d6170) 
thrown [s\src\hotspot\share\prims\jni.cpp, line 516]
Event: 3.782 Thread 0x000001637f91aa20 Exception <a 'java/lang/NoSuchMethodError'{0x00000000ebca6f30}: 'java.lang.Object java.lang.invoke.Invokers$Holder.invoke_MT(java.lang.Object, java.lang.Object, java.lang.Object)'> (0x00000000ebca6f30) 
thrown [s\src\hotspot\share\interpreter\linkResolver.cpp, line 759]
Event: 3.788 Thread 0x000001637f91d2a0 Exception <a 'java/lang/NoSuchMethodError'{0x00000000ebd2a4a0}: 'int java.lang.invoke.DirectMethodHandle$Holder.invokeVirtual(java.lang.Object, java.lang.Object)'> (0x00000000ebd2a4a0) 
thrown [s\src\hotspot\share\interpreter\linkResolver.cpp, line 759]
Event: 3.947 Thread 0x000001637f91aa20 Exception <a 'java/io/FileNotFoundException'{0x00000000ebe95e08}> (0x00000000ebe95e08) 
thrown [s\src\hotspot\share\prims\jni.cpp, line 516]
Event: 3.947 Thread 0x000001637f91aa20 Exception <a 'java/io/FileNotFoundException'{0x00000000ebe97318}> (0x00000000ebe97318) 
thrown [s\src\hotspot\share\prims\jni.cpp, line 516]
Event: 3.949 Thread 0x000001637f91aa20 Exception <a 'java/lang/NoSuchMethodError'{0x00000000ebea92e8}: 'void java.lang.invoke.DirectMethodHandle$Holder.invokeStaticInit(java.lang.Object, java.lang.Object, java.lang.Object)'> (0x00000000ebea92e8) 
thrown [s\src\hotspot\share\interpreter\linkResolver.cpp, line 759]
Event: 4.293 Thread 0x000001637f91f100 Exception <a 'java/lang/NoSuchMethodError'{0x00000000eb63e440}: 'java.lang.Object java.lang.invoke.DirectMethodHandle$Holder.invokeInterface(java.lang.Object, java.lang.Object, java.lang.Object)'> (0x00000000eb63e440) 
thrown [s\src\hotspot\share\interpreter\linkResolver.cpp, line 759]
Event: 4.293 Thread 0x000001637f91d2a0 Exception <a 'java/lang/NoSuchMethodError'{0x00000000eb68ebd0}: 'java.lang.Object java.lang.invoke.DirectMethodHandle$Holder.invokeInterface(java.lang.Object, java.lang.Object, java.lang.Object)'> (0x00000000eb68ebd0) 
thrown [s\src\hotspot\share\interpreter\linkResolver.cpp, line 759]
Event: 4.293 Thread 0x000001637f91c370 Exception <a 'java/lang/NoSuchMethodError'{0x00000000eb4d5510}: 'java.lang.Object java.lang.invoke.DirectMethodHandle$Holder.invokeInterface(java.lang.Object, java.lang.Object, java.lang.Object)'> (0x00000000eb4d5510) 
thrown [s\src\hotspot\share\interpreter\linkResolver.cpp, line 759]
Event: 4.504 Thread 0x000001637f91d2a0 Exception <a 'java/lang/LinkageError'{0x00000000eb385700}: loader lombok.launch.ShadowClassLoader @7f41590d attempted duplicate class definition for lombok.launch.PatchFixesHider$Transform. (lombok.launch.PatchFixesHider$Transform is in unnamed module of loader lombok.launch.ShadowClassLoader @7f41590d, parent loader org.eclipse.osgi.internal.loader.EquinoxClassLoader @448a8f3b)> (0x00000000eb385700) 
thrown [s\src\hotspot\share\classfile\systemDictionary.cpp, line 1724]
Event: 4.504 Thread 0x000001637f91c370 Exception <a 'java/lang/LinkageError'{0x00000000eb392f20}: loader lombok.launch.ShadowClassLoader @7f41590d attempted duplicate class definition for lombok.launch.PatchFixesHider$Transform. (lombok.launch.PatchFixesHider$Transform is in unnamed module of loader lombok.launch.ShadowClassLoader @7f41590d, parent loader org.eclipse.osgi.internal.loader.EquinoxClassLoader @448a8f3b)> (0x00000000eb392f20) 
thrown [s\src\hotspot\share\classfile\systemDictionary.cpp, line 1724]
Event: 4.732 Thread 0x000001637f91f100 Implicit null exception at 0x0000016307d15a4f to 0x0000016307d16740
Event: 4.800 Thread 0x000001637f91d2a0 Exception <a 'java/lang/LinkageError'{0x00000000ebc26a48}: loader lombok.launch.ShadowClassLoader @7f41590d attempted duplicate class definition for lombok.launch.PatchFixesHider$ValPortal. (lombok.launch.PatchFixesHider$ValPortal is in unnamed module of loader lombok.launch.ShadowClassLoader @7f41590d, parent loader org.eclipse.osgi.internal.loader.EquinoxClassLoader @448a8f3b)> (0x00000000ebc26a48) 
thrown [s\src\hotspot\share\classfile\systemDictionary.cpp, line 1724]
Event: 4.800 Thread 0x000001637f91f100 Exception <a 'java/lang/LinkageError'{0x00000000ebbbaeb0}: loader lombok.launch.ShadowClassLoader @7f41590d attempted duplicate class definition for lombok.launch.PatchFixesHider$ValPortal. (lombok.launch.PatchFixesHider$ValPortal is in unnamed module of loader lombok.launch.ShadowClassLoader @7f41590d, parent loader org.eclipse.osgi.internal.loader.EquinoxClassLoader @448a8f3b)> (0x00000000ebbbaeb0) 
thrown [s\src\hotspot\share\classfile\systemDictionary.cpp, line 1724]
Event: 5.009 Thread 0x000001637f91c370 Exception <a 'java/lang/LinkageError'{0x00000000ebc2b8c8}: loader lombok.launch.ShadowClassLoader @16dbdcff attempted duplicate class definition for lombok.launch.PatchFixesHider$FieldInitializer. (lombok.launch.PatchFixesHider$FieldInitializer is in unnamed module of loader lombok.launch.ShadowClassLoader @16dbdcff, parent loader org.eclipse.osgi.internal.loader.EquinoxClassLoader @1755b4c8)> (0x00000000ebc2b8c8) 
thrown [s\src\hotspot\share\classfile\systemDictionary.cpp, line 1724]
Event: 5.009 Thread 0x000001637f91d2a0 Exception <a 'java/lang/LinkageError'{0x00000000ebc8f9d0}: loader lombok.launch.ShadowClassLoader @16dbdcff attempted duplicate class definition for lombok.launch.PatchFixesHider$FieldInitializer. (lombok.launch.PatchFixesHider$FieldInitializer is in unnamed module of loader lombok.launch.ShadowClassLoader @16dbdcff, parent loader org.eclipse.osgi.internal.loader.EquinoxClassLoader @1755b4c8)> (0x00000000ebc8f9d0) 
thrown [s\src\hotspot\share\classfile\systemDictionary.cpp, line 1724]

VM Operations (20 events):
Event: 4.317 Executing VM operation: HandshakeAllThreads
Event: 4.317 Executing VM operation: HandshakeAllThreads done
Event: 4.341 Executing VM operation: HandshakeAllThreads
Event: 4.342 Executing VM operation: HandshakeAllThreads done
Event: 4.386 Executing VM operation: ParallelGCFailedAllocation
Event: 4.390 Executing VM operation: ParallelGCFailedAllocation done
Event: 4.467 Executing VM operation: HandshakeAllThreads
Event: 4.467 Executing VM operation: HandshakeAllThreads done
Event: 4.646 Executing VM operation: ParallelGCFailedAllocation
Event: 4.649 Executing VM operation: ParallelGCFailedAllocation done
Event: 4.824 Executing VM operation: ParallelGCFailedAllocation
Event: 4.825 Executing VM operation: ParallelGCFailedAllocation done
Event: 4.892 Executing VM operation: ParallelGCFailedAllocation
Event: 4.894 Executing VM operation: ParallelGCFailedAllocation done
Event: 4.984 Executing VM operation: HandshakeAllThreads
Event: 4.984 Executing VM operation: HandshakeAllThreads done
Event: 5.024 Executing VM operation: HandshakeAllThreads
Event: 5.024 Executing VM operation: HandshakeAllThreads done
Event: 5.053 Executing VM operation: ParallelGCFailedAllocation
Event: 5.054 Executing VM operation: ParallelGCFailedAllocation done

Events (20 events):
Event: 4.297 loading class java/util/concurrent/locks/ReentrantReadWriteLock$Sync$HoldCounter
Event: 4.297 loading class java/util/concurrent/locks/ReentrantReadWriteLock$Sync$HoldCounter done
Event: 4.328 loading class sun/nio/cs/ThreadLocalCoders
Event: 4.328 loading class sun/nio/cs/ThreadLocalCoders done
Event: 4.328 loading class sun/nio/cs/ThreadLocalCoders$1
Event: 4.328 loading class sun/nio/cs/ThreadLocalCoders$Cache
Event: 4.328 loading class sun/nio/cs/ThreadLocalCoders$Cache done
Event: 4.328 loading class sun/nio/cs/ThreadLocalCoders$1 done
Event: 4.328 loading class sun/nio/cs/ThreadLocalCoders$2
Event: 4.328 loading class sun/nio/cs/ThreadLocalCoders$2 done
Event: 4.362 loading class java/lang/ExceptionInInitializerError
Event: 4.362 loading class java/lang/ExceptionInInitializerError done
Event: 4.623 loading class java/util/Vector$1
Event: 4.623 loading class java/util/Vector$1 done
Event: 4.732 loading class java/util/Collections$UnmodifiableSortedSet
Event: 4.732 loading class java/util/Collections$UnmodifiableSortedSet done
Event: 4.758 loading class java/util/regex/Pattern$Caret
Event: 4.758 loading class java/util/regex/Pattern$Caret done
Event: 5.031 loading class java/util/Hashtable$ValueCollection
Event: 5.031 loading class java/util/Hashtable$ValueCollection done


Dynamic libraries:
0x00007ff653410000 - 0x00007ff65341e000 	c:\Users\Kiet\.vscode\extensions\redhat.java-1.30.0-win32-x64\jre\17.0.10-win32-x86_64\bin\java.exe
0x00007fff4ae10000 - 0x00007fff4b026000 	C:\WINDOWS\SYSTEM32\ntdll.dll
0x00007fff49db0000 - 0x00007fff49e74000 	C:\WINDOWS\System32\KERNEL32.DLL
0x00007fff48480000 - 0x00007fff48827000 	C:\WINDOWS\System32\KERNELBASE.dll
0x00007fff48980000 - 0x00007fff48a91000 	C:\WINDOWS\System32\ucrtbase.dll
0x00007fff23bd0000 - 0x00007fff23beb000 	c:\Users\Kiet\.vscode\extensions\redhat.java-1.30.0-win32-x64\jre\17.0.10-win32-x86_64\bin\VCRUNTIME140.dll
0x00007fff159b0000 - 0x00007fff159c7000 	c:\Users\Kiet\.vscode\extensions\redhat.java-1.30.0-win32-x64\jre\17.0.10-win32-x86_64\bin\jli.dll
0x00007fff4a830000 - 0x00007fff4a9de000 	C:\WINDOWS\System32\USER32.dll
0x00007fff48aa0000 - 0x00007fff48ac6000 	C:\WINDOWS\System32\win32u.dll
0x00007fff47400000 - 0x00007fff47693000 	C:\WINDOWS\WinSxS\amd64_microsoft.windows.common-controls_6595b64144ccf1df_6.0.22621.3235_none_270f74e173860f98\COMCTL32.dll
0x00007fff49e90000 - 0x00007fff49eb9000 	C:\WINDOWS\System32\GDI32.dll
0x00007fff4a6a0000 - 0x00007fff4a747000 	C:\WINDOWS\System32\msvcrt.dll
0x00007fff48830000 - 0x00007fff48949000 	C:\WINDOWS\System32\gdi32full.dll
0x00007fff483e0000 - 0x00007fff4847a000 	C:\WINDOWS\System32\msvcp_win.dll
0x00007fff4ad90000 - 0x00007fff4adc1000 	C:\WINDOWS\System32\IMM32.DLL
0x00007fff26950000 - 0x00007fff2695c000 	c:\Users\Kiet\.vscode\extensions\redhat.java-1.30.0-win32-x64\jre\17.0.10-win32-x86_64\bin\vcruntime140_1.dll
0x00007fff13110000 - 0x00007fff1319d000 	c:\Users\Kiet\.vscode\extensions\redhat.java-1.30.0-win32-x64\jre\17.0.10-win32-x86_64\bin\msvcp140.dll
0x00007ffebce00000 - 0x00007ffebda62000 	c:\Users\Kiet\.vscode\extensions\redhat.java-1.30.0-win32-x64\jre\17.0.10-win32-x86_64\bin\server\jvm.dll
0x00007fff49ec0000 - 0x00007fff49f72000 	C:\WINDOWS\System32\ADVAPI32.dll
0x00007fff4a780000 - 0x00007fff4a828000 	C:\WINDOWS\System32\sechost.dll
0x00007fff48950000 - 0x00007fff48978000 	C:\WINDOWS\System32\bcrypt.dll
0x00007fff4a280000 - 0x00007fff4a395000 	C:\WINDOWS\System32\RPCRT4.dll
0x00007fff48000000 - 0x00007fff4804d000 	C:\WINDOWS\SYSTEM32\POWRPROF.dll
0x00007fff256f0000 - 0x00007fff256f9000 	C:\WINDOWS\SYSTEM32\WSOCK32.dll
0x00007fff40af0000 - 0x00007fff40b24000 	C:\WINDOWS\SYSTEM32\WINMM.dll
0x00007fff3f170000 - 0x00007fff3f17a000 	C:\WINDOWS\SYSTEM32\VERSION.dll
0x00007fff4a620000 - 0x00007fff4a691000 	C:\WINDOWS\System32\WS2_32.dll
0x00007fff47fe0000 - 0x00007fff47ff3000 	C:\WINDOWS\SYSTEM32\UMPDC.dll
0x00007fff46a90000 - 0x00007fff46aa8000 	C:\WINDOWS\SYSTEM32\kernel.appcore.dll
0x00007fff245a0000 - 0x00007fff245aa000 	c:\Users\Kiet\.vscode\extensions\redhat.java-1.30.0-win32-x64\jre\17.0.10-win32-x86_64\bin\jimage.dll
0x00007fff479c0000 - 0x00007fff47bf3000 	C:\WINDOWS\SYSTEM32\DBGHELP.DLL
0x00007fff4a9e0000 - 0x00007fff4ad68000 	C:\WINDOWS\System32\combase.dll
0x00007fff48bc0000 - 0x00007fff48c97000 	C:\WINDOWS\System32\OLEAUT32.dll
0x00007fff47880000 - 0x00007fff478b2000 	C:\WINDOWS\SYSTEM32\dbgcore.DLL
0x00007fff48360000 - 0x00007fff483d9000 	C:\WINDOWS\System32\bcryptPrimitives.dll
0x00007fff234b0000 - 0x00007fff234be000 	c:\Users\Kiet\.vscode\extensions\redhat.java-1.30.0-win32-x64\jre\17.0.10-win32-x86_64\bin\instrument.dll
0x00007fff130e0000 - 0x00007fff13105000 	c:\Users\Kiet\.vscode\extensions\redhat.java-1.30.0-win32-x64\jre\17.0.10-win32-x86_64\bin\java.dll
0x00007fff0c300000 - 0x00007fff0c318000 	c:\Users\Kiet\.vscode\extensions\redhat.java-1.30.0-win32-x64\jre\17.0.10-win32-x86_64\bin\zip.dll
0x00007fff490d0000 - 0x00007fff4992c000 	C:\WINDOWS\System32\SHELL32.dll
0x00007fff456b0000 - 0x00007fff45fa9000 	C:\WINDOWS\SYSTEM32\windows.storage.dll
0x00007fff45570000 - 0x00007fff456ae000 	C:\WINDOWS\SYSTEM32\wintypes.dll
0x00007fff4a170000 - 0x00007fff4a263000 	C:\WINDOWS\System32\SHCORE.dll
0x00007fff4a3a0000 - 0x00007fff4a3fe000 	C:\WINDOWS\System32\shlwapi.dll
0x00007fff48060000 - 0x00007fff48081000 	C:\WINDOWS\SYSTEM32\profapi.dll
0x00007ffeeae00000 - 0x00007ffeeae19000 	C:\Users\Kiet\.vscode\extensions\redhat.java-1.30.0-win32-x64\jre\17.0.10-win32-x86_64\bin\net.dll
0x00007fff413a0000 - 0x00007fff414d6000 	C:\WINDOWS\SYSTEM32\WINHTTP.dll
0x00007fff46ec0000 - 0x00007fff46f29000 	C:\WINDOWS\system32\mswsock.dll
0x00007ffee9540000 - 0x00007ffee9556000 	C:\Users\Kiet\.vscode\extensions\redhat.java-1.30.0-win32-x64\jre\17.0.10-win32-x86_64\bin\nio.dll
0x00007fff23310000 - 0x00007fff23320000 	c:\Users\Kiet\.vscode\extensions\redhat.java-1.30.0-win32-x64\jre\17.0.10-win32-x86_64\bin\verify.dll
0x00007fff0aa30000 - 0x00007fff0aa6e000 	C:\Users\Kiet\AppData\Roaming\Code\User\globalStorage\redhat.java\1.30.0\config_ss_win\org.eclipse.equinox.launcher\org.eclipse.equinox.launcher.win32.win32.x86_64_1.2.900.v20240213-1244\eclipse_11900.dll
0x00007fff48f20000 - 0x00007fff490c5000 	C:\WINDOWS\System32\ole32.dll
0x00007fff47ce0000 - 0x00007fff47cfb000 	C:\WINDOWS\SYSTEM32\CRYPTSP.dll
0x00007fff46890000 - 0x00007fff468c5000 	C:\WINDOWS\system32\rsaenh.dll
0x00007fff47150000 - 0x00007fff47178000 	C:\WINDOWS\SYSTEM32\USERENV.dll
0x00007fff47180000 - 0x00007fff4718c000 	C:\WINDOWS\SYSTEM32\CRYPTBASE.dll
0x00007fff46370000 - 0x00007fff4639d000 	C:\WINDOWS\SYSTEM32\IPHLPAPI.DLL
0x00007fff4a270000 - 0x00007fff4a279000 	C:\WINDOWS\System32\NSI.dll
0x00007fff41170000 - 0x00007fff41189000 	C:\WINDOWS\SYSTEM32\dhcpcsvc6.DLL
0x00007fff410f0000 - 0x00007fff4110f000 	C:\WINDOWS\SYSTEM32\dhcpcsvc.DLL
0x00007fff463e0000 - 0x00007fff464d9000 	C:\WINDOWS\SYSTEM32\DNSAPI.dll
0x00007fff1a940000 - 0x00007fff1a985000 	C:\Users\Kiet\AppData\Local\Temp\jna-2338477\jna16663553591970254304.dll
0x00007fff48f10000 - 0x00007fff48f18000 	C:\WINDOWS\System32\PSAPI.DLL

dbghelp: loaded successfully - version: 4.0.5 - missing functions: none
symbol engine: initialized successfully - sym options: 0x614 - pdb path: .;c:\Users\Kiet\.vscode\extensions\redhat.java-1.30.0-win32-x64\jre\17.0.10-win32-x86_64\bin;C:\WINDOWS\SYSTEM32;C:\WINDOWS\WinSxS\amd64_microsoft.windows.common-controls_6595b64144ccf1df_6.0.22621.3235_none_270f74e173860f98;c:\Users\Kiet\.vscode\extensions\redhat.java-1.30.0-win32-x64\jre\17.0.10-win32-x86_64\bin\server;C:\Users\Kiet\AppData\Roaming\Code\User\globalStorage\redhat.java\1.30.0\config_ss_win\org.eclipse.equinox.launcher\org.eclipse.equinox.launcher.win32.win32.x86_64_1.2.900.v20240213-1244;C:\Users\Kiet\AppData\Local\Temp\jna-2338477

VM Arguments:
jvm_args: --add-modules=ALL-SYSTEM --add-opens=java.base/java.util=ALL-UNNAMED --add-opens=java.base/java.lang=ALL-UNNAMED --add-opens=java.base/sun.nio.fs=ALL-UNNAMED -Declipse.application=org.eclipse.jdt.ls.core.id1 -Dosgi.bundles.defaultStartLevel=4 -Declipse.product=org.eclipse.jdt.ls.core.product -Djava.import.generatesMetadataFilesAtProjectRoot=false -DDetectVMInstallationsJob.disabled=true -Dfile.encoding=utf8 -XX:+UseParallelGC -XX:GCTimeRatio=4 -XX:AdaptiveSizePolicyWeight=90 -Dsun.zip.disableMemoryMapping=true -Xmx1G -Xms100m -Xlog:disable -javaagent:c:\Users\Kiet\.vscode\extensions\redhat.java-1.30.0-win32-x64\lombok\lombok-1.18.32.jar 
java_command: c:\Users\Kiet\.vscode\extensions\redhat.java-1.30.0-win32-x64\server\plugins\org.eclipse.equinox.launcher_1.6.800.v20240330-1250.jar -configuration c:\Users\Kiet\AppData\Roaming\Code\User\globalStorage\redhat.java\1.30.0\config_ss_win -data c:\Users\Kiet\AppData\Roaming\Code\User\workspaceStorage\b3b38d78d4b70df6aa0616a4b888d3ad\redhat.java\ss_ws --pipe=\\.\pipe\lsp-171fb49c812bde57170c4aaa15172aaa-sock
java_class_path (initial): c:\Users\Kiet\.vscode\extensions\redhat.java-1.30.0-win32-x64\server\plugins\org.eclipse.equinox.launcher_1.6.800.v20240330-1250.jar
Launcher Type: SUN_STANDARD

[Global flags]
    uintx AdaptiveSizePolicyWeight                 = 90                                        {product} {command line}
     intx CICompilerCount                          = 4                                         {product} {ergonomic}
    uintx GCTimeRatio                              = 4                                         {product} {command line}
   size_t InitialHeapSize                          = 104857600                                 {product} {command line}
   size_t MaxHeapSize                              = 1073741824                                {product} {command line}
   size_t MaxNewSize                               = 357564416                                 {product} {ergonomic}
   size_t MinHeapDeltaBytes                        = 524288                                    {product} {ergonomic}
   size_t MinHeapSize                              = 104857600                                 {product} {command line}
   size_t NewSize                                  = 34603008                                  {product} {ergonomic}
    uintx NonNMethodCodeHeapSize                   = 5839372                                {pd product} {ergonomic}
    uintx NonProfiledCodeHeapSize                  = 122909434                              {pd product} {ergonomic}
   size_t OldSize                                  = 70254592                                  {product} {ergonomic}
    uintx ProfiledCodeHeapSize                     = 122909434                              {pd product} {ergonomic}
    uintx ReservedCodeCacheSize                    = 251658240                              {pd product} {ergonomic}
     bool SegmentedCodeCache                       = true                                      {product} {ergonomic}
   size_t SoftMaxHeapSize                          = 1073741824                             {manageable} {ergonomic}
     bool UseCompressedClassPointers               = true                           {product lp64_product} {ergonomic}
     bool UseCompressedOops                        = true                           {product lp64_product} {ergonomic}
     bool UseLargePagesIndividualAllocation        = false                                  {pd product} {ergonomic}
     bool UseParallelGC                            = true                                      {product} {command line}

Logging:
Log output configuration:
 #0: stdout all=off uptime,level,tags
 #1: stderr all=off uptime,level,tags

Environment Variables:
PATH=C:\Program Files\Common Files\Oracle\Java\javapath;C:\Program Files (x86)\Common Files\Oracle\Java\javapath;C:\WINDOWS\system32;C:\WINDOWS;C:\WINDOWS\System32\Wbem;C:\WINDOWS\System32\WindowsPowerShell\v1.0\;C:\WINDOWS\System32\OpenSSH\;C:\Program Files\dotnet\;C:\Program Files\Common Files\Oracle\Java\javapath;C:\Program Files\Java\jdk-11\bin;C:\Program Files (x86)\Microsoft SQL Server\160\Tools\Binn\;C:\Program Files\Microsoft SQL Server\160\Tools\Binn\;C:\Program Files\Microsoft SQL Server\Client SDK\ODBC\170\Tools\Binn\;C:\Program Files\Microsoft SQL Server\160\DTS\Binn\;C:\Program Files (x86)\Microsoft SQL Server\160\DTS\Binn\;C:\Program Files\Azure Data Studio\bin;C:\Program Files\apache-maven-3.9.6\bin;C:\Program Files\Git\cmd;C:\Program Files\nodejs\;C:\Program Files\Java\jdk-21\bin;C:\Users\Kiet\AppData\Local\Microsoft\WindowsApps;C:\Users\Kiet\AppData\Local\Programs\Microsoft VS Code\bin;C:\Users\Kiet\AppData\Local\GitHubDesktop\bin;C:\Users\Kiet\.dotnet\tools;C:\Program Files\Azure Data Studio\bin;C:\Users\Kiet\AppData\Roaming\npm
USERNAME=Kiet
OS=Windows_NT
PROCESSOR_IDENTIFIER=Intel64 Family 6 Model 126 Stepping 5, GenuineIntel
TMP=C:\Users\Kiet\AppData\Local\Temp
TEMP=C:\Users\Kiet\AppData\Local\Temp



Periodic native trim disabled


---------------  S Y S T E M  ---------------

OS:
 Windows 11 , 64 bit Build 22621 (10.0.22621.3374)
OS uptime: 1 days 19:56 hours

CPU: total 8 (initial active 8) (4 cores per cpu, 2 threads per core) family 6 model 126 stepping 5 microcode 0xa6, cx8, cmov, fxsr, ht, mmx, 3dnowpref, sse, sse2, sse3, ssse3, sse4.1, sse4.2, popcnt, lzcnt, tsc, tscinvbit, avx, avx2, aes, erms, clmul, bmi1, bmi2, adx, avx512f, avx512dq, avx512cd, avx512bw, avx512vl, sha, fma, vzeroupper, avx512_vpopcntdq, avx512_vpclmulqdq, avx512_vaes, avx512_vnni, clflush, clflushopt, avx512_vbmi2, avx512_vbmi
Processor Information for all 8 processors :
  Max Mhz: 1190, Current Mhz: 991, Mhz Limit: 987

Memory: 4k page, system-wide physical 7987M (1466M free)
TotalPageFile size 10035M (AvailPageFile size 6M)
current process WorkingSet (physical memory assigned to process): 203M, peak: 204M
current process commit charge ("private bytes"): 283M, peak: 284M

vm_info: OpenJDK 64-Bit Server VM (17.0.10+7) for windows-amd64 JRE (17.0.10+7), built on Jan 16 2024 23:25:11 by "admin" with MS VC++ 16.10 / 16.11 (VS2019)

END.
