#
# There is insufficient memory for the Java Runtime Environment to continue.
# Native memory allocation (malloc) failed to allocate 35856 bytes for Chunk::new
# Possible reasons:
#   The system is out of physical RAM or swap space
#   The process is running with CompressedOops enabled, and the Java Heap may be blocking the growth of the native heap
# Possible solutions:
#   Reduce memory load on the system
#   Increase physical memory or swap space
#   Check if swap backing store is full
#   Decrease Java heap size (-Xmx/-Xms)
#   Decrease number of Java threads
#   Decrease Java thread stack sizes (-Xss)
#   Set larger code cache with -XX:ReservedCodeCacheSize=
#   JVM is running with Unscaled Compressed Oops mode in which the Java heap is
#     placed in the first 4GB address space. The Java Heap base address is the
#     maximum limit for the native heap growth. Please use -XX:HeapBaseMinAddress
#     to set the Java Heap base and to place the Java Heap above 4GB virtual address.
# This output file may be truncated or incomplete.
#
#  Out of Memory Error (arena.cpp:168), pid=6060, tid=4676
#
# JRE version: Java(TM) SE Runtime Environment (21.0.2+13) (build 21.0.2+13-LTS-58)
# Java VM: Java HotSpot(TM) 64-Bit Server VM (21.0.2+13-LTS-58, mixed mode, sharing, tiered, compressed oops, compressed class ptrs, g1 gc, windows-amd64)
# No core dump will be written. Minidumps are not enabled by default on client versions of Windows
#

---------------  S U M M A R Y ------------

Command Line: --enable-preview -XX:+ShowCodeDetailsInExceptionMessages GUI.LogIn

Host: Intel(R) Core(TM) i5-1035G1 CPU @ 1.00GHz, 8 cores, 7G,  Windows 11 , 64 bit Build 22621 (10.0.22621.3085)
Time: Mon Mar 11 21:23:16 2024 SE Asia Standard Time elapsed time: 1.399969 seconds (0d 0h 0m 1s)

---------------  T H R E A D  ---------------

Current thread (0x000001cdf4b26c80):  JavaThread "C2 CompilerThread0" daemon [_thread_in_native, id=4676, stack(0x0000001e42e00000,0x0000001e42f00000) (1024K)]


Current CompileTask:
C2:   1400 1766   !   4       jdk.internal.math.FloatingDecimal::readJavaFormatString (826 bytes)

Stack: [0x0000001e42e00000,0x0000001e42f00000]
Native frames: (J=compiled Java code, j=interpreted, Vv=VM code, C=native code)
V  [jvm.dll+0x6cade9]
V  [jvm.dll+0x8569c1]
V  [jvm.dll+0x858d2e]
V  [jvm.dll+0x859413]
V  [jvm.dll+0x280e56]
V  [jvm.dll+0xc3f3d]
V  [jvm.dll+0xc4473]
V  [jvm.dll+0x5d5a67]
V  [jvm.dll+0x1e1ca1]
V  [jvm.dll+0x249d22]
V  [jvm.dll+0x2491b1]
V  [jvm.dll+0x1c9634]
V  [jvm.dll+0x258859]
V  [jvm.dll+0x256e3a]
V  [jvm.dll+0x3ef6c6]
V  [jvm.dll+0x7ff568]
V  [jvm.dll+0x6c953d]
C  [ucrtbase.dll+0x29363]
C  [KERNEL32.DLL+0x1257d]
C  [ntdll.dll+0x5aa58]


---------------  P R O C E S S  ---------------

Threads class SMR info:
_java_thread_list=0x000001cdfa9b89e0, length=17, elements={
0x000001cdd864f960, 0x000001cdf4b17e00, 0x000001cdf4b18d20, 0x000001cdf4b1baa0,
0x000001cdf4b21060, 0x000001cdf4b233a0, 0x000001cdf4b24800, 0x000001cdf4b26c80,
0x000001cdf4b382c0, 0x000001cdf9279720, 0x000001cdf92649f0, 0x000001cdf92e0060,
0x000001cdf96f4060, 0x000001cdfa401050, 0x000001cdfa7135f0, 0x000001cdfa4463f0,
0x000001cdfa9a8ac0
}

Java Threads: ( => current thread )
  0x000001cdd864f960 JavaThread "main"                              [_thread_in_Java, id=12676, stack(0x0000001e42000000,0x0000001e42100000) (1024K)]
  0x000001cdf4b17e00 JavaThread "Reference Handler"          daemon [_thread_blocked, id=8920, stack(0x0000001e42800000,0x0000001e42900000) (1024K)]
  0x000001cdf4b18d20 JavaThread "Finalizer"                  daemon [_thread_blocked, id=19180, stack(0x0000001e42900000,0x0000001e42a00000) (1024K)]
  0x000001cdf4b1baa0 JavaThread "Signal Dispatcher"          daemon [_thread_blocked, id=9948, stack(0x0000001e42a00000,0x0000001e42b00000) (1024K)]
  0x000001cdf4b21060 JavaThread "Attach Listener"            daemon [_thread_blocked, id=13716, stack(0x0000001e42b00000,0x0000001e42c00000) (1024K)]
  0x000001cdf4b233a0 JavaThread "Service Thread"             daemon [_thread_blocked, id=7240, stack(0x0000001e42c00000,0x0000001e42d00000) (1024K)]
  0x000001cdf4b24800 JavaThread "Monitor Deflation Thread"   daemon [_thread_blocked, id=18712, stack(0x0000001e42d00000,0x0000001e42e00000) (1024K)]
=>0x000001cdf4b26c80 JavaThread "C2 CompilerThread0"         daemon [_thread_in_native, id=4676, stack(0x0000001e42e00000,0x0000001e42f00000) (1024K)]
  0x000001cdf4b382c0 JavaThread "C1 CompilerThread0"         daemon [_thread_in_native, id=13412, stack(0x0000001e42f00000,0x0000001e43000000) (1024K)]
  0x000001cdf9279720 JavaThread "Notification Thread"        daemon [_thread_blocked, id=10048, stack(0x0000001e43000000,0x0000001e43100000) (1024K)]
  0x000001cdf92649f0 JavaThread "Common-Cleaner"             daemon [_thread_blocked, id=15748, stack(0x0000001e43100000,0x0000001e43200000) (1024K)]
  0x000001cdf92e0060 JavaThread "C2 CompilerThread1"         daemon [_thread_in_native, id=7808, stack(0x0000001e43200000,0x0000001e43300000) (1024K)]
  0x000001cdf96f4060 JavaThread "Java2D Disposer"            daemon [_thread_blocked, id=17880, stack(0x0000001e43300000,0x0000001e43400000) (1024K)]
  0x000001cdfa401050 JavaThread "AWT-Shutdown"                      [_thread_blocked, id=16560, stack(0x0000001e43400000,0x0000001e43500000) (1024K)]
  0x000001cdfa7135f0 JavaThread "AWT-Windows"                daemon [_thread_in_native, id=12164, stack(0x0000001e43500000,0x0000001e43600000) (1024K)]
  0x000001cdfa4463f0 JavaThread "AWT-EventQueue-0"                  [_thread_blocked, id=17704, stack(0x0000001e43d00000,0x0000001e43e00000) (1024K)]
  0x000001cdfa9a8ac0 JavaThread "C2 CompilerThread2"         daemon [_thread_in_native, id=9844, stack(0x0000001e44100000,0x0000001e44200000) (1024K)]
Total: 17

Other Threads:
  0x000001cdf4af85f0 VMThread "VM Thread"                           [id=13060, stack(0x0000001e42700000,0x0000001e42800000) (1024K)]
  0x000001cdf4adf7b0 WatcherThread "VM Periodic Task Thread"        [id=2008, stack(0x0000001e42600000,0x0000001e42700000) (1024K)]
  0x000001cdd86a9860 WorkerThread "GC Thread#0"                     [id=15208, stack(0x0000001e42100000,0x0000001e42200000) (1024K)]
  0x000001cdf4af8250 WorkerThread "GC Thread#1"                     [id=8596, stack(0x0000001e43600000,0x0000001e43700000) (1024K)]
  0x000001cdf4af8d30 WorkerThread "GC Thread#2"                     [id=19232, stack(0x0000001e43700000,0x0000001e43800000) (1024K)]
  0x000001cdf4af8990 WorkerThread "GC Thread#3"                     [id=12960, stack(0x0000001e43800000,0x0000001e43900000) (1024K)]
  0x000001cdf4af7b10 WorkerThread "GC Thread#4"                     [id=7484, stack(0x0000001e43900000,0x0000001e43a00000) (1024K)]
  0x000001cdf4af7eb0 WorkerThread "GC Thread#5"                     [id=7600, stack(0x0000001e43a00000,0x0000001e43b00000) (1024K)]
  0x000001cdf4af90d0 WorkerThread "GC Thread#6"                     [id=15112, stack(0x0000001e43b00000,0x0000001e43c00000) (1024K)]
  0x000001cdf4af7770 WorkerThread "GC Thread#7"                     [id=1692, stack(0x0000001e43c00000,0x0000001e43d00000) (1024K)]
  0x000001cdd86ba520 ConcurrentGCThread "G1 Main Marker"            [id=12180, stack(0x0000001e42200000,0x0000001e42300000) (1024K)]
  0x000001cdd86bb0e0 WorkerThread "G1 Conc#0"                       [id=6432, stack(0x0000001e42300000,0x0000001e42400000) (1024K)]
  0x000001cdf49adff0 ConcurrentGCThread "G1 Refine#0"               [id=9928, stack(0x0000001e42400000,0x0000001e42500000) (1024K)]
  0x000001cdf49aea70 ConcurrentGCThread "G1 Service"                [id=9680, stack(0x0000001e42500000,0x0000001e42600000) (1024K)]
Total: 14

Threads with active compile tasks:
C2 CompilerThread0     1431 1766   !   4       jdk.internal.math.FloatingDecimal::readJavaFormatString (826 bytes)
C1 CompilerThread0     1431 1831       3       java.net.URLStreamHandler::parseURL (1124 bytes)
C2 CompilerThread1     1431 1832       4       com.kitfox.svg.Defs::getStyleSheet (39 bytes)
C2 CompilerThread2     1431 1773       4       jdk.internal.math.FloatingDecimal$ASCIIToBinaryBuffer::floatValue (1084 bytes)
Total: 4

VM state: not at safepoint (normal execution)

VM Mutex/Monitor currently owned by a thread: None

Heap address: 0x0000000083200000, size: 1998 MB, Compressed Oops mode: 32-bit

CDS archive(s) mapped at: [0x000001cd80000000-0x000001cd80c90000-0x000001cd80c90000), size 13172736, SharedBaseAddress: 0x000001cd80000000, ArchiveRelocationMode: 1.
Compressed class space mapped at: 0x000001cd81000000-0x000001cdc1000000, reserved size: 1073741824
Narrow klass base: 0x000001cd80000000, Narrow klass shift: 0, Narrow klass range: 0x100000000

GC Precious Log:
 CardTable entry size: 512
 Card Set container configuration: InlinePtr #cards 5 size 8 Array Of Cards #cards 12 size 40 Howl #buckets 4 coarsen threshold 1843 Howl Bitmap #cards 512 size 80 coarsen threshold 460 Card regions per heap region 1 cards per card region 2048
 CPUs: 8 total, 8 available
 Memory: 7987M
 Large Page Support: Disabled
 NUMA Support: Disabled
 Compressed Oops: Enabled (32-bit)
 Heap Region Size: 1M
 Heap Min Capacity: 8M
 Heap Initial Capacity: 126M
 Heap Max Capacity: 1998M
 Pre-touch: Disabled
 Parallel Workers: 8
 Concurrent Workers: 2
 Concurrent Refinement Workers: 8
 Periodic GC: Disabled

Heap:
 garbage-first heap   total 129024K, used 27392K [0x0000000083200000, 0x0000000100000000)
  region size 1024K, 20 young (20480K), 3 survivors (3072K)
 Metaspace       used 12369K, committed 12672K, reserved 1114112K
  class space    used 1345K, committed 1472K, reserved 1048576K

Heap Regions: E=young(eden), S=young(survivor), O=old, HS=humongous(starts), HC=humongous(continues), CS=collection set, F=free, TAMS=top-at-mark-start, PB=parsable bottom
|   0|0x0000000083200000, 0x0000000083300000, 0x0000000083300000|100%|HS|  |TAMS 0x0000000083200000| PB 0x0000000083200000| Complete 
|   1|0x0000000083300000, 0x0000000083400000, 0x0000000083400000|100%|HC|  |TAMS 0x0000000083300000| PB 0x0000000083300000| Complete 
|   2|0x0000000083400000, 0x0000000083500000, 0x0000000083500000|100%|HS|  |TAMS 0x0000000083400000| PB 0x0000000083400000| Complete 
|   3|0x0000000083500000, 0x0000000083600000, 0x0000000083600000|100%| O|  |TAMS 0x0000000083500000| PB 0x0000000083500000| Untracked 
|   4|0x0000000083600000, 0x0000000083700000, 0x0000000083700000|100%| O|  |TAMS 0x0000000083600000| PB 0x0000000083600000| Untracked 
|   5|0x0000000083700000, 0x0000000083800000, 0x0000000083800000|100%| O|  |TAMS 0x0000000083700000| PB 0x0000000083700000| Untracked 
|   6|0x0000000083800000, 0x0000000083900000, 0x0000000083900000|100%| O|  |TAMS 0x0000000083800000| PB 0x0000000083800000| Untracked 
|   7|0x0000000083900000, 0x00000000839c0000, 0x0000000083a00000| 75%| O|  |TAMS 0x0000000083900000| PB 0x0000000083900000| Untracked 
|   8|0x0000000083a00000, 0x0000000083a00000, 0x0000000083b00000|  0%| F|  |TAMS 0x0000000083a00000| PB 0x0000000083a00000| Untracked 
|   9|0x0000000083b00000, 0x0000000083b00000, 0x0000000083c00000|  0%| F|  |TAMS 0x0000000083b00000| PB 0x0000000083b00000| Untracked 
|  10|0x0000000083c00000, 0x0000000083c00000, 0x0000000083d00000|  0%| F|  |TAMS 0x0000000083c00000| PB 0x0000000083c00000| Untracked 
|  11|0x0000000083d00000, 0x0000000083d00000, 0x0000000083e00000|  0%| F|  |TAMS 0x0000000083d00000| PB 0x0000000083d00000| Untracked 
|  12|0x0000000083e00000, 0x0000000083e00000, 0x0000000083f00000|  0%| F|  |TAMS 0x0000000083e00000| PB 0x0000000083e00000| Untracked 
|  13|0x0000000083f00000, 0x0000000083f00000, 0x0000000084000000|  0%| F|  |TAMS 0x0000000083f00000| PB 0x0000000083f00000| Untracked 
|  14|0x0000000084000000, 0x0000000084000000, 0x0000000084100000|  0%| F|  |TAMS 0x0000000084000000| PB 0x0000000084000000| Untracked 
|  15|0x0000000084100000, 0x0000000084100000, 0x0000000084200000|  0%| F|  |TAMS 0x0000000084100000| PB 0x0000000084100000| Untracked 
|  16|0x0000000084200000, 0x0000000084200000, 0x0000000084300000|  0%| F|  |TAMS 0x0000000084200000| PB 0x0000000084200000| Untracked 
|  17|0x0000000084300000, 0x0000000084300000, 0x0000000084400000|  0%| F|  |TAMS 0x0000000084300000| PB 0x0000000084300000| Untracked 
|  18|0x0000000084400000, 0x0000000084400000, 0x0000000084500000|  0%| F|  |TAMS 0x0000000084400000| PB 0x0000000084400000| Untracked 
|  19|0x0000000084500000, 0x0000000084500000, 0x0000000084600000|  0%| F|  |TAMS 0x0000000084500000| PB 0x0000000084500000| Untracked 
|  20|0x0000000084600000, 0x0000000084600000, 0x0000000084700000|  0%| F|  |TAMS 0x0000000084600000| PB 0x0000000084600000| Untracked 
|  21|0x0000000084700000, 0x0000000084700000, 0x0000000084800000|  0%| F|  |TAMS 0x0000000084700000| PB 0x0000000084700000| Untracked 
|  22|0x0000000084800000, 0x0000000084800000, 0x0000000084900000|  0%| F|  |TAMS 0x0000000084800000| PB 0x0000000084800000| Untracked 
|  23|0x0000000084900000, 0x0000000084900000, 0x0000000084a00000|  0%| F|  |TAMS 0x0000000084900000| PB 0x0000000084900000| Untracked 
|  24|0x0000000084a00000, 0x0000000084a00000, 0x0000000084b00000|  0%| F|  |TAMS 0x0000000084a00000| PB 0x0000000084a00000| Untracked 
|  25|0x0000000084b00000, 0x0000000084b00000, 0x0000000084c00000|  0%| F|  |TAMS 0x0000000084b00000| PB 0x0000000084b00000| Untracked 
|  26|0x0000000084c00000, 0x0000000084c00000, 0x0000000084d00000|  0%| F|  |TAMS 0x0000000084c00000| PB 0x0000000084c00000| Untracked 
|  27|0x0000000084d00000, 0x0000000084d00000, 0x0000000084e00000|  0%| F|  |TAMS 0x0000000084d00000| PB 0x0000000084d00000| Untracked 
|  28|0x0000000084e00000, 0x0000000084e00000, 0x0000000084f00000|  0%| F|  |TAMS 0x0000000084e00000| PB 0x0000000084e00000| Untracked 
|  29|0x0000000084f00000, 0x0000000084f00000, 0x0000000085000000|  0%| F|  |TAMS 0x0000000084f00000| PB 0x0000000084f00000| Untracked 
|  30|0x0000000085000000, 0x0000000085000000, 0x0000000085100000|  0%| F|  |TAMS 0x0000000085000000| PB 0x0000000085000000| Untracked 
|  31|0x0000000085100000, 0x0000000085100000, 0x0000000085200000|  0%| F|  |TAMS 0x0000000085100000| PB 0x0000000085100000| Untracked 
|  32|0x0000000085200000, 0x0000000085200000, 0x0000000085300000|  0%| F|  |TAMS 0x0000000085200000| PB 0x0000000085200000| Untracked 
|  33|0x0000000085300000, 0x0000000085300000, 0x0000000085400000|  0%| F|  |TAMS 0x0000000085300000| PB 0x0000000085300000| Untracked 
|  34|0x0000000085400000, 0x0000000085400000, 0x0000000085500000|  0%| F|  |TAMS 0x0000000085400000| PB 0x0000000085400000| Untracked 
|  35|0x0000000085500000, 0x0000000085500000, 0x0000000085600000|  0%| F|  |TAMS 0x0000000085500000| PB 0x0000000085500000| Untracked 
|  36|0x0000000085600000, 0x0000000085600000, 0x0000000085700000|  0%| F|  |TAMS 0x0000000085600000| PB 0x0000000085600000| Untracked 
|  37|0x0000000085700000, 0x0000000085700000, 0x0000000085800000|  0%| F|  |TAMS 0x0000000085700000| PB 0x0000000085700000| Untracked 
|  38|0x0000000085800000, 0x0000000085800000, 0x0000000085900000|  0%| F|  |TAMS 0x0000000085800000| PB 0x0000000085800000| Untracked 
|  39|0x0000000085900000, 0x0000000085900000, 0x0000000085a00000|  0%| F|  |TAMS 0x0000000085900000| PB 0x0000000085900000| Untracked 
|  40|0x0000000085a00000, 0x0000000085a00000, 0x0000000085b00000|  0%| F|  |TAMS 0x0000000085a00000| PB 0x0000000085a00000| Untracked 
|  41|0x0000000085b00000, 0x0000000085b00000, 0x0000000085c00000|  0%| F|  |TAMS 0x0000000085b00000| PB 0x0000000085b00000| Untracked 
|  42|0x0000000085c00000, 0x0000000085c00000, 0x0000000085d00000|  0%| F|  |TAMS 0x0000000085c00000| PB 0x0000000085c00000| Untracked 
|  43|0x0000000085d00000, 0x0000000085d00000, 0x0000000085e00000|  0%| F|  |TAMS 0x0000000085d00000| PB 0x0000000085d00000| Untracked 
|  44|0x0000000085e00000, 0x0000000085e00000, 0x0000000085f00000|  0%| F|  |TAMS 0x0000000085e00000| PB 0x0000000085e00000| Untracked 
|  45|0x0000000085f00000, 0x0000000085f00000, 0x0000000086000000|  0%| F|  |TAMS 0x0000000085f00000| PB 0x0000000085f00000| Untracked 
|  46|0x0000000086000000, 0x0000000086000000, 0x0000000086100000|  0%| F|  |TAMS 0x0000000086000000| PB 0x0000000086000000| Untracked 
|  47|0x0000000086100000, 0x0000000086100000, 0x0000000086200000|  0%| F|  |TAMS 0x0000000086100000| PB 0x0000000086100000| Untracked 
|  48|0x0000000086200000, 0x0000000086200000, 0x0000000086300000|  0%| F|  |TAMS 0x0000000086200000| PB 0x0000000086200000| Untracked 
|  49|0x0000000086300000, 0x0000000086300000, 0x0000000086400000|  0%| F|  |TAMS 0x0000000086300000| PB 0x0000000086300000| Untracked 
|  50|0x0000000086400000, 0x0000000086400000, 0x0000000086500000|  0%| F|  |TAMS 0x0000000086400000| PB 0x0000000086400000| Untracked 
|  51|0x0000000086500000, 0x0000000086500000, 0x0000000086600000|  0%| F|  |TAMS 0x0000000086500000| PB 0x0000000086500000| Untracked 
|  52|0x0000000086600000, 0x0000000086600000, 0x0000000086700000|  0%| F|  |TAMS 0x0000000086600000| PB 0x0000000086600000| Untracked 
|  53|0x0000000086700000, 0x0000000086700000, 0x0000000086800000|  0%| F|  |TAMS 0x0000000086700000| PB 0x0000000086700000| Untracked 
|  54|0x0000000086800000, 0x0000000086800000, 0x0000000086900000|  0%| F|  |TAMS 0x0000000086800000| PB 0x0000000086800000| Untracked 
|  55|0x0000000086900000, 0x0000000086900000, 0x0000000086a00000|  0%| F|  |TAMS 0x0000000086900000| PB 0x0000000086900000| Untracked 
|  56|0x0000000086a00000, 0x0000000086a00000, 0x0000000086b00000|  0%| F|  |TAMS 0x0000000086a00000| PB 0x0000000086a00000| Untracked 
|  57|0x0000000086b00000, 0x0000000086b00000, 0x0000000086c00000|  0%| F|  |TAMS 0x0000000086b00000| PB 0x0000000086b00000| Untracked 
|  58|0x0000000086c00000, 0x0000000086c00000, 0x0000000086d00000|  0%| F|  |TAMS 0x0000000086c00000| PB 0x0000000086c00000| Untracked 
|  59|0x0000000086d00000, 0x0000000086d00000, 0x0000000086e00000|  0%| F|  |TAMS 0x0000000086d00000| PB 0x0000000086d00000| Untracked 
|  60|0x0000000086e00000, 0x0000000086e00000, 0x0000000086f00000|  0%| F|  |TAMS 0x0000000086e00000| PB 0x0000000086e00000| Untracked 
|  61|0x0000000086f00000, 0x0000000086f00000, 0x0000000087000000|  0%| F|  |TAMS 0x0000000086f00000| PB 0x0000000086f00000| Untracked 
|  62|0x0000000087000000, 0x0000000087000000, 0x0000000087100000|  0%| F|  |TAMS 0x0000000087000000| PB 0x0000000087000000| Untracked 
|  63|0x0000000087100000, 0x0000000087100000, 0x0000000087200000|  0%| F|  |TAMS 0x0000000087100000| PB 0x0000000087100000| Untracked 
|  64|0x0000000087200000, 0x0000000087200000, 0x0000000087300000|  0%| F|  |TAMS 0x0000000087200000| PB 0x0000000087200000| Untracked 
|  65|0x0000000087300000, 0x0000000087300000, 0x0000000087400000|  0%| F|  |TAMS 0x0000000087300000| PB 0x0000000087300000| Untracked 
|  66|0x0000000087400000, 0x0000000087400000, 0x0000000087500000|  0%| F|  |TAMS 0x0000000087400000| PB 0x0000000087400000| Untracked 
|  67|0x0000000087500000, 0x0000000087500000, 0x0000000087600000|  0%| F|  |TAMS 0x0000000087500000| PB 0x0000000087500000| Untracked 
|  68|0x0000000087600000, 0x0000000087600000, 0x0000000087700000|  0%| F|  |TAMS 0x0000000087600000| PB 0x0000000087600000| Untracked 
|  69|0x0000000087700000, 0x0000000087700000, 0x0000000087800000|  0%| F|  |TAMS 0x0000000087700000| PB 0x0000000087700000| Untracked 
|  70|0x0000000087800000, 0x0000000087800000, 0x0000000087900000|  0%| F|  |TAMS 0x0000000087800000| PB 0x0000000087800000| Untracked 
|  71|0x0000000087900000, 0x0000000087900000, 0x0000000087a00000|  0%| F|  |TAMS 0x0000000087900000| PB 0x0000000087900000| Untracked 
|  72|0x0000000087a00000, 0x0000000087a00000, 0x0000000087b00000|  0%| F|  |TAMS 0x0000000087a00000| PB 0x0000000087a00000| Untracked 
|  73|0x0000000087b00000, 0x0000000087b00000, 0x0000000087c00000|  0%| F|  |TAMS 0x0000000087b00000| PB 0x0000000087b00000| Untracked 
|  74|0x0000000087c00000, 0x0000000087c00000, 0x0000000087d00000|  0%| F|  |TAMS 0x0000000087c00000| PB 0x0000000087c00000| Untracked 
|  75|0x0000000087d00000, 0x0000000087d00000, 0x0000000087e00000|  0%| F|  |TAMS 0x0000000087d00000| PB 0x0000000087d00000| Untracked 
|  76|0x0000000087e00000, 0x0000000087e00000, 0x0000000087f00000|  0%| F|  |TAMS 0x0000000087e00000| PB 0x0000000087e00000| Untracked 
|  77|0x0000000087f00000, 0x0000000087f00000, 0x0000000088000000|  0%| F|  |TAMS 0x0000000087f00000| PB 0x0000000087f00000| Untracked 
|  78|0x0000000088000000, 0x0000000088000000, 0x0000000088100000|  0%| F|  |TAMS 0x0000000088000000| PB 0x0000000088000000| Untracked 
|  79|0x0000000088100000, 0x0000000088100000, 0x0000000088200000|  0%| F|  |TAMS 0x0000000088100000| PB 0x0000000088100000| Untracked 
|  80|0x0000000088200000, 0x0000000088200000, 0x0000000088300000|  0%| F|  |TAMS 0x0000000088200000| PB 0x0000000088200000| Untracked 
|  81|0x0000000088300000, 0x0000000088300000, 0x0000000088400000|  0%| F|  |TAMS 0x0000000088300000| PB 0x0000000088300000| Untracked 
|  82|0x0000000088400000, 0x0000000088400000, 0x0000000088500000|  0%| F|  |TAMS 0x0000000088400000| PB 0x0000000088400000| Untracked 
|  83|0x0000000088500000, 0x0000000088500000, 0x0000000088600000|  0%| F|  |TAMS 0x0000000088500000| PB 0x0000000088500000| Untracked 
|  84|0x0000000088600000, 0x0000000088600000, 0x0000000088700000|  0%| F|  |TAMS 0x0000000088600000| PB 0x0000000088600000| Untracked 
|  85|0x0000000088700000, 0x0000000088700000, 0x0000000088800000|  0%| F|  |TAMS 0x0000000088700000| PB 0x0000000088700000| Untracked 
|  86|0x0000000088800000, 0x0000000088800000, 0x0000000088900000|  0%| F|  |TAMS 0x0000000088800000| PB 0x0000000088800000| Untracked 
|  87|0x0000000088900000, 0x0000000088900000, 0x0000000088a00000|  0%| F|  |TAMS 0x0000000088900000| PB 0x0000000088900000| Untracked 
|  88|0x0000000088a00000, 0x0000000088a00000, 0x0000000088b00000|  0%| F|  |TAMS 0x0000000088a00000| PB 0x0000000088a00000| Untracked 
|  89|0x0000000088b00000, 0x0000000088b00000, 0x0000000088c00000|  0%| F|  |TAMS 0x0000000088b00000| PB 0x0000000088b00000| Untracked 
|  90|0x0000000088c00000, 0x0000000088c00000, 0x0000000088d00000|  0%| F|  |TAMS 0x0000000088c00000| PB 0x0000000088c00000| Untracked 
|  91|0x0000000088d00000, 0x0000000088d00000, 0x0000000088e00000|  0%| F|  |TAMS 0x0000000088d00000| PB 0x0000000088d00000| Untracked 
|  92|0x0000000088e00000, 0x0000000088e00000, 0x0000000088f00000|  0%| F|  |TAMS 0x0000000088e00000| PB 0x0000000088e00000| Untracked 
|  93|0x0000000088f00000, 0x0000000088f00000, 0x0000000089000000|  0%| F|  |TAMS 0x0000000088f00000| PB 0x0000000088f00000| Untracked 
|  94|0x0000000089000000, 0x0000000089000000, 0x0000000089100000|  0%| F|  |TAMS 0x0000000089000000| PB 0x0000000089000000| Untracked 
|  95|0x0000000089100000, 0x0000000089100000, 0x0000000089200000|  0%| F|  |TAMS 0x0000000089100000| PB 0x0000000089100000| Untracked 
|  96|0x0000000089200000, 0x0000000089200000, 0x0000000089300000|  0%| F|  |TAMS 0x0000000089200000| PB 0x0000000089200000| Untracked 
|  97|0x0000000089300000, 0x0000000089300000, 0x0000000089400000|  0%| F|  |TAMS 0x0000000089300000| PB 0x0000000089300000| Untracked 
|  98|0x0000000089400000, 0x0000000089400000, 0x0000000089500000|  0%| F|  |TAMS 0x0000000089400000| PB 0x0000000089400000| Untracked 
|  99|0x0000000089500000, 0x0000000089500000, 0x0000000089600000|  0%| F|  |TAMS 0x0000000089500000| PB 0x0000000089500000| Untracked 
| 100|0x0000000089600000, 0x0000000089700000, 0x0000000089700000|100%| S|CS|TAMS 0x0000000089600000| PB 0x0000000089600000| Complete 
| 101|0x0000000089700000, 0x0000000089800000, 0x0000000089800000|100%| S|CS|TAMS 0x0000000089700000| PB 0x0000000089700000| Complete 
| 102|0x0000000089800000, 0x0000000089900000, 0x0000000089900000|100%| S|CS|TAMS 0x0000000089800000| PB 0x0000000089800000| Complete 
| 103|0x0000000089900000, 0x0000000089900000, 0x0000000089a00000|  0%| F|  |TAMS 0x0000000089900000| PB 0x0000000089900000| Untracked 
| 104|0x0000000089a00000, 0x0000000089a00000, 0x0000000089b00000|  0%| F|  |TAMS 0x0000000089a00000| PB 0x0000000089a00000| Untracked 
| 105|0x0000000089b00000, 0x0000000089b00000, 0x0000000089c00000|  0%| F|  |TAMS 0x0000000089b00000| PB 0x0000000089b00000| Untracked 
| 106|0x0000000089c00000, 0x0000000089c00000, 0x0000000089d00000|  0%| F|  |TAMS 0x0000000089c00000| PB 0x0000000089c00000| Untracked 
| 107|0x0000000089d00000, 0x0000000089d00000, 0x0000000089e00000|  0%| F|  |TAMS 0x0000000089d00000| PB 0x0000000089d00000| Untracked 
| 108|0x0000000089e00000, 0x0000000089e00000, 0x0000000089f00000|  0%| F|  |TAMS 0x0000000089e00000| PB 0x0000000089e00000| Untracked 
| 109|0x0000000089f00000, 0x0000000089fcd508, 0x000000008a000000| 80%| E|  |TAMS 0x0000000089f00000| PB 0x0000000089f00000| Complete 
| 110|0x000000008a000000, 0x000000008a100000, 0x000000008a100000|100%| E|CS|TAMS 0x000000008a000000| PB 0x000000008a000000| Complete 
| 111|0x000000008a100000, 0x000000008a200000, 0x000000008a200000|100%| E|CS|TAMS 0x000000008a100000| PB 0x000000008a100000| Complete 
| 112|0x000000008a200000, 0x000000008a300000, 0x000000008a300000|100%| E|CS|TAMS 0x000000008a200000| PB 0x000000008a200000| Complete 
| 113|0x000000008a300000, 0x000000008a400000, 0x000000008a400000|100%| E|CS|TAMS 0x000000008a300000| PB 0x000000008a300000| Complete 
| 114|0x000000008a400000, 0x000000008a500000, 0x000000008a500000|100%| E|CS|TAMS 0x000000008a400000| PB 0x000000008a400000| Complete 
| 115|0x000000008a500000, 0x000000008a600000, 0x000000008a600000|100%| E|CS|TAMS 0x000000008a500000| PB 0x000000008a500000| Complete 
| 116|0x000000008a600000, 0x000000008a700000, 0x000000008a700000|100%| E|CS|TAMS 0x000000008a600000| PB 0x000000008a600000| Complete 
| 117|0x000000008a700000, 0x000000008a800000, 0x000000008a800000|100%| E|CS|TAMS 0x000000008a700000| PB 0x000000008a700000| Complete 
| 118|0x000000008a800000, 0x000000008a900000, 0x000000008a900000|100%| E|CS|TAMS 0x000000008a800000| PB 0x000000008a800000| Complete 
| 119|0x000000008a900000, 0x000000008aa00000, 0x000000008aa00000|100%| E|CS|TAMS 0x000000008a900000| PB 0x000000008a900000| Complete 
| 120|0x000000008aa00000, 0x000000008ab00000, 0x000000008ab00000|100%| E|CS|TAMS 0x000000008aa00000| PB 0x000000008aa00000| Complete 
| 121|0x000000008ab00000, 0x000000008ac00000, 0x000000008ac00000|100%| E|CS|TAMS 0x000000008ab00000| PB 0x000000008ab00000| Complete 
| 122|0x000000008ac00000, 0x000000008ad00000, 0x000000008ad00000|100%| E|CS|TAMS 0x000000008ac00000| PB 0x000000008ac00000| Complete 
| 123|0x000000008ad00000, 0x000000008ae00000, 0x000000008ae00000|100%| E|CS|TAMS 0x000000008ad00000| PB 0x000000008ad00000| Complete 
| 124|0x000000008ae00000, 0x000000008af00000, 0x000000008af00000|100%| E|CS|TAMS 0x000000008ae00000| PB 0x000000008ae00000| Complete 
| 125|0x000000008af00000, 0x000000008b000000, 0x000000008b000000|100%| E|CS|TAMS 0x000000008af00000| PB 0x000000008af00000| Complete 

Card table byte_map: [0x000001cdf01d0000,0x000001cdf05c0000] _byte_map_base: 0x000001cdefdb7000

Marking Bits: (CMBitMap*) 0x000001cdd86aa280
 Bits: [0x000001cdf05c0000, 0x000001cdf24f8000)

Polling page: 0x000001cdd65c0000

Metaspace:

Usage:
  Non-class:     10.79 MB used.
      Class:      1.32 MB used.
       Both:     12.10 MB used.

Virtual space:
  Non-class space:       64.00 MB reserved,      10.94 MB ( 17%) committed,  1 nodes.
      Class space:        1.00 GB reserved,       1.44 MB ( <1%) committed,  1 nodes.
             Both:        1.06 GB reserved,      12.38 MB (  1%) committed. 

Chunk freelists:
   Non-Class:  4.86 MB
       Class:  14.61 MB
        Both:  19.47 MB

MaxMetaspaceSize: unlimited
CompressedClassSpaceSize: 1.00 GB
Initial GC threshold: 21.00 MB
Current GC threshold: 21.00 MB
CDS: on
 - commit_granule_bytes: 65536.
 - commit_granule_words: 8192.
 - virtual_space_node_default_size: 8388608.
 - enlarge_chunks_in_place: 1.
 - use_allocation_guard: 0.


Internal statistics:

num_allocs_failed_limit: 0.
num_arena_births: 230.
num_arena_deaths: 0.
num_vsnodes_births: 2.
num_vsnodes_deaths: 0.
num_space_committed: 198.
num_space_uncommitted: 0.
num_chunks_returned_to_freelist: 0.
num_chunks_taken_from_freelist: 361.
num_chunk_merges: 0.
num_chunk_splits: 223.
num_chunks_enlarged: 121.
num_inconsistent_stats: 0.

CodeHeap 'non-profiled nmethods': size=120000Kb used=661Kb max_used=661Kb free=119338Kb
 bounds [0x000001cde8580000, 0x000001cde87f0000, 0x000001cdefab0000]
CodeHeap 'profiled nmethods': size=120000Kb used=3507Kb max_used=3507Kb free=116492Kb
 bounds [0x000001cde0ab0000, 0x000001cde0e20000, 0x000001cde7fe0000]
CodeHeap 'non-nmethods': size=5760Kb used=1796Kb max_used=1810Kb free=3963Kb
 bounds [0x000001cde7fe0000, 0x000001cde8250000, 0x000001cde8580000]
 total_blobs=2480 nmethods=1817 adapters=568
 compilation: enabled
              stopped_count=0, restarted_count=0
 full_count=0

Compilation events (20 events):
Event: 1.389 Thread 0x000001cdf4b382c0 nmethod 1786 0x000001cde0e05a90 code [0x000001cde0e05c20, 0x000001cde0e05d30]
Event: 1.389 Thread 0x000001cdf4b382c0 1787       3       com.kitfox.svg.SVGRoot::getStyleSheet (64 bytes)
Event: 1.390 Thread 0x000001cdf4b382c0 nmethod 1787 0x000001cde0e05e10 code [0x000001cde0e06060, 0x000001cde0e06c48]
Event: 1.390 Thread 0x000001cdf4b382c0 1780       1       com.kitfox.svg.pathcmd.Terminal::getNumKnotsAdded (2 bytes)
Event: 1.390 Thread 0x000001cdf4b382c0 nmethod 1780 0x000001cde8620d90 code [0x000001cde8620f20, 0x000001cde8620fe8]
Event: 1.390 Thread 0x000001cdf4b382c0 1789       1       com.kitfox.svg.RenderableElement::setBufferImage (6 bytes)
Event: 1.390 Thread 0x000001cdf4b382c0 nmethod 1789 0x000001cde8621090 code [0x000001cde8621220, 0x000001cde8621330]
Event: 1.390 Thread 0x000001cdf4b382c0 1790       3       com.kitfox.svg.SVGElement::buildPath (87 bytes)
Event: 1.391 Thread 0x000001cdf4b382c0 nmethod 1790 0x000001cde0e06f90 code [0x000001cde0e07220, 0x000001cde0e07eb0]
Event: 1.394 Thread 0x000001cdf4b382c0 1792       3       java.awt.geom.Point2D$Float::<init> (5 bytes)
Event: 1.394 Thread 0x000001cdf4b382c0 nmethod 1792 0x000001cde0e08410 code [0x000001cde0e085c0, 0x000001cde0e08788]
Event: 1.396 Thread 0x000001cdf4b382c0 1794       3       com.kitfox.svg.pathcmd.MoveTo::<init> (26 bytes)
Event: 1.396 Thread 0x000001cdf4b382c0 nmethod 1794 0x000001cde0e08890 code [0x000001cde0e08a40, 0x000001cde0e08c30]
Event: 1.396 Thread 0x000001cdf4b382c0 1795       3       com.kitfox.svg.pathcmd.MoveTo::appendPath (108 bytes)
Event: 1.396 Thread 0x000001cdfa9a8ac0 1773       4       jdk.internal.math.FloatingDecimal$ASCIIToBinaryBuffer::floatValue (1084 bytes)
Event: 1.397 Thread 0x000001cdf4b382c0 nmethod 1795 0x000001cde0e08d10 code [0x000001cde0e08f40, 0x000001cde0e09468]
Event: 1.397 Thread 0x000001cdf4b382c0 1796  s    3       java.awt.geom.Path2D$Float::moveTo (106 bytes)
Event: 1.397 Thread 0x000001cdf4b382c0 nmethod 1796 0x000001cde0e09710 code [0x000001cde0e098e0, 0x000001cde0e09d40]
Event: 1.397 Thread 0x000001cdf4b382c0 1797       3       com.kitfox.svg.pathcmd.BuildHistory::setStartPoint (10 bytes)
Event: 1.397 Thread 0x000001cdf4b382c0 nmethod 1797 0x000001cde0e09f90 code [0x000001cde0e0a140, 0x000001cde0e0a2b8]

GC Heap History (2 events):
Event: 0.820 GC heap before
{Heap before GC invocations=0 (full 0):
 garbage-first heap   total 129024K, used 25600K [0x0000000083200000, 0x0000000100000000)
  region size 1024K, 23 young (23552K), 0 survivors (0K)
 Metaspace       used 5996K, committed 6272K, reserved 1114112K
  class space    used 584K, committed 704K, reserved 1048576K
}
Event: 0.825 GC heap after
{Heap after GC invocations=1 (full 0):
 garbage-first heap   total 129024K, used 11008K [0x0000000083200000, 0x0000000100000000)
  region size 1024K, 3 young (3072K), 3 survivors (3072K)
 Metaspace       used 5996K, committed 6272K, reserved 1114112K
  class space    used 584K, committed 704K, reserved 1048576K
}

Dll operation events (11 events):
Event: 0.008 Loaded shared library C:\Program Files\Java\jdk-21\bin\java.dll
Event: 0.048 Loaded shared library C:\Program Files\Java\jdk-21\bin\jsvml.dll
Event: 0.110 Loaded shared library C:\Program Files\Java\jdk-21\bin\jimage.dll
Event: 0.115 Loaded shared library C:\Program Files\Java\jdk-21\bin\net.dll
Event: 0.117 Loaded shared library C:\Program Files\Java\jdk-21\bin\nio.dll
Event: 0.126 Loaded shared library C:\Program Files\Java\jdk-21\bin\zip.dll
Event: 0.208 Loaded shared library C:\Program Files\Java\jdk-21\bin\awt.dll
Event: 0.319 Loaded shared library C:\Program Files\Java\jdk-21\bin\freetype.dll
Event: 0.320 Loaded shared library C:\Program Files\Java\jdk-21\bin\fontmanager.dll
Event: 0.922 Loaded shared library C:\Users\Kiet\AppData\Local\Temp\flatlaf.temp\flatlaf-windows-x86_64-855465633735000.dll
Event: 0.959 Loaded shared library C:\Program Files\Java\jdk-21\bin\verify.dll

Deoptimization events (20 events):
Event: 1.059 Thread 0x000001cdd864f960 Uncommon trap: trap_request=0xffffffde fr.pc=0x000001cde85e2998 relative=0x00000000000009d8
Event: 1.059 Thread 0x000001cdd864f960 Uncommon trap: reason=class_check action=maybe_recompile pc=0x000001cde85e2998 method=java.util.HashMap.putVal(ILjava/lang/Object;Ljava/lang/Object;ZZ)Ljava/lang/Object; @ 253 c2
Event: 1.059 Thread 0x000001cdd864f960 DEOPT PACKING pc=0x000001cde85e2998 sp=0x0000001e420fd8d0
Event: 1.059 Thread 0x000001cdd864f960 DEOPT UNPACKING pc=0x000001cde8037da2 sp=0x0000001e420fd870 mode 2
Event: 1.237 Thread 0x000001cdd864f960 Uncommon trap: trap_request=0xffffffde fr.pc=0x000001cde85e907c relative=0x0000000000000c7c
Event: 1.237 Thread 0x000001cdd864f960 Uncommon trap: reason=class_check action=maybe_recompile pc=0x000001cde85e907c method=java.util.Properties$LineReader.readLine()I @ 70 c2
Event: 1.237 Thread 0x000001cdd864f960 DEOPT PACKING pc=0x000001cde85e907c sp=0x0000001e420fdf20
Event: 1.237 Thread 0x000001cdd864f960 DEOPT UNPACKING pc=0x000001cde8037da2 sp=0x0000001e420fdea0 mode 2
Event: 1.237 Thread 0x000001cdd864f960 Uncommon trap: trap_request=0xffffffde fr.pc=0x000001cde85e907c relative=0x0000000000000c7c
Event: 1.237 Thread 0x000001cdd864f960 Uncommon trap: reason=class_check action=maybe_recompile pc=0x000001cde85e907c method=java.util.Properties$LineReader.readLine()I @ 70 c2
Event: 1.237 Thread 0x000001cdd864f960 DEOPT PACKING pc=0x000001cde85e907c sp=0x0000001e420fdf20
Event: 1.237 Thread 0x000001cdd864f960 DEOPT UNPACKING pc=0x000001cde8037da2 sp=0x0000001e420fdea0 mode 2
Event: 1.327 Thread 0x000001cdd864f960 DEOPT PACKING pc=0x000001cde0d9bec1 sp=0x0000001e420fdc80
Event: 1.327 Thread 0x000001cdd864f960 DEOPT UNPACKING pc=0x000001cde80388e2 sp=0x0000001e420fd168 mode 0
Event: 1.329 Thread 0x000001cdd864f960 DEOPT PACKING pc=0x000001cde0d9bec1 sp=0x0000001e420fdc80
Event: 1.329 Thread 0x000001cdd864f960 DEOPT UNPACKING pc=0x000001cde80388e2 sp=0x0000001e420fd168 mode 0
Event: 1.331 Thread 0x000001cdd864f960 DEOPT PACKING pc=0x000001cde0d9bec1 sp=0x0000001e420fdc80
Event: 1.331 Thread 0x000001cdd864f960 DEOPT UNPACKING pc=0x000001cde80388e2 sp=0x0000001e420fd168 mode 0
Event: 1.332 Thread 0x000001cdd864f960 DEOPT PACKING pc=0x000001cde0d9bec1 sp=0x0000001e420fdc80
Event: 1.332 Thread 0x000001cdd864f960 DEOPT UNPACKING pc=0x000001cde80388e2 sp=0x0000001e420fd168 mode 0

Classes loaded (20 events):
Event: 1.272 Loading class com/sun/org/apache/xerces/internal/impl/XMLScanner$NameType
Event: 1.273 Loading class com/sun/org/apache/xerces/internal/impl/XMLScanner$NameType done
Event: 1.273 Loading class com/sun/org/apache/xerces/internal/impl/Constants
Event: 1.274 Loading class com/sun/org/apache/xerces/internal/impl/Constants done
Event: 1.274 Loading class com/sun/org/apache/xerces/internal/impl/Constants$ArrayEnumeration
Event: 1.275 Loading class com/sun/org/apache/xerces/internal/impl/Constants$ArrayEnumeration done
Event: 1.277 Loading class java/awt/geom/NoninvertibleTransformException
Event: 1.277 Loading class java/awt/geom/NoninvertibleTransformException done
Event: 1.277 Loading class java/awt/geom/Point2D$Double
Event: 1.277 Loading class java/awt/geom/Point2D$Double done
Event: 1.293 Loading class java/lang/StringIndexOutOfBoundsException
Event: 1.293 Loading class java/lang/IndexOutOfBoundsException
Event: 1.293 Loading class java/lang/IndexOutOfBoundsException done
Event: 1.293 Loading class java/lang/StringIndexOutOfBoundsException done
Event: 1.334 Loading class com/sun/org/apache/xerces/internal/impl/io/MalformedByteSequenceException
Event: 1.334 Loading class java/io/CharConversionException
Event: 1.334 Loading class java/io/CharConversionException done
Event: 1.334 Loading class com/sun/org/apache/xerces/internal/impl/io/MalformedByteSequenceException done
Event: 1.346 Loading class jdk/internal/math/FDBigInteger
Event: 1.346 Loading class jdk/internal/math/FDBigInteger done

Classes unloaded (0 events):
No events

Classes redefined (0 events):
No events

Internal exceptions (20 events):
Event: 0.791 Thread 0x000001cdd864f960 Exception <a 'java/lang/ClassNotFoundException'{0x0000000089912b50}: com/sun/swing/internal/plaf/basic/resources/spi/basicProvider> (0x0000000089912b50) 
thrown [s\open\src\hotspot\share\classfile\systemDictionary.cpp, line 312]
Event: 0.797 Thread 0x000001cdd864f960 Exception <a 'java/lang/NoSuchMethodError'{0x0000000089935610}: 'int java.lang.invoke.DirectMethodHandle$Holder.invokeStatic(java.lang.Object)'> (0x0000000089935610) 
thrown [s\open\src\hotspot\share\interpreter\linkResolver.cpp, line 773]
Event: 0.885 Thread 0x000001cdd864f960 Exception <a 'java/lang/NoSuchMethodError'{0x000000008aea2e98}: 'java.lang.Object java.lang.invoke.Invokers$Holder.invokeExact_MT(java.lang.Object, java.lang.Object, java.lang.Object, java.lang.Object, java.lang.Object, java.lang.Object)'> (0x000000008aea2e98) 
thrown [s\open\src\hotspot\share\interpreter\linkResolver.cpp, line 773]
Event: 0.895 Thread 0x000001cdd864f960 Implicit null exception at 0x000001cde85c26e6 to 0x000001cde85c278a
Event: 0.896 Thread 0x000001cdd864f960 Implicit null exception at 0x000001cde85e9eba to 0x000001cde85ea124
Event: 0.896 Thread 0x000001cdd864f960 Implicit null exception at 0x000001cde85ae6bd to 0x000001cde85ae741
Event: 0.908 Thread 0x000001cdd864f960 Exception <a 'java/lang/NoSuchMethodError'{0x000000008ad35cf0}: 'int java.lang.invoke.Invokers$Holder.invokeExact_MT(java.lang.Object, java.lang.Object)'> (0x000000008ad35cf0) 
thrown [s\open\src\hotspot\share\interpreter\linkResolver.cpp, line 773]
Event: 0.914 Thread 0x000001cdd864f960 Exception <a 'sun/nio/fs/WindowsException'{0x000000008ad5b400}> (0x000000008ad5b400) 
thrown [s\open\src\hotspot\share\prims\jni.cpp, line 520]
Event: 0.986 Thread 0x000001cdd864f960 Exception <a 'java/lang/NoSuchMethodError'{0x000000008ac51e10}: 'java.lang.Object java.lang.invoke.DirectMethodHandle$Holder.invokeVirtual(java.lang.Object, java.lang.Object, java.lang.Object, java.lang.Object)'> (0x000000008ac51e10) 
thrown [s\open\src\hotspot\share\interpreter\linkResolver.cpp, line 773]
Event: 1.041 Thread 0x000001cdd864f960 Exception <a 'java/lang/NoSuchMethodError'{0x000000008ab1ccd0}: 'int java.lang.invoke.DirectMethodHandle$Holder.invokeVirtual(java.lang.Object, java.lang.Object)'> (0x000000008ab1ccd0) 
thrown [s\open\src\hotspot\share\interpreter\linkResolver.cpp, line 773]
Event: 1.042 Thread 0x000001cdd864f960 Exception <a 'java/lang/NoSuchMethodError'{0x000000008ab20e50}: 'int java.lang.invoke.DirectMethodHandle$Holder.invokeSpecial(java.lang.Object, java.lang.Object, java.lang.Object)'> (0x000000008ab20e50) 
thrown [s\open\src\hotspot\share\interpreter\linkResolver.cpp, line 773]
Event: 1.043 Thread 0x000001cdd864f960 Exception <a 'java/lang/NoSuchMethodError'{0x000000008ab2b768}: 'void java.lang.invoke.DirectMethodHandle$Holder.invokeVirtual(java.lang.Object, java.lang.Object, int)'> (0x000000008ab2b768) 
thrown [s\open\src\hotspot\share\interpreter\linkResolver.cpp, line 773]
Event: 1.044 Thread 0x000001cdd864f960 Exception <a 'java/lang/NoSuchMethodError'{0x000000008ab2fa30}: 'int java.lang.invoke.DirectMethodHandle$Holder.invokeSpecial(java.lang.Object, java.lang.Object, java.lang.Object, int)'> (0x000000008ab2fa30) 
thrown [s\open\src\hotspot\share\interpreter\linkResolver.cpp, line 773]
Event: 1.047 Thread 0x000001cdd864f960 Exception <a 'java/lang/NoSuchMethodError'{0x000000008ab42020}: 'java.lang.Object java.lang.invoke.DirectMethodHandle$Holder.invokeStatic(java.lang.Object, java.lang.Object, java.lang.Object, java.lang.Object, int)'> (0x000000008ab42020) 
thrown [s\open\src\hotspot\share\interpreter\linkResolver.cpp, line 773]
Event: 1.050 Thread 0x000001cdd864f960 Exception <a 'java/lang/NoSuchMethodError'{0x000000008ab4cbe8}: 'void java.lang.invoke.DelegatingMethodHandle$Holder.reinvoke_L(java.lang.Object, java.lang.Object, int)'> (0x000000008ab4cbe8) 
thrown [s\open\src\hotspot\share\interpreter\linkResolver.cpp, line 773]
Event: 1.058 Thread 0x000001cdd864f960 Exception <a 'java/lang/NoSuchMethodError'{0x000000008ab7af48}: 'void java.lang.invoke.Invokers$Holder.invokeExact_MT(java.lang.Object, java.lang.Object, java.lang.Object, java.lang.Object)'> (0x000000008ab7af48) 
thrown [s\open\src\hotspot\share\interpreter\linkResolver.cpp, line 773]
Event: 1.063 Thread 0x000001cdd864f960 Exception <a 'java/lang/NoSuchMethodError'{0x000000008ab934b8}: 'void java.lang.invoke.DirectMethodHandle$Holder.invokeSpecial(java.lang.Object, java.lang.Object, java.lang.Object, java.lang.Object, java.lang.Object)'> (0x000000008ab934b8) 
thrown [s\open\src\hotspot\share\interpreter\linkResolver.cpp, line 773]
Event: 1.069 Thread 0x000001cdd864f960 Exception <a 'java/lang/NoSuchMethodError'{0x000000008aba1490}: 'int java.lang.invoke.Invokers$Holder.invokeExact_MT(java.lang.Object, java.lang.Object, java.lang.Object)'> (0x000000008aba1490) 
thrown [s\open\src\hotspot\share\interpreter\linkResolver.cpp, line 773]
Event: 1.094 Thread 0x000001cdfa7135f0 Exception <a 'java/lang/NoSuchMethodError'{0x000000008abf80d8}: 'void java.lang.invoke.DirectMethodHandle$Holder.invokeVirtual(java.lang.Object, java.lang.Object)'> (0x000000008abf80d8) 
thrown [s\open\src\hotspot\share\interpreter\linkResolver.cpp, line 773]
Event: 1.110 Thread 0x000001cdd864f960 Exception <a 'java/lang/NoSuchMethodError'{0x000000008aa05788}: 'void java.lang.invoke.DirectMethodHandle$Holder.invokeStaticInit(java.lang.Object)'> (0x000000008aa05788) 
thrown [s\open\src\hotspot\share\interpreter\linkResolver.cpp, line 773]

ZGC Phase Switch (0 events):
No events

VM Operations (20 events):
Event: 0.090 Executing VM operation: HandshakeAllThreads (Deoptimize)
Event: 0.090 Executing VM operation: HandshakeAllThreads (Deoptimize) done
Event: 0.127 Executing VM operation: HandshakeAllThreads (Deoptimize)
Event: 0.127 Executing VM operation: HandshakeAllThreads (Deoptimize) done
Event: 0.237 Executing VM operation: HandshakeAllThreads (Deoptimize)
Event: 0.237 Executing VM operation: HandshakeAllThreads (Deoptimize) done
Event: 0.730 Executing VM operation: HandshakeAllThreads (Deoptimize)
Event: 0.730 Executing VM operation: HandshakeAllThreads (Deoptimize) done
Event: 0.802 Executing VM operation: HandshakeAllThreads (Deoptimize)
Event: 0.802 Executing VM operation: HandshakeAllThreads (Deoptimize) done
Event: 0.820 Executing VM operation: G1CollectForAllocation (G1 Evacuation Pause)
Event: 0.825 Executing VM operation: G1CollectForAllocation (G1 Evacuation Pause) done
Event: 0.918 Executing VM operation: HandshakeAllThreads (Deoptimize)
Event: 0.918 Executing VM operation: HandshakeAllThreads (Deoptimize) done
Event: 1.079 Executing VM operation: HandshakeAllThreads (Deoptimize)
Event: 1.079 Executing VM operation: HandshakeAllThreads (Deoptimize) done
Event: 1.080 Executing VM operation: HandshakeAllThreads (Deoptimize)
Event: 1.080 Executing VM operation: HandshakeAllThreads (Deoptimize) done
Event: 1.250 Executing VM operation: HandshakeAllThreads (Deoptimize)
Event: 1.250 Executing VM operation: HandshakeAllThreads (Deoptimize) done

Events (17 events):
Event: 0.029 Thread 0x000001cdd864f960 Thread added: 0x000001cdd864f960
Event: 0.045 Thread 0x000001cdf4b17e00 Thread added: 0x000001cdf4b17e00
Event: 0.045 Thread 0x000001cdf4b18d20 Thread added: 0x000001cdf4b18d20
Event: 0.045 Thread 0x000001cdf4b1baa0 Thread added: 0x000001cdf4b1baa0
Event: 0.045 Thread 0x000001cdf4b21060 Thread added: 0x000001cdf4b21060
Event: 0.045 Thread 0x000001cdf4b233a0 Thread added: 0x000001cdf4b233a0
Event: 0.045 Thread 0x000001cdf4b24800 Thread added: 0x000001cdf4b24800
Event: 0.045 Thread 0x000001cdf4b26c80 Thread added: 0x000001cdf4b26c80
Event: 0.045 Thread 0x000001cdf4b382c0 Thread added: 0x000001cdf4b382c0
Event: 0.076 Thread 0x000001cdf9279720 Thread added: 0x000001cdf9279720
Event: 0.079 Thread 0x000001cdf92649f0 Thread added: 0x000001cdf92649f0
Event: 0.134 Thread 0x000001cdf92e0060 Thread added: 0x000001cdf92e0060
Event: 0.328 Thread 0x000001cdf96f4060 Thread added: 0x000001cdf96f4060
Event: 0.739 Thread 0x000001cdfa401050 Thread added: 0x000001cdfa401050
Event: 0.741 Thread 0x000001cdfa7135f0 Thread added: 0x000001cdfa7135f0
Event: 1.084 Thread 0x000001cdfa4463f0 Thread added: 0x000001cdfa4463f0
Event: 1.396 Thread 0x000001cdfa9a8ac0 Thread added: 0x000001cdfa9a8ac0


Dynamic libraries:
0x00007ff7f7db0000 - 0x00007ff7f7dc0000 	C:\Program Files\Java\jdk-21\bin\java.exe
0x00007ff8f2fb0000 - 0x00007ff8f31c7000 	C:\WINDOWS\SYSTEM32\ntdll.dll
0x00007ff8f2820000 - 0x00007ff8f28e4000 	C:\WINDOWS\System32\KERNEL32.DLL
0x00007ff8f02f0000 - 0x00007ff8f0696000 	C:\WINDOWS\System32\KERNELBASE.dll
0x00007ff8f0bb0000 - 0x00007ff8f0cc1000 	C:\WINDOWS\System32\ucrtbase.dll
0x00007ff8da3d0000 - 0x00007ff8da3eb000 	C:\Program Files\Java\jdk-21\bin\VCRUNTIME140.dll
0x00007ff8d4a20000 - 0x00007ff8d4a39000 	C:\Program Files\Java\jdk-21\bin\jli.dll
0x00007ff8f2ae0000 - 0x00007ff8f2b93000 	C:\WINDOWS\System32\ADVAPI32.dll
0x00007ff8f0d00000 - 0x00007ff8f0da7000 	C:\WINDOWS\System32\msvcrt.dll
0x00007ff8f2ec0000 - 0x00007ff8f2f68000 	C:\WINDOWS\System32\sechost.dll
0x00007ff8f08f0000 - 0x00007ff8f0918000 	C:\WINDOWS\System32\bcrypt.dll
0x00007ff8f2280000 - 0x00007ff8f2397000 	C:\WINDOWS\System32\RPCRT4.dll
0x00007ff8f1a50000 - 0x00007ff8f1bfe000 	C:\WINDOWS\System32\USER32.dll
0x00007ff8e0330000 - 0x00007ff8e05c3000 	C:\WINDOWS\WinSxS\amd64_microsoft.windows.common-controls_6595b64144ccf1df_6.0.22621.2506_none_270c5ae97388e100\COMCTL32.dll
0x00007ff8f0cd0000 - 0x00007ff8f0cf6000 	C:\WINDOWS\System32\win32u.dll
0x00007ff8f1dc0000 - 0x00007ff8f1de9000 	C:\WINDOWS\System32\GDI32.dll
0x00007ff8f0920000 - 0x00007ff8f0a38000 	C:\WINDOWS\System32\gdi32full.dll
0x00007ff8f07e0000 - 0x00007ff8f087a000 	C:\WINDOWS\System32\msvcp_win.dll
0x00007ff8e9c30000 - 0x00007ff8e9c3a000 	C:\WINDOWS\SYSTEM32\VERSION.dll
0x00007ff8f1c20000 - 0x00007ff8f1c51000 	C:\WINDOWS\System32\IMM32.DLL
0x00007ff8eaab0000 - 0x00007ff8eaabc000 	C:\Program Files\Java\jdk-21\bin\vcruntime140_1.dll
0x00007ff8ba6d0000 - 0x00007ff8ba75e000 	C:\Program Files\Java\jdk-21\bin\msvcp140.dll
0x00007ff8acc20000 - 0x00007ff8ad937000 	C:\Program Files\Java\jdk-21\bin\server\jvm.dll
0x00007ff8f19d0000 - 0x00007ff8f1a41000 	C:\WINDOWS\System32\WS2_32.dll
0x00007ff8f01c0000 - 0x00007ff8f020d000 	C:\WINDOWS\SYSTEM32\POWRPROF.dll
0x00007ff8e9cf0000 - 0x00007ff8e9d24000 	C:\WINDOWS\SYSTEM32\WINMM.dll
0x00007ff8f01a0000 - 0x00007ff8f01b3000 	C:\WINDOWS\SYSTEM32\UMPDC.dll
0x00007ff8ef2d0000 - 0x00007ff8ef2e8000 	C:\WINDOWS\SYSTEM32\kernel.appcore.dll
0x00007ff8e8880000 - 0x00007ff8e888a000 	C:\Program Files\Java\jdk-21\bin\jimage.dll
0x00007ff8edb80000 - 0x00007ff8eddb3000 	C:\WINDOWS\SYSTEM32\DBGHELP.DLL
0x00007ff8f23a0000 - 0x00007ff8f2729000 	C:\WINDOWS\System32\combase.dll
0x00007ff8f2a00000 - 0x00007ff8f2ad7000 	C:\WINDOWS\System32\OLEAUT32.dll
0x00007ff8e83a0000 - 0x00007ff8e83d2000 	C:\WINDOWS\SYSTEM32\dbgcore.DLL
0x00007ff8f0760000 - 0x00007ff8f07da000 	C:\WINDOWS\System32\bcryptPrimitives.dll
0x00007ff8d0d00000 - 0x00007ff8d0d1f000 	C:\Program Files\Java\jdk-21\bin\java.dll
0x00007ff8f0db0000 - 0x00007ff8f160b000 	C:\WINDOWS\System32\SHELL32.dll
0x00007ff8ee250000 - 0x00007ff8eeb46000 	C:\WINDOWS\SYSTEM32\windows.storage.dll
0x00007ff8ee110000 - 0x00007ff8ee24e000 	C:\WINDOWS\SYSTEM32\wintypes.dll
0x00007ff8f18d0000 - 0x00007ff8f19c3000 	C:\WINDOWS\System32\SHCORE.dll
0x00007ff8f28f0000 - 0x00007ff8f294e000 	C:\WINDOWS\System32\shlwapi.dll
0x00007ff8f0220000 - 0x00007ff8f0246000 	C:\WINDOWS\SYSTEM32\profapi.dll
0x00007ff8b9750000 - 0x00007ff8b9827000 	C:\Program Files\Java\jdk-21\bin\jsvml.dll
0x00007ff8eab20000 - 0x00007ff8eab30000 	C:\Program Files\Java\jdk-21\bin\net.dll
0x00007ff8ea7a0000 - 0x00007ff8ea8d7000 	C:\WINDOWS\SYSTEM32\WINHTTP.dll
0x00007ff8ef7b0000 - 0x00007ff8ef819000 	C:\WINDOWS\system32\mswsock.dll
0x00007ff8cf890000 - 0x00007ff8cf8a6000 	C:\Program Files\Java\jdk-21\bin\nio.dll
0x00007ff8cc110000 - 0x00007ff8cc128000 	C:\Program Files\Java\jdk-21\bin\zip.dll
0x00007ff8b8b50000 - 0x00007ff8b8cdf000 	C:\Program Files\Java\jdk-21\bin\awt.dll
0x00007ff8ed210000 - 0x00007ff8ed2a7000 	C:\WINDOWS\SYSTEM32\apphelp.dll
0x00007ff8efa00000 - 0x00007ff8efa1b000 	C:\WINDOWS\SYSTEM32\CRYPTSP.dll
0x00007ff8ef290000 - 0x00007ff8ef2c5000 	C:\WINDOWS\system32\rsaenh.dll
0x00007ff8ef8a0000 - 0x00007ff8ef8cc000 	C:\WINDOWS\SYSTEM32\USERENV.dll
0x00007ff8efa20000 - 0x00007ff8efa2c000 	C:\WINDOWS\SYSTEM32\CRYPTBASE.dll
0x00007ff8eedb0000 - 0x00007ff8eeddd000 	C:\WINDOWS\SYSTEM32\IPHLPAPI.DLL
0x00007ff8f27b0000 - 0x00007ff8f27b9000 	C:\WINDOWS\System32\NSI.dll
0x00007ff8b9370000 - 0x00007ff8b93f7000 	C:\Program Files\Java\jdk-21\bin\freetype.dll
0x00007ff8b8180000 - 0x00007ff8b8262000 	C:\Program Files\Java\jdk-21\bin\fontmanager.dll
0x00007ff8ed640000 - 0x00007ff8ed66b000 	C:\WINDOWS\system32\DWMAPI.DLL
0x00007ff8ed3e0000 - 0x00007ff8ed48b000 	C:\WINDOWS\system32\uxtheme.dll
0x00007ff8f1c60000 - 0x00007ff8f1db1000 	C:\WINDOWS\System32\MSCTF.dll
0x00007ff8f2d20000 - 0x00007ff8f2ec0000 	C:\WINDOWS\System32\ole32.dll
0x00007ff8d9730000 - 0x00007ff8d9830000 	C:\WINDOWS\system32\opengl32.dll
0x00007ff8ded70000 - 0x00007ff8ded9d000 	C:\WINDOWS\SYSTEM32\GLU32.dll
0x00007ff8ed4e0000 - 0x00007ff8ed519000 	C:\WINDOWS\SYSTEM32\dxcore.dll
0x00007ff8dfac0000 - 0x00007ff8dfac6000 	C:\Users\Kiet\AppData\Local\Temp\flatlaf.temp\flatlaf-windows-x86_64-855465633735000.dll
0x00007ff8e7600000 - 0x00007ff8e7610000 	C:\Program Files\Java\jdk-21\bin\verify.dll
0x00007ff8f2950000 - 0x00007ff8f2a00000 	C:\WINDOWS\System32\clbcatq.dll
0x00007ff8ebb30000 - 0x00007ff8ebce0000 	C:\WINDOWS\SYSTEM32\WindowsCodecs.dll
0x00007ff8ca500000 - 0x00007ff8ca55e000 	C:\WINDOWS\system32\dataexchange.dll
0x00007ff8e7350000 - 0x00007ff8e75d7000 	C:\WINDOWS\system32\twinapi.appcore.dll
0x00007ff8e1470000 - 0x00007ff8e1477000 	C:\Program Files\Java\jdk-21\bin\jawt.dll

dbghelp: loaded successfully - version: 4.0.5 - missing functions: none
symbol engine: initialized successfully - sym options: 0x614 - pdb path: .;C:\Program Files\Java\jdk-21\bin;C:\WINDOWS\SYSTEM32;C:\WINDOWS\WinSxS\amd64_microsoft.windows.common-controls_6595b64144ccf1df_6.0.22621.2506_none_270c5ae97388e100;C:\Program Files\Java\jdk-21\bin\server;C:\Users\Kiet\AppData\Local\Temp\flatlaf.temp

VM Arguments:
jvm_args: --enable-preview -XX:+ShowCodeDetailsInExceptionMessages 
java_command: GUI.LogIn
java_class_path (initial): C:\Users\Kiet\AppData\Roaming\Code\User\workspaceStorage\794778fa6a47f198356234ad77415c6f\redhat.java\jdt_ws\DoAnJavaSwing_7ea3e32e\bin;c:\Users\Kiet\Desktop\DoAnJavaSwing\lib\lib\poi-ooxml-lite-5.2.3.jar;c:\Users\Kiet\Desktop\DoAnJavaSwing\lib\activation.jar;c:\Users\Kiet\Desktop\DoAnJavaSwing\lib\flatlaf-fonts-roboto-2.137.jar;c:\Users\Kiet\Desktop\DoAnJavaSwing\lib\lib\slf4j-api-1.7.36.jar;c:\Users\Kiet\Desktop\DoAnJavaSwing\lib\poi-ooxml-3.17.jar;c:\Users\Kiet\Desktop\DoAnJavaSwing\lib\kotlin-runtime-1.2.71.jar;c:\Users\Kiet\Desktop\DoAnJavaSwing\lib\lib\poi-ooxml-full-5.2.3.jar;c:\Users\Kiet\Desktop\DoAnJavaSwing\lib\lib\SparseBitSet-1.2.jar;c:\Users\Kiet\Desktop\DoAnJavaSwing\lib\lib\xmlbeans-5.1.1.jar;c:\Users\Kiet\Desktop\DoAnJavaSwing\lib\lib\commons-io-2.11.0.jar;c:\Users\Kiet\Desktop\DoAnJavaSwing\lib\kotlin-stdlib-1.4.0.jar;c:\Users\Kiet\Desktop\DoAnJavaSwing\lib\kotlin-stdlib-common-1.4.0.jar;c:\Users\Kiet\Desktop\DoAnJavaSwing\lib\java-dotenv-5.2.2.jar;c:\Users\Kiet\Desktop\DoAnJavaSwing\lib\lib\commons-math3-3.6.1.jar;c:\Users\Kiet\Desktop\DoAnJavaSwing\lib\mssql-jdbc-9.4.0.jre11.jar;c:\Users\Kiet\Desktop\DoAnJavaSwing\lib\lib\poi-5.2.3.jar;c:\Users\Kiet\Desktop\DoAnJavaSwing\lib\lib\poi-ooxml-5.2.3.jar;c:\Users\Kiet\Desktop\DoAnJavaSwing\lib\mysql-connector.jar;c:\Users\Kiet\Desktop\DoAnJavaSwing\lib\slf4j-simple-1.7.25.jar;c:\Users\Kiet\Desktop\DoAnJavaSwing\lib\lib\poi-javadoc-5.2.3.jar;c:\Users\Kiet\Desktop\DoAnJavaSwing\lib\lib\jakarta.xml.bind-api-3.0.1.jar;c:\Users\Kiet\Desktop\DoAnJavaSwing\lib\kotlin-stdlib-1.5.31.jar;c:\Users\Kiet\Desktop\DoAnJavaSwing\lib\javax.activation-1.2.0.jar;c:\Users\Kiet\Desktop\DoAnJavaSwing\lib\lib\commons-logging-1.2.jar;c:\Users\Kiet\Desktop\DoAnJavaSwing\lib\javase-3.3.0.jar;c:\Users\Kiet\Desktop\DoAnJavaSwing\lib\lib\commons-collections4-4.4.jar;c:\Users\Kiet\Desktop\DoAnJavaSwing\lib\core-3.3.0.jar;c:\Users\Kiet\Desktop\DoAnJavaSwing\lib\lib\commons-codec-1.15.jar;c:\Users\Kiet\Desktop\DoAnJavaSwing\lib\lib\commons-compress-1.21.jar;c:\Users\Kiet\Desktop\DoAnJavaSwing\lib\swing-worker-1.1.jar;c:\Users\Kiet\Desktop\DoAnJavaSwing\lib\javax.mail.jar;c:\Users\Kiet\Desktop\DoAnJavaSwing\lib\java-dotenv-5.1.3.jar;c:\Users\Kiet\Desktop\DoAnJavaSwing\lib\lib\curvesapi-1.07.jar;c:\Users\Kiet\Desktop\DoAnJavaSwing\lib\slf4j-api-1.7.2.jar;c:\Users\Kiet\Desktop\DoAnJavaSwing\lib\com.sun.net.ssl.jar;c:\Users\Kiet\Desktop\DoAnJavaSwing\lib\jcalendar-1.4.jar;c:\Users\Kiet\Desktop\DoAnJavaSwing\lib\flatlaf-3.3.jar;c:\Users\Kiet\Desktop\DoAnJavaSwing\lib\lib\poi-excelant-5.2.3.jar;c:\Users\Kiet\Desktop\DoAnJavaSwing\lib\lib\log4j-api-2.18.0.jar;c:\Users\Kiet\Desktop\DoAnJavaSwing\lib\svgSalamander-1.1.4.jar;c:\Users\Kiet\Desktop\DoAnJavaSwing\lib\lib\poi-scratchpad-5.2.3.jar;c:\Users\Kiet\Desktop\DoAnJavaSwing\lib\zxing-core-2.0.jar;c:\Users\Kiet\Desktop\DoAnJavaSwing\lib\xmlbeans-2.3.0.jar;c:\Users\Kiet\Desktop\DoAnJavaSwing\lib\bridj-0.7.0.jar;c:\Users\Kiet\Desktop\DoAnJavaSwing\lib\mssql-jdbc-8.4.1.jre14.jar;c:\Users\Kiet\Desktop\DoAnJavaSwing\lib\xmlbeans-3.1.0.jar;c:\Users\Kiet\Desktop\DoAnJavaSwing\lib\itextpdf-5.5.12.jar;c:\Users\Kiet\Desktop\DoAnJavaSwing\lib\webcam-capture-0.3.12.jar;c:\Users\Kiet\Desktop\DoAnJavaSwing\lib\lib\jakarta.activation-2.0.1.jar;c:\Users\Kiet\Desktop\DoAnJavaSwing\lib\poi-3.17.jar;c:\Users\Kiet\Desktop\DoAnJavaSwing\lib\TimingFramework-0.55.jar;c:\Users\Kiet\Desktop\DoAnJavaSwing\lib\lib\poi-examples-5.2.3.jar;c:\Users\Kiet\Desktop\DoAnJavaSwing\lib\swingx-all-1.6.4.jar;c:\Users\Kiet\Desktop\DoAnJavaSwing\lib\log4j-core-2.20.0.jar;c:\Users\Kiet\Desktop\DoAnJavaSwing\lib\xmlbeans-xmlpublic-2.0-dev-2.jar;c:\Users\Kiet\Desktop\DoAnJavaSwing\lib\flatlaf-extras-3.1.jar;c:\Users\Kiet\Desktop\DoAnJavaSwing\lib\miglayout-4.0.jar;c:\Users\Kiet\Desktop\DoAnJavaSwing\lib\mysql-connector-java-8.0.30.jar;c:\Users\Kiet\Desktop\DoAnJavaSwing\lib\zxing-1.7-javase.jar;c:\Users\Kiet\Desktop\DoAnJavaSwing\lib\filters-2.0.235.jar;c:\Users\Kiet\Desktop\DoAnJavaSwing\lib\slf4j-api-1.7.25.jar;c:\Users\Kiet\Desktop\DoAnJavaSwing\lib\swingx-1.6.1.jar
Launcher Type: SUN_STANDARD

[Global flags]
     intx CICompilerCount                          = 4                                         {product} {ergonomic}
     uint ConcGCThreads                            = 2                                         {product} {ergonomic}
     uint G1ConcRefinementThreads                  = 8                                         {product} {ergonomic}
   size_t G1HeapRegionSize                         = 1048576                                   {product} {ergonomic}
    uintx GCDrainStackTargetSize                   = 64                                        {product} {ergonomic}
   size_t InitialHeapSize                          = 132120576                                 {product} {ergonomic}
   size_t MarkStackSize                            = 4194304                                   {product} {ergonomic}
   size_t MaxHeapSize                              = 2095054848                                {product} {ergonomic}
   size_t MaxNewSize                               = 1256194048                                {product} {ergonomic}
   size_t MinHeapDeltaBytes                        = 1048576                                   {product} {ergonomic}
   size_t MinHeapSize                              = 8388608                                   {product} {ergonomic}
    uintx NonNMethodCodeHeapSize                   = 5839372                                {pd product} {ergonomic}
    uintx NonProfiledCodeHeapSize                  = 122909434                              {pd product} {ergonomic}
    uintx ProfiledCodeHeapSize                     = 122909434                              {pd product} {ergonomic}
    uintx ReservedCodeCacheSize                    = 251658240                              {pd product} {ergonomic}
     bool SegmentedCodeCache                       = true                                      {product} {ergonomic}
     bool ShowCodeDetailsInExceptionMessages       = true                                   {manageable} {command line}
   size_t SoftMaxHeapSize                          = 2095054848                             {manageable} {ergonomic}
     bool UseCompressedOops                        = true                           {product lp64_product} {ergonomic}
     bool UseG1GC                                  = true                                      {product} {ergonomic}
     bool UseLargePagesIndividualAllocation        = false                                  {pd product} {ergonomic}

Logging:
Log output configuration:
 #0: stdout all=warning uptime,level,tags foldmultilines=false
 #1: stderr all=off uptime,level,tags foldmultilines=false

Environment Variables:
PATH=C:\Program Files\Common Files\Oracle\Java\javapath;C:\Program Files (x86)\Common Files\Oracle\Java\javapath;C:\WINDOWS\system32;C:\WINDOWS;C:\WINDOWS\System32\Wbem;C:\WINDOWS\System32\WindowsPowerShell\v1.0\;C:\WINDOWS\System32\OpenSSH\;C:\Program Files\dotnet\;C:\Program Files\Common Files\Oracle\Java\javapath;C:\Program Files\Java\jdk-11\bin;C:\Program Files (x86)\Microsoft SQL Server\160\Tools\Binn\;C:\Program Files\Microsoft SQL Server\160\Tools\Binn\;C:\Program Files\Microsoft SQL Server\Client SDK\ODBC\170\Tools\Binn\;C:\Program Files\Microsoft SQL Server\160\DTS\Binn\;C:\Program Files (x86)\Microsoft SQL Server\160\DTS\Binn\;C:\Program Files\Azure Data Studio\bin;C:\Program Files\apache-maven-3.9.6\bin;C:\Program Files\Git\cmd;C:\Program Files\nodejs\;C:\Users\Kiet\AppData\Local\Microsoft\WindowsApps;C:\Users\Kiet\AppData\Local\Programs\Microsoft VS Code\bin;C:\Users\Kiet\AppData\Local\GitHubDesktop\bin;C:\Users\Kiet\.dotnet\tools;C:\Program Files\Azure Data Studio\bin;C:\Users\Kiet\AppData\Roaming\npm
USERNAME=Kiet
LANG=en_US.UTF-8
OS=Windows_NT
PROCESSOR_IDENTIFIER=Intel64 Family 6 Model 126 Stepping 5, GenuineIntel
TMP=C:\Users\Kiet\AppData\Local\Temp
TEMP=C:\Users\Kiet\AppData\Local\Temp




Periodic native trim disabled

---------------  S Y S T E M  ---------------

OS:
 Windows 11 , 64 bit Build 22621 (10.0.22621.3085)
OS uptime: 0 days 23:45 hours

CPU: total 8 (initial active 8) (4 cores per cpu, 2 threads per core) family 6 model 126 stepping 5 microcode 0xa6, cx8, cmov, fxsr, ht, mmx, 3dnowpref, sse, sse2, sse3, ssse3, sse4.1, sse4.2, popcnt, lzcnt, tsc, tscinvbit, avx, avx2, aes, erms, clmul, bmi1, bmi2, adx, avx512f, avx512dq, avx512cd, avx512bw, avx512vl, sha, fma, vzeroupper, avx512_vpopcntdq, avx512_vpclmulqdq, avx512_vaes, avx512_vnni, clflush, clflushopt, avx512_vbmi2, avx512_vbmi, rdtscp, rdpid, fsrm, gfni, avx512_bitalg, f16c, pku, avx512_ifma
Processor Information for all 8 processors :
  Max Mhz: 1190, Current Mhz: 991, Mhz Limit: 987

Memory: 4k page, system-wide physical 7987M (667M free)
TotalPageFile size 10035M (AvailPageFile size 3M)
current process WorkingSet (physical memory assigned to process): 110M, peak: 110M
current process commit charge ("private bytes"): 241M, peak: 241M

vm_info: Java HotSpot(TM) 64-Bit Server VM (21.0.2+13-LTS-58) for windows-amd64 JRE (21.0.2+13-LTS-58), built on 2024-01-05T18:32:24Z by "mach5one" with MS VC++ 17.1 (VS2022)

END.
