#
# There is insufficient memory for the Java Runtime Environment to continue.
# Native memory allocation (mmap) failed to map 65536 bytes for Failed to commit metaspace.
# Possible reasons:
#   The system is out of physical RAM or swap space
#   The process is running with CompressedOops enabled, and the Java Heap may be blocking the growth of the native heap
# Possible solutions:
#   Reduce memory load on the system
#   Increase physical memory or swap space
#   Check if swap backing store is full
#   Decrease Java heap size (-Xmx/-Xms)
#   Decrease number of Java threads
#   Decrease Java thread stack sizes (-Xss)
#   Set larger code cache with -XX:ReservedCodeCacheSize=
#   JVM is running with Unscaled Compressed Oops mode in which the Java heap is
#     placed in the first 4GB address space. The Java Heap base address is the
#     maximum limit for the native heap growth. Please use -XX:HeapBaseMinAddress
#     to set the Java Heap base and to place the Java Heap above 4GB virtual address.
# This output file may be truncated or incomplete.
#
#  Out of Memory Error (virtualSpaceNode.cpp:110), pid=19344, tid=13228
#
# JRE version: OpenJDK Runtime Environment Temurin-17.0.10+7 (17.0.10+7) (build 17.0.10+7)
# Java VM: OpenJDK 64-Bit Server VM Temurin-17.0.10+7 (17.0.10+7, mixed mode, tiered, compressed oops, compressed class ptrs, parallel gc, windows-amd64)
# No core dump will be written. Minidumps are not enabled by default on client versions of Windows
#

---------------  S U M M A R Y ------------

Command Line: --add-modules=ALL-SYSTEM --add-opens=java.base/java.util=ALL-UNNAMED --add-opens=java.base/java.lang=ALL-UNNAMED --add-opens=java.base/sun.nio.fs=ALL-UNNAMED -Declipse.application=org.eclipse.jdt.ls.core.id1 -Dosgi.bundles.defaultStartLevel=4 -Declipse.product=org.eclipse.jdt.ls.core.product -Djava.import.generatesMetadataFilesAtProjectRoot=false -DDetectVMInstallationsJob.disabled=true -Dfile.encoding=utf8 -XX:+UseParallelGC -XX:GCTimeRatio=4 -XX:AdaptiveSizePolicyWeight=90 -Dsun.zip.disableMemoryMapping=true -Xmx1G -Xms100m -Xlog:disable -javaagent:c:\Users\Kiet\.vscode\extensions\redhat.java-1.28.1-win32-x64\lombok\lombok-1.18.31.jar -XX:+HeapDumpOnOutOfMemoryError -XX:HeapDumpPath=c:\Users\Kiet\AppData\Roaming\Code\User\workspaceStorage\794778fa6a47f198356234ad77415c6f\redhat.java -Daether.dependencyCollector.impl=bf c:\Users\Kiet\.vscode\extensions\redhat.java-1.28.1-win32-x64\server\plugins\org.eclipse.equinox.launcher_1.6.700.v20231214-2017.jar -configuration c:\Users\Kiet\AppData\Roaming\Code\User\globalStorage\redhat.java\1.28.1\config_win -data c:\Users\Kiet\AppData\Roaming\Code\User\workspaceStorage\794778fa6a47f198356234ad77415c6f\redhat.java\jdt_ws --stdio

Host: Intel(R) Core(TM) i5-1035G1 CPU @ 1.00GHz, 8 cores, 7G,  Windows 11 , 64 bit Build 22621 (10.0.22621.3235)
Time: Mon Mar 25 08:56:55 2024 SE Asia Standard Time elapsed time: 25.539827 seconds (0d 0h 0m 25s)

---------------  T H R E A D  ---------------

Current thread (0x0000020763a56680):  JavaThread "Start Level: Equinox Container: 2c3362fe-30ab-465b-b57f-2263415fd146" daemon [_thread_in_vm, id=13228, stack(0x000000d1e5e00000,0x000000d1e5f00000)]

Stack: [0x000000d1e5e00000,0x000000d1e5f00000]
Native frames: (J=compiled Java code, j=interpreted, Vv=VM code, C=native code)
V  [jvm.dll+0x67d2c9]
V  [jvm.dll+0x834afa]
V  [jvm.dll+0x8365be]
V  [jvm.dll+0x836c23]
V  [jvm.dll+0x2477ff]
V  [jvm.dll+0x8307bb]
V  [jvm.dll+0x621d16]
V  [jvm.dll+0x621d7a]
V  [jvm.dll+0x6245aa]
V  [jvm.dll+0x6226b6]
V  [jvm.dll+0x23d160]
V  [jvm.dll+0x1ec25b]
V  [jvm.dll+0x1e1c01]
V  [jvm.dll+0x5427ce]
V  [jvm.dll+0x1f2647]
V  [jvm.dll+0x7adf9b]
V  [jvm.dll+0x7af36c]
V  [jvm.dll+0x7af6b8]
V  [jvm.dll+0x23face]
V  [jvm.dll+0x38260e]
C  0x00000207534fae1b

The last pc belongs to new (printed below).
Java frames: (J=compiled Java code, j=interpreted, Vv=VM code)
j  com.sun.org.apache.xerces.internal.impl.dtd.XMLDTDValidator.<init>()V+10 java.xml@17.0.10
j  com.sun.org.apache.xerces.internal.impl.dtd.XMLNSDTDValidator.<init>()V+1 java.xml@17.0.10
j  com.sun.org.apache.xerces.internal.parsers.XML11Configuration.<init>(Lcom/sun/org/apache/xerces/internal/util/SymbolTable;Lcom/sun/org/apache/xerces/internal/xni/grammars/XMLGrammarPool;Lcom/sun/org/apache/xerces/internal/xni/parser/XMLComponentManager;)V+1116 java.xml@17.0.10
j  com.sun.org.apache.xerces.internal.parsers.XIncludeAwareParserConfiguration.<init>(Lcom/sun/org/apache/xerces/internal/util/SymbolTable;Lcom/sun/org/apache/xerces/internal/xni/grammars/XMLGrammarPool;Lcom/sun/org/apache/xerces/internal/xni/parser/XMLComponentManager;)V+4 java.xml@17.0.10
j  com.sun.org.apache.xerces.internal.parsers.XIncludeAwareParserConfiguration.<init>()V+4 java.xml@17.0.10
j  com.sun.org.apache.xerces.internal.parsers.SAXParser.<init>(Lcom/sun/org/apache/xerces/internal/util/SymbolTable;Lcom/sun/org/apache/xerces/internal/xni/grammars/XMLGrammarPool;)V+5 java.xml@17.0.10
j  com.sun.org.apache.xerces.internal.parsers.SAXParser.<init>()V+3 java.xml@17.0.10
j  com.sun.org.apache.xerces.internal.jaxp.SAXParserImpl$JAXPSAXParser.<init>(Lcom/sun/org/apache/xerces/internal/jaxp/SAXParserImpl;Lcom/sun/org/apache/xerces/internal/utils/XMLSecurityPropertyManager;Lcom/sun/org/apache/xerces/internal/utils/XMLSecurityManager;)V+1 java.xml@17.0.10
j  com.sun.org.apache.xerces.internal.jaxp.SAXParserImpl.<init>(Lcom/sun/org/apache/xerces/internal/jaxp/SAXParserFactoryImpl;Ljava/util/Map;Z)V+46 java.xml@17.0.10
j  com.sun.org.apache.xerces.internal.jaxp.SAXParserFactoryImpl.newSAXParser()Ljavax/xml/parsers/SAXParser;+13 java.xml@17.0.10
j  org.apache.felix.scr.impl.BundleComponentActivator.loadDescriptor(Ljava/net/URL;)V+64
j  org.apache.felix.scr.impl.BundleComponentActivator.initialize(Ljava/util/List;)V+195
j  org.apache.felix.scr.impl.BundleComponentActivator.<init>(Lorg/apache/felix/scr/impl/logger/ScrLogger;Lorg/apache/felix/scr/impl/ComponentRegistry;Lorg/apache/felix/scr/impl/ComponentActorThread;Lorg/osgi/framework/BundleContext;Lorg/apache/felix/scr/impl/manager/ScrConfiguration;Ljava/util/List;Lorg/osgi/framework/ServiceReference;)V+124
j  org.apache.felix.scr.impl.Activator.loadComponents(Lorg/osgi/framework/Bundle;)V+373
j  org.apache.felix.scr.impl.Activator.access$200(Lorg/apache/felix/scr/impl/Activator;Lorg/osgi/framework/Bundle;)V+2
j  org.apache.felix.scr.impl.Activator$ScrExtension.start()V+72
j  org.apache.felix.scr.impl.AbstractExtender.createExtension(Lorg/osgi/framework/Bundle;)V+71
j  org.apache.felix.scr.impl.AbstractExtender.modifiedBundle(Lorg/osgi/framework/Bundle;Lorg/osgi/framework/BundleEvent;Lorg/osgi/framework/Bundle;)V+115
j  org.apache.felix.scr.impl.AbstractExtender.addingBundle(Lorg/osgi/framework/Bundle;Lorg/osgi/framework/BundleEvent;)Lorg/osgi/framework/Bundle;+4
j  org.apache.felix.scr.impl.AbstractExtender.addingBundle(Lorg/osgi/framework/Bundle;Lorg/osgi/framework/BundleEvent;)Ljava/lang/Object;+3
j  org.osgi.util.tracker.BundleTracker$Tracked.customizerAdding(Lorg/osgi/framework/Bundle;Lorg/osgi/framework/BundleEvent;)Ljava/lang/Object;+9
j  org.osgi.util.tracker.BundleTracker$Tracked.customizerAdding(Ljava/lang/Object;Ljava/lang/Object;)Ljava/lang/Object;+9
j  org.osgi.util.tracker.AbstractTracked.trackAdding(Ljava/lang/Object;Ljava/lang/Object;)V+8
j  org.osgi.util.tracker.AbstractTracked.track(Ljava/lang/Object;Ljava/lang/Object;)V+83
j  org.osgi.util.tracker.BundleTracker$Tracked.bundleChanged(Lorg/osgi/framework/BundleEvent;)V+35
j  org.eclipse.osgi.internal.framework.BundleContextImpl.dispatchEvent(Ljava/lang/Object;Ljava/lang/Object;ILjava/lang/Object;)V+159
j  org.eclipse.osgi.framework.eventmgr.EventManager.dispatchEvent(Ljava/util/Set;Lorg/eclipse/osgi/framework/eventmgr/EventDispatcher;ILjava/lang/Object;)V+48
j  org.eclipse.osgi.framework.eventmgr.ListenerQueue.dispatchEventSynchronous(ILjava/lang/Object;)V+67
j  org.eclipse.osgi.internal.framework.EquinoxEventPublisher.publishBundleEventPrivileged(Lorg/osgi/framework/BundleEvent;)V+547
j  org.eclipse.osgi.internal.framework.EquinoxEventPublisher.publishBundleEvent(Lorg/osgi/framework/BundleEvent;)V+8
j  org.eclipse.osgi.internal.framework.EquinoxEventPublisher.publishBundleEvent(ILorg/osgi/framework/Bundle;Lorg/osgi/framework/Bundle;)V+15
j  org.eclipse.osgi.internal.framework.EquinoxContainerAdaptor.publishModuleEvent(Lorg/eclipse/osgi/container/ModuleContainerAdaptor$ModuleEvent;Lorg/eclipse/osgi/container/Module;Lorg/eclipse/osgi/container/Module;)V+29
j  org.eclipse.osgi.container.Module.publishEvent(Lorg/eclipse/osgi/container/ModuleContainerAdaptor$ModuleEvent;)V+13
j  org.eclipse.osgi.container.Module.start([Lorg/eclipse/osgi/container/Module$StartOptions;)V+588
j  org.eclipse.osgi.container.ModuleContainer$ContainerStartLevel$2.run()V+71
j  org.eclipse.osgi.internal.framework.EquinoxContainerAdaptor$1$1.execute(Ljava/lang/Runnable;)V+1
j  org.eclipse.osgi.container.ModuleContainer$ContainerStartLevel.incStartLevel(ILjava/util/List;Z)V+193
j  org.eclipse.osgi.container.ModuleContainer$ContainerStartLevel.incStartLevel(ILjava/util/List;Ljava/util/List;Ljava/util/List;Ljava/util/List;)V+4
j  org.eclipse.osgi.container.ModuleContainer$ContainerStartLevel.doContainerStartLevel(Lorg/eclipse/osgi/container/Module;I[Lorg/osgi/framework/FrameworkListener;)V+349
j  org.eclipse.osgi.container.ModuleContainer$ContainerStartLevel.dispatchEvent(Lorg/eclipse/osgi/container/Module;[Lorg/osgi/framework/FrameworkListener;ILjava/lang/Integer;)V+32
j  org.eclipse.osgi.container.ModuleContainer$ContainerStartLevel.dispatchEvent(Ljava/lang/Object;Ljava/lang/Object;ILjava/lang/Object;)V+15
j  org.eclipse.osgi.framework.eventmgr.EventManager.dispatchEvent(Ljava/util/Set;Lorg/eclipse/osgi/framework/eventmgr/EventDispatcher;ILjava/lang/Object;)V+48
j  org.eclipse.osgi.framework.eventmgr.EventManager$EventThread.run()V+26
v  ~StubRoutines::call_stub
new  187 new  [0x00000207534fac80, 0x00000207534faea0]  544 bytes
[MachCode]
  0x00000207534fac80: 4883 ec08 | c5fa 1104 | 24eb 1f48 | 83ec 10c5 | fb11 0424 | eb14 4883 | ec10 4889 | 0424 48c7 
  0x00000207534faca0: 4424 0800 | 0000 00eb | 0150 410f | b755 010f | cac1 ea10 | 488b 4de8 | 488b 4908 | 488b 4908 
  0x00000207534facc0: 488b 4108 | 807c 1004 | 070f 85d6 | 0000 0066 | 8b54 d148 | 488b 4928 | 488b 4cd1 | 0851 80b9 
  0x00000207534face0: 3301 0000 | 040f 85b9 | 0000 008b | 5108 f7c2 | 0100 0000 | 0f85 aa00 | 0000 498b | 8708 0100 
  0x00000207534fad00: 0048 8d1c | 1049 3b9f | 1801 0000 | 0f87 9200 | 0000 4989 | 9f08 0100 | 00e9 0000 | 0000 4883 
  0x00000207534fad20: ea10 0f84 | 0f00 0000 | 33c9 c1ea | 0348 894c | d008 48ff | ca75 f648 | c700 0100 | 0000 5933 
  0x00000207534fad40: f689 700c | 48c1 e903 | 8948 0849 | ba7a 3513 | f9fd 7f00 | 0041 803a | 000f 8440 | 0000 0050 
  0x00000207534fad60: 488b c848 | 83ec 20f7 | c40f 0000 | 000f 841a | 0000 0048 | 83ec 0849 | ba20 30c9 | f8fd 7f00 
  0x00000207534fad80: 0041 ffd2 | 4883 c408 | e90d 0000 | 0049 ba20 | 30c9 f8fd | 7f00 0041 | ffd2 4883 | c420 58e9 
  0x00000207534fada0: cd00 0000 | 5948 8b55 | e848 8b52 | 0848 8b52 | 0845 0fb7 | 4501 410f | c841 c1e8 | 10e8 0500 
  0x00000207534fadc0: 0000 e9aa | 0000 0048 | 8d44 2408 | 4c89 6dc0 | 498b cfc5 | f877 4989 | afa8 0200 | 0049 8987 
  0x00000207534fade0: 9802 0000 | 4883 ec20 | f7c4 0f00 | 0000 0f84 | 1a00 0000 | 4883 ec08 | 49ba c025 | 93f8 fd7f 
  0x00000207534fae00: 0000 41ff | d248 83c4 | 08e9 0d00 | 0000 49ba | c025 93f8 | fd7f 0000 | 41ff d248 | 83c4 2049 
  0x00000207534fae20: c787 9802 | 0000 0000 | 0000 49c7 | 87a8 0200 | 0000 0000 | 0049 c787 | a002 0000 | 0000 0000 
  0x00000207534fae40: c5f8 7749 | 817f 0800 | 0000 000f | 8405 0000 | 00e9 aa60 | feff 498b | 87f0 0200 | 0049 c787 
  0x00000207534fae60: f002 0000 | 0000 0000 | 4c8b 6dc0 | 4c8b 75c8 | c341 0fb6 | 5d03 4983 | c503 49ba | 90a1 15f9 
  0x00000207534fae80: fd7f 0000 | 41ff 24da | 0000 0000 | 0000 0000 | 0000 0000 | 0000 0000 | 0000 0000 | 0000 0000 
[/MachCode]

---------------  P R O C E S S  ---------------

Threads class SMR info:
_java_thread_list=0x000002076365c790, length=17, elements={
0x000002074931fdc0, 0x000002075d1aa020, 0x000002075d1ae1a0, 0x0000020762276d20,
0x00000207622b4350, 0x00000207622b4e20, 0x00000207622b58f0, 0x00000207622b67a0,
0x000002076231d6d0, 0x00000207493cea70, 0x0000020749385450, 0x0000020762617e50,
0x0000020763ab5060, 0x0000020763a55d70, 0x0000020763a56680, 0x00000207641223a0,
0x0000020763e7bb50
}

Java Threads: ( => current thread )
  0x000002074931fdc0 JavaThread "main" [_thread_blocked, id=7280, stack(0x000000d1e4e00000,0x000000d1e4f00000)]
  0x000002075d1aa020 JavaThread "Reference Handler" daemon [_thread_blocked, id=18064, stack(0x000000d1e5100000,0x000000d1e5200000)]
  0x000002075d1ae1a0 JavaThread "Finalizer" daemon [_thread_blocked, id=11108, stack(0x000000d1e5200000,0x000000d1e5300000)]
  0x0000020762276d20 JavaThread "Signal Dispatcher" daemon [_thread_blocked, id=13184, stack(0x000000d1e5300000,0x000000d1e5400000)]
  0x00000207622b4350 JavaThread "Attach Listener" daemon [_thread_blocked, id=7704, stack(0x000000d1e5400000,0x000000d1e5500000)]
  0x00000207622b4e20 JavaThread "Service Thread" daemon [_thread_blocked, id=3000, stack(0x000000d1e5500000,0x000000d1e5600000)]
  0x00000207622b58f0 JavaThread "Monitor Deflation Thread" daemon [_thread_blocked, id=19528, stack(0x000000d1e5600000,0x000000d1e5700000)]
  0x00000207622b67a0 JavaThread "C2 CompilerThread0" daemon [_thread_blocked, id=13784, stack(0x000000d1e5700000,0x000000d1e5800000)]
  0x000002076231d6d0 JavaThread "C1 CompilerThread0" daemon [_thread_blocked, id=12820, stack(0x000000d1e5800000,0x000000d1e5900000)]
  0x00000207493cea70 JavaThread "Sweeper thread" daemon [_thread_blocked, id=3016, stack(0x000000d1e5900000,0x000000d1e5a00000)]
  0x0000020749385450 JavaThread "Common-Cleaner" daemon [_thread_blocked, id=8856, stack(0x000000d1e5a00000,0x000000d1e5b00000)]
  0x0000020762617e50 JavaThread "Notification Thread" daemon [_thread_blocked, id=1820, stack(0x000000d1e5c00000,0x000000d1e5d00000)]
  0x0000020763ab5060 JavaThread "Active Thread: Equinox Container: 2c3362fe-30ab-465b-b57f-2263415fd146" [_thread_blocked, id=2736, stack(0x000000d1e6500000,0x000000d1e6600000)]
  0x0000020763a55d70 JavaThread "Framework Event Dispatcher: Equinox Container: 2c3362fe-30ab-465b-b57f-2263415fd146" daemon [_thread_blocked, id=17168, stack(0x000000d1e5b00000,0x000000d1e5c00000)]
=>0x0000020763a56680 JavaThread "Start Level: Equinox Container: 2c3362fe-30ab-465b-b57f-2263415fd146" daemon [_thread_in_vm, id=13228, stack(0x000000d1e5e00000,0x000000d1e5f00000)]
  0x00000207641223a0 JavaThread "Bundle File Closer" daemon [_thread_blocked, id=5460, stack(0x000000d1e6800000,0x000000d1e6900000)]
  0x0000020763e7bb50 JavaThread "SCR Component Actor" daemon [_thread_blocked, id=13220, stack(0x000000d1e6700000,0x000000d1e6800000)]

Other Threads:
  0x00000207493c89a0 VMThread "VM Thread" [stack: 0x000000d1e5000000,0x000000d1e5100000] [id=12360]
  0x0000020762616b90 WatcherThread [stack: 0x000000d1e5d00000,0x000000d1e5e00000] [id=10660]
  0x0000020749336a60 GCTaskThread "GC Thread#0" [stack: 0x000000d1e4f00000,0x000000d1e5000000] [id=12552]
  0x000002076358dc70 GCTaskThread "GC Thread#1" [stack: 0x000000d1e5f00000,0x000000d1e6000000] [id=5272]
  0x0000020763760d30 GCTaskThread "GC Thread#2" [stack: 0x000000d1e6000000,0x000000d1e6100000] [id=13288]
  0x0000020763760ff0 GCTaskThread "GC Thread#3" [stack: 0x000000d1e6100000,0x000000d1e6200000] [id=8880]
  0x00000207637612b0 GCTaskThread "GC Thread#4" [stack: 0x000000d1e6200000,0x000000d1e6300000] [id=5600]
  0x000002076389ad60 GCTaskThread "GC Thread#5" [stack: 0x000000d1e6300000,0x000000d1e6400000] [id=7272]
  0x000002076389b020 GCTaskThread "GC Thread#6" [stack: 0x000000d1e6400000,0x000000d1e6500000] [id=460]
  0x000002076231c6a0 GCTaskThread "GC Thread#7" [stack: 0x000000d1e6600000,0x000000d1e6700000] [id=3804]

Threads with active compile tasks:

VM state: not at safepoint (normal execution)

VM Mutex/Monitor currently owned by a thread:  ([mutex/lock_event])
[0x000002074931b230] Metaspace_lock - owner thread: 0x0000020763a56680

Heap address: 0x00000000c0000000, size: 1024 MB, Compressed Oops mode: 32-bit

CDS archive(s) not mapped
Compressed class space mapped at: 0x0000000100000000-0x0000000140000000, reserved size: 1073741824
Narrow klass base: 0x0000000000000000, Narrow klass shift: 3, Narrow klass range: 0x140000000

GC Precious Log:
 CPUs: 8 total, 8 available
 Memory: 7987M
 Large Page Support: Disabled
 NUMA Support: Disabled
 Compressed Oops: Enabled (32-bit)
 Alignments: Space 512K, Generation 512K, Heap 2M
 Heap Min Capacity: 100M
 Heap Initial Capacity: 100M
 Heap Max Capacity: 1G
 Pre-touch: Disabled
 Parallel Workers: 8

Heap:
 PSYoungGen      total 29696K, used 6050K [0x00000000eab00000, 0x00000000ecc00000, 0x0000000100000000)
  eden space 25600K, 7% used [0x00000000eab00000,0x00000000eacf05c8,0x00000000ec400000)
  from space 4096K, 99% used [0x00000000ec400000,0x00000000ec7f8610,0x00000000ec800000)
  to   space 4096K, 0% used [0x00000000ec800000,0x00000000ec800000,0x00000000ecc00000)
 ParOldGen       total 68608K, used 5180K [0x00000000c0000000, 0x00000000c4300000, 0x00000000eab00000)
  object space 68608K, 7% used [0x00000000c0000000,0x00000000c050f1f0,0x00000000c4300000)
 Metaspace       used 17028K, committed 17280K, reserved 1114112K
  class space    used 1716K, committed 1856K, reserved 1048576K

Card table byte_map: [0x0000020748ce0000,0x0000020748ef0000] _byte_map_base: 0x00000207486e0000

Marking Bits: (ParMarkBitMap*) 0x00007ffdf914d7d0
 Begin Bits: [0x000002075afb0000, 0x000002075bfb0000)
 End Bits:   [0x000002075bfb0000, 0x000002075cfb0000)

Polling page: 0x0000020748ad0000

Metaspace:

Usage:
  Non-class:     14.95 MB used.
      Class:      1.68 MB used.
       Both:     16.63 MB used.

Virtual space:
  Non-class space:       64.00 MB reserved,      15.06 MB ( 24%) committed,  1 nodes.
      Class space:        1.00 GB reserved,       1.81 MB ( <1%) committed,  1 nodes.
             Both:        1.06 GB reserved,      16.88 MB (  2%) committed. 

Chunk freelists:
   Non-Class:  525.00 KB
       Class:  14.05 MB
        Both:  14.57 MB

MaxMetaspaceSize: unlimited
CompressedClassSpaceSize: 1.00 GB
Initial GC threshold: 21.00 MB
Current GC threshold: 21.00 MB
CDS: off
MetaspaceReclaimPolicy: balanced
 - commit_granule_bytes: 65536.
 - commit_granule_words: 8192.
 - virtual_space_node_default_size: 8388608.
 - enlarge_chunks_in_place: 1.
 - new_chunks_are_fully_committed: 0.
 - uncommit_free_chunks: 1.
 - use_allocation_guard: 0.
 - handle_deallocations: 1.


Internal statistics:

num_allocs_failed_limit: 0.
num_arena_births: 128.
num_arena_deaths: 0.
num_vsnodes_births: 2.
num_vsnodes_deaths: 0.
num_space_committed: 270.
num_space_uncommitted: 0.
num_chunks_returned_to_freelist: 0.
num_chunks_taken_from_freelist: 377.
num_chunk_merges: 0.
num_chunk_splits: 237.
num_chunks_enlarged: 176.
num_inconsistent_stats: 0.

CodeHeap 'non-profiled nmethods': size=120000Kb used=991Kb max_used=991Kb free=119008Kb
 bounds [0x0000020753a80000, 0x0000020753cf0000, 0x000002075afb0000]
CodeHeap 'profiled nmethods': size=120000Kb used=4035Kb max_used=4035Kb free=115964Kb
 bounds [0x000002074bfb0000, 0x000002074c3b0000, 0x00000207534e0000]
CodeHeap 'non-nmethods': size=5760Kb used=1183Kb max_used=1209Kb free=4576Kb
 bounds [0x00000207534e0000, 0x0000020753750000, 0x0000020753a80000]
 total_blobs=2620 nmethods=2155 adapters=379
 compilation: enabled
              stopped_count=0, restarted_count=0
 full_count=0

Compilation events (20 events):
Event: 25.508 Thread 0x000002076231d6d0 2147       3       jdk.internal.org.objectweb.asm.Frame::pop (53 bytes)
Event: 25.509 Thread 0x000002076231d6d0 nmethod 2147 0x000002074c39dd90 code [0x000002074c39dfe0, 0x000002074c39e758]
Event: 25.509 Thread 0x000002076231d6d0 2148       3       java.lang.invoke.MethodHandles$Lookup$ClassFile::readUnsignedShort (39 bytes)
Event: 25.509 Thread 0x000002076231d6d0 nmethod 2148 0x000002074c39ea90 code [0x000002074c39ec40, 0x000002074c39eea8]
Event: 25.509 Thread 0x000002076231d6d0 2149       1       jdk.internal.org.objectweb.asm.ClassReader::getMaxStringLength (5 bytes)
Event: 25.509 Thread 0x000002076231d6d0 nmethod 2149 0x0000020753b77810 code [0x0000020753b779a0, 0x0000020753b77a78]
Event: 25.509 Thread 0x000002076231d6d0 2150       3       java.lang.invoke.MethodHandles$Lookup::hasFullPrivilegeAccess (18 bytes)
Event: 25.509 Thread 0x000002076231d6d0 nmethod 2150 0x000002074c39f010 code [0x000002074c39f1a0, 0x000002074c39f318]
Event: 25.509 Thread 0x000002076231d6d0 2152       3       jdk.internal.misc.CDS::isDumpingArchive (4 bytes)
Event: 25.510 Thread 0x000002076231d6d0 nmethod 2152 0x000002074c39f390 code [0x000002074c39f520, 0x000002074c39f618]
Event: 25.510 Thread 0x000002076231d6d0 2151       1       java.lang.invoke.DirectMethodHandle::isCrackable (5 bytes)
Event: 25.510 Thread 0x000002076231d6d0 nmethod 2151 0x0000020753b77b10 code [0x0000020753b77ca0, 0x0000020753b77d78]
Event: 25.510 Thread 0x000002076231d6d0 2153       3       java.util.concurrent.atomic.AtomicInteger::incrementAndGet (14 bytes)
Event: 25.510 Thread 0x000002076231d6d0 nmethod 2153 0x000002074c39f690 code [0x000002074c39f820, 0x000002074c39f938]
Event: 25.522 Thread 0x000002076231d6d0 2154       3       java.lang.ref.Reference::enqueueFromPending (19 bytes)
Event: 25.522 Thread 0x000002076231d6d0 nmethod 2154 0x000002074c39fa10 code [0x000002074c39fbc0, 0x000002074c39fde8]
Event: 25.522 Thread 0x000002076231d6d0 2156       3       java.lang.ref.ReferenceQueue::reallyPoll (65 bytes)
Event: 25.522 Thread 0x000002076231d6d0 nmethod 2156 0x000002074c39fe90 code [0x000002074c3a0040, 0x000002074c3a0498]
Event: 25.522 Thread 0x000002076231d6d0 2155   !   3       java.lang.ref.ReferenceQueue::enqueue (119 bytes)
Event: 25.523 Thread 0x000002076231d6d0 nmethod 2155 0x000002074c3a0590 code [0x000002074c3a0760, 0x000002074c3a0d48]

GC Heap History (6 events):
Event: 1.575 GC heap before
{Heap before GC invocations=1 (full 0):
 PSYoungGen      total 29696K, used 25600K [0x00000000eab00000, 0x00000000ecc00000, 0x0000000100000000)
  eden space 25600K, 100% used [0x00000000eab00000,0x00000000ec400000,0x00000000ec400000)
  from space 4096K, 0% used [0x00000000ec800000,0x00000000ec800000,0x00000000ecc00000)
  to   space 4096K, 0% used [0x00000000ec400000,0x00000000ec400000,0x00000000ec800000)
 ParOldGen       total 68608K, used 0K [0x00000000c0000000, 0x00000000c4300000, 0x00000000eab00000)
  object space 68608K, 0% used [0x00000000c0000000,0x00000000c0000000,0x00000000c4300000)
 Metaspace       used 10980K, committed 11200K, reserved 1114112K
  class space    used 1096K, committed 1216K, reserved 1048576K
}
Event: 1.581 GC heap after
{Heap after GC invocations=1 (full 0):
 PSYoungGen      total 29696K, used 3204K [0x00000000eab00000, 0x00000000ecc00000, 0x0000000100000000)
  eden space 25600K, 0% used [0x00000000eab00000,0x00000000eab00000,0x00000000ec400000)
  from space 4096K, 78% used [0x00000000ec400000,0x00000000ec721140,0x00000000ec800000)
  to   space 4096K, 0% used [0x00000000ec800000,0x00000000ec800000,0x00000000ecc00000)
 ParOldGen       total 68608K, used 16K [0x00000000c0000000, 0x00000000c4300000, 0x00000000eab00000)
  object space 68608K, 0% used [0x00000000c0000000,0x00000000c0004000,0x00000000c4300000)
 Metaspace       used 10980K, committed 11200K, reserved 1114112K
  class space    used 1096K, committed 1216K, reserved 1048576K
}
Event: 12.484 GC heap before
{Heap before GC invocations=2 (full 0):
 PSYoungGen      total 29696K, used 28804K [0x00000000eab00000, 0x00000000ecc00000, 0x0000000100000000)
  eden space 25600K, 100% used [0x00000000eab00000,0x00000000ec400000,0x00000000ec400000)
  from space 4096K, 78% used [0x00000000ec400000,0x00000000ec721140,0x00000000ec800000)
  to   space 4096K, 0% used [0x00000000ec800000,0x00000000ec800000,0x00000000ecc00000)
 ParOldGen       total 68608K, used 16K [0x00000000c0000000, 0x00000000c4300000, 0x00000000eab00000)
  object space 68608K, 0% used [0x00000000c0000000,0x00000000c0004000,0x00000000c4300000)
 Metaspace       used 14712K, committed 14976K, reserved 1114112K
  class space    used 1473K, committed 1600K, reserved 1048576K
}
Event: 12.497 GC heap after
{Heap after GC invocations=2 (full 0):
 PSYoungGen      total 29696K, used 4067K [0x00000000eab00000, 0x00000000ecc00000, 0x0000000100000000)
  eden space 25600K, 0% used [0x00000000eab00000,0x00000000eab00000,0x00000000ec400000)
  from space 4096K, 99% used [0x00000000ec800000,0x00000000ecbf8df0,0x00000000ecc00000)
  to   space 4096K, 0% used [0x00000000ec400000,0x00000000ec400000,0x00000000ec800000)
 ParOldGen       total 68608K, used 1472K [0x00000000c0000000, 0x00000000c4300000, 0x00000000eab00000)
  object space 68608K, 2% used [0x00000000c0000000,0x00000000c0170390,0x00000000c4300000)
 Metaspace       used 14712K, committed 14976K, reserved 1114112K
  class space    used 1473K, committed 1600K, reserved 1048576K
}
Event: 25.516 GC heap before
{Heap before GC invocations=3 (full 0):
 PSYoungGen      total 29696K, used 29667K [0x00000000eab00000, 0x00000000ecc00000, 0x0000000100000000)
  eden space 25600K, 100% used [0x00000000eab00000,0x00000000ec400000,0x00000000ec400000)
  from space 4096K, 99% used [0x00000000ec800000,0x00000000ecbf8df0,0x00000000ecc00000)
  to   space 4096K, 0% used [0x00000000ec400000,0x00000000ec400000,0x00000000ec800000)
 ParOldGen       total 68608K, used 1472K [0x00000000c0000000, 0x00000000c4300000, 0x00000000eab00000)
  object space 68608K, 2% used [0x00000000c0000000,0x00000000c0170390,0x00000000c4300000)
 Metaspace       used 16483K, committed 16768K, reserved 1114112K
  class space    used 1656K, committed 1792K, reserved 1048576K
}
Event: 25.522 GC heap after
{Heap after GC invocations=3 (full 0):
 PSYoungGen      total 29696K, used 4065K [0x00000000eab00000, 0x00000000ecc00000, 0x0000000100000000)
  eden space 25600K, 0% used [0x00000000eab00000,0x00000000eab00000,0x00000000ec400000)
  from space 4096K, 99% used [0x00000000ec400000,0x00000000ec7f8610,0x00000000ec800000)
  to   space 4096K, 0% used [0x00000000ec800000,0x00000000ec800000,0x00000000ecc00000)
 ParOldGen       total 68608K, used 5180K [0x00000000c0000000, 0x00000000c4300000, 0x00000000eab00000)
  object space 68608K, 7% used [0x00000000c0000000,0x00000000c050f1f0,0x00000000c4300000)
 Metaspace       used 16483K, committed 16768K, reserved 1114112K
  class space    used 1656K, committed 1792K, reserved 1048576K
}

Dll operation events (9 events):
Event: 0.011 Loaded shared library c:\Users\Kiet\.vscode\extensions\redhat.java-1.28.1-win32-x64\jre\17.0.10-win32-x86_64\bin\java.dll
Event: 0.360 Loaded shared library c:\Users\Kiet\.vscode\extensions\redhat.java-1.28.1-win32-x64\jre\17.0.10-win32-x86_64\bin\zip.dll
Event: 0.365 Loaded shared library C:\Users\Kiet\.vscode\extensions\redhat.java-1.28.1-win32-x64\jre\17.0.10-win32-x86_64\bin\instrument.dll
Event: 0.399 Loaded shared library C:\Users\Kiet\.vscode\extensions\redhat.java-1.28.1-win32-x64\jre\17.0.10-win32-x86_64\bin\net.dll
Event: 0.404 Loaded shared library C:\Users\Kiet\.vscode\extensions\redhat.java-1.28.1-win32-x64\jre\17.0.10-win32-x86_64\bin\nio.dll
Event: 0.424 Loaded shared library C:\Users\Kiet\.vscode\extensions\redhat.java-1.28.1-win32-x64\jre\17.0.10-win32-x86_64\bin\zip.dll
Event: 0.517 Loaded shared library C:\Users\Kiet\.vscode\extensions\redhat.java-1.28.1-win32-x64\jre\17.0.10-win32-x86_64\bin\jimage.dll
Event: 0.647 Loaded shared library c:\Users\Kiet\.vscode\extensions\redhat.java-1.28.1-win32-x64\jre\17.0.10-win32-x86_64\bin\verify.dll
Event: 12.189 Loaded shared library C:\Users\Kiet\AppData\Roaming\Code\User\globalStorage\redhat.java\1.28.1\config_win\org.eclipse.equinox.launcher\org.eclipse.equinox.launcher.win32.win32.x86_64_1.2.900.v20240129-1338\eclipse_11900.dll

Deoptimization events (20 events):
Event: 18.349 Thread 0x0000020763a56680 Uncommon trap: trap_request=0xffffff45 fr.pc=0x0000020753a9ea78 relative=0x00000000000000f8
Event: 18.349 Thread 0x0000020763a56680 Uncommon trap: reason=unstable_if action=reinterpret pc=0x0000020753a9ea78 method=java.lang.StringCoding.hasNegatives([BII)Z @ 12 c2
Event: 18.350 Thread 0x0000020763a56680 DEOPT PACKING pc=0x0000020753a9ea78 sp=0x000000d1e5efcf70
Event: 18.350 Thread 0x0000020763a56680 DEOPT UNPACKING pc=0x0000020753539ea3 sp=0x000000d1e5efcf00 mode 2
Event: 18.676 Thread 0x0000020763a56680 DEOPT PACKING pc=0x000002074c3343d6 sp=0x000000d1e5efcf70
Event: 18.676 Thread 0x0000020763a56680 DEOPT UNPACKING pc=0x000002075353a9e3 sp=0x000000d1e5efc3f8 mode 0
Event: 19.144 Thread 0x0000020763a56680 DEOPT PACKING pc=0x000002074c3343d6 sp=0x000000d1e5efcf70
Event: 19.144 Thread 0x0000020763a56680 DEOPT UNPACKING pc=0x000002075353a9e3 sp=0x000000d1e5efc3f8 mode 0
Event: 21.895 Thread 0x0000020763a56680 Uncommon trap: trap_request=0xffffff45 fr.pc=0x0000020753ade184 relative=0x0000000000000164
Event: 21.895 Thread 0x0000020763a56680 Uncommon trap: reason=unstable_if action=reinterpret pc=0x0000020753ade184 method=java.lang.String.startsWith(Ljava/lang/String;I)Z @ 50 c2
Event: 21.895 Thread 0x0000020763a56680 DEOPT PACKING pc=0x0000020753ade184 sp=0x000000d1e5efdec0
Event: 21.895 Thread 0x0000020763a56680 DEOPT UNPACKING pc=0x0000020753539ea3 sp=0x000000d1e5efddc8 mode 2
Event: 21.902 Thread 0x0000020763a56680 DEOPT PACKING pc=0x000002074c3343d6 sp=0x000000d1e5efd2e0
Event: 21.902 Thread 0x0000020763a56680 DEOPT UNPACKING pc=0x000002075353a9e3 sp=0x000000d1e5efc780 mode 0
Event: 24.514 Thread 0x0000020763a56680 DEOPT PACKING pc=0x000002074c09759c sp=0x000000d1e5efda60
Event: 24.514 Thread 0x0000020763a56680 DEOPT UNPACKING pc=0x000002075353a9e3 sp=0x000000d1e5efcf48 mode 0
Event: 25.461 Thread 0x0000020763a56680 Uncommon trap: trap_request=0xffffff45 fr.pc=0x0000020753b68868 relative=0x0000000000000b68
Event: 25.461 Thread 0x0000020763a56680 Uncommon trap: reason=unstable_if action=reinterpret pc=0x0000020753b68868 method=org.eclipse.osgi.framework.util.CaseInsensitiveDictionaryMap.findCommonKeyIndex(Ljava/lang/String;)Lorg/eclipse/osgi/framework/util/CaseInsensitiveDictionaryMap$CaseInsensit
Event: 25.461 Thread 0x0000020763a56680 DEOPT PACKING pc=0x0000020753b68868 sp=0x000000d1e5efdf10
Event: 25.461 Thread 0x0000020763a56680 DEOPT UNPACKING pc=0x0000020753539ea3 sp=0x000000d1e5efdeb0 mode 2

Classes unloaded (0 events):
No events

Classes redefined (0 events):
No events

Internal exceptions (20 events):
Event: 1.521 Thread 0x000002074931fdc0 Implicit null exception at 0x0000020753aca26c to 0x0000020753aca444
Event: 1.522 Thread 0x000002074931fdc0 Implicit null exception at 0x0000020753acb36c to 0x0000020753acb550
Event: 1.522 Thread 0x000002074931fdc0 Implicit null exception at 0x0000020753ac280f to 0x0000020753ac2885
Event: 1.562 Thread 0x000002074931fdc0 Exception <a 'java/lang/NoSuchMethodError'{0x00000000ec3ab8a8}: 'int java.lang.invoke.DirectMethodHandle$Holder.invokeStaticInit(java.lang.Object, java.lang.Object, java.lang.Object, java.lang.Object)'> (0x00000000ec3ab8a8) 
thrown [s\src\hotspot\share\interpreter\linkResolver.cpp, line 759]
Event: 1.563 Thread 0x000002074931fdc0 Exception <a 'java/lang/NoSuchMethodError'{0x00000000ec3b5f18}: 'java.lang.Object java.lang.invoke.DirectMethodHandle$Holder.invokeInterface(java.lang.Object, java.lang.Object)'> (0x00000000ec3b5f18) 
thrown [s\src\hotspot\share\interpreter\linkResolver.cpp, line 759]
Event: 1.563 Thread 0x000002074931fdc0 Exception <a 'java/lang/IncompatibleClassChangeError'{0x00000000ec3b9710}: Found class java.lang.Object, but interface was expected> (0x00000000ec3b9710) 
thrown [s\src\hotspot\share\interpreter\linkResolver.cpp, line 826]
Event: 1.564 Thread 0x000002074931fdc0 Exception <a 'java/lang/NoSuchMethodError'{0x00000000ec3bdc00}: 'void java.lang.invoke.DirectMethodHandle$Holder.invokeStatic(java.lang.Object, java.lang.Object)'> (0x00000000ec3bdc00) 
thrown [s\src\hotspot\share\interpreter\linkResolver.cpp, line 759]
Event: 1.564 Thread 0x000002074931fdc0 Exception <a 'java/lang/NoSuchMethodError'{0x00000000ec3c1400}: 'void java.lang.invoke.DirectMethodHandle$Holder.invokeStaticInit(java.lang.Object, java.lang.Object)'> (0x00000000ec3c1400) 
thrown [s\src\hotspot\share\interpreter\linkResolver.cpp, line 759]
Event: 1.565 Thread 0x000002074931fdc0 Exception <a 'java/lang/NoSuchMethodError'{0x00000000ec3c87f0}: 'int java.lang.invoke.DirectMethodHandle$Holder.invokeStaticInit(java.lang.Object, java.lang.Object)'> (0x00000000ec3c87f0) 
thrown [s\src\hotspot\share\interpreter\linkResolver.cpp, line 759]
Event: 1.638 Thread 0x000002074931fdc0 Exception <a 'java/lang/NoSuchMethodError'{0x00000000eac53740}: 'void java.lang.invoke.DirectMethodHandle$Holder.invokeSpecial(java.lang.Object, java.lang.Object, java.lang.Object)'> (0x00000000eac53740) 
thrown [s\src\hotspot\share\interpreter\linkResolver.cpp, line 759]
Event: 2.003 Thread 0x000002074931fdc0 Exception <a 'java/lang/NoSuchMethodError'{0x00000000eba0f6f0}: 'java.lang.Object java.lang.invoke.DirectMethodHandle$Holder.newInvokeSpecial(java.lang.Object, int, java.lang.Object)'> (0x00000000eba0f6f0) 
thrown [s\src\hotspot\share\interpreter\linkResolver.cpp, line 759]
Event: 12.164 Thread 0x000002074931fdc0 Exception <a 'java/lang/UnsatisfiedLinkError'{0x00000000ebfb2000}: 'void org.eclipse.equinox.launcher.JNIBridge._update_splash()'> (0x00000000ebfb2000) 
thrown [s\src\hotspot\share\prims\nativeLookup.cpp, line 543]
Event: 12.432 Thread 0x0000020763a56680 Exception <a 'java/lang/NoSuchMethodError'{0x00000000ec3060d0}: 'java.lang.Object java.lang.invoke.DirectMethodHandle$Holder.invokeStaticInit(java.lang.Object)'> (0x00000000ec3060d0) 
thrown [s\src\hotspot\share\interpreter\linkResolver.cpp, line 759]
Event: 12.475 Thread 0x0000020763a56680 Exception <a 'java/lang/NoSuchMethodError'{0x00000000ec3ce608}: 'java.lang.Object java.lang.invoke.DirectMethodHandle$Holder.newInvokeSpecial(java.lang.Object, java.lang.Object, int, java.lang.Object)'> (0x00000000ec3ce608) 
thrown [s\src\hotspot\share\interpreter\linkResolver.cpp, line 759]
Event: 12.477 Thread 0x0000020763a56680 Exception <a 'java/lang/NoSuchMethodError'{0x00000000ec3d28f0}: 'java.lang.Object java.lang.invoke.DirectMethodHandle$Holder.invokeSpecial(java.lang.Object, java.lang.Object, java.lang.Object, int, java.lang.Object)'> (0x00000000ec3d28f0) 
thrown [s\src\hotspot\share\interpreter\linkResolver.cpp, line 759]
Event: 12.642 Thread 0x0000020763a56680 Exception <a 'java/lang/ClassNotFoundException'{0x00000000eada9800}: sun/util/logging/resources/spi/loggingProvider> (0x00000000eada9800) 
thrown [s\src\hotspot\share\classfile\systemDictionary.cpp, line 256]
Event: 12.745 Thread 0x0000020763a56680 Exception <a 'java/io/IOException'{0x00000000eaee7e28}> (0x00000000eaee7e28) 
thrown [s\src\hotspot\share\prims\jni.cpp, line 516]
Event: 12.761 Thread 0x0000020763a56680 Exception <a 'java/io/IOException'{0x00000000eaf1a728}> (0x00000000eaf1a728) 
thrown [s\src\hotspot\share\prims\jni.cpp, line 516]
Event: 25.489 Thread 0x0000020763a56680 Exception <a 'java/lang/NullPointerException'{0x00000000ec2b64f0}> (0x00000000ec2b64f0) 
thrown [s\src\hotspot\share\interpreter\linkResolver.cpp, line 1350]
Event: 25.489 Thread 0x0000020763a56680 Exception <a 'java/lang/NullPointerException'{0x00000000ec2b67c8}> (0x00000000ec2b67c8) 
thrown [s\src\hotspot\share\interpreter\linkResolver.cpp, line 1350]

VM Operations (20 events):
Event: 12.582 Executing VM operation: HandshakeAllThreads
Event: 12.582 Executing VM operation: HandshakeAllThreads done
Event: 12.714 Executing VM operation: HandshakeAllThreads
Event: 12.714 Executing VM operation: HandshakeAllThreads done
Event: 12.784 Executing VM operation: HandshakeAllThreads
Event: 12.784 Executing VM operation: HandshakeAllThreads done
Event: 13.785 Executing VM operation: Cleanup
Event: 13.785 Executing VM operation: Cleanup done
Event: 17.828 Executing VM operation: Cleanup
Event: 17.828 Executing VM operation: Cleanup done
Event: 21.863 Executing VM operation: Cleanup
Event: 21.863 Executing VM operation: Cleanup done
Event: 22.871 Executing VM operation: Cleanup
Event: 22.871 Executing VM operation: Cleanup done
Event: 24.887 Executing VM operation: Cleanup
Event: 24.887 Executing VM operation: Cleanup done
Event: 25.487 Executing VM operation: HandshakeAllThreads
Event: 25.487 Executing VM operation: HandshakeAllThreads done
Event: 25.516 Executing VM operation: ParallelGCFailedAllocation
Event: 25.522 Executing VM operation: ParallelGCFailedAllocation done

Events (20 events):
Event: 25.535 loading class com/sun/org/apache/xerces/internal/impl/XMLDTDScannerImpl done
Event: 25.536 loading class com/sun/org/apache/xerces/internal/impl/dtd/XMLDTDProcessor
Event: 25.536 loading class com/sun/org/apache/xerces/internal/xni/parser/XMLDTDFilter
Event: 25.536 loading class com/sun/org/apache/xerces/internal/xni/parser/XMLDTDFilter done
Event: 25.536 loading class com/sun/org/apache/xerces/internal/xni/parser/XMLDTDContentModelFilter
Event: 25.536 loading class com/sun/org/apache/xerces/internal/xni/parser/XMLDTDContentModelFilter done
Event: 25.536 loading class com/sun/org/apache/xerces/internal/impl/dtd/XMLDTDProcessor done
Event: 25.536 loading class com/sun/org/apache/xerces/internal/impl/dtd/XMLEntityDecl
Event: 25.537 loading class com/sun/org/apache/xerces/internal/impl/dtd/XMLEntityDecl done
Event: 25.537 loading class com/sun/org/apache/xerces/internal/impl/dtd/XMLNSDTDValidator
Event: 25.537 loading class com/sun/org/apache/xerces/internal/impl/dtd/XMLDTDValidator
Event: 25.537 loading class com/sun/org/apache/xerces/internal/xni/parser/XMLDocumentFilter
Event: 25.537 loading class com/sun/org/apache/xerces/internal/xni/parser/XMLDocumentFilter done
Event: 25.537 loading class com/sun/org/apache/xerces/internal/impl/dtd/XMLDTDValidatorFilter
Event: 25.537 loading class com/sun/org/apache/xerces/internal/impl/dtd/XMLDTDValidatorFilter done
Event: 25.537 loading class com/sun/org/apache/xerces/internal/impl/RevalidationHandler
Event: 25.537 loading class com/sun/org/apache/xerces/internal/impl/RevalidationHandler done
Event: 25.537 loading class com/sun/org/apache/xerces/internal/impl/dtd/XMLDTDValidator done
Event: 25.537 loading class com/sun/org/apache/xerces/internal/impl/dtd/XMLNSDTDValidator done
Event: 25.538 loading class com/sun/org/apache/xerces/internal/impl/validation/ValidationState


Dynamic libraries:
0x00007ff691a90000 - 0x00007ff691a9e000 	c:\Users\Kiet\.vscode\extensions\redhat.java-1.28.1-win32-x64\jre\17.0.10-win32-x86_64\bin\java.exe
0x00007ffe72250000 - 0x00007ffe72466000 	C:\WINDOWS\SYSTEM32\ntdll.dll
0x00007ffe70910000 - 0x00007ffe709d4000 	C:\WINDOWS\System32\KERNEL32.DLL
0x00007ffe6f720000 - 0x00007ffe6fac6000 	C:\WINDOWS\System32\KERNELBASE.dll
0x00007ffe6fe80000 - 0x00007ffe6ff91000 	C:\WINDOWS\System32\ucrtbase.dll
0x00007ffe69ab0000 - 0x00007ffe69acb000 	c:\Users\Kiet\.vscode\extensions\redhat.java-1.28.1-win32-x64\jre\17.0.10-win32-x86_64\bin\VCRUNTIME140.dll
0x00007ffe69e90000 - 0x00007ffe69ea7000 	c:\Users\Kiet\.vscode\extensions\redhat.java-1.28.1-win32-x64\jre\17.0.10-win32-x86_64\bin\jli.dll
0x00007ffe70650000 - 0x00007ffe707fd000 	C:\WINDOWS\System32\USER32.dll
0x00007ffe5e1e0000 - 0x00007ffe5e473000 	C:\WINDOWS\WinSxS\amd64_microsoft.windows.common-controls_6595b64144ccf1df_6.0.22621.3235_none_270f74e173860f98\COMCTL32.dll
0x00007ffe70540000 - 0x00007ffe705e7000 	C:\WINDOWS\System32\msvcrt.dll
0x00007ffe71150000 - 0x00007ffe71179000 	C:\WINDOWS\System32\GDI32.dll
0x00007ffe6f590000 - 0x00007ffe6f5b6000 	C:\WINDOWS\System32\win32u.dll
0x00007ffe6fd60000 - 0x00007ffe6fe78000 	C:\WINDOWS\System32\gdi32full.dll
0x00007ffe6fcc0000 - 0x00007ffe6fd5a000 	C:\WINDOWS\System32\msvcp_win.dll
0x00007ffe70800000 - 0x00007ffe70831000 	C:\WINDOWS\System32\IMM32.DLL
0x00007ffe6a580000 - 0x00007ffe6a58c000 	c:\Users\Kiet\.vscode\extensions\redhat.java-1.28.1-win32-x64\jre\17.0.10-win32-x86_64\bin\vcruntime140_1.dll
0x00007ffe5ae20000 - 0x00007ffe5aead000 	c:\Users\Kiet\.vscode\extensions\redhat.java-1.28.1-win32-x64\jre\17.0.10-win32-x86_64\bin\msvcp140.dll
0x00007ffdf85b0000 - 0x00007ffdf9212000 	c:\Users\Kiet\.vscode\extensions\redhat.java-1.28.1-win32-x64\jre\17.0.10-win32-x86_64\bin\server\jvm.dll
0x00007ffe72150000 - 0x00007ffe72202000 	C:\WINDOWS\System32\ADVAPI32.dll
0x00007ffe70330000 - 0x00007ffe703d8000 	C:\WINDOWS\System32\sechost.dll
0x00007ffe6f6f0000 - 0x00007ffe6f718000 	C:\WINDOWS\System32\bcrypt.dll
0x00007ffe71e80000 - 0x00007ffe71f95000 	C:\WINDOWS\System32\RPCRT4.dll
0x00007ffe6f460000 - 0x00007ffe6f4ad000 	C:\WINDOWS\SYSTEM32\POWRPROF.dll
0x00007ffe62d70000 - 0x00007ffe62d79000 	C:\WINDOWS\SYSTEM32\WSOCK32.dll
0x00007ffe710d0000 - 0x00007ffe71141000 	C:\WINDOWS\System32\WS2_32.dll
0x00007ffe68430000 - 0x00007ffe6843a000 	C:\WINDOWS\SYSTEM32\VERSION.dll
0x00007ffe69550000 - 0x00007ffe69584000 	C:\WINDOWS\SYSTEM32\WINMM.dll
0x00007ffe6f440000 - 0x00007ffe6f453000 	C:\WINDOWS\SYSTEM32\UMPDC.dll
0x00007ffe6e5d0000 - 0x00007ffe6e5e8000 	C:\WINDOWS\SYSTEM32\kernel.appcore.dll
0x00007ffe62d60000 - 0x00007ffe62d6a000 	c:\Users\Kiet\.vscode\extensions\redhat.java-1.28.1-win32-x64\jre\17.0.10-win32-x86_64\bin\jimage.dll
0x00007ffe6ce20000 - 0x00007ffe6d053000 	C:\WINDOWS\SYSTEM32\DBGHELP.DLL
0x00007ffe6ffa0000 - 0x00007ffe70328000 	C:\WINDOWS\System32\combase.dll
0x00007ffe71180000 - 0x00007ffe71257000 	C:\WINDOWS\System32\OLEAUT32.dll
0x00007ffe68a70000 - 0x00007ffe68aa2000 	C:\WINDOWS\SYSTEM32\dbgcore.DLL
0x00007ffe6fad0000 - 0x00007ffe6fb4a000 	C:\WINDOWS\System32\bcryptPrimitives.dll
0x00007ffe5cf30000 - 0x00007ffe5cf3e000 	c:\Users\Kiet\.vscode\extensions\redhat.java-1.28.1-win32-x64\jre\17.0.10-win32-x86_64\bin\instrument.dll
0x00007ffe5ad60000 - 0x00007ffe5ad85000 	c:\Users\Kiet\.vscode\extensions\redhat.java-1.28.1-win32-x64\jre\17.0.10-win32-x86_64\bin\java.dll
0x00007ffe62d40000 - 0x00007ffe62d58000 	c:\Users\Kiet\.vscode\extensions\redhat.java-1.28.1-win32-x64\jre\17.0.10-win32-x86_64\bin\zip.dll
0x00007ffe71510000 - 0x00007ffe71d6d000 	C:\WINDOWS\System32\SHELL32.dll
0x00007ffe6d4f0000 - 0x00007ffe6dde8000 	C:\WINDOWS\SYSTEM32\windows.storage.dll
0x00007ffe6d3b0000 - 0x00007ffe6d4ee000 	C:\WINDOWS\SYSTEM32\wintypes.dll
0x00007ffe71fb0000 - 0x00007ffe720a3000 	C:\WINDOWS\System32\SHCORE.dll
0x00007ffe71e20000 - 0x00007ffe71e7e000 	C:\WINDOWS\System32\shlwapi.dll
0x00007ffe6f4c0000 - 0x00007ffe6f4e6000 	C:\WINDOWS\SYSTEM32\profapi.dll
0x00007ffe5cf40000 - 0x00007ffe5cf59000 	C:\Users\Kiet\.vscode\extensions\redhat.java-1.28.1-win32-x64\jre\17.0.10-win32-x86_64\bin\net.dll
0x00007ffe69c40000 - 0x00007ffe69d77000 	C:\WINDOWS\SYSTEM32\WINHTTP.dll
0x00007ffe6ea50000 - 0x00007ffe6eab9000 	C:\WINDOWS\system32\mswsock.dll
0x00007ffe5add0000 - 0x00007ffe5ade6000 	C:\Users\Kiet\.vscode\extensions\redhat.java-1.28.1-win32-x64\jre\17.0.10-win32-x86_64\bin\nio.dll
0x00007ffe62d30000 - 0x00007ffe62d40000 	c:\Users\Kiet\.vscode\extensions\redhat.java-1.28.1-win32-x64\jre\17.0.10-win32-x86_64\bin\verify.dll
0x00007ffe407b0000 - 0x00007ffe407ee000 	C:\Users\Kiet\AppData\Roaming\Code\User\globalStorage\redhat.java\1.28.1\config_win\org.eclipse.equinox.launcher\org.eclipse.equinox.launcher.win32.win32.x86_64_1.2.900.v20240129-1338\eclipse_11900.dll
0x00007ffe71370000 - 0x00007ffe7150f000 	C:\WINDOWS\System32\ole32.dll

dbghelp: loaded successfully - version: 4.0.5 - missing functions: none
symbol engine: initialized successfully - sym options: 0x614 - pdb path: .;c:\Users\Kiet\.vscode\extensions\redhat.java-1.28.1-win32-x64\jre\17.0.10-win32-x86_64\bin;C:\WINDOWS\SYSTEM32;C:\WINDOWS\WinSxS\amd64_microsoft.windows.common-controls_6595b64144ccf1df_6.0.22621.3235_none_270f74e173860f98;c:\Users\Kiet\.vscode\extensions\redhat.java-1.28.1-win32-x64\jre\17.0.10-win32-x86_64\bin\server;C:\Users\Kiet\AppData\Roaming\Code\User\globalStorage\redhat.java\1.28.1\config_win\org.eclipse.equinox.launcher\org.eclipse.equinox.launcher.win32.win32.x86_64_1.2.900.v20240129-1338

VM Arguments:
jvm_args: --add-modules=ALL-SYSTEM --add-opens=java.base/java.util=ALL-UNNAMED --add-opens=java.base/java.lang=ALL-UNNAMED --add-opens=java.base/sun.nio.fs=ALL-UNNAMED -Declipse.application=org.eclipse.jdt.ls.core.id1 -Dosgi.bundles.defaultStartLevel=4 -Declipse.product=org.eclipse.jdt.ls.core.product -Djava.import.generatesMetadataFilesAtProjectRoot=false -DDetectVMInstallationsJob.disabled=true -Dfile.encoding=utf8 -XX:+UseParallelGC -XX:GCTimeRatio=4 -XX:AdaptiveSizePolicyWeight=90 -Dsun.zip.disableMemoryMapping=true -Xmx1G -Xms100m -Xlog:disable -javaagent:c:\Users\Kiet\.vscode\extensions\redhat.java-1.28.1-win32-x64\lombok\lombok-1.18.31.jar -XX:+HeapDumpOnOutOfMemoryError -XX:HeapDumpPath=c:\Users\Kiet\AppData\Roaming\Code\User\workspaceStorage\794778fa6a47f198356234ad77415c6f\redhat.java -Daether.dependencyCollector.impl=bf 
java_command: c:\Users\Kiet\.vscode\extensions\redhat.java-1.28.1-win32-x64\server\plugins\org.eclipse.equinox.launcher_1.6.700.v20231214-2017.jar -configuration c:\Users\Kiet\AppData\Roaming\Code\User\globalStorage\redhat.java\1.28.1\config_win -data c:\Users\Kiet\AppData\Roaming\Code\User\workspaceStorage\794778fa6a47f198356234ad77415c6f\redhat.java\jdt_ws --stdio
java_class_path (initial): c:\Users\Kiet\.vscode\extensions\redhat.java-1.28.1-win32-x64\server\plugins\org.eclipse.equinox.launcher_1.6.700.v20231214-2017.jar
Launcher Type: SUN_STANDARD

[Global flags]
    uintx AdaptiveSizePolicyWeight                 = 90                                        {product} {command line}
     intx CICompilerCount                          = 4                                         {product} {ergonomic}
    uintx GCTimeRatio                              = 4                                         {product} {command line}
     bool HeapDumpOnOutOfMemoryError               = true                                   {manageable} {command line}
    ccstr HeapDumpPath                             = c:\Users\Kiet\AppData\Roaming\Code\User\workspaceStorage\794778fa6a47f198356234ad77415c6f\redhat.java         {manageable} {command line}
   size_t InitialHeapSize                          = 104857600                                 {product} {command line}
   size_t MaxHeapSize                              = 1073741824                                {product} {command line}
   size_t MaxNewSize                               = 357564416                                 {product} {ergonomic}
   size_t MinHeapDeltaBytes                        = 524288                                    {product} {ergonomic}
   size_t MinHeapSize                              = 104857600                                 {product} {command line}
   size_t NewSize                                  = 34603008                                  {product} {ergonomic}
    uintx NonNMethodCodeHeapSize                   = 5839372                                {pd product} {ergonomic}
    uintx NonProfiledCodeHeapSize                  = 122909434                              {pd product} {ergonomic}
   size_t OldSize                                  = 70254592                                  {product} {ergonomic}
    uintx ProfiledCodeHeapSize                     = 122909434                              {pd product} {ergonomic}
    uintx ReservedCodeCacheSize                    = 251658240                              {pd product} {ergonomic}
     bool SegmentedCodeCache                       = true                                      {product} {ergonomic}
   size_t SoftMaxHeapSize                          = 1073741824                             {manageable} {ergonomic}
     bool UseCompressedClassPointers               = true                           {product lp64_product} {ergonomic}
     bool UseCompressedOops                        = true                           {product lp64_product} {ergonomic}
     bool UseLargePagesIndividualAllocation        = false                                  {pd product} {ergonomic}
     bool UseParallelGC                            = true                                      {product} {command line}

Logging:
Log output configuration:
 #0: stdout all=off uptime,level,tags
 #1: stderr all=off uptime,level,tags

Environment Variables:
PATH=C:\Program Files\Common Files\Oracle\Java\javapath;C:\Program Files (x86)\Common Files\Oracle\Java\javapath;C:\WINDOWS\system32;C:\WINDOWS;C:\WINDOWS\System32\Wbem;C:\WINDOWS\System32\WindowsPowerShell\v1.0\;C:\WINDOWS\System32\OpenSSH\;C:\Program Files\dotnet\;C:\Program Files\Common Files\Oracle\Java\javapath;C:\Program Files\Java\jdk-11\bin;C:\Program Files (x86)\Microsoft SQL Server\160\Tools\Binn\;C:\Program Files\Microsoft SQL Server\160\Tools\Binn\;C:\Program Files\Microsoft SQL Server\Client SDK\ODBC\170\Tools\Binn\;C:\Program Files\Microsoft SQL Server\160\DTS\Binn\;C:\Program Files (x86)\Microsoft SQL Server\160\DTS\Binn\;C:\Program Files\Azure Data Studio\bin;C:\Program Files\apache-maven-3.9.6\bin;C:\Program Files\Git\cmd;C:\Program Files\nodejs\;C:\Users\Kiet\AppData\Local\Microsoft\WindowsApps;C:\Users\Kiet\AppData\Local\Programs\Microsoft VS Code\bin;C:\Users\Kiet\AppData\Local\GitHubDesktop\bin;C:\Users\Kiet\.dotnet\tools;C:\Program Files\Azure Data Studio\bin;C:\Users\Kiet\AppData\Roaming\npm
USERNAME=Kiet
OS=Windows_NT
PROCESSOR_IDENTIFIER=Intel64 Family 6 Model 126 Stepping 5, GenuineIntel
TMP=C:\Users\Kiet\AppData\Local\Temp
TEMP=C:\Users\Kiet\AppData\Local\Temp



Periodic native trim disabled


---------------  S Y S T E M  ---------------

OS:
 Windows 11 , 64 bit Build 22621 (10.0.22621.3235)
OS uptime: 8 days 18:39 hours

CPU: total 8 (initial active 8) (4 cores per cpu, 2 threads per core) family 6 model 126 stepping 5 microcode 0xa6, cx8, cmov, fxsr, ht, mmx, 3dnowpref, sse, sse2, sse3, ssse3, sse4.1, sse4.2, popcnt, lzcnt, tsc, tscinvbit, avx, avx2, aes, erms, clmul, bmi1, bmi2, adx, avx512f, avx512dq, avx512cd, avx512bw, avx512vl, sha, fma, vzeroupper, avx512_vpopcntdq, avx512_vpclmulqdq, avx512_vaes, avx512_vnni, clflush, clflushopt, avx512_vbmi2, avx512_vbmi
Processor Information for all 8 processors :
  Max Mhz: 1190, Current Mhz: 991, Mhz Limit: 987

Memory: 4k page, system-wide physical 7987M (749M free)
TotalPageFile size 10035M (AvailPageFile size 66M)
current process WorkingSet (physical memory assigned to process): 102M, peak: 102M
current process commit charge ("private bytes"): 212M, peak: 212M

vm_info: OpenJDK 64-Bit Server VM (17.0.10+7) for windows-amd64 JRE (17.0.10+7), built on Jan 16 2024 23:25:11 by "admin" with MS VC++ 16.10 / 16.11 (VS2019)

END.
