#
# There is insufficient memory for the Java Runtime Environment to continue.
# Native memory allocation (malloc) failed to allocate 1544176 bytes for Chunk::new
# Possible reasons:
#   The system is out of physical RAM or swap space
#   The process is running with CompressedOops enabled, and the Java Heap may be blocking the growth of the native heap
# Possible solutions:
#   Reduce memory load on the system
#   Increase physical memory or swap space
#   Check if swap backing store is full
#   Decrease Java heap size (-Xmx/-Xms)
#   Decrease number of Java threads
#   Decrease Java thread stack sizes (-Xss)
#   Set larger code cache with -XX:ReservedCodeCacheSize=
#   JVM is running with Unscaled Compressed Oops mode in which the Java heap is
#     placed in the first 4GB address space. The Java Heap base address is the
#     maximum limit for the native heap growth. Please use -XX:HeapBaseMinAddress
#     to set the Java Heap base and to place the Java Heap above 4GB virtual address.
# This output file may be truncated or incomplete.
#
#  Out of Memory Error (arena.cpp:191), pid=5496, tid=20240
#
# JRE version: OpenJDK Runtime Environment Temurin-17.0.10+7 (17.0.10+7) (build 17.0.10+7)
# Java VM: OpenJDK 64-Bit Server VM Temurin-17.0.10+7 (17.0.10+7, mixed mode, tiered, compressed oops, compressed class ptrs, parallel gc, windows-amd64)
# No core dump will be written. Minidumps are not enabled by default on client versions of Windows
#

---------------  S U M M A R Y ------------

Command Line: --add-modules=ALL-SYSTEM --add-opens=java.base/java.util=ALL-UNNAMED --add-opens=java.base/java.lang=ALL-UNNAMED --add-opens=java.base/sun.nio.fs=ALL-UNNAMED -Declipse.application=org.eclipse.jdt.ls.core.id1 -Dosgi.bundles.defaultStartLevel=4 -Declipse.product=org.eclipse.jdt.ls.core.product -Djava.import.generatesMetadataFilesAtProjectRoot=false -DDetectVMInstallationsJob.disabled=true -Dfile.encoding=utf8 -XX:+UseParallelGC -XX:GCTimeRatio=4 -XX:AdaptiveSizePolicyWeight=90 -Dsun.zip.disableMemoryMapping=true -Xmx1G -Xms100m -Xlog:disable -javaagent:c:\Users\Kiet\.vscode\extensions\redhat.java-1.30.0-win32-x64\lombok\lombok-1.18.32.jar c:\Users\Kiet\.vscode\extensions\redhat.java-1.30.0-win32-x64\server\plugins\org.eclipse.equinox.launcher_1.6.800.v20240330-1250.jar -configuration c:\Users\Kiet\AppData\Roaming\Code\User\globalStorage\redhat.java\1.30.0\config_ss_win -data c:\Users\Kiet\AppData\Roaming\Code\User\workspaceStorage\b3b38d78d4b70df6aa0616a4b888d3ad\redhat.java\ss_ws --pipe=\\.\pipe\lsp-adf91cf8b82903372c39d259c973ec25-sock

Host: Intel(R) Core(TM) i5-1035G1 CPU @ 1.00GHz, 8 cores, 7G,  Windows 11 , 64 bit Build 22621 (10.0.22621.3374)
Time: Sun May 12 15:06:14 2024 SE Asia Standard Time elapsed time: 5.769844 seconds (0d 0h 0m 5s)

---------------  T H R E A D  ---------------

Current thread (0x000001a3fe3af4d0):  JavaThread "C2 CompilerThread0" daemon [_thread_in_native, id=20240, stack(0x0000000af5d00000,0x0000000af5e00000)]


Current CompileTask:
C2:   5769 3398       4       org.eclipse.core.internal.watson.ElementTreeIterator::doIteration (114 bytes)

Stack: [0x0000000af5d00000,0x0000000af5e00000]
Native frames: (J=compiled Java code, j=interpreted, Vv=VM code, C=native code)
V  [jvm.dll+0x67d2c9]
V  [jvm.dll+0x834afa]
V  [jvm.dll+0x8365be]
V  [jvm.dll+0x836c23]
V  [jvm.dll+0x2477ff]
V  [jvm.dll+0xac514]
V  [jvm.dll+0xacb5c]
V  [jvm.dll+0x366782]
V  [jvm.dll+0x330bfa]
V  [jvm.dll+0x33009a]
V  [jvm.dll+0x219ef1]
V  [jvm.dll+0x219311]
V  [jvm.dll+0x1a502d]
V  [jvm.dll+0x2290de]
V  [jvm.dll+0x2272ac]
V  [jvm.dll+0x7e9bb7]
V  [jvm.dll+0x7e3fba]
V  [jvm.dll+0x67c1b5]
C  [ucrtbase.dll+0x29333]
C  [KERNEL32.DLL+0x1257d]
C  [ntdll.dll+0x5aa48]


---------------  P R O C E S S  ---------------

Threads class SMR info:
_java_thread_list=0x000001a380298e50, length=36, elements={
0x000001a3e543f070, 0x000001a3f92c0010, 0x000001a3f92c1370, 0x000001a3f92ce050,
0x000001a3f92ce9c0, 0x000001a3fe3a7510, 0x000001a3fe3a8170, 0x000001a3fe3af4d0,
0x000001a3fe3b1f90, 0x000001a3fe3bb160, 0x000001a3fe4ef5e0, 0x000001a3fe6e8940,
0x000001a3ffb15190, 0x000001a3800bd090, 0x000001a3ffbd4c70, 0x000001a3ffbaa320,
0x000001a3ffb681b0, 0x000001a3fe466a00, 0x000001a3fe466f10, 0x000001a3fe467420,
0x000001a3fe468860, 0x000001a3fe468350, 0x000001a3fe4650b0, 0x000001a3fe465ad0,
0x000001a3fe465fe0, 0x000001a38066c060, 0x000001a3806725a0, 0x000001a38066dec0,
0x000001a38066edf0, 0x000001a380670230, 0x000001a380670740, 0x000001a38066c570,
0x000001a38066d9b0, 0x000001a380ea6f70, 0x000001a380670c50, 0x000001a381889450
}

Java Threads: ( => current thread )
  0x000001a3e543f070 JavaThread "main" [_thread_blocked, id=11252, stack(0x0000000af5400000,0x0000000af5500000)]
  0x000001a3f92c0010 JavaThread "Reference Handler" daemon [_thread_blocked, id=16412, stack(0x0000000af5700000,0x0000000af5800000)]
  0x000001a3f92c1370 JavaThread "Finalizer" daemon [_thread_blocked, id=8948, stack(0x0000000af5800000,0x0000000af5900000)]
  0x000001a3f92ce050 JavaThread "Signal Dispatcher" daemon [_thread_blocked, id=18944, stack(0x0000000af5900000,0x0000000af5a00000)]
  0x000001a3f92ce9c0 JavaThread "Attach Listener" daemon [_thread_blocked, id=15948, stack(0x0000000af5a00000,0x0000000af5b00000)]
  0x000001a3fe3a7510 JavaThread "Service Thread" daemon [_thread_blocked, id=15488, stack(0x0000000af5b00000,0x0000000af5c00000)]
  0x000001a3fe3a8170 JavaThread "Monitor Deflation Thread" daemon [_thread_blocked, id=4328, stack(0x0000000af5c00000,0x0000000af5d00000)]
=>0x000001a3fe3af4d0 JavaThread "C2 CompilerThread0" daemon [_thread_in_native, id=20240, stack(0x0000000af5d00000,0x0000000af5e00000)]
  0x000001a3fe3b1f90 JavaThread "C1 CompilerThread0" daemon [_thread_blocked, id=17924, stack(0x0000000af5e00000,0x0000000af5f00000)]
  0x000001a3fe3bb160 JavaThread "Sweeper thread" daemon [_thread_blocked, id=20952, stack(0x0000000af5f00000,0x0000000af6000000)]
  0x000001a3fe4ef5e0 JavaThread "Common-Cleaner" daemon [_thread_blocked, id=11944, stack(0x0000000af6000000,0x0000000af6100000)]
  0x000001a3fe6e8940 JavaThread "Notification Thread" daemon [_thread_blocked, id=15324, stack(0x0000000af6100000,0x0000000af6200000)]
  0x000001a3ffb15190 JavaThread "Active Thread: Equinox Container: 55b2a242-ea56-4b24-bacb-7f3660907e61" [_thread_blocked, id=18992, stack(0x0000000af6a00000,0x0000000af6b00000)]
  0x000001a3800bd090 JavaThread "Framework Event Dispatcher: Equinox Container: 55b2a242-ea56-4b24-bacb-7f3660907e61" daemon [_thread_blocked, id=13796, stack(0x0000000af6b00000,0x0000000af6c00000)]
  0x000001a3ffbd4c70 JavaThread "Start Level: Equinox Container: 55b2a242-ea56-4b24-bacb-7f3660907e61" daemon [_thread_blocked, id=12452, stack(0x0000000af6c00000,0x0000000af6d00000)]
  0x000001a3ffbaa320 JavaThread "SCR Component Actor" daemon [_thread_blocked, id=11960, stack(0x0000000af6d00000,0x0000000af6e00000)]
  0x000001a3ffb681b0 JavaThread "SCR Component Registry" daemon [_thread_blocked, id=13588, stack(0x0000000af6f00000,0x0000000af7000000)]
  0x000001a3fe466a00 JavaThread "Worker-JM" [_thread_blocked, id=9028, stack(0x0000000af7000000,0x0000000af7100000)]
  0x000001a3fe466f10 JavaThread "Worker-0" [_thread_blocked, id=6784, stack(0x0000000af7100000,0x0000000af7200000)]
  0x000001a3fe467420 JavaThread "Worker-1" [_thread_blocked, id=14476, stack(0x0000000af7200000,0x0000000af7300000)]
  0x000001a3fe468860 JavaThread "JNA Cleaner" daemon [_thread_blocked, id=9280, stack(0x0000000af7400000,0x0000000af7500000)]
  0x000001a3fe468350 JavaThread "Thread-2" daemon [_thread_in_native, id=2336, stack(0x0000000af7500000,0x0000000af7600000)]
  0x000001a3fe4650b0 JavaThread "Thread-3" daemon [_thread_in_native, id=18116, stack(0x0000000af7600000,0x0000000af7700000)]
  0x000001a3fe465ad0 JavaThread "Thread-4" daemon [_thread_in_native, id=17468, stack(0x0000000af7700000,0x0000000af7800000)]
  0x000001a3fe465fe0 JavaThread "Thread-5" daemon [_thread_in_native, id=16608, stack(0x0000000af7800000,0x0000000af7900000)]
  0x000001a38066c060 JavaThread "Thread-6" daemon [_thread_in_native, id=12140, stack(0x0000000af7900000,0x0000000af7a00000)]
  0x000001a3806725a0 JavaThread "Thread-7" daemon [_thread_in_native, id=7256, stack(0x0000000af7a00000,0x0000000af7b00000)]
  0x000001a38066dec0 JavaThread "Thread-8" daemon [_thread_in_native, id=18556, stack(0x0000000af7b00000,0x0000000af7c00000)]
  0x000001a38066edf0 JavaThread "Thread-9" daemon [_thread_in_native, id=19908, stack(0x0000000af7c00000,0x0000000af7d00000)]
  0x000001a380670230 JavaThread "Thread-10" daemon [_thread_in_native, id=5132, stack(0x0000000af7d00000,0x0000000af7e00000)]
  0x000001a380670740 JavaThread "pool-2-thread-1" [_thread_blocked, id=11696, stack(0x0000000af7e00000,0x0000000af7f00000)]
  0x000001a38066c570 JavaThread "WorkspaceEventsHandler" [_thread_blocked, id=1188, stack(0x0000000af6900000,0x0000000af6a00000)]
  0x000001a38066d9b0 JavaThread "pool-1-thread-1" [_thread_in_vm, id=1472, stack(0x0000000af7300000,0x0000000af7400000)]
  0x000001a380ea6f70 JavaThread "C2 CompilerThread1" daemon [_thread_in_native, id=20080, stack(0x0000000af7f00000,0x0000000af8000000)]
  0x000001a380670c50 JavaThread "Worker-2: Initialize Workspace" [_thread_in_vm, id=11736, stack(0x0000000af8000000,0x0000000af8100000)]
  0x000001a381889450 JavaThread "C2 CompilerThread2" daemon [_thread_in_native, id=6456, stack(0x0000000af8100000,0x0000000af8200000)]

Other Threads:
  0x000001a3fe3714b0 VMThread "VM Thread" [stack: 0x0000000af5600000,0x0000000af5700000] [id=10704]
  0x000001a3fe6de170 WatcherThread [stack: 0x0000000af6200000,0x0000000af6300000] [id=5636]
  0x000001a3e5453df0 GCTaskThread "GC Thread#0" [stack: 0x0000000af5500000,0x0000000af5600000] [id=17704]
  0x000001a3ffa55ff0 GCTaskThread "GC Thread#1" [stack: 0x0000000af6300000,0x0000000af6400000] [id=6104]
  0x000001a3ff8d4580 GCTaskThread "GC Thread#2" [stack: 0x0000000af6400000,0x0000000af6500000] [id=7216]
  0x000001a3ff8d4840 GCTaskThread "GC Thread#3" [stack: 0x0000000af6500000,0x0000000af6600000] [id=4324]
  0x000001a3ff8d5310 GCTaskThread "GC Thread#4" [stack: 0x0000000af6600000,0x0000000af6700000] [id=13652]
  0x000001a3ff8d55d0 GCTaskThread "GC Thread#5" [stack: 0x0000000af6700000,0x0000000af6800000] [id=9648]
  0x000001a3ff885970 GCTaskThread "GC Thread#6" [stack: 0x0000000af6800000,0x0000000af6900000] [id=4920]
  0x000001a3ffc27d20 GCTaskThread "GC Thread#7" [stack: 0x0000000af6e00000,0x0000000af6f00000] [id=16616]

Threads with active compile tasks:
C2 CompilerThread0     5797 3398       4       org.eclipse.core.internal.watson.ElementTreeIterator::doIteration (114 bytes)
C2 CompilerThread1     5798 3546       4       org.eclipse.core.internal.dtree.AbstractDataTreeNode::compareWithParent (133 bytes)
C2 CompilerThread2     5798 3456   !   4       org.eclipse.jdt.ls.core.internal.LogReader$LogEntry::processEntry (219 bytes)

VM state: not at safepoint (normal execution)

VM Mutex/Monitor currently owned by a thread:  ([mutex/lock_event])
[0x000001a3e543a2a0] Metaspace_lock - owner thread: 0x000001a38066d9b0

Heap address: 0x00000000c0000000, size: 1024 MB, Compressed Oops mode: 32-bit

CDS archive(s) not mapped
Compressed class space mapped at: 0x0000000100000000-0x0000000140000000, reserved size: 1073741824
Narrow klass base: 0x0000000000000000, Narrow klass shift: 3, Narrow klass range: 0x140000000

GC Precious Log:
 CPUs: 8 total, 8 available
 Memory: 7987M
 Large Page Support: Disabled
 NUMA Support: Disabled
 Compressed Oops: Enabled (32-bit)
 Alignments: Space 512K, Generation 512K, Heap 2M
 Heap Min Capacity: 100M
 Heap Initial Capacity: 100M
 Heap Max Capacity: 1G
 Pre-touch: Disabled
 Parallel Workers: 8

Heap:
 PSYoungGen      total 27648K, used 21947K [0x00000000eab00000, 0x00000000ecb00000, 0x0000000100000000)
  eden space 23552K, 93% used [0x00000000eab00000,0x00000000ec06ef30,0x00000000ec200000)
  from space 4096K, 0% used [0x00000000ec280000,0x00000000ec280000,0x00000000ec680000)
  to   space 4608K, 0% used [0x00000000ec680000,0x00000000ec680000,0x00000000ecb00000)
 ParOldGen       total 68608K, used 12881K [0x00000000c0000000, 0x00000000c4300000, 0x00000000eab00000)
  object space 68608K, 18% used [0x00000000c0000000,0x00000000c0c94720,0x00000000c4300000)
 Metaspace       used 36255K, committed 36928K, reserved 1114112K
  class space    used 3613K, committed 3904K, reserved 1048576K

Card table byte_map: [0x000001a3e4de0000,0x000001a3e4ff0000] _byte_map_base: 0x000001a3e47e0000

Marking Bits: (ParMarkBitMap*) 0x00007ffebd99d7d0
 Begin Bits: [0x000001a3f70d0000, 0x000001a3f80d0000)
 End Bits:   [0x000001a3f80d0000, 0x000001a3f90d0000)

Polling page: 0x000001a3e3220000

Metaspace:

Usage:
  Non-class:     31.88 MB used.
      Class:      3.53 MB used.
       Both:     35.41 MB used.

Virtual space:
  Non-class space:       64.00 MB reserved,      32.25 MB ( 50%) committed,  1 nodes.
      Class space:        1.00 GB reserved,       3.81 MB ( <1%) committed,  1 nodes.
             Both:        1.06 GB reserved,      36.06 MB (  3%) committed. 

Chunk freelists:
   Non-Class:  14.86 MB
       Class:  12.14 MB
        Both:  27.00 MB

MaxMetaspaceSize: unlimited
CompressedClassSpaceSize: 1.00 GB
Initial GC threshold: 21.00 MB
Current GC threshold: 58.38 MB
CDS: off
MetaspaceReclaimPolicy: balanced
 - commit_granule_bytes: 65536.
 - commit_granule_words: 8192.
 - virtual_space_node_default_size: 8388608.
 - enlarge_chunks_in_place: 1.
 - new_chunks_are_fully_committed: 0.
 - uncommit_free_chunks: 1.
 - use_allocation_guard: 0.
 - handle_deallocations: 1.


Internal statistics:

num_allocs_failed_limit: 6.
num_arena_births: 362.
num_arena_deaths: 14.
num_vsnodes_births: 2.
num_vsnodes_deaths: 0.
num_space_committed: 577.
num_space_uncommitted: 0.
num_chunks_returned_to_freelist: 20.
num_chunks_taken_from_freelist: 1443.
num_chunk_merges: 10.
num_chunk_splits: 948.
num_chunks_enlarged: 645.
num_inconsistent_stats: 0.

CodeHeap 'non-profiled nmethods': size=120000Kb used=1665Kb max_used=1665Kb free=118334Kb
 bounds [0x000001a3efba0000, 0x000001a3efe10000, 0x000001a3f70d0000]
CodeHeap 'profiled nmethods': size=120000Kb used=7384Kb max_used=7384Kb free=112615Kb
 bounds [0x000001a3e80d0000, 0x000001a3e8810000, 0x000001a3ef600000]
CodeHeap 'non-nmethods': size=5760Kb used=1292Kb max_used=1321Kb free=4467Kb
 bounds [0x000001a3ef600000, 0x000001a3ef870000, 0x000001a3efba0000]
 total_blobs=4203 nmethods=3593 adapters=523
 compilation: enabled
              stopped_count=0, restarted_count=0
 full_count=0

Compilation events (20 events):
Event: 5.677 Thread 0x000001a3fe3b1f90 3579       3       com.sun.org.apache.xerces.internal.xni.QName::setValues (22 bytes)
Event: 5.677 Thread 0x000001a3fe3b1f90 nmethod 3579 0x000001a3e87fd490 code [0x000001a3e87fd620, 0x000001a3e87fd778]
Event: 5.677 Thread 0x000001a3fe3b1f90 3580       3       com.sun.org.apache.xerces.internal.impl.XMLDocumentFragmentScannerImpl::seekCloseOfStartTag (138 bytes)
Event: 5.678 Thread 0x000001a3fe3b1f90 nmethod 3580 0x000001a3e87fd810 code [0x000001a3e87fda80, 0x000001a3e87fe708]
Event: 5.678 Thread 0x000001a3fe3b1f90 3581       3       com.sun.org.apache.xerces.internal.utils.XMLLimitAnalyzer::addValue (260 bytes)
Event: 5.682 Thread 0x000001a3fe3b1f90 nmethod 3581 0x000001a3e87fea90 code [0x000001a3e87feda0, 0x000001a3e8800188]
Event: 5.682 Thread 0x000001a3fe3b1f90 3588       1       org.eclipse.text.templates.TemplatePersistenceData::getTemplate (5 bytes)
Event: 5.682 Thread 0x000001a3fe3b1f90 nmethod 3588 0x000001a3efd3fc90 code [0x000001a3efd3fe20, 0x000001a3efd3fef8]
Event: 5.683 Thread 0x000001a3fe3b1f90 3590       3       org.eclipse.core.internal.preferences.SortedProperties$$Lambda$160/0x0000000100228ad8::apply (10 bytes)
Event: 5.683 Thread 0x000001a3fe3b1f90 nmethod 3590 0x000001a3e8800890 code [0x000001a3e8800a40, 0x000001a3e8800d08]
Event: 5.685 Thread 0x000001a3fe3b1f90 3591       3       org.eclipse.core.internal.jobs.JobListeners::getJobListenerTimeout (4 bytes)
Event: 5.685 Thread 0x000001a3fe3b1f90 nmethod 3591 0x000001a3e8800e10 code [0x000001a3e8800fa0, 0x000001a3e8801098]
Event: 5.697 Thread 0x000001a3fe3b1f90 3592       1       java.lang.ThreadLocal::initialValue (2 bytes)
Event: 5.697 Thread 0x000001a3fe3b1f90 nmethod 3592 0x000001a3efd3ff90 code [0x000001a3efd40120, 0x000001a3efd401f8]
Event: 5.698 Thread 0x000001a3fe3b1f90 3593  s    3       org.eclipse.core.internal.watson.ElementTree::getElementData (60 bytes)
Event: 5.700 Thread 0x000001a3fe3b1f90 nmethod 3593 0x000001a3e8801110 code [0x000001a3e8801340, 0x000001a3e8801c18]
Event: 5.701 Thread 0x000001a3fe3b1f90 3594       3       org.eclipse.core.internal.resources.Resource::getResourceInfo (14 bytes)
Event: 5.701 Thread 0x000001a3fe3b1f90 nmethod 3594 0x000001a3e8801f10 code [0x000001a3e88020c0, 0x000001a3e88022c8]
Event: 5.709 Thread 0x000001a3fe3b1f90 3595       3       org.eclipse.core.runtime.Path::computeLength (100 bytes)
Event: 5.710 Thread 0x000001a3fe3b1f90 nmethod 3595 0x000001a3e8802390 code [0x000001a3e8802560, 0x000001a3e8802ab8]

GC Heap History (20 events):
Event: 2.052 GC heap before
{Heap before GC invocations=2 (full 0):
 PSYoungGen      total 29696K, used 28756K [0x00000000eab00000, 0x00000000ecc00000, 0x0000000100000000)
  eden space 25600K, 100% used [0x00000000eab00000,0x00000000ec400000,0x00000000ec400000)
  from space 4096K, 77% used [0x00000000ec400000,0x00000000ec715278,0x00000000ec800000)
  to   space 4096K, 0% used [0x00000000ec800000,0x00000000ec800000,0x00000000ecc00000)
 ParOldGen       total 68608K, used 16K [0x00000000c0000000, 0x00000000c4300000, 0x00000000eab00000)
  object space 68608K, 0% used [0x00000000c0000000,0x00000000c0004000,0x00000000c4300000)
 Metaspace       used 14867K, committed 15168K, reserved 1114112K
  class space    used 1504K, committed 1664K, reserved 1048576K
}
Event: 2.058 GC heap after
{Heap after GC invocations=2 (full 0):
 PSYoungGen      total 29696K, used 4067K [0x00000000eab00000, 0x00000000ecc00000, 0x0000000100000000)
  eden space 25600K, 0% used [0x00000000eab00000,0x00000000eab00000,0x00000000ec400000)
  from space 4096K, 99% used [0x00000000ec800000,0x00000000ecbf8f38,0x00000000ecc00000)
  to   space 4096K, 0% used [0x00000000ec400000,0x00000000ec400000,0x00000000ec800000)
 ParOldGen       total 68608K, used 764K [0x00000000c0000000, 0x00000000c4300000, 0x00000000eab00000)
  object space 68608K, 1% used [0x00000000c0000000,0x00000000c00bf360,0x00000000c4300000)
 Metaspace       used 14867K, committed 15168K, reserved 1114112K
  class space    used 1504K, committed 1664K, reserved 1048576K
}
Event: 2.671 GC heap before
{Heap before GC invocations=3 (full 0):
 PSYoungGen      total 29696K, used 29667K [0x00000000eab00000, 0x00000000ecc00000, 0x0000000100000000)
  eden space 25600K, 100% used [0x00000000eab00000,0x00000000ec400000,0x00000000ec400000)
  from space 4096K, 99% used [0x00000000ec800000,0x00000000ecbf8f38,0x00000000ecc00000)
  to   space 4096K, 0% used [0x00000000ec400000,0x00000000ec400000,0x00000000ec800000)
 ParOldGen       total 68608K, used 764K [0x00000000c0000000, 0x00000000c4300000, 0x00000000eab00000)
  object space 68608K, 1% used [0x00000000c0000000,0x00000000c00bf360,0x00000000c4300000)
 Metaspace       used 19772K, committed 20224K, reserved 1114112K
  class space    used 2017K, committed 2176K, reserved 1048576K
}
Event: 2.676 GC heap after
{Heap after GC invocations=3 (full 0):
 PSYoungGen      total 29696K, used 4069K [0x00000000eab00000, 0x00000000ecc00000, 0x0000000100000000)
  eden space 25600K, 0% used [0x00000000eab00000,0x00000000eab00000,0x00000000ec400000)
  from space 4096K, 99% used [0x00000000ec400000,0x00000000ec7f9708,0x00000000ec800000)
  to   space 4096K, 0% used [0x00000000ec800000,0x00000000ec800000,0x00000000ecc00000)
 ParOldGen       total 68608K, used 2710K [0x00000000c0000000, 0x00000000c4300000, 0x00000000eab00000)
  object space 68608K, 3% used [0x00000000c0000000,0x00000000c02a5868,0x00000000c4300000)
 Metaspace       used 19772K, committed 20224K, reserved 1114112K
  class space    used 2017K, committed 2176K, reserved 1048576K
}
Event: 2.884 GC heap before
{Heap before GC invocations=4 (full 0):
 PSYoungGen      total 29696K, used 12269K [0x00000000eab00000, 0x00000000ecc00000, 0x0000000100000000)
  eden space 25600K, 32% used [0x00000000eab00000,0x00000000eb301e18,0x00000000ec400000)
  from space 4096K, 99% used [0x00000000ec400000,0x00000000ec7f9708,0x00000000ec800000)
  to   space 4096K, 0% used [0x00000000ec800000,0x00000000ec800000,0x00000000ecc00000)
 ParOldGen       total 68608K, used 2710K [0x00000000c0000000, 0x00000000c4300000, 0x00000000eab00000)
  object space 68608K, 3% used [0x00000000c0000000,0x00000000c02a5868,0x00000000c4300000)
 Metaspace       used 21016K, committed 21504K, reserved 1114112K
  class space    used 2144K, committed 2368K, reserved 1048576K
}
Event: 2.888 GC heap after
{Heap after GC invocations=4 (full 0):
 PSYoungGen      total 29696K, used 4074K [0x00000000eab00000, 0x00000000ecc00000, 0x0000000100000000)
  eden space 25600K, 0% used [0x00000000eab00000,0x00000000eab00000,0x00000000ec400000)
  from space 4096K, 99% used [0x00000000ec800000,0x00000000ecbfa9c0,0x00000000ecc00000)
  to   space 4096K, 0% used [0x00000000ec400000,0x00000000ec400000,0x00000000ec800000)
 ParOldGen       total 68608K, used 3494K [0x00000000c0000000, 0x00000000c4300000, 0x00000000eab00000)
  object space 68608K, 5% used [0x00000000c0000000,0x00000000c0369888,0x00000000c4300000)
 Metaspace       used 21016K, committed 21504K, reserved 1114112K
  class space    used 2144K, committed 2368K, reserved 1048576K
}
Event: 2.888 GC heap before
{Heap before GC invocations=5 (full 1):
 PSYoungGen      total 29696K, used 4074K [0x00000000eab00000, 0x00000000ecc00000, 0x0000000100000000)
  eden space 25600K, 0% used [0x00000000eab00000,0x00000000eab00000,0x00000000ec400000)
  from space 4096K, 99% used [0x00000000ec800000,0x00000000ecbfa9c0,0x00000000ecc00000)
  to   space 4096K, 0% used [0x00000000ec400000,0x00000000ec400000,0x00000000ec800000)
 ParOldGen       total 68608K, used 3494K [0x00000000c0000000, 0x00000000c4300000, 0x00000000eab00000)
  object space 68608K, 5% used [0x00000000c0000000,0x00000000c0369888,0x00000000c4300000)
 Metaspace       used 21016K, committed 21504K, reserved 1114112K
  class space    used 2144K, committed 2368K, reserved 1048576K
}
Event: 2.916 GC heap after
{Heap after GC invocations=5 (full 1):
 PSYoungGen      total 29696K, used 0K [0x00000000eab00000, 0x00000000ecc00000, 0x0000000100000000)
  eden space 25600K, 0% used [0x00000000eab00000,0x00000000eab00000,0x00000000ec400000)
  from space 4096K, 0% used [0x00000000ec800000,0x00000000ec800000,0x00000000ecc00000)
  to   space 4096K, 0% used [0x00000000ec400000,0x00000000ec400000,0x00000000ec800000)
 ParOldGen       total 68608K, used 7405K [0x00000000c0000000, 0x00000000c4300000, 0x00000000eab00000)
  object space 68608K, 10% used [0x00000000c0000000,0x00000000c073b7c8,0x00000000c4300000)
 Metaspace       used 21003K, committed 21504K, reserved 1114112K
  class space    used 2140K, committed 2368K, reserved 1048576K
}
Event: 3.147 GC heap before
{Heap before GC invocations=6 (full 1):
 PSYoungGen      total 29696K, used 25600K [0x00000000eab00000, 0x00000000ecc00000, 0x0000000100000000)
  eden space 25600K, 100% used [0x00000000eab00000,0x00000000ec400000,0x00000000ec400000)
  from space 4096K, 0% used [0x00000000ec800000,0x00000000ec800000,0x00000000ecc00000)
  to   space 4096K, 0% used [0x00000000ec400000,0x00000000ec400000,0x00000000ec800000)
 ParOldGen       total 68608K, used 7405K [0x00000000c0000000, 0x00000000c4300000, 0x00000000eab00000)
  object space 68608K, 10% used [0x00000000c0000000,0x00000000c073b7c8,0x00000000c4300000)
 Metaspace       used 24043K, committed 24512K, reserved 1114112K
  class space    used 2371K, committed 2560K, reserved 1048576K
}
Event: 3.148 GC heap after
{Heap after GC invocations=6 (full 1):
 PSYoungGen      total 25600K, used 451K [0x00000000eab00000, 0x00000000ec880000, 0x0000000100000000)
  eden space 25088K, 0% used [0x00000000eab00000,0x00000000eab00000,0x00000000ec380000)
  from space 512K, 88% used [0x00000000ec400000,0x00000000ec470f38,0x00000000ec480000)
  to   space 2560K, 0% used [0x00000000ec600000,0x00000000ec600000,0x00000000ec880000)
 ParOldGen       total 68608K, used 7413K [0x00000000c0000000, 0x00000000c4300000, 0x00000000eab00000)
  object space 68608K, 10% used [0x00000000c0000000,0x00000000c073d7c8,0x00000000c4300000)
 Metaspace       used 24043K, committed 24512K, reserved 1114112K
  class space    used 2371K, committed 2560K, reserved 1048576K
}
Event: 3.363 GC heap before
{Heap before GC invocations=7 (full 1):
 PSYoungGen      total 25600K, used 25539K [0x00000000eab00000, 0x00000000ec880000, 0x0000000100000000)
  eden space 25088K, 100% used [0x00000000eab00000,0x00000000ec380000,0x00000000ec380000)
  from space 512K, 88% used [0x00000000ec400000,0x00000000ec470f38,0x00000000ec480000)
  to   space 2560K, 0% used [0x00000000ec600000,0x00000000ec600000,0x00000000ec880000)
 ParOldGen       total 68608K, used 7413K [0x00000000c0000000, 0x00000000c4300000, 0x00000000eab00000)
  object space 68608K, 10% used [0x00000000c0000000,0x00000000c073d7c8,0x00000000c4300000)
 Metaspace       used 26767K, committed 27328K, reserved 1114112K
  class space    used 2578K, committed 2816K, reserved 1048576K
}
Event: 3.365 GC heap after
{Heap after GC invocations=7 (full 1):
 PSYoungGen      total 27136K, used 2348K [0x00000000eab00000, 0x00000000ec900000, 0x0000000100000000)
  eden space 24576K, 0% used [0x00000000eab00000,0x00000000eab00000,0x00000000ec300000)
  from space 2560K, 91% used [0x00000000ec600000,0x00000000ec84b1e8,0x00000000ec880000)
  to   space 3072K, 0% used [0x00000000ec300000,0x00000000ec300000,0x00000000ec600000)
 ParOldGen       total 68608K, used 7421K [0x00000000c0000000, 0x00000000c4300000, 0x00000000eab00000)
  object space 68608K, 10% used [0x00000000c0000000,0x00000000c073f7c8,0x00000000c4300000)
 Metaspace       used 26767K, committed 27328K, reserved 1114112K
  class space    used 2578K, committed 2816K, reserved 1048576K
}
Event: 4.312 GC heap before
{Heap before GC invocations=8 (full 1):
 PSYoungGen      total 27136K, used 26908K [0x00000000eab00000, 0x00000000ec900000, 0x0000000100000000)
  eden space 24576K, 99% used [0x00000000eab00000,0x00000000ec2fc0f8,0x00000000ec300000)
  from space 2560K, 91% used [0x00000000ec600000,0x00000000ec84b1e8,0x00000000ec880000)
  to   space 3072K, 0% used [0x00000000ec300000,0x00000000ec300000,0x00000000ec600000)
 ParOldGen       total 68608K, used 7421K [0x00000000c0000000, 0x00000000c4300000, 0x00000000eab00000)
  object space 68608K, 10% used [0x00000000c0000000,0x00000000c073f7c8,0x00000000c4300000)
 Metaspace       used 30341K, committed 30912K, reserved 1114112K
  class space    used 2933K, committed 3136K, reserved 1048576K
}
Event: 4.314 GC heap after
{Heap after GC invocations=8 (full 1):
 PSYoungGen      total 27136K, used 3054K [0x00000000eab00000, 0x00000000ecc80000, 0x0000000100000000)
  eden space 24064K, 0% used [0x00000000eab00000,0x00000000eab00000,0x00000000ec280000)
  from space 3072K, 99% used [0x00000000ec300000,0x00000000ec5fba08,0x00000000ec600000)
  to   space 5120K, 0% used [0x00000000ec780000,0x00000000ec780000,0x00000000ecc80000)
 ParOldGen       total 68608K, used 8598K [0x00000000c0000000, 0x00000000c4300000, 0x00000000eab00000)
  object space 68608K, 12% used [0x00000000c0000000,0x00000000c08658b8,0x00000000c4300000)
 Metaspace       used 30341K, committed 30912K, reserved 1114112K
  class space    used 2933K, committed 3136K, reserved 1048576K
}
Event: 4.952 GC heap before
{Heap before GC invocations=9 (full 1):
 PSYoungGen      total 27136K, used 27118K [0x00000000eab00000, 0x00000000ecc80000, 0x0000000100000000)
  eden space 24064K, 100% used [0x00000000eab00000,0x00000000ec280000,0x00000000ec280000)
  from space 3072K, 99% used [0x00000000ec300000,0x00000000ec5fba08,0x00000000ec600000)
  to   space 5120K, 0% used [0x00000000ec780000,0x00000000ec780000,0x00000000ecc80000)
 ParOldGen       total 68608K, used 8598K [0x00000000c0000000, 0x00000000c4300000, 0x00000000eab00000)
  object space 68608K, 12% used [0x00000000c0000000,0x00000000c08658b8,0x00000000c4300000)
 Metaspace       used 33739K, committed 34496K, reserved 1114112K
  class space    used 3338K, committed 3648K, reserved 1048576K
}
Event: 4.955 GC heap after
{Heap after GC invocations=9 (full 1):
 PSYoungGen      total 28672K, used 4853K [0x00000000eab00000, 0x00000000ecc80000, 0x0000000100000000)
  eden space 23552K, 0% used [0x00000000eab00000,0x00000000eab00000,0x00000000ec200000)
  from space 5120K, 94% used [0x00000000ec780000,0x00000000ecc3d438,0x00000000ecc80000)
  to   space 5120K, 0% used [0x00000000ec280000,0x00000000ec280000,0x00000000ec780000)
 ParOldGen       total 68608K, used 8606K [0x00000000c0000000, 0x00000000c4300000, 0x00000000eab00000)
  object space 68608K, 12% used [0x00000000c0000000,0x00000000c08678b8,0x00000000c4300000)
 Metaspace       used 33739K, committed 34496K, reserved 1114112K
  class space    used 3338K, committed 3648K, reserved 1048576K
}
Event: 5.241 GC heap before
{Heap before GC invocations=10 (full 1):
 PSYoungGen      total 28672K, used 14555K [0x00000000eab00000, 0x00000000ecc80000, 0x0000000100000000)
  eden space 23552K, 41% used [0x00000000eab00000,0x00000000eb4798c0,0x00000000ec200000)
  from space 5120K, 94% used [0x00000000ec780000,0x00000000ecc3d438,0x00000000ecc80000)
  to   space 5120K, 0% used [0x00000000ec280000,0x00000000ec280000,0x00000000ec780000)
 ParOldGen       total 68608K, used 8606K [0x00000000c0000000, 0x00000000c4300000, 0x00000000eab00000)
  object space 68608K, 12% used [0x00000000c0000000,0x00000000c08678b8,0x00000000c4300000)
 Metaspace       used 35131K, committed 35840K, reserved 1114112K
  class space    used 3507K, committed 3840K, reserved 1048576K
}
Event: 5.244 GC heap after
{Heap after GC invocations=10 (full 1):
 PSYoungGen      total 27648K, used 3932K [0x00000000eab00000, 0x00000000ecb00000, 0x0000000100000000)
  eden space 23552K, 0% used [0x00000000eab00000,0x00000000eab00000,0x00000000ec200000)
  from space 4096K, 96% used [0x00000000ec280000,0x00000000ec657248,0x00000000ec680000)
  to   space 4608K, 0% used [0x00000000ec680000,0x00000000ec680000,0x00000000ecb00000)
 ParOldGen       total 68608K, used 9952K [0x00000000c0000000, 0x00000000c4300000, 0x00000000eab00000)
  object space 68608K, 14% used [0x00000000c0000000,0x00000000c09b8098,0x00000000c4300000)
 Metaspace       used 35131K, committed 35840K, reserved 1114112K
  class space    used 3507K, committed 3840K, reserved 1048576K
}
Event: 5.244 GC heap before
{Heap before GC invocations=11 (full 2):
 PSYoungGen      total 27648K, used 3932K [0x00000000eab00000, 0x00000000ecb00000, 0x0000000100000000)
  eden space 23552K, 0% used [0x00000000eab00000,0x00000000eab00000,0x00000000ec200000)
  from space 4096K, 96% used [0x00000000ec280000,0x00000000ec657248,0x00000000ec680000)
  to   space 4608K, 0% used [0x00000000ec680000,0x00000000ec680000,0x00000000ecb00000)
 ParOldGen       total 68608K, used 9952K [0x00000000c0000000, 0x00000000c4300000, 0x00000000eab00000)
  object space 68608K, 14% used [0x00000000c0000000,0x00000000c09b8098,0x00000000c4300000)
 Metaspace       used 35131K, committed 35840K, reserved 1114112K
  class space    used 3507K, committed 3840K, reserved 1048576K
}
Event: 5.269 GC heap after
{Heap after GC invocations=11 (full 2):
 PSYoungGen      total 27648K, used 0K [0x00000000eab00000, 0x00000000ecb00000, 0x0000000100000000)
  eden space 23552K, 0% used [0x00000000eab00000,0x00000000eab00000,0x00000000ec200000)
  from space 4096K, 0% used [0x00000000ec280000,0x00000000ec280000,0x00000000ec680000)
  to   space 4608K, 0% used [0x00000000ec680000,0x00000000ec680000,0x00000000ecb00000)
 ParOldGen       total 68608K, used 12881K [0x00000000c0000000, 0x00000000c4300000, 0x00000000eab00000)
  object space 68608K, 18% used [0x00000000c0000000,0x00000000c0c94720,0x00000000c4300000)
 Metaspace       used 35131K, committed 35840K, reserved 1114112K
  class space    used 3507K, committed 3840K, reserved 1048576K
}

Dll operation events (10 events):
Event: 0.010 Loaded shared library c:\Users\Kiet\.vscode\extensions\redhat.java-1.30.0-win32-x64\jre\17.0.10-win32-x86_64\bin\java.dll
Event: 0.202 Loaded shared library c:\Users\Kiet\.vscode\extensions\redhat.java-1.30.0-win32-x64\jre\17.0.10-win32-x86_64\bin\zip.dll
Event: 0.205 Loaded shared library C:\Users\Kiet\.vscode\extensions\redhat.java-1.30.0-win32-x64\jre\17.0.10-win32-x86_64\bin\instrument.dll
Event: 0.217 Loaded shared library C:\Users\Kiet\.vscode\extensions\redhat.java-1.30.0-win32-x64\jre\17.0.10-win32-x86_64\bin\net.dll
Event: 0.219 Loaded shared library C:\Users\Kiet\.vscode\extensions\redhat.java-1.30.0-win32-x64\jre\17.0.10-win32-x86_64\bin\nio.dll
Event: 0.228 Loaded shared library C:\Users\Kiet\.vscode\extensions\redhat.java-1.30.0-win32-x64\jre\17.0.10-win32-x86_64\bin\zip.dll
Event: 0.253 Loaded shared library C:\Users\Kiet\.vscode\extensions\redhat.java-1.30.0-win32-x64\jre\17.0.10-win32-x86_64\bin\jimage.dll
Event: 0.380 Loaded shared library c:\Users\Kiet\.vscode\extensions\redhat.java-1.30.0-win32-x64\jre\17.0.10-win32-x86_64\bin\verify.dll
Event: 1.904 Loaded shared library C:\Users\Kiet\AppData\Roaming\Code\User\globalStorage\redhat.java\1.30.0\config_ss_win\org.eclipse.equinox.launcher\org.eclipse.equinox.launcher.win32.win32.x86_64_1.2.900.v20240213-1244\eclipse_11900.dll
Event: 4.692 Loaded shared library C:\Users\Kiet\AppData\Local\Temp\jna-2338477\jna1228923613481893548.dll

Deoptimization events (20 events):
Event: 5.596 Thread 0x000001a38066d9b0 Uncommon trap: trap_request=0xffffff45 fr.pc=0x000001a3efc6ea0c relative=0x00000000000001ec
Event: 5.596 Thread 0x000001a38066d9b0 Uncommon trap: reason=unstable_if action=reinterpret pc=0x000001a3efc6ea0c method=java.net.URI$Parser.scan(IIJJ)I @ 42 c2
Event: 5.597 Thread 0x000001a38066d9b0 DEOPT PACKING pc=0x000001a3efc6ea0c sp=0x0000000af73fda60
Event: 5.597 Thread 0x000001a38066d9b0 DEOPT UNPACKING pc=0x000001a3ef659ea3 sp=0x0000000af73fd9e0 mode 2
Event: 5.636 Thread 0x000001a3fe466f10 Uncommon trap: trap_request=0xffffffc6 fr.pc=0x000001a3efd1c654 relative=0x0000000000000714
Event: 5.636 Thread 0x000001a3fe466f10 Uncommon trap: reason=bimorphic_or_optimized_type_check action=maybe_recompile pc=0x000001a3efd1c654 method=org.eclipse.core.internal.dtree.DeltaDataTree.searchNodeAt(Lorg/eclipse/core/runtime/IPath;)Lorg/eclipse/core/internal/dtree/AbstractDataTreeNode; 
Event: 5.636 Thread 0x000001a3fe466f10 DEOPT PACKING pc=0x000001a3efd1c654 sp=0x0000000af71ff100
Event: 5.636 Thread 0x000001a3fe466f10 DEOPT UNPACKING pc=0x000001a3ef659ea3 sp=0x0000000af71ff0a8 mode 2
Event: 5.636 Thread 0x000001a3fe466f10 Uncommon trap: trap_request=0xffffff45 fr.pc=0x000001a3efd25884 relative=0x0000000000001ac4
Event: 5.636 Thread 0x000001a3fe466f10 Uncommon trap: reason=unstable_if action=reinterpret pc=0x000001a3efd25884 method=org.eclipse.core.internal.dtree.AbstractDataTreeNode.assembleWith(Lorg/eclipse/core/internal/dtree/AbstractDataTreeNode;Lorg/eclipse/core/runtime/IPath;I)Lorg/eclipse/core/i
Event: 5.636 Thread 0x000001a3fe466f10 DEOPT PACKING pc=0x000001a3efd25884 sp=0x0000000af71ff060
Event: 5.636 Thread 0x000001a3fe466f10 DEOPT UNPACKING pc=0x000001a3ef659ea3 sp=0x0000000af71ff030 mode 2
Event: 5.696 Thread 0x000001a3fe467420 Uncommon trap: trap_request=0xffffffc6 fr.pc=0x000001a3efd1c654 relative=0x0000000000000714
Event: 5.696 Thread 0x000001a3fe467420 Uncommon trap: reason=bimorphic_or_optimized_type_check action=maybe_recompile pc=0x000001a3efd1c654 method=org.eclipse.core.internal.dtree.DeltaDataTree.searchNodeAt(Lorg/eclipse/core/runtime/IPath;)Lorg/eclipse/core/internal/dtree/AbstractDataTreeNode; 
Event: 5.696 Thread 0x000001a3fe467420 DEOPT PACKING pc=0x000001a3efd1c654 sp=0x0000000af72fee90
Event: 5.696 Thread 0x000001a3fe467420 DEOPT UNPACKING pc=0x000001a3ef659ea3 sp=0x0000000af72fee38 mode 2
Event: 5.697 Thread 0x000001a3fe467420 Uncommon trap: trap_request=0xffffff45 fr.pc=0x000001a3efd1d6bc relative=0x000000000000085c
Event: 5.697 Thread 0x000001a3fe467420 Uncommon trap: reason=unstable_if action=reinterpret pc=0x000001a3efd1d6bc method=org.eclipse.core.internal.dtree.DeltaDataTree.lookup(Lorg/eclipse/core/runtime/IPath;)Lorg/eclipse/core/internal/dtree/DataTreeLookup; @ 111 c2
Event: 5.698 Thread 0x000001a3fe467420 DEOPT PACKING pc=0x000001a3efd1d6bc sp=0x0000000af72fea70
Event: 5.698 Thread 0x000001a3fe467420 DEOPT UNPACKING pc=0x000001a3ef659ea3 sp=0x0000000af72fea08 mode 2

Classes unloaded (7 events):
Event: 2.893 Thread 0x000001a3fe3714b0 Unloading class 0x000000010021e000 'java/lang/invoke/LambdaForm$MH+0x000000010021e000'
Event: 2.893 Thread 0x000001a3fe3714b0 Unloading class 0x000000010021dc00 'java/lang/invoke/LambdaForm$MH+0x000000010021dc00'
Event: 2.893 Thread 0x000001a3fe3714b0 Unloading class 0x000000010021d800 'java/lang/invoke/LambdaForm$MH+0x000000010021d800'
Event: 2.893 Thread 0x000001a3fe3714b0 Unloading class 0x000000010021d400 'java/lang/invoke/LambdaForm$MH+0x000000010021d400'
Event: 2.893 Thread 0x000001a3fe3714b0 Unloading class 0x000000010021d000 'java/lang/invoke/LambdaForm$BMH+0x000000010021d000'
Event: 2.893 Thread 0x000001a3fe3714b0 Unloading class 0x000000010021cc00 'java/lang/invoke/LambdaForm$DMH+0x000000010021cc00'
Event: 2.893 Thread 0x000001a3fe3714b0 Unloading class 0x000000010021a000 'java/lang/invoke/LambdaForm$DMH+0x000000010021a000'

Classes redefined (0 events):
No events

Internal exceptions (20 events):
Event: 4.125 Thread 0x000001a3ffbd4c70 Exception <a 'java/lang/NoSuchMethodError'{0x00000000ebb01b78}: 'java.lang.Object java.lang.invoke.DirectMethodHandle$Holder.invokeStaticInit(java.lang.Object, int, int, int, int)'> (0x00000000ebb01b78) 
thrown [s\src\hotspot\share\interpreter\linkResolver.cpp, line 759]
Event: 4.210 Thread 0x000001a3ffbd4c70 Exception <a 'java/lang/NoSuchMethodError'{0x00000000ebc1df28}: 'java.lang.Object java.lang.invoke.DirectMethodHandle$Holder.invokeStaticInit(java.lang.Object, java.lang.Object, int, int, int, int)'> (0x00000000ebc1df28) 
thrown [s\src\hotspot\share\interpreter\linkResolver.cpp, line 759]
Event: 4.262 Thread 0x000001a3ffbd4c70 Exception <a 'sun/nio/fs/WindowsException'{0x00000000ebecfe60}> (0x00000000ebecfe60) 
thrown [s\src\hotspot\share\prims\jni.cpp, line 516]
Event: 4.335 Thread 0x000001a3ffbd4c70 Exception <a 'java/lang/ClassNotFoundException'{0x00000000eaca1580}: com/sun/org/apache/xml/internal/serializer/spi/XMLEntitiesProvider> (0x00000000eaca1580) 
thrown [s\src\hotspot\share\classfile\systemDictionary.cpp, line 256]
Event: 4.479 Thread 0x000001a3ffbd4c70 Exception <a 'java/io/FileNotFoundException'{0x00000000eb5a4140}> (0x00000000eb5a4140) 
thrown [s\src\hotspot\share\prims\jni.cpp, line 516]
Event: 4.728 Thread 0x000001a3ffbd4c70 Exception <a 'java/lang/UnsatisfiedLinkError'{0x00000000eb960da0}: The specified procedure could not be found.
> (0x00000000eb960da0) 
thrown [s\src\hotspot\share\prims\jni.cpp, line 535]
Event: 4.735 Thread 0x000001a3ffbd4c70 Exception <a 'java/io/FileNotFoundException'{0x00000000eb986c30}> (0x00000000eb986c30) 
thrown [s\src\hotspot\share\prims\jni.cpp, line 516]
Event: 4.746 Thread 0x000001a3ffbd4c70 Exception <a 'java/io/FileNotFoundException'{0x00000000eba034d0}> (0x00000000eba034d0) 
thrown [s\src\hotspot\share\prims\jni.cpp, line 516]
Event: 4.760 Thread 0x000001a3ffbd4c70 Exception <a 'java/lang/UnsatisfiedLinkError'{0x00000000eba94868}: The specified procedure could not be found.
> (0x00000000eba94868) 
thrown [s\src\hotspot\share\prims\jni.cpp, line 535]
Event: 4.805 Thread 0x000001a3e543f070 Exception <a 'java/lang/NoSuchMethodError'{0x00000000ebc98cc0}: 'java.lang.Object java.lang.invoke.DirectMethodHandle$Holder.invokeStatic(java.lang.Object, java.lang.Object, long, java.lang.Object)'> (0x00000000ebc98cc0) 
thrown [s\src\hotspot\share\interpreter\linkResolver.cpp, line 759]
Event: 4.805 Thread 0x000001a3e543f070 Exception <a 'java/lang/NoSuchMethodError'{0x00000000ebc9c758}: 'java.lang.Object java.lang.invoke.DirectMethodHandle$Holder.invokeStaticInit(java.lang.Object, java.lang.Object, long, java.lang.Object)'> (0x00000000ebc9c758) 
thrown [s\src\hotspot\share\interpreter\linkResolver.cpp, line 759]
Event: 4.807 Thread 0x000001a3e543f070 Exception <a 'java/lang/NoSuchMethodError'{0x00000000ebca2d68}: 'java.lang.Object java.lang.invoke.DirectMethodHandle$Holder.newInvokeSpecial(java.lang.Object, java.lang.Object, long)'> (0x00000000ebca2d68) 
thrown [s\src\hotspot\share\interpreter\linkResolver.cpp, line 759]
Event: 4.891 Thread 0x000001a3e543f070 Exception <a 'java/lang/NoSuchMethodError'{0x00000000ebfaa798}: 'void java.lang.invoke.DirectMethodHandle$Holder.invokeStatic(java.lang.Object, java.lang.Object, java.lang.Object, java.lang.Object)'> (0x00000000ebfaa798) 
thrown [s\src\hotspot\share\interpreter\linkResolver.cpp, line 759]
Event: 5.160 Thread 0x000001a3e543f070 Exception <a 'java/lang/NoSuchMethodError'{0x00000000eb0ff460}: 'void java.lang.invoke.DirectMethodHandle$Holder.invokeSpecial(java.lang.Object, java.lang.Object, java.lang.Object, java.lang.Object, java.lang.Object, java.lang.Object)'> (0x00000000eb0ff460) 
thrown [s\src\hotspot\share\interpreter\linkResolver.cpp, line 759]
Event: 5.162 Thread 0x000001a3e543f070 Exception <a 'java/lang/IncompatibleClassChangeError'{0x00000000eb108d10}: Found class java.lang.Object, but interface was expected> (0x00000000eb108d10) 
thrown [s\src\hotspot\share\interpreter\linkResolver.cpp, line 826]
Event: 5.600 Thread 0x000001a38066d9b0 Exception <a 'java/io/FileNotFoundException'{0x00000000ebd608b0}> (0x00000000ebd608b0) 
thrown [s\src\hotspot\share\prims\jni.cpp, line 516]
Event: 5.682 Thread 0x000001a38066d9b0 Exception <a 'sun/nio/fs/WindowsException'{0x00000000ebf3d0e8}> (0x00000000ebf3d0e8) 
thrown [s\src\hotspot\share\prims\jni.cpp, line 516]
Event: 5.707 Thread 0x000001a3fe467420 Exception <a 'java/io/FileNotFoundException'{0x00000000ebf91440}> (0x00000000ebf91440) 
thrown [s\src\hotspot\share\prims\jni.cpp, line 516]
Event: 5.709 Thread 0x000001a3fe467420 Exception <a 'java/io/FileNotFoundException'{0x00000000ebf92710}> (0x00000000ebf92710) 
thrown [s\src\hotspot\share\prims\jni.cpp, line 516]
Event: 5.710 Thread 0x000001a3fe467420 Exception <a 'java/io/FileNotFoundException'{0x00000000ebf93470}> (0x00000000ebf93470) 
thrown [s\src\hotspot\share\prims\jni.cpp, line 516]

VM Operations (20 events):
Event: 3.698 Executing VM operation: HandshakeAllThreads
Event: 3.698 Executing VM operation: HandshakeAllThreads done
Event: 4.224 Executing VM operation: HandshakeAllThreads
Event: 4.224 Executing VM operation: HandshakeAllThreads done
Event: 4.312 Executing VM operation: ParallelGCFailedAllocation
Event: 4.315 Executing VM operation: ParallelGCFailedAllocation done
Event: 4.381 Executing VM operation: HandshakeAllThreads
Event: 4.381 Executing VM operation: HandshakeAllThreads done
Event: 4.710 Executing VM operation: HandshakeAllThreads
Event: 4.710 Executing VM operation: HandshakeAllThreads done
Event: 4.951 Executing VM operation: ParallelGCFailedAllocation
Event: 4.955 Executing VM operation: ParallelGCFailedAllocation done
Event: 5.241 Executing VM operation: CollectForMetadataAllocation
Event: 5.270 Executing VM operation: CollectForMetadataAllocation done
Event: 5.281 Executing VM operation: HandshakeAllThreads
Event: 5.282 Executing VM operation: HandshakeAllThreads done
Event: 5.340 Executing VM operation: HandshakeAllThreads
Event: 5.364 Executing VM operation: HandshakeAllThreads done
Event: 5.571 Executing VM operation: HandshakeAllThreads
Event: 5.571 Executing VM operation: HandshakeAllThreads done

Events (20 events):
Event: 5.216 loading class java/time/format/DateTimeParseContext
Event: 5.216 loading class java/time/format/DateTimeParseContext done
Event: 5.216 loading class java/time/format/Parsed
Event: 5.217 loading class java/time/format/Parsed done
Event: 5.220 loading class java/time/LocalTime$1
Event: 5.220 loading class java/time/LocalTime$1 done
Event: 5.234 loading class sun/reflect/generics/repository/FieldRepository
Event: 5.234 loading class sun/reflect/generics/repository/FieldRepository done
Event: 5.270 Thread 0x000001a380670c50 Thread added: 0x000001a380670c50
Event: 5.271 loading class jdk/internal/reflect/UnsafeQualifiedIntegerFieldAccessorImpl
Event: 5.271 loading class jdk/internal/reflect/UnsafeQualifiedIntegerFieldAccessorImpl done
Event: 5.294 Thread 0x000001a381889450 Thread added: 0x000001a381889450
Event: 5.540 loading class java/io/InvalidObjectException
Event: 5.540 loading class java/io/ObjectStreamException
Event: 5.540 loading class java/io/ObjectStreamException done
Event: 5.541 loading class java/io/InvalidObjectException done
Event: 5.637 loading class java/util/ServiceConfigurationError
Event: 5.638 loading class java/util/ServiceConfigurationError done
Event: 5.687 loading class java/util/ArrayDeque$DeqSpliterator
Event: 5.688 loading class java/util/ArrayDeque$DeqSpliterator done


Dynamic libraries:
0x00007ff653410000 - 0x00007ff65341e000 	c:\Users\Kiet\.vscode\extensions\redhat.java-1.30.0-win32-x64\jre\17.0.10-win32-x86_64\bin\java.exe
0x00007fff4ae10000 - 0x00007fff4b026000 	C:\WINDOWS\SYSTEM32\ntdll.dll
0x00007fff49db0000 - 0x00007fff49e74000 	C:\WINDOWS\System32\KERNEL32.DLL
0x00007fff48480000 - 0x00007fff48827000 	C:\WINDOWS\System32\KERNELBASE.dll
0x00007fff48980000 - 0x00007fff48a91000 	C:\WINDOWS\System32\ucrtbase.dll
0x00007fff23bd0000 - 0x00007fff23beb000 	c:\Users\Kiet\.vscode\extensions\redhat.java-1.30.0-win32-x64\jre\17.0.10-win32-x86_64\bin\VCRUNTIME140.dll
0x00007fff159b0000 - 0x00007fff159c7000 	c:\Users\Kiet\.vscode\extensions\redhat.java-1.30.0-win32-x64\jre\17.0.10-win32-x86_64\bin\jli.dll
0x00007fff4a830000 - 0x00007fff4a9de000 	C:\WINDOWS\System32\USER32.dll
0x00007fff48aa0000 - 0x00007fff48ac6000 	C:\WINDOWS\System32\win32u.dll
0x00007fff49e90000 - 0x00007fff49eb9000 	C:\WINDOWS\System32\GDI32.dll
0x00007fff47400000 - 0x00007fff47693000 	C:\WINDOWS\WinSxS\amd64_microsoft.windows.common-controls_6595b64144ccf1df_6.0.22621.3235_none_270f74e173860f98\COMCTL32.dll
0x00007fff48830000 - 0x00007fff48949000 	C:\WINDOWS\System32\gdi32full.dll
0x00007fff483e0000 - 0x00007fff4847a000 	C:\WINDOWS\System32\msvcp_win.dll
0x00007fff4a6a0000 - 0x00007fff4a747000 	C:\WINDOWS\System32\msvcrt.dll
0x00007fff4ad90000 - 0x00007fff4adc1000 	C:\WINDOWS\System32\IMM32.DLL
0x00007fff26950000 - 0x00007fff2695c000 	c:\Users\Kiet\.vscode\extensions\redhat.java-1.30.0-win32-x64\jre\17.0.10-win32-x86_64\bin\vcruntime140_1.dll
0x00007fff13110000 - 0x00007fff1319d000 	c:\Users\Kiet\.vscode\extensions\redhat.java-1.30.0-win32-x64\jre\17.0.10-win32-x86_64\bin\msvcp140.dll
0x00007ffebce00000 - 0x00007ffebda62000 	c:\Users\Kiet\.vscode\extensions\redhat.java-1.30.0-win32-x64\jre\17.0.10-win32-x86_64\bin\server\jvm.dll
0x00007fff49ec0000 - 0x00007fff49f72000 	C:\WINDOWS\System32\ADVAPI32.dll
0x00007fff4a780000 - 0x00007fff4a828000 	C:\WINDOWS\System32\sechost.dll
0x00007fff48950000 - 0x00007fff48978000 	C:\WINDOWS\System32\bcrypt.dll
0x00007fff4a280000 - 0x00007fff4a395000 	C:\WINDOWS\System32\RPCRT4.dll
0x00007fff40af0000 - 0x00007fff40b24000 	C:\WINDOWS\SYSTEM32\WINMM.dll
0x00007fff256f0000 - 0x00007fff256f9000 	C:\WINDOWS\SYSTEM32\WSOCK32.dll
0x00007fff4a620000 - 0x00007fff4a691000 	C:\WINDOWS\System32\WS2_32.dll
0x00007fff3f170000 - 0x00007fff3f17a000 	C:\WINDOWS\SYSTEM32\VERSION.dll
0x00007fff48000000 - 0x00007fff4804d000 	C:\WINDOWS\SYSTEM32\POWRPROF.dll
0x00007fff47fe0000 - 0x00007fff47ff3000 	C:\WINDOWS\SYSTEM32\UMPDC.dll
0x00007fff46a90000 - 0x00007fff46aa8000 	C:\WINDOWS\SYSTEM32\kernel.appcore.dll
0x00007fff245a0000 - 0x00007fff245aa000 	c:\Users\Kiet\.vscode\extensions\redhat.java-1.30.0-win32-x64\jre\17.0.10-win32-x86_64\bin\jimage.dll
0x00007fff479c0000 - 0x00007fff47bf3000 	C:\WINDOWS\SYSTEM32\DBGHELP.DLL
0x00007fff4a9e0000 - 0x00007fff4ad68000 	C:\WINDOWS\System32\combase.dll
0x00007fff48bc0000 - 0x00007fff48c97000 	C:\WINDOWS\System32\OLEAUT32.dll
0x00007fff47880000 - 0x00007fff478b2000 	C:\WINDOWS\SYSTEM32\dbgcore.DLL
0x00007fff48360000 - 0x00007fff483d9000 	C:\WINDOWS\System32\bcryptPrimitives.dll
0x00007fff234b0000 - 0x00007fff234be000 	c:\Users\Kiet\.vscode\extensions\redhat.java-1.30.0-win32-x64\jre\17.0.10-win32-x86_64\bin\instrument.dll
0x00007fff130e0000 - 0x00007fff13105000 	c:\Users\Kiet\.vscode\extensions\redhat.java-1.30.0-win32-x64\jre\17.0.10-win32-x86_64\bin\java.dll
0x00007fff0c300000 - 0x00007fff0c318000 	c:\Users\Kiet\.vscode\extensions\redhat.java-1.30.0-win32-x64\jre\17.0.10-win32-x86_64\bin\zip.dll
0x00007fff490d0000 - 0x00007fff4992c000 	C:\WINDOWS\System32\SHELL32.dll
0x00007fff456b0000 - 0x00007fff45fa9000 	C:\WINDOWS\SYSTEM32\windows.storage.dll
0x00007fff45570000 - 0x00007fff456ae000 	C:\WINDOWS\SYSTEM32\wintypes.dll
0x00007fff4a170000 - 0x00007fff4a263000 	C:\WINDOWS\System32\SHCORE.dll
0x00007fff4a3a0000 - 0x00007fff4a3fe000 	C:\WINDOWS\System32\shlwapi.dll
0x00007fff48060000 - 0x00007fff48081000 	C:\WINDOWS\SYSTEM32\profapi.dll
0x00007ffeeae00000 - 0x00007ffeeae19000 	C:\Users\Kiet\.vscode\extensions\redhat.java-1.30.0-win32-x64\jre\17.0.10-win32-x86_64\bin\net.dll
0x00007fff413a0000 - 0x00007fff414d6000 	C:\WINDOWS\SYSTEM32\WINHTTP.dll
0x00007fff46ec0000 - 0x00007fff46f29000 	C:\WINDOWS\system32\mswsock.dll
0x00007ffee9540000 - 0x00007ffee9556000 	C:\Users\Kiet\.vscode\extensions\redhat.java-1.30.0-win32-x64\jre\17.0.10-win32-x86_64\bin\nio.dll
0x00007fff23310000 - 0x00007fff23320000 	c:\Users\Kiet\.vscode\extensions\redhat.java-1.30.0-win32-x64\jre\17.0.10-win32-x86_64\bin\verify.dll
0x00007fff0aa30000 - 0x00007fff0aa6e000 	C:\Users\Kiet\AppData\Roaming\Code\User\globalStorage\redhat.java\1.30.0\config_ss_win\org.eclipse.equinox.launcher\org.eclipse.equinox.launcher.win32.win32.x86_64_1.2.900.v20240213-1244\eclipse_11900.dll
0x00007fff48f20000 - 0x00007fff490c5000 	C:\WINDOWS\System32\ole32.dll
0x00007fff47ce0000 - 0x00007fff47cfb000 	C:\WINDOWS\SYSTEM32\CRYPTSP.dll
0x00007fff46890000 - 0x00007fff468c5000 	C:\WINDOWS\system32\rsaenh.dll
0x00007fff47150000 - 0x00007fff47178000 	C:\WINDOWS\SYSTEM32\USERENV.dll
0x00007fff47180000 - 0x00007fff4718c000 	C:\WINDOWS\SYSTEM32\CRYPTBASE.dll
0x00007fff46370000 - 0x00007fff4639d000 	C:\WINDOWS\SYSTEM32\IPHLPAPI.DLL
0x00007fff4a270000 - 0x00007fff4a279000 	C:\WINDOWS\System32\NSI.dll
0x00007fff41170000 - 0x00007fff41189000 	C:\WINDOWS\SYSTEM32\dhcpcsvc6.DLL
0x00007fff410f0000 - 0x00007fff4110f000 	C:\WINDOWS\SYSTEM32\dhcpcsvc.DLL
0x00007fff463e0000 - 0x00007fff464d9000 	C:\WINDOWS\SYSTEM32\DNSAPI.dll
0x00007fff1a940000 - 0x00007fff1a985000 	C:\Users\Kiet\AppData\Local\Temp\jna-2338477\jna1228923613481893548.dll
0x00007fff48f10000 - 0x00007fff48f18000 	C:\WINDOWS\System32\PSAPI.DLL

dbghelp: loaded successfully - version: 4.0.5 - missing functions: none
symbol engine: initialized successfully - sym options: 0x614 - pdb path: .;c:\Users\Kiet\.vscode\extensions\redhat.java-1.30.0-win32-x64\jre\17.0.10-win32-x86_64\bin;C:\WINDOWS\SYSTEM32;C:\WINDOWS\WinSxS\amd64_microsoft.windows.common-controls_6595b64144ccf1df_6.0.22621.3235_none_270f74e173860f98;c:\Users\Kiet\.vscode\extensions\redhat.java-1.30.0-win32-x64\jre\17.0.10-win32-x86_64\bin\server;C:\Users\Kiet\AppData\Roaming\Code\User\globalStorage\redhat.java\1.30.0\config_ss_win\org.eclipse.equinox.launcher\org.eclipse.equinox.launcher.win32.win32.x86_64_1.2.900.v20240213-1244;C:\Users\Kiet\AppData\Local\Temp\jna-2338477

VM Arguments:
jvm_args: --add-modules=ALL-SYSTEM --add-opens=java.base/java.util=ALL-UNNAMED --add-opens=java.base/java.lang=ALL-UNNAMED --add-opens=java.base/sun.nio.fs=ALL-UNNAMED -Declipse.application=org.eclipse.jdt.ls.core.id1 -Dosgi.bundles.defaultStartLevel=4 -Declipse.product=org.eclipse.jdt.ls.core.product -Djava.import.generatesMetadataFilesAtProjectRoot=false -DDetectVMInstallationsJob.disabled=true -Dfile.encoding=utf8 -XX:+UseParallelGC -XX:GCTimeRatio=4 -XX:AdaptiveSizePolicyWeight=90 -Dsun.zip.disableMemoryMapping=true -Xmx1G -Xms100m -Xlog:disable -javaagent:c:\Users\Kiet\.vscode\extensions\redhat.java-1.30.0-win32-x64\lombok\lombok-1.18.32.jar 
java_command: c:\Users\Kiet\.vscode\extensions\redhat.java-1.30.0-win32-x64\server\plugins\org.eclipse.equinox.launcher_1.6.800.v20240330-1250.jar -configuration c:\Users\Kiet\AppData\Roaming\Code\User\globalStorage\redhat.java\1.30.0\config_ss_win -data c:\Users\Kiet\AppData\Roaming\Code\User\workspaceStorage\b3b38d78d4b70df6aa0616a4b888d3ad\redhat.java\ss_ws --pipe=\\.\pipe\lsp-adf91cf8b82903372c39d259c973ec25-sock
java_class_path (initial): c:\Users\Kiet\.vscode\extensions\redhat.java-1.30.0-win32-x64\server\plugins\org.eclipse.equinox.launcher_1.6.800.v20240330-1250.jar
Launcher Type: SUN_STANDARD

[Global flags]
    uintx AdaptiveSizePolicyWeight                 = 90                                        {product} {command line}
     intx CICompilerCount                          = 4                                         {product} {ergonomic}
    uintx GCTimeRatio                              = 4                                         {product} {command line}
   size_t InitialHeapSize                          = 104857600                                 {product} {command line}
   size_t MaxHeapSize                              = 1073741824                                {product} {command line}
   size_t MaxNewSize                               = 357564416                                 {product} {ergonomic}
   size_t MinHeapDeltaBytes                        = 524288                                    {product} {ergonomic}
   size_t MinHeapSize                              = 104857600                                 {product} {command line}
   size_t NewSize                                  = 34603008                                  {product} {ergonomic}
    uintx NonNMethodCodeHeapSize                   = 5839372                                {pd product} {ergonomic}
    uintx NonProfiledCodeHeapSize                  = 122909434                              {pd product} {ergonomic}
   size_t OldSize                                  = 70254592                                  {product} {ergonomic}
    uintx ProfiledCodeHeapSize                     = 122909434                              {pd product} {ergonomic}
    uintx ReservedCodeCacheSize                    = 251658240                              {pd product} {ergonomic}
     bool SegmentedCodeCache                       = true                                      {product} {ergonomic}
   size_t SoftMaxHeapSize                          = 1073741824                             {manageable} {ergonomic}
     bool UseCompressedClassPointers               = true                           {product lp64_product} {ergonomic}
     bool UseCompressedOops                        = true                           {product lp64_product} {ergonomic}
     bool UseLargePagesIndividualAllocation        = false                                  {pd product} {ergonomic}
     bool UseParallelGC                            = true                                      {product} {command line}

Logging:
Log output configuration:
 #0: stdout all=off uptime,level,tags
 #1: stderr all=off uptime,level,tags

Environment Variables:
PATH=C:\Program Files\Common Files\Oracle\Java\javapath;C:\Program Files (x86)\Common Files\Oracle\Java\javapath;C:\WINDOWS\system32;C:\WINDOWS;C:\WINDOWS\System32\Wbem;C:\WINDOWS\System32\WindowsPowerShell\v1.0\;C:\WINDOWS\System32\OpenSSH\;C:\Program Files\dotnet\;C:\Program Files\Common Files\Oracle\Java\javapath;C:\Program Files\Java\jdk-11\bin;C:\Program Files (x86)\Microsoft SQL Server\160\Tools\Binn\;C:\Program Files\Microsoft SQL Server\160\Tools\Binn\;C:\Program Files\Microsoft SQL Server\Client SDK\ODBC\170\Tools\Binn\;C:\Program Files\Microsoft SQL Server\160\DTS\Binn\;C:\Program Files (x86)\Microsoft SQL Server\160\DTS\Binn\;C:\Program Files\Azure Data Studio\bin;C:\Program Files\apache-maven-3.9.6\bin;C:\Program Files\Git\cmd;C:\Program Files\nodejs\;C:\Program Files\Java\jdk-21\bin;C:\Users\Kiet\AppData\Local\Microsoft\WindowsApps;C:\Users\Kiet\AppData\Local\Programs\Microsoft VS Code\bin;C:\Users\Kiet\AppData\Local\GitHubDesktop\bin;C:\Users\Kiet\.dotnet\tools;C:\Program Files\Azure Data Studio\bin;C:\Users\Kiet\AppData\Roaming\npm
USERNAME=Kiet
OS=Windows_NT
PROCESSOR_IDENTIFIER=Intel64 Family 6 Model 126 Stepping 5, GenuineIntel
TMP=C:\Users\Kiet\AppData\Local\Temp
TEMP=C:\Users\Kiet\AppData\Local\Temp



Periodic native trim disabled


---------------  S Y S T E M  ---------------

OS:
 Windows 11 , 64 bit Build 22621 (10.0.22621.3374)
OS uptime: 1 days 19:56 hours

CPU: total 8 (initial active 8) (4 cores per cpu, 2 threads per core) family 6 model 126 stepping 5 microcode 0xa6, cx8, cmov, fxsr, ht, mmx, 3dnowpref, sse, sse2, sse3, ssse3, sse4.1, sse4.2, popcnt, lzcnt, tsc, tscinvbit, avx, avx2, aes, erms, clmul, bmi1, bmi2, adx, avx512f, avx512dq, avx512cd, avx512bw, avx512vl, sha, fma, vzeroupper, avx512_vpopcntdq, avx512_vpclmulqdq, avx512_vaes, avx512_vnni, clflush, clflushopt, avx512_vbmi2, avx512_vbmi
Processor Information for all 8 processors :
  Max Mhz: 1190, Current Mhz: 991, Mhz Limit: 987

Memory: 4k page, system-wide physical 7987M (1562M free)
TotalPageFile size 10035M (AvailPageFile size 8M)
current process WorkingSet (physical memory assigned to process): 169M, peak: 169M
current process commit charge ("private bytes"): 268M, peak: 270M

vm_info: OpenJDK 64-Bit Server VM (17.0.10+7) for windows-amd64 JRE (17.0.10+7), built on Jan 16 2024 23:25:11 by "admin" with MS VC++ 16.10 / 16.11 (VS2019)

END.
