#
# There is insufficient memory for the Java Runtime Environment to continue.
# Native memory allocation (malloc) failed to allocate 80496 bytes for Chunk::new
# Possible reasons:
#   The system is out of physical RAM or swap space
#   The process is running with CompressedOops enabled, and the Java Heap may be blocking the growth of the native heap
# Possible solutions:
#   Reduce memory load on the system
#   Increase physical memory or swap space
#   Check if swap backing store is full
#   Decrease Java heap size (-Xmx/-Xms)
#   Decrease number of Java threads
#   Decrease Java thread stack sizes (-Xss)
#   Set larger code cache with -XX:ReservedCodeCacheSize=
#   JVM is running with Unscaled Compressed Oops mode in which the Java heap is
#     placed in the first 4GB address space. The Java Heap base address is the
#     maximum limit for the native heap growth. Please use -XX:HeapBaseMinAddress
#     to set the Java Heap base and to place the Java Heap above 4GB virtual address.
# This output file may be truncated or incomplete.
#
#  Out of Memory Error (arena.cpp:168), pid=19996, tid=14696
#
# JRE version: Java(TM) SE Runtime Environment (21.0.2+13) (build 21.0.2+13-LTS-58)
# Java VM: Java HotSpot(TM) 64-Bit Server VM (21.0.2+13-LTS-58, mixed mode, sharing, tiered, compressed oops, compressed class ptrs, g1 gc, windows-amd64)
# No core dump will be written. Minidumps are not enabled by default on client versions of Windows
#

---------------  S U M M A R Y ------------

Command Line: -Dfile.encoding=UTF-8 GUI.LogIn

Host: Intel(R) Core(TM) i5-1035G1 CPU @ 1.00GHz, 8 cores, 7G,  Windows 11 , 64 bit Build 22621 (10.0.22621.2506)
Time: Mon Feb 26 23:18:12 2024 SE Asia Standard Time elapsed time: 0.138720 seconds (0d 0h 0m 0s)

---------------  T H R E A D  ---------------

Current thread (0x0000021ee2d84770):  JavaThread "C2 CompilerThread0" daemon [_thread_in_native, id=14696, stack(0x000000a0a0200000,0x000000a0a0300000) (1024K)]


Current CompileTask:
C2:    138  132   !   4       java.util.zip.ZipFile$Source::checkAndAddEntry (295 bytes)

Stack: [0x000000a0a0200000,0x000000a0a0300000]
Native frames: (J=compiled Java code, j=interpreted, Vv=VM code, C=native code)
V  [jvm.dll+0x6cade9]
V  [jvm.dll+0x8569c1]
V  [jvm.dll+0x858d2e]
V  [jvm.dll+0x859413]
V  [jvm.dll+0x280e56]
V  [jvm.dll+0xc3f3d]
V  [jvm.dll+0xc4473]
V  [jvm.dll+0x3b5bf2]
V  [jvm.dll+0x382855]
V  [jvm.dll+0x381cca]
V  [jvm.dll+0x249bd0]
V  [jvm.dll+0x2491b1]
V  [jvm.dll+0x1c9634]
V  [jvm.dll+0x258859]
V  [jvm.dll+0x256e3a]
V  [jvm.dll+0x3ef6c6]
V  [jvm.dll+0x7ff568]
V  [jvm.dll+0x6c953d]
C  [ucrtbase.dll+0x29363]
C  [KERNEL32.DLL+0x1257d]
C  [ntdll.dll+0x5aa58]


---------------  P R O C E S S  ---------------

Threads class SMR info:
_java_thread_list=0x0000021ee7157350, length=12, elements={
0x0000021ee2d70320, 0x0000021ee2d712f0, 0x0000021ee2d73d90, 0x0000021ee2d75c90,
0x0000021ee2d76a50, 0x0000021ee2d774b0, 0x0000021ee2d84770, 0x0000021ee2d8f400,
0x0000021ee713d6c0, 0x0000021ee714ec40, 0x0000021ee71fa960, 0x0000021ec43a17b0
}

Java Threads: ( => current thread )
  0x0000021ee2d70320 JavaThread "Reference Handler"          daemon [_thread_blocked, id=11172, stack(0x000000a09fc00000,0x000000a09fd00000) (1024K)]
  0x0000021ee2d712f0 JavaThread "Finalizer"                  daemon [_thread_blocked, id=14348, stack(0x000000a09fd00000,0x000000a09fe00000) (1024K)]
  0x0000021ee2d73d90 JavaThread "Signal Dispatcher"          daemon [_thread_blocked, id=12560, stack(0x000000a09fe00000,0x000000a09ff00000) (1024K)]
  0x0000021ee2d75c90 JavaThread "Attach Listener"            daemon [_thread_blocked, id=5072, stack(0x000000a09ff00000,0x000000a0a0000000) (1024K)]
  0x0000021ee2d76a50 JavaThread "Service Thread"             daemon [_thread_blocked, id=14784, stack(0x000000a0a0000000,0x000000a0a0100000) (1024K)]
  0x0000021ee2d774b0 JavaThread "Monitor Deflation Thread"   daemon [_thread_blocked, id=13696, stack(0x000000a0a0100000,0x000000a0a0200000) (1024K)]
=>0x0000021ee2d84770 JavaThread "C2 CompilerThread0"         daemon [_thread_in_native, id=14696, stack(0x000000a0a0200000,0x000000a0a0300000) (1024K)]
  0x0000021ee2d8f400 JavaThread "C1 CompilerThread0"         daemon [_thread_blocked, id=18964, stack(0x000000a0a0300000,0x000000a0a0400000) (1024K)]
  0x0000021ee713d6c0 JavaThread "Notification Thread"        daemon [_thread_blocked, id=7592, stack(0x000000a0a0400000,0x000000a0a0500000) (1024K)]
  0x0000021ee714ec40 JavaThread "Common-Cleaner"             daemon [_thread_blocked, id=14876, stack(0x000000a0a0500000,0x000000a0a0600000) (1024K)]
  0x0000021ee71fa960 JavaThread "C2 CompilerThread1"         daemon [_thread_blocked, id=14560, stack(0x000000a0a0600000,0x000000a0a0700000) (1024K)]
  0x0000021ec43a17b0 JavaThread "DestroyJavaVM"                     [_thread_blocked, id=15216, stack(0x000000a09f400000,0x000000a09f500000) (1024K)]
Total: 12

Other Threads:
  0x0000021ee2d52c30 VMThread "VM Thread"                           [id=18508, stack(0x000000a09fb00000,0x000000a09fc00000) (1024K)]
  0x0000021ee2d3a6b0 WatcherThread "VM Periodic Task Thread"        [id=3232, stack(0x000000a09fa00000,0x000000a09fb00000) (1024K)]
  0x0000021ec4502280 WorkerThread "GC Thread#0"                     [id=15028, stack(0x000000a09f500000,0x000000a09f600000) (1024K)]
  0x0000021ec4512b30 ConcurrentGCThread "G1 Main Marker"            [id=6620, stack(0x000000a09f600000,0x000000a09f700000) (1024K)]
  0x0000021ec45136f0 WorkerThread "G1 Conc#0"                       [id=2800, stack(0x000000a09f700000,0x000000a09f800000) (1024K)]
  0x0000021ee2c0c530 ConcurrentGCThread "G1 Refine#0"               [id=14324, stack(0x000000a09f800000,0x000000a09f900000) (1024K)]
  0x0000021ee2c0cd50 ConcurrentGCThread "G1 Service"                [id=10852, stack(0x000000a09f900000,0x000000a09fa00000) (1024K)]
Total: 7

Threads with active compile tasks:
C2 CompilerThread0      169  132   !   4       java.util.zip.ZipFile$Source::checkAndAddEntry (295 bytes)
Total: 1

VM state: not at safepoint (normal execution)

VM Mutex/Monitor currently owned by a thread: None

OutOfMemory and StackOverflow Exception counts:
OutOfMemoryError java_heap_errors=1

Heap address: 0x0000000083200000, size: 1998 MB, Compressed Oops mode: 32-bit

CDS archive(s) mapped at: [0x0000021e80000000-0x0000021e80c90000-0x0000021e80c90000), size 13172736, SharedBaseAddress: 0x0000021e80000000, ArchiveRelocationMode: 1.
Compressed class space mapped at: 0x0000021e81000000-0x0000021ec1000000, reserved size: 1073741824
Narrow klass base: 0x0000021e80000000, Narrow klass shift: 0, Narrow klass range: 0x100000000

GC Precious Log:
 CardTable entry size: 512
 Card Set container configuration: InlinePtr #cards 5 size 8 Array Of Cards #cards 12 size 40 Howl #buckets 4 coarsen threshold 1843 Howl Bitmap #cards 512 size 80 coarsen threshold 460 Card regions per heap region 1 cards per card region 2048
 CPUs: 8 total, 8 available
 Memory: 7987M
 Large Page Support: Disabled
 NUMA Support: Disabled
 Compressed Oops: Enabled (32-bit)
 Heap Region Size: 1M
 Heap Min Capacity: 8M
 Heap Initial Capacity: 126M
 Heap Max Capacity: 1998M
 Pre-touch: Disabled
 Parallel Workers: 8
 Concurrent Workers: 2
 Concurrent Refinement Workers: 8
 Periodic GC: Disabled

Heap:
 garbage-first heap   total 129024K, used 3072K [0x0000000083200000, 0x0000000100000000)
  region size 1024K, 4 young (4096K), 0 survivors (0K)
 Metaspace       used 224K, committed 320K, reserved 1114112K
  class space    used 11K, committed 64K, reserved 1048576K

Heap Regions: E=young(eden), S=young(survivor), O=old, HS=humongous(starts), HC=humongous(continues), CS=collection set, F=free, TAMS=top-at-mark-start, PB=parsable bottom
|   0|0x0000000083200000, 0x0000000083200000, 0x0000000083300000|  0%| F|  |TAMS 0x0000000083200000| PB 0x0000000083200000| Untracked 
|   1|0x0000000083300000, 0x0000000083300000, 0x0000000083400000|  0%| F|  |TAMS 0x0000000083300000| PB 0x0000000083300000| Untracked 
|   2|0x0000000083400000, 0x0000000083400000, 0x0000000083500000|  0%| F|  |TAMS 0x0000000083400000| PB 0x0000000083400000| Untracked 
|   3|0x0000000083500000, 0x0000000083500000, 0x0000000083600000|  0%| F|  |TAMS 0x0000000083500000| PB 0x0000000083500000| Untracked 
|   4|0x0000000083600000, 0x0000000083600000, 0x0000000083700000|  0%| F|  |TAMS 0x0000000083600000| PB 0x0000000083600000| Untracked 
|   5|0x0000000083700000, 0x0000000083700000, 0x0000000083800000|  0%| F|  |TAMS 0x0000000083700000| PB 0x0000000083700000| Untracked 
|   6|0x0000000083800000, 0x0000000083800000, 0x0000000083900000|  0%| F|  |TAMS 0x0000000083800000| PB 0x0000000083800000| Untracked 
|   7|0x0000000083900000, 0x0000000083900000, 0x0000000083a00000|  0%| F|  |TAMS 0x0000000083900000| PB 0x0000000083900000| Untracked 
|   8|0x0000000083a00000, 0x0000000083a00000, 0x0000000083b00000|  0%| F|  |TAMS 0x0000000083a00000| PB 0x0000000083a00000| Untracked 
|   9|0x0000000083b00000, 0x0000000083b00000, 0x0000000083c00000|  0%| F|  |TAMS 0x0000000083b00000| PB 0x0000000083b00000| Untracked 
|  10|0x0000000083c00000, 0x0000000083c00000, 0x0000000083d00000|  0%| F|  |TAMS 0x0000000083c00000| PB 0x0000000083c00000| Untracked 
|  11|0x0000000083d00000, 0x0000000083d00000, 0x0000000083e00000|  0%| F|  |TAMS 0x0000000083d00000| PB 0x0000000083d00000| Untracked 
|  12|0x0000000083e00000, 0x0000000083e00000, 0x0000000083f00000|  0%| F|  |TAMS 0x0000000083e00000| PB 0x0000000083e00000| Untracked 
|  13|0x0000000083f00000, 0x0000000083f00000, 0x0000000084000000|  0%| F|  |TAMS 0x0000000083f00000| PB 0x0000000083f00000| Untracked 
|  14|0x0000000084000000, 0x0000000084000000, 0x0000000084100000|  0%| F|  |TAMS 0x0000000084000000| PB 0x0000000084000000| Untracked 
|  15|0x0000000084100000, 0x0000000084100000, 0x0000000084200000|  0%| F|  |TAMS 0x0000000084100000| PB 0x0000000084100000| Untracked 
|  16|0x0000000084200000, 0x0000000084200000, 0x0000000084300000|  0%| F|  |TAMS 0x0000000084200000| PB 0x0000000084200000| Untracked 
|  17|0x0000000084300000, 0x0000000084300000, 0x0000000084400000|  0%| F|  |TAMS 0x0000000084300000| PB 0x0000000084300000| Untracked 
|  18|0x0000000084400000, 0x0000000084400000, 0x0000000084500000|  0%| F|  |TAMS 0x0000000084400000| PB 0x0000000084400000| Untracked 
|  19|0x0000000084500000, 0x0000000084500000, 0x0000000084600000|  0%| F|  |TAMS 0x0000000084500000| PB 0x0000000084500000| Untracked 
|  20|0x0000000084600000, 0x0000000084600000, 0x0000000084700000|  0%| F|  |TAMS 0x0000000084600000| PB 0x0000000084600000| Untracked 
|  21|0x0000000084700000, 0x0000000084700000, 0x0000000084800000|  0%| F|  |TAMS 0x0000000084700000| PB 0x0000000084700000| Untracked 
|  22|0x0000000084800000, 0x0000000084800000, 0x0000000084900000|  0%| F|  |TAMS 0x0000000084800000| PB 0x0000000084800000| Untracked 
|  23|0x0000000084900000, 0x0000000084900000, 0x0000000084a00000|  0%| F|  |TAMS 0x0000000084900000| PB 0x0000000084900000| Untracked 
|  24|0x0000000084a00000, 0x0000000084a00000, 0x0000000084b00000|  0%| F|  |TAMS 0x0000000084a00000| PB 0x0000000084a00000| Untracked 
|  25|0x0000000084b00000, 0x0000000084b00000, 0x0000000084c00000|  0%| F|  |TAMS 0x0000000084b00000| PB 0x0000000084b00000| Untracked 
|  26|0x0000000084c00000, 0x0000000084c00000, 0x0000000084d00000|  0%| F|  |TAMS 0x0000000084c00000| PB 0x0000000084c00000| Untracked 
|  27|0x0000000084d00000, 0x0000000084d00000, 0x0000000084e00000|  0%| F|  |TAMS 0x0000000084d00000| PB 0x0000000084d00000| Untracked 
|  28|0x0000000084e00000, 0x0000000084e00000, 0x0000000084f00000|  0%| F|  |TAMS 0x0000000084e00000| PB 0x0000000084e00000| Untracked 
|  29|0x0000000084f00000, 0x0000000084f00000, 0x0000000085000000|  0%| F|  |TAMS 0x0000000084f00000| PB 0x0000000084f00000| Untracked 
|  30|0x0000000085000000, 0x0000000085000000, 0x0000000085100000|  0%| F|  |TAMS 0x0000000085000000| PB 0x0000000085000000| Untracked 
|  31|0x0000000085100000, 0x0000000085100000, 0x0000000085200000|  0%| F|  |TAMS 0x0000000085100000| PB 0x0000000085100000| Untracked 
|  32|0x0000000085200000, 0x0000000085200000, 0x0000000085300000|  0%| F|  |TAMS 0x0000000085200000| PB 0x0000000085200000| Untracked 
|  33|0x0000000085300000, 0x0000000085300000, 0x0000000085400000|  0%| F|  |TAMS 0x0000000085300000| PB 0x0000000085300000| Untracked 
|  34|0x0000000085400000, 0x0000000085400000, 0x0000000085500000|  0%| F|  |TAMS 0x0000000085400000| PB 0x0000000085400000| Untracked 
|  35|0x0000000085500000, 0x0000000085500000, 0x0000000085600000|  0%| F|  |TAMS 0x0000000085500000| PB 0x0000000085500000| Untracked 
|  36|0x0000000085600000, 0x0000000085600000, 0x0000000085700000|  0%| F|  |TAMS 0x0000000085600000| PB 0x0000000085600000| Untracked 
|  37|0x0000000085700000, 0x0000000085700000, 0x0000000085800000|  0%| F|  |TAMS 0x0000000085700000| PB 0x0000000085700000| Untracked 
|  38|0x0000000085800000, 0x0000000085800000, 0x0000000085900000|  0%| F|  |TAMS 0x0000000085800000| PB 0x0000000085800000| Untracked 
|  39|0x0000000085900000, 0x0000000085900000, 0x0000000085a00000|  0%| F|  |TAMS 0x0000000085900000| PB 0x0000000085900000| Untracked 
|  40|0x0000000085a00000, 0x0000000085a00000, 0x0000000085b00000|  0%| F|  |TAMS 0x0000000085a00000| PB 0x0000000085a00000| Untracked 
|  41|0x0000000085b00000, 0x0000000085b00000, 0x0000000085c00000|  0%| F|  |TAMS 0x0000000085b00000| PB 0x0000000085b00000| Untracked 
|  42|0x0000000085c00000, 0x0000000085c00000, 0x0000000085d00000|  0%| F|  |TAMS 0x0000000085c00000| PB 0x0000000085c00000| Untracked 
|  43|0x0000000085d00000, 0x0000000085d00000, 0x0000000085e00000|  0%| F|  |TAMS 0x0000000085d00000| PB 0x0000000085d00000| Untracked 
|  44|0x0000000085e00000, 0x0000000085e00000, 0x0000000085f00000|  0%| F|  |TAMS 0x0000000085e00000| PB 0x0000000085e00000| Untracked 
|  45|0x0000000085f00000, 0x0000000085f00000, 0x0000000086000000|  0%| F|  |TAMS 0x0000000085f00000| PB 0x0000000085f00000| Untracked 
|  46|0x0000000086000000, 0x0000000086000000, 0x0000000086100000|  0%| F|  |TAMS 0x0000000086000000| PB 0x0000000086000000| Untracked 
|  47|0x0000000086100000, 0x0000000086100000, 0x0000000086200000|  0%| F|  |TAMS 0x0000000086100000| PB 0x0000000086100000| Untracked 
|  48|0x0000000086200000, 0x0000000086200000, 0x0000000086300000|  0%| F|  |TAMS 0x0000000086200000| PB 0x0000000086200000| Untracked 
|  49|0x0000000086300000, 0x0000000086300000, 0x0000000086400000|  0%| F|  |TAMS 0x0000000086300000| PB 0x0000000086300000| Untracked 
|  50|0x0000000086400000, 0x0000000086400000, 0x0000000086500000|  0%| F|  |TAMS 0x0000000086400000| PB 0x0000000086400000| Untracked 
|  51|0x0000000086500000, 0x0000000086500000, 0x0000000086600000|  0%| F|  |TAMS 0x0000000086500000| PB 0x0000000086500000| Untracked 
|  52|0x0000000086600000, 0x0000000086600000, 0x0000000086700000|  0%| F|  |TAMS 0x0000000086600000| PB 0x0000000086600000| Untracked 
|  53|0x0000000086700000, 0x0000000086700000, 0x0000000086800000|  0%| F|  |TAMS 0x0000000086700000| PB 0x0000000086700000| Untracked 
|  54|0x0000000086800000, 0x0000000086800000, 0x0000000086900000|  0%| F|  |TAMS 0x0000000086800000| PB 0x0000000086800000| Untracked 
|  55|0x0000000086900000, 0x0000000086900000, 0x0000000086a00000|  0%| F|  |TAMS 0x0000000086900000| PB 0x0000000086900000| Untracked 
|  56|0x0000000086a00000, 0x0000000086a00000, 0x0000000086b00000|  0%| F|  |TAMS 0x0000000086a00000| PB 0x0000000086a00000| Untracked 
|  57|0x0000000086b00000, 0x0000000086b00000, 0x0000000086c00000|  0%| F|  |TAMS 0x0000000086b00000| PB 0x0000000086b00000| Untracked 
|  58|0x0000000086c00000, 0x0000000086c00000, 0x0000000086d00000|  0%| F|  |TAMS 0x0000000086c00000| PB 0x0000000086c00000| Untracked 
|  59|0x0000000086d00000, 0x0000000086d00000, 0x0000000086e00000|  0%| F|  |TAMS 0x0000000086d00000| PB 0x0000000086d00000| Untracked 
|  60|0x0000000086e00000, 0x0000000086e00000, 0x0000000086f00000|  0%| F|  |TAMS 0x0000000086e00000| PB 0x0000000086e00000| Untracked 
|  61|0x0000000086f00000, 0x0000000086f00000, 0x0000000087000000|  0%| F|  |TAMS 0x0000000086f00000| PB 0x0000000086f00000| Untracked 
|  62|0x0000000087000000, 0x0000000087000000, 0x0000000087100000|  0%| F|  |TAMS 0x0000000087000000| PB 0x0000000087000000| Untracked 
|  63|0x0000000087100000, 0x0000000087100000, 0x0000000087200000|  0%| F|  |TAMS 0x0000000087100000| PB 0x0000000087100000| Untracked 
|  64|0x0000000087200000, 0x0000000087200000, 0x0000000087300000|  0%| F|  |TAMS 0x0000000087200000| PB 0x0000000087200000| Untracked 
|  65|0x0000000087300000, 0x0000000087300000, 0x0000000087400000|  0%| F|  |TAMS 0x0000000087300000| PB 0x0000000087300000| Untracked 
|  66|0x0000000087400000, 0x0000000087400000, 0x0000000087500000|  0%| F|  |TAMS 0x0000000087400000| PB 0x0000000087400000| Untracked 
|  67|0x0000000087500000, 0x0000000087500000, 0x0000000087600000|  0%| F|  |TAMS 0x0000000087500000| PB 0x0000000087500000| Untracked 
|  68|0x0000000087600000, 0x0000000087600000, 0x0000000087700000|  0%| F|  |TAMS 0x0000000087600000| PB 0x0000000087600000| Untracked 
|  69|0x0000000087700000, 0x0000000087700000, 0x0000000087800000|  0%| F|  |TAMS 0x0000000087700000| PB 0x0000000087700000| Untracked 
|  70|0x0000000087800000, 0x0000000087800000, 0x0000000087900000|  0%| F|  |TAMS 0x0000000087800000| PB 0x0000000087800000| Untracked 
|  71|0x0000000087900000, 0x0000000087900000, 0x0000000087a00000|  0%| F|  |TAMS 0x0000000087900000| PB 0x0000000087900000| Untracked 
|  72|0x0000000087a00000, 0x0000000087a00000, 0x0000000087b00000|  0%| F|  |TAMS 0x0000000087a00000| PB 0x0000000087a00000| Untracked 
|  73|0x0000000087b00000, 0x0000000087b00000, 0x0000000087c00000|  0%| F|  |TAMS 0x0000000087b00000| PB 0x0000000087b00000| Untracked 
|  74|0x0000000087c00000, 0x0000000087c00000, 0x0000000087d00000|  0%| F|  |TAMS 0x0000000087c00000| PB 0x0000000087c00000| Untracked 
|  75|0x0000000087d00000, 0x0000000087d00000, 0x0000000087e00000|  0%| F|  |TAMS 0x0000000087d00000| PB 0x0000000087d00000| Untracked 
|  76|0x0000000087e00000, 0x0000000087e00000, 0x0000000087f00000|  0%| F|  |TAMS 0x0000000087e00000| PB 0x0000000087e00000| Untracked 
|  77|0x0000000087f00000, 0x0000000087f00000, 0x0000000088000000|  0%| F|  |TAMS 0x0000000087f00000| PB 0x0000000087f00000| Untracked 
|  78|0x0000000088000000, 0x0000000088000000, 0x0000000088100000|  0%| F|  |TAMS 0x0000000088000000| PB 0x0000000088000000| Untracked 
|  79|0x0000000088100000, 0x0000000088100000, 0x0000000088200000|  0%| F|  |TAMS 0x0000000088100000| PB 0x0000000088100000| Untracked 
|  80|0x0000000088200000, 0x0000000088200000, 0x0000000088300000|  0%| F|  |TAMS 0x0000000088200000| PB 0x0000000088200000| Untracked 
|  81|0x0000000088300000, 0x0000000088300000, 0x0000000088400000|  0%| F|  |TAMS 0x0000000088300000| PB 0x0000000088300000| Untracked 
|  82|0x0000000088400000, 0x0000000088400000, 0x0000000088500000|  0%| F|  |TAMS 0x0000000088400000| PB 0x0000000088400000| Untracked 
|  83|0x0000000088500000, 0x0000000088500000, 0x0000000088600000|  0%| F|  |TAMS 0x0000000088500000| PB 0x0000000088500000| Untracked 
|  84|0x0000000088600000, 0x0000000088600000, 0x0000000088700000|  0%| F|  |TAMS 0x0000000088600000| PB 0x0000000088600000| Untracked 
|  85|0x0000000088700000, 0x0000000088700000, 0x0000000088800000|  0%| F|  |TAMS 0x0000000088700000| PB 0x0000000088700000| Untracked 
|  86|0x0000000088800000, 0x0000000088800000, 0x0000000088900000|  0%| F|  |TAMS 0x0000000088800000| PB 0x0000000088800000| Untracked 
|  87|0x0000000088900000, 0x0000000088900000, 0x0000000088a00000|  0%| F|  |TAMS 0x0000000088900000| PB 0x0000000088900000| Untracked 
|  88|0x0000000088a00000, 0x0000000088a00000, 0x0000000088b00000|  0%| F|  |TAMS 0x0000000088a00000| PB 0x0000000088a00000| Untracked 
|  89|0x0000000088b00000, 0x0000000088b00000, 0x0000000088c00000|  0%| F|  |TAMS 0x0000000088b00000| PB 0x0000000088b00000| Untracked 
|  90|0x0000000088c00000, 0x0000000088c00000, 0x0000000088d00000|  0%| F|  |TAMS 0x0000000088c00000| PB 0x0000000088c00000| Untracked 
|  91|0x0000000088d00000, 0x0000000088d00000, 0x0000000088e00000|  0%| F|  |TAMS 0x0000000088d00000| PB 0x0000000088d00000| Untracked 
|  92|0x0000000088e00000, 0x0000000088e00000, 0x0000000088f00000|  0%| F|  |TAMS 0x0000000088e00000| PB 0x0000000088e00000| Untracked 
|  93|0x0000000088f00000, 0x0000000088f00000, 0x0000000089000000|  0%| F|  |TAMS 0x0000000088f00000| PB 0x0000000088f00000| Untracked 
|  94|0x0000000089000000, 0x0000000089000000, 0x0000000089100000|  0%| F|  |TAMS 0x0000000089000000| PB 0x0000000089000000| Untracked 
|  95|0x0000000089100000, 0x0000000089100000, 0x0000000089200000|  0%| F|  |TAMS 0x0000000089100000| PB 0x0000000089100000| Untracked 
|  96|0x0000000089200000, 0x0000000089200000, 0x0000000089300000|  0%| F|  |TAMS 0x0000000089200000| PB 0x0000000089200000| Untracked 
|  97|0x0000000089300000, 0x0000000089300000, 0x0000000089400000|  0%| F|  |TAMS 0x0000000089300000| PB 0x0000000089300000| Untracked 
|  98|0x0000000089400000, 0x0000000089400000, 0x0000000089500000|  0%| F|  |TAMS 0x0000000089400000| PB 0x0000000089400000| Untracked 
|  99|0x0000000089500000, 0x0000000089500000, 0x0000000089600000|  0%| F|  |TAMS 0x0000000089500000| PB 0x0000000089500000| Untracked 
| 100|0x0000000089600000, 0x0000000089600000, 0x0000000089700000|  0%| F|  |TAMS 0x0000000089600000| PB 0x0000000089600000| Untracked 
| 101|0x0000000089700000, 0x0000000089700000, 0x0000000089800000|  0%| F|  |TAMS 0x0000000089700000| PB 0x0000000089700000| Untracked 
| 102|0x0000000089800000, 0x0000000089800000, 0x0000000089900000|  0%| F|  |TAMS 0x0000000089800000| PB 0x0000000089800000| Untracked 
| 103|0x0000000089900000, 0x0000000089900000, 0x0000000089a00000|  0%| F|  |TAMS 0x0000000089900000| PB 0x0000000089900000| Untracked 
| 104|0x0000000089a00000, 0x0000000089a00000, 0x0000000089b00000|  0%| F|  |TAMS 0x0000000089a00000| PB 0x0000000089a00000| Untracked 
| 105|0x0000000089b00000, 0x0000000089b00000, 0x0000000089c00000|  0%| F|  |TAMS 0x0000000089b00000| PB 0x0000000089b00000| Untracked 
| 106|0x0000000089c00000, 0x0000000089c00000, 0x0000000089d00000|  0%| F|  |TAMS 0x0000000089c00000| PB 0x0000000089c00000| Untracked 
| 107|0x0000000089d00000, 0x0000000089d00000, 0x0000000089e00000|  0%| F|  |TAMS 0x0000000089d00000| PB 0x0000000089d00000| Untracked 
| 108|0x0000000089e00000, 0x0000000089e00000, 0x0000000089f00000|  0%| F|  |TAMS 0x0000000089e00000| PB 0x0000000089e00000| Untracked 
| 109|0x0000000089f00000, 0x0000000089f00000, 0x000000008a000000|  0%| F|  |TAMS 0x0000000089f00000| PB 0x0000000089f00000| Untracked 
| 110|0x000000008a000000, 0x000000008a000000, 0x000000008a100000|  0%| F|  |TAMS 0x000000008a000000| PB 0x000000008a000000| Untracked 
| 111|0x000000008a100000, 0x000000008a100000, 0x000000008a200000|  0%| F|  |TAMS 0x000000008a100000| PB 0x000000008a100000| Untracked 
| 112|0x000000008a200000, 0x000000008a200000, 0x000000008a300000|  0%| F|  |TAMS 0x000000008a200000| PB 0x000000008a200000| Untracked 
| 113|0x000000008a300000, 0x000000008a300000, 0x000000008a400000|  0%| F|  |TAMS 0x000000008a300000| PB 0x000000008a300000| Untracked 
| 114|0x000000008a400000, 0x000000008a400000, 0x000000008a500000|  0%| F|  |TAMS 0x000000008a400000| PB 0x000000008a400000| Untracked 
| 115|0x000000008a500000, 0x000000008a500000, 0x000000008a600000|  0%| F|  |TAMS 0x000000008a500000| PB 0x000000008a500000| Untracked 
| 116|0x000000008a600000, 0x000000008a600000, 0x000000008a700000|  0%| F|  |TAMS 0x000000008a600000| PB 0x000000008a600000| Untracked 
| 117|0x000000008a700000, 0x000000008a700000, 0x000000008a800000|  0%| F|  |TAMS 0x000000008a700000| PB 0x000000008a700000| Untracked 
| 118|0x000000008a800000, 0x000000008a800000, 0x000000008a900000|  0%| F|  |TAMS 0x000000008a800000| PB 0x000000008a800000| Untracked 
| 119|0x000000008a900000, 0x000000008a900000, 0x000000008aa00000|  0%| F|  |TAMS 0x000000008a900000| PB 0x000000008a900000| Untracked 
| 120|0x000000008aa00000, 0x000000008aa00000, 0x000000008ab00000|  0%| F|  |TAMS 0x000000008aa00000| PB 0x000000008aa00000| Untracked 
| 121|0x000000008ab00000, 0x000000008ab00000, 0x000000008ac00000|  0%| F|  |TAMS 0x000000008ab00000| PB 0x000000008ab00000| Untracked 
| 122|0x000000008ac00000, 0x000000008ad00000, 0x000000008ad00000|100%| E|  |TAMS 0x000000008ac00000| PB 0x000000008ac00000| Complete 
| 123|0x000000008ad00000, 0x000000008ae00000, 0x000000008ae00000|100%| E|CS|TAMS 0x000000008ad00000| PB 0x000000008ad00000| Complete 
| 124|0x000000008ae00000, 0x000000008af00000, 0x000000008af00000|100%| E|CS|TAMS 0x000000008ae00000| PB 0x000000008ae00000| Complete 
| 125|0x000000008af00000, 0x000000008b000000, 0x000000008b000000|100%| E|CS|TAMS 0x000000008af00000| PB 0x000000008af00000| Complete 

Card table byte_map: [0x0000021eddf90000,0x0000021ede380000] _byte_map_base: 0x0000021eddb77000

Marking Bits: (CMBitMap*) 0x0000021ec4502890
 Bits: [0x0000021ede380000, 0x0000021ee02b8000)

Polling page: 0x0000021ec4570000

Metaspace:

Usage:
  Non-class:    212.71 KB used.
      Class:     11.68 KB used.
       Both:    224.39 KB used.

Virtual space:
  Non-class space:       64.00 MB reserved,     256.00 KB ( <1%) committed,  1 nodes.
      Class space:        1.00 GB reserved,      64.00 KB ( <1%) committed,  1 nodes.
             Both:        1.06 GB reserved,     320.00 KB ( <1%) committed. 

Chunk freelists:
   Non-Class:  12.00 MB
       Class:  15.75 MB
        Both:  27.75 MB

MaxMetaspaceSize: unlimited
CompressedClassSpaceSize: 1.00 GB
Initial GC threshold: 21.00 MB
Current GC threshold: 21.00 MB
CDS: on
 - commit_granule_bytes: 65536.
 - commit_granule_words: 8192.
 - virtual_space_node_default_size: 8388608.
 - enlarge_chunks_in_place: 1.
 - use_allocation_guard: 0.


Internal statistics:

num_allocs_failed_limit: 0.
num_arena_births: 2.
num_arena_deaths: 0.
num_vsnodes_births: 2.
num_vsnodes_deaths: 0.
num_space_committed: 5.
num_space_uncommitted: 0.
num_chunks_returned_to_freelist: 0.
num_chunks_taken_from_freelist: 3.
num_chunk_merges: 0.
num_chunk_splits: 2.
num_chunks_enlarged: 0.
num_inconsistent_stats: 0.

CodeHeap 'non-profiled nmethods': size=120000Kb used=36Kb max_used=36Kb free=119963Kb
 bounds [0x0000021ed5c10000, 0x0000021ed5e80000, 0x0000021edd140000]
CodeHeap 'profiled nmethods': size=120000Kb used=203Kb max_used=203Kb free=119796Kb
 bounds [0x0000021ece140000, 0x0000021ece3b0000, 0x0000021ed5670000]
CodeHeap 'non-nmethods': size=5760Kb used=1300Kb max_used=1314Kb free=4459Kb
 bounds [0x0000021ed5670000, 0x0000021ed58e0000, 0x0000021ed5c10000]
 total_blobs=497 nmethods=161 adapters=241
 compilation: enabled
              stopped_count=0, restarted_count=0
 full_count=0

Compilation events (20 events):
Event: 0.130 Thread 0x0000021ee2d8f400  139       3       jdk.internal.util.Preconditions::checkFromToIndex (24 bytes)
Event: 0.130 Thread 0x0000021ee2d8f400 nmethod 139 0x0000021ece16d210 code [0x0000021ece16d3c0, 0x0000021ece16d598]
Event: 0.130 Thread 0x0000021ee2d8f400  140       1       java.net.URL::getHost (5 bytes)
Event: 0.131 Thread 0x0000021ee2d8f400 nmethod 140 0x0000021ed5c16590 code [0x0000021ed5c16720, 0x0000021ed5c167e8]
Event: 0.131 Thread 0x0000021ee2d8f400  141       3       jdk.internal.misc.Unsafe::toUnsignedLong (7 bytes)
Event: 0.131 Thread 0x0000021ee2d8f400 nmethod 141 0x0000021ece16d690 code [0x0000021ece16d820, 0x0000021ece16d920]
Event: 0.132 Thread 0x0000021ee2d8f400  142       3       jdk.internal.misc.Unsafe::pickPos (14 bytes)
Event: 0.132 Thread 0x0000021ee2d8f400 nmethod 142 0x0000021ece16d990 code [0x0000021ece16db20, 0x0000021ece16dc20]
Event: 0.133 Thread 0x0000021ee2d8f400  143       3       java.util.HashMap::getNode (150 bytes)
Event: 0.133 Thread 0x0000021ee2d8f400 nmethod 143 0x0000021ece16dc90 code [0x0000021ece16dee0, 0x0000021ece16ea78]
Event: 0.133 Thread 0x0000021ee2d8f400  145       3       java.io.WinNTFileSystem::isLetter (30 bytes)
Event: 0.133 Thread 0x0000021ee2d8f400 nmethod 145 0x0000021ece16ed90 code [0x0000021ece16ef40, 0x0000021ece16f148]
Event: 0.135 Thread 0x0000021ee2d8f400  148       3       java.io.RandomAccessFile::read (8 bytes)
Event: 0.135 Thread 0x0000021ee2d8f400 nmethod 148 0x0000021ece16f210 code [0x0000021ece16f3c0, 0x0000021ece16f4f8]
Event: 0.135 Thread 0x0000021ee2d8f400  149   !   3       java.io.RandomAccessFile::readBytes (32 bytes)
Event: 0.135 Thread 0x0000021ee71fa960  133       4       java.util.zip.ZipCoder$UTF8ZipCoder::checkedHash (79 bytes)
Event: 0.135 Thread 0x0000021ee2d8f400 nmethod 149 0x0000021ece16f590 code [0x0000021ece16f760, 0x0000021ece16f988]
Event: 0.136 Thread 0x0000021ee2d8f400  150       3       jdk.internal.util.ArraysSupport::newLength (27 bytes)
Event: 0.136 Thread 0x0000021ee2d8f400 nmethod 150 0x0000021ece16fb10 code [0x0000021ece16fce0, 0x0000021ece16ff40]
Event: 0.136 Thread 0x0000021ee2d8f400  151       3       java.io.RandomAccessFile::readFully (45 bytes)

GC Heap History (0 events):
No events

Dll operation events (5 events):
Event: 0.008 Loaded shared library C:\Program Files\Java\jdk-21\bin\java.dll
Event: 0.049 Loaded shared library C:\Program Files\Java\jdk-21\bin\jsvml.dll
Event: 0.098 Loaded shared library C:\Program Files\Java\jdk-21\bin\net.dll
Event: 0.100 Loaded shared library C:\Program Files\Java\jdk-21\bin\nio.dll
Event: 0.108 Loaded shared library C:\Program Files\Java\jdk-21\bin\zip.dll

Deoptimization events (0 events):
No events

Classes loaded (2 events):
Event: 0.104 Loading class java/util/StringTokenizer
Event: 0.104 Loading class java/util/StringTokenizer done

Classes unloaded (0 events):
No events

Classes redefined (0 events):
No events

Internal exceptions (0 events):
No events

ZGC Phase Switch (0 events):
No events

VM Operations (2 events):
Event: 0.103 Executing VM operation: HandshakeAllThreads (Deoptimize)
Event: 0.104 Executing VM operation: HandshakeAllThreads (Deoptimize) done

Events (12 events):
Event: 0.026 Thread 0x0000021ec43a17b0 Thread added: 0x0000021ec43a17b0
Event: 0.046 Thread 0x0000021ee2d70320 Thread added: 0x0000021ee2d70320
Event: 0.046 Thread 0x0000021ee2d712f0 Thread added: 0x0000021ee2d712f0
Event: 0.046 Thread 0x0000021ee2d73d90 Thread added: 0x0000021ee2d73d90
Event: 0.046 Thread 0x0000021ee2d75c90 Thread added: 0x0000021ee2d75c90
Event: 0.046 Thread 0x0000021ee2d76a50 Thread added: 0x0000021ee2d76a50
Event: 0.047 Thread 0x0000021ee2d774b0 Thread added: 0x0000021ee2d774b0
Event: 0.047 Thread 0x0000021ee2d84770 Thread added: 0x0000021ee2d84770
Event: 0.047 Thread 0x0000021ee2d8f400 Thread added: 0x0000021ee2d8f400
Event: 0.091 Thread 0x0000021ee713d6c0 Thread added: 0x0000021ee713d6c0
Event: 0.094 Thread 0x0000021ee714ec40 Thread added: 0x0000021ee714ec40
Event: 0.135 Thread 0x0000021ee71fa960 Thread added: 0x0000021ee71fa960


Dynamic libraries:
0x00007ff632710000 - 0x00007ff632720000 	C:\Program Files\Java\jdk-21\bin\java.exe
0x00007ff9b5410000 - 0x00007ff9b5627000 	C:\WINDOWS\SYSTEM32\ntdll.dll
0x00007ff9b4000000 - 0x00007ff9b40c4000 	C:\WINDOWS\System32\KERNEL32.DLL
0x00007ff9b2d80000 - 0x00007ff9b3126000 	C:\WINDOWS\System32\KERNELBASE.dll
0x00007ff9b27f0000 - 0x00007ff9b2901000 	C:\WINDOWS\System32\ucrtbase.dll
0x00007ff9ac720000 - 0x00007ff9ac73b000 	C:\Program Files\Java\jdk-21\bin\VCRUNTIME140.dll
0x00007ff98fd10000 - 0x00007ff98fd29000 	C:\Program Files\Java\jdk-21\bin\jli.dll
0x00007ff9b4530000 - 0x00007ff9b45e3000 	C:\WINDOWS\System32\ADVAPI32.dll
0x00007ff9b3530000 - 0x00007ff9b35d7000 	C:\WINDOWS\System32\msvcrt.dll
0x00007ff9b4400000 - 0x00007ff9b44a8000 	C:\WINDOWS\System32\sechost.dll
0x00007ff9b29d0000 - 0x00007ff9b29f8000 	C:\WINDOWS\System32\bcrypt.dll
0x00007ff9b3760000 - 0x00007ff9b3877000 	C:\WINDOWS\System32\RPCRT4.dll
0x00007ff9b3190000 - 0x00007ff9b333e000 	C:\WINDOWS\System32\USER32.dll
0x00007ff9b3130000 - 0x00007ff9b3156000 	C:\WINDOWS\System32\win32u.dll
0x00007ff9b3160000 - 0x00007ff9b3189000 	C:\WINDOWS\System32\GDI32.dll
0x00007ff9994d0000 - 0x00007ff999763000 	C:\WINDOWS\WinSxS\amd64_microsoft.windows.common-controls_6595b64144ccf1df_6.0.22621.2506_none_270c5ae97388e100\COMCTL32.dll
0x00007ff9b2c60000 - 0x00007ff9b2d78000 	C:\WINDOWS\System32\gdi32full.dll
0x00007ff9b2750000 - 0x00007ff9b27ea000 	C:\WINDOWS\System32\msvcp_win.dll
0x00007ff9a4fb0000 - 0x00007ff9a4fba000 	C:\WINDOWS\SYSTEM32\VERSION.dll
0x00007ff9b3a40000 - 0x00007ff9b3a71000 	C:\WINDOWS\System32\IMM32.DLL
0x00007ff9a9660000 - 0x00007ff9a966c000 	C:\Program Files\Java\jdk-21\bin\vcruntime140_1.dll
0x00007ff99a1b0000 - 0x00007ff99a23e000 	C:\Program Files\Java\jdk-21\bin\msvcp140.dll
0x00007ff96c580000 - 0x00007ff96d297000 	C:\Program Files\Java\jdk-21\bin\server\jvm.dll
0x00007ff9b40d0000 - 0x00007ff9b4141000 	C:\WINDOWS\System32\WS2_32.dll
0x00007ff9b2620000 - 0x00007ff9b266d000 	C:\WINDOWS\SYSTEM32\POWRPROF.dll
0x00007ff9ace90000 - 0x00007ff9acec4000 	C:\WINDOWS\SYSTEM32\WINMM.dll
0x00007ff9b2600000 - 0x00007ff9b2613000 	C:\WINDOWS\SYSTEM32\UMPDC.dll
0x00007ff9b1780000 - 0x00007ff9b1798000 	C:\WINDOWS\SYSTEM32\kernel.appcore.dll
0x00007ff9a6070000 - 0x00007ff9a607a000 	C:\Program Files\Java\jdk-21\bin\jimage.dll
0x00007ff9b0020000 - 0x00007ff9b0253000 	C:\WINDOWS\SYSTEM32\DBGHELP.DLL
0x00007ff9b45f0000 - 0x00007ff9b4979000 	C:\WINDOWS\System32\combase.dll
0x00007ff9b3f00000 - 0x00007ff9b3fd7000 	C:\WINDOWS\System32\OLEAUT32.dll
0x00007ff9ad410000 - 0x00007ff9ad442000 	C:\WINDOWS\SYSTEM32\dbgcore.DLL
0x00007ff9b2a00000 - 0x00007ff9b2a7a000 	C:\WINDOWS\System32\bcryptPrimitives.dll
0x00007ff9a5db0000 - 0x00007ff9a5dcf000 	C:\Program Files\Java\jdk-21\bin\java.dll
0x00007ff9b4980000 - 0x00007ff9b51da000 	C:\WINDOWS\System32\SHELL32.dll
0x00007ff9b06a0000 - 0x00007ff9b0f96000 	C:\WINDOWS\SYSTEM32\windows.storage.dll
0x00007ff9b0560000 - 0x00007ff9b069e000 	C:\WINDOWS\SYSTEM32\wintypes.dll
0x00007ff9b3340000 - 0x00007ff9b3433000 	C:\WINDOWS\System32\SHCORE.dll
0x00007ff9b4150000 - 0x00007ff9b41ae000 	C:\WINDOWS\System32\shlwapi.dll
0x00007ff9b2680000 - 0x00007ff9b26a6000 	C:\WINDOWS\SYSTEM32\profapi.dll
0x00007ff97d620000 - 0x00007ff97d6f7000 	C:\Program Files\Java\jdk-21\bin\jsvml.dll
0x00007ff9a6030000 - 0x00007ff9a6040000 	C:\Program Files\Java\jdk-21\bin\net.dll
0x00007ff9a59c0000 - 0x00007ff9a5af7000 	C:\WINDOWS\SYSTEM32\WINHTTP.dll
0x00007ff9b1c00000 - 0x00007ff9b1c69000 	C:\WINDOWS\system32\mswsock.dll
0x00007ff9a5d40000 - 0x00007ff9a5d56000 	C:\Program Files\Java\jdk-21\bin\nio.dll
0x00007ff9a5cd0000 - 0x00007ff9a5ce8000 	C:\Program Files\Java\jdk-21\bin\zip.dll

dbghelp: loaded successfully - version: 4.0.5 - missing functions: none
symbol engine: initialized successfully - sym options: 0x614 - pdb path: .;C:\Program Files\Java\jdk-21\bin;C:\WINDOWS\SYSTEM32;C:\WINDOWS\WinSxS\amd64_microsoft.windows.common-controls_6595b64144ccf1df_6.0.22621.2506_none_270c5ae97388e100;C:\Program Files\Java\jdk-21\bin\server

VM Arguments:
jvm_args: -Dfile.encoding=UTF-8 
java_command: GUI.LogIn
java_class_path (initial): C:\Users\Kiet\Desktop\abc\lib\TimingFramework-0.55.jar;C:\Users\Kiet\Desktop\abc\lib\bridj-0.7.0.jar;C:\Users\Kiet\Desktop\abc\lib\core-3.3.0.jar;C:\Users\Kiet\Desktop\abc\lib\flatlaf-extras-3.1.jar;C:\Users\Kiet\Desktop\abc\lib\flatlaf-fonts-roboto-2.137.jar;C:\Users\Kiet\Desktop\abc\lib\itextpdf-5.5.12.jar;C:\Users\Kiet\Desktop\abc\lib\javase-3.3.0.jar;C:\Users\Kiet\Desktop\abc\lib\javax.activation-1.2.0.jar;C:\Users\Kiet\Desktop\abc\lib\javax.mail.jar;C:\Users\Kiet\Desktop\abc\lib\jcalendar-1.4.jar;C:\Users\Kiet\Desktop\abc\lib\log4j-core-2.20.0.jar;C:\Users\Kiet\Desktop\abc\lib\mysql-connector-java-8.0.30.jar;C:\Users\Kiet\Desktop\abc\lib\mysql-connector.jar;C:\Users\Kiet\Desktop\abc\lib\slf4j-api-1.7.2.jar;C:\Users\Kiet\Desktop\abc\lib\slf4j-api-1.7.25.jar;C:\Users\Kiet\Desktop\abc\lib\slf4j-simple-1.7.25.jar;C:\Users\Kiet\Desktop\abc\lib\svgSalamander-1.1.4.jar;C:\Users\Kiet\Desktop\abc\lib\swingx-all-1.6.4.jar;C:\Users\Kiet\Desktop\abc\lib\webcam-capture-0.3.12.jar;C:\Users\Kiet\Desktop\abc\lib\zxing-1.7-javase.jar;C:\Users\Kiet\Desktop\abc\lib\zxing-core-2.0.jar;C:\Users\Kiet\Desktop\abc\lib\lib\SparseBitSet-1.2.jar;C:\Users\Kiet\Desktop\abc\lib\lib\commons-codec-1.15.jar;C:\Users\Kiet\Desktop\abc\lib\lib\commons-collections4-4.4.jar;C:\Users\Kiet\Desktop\abc\lib\lib\commons-compress-1.21.jar;C:\Users\Kiet\Desktop\abc\lib\lib\commons-io-2.11.0.jar;C:\Users\Kiet\Desktop\abc\lib\lib\commons-logging-1.2.jar;C:\Users\Kiet\Desktop\abc\lib\lib\commons-math3-3.6.1.jar;C:\Users\Kiet\Desktop\abc\lib\lib\curvesapi-1.07.jar;C:\Users\Kiet\Desktop\abc\lib\lib\jakarta.activation-2.0.1.jar;C:\Users\Kiet\Desktop\abc\lib\lib\jakarta.xml.bind-api-3.0.1.jar;C:\Users\Kiet\Desktop\abc\lib\lib\log4j-api-2.18.0.jar;C:\Users\Kiet\Desktop\abc\lib\lib\poi-5.2.3.jar;C:\Users\Kiet\Desktop\abc\lib\lib\poi-examples-5.2.3.jar;C:\Users\Kiet\Desktop\abc\lib\lib\poi-excelant-5.2.3.jar;C:\Users\Kiet\Desktop\abc\lib\lib\poi-javadoc-5.2.3.jar;C:\Users\Kiet\Desktop\abc\lib\lib\poi-ooxml-5.2.3.jar;C:\Users\Kiet\Desktop\abc\lib\lib\poi-ooxml-full-5.2.3.jar;C:\Users\Kiet\Desktop\abc\lib\lib\poi-ooxml-lite-5.2.3.jar;C:\Users\Kiet\Desktop\abc\lib\lib\poi-scratchpad-5.2.3.jar;C:\Users\Kiet\Desktop\abc\lib\lib\slf4j-api-1.7.36.jar;C:\Users\Kiet\Desktop\abc\lib\lib\xmlbeans-5.1.1.jar;C:\Users\Kiet\Desktop\Fashion-store-management-master\Lib_Jar\TimingFramework-0.55.jar;C:\Users\Kiet\Desktop\Fashion-store-management-master\Lib_Jar\activation.jar;C:\Users\Kiet\Desktop\Fashion-store-management-master\Lib_Jar\com.sun.net.ssl.jar;C:\Users\Kiet\Desktop\Fashion-store-management-master\Lib_Jar\filters-2.0.235.jar;C:\Users\Kiet\Desktop\Fashion-store-management-master\Lib_Jar\java-dotenv-5.1.3.jar;C:\Users\Kiet\Desktop\Fashion-store-management-master\Lib_Jar\java-dotenv-5.2.2.jar;C:\Users\Kiet\Desktop\Fashion-store-management-master\Lib_Jar\javax.mail.jar;C:\Users\Kiet\Desktop\Fashion-store-management-master\Lib_Jar\kotlin-runtime-1.2.71.jar;C:\Users\Kiet\Desktop\Fashion-store-management-master\Lib_Jar\kotlin-stdlib-1.4.0.jar;C:\Users\Kiet\Desktop\Fashion-store-management-master\Lib_Jar\kotlin-stdlib-1.5.31.jar;C:\Users\Kiet\Desktop\Fashion-store-management-master\Lib_Jar\kotlin-stdlib-common-1.4.0.jar;C:\Users\Kiet\Desktop\Fashion-store-management-master\Lib_Jar\miglayout-4.0.jar;C:\Users\Kiet\Desktop\Fashion-store-management-master\Lib_Jar\mssql-jdbc-8.4.1.jre14.jar;C:\Users\Kiet\Desktop\Fashion-store-management-master\Lib_Jar\mssql-jdbc-9.4.0.jre11.jar;C:\Users\Kiet\Desktop\Fashion-store-management-master\Lib_Jar\poi-3.17.jar;C:\Users\Kiet\Desktop\Fashion-store-management-master\Lib_Jar\poi-ooxml-3.17.jar;C:\Users\Kiet\Desktop\Fashion-store-management-master\Lib_Jar\swing-worker-1.1.jar;C:\Users\Kiet\Desktop\Fashion-store-management-master\Lib_Jar\swingx-1.6.1.jar;C:\Users\Kiet\Desktop\Fashion-store-management-master\Lib_Jar\xmlbeans-2.3.0.jar;C:\Users\Kiet\Desktop\Fashion-store-management-master\Lib_Jar\xmlbeans-3.1.0.jar;C:\Users\Kiet\Desktop\Fashion-store-management-master\Lib_Jar\xmlbeans-xmlpublic-2.0-dev-2.jar;C:\Users\Kiet\Desktop\DoAnJavaSwing\lib\flatlaf-3.3.jar;C:\Users\Kiet\Desktop\DoAnJavaSwing\build\classes
Launcher Type: SUN_STANDARD

[Global flags]
     intx CICompilerCount                          = 4                                         {product} {ergonomic}
     uint ConcGCThreads                            = 2                                         {product} {ergonomic}
     uint G1ConcRefinementThreads                  = 8                                         {product} {ergonomic}
   size_t G1HeapRegionSize                         = 1048576                                   {product} {ergonomic}
    uintx GCDrainStackTargetSize                   = 64                                        {product} {ergonomic}
   size_t InitialHeapSize                          = 132120576                                 {product} {ergonomic}
   size_t MarkStackSize                            = 4194304                                   {product} {ergonomic}
   size_t MaxHeapSize                              = 2095054848                                {product} {ergonomic}
   size_t MaxNewSize                               = 1256194048                                {product} {ergonomic}
   size_t MinHeapDeltaBytes                        = 1048576                                   {product} {ergonomic}
   size_t MinHeapSize                              = 8388608                                   {product} {ergonomic}
    uintx NonNMethodCodeHeapSize                   = 5839372                                {pd product} {ergonomic}
    uintx NonProfiledCodeHeapSize                  = 122909434                              {pd product} {ergonomic}
    uintx ProfiledCodeHeapSize                     = 122909434                              {pd product} {ergonomic}
    uintx ReservedCodeCacheSize                    = 251658240                              {pd product} {ergonomic}
     bool SegmentedCodeCache                       = true                                      {product} {ergonomic}
   size_t SoftMaxHeapSize                          = 2095054848                             {manageable} {ergonomic}
     bool UseCompressedOops                        = true                           {product lp64_product} {ergonomic}
     bool UseG1GC                                  = true                                      {product} {ergonomic}
     bool UseLargePagesIndividualAllocation        = false                                  {pd product} {ergonomic}

Logging:
Log output configuration:
 #0: stdout all=warning uptime,level,tags foldmultilines=false
 #1: stderr all=off uptime,level,tags foldmultilines=false

Environment Variables:
PATH=C:\Program Files\Common Files\Oracle\Java\javapath;C:\Program Files (x86)\Common Files\Oracle\Java\javapath;C:\WINDOWS\system32;C:\WINDOWS;C:\WINDOWS\System32\Wbem;C:\WINDOWS\System32\WindowsPowerShell\v1.0\;C:\WINDOWS\System32\OpenSSH\;C:\Program Files\dotnet\;C:\Program Files\Common Files\Oracle\Java\javapath;C:\Program Files\Java\jdk-11\bin;C:\Program Files (x86)\Microsoft SQL Server\160\Tools\Binn\;C:\Program Files\Microsoft SQL Server\160\Tools\Binn\;C:\Program Files\Microsoft SQL Server\Client SDK\ODBC\170\Tools\Binn\;C:\Program Files\Microsoft SQL Server\160\DTS\Binn\;C:\Program Files (x86)\Microsoft SQL Server\160\DTS\Binn\;C:\Program Files\Azure Data Studio\bin;C:\Program Files\apache-maven-3.9.6\bin;C:\Program Files\Git\cmd;C:\Program Files\nodejs\;C:\Users\Kiet\AppData\Local\Microsoft\WindowsApps;C:\Users\Kiet\AppData\Local\Programs\Microsoft VS Code\bin;C:\Users\Kiet\AppData\Local\GitHubDesktop\bin;C:\Users\Kiet\.dotnet\tools;C:\Program Files\Azure Data Studio\bin;C:\Users\Kiet\AppData\Roaming\npm
USERNAME=Kiet
OS=Windows_NT
PROCESSOR_IDENTIFIER=Intel64 Family 6 Model 126 Stepping 5, GenuineIntel
TMP=C:\Users\Kiet\AppData\Local\Temp
TEMP=C:\Users\Kiet\AppData\Local\Temp




Periodic native trim disabled

---------------  S Y S T E M  ---------------

OS:
 Windows 11 , 64 bit Build 22621 (10.0.22621.2506)
OS uptime: 3 days 12:08 hours

CPU: total 8 (initial active 8) (4 cores per cpu, 2 threads per core) family 6 model 126 stepping 5 microcode 0xa6, cx8, cmov, fxsr, ht, mmx, 3dnowpref, sse, sse2, sse3, ssse3, sse4.1, sse4.2, popcnt, lzcnt, tsc, tscinvbit, avx, avx2, aes, erms, clmul, bmi1, bmi2, adx, avx512f, avx512dq, avx512cd, avx512bw, avx512vl, sha, fma, vzeroupper, avx512_vpopcntdq, avx512_vpclmulqdq, avx512_vaes, avx512_vnni, clflush, clflushopt, avx512_vbmi2, avx512_vbmi, rdtscp, rdpid, fsrm, gfni, avx512_bitalg, f16c, pku, avx512_ifma
Processor Information for all 8 processors :
  Max Mhz: 1190, Current Mhz: 991, Mhz Limit: 987

Memory: 4k page, system-wide physical 7987M (1033M free)
TotalPageFile size 10035M (AvailPageFile size 3M)
current process WorkingSet (physical memory assigned to process): 38M, peak: 38M
current process commit charge ("private bytes"): 208M, peak: 208M

vm_info: Java HotSpot(TM) 64-Bit Server VM (21.0.2+13-LTS-58) for windows-amd64 JRE (21.0.2+13-LTS-58), built on 2024-01-05T18:32:24Z by "mach5one" with MS VC++ 17.1 (VS2022)

END.
