#
# There is insufficient memory for the Java Runtime Environment to continue.
# Native memory allocation (malloc) failed to allocate 2091600 bytes for Chunk::new
# Possible reasons:
#   The system is out of physical RAM or swap space
#   The process is running with CompressedOops enabled, and the Java Heap may be blocking the growth of the native heap
# Possible solutions:
#   Reduce memory load on the system
#   Increase physical memory or swap space
#   Check if swap backing store is full
#   Decrease Java heap size (-Xmx/-Xms)
#   Decrease number of Java threads
#   Decrease Java thread stack sizes (-Xss)
#   Set larger code cache with -XX:ReservedCodeCacheSize=
#   JVM is running with Unscaled Compressed Oops mode in which the Java heap is
#     placed in the first 4GB address space. The Java Heap base address is the
#     maximum limit for the native heap growth. Please use -XX:HeapBaseMinAddress
#     to set the Java Heap base and to place the Java Heap above 4GB virtual address.
# This output file may be truncated or incomplete.
#
#  Out of Memory Error (arena.cpp:191), pid=18428, tid=4972
#
# JRE version: OpenJDK Runtime Environment Temurin-17.0.10+7 (17.0.10+7) (build 17.0.10+7)
# Java VM: OpenJDK 64-Bit Server VM Temurin-17.0.10+7 (17.0.10+7, mixed mode, tiered, compressed oops, compressed class ptrs, parallel gc, windows-amd64)
# No core dump will be written. Minidumps are not enabled by default on client versions of Windows
#

---------------  S U M M A R Y ------------

Command Line: --add-modules=ALL-SYSTEM --add-opens=java.base/java.util=ALL-UNNAMED --add-opens=java.base/java.lang=ALL-UNNAMED --add-opens=java.base/sun.nio.fs=ALL-UNNAMED -Declipse.application=org.eclipse.jdt.ls.core.id1 -Dosgi.bundles.defaultStartLevel=4 -Declipse.product=org.eclipse.jdt.ls.core.product -Djava.import.generatesMetadataFilesAtProjectRoot=false -DDetectVMInstallationsJob.disabled=true -Dfile.encoding=utf8 -XX:+UseParallelGC -XX:GCTimeRatio=4 -XX:AdaptiveSizePolicyWeight=90 -Dsun.zip.disableMemoryMapping=true -Xmx1G -Xms100m -Xlog:disable -javaagent:c:\Users\Kiet\.vscode\extensions\redhat.java-1.30.0-win32-x64\lombok\lombok-1.18.32.jar -XX:+HeapDumpOnOutOfMemoryError -XX:HeapDumpPath=c:\Users\Kiet\AppData\Roaming\Code\User\workspaceStorage\b3b38d78d4b70df6aa0616a4b888d3ad\redhat.java -Daether.dependencyCollector.impl=bf c:\Users\Kiet\.vscode\extensions\redhat.java-1.30.0-win32-x64\server\plugins\org.eclipse.equinox.launcher_1.6.800.v20240330-1250.jar -configuration c:\Users\Kiet\AppData\Roaming\Code\User\globalStorage\redhat.java\1.30.0\config_win -data c:\Users\Kiet\AppData\Roaming\Code\User\workspaceStorage\b3b38d78d4b70df6aa0616a4b888d3ad\redhat.java\jdt_ws --pipe=\\.\pipe\lsp-ecaba4ee7095d537c6f9adb46f179647-sock

Host: Intel(R) Core(TM) i5-1035G1 CPU @ 1.00GHz, 8 cores, 7G,  Windows 11 , 64 bit Build 22621 (10.0.22621.3374)
Time: Sun Apr 28 21:59:10 2024 SE Asia Standard Time elapsed time: 10.426870 seconds (0d 0h 0m 10s)

---------------  T H R E A D  ---------------

Current thread (0x0000021ace05e660):  JavaThread "C2 CompilerThread0" daemon [_thread_in_native, id=4972, stack(0x0000009b89a00000,0x0000009b89b00000)]


Current CompileTask:
C2:  10426 5245   !   4       org.eclipse.osgi.internal.loader.BundleLoader::findRequiredSource (283 bytes)

Stack: [0x0000009b89a00000,0x0000009b89b00000]
Native frames: (J=compiled Java code, j=interpreted, Vv=VM code, C=native code)
V  [jvm.dll+0x67d2c9]
V  [jvm.dll+0x834afa]
V  [jvm.dll+0x8365be]
V  [jvm.dll+0x836c23]
V  [jvm.dll+0x2477ff]
V  [jvm.dll+0xac514]
V  [jvm.dll+0xacb5c]
V  [jvm.dll+0x3667d7]
V  [jvm.dll+0x330bfa]
V  [jvm.dll+0x33009a]
V  [jvm.dll+0x219ef1]
V  [jvm.dll+0x219311]
V  [jvm.dll+0x1a502d]
V  [jvm.dll+0x2290de]
V  [jvm.dll+0x2272ac]
V  [jvm.dll+0x7e9bb7]
V  [jvm.dll+0x7e3fba]
V  [jvm.dll+0x67c1b5]
C  [ucrtbase.dll+0x29333]
C  [KERNEL32.DLL+0x1257d]
C  [ntdll.dll+0x5aa48]


---------------  P R O C E S S  ---------------

Threads class SMR info:
_java_thread_list=0x0000021ad0ca38c0, length=38, elements={
0x0000021ab50e34e0, 0x0000021ac8f68010, 0x0000021ac8f6b0a0, 0x0000021ace059f30,
0x0000021ace05a800, 0x0000021ace05b0d0, 0x0000021ace05b9a0, 0x0000021ace05e660,
0x0000021ace0c7920, 0x0000021ace0cbe60, 0x0000021ab5145870, 0x0000021ace399ae0,
0x0000021acf86c1b0, 0x0000021acff81430, 0x0000021acfa63410, 0x0000021acffa9d90,
0x0000021acfb71520, 0x0000021acfb71a30, 0x0000021acfb73da0, 0x0000021acfb72960,
0x0000021acfb73380, 0x0000021acf5a4030, 0x0000021acfb73890, 0x0000021ad0f27bf0,
0x0000021ad0f24db0, 0x0000021ad0f28100, 0x0000021ad0f28610, 0x0000021ad0f28b20,
0x0000021ad0f276e0, 0x0000021ad0958500, 0x0000021ad0958a10, 0x0000021ad0958f20,
0x0000021ad0956bb0, 0x0000021ad09566a0, 0x0000021ad0959430, 0x0000021ad0959940,
0x0000021ad1895180, 0x0000021ad18965c0
}

Java Threads: ( => current thread )
  0x0000021ab50e34e0 JavaThread "main" [_thread_blocked, id=19848, stack(0x0000009b89100000,0x0000009b89200000)]
  0x0000021ac8f68010 JavaThread "Reference Handler" daemon [_thread_blocked, id=9096, stack(0x0000009b89400000,0x0000009b89500000)]
  0x0000021ac8f6b0a0 JavaThread "Finalizer" daemon [_thread_blocked, id=1440, stack(0x0000009b89500000,0x0000009b89600000)]
  0x0000021ace059f30 JavaThread "Signal Dispatcher" daemon [_thread_blocked, id=14332, stack(0x0000009b89600000,0x0000009b89700000)]
  0x0000021ace05a800 JavaThread "Attach Listener" daemon [_thread_blocked, id=19780, stack(0x0000009b89700000,0x0000009b89800000)]
  0x0000021ace05b0d0 JavaThread "Service Thread" daemon [_thread_blocked, id=13404, stack(0x0000009b89800000,0x0000009b89900000)]
  0x0000021ace05b9a0 JavaThread "Monitor Deflation Thread" daemon [_thread_blocked, id=2144, stack(0x0000009b89900000,0x0000009b89a00000)]
=>0x0000021ace05e660 JavaThread "C2 CompilerThread0" daemon [_thread_in_native, id=4972, stack(0x0000009b89a00000,0x0000009b89b00000)]
  0x0000021ace0c7920 JavaThread "C1 CompilerThread0" daemon [_thread_blocked, id=19552, stack(0x0000009b89b00000,0x0000009b89c00000)]
  0x0000021ace0cbe60 JavaThread "Sweeper thread" daemon [_thread_blocked, id=16416, stack(0x0000009b89c00000,0x0000009b89d00000)]
  0x0000021ab5145870 JavaThread "Common-Cleaner" daemon [_thread_blocked, id=16036, stack(0x0000009b89d00000,0x0000009b89e00000)]
  0x0000021ace399ae0 JavaThread "Notification Thread" daemon [_thread_blocked, id=4524, stack(0x0000009b89f00000,0x0000009b8a000000)]
  0x0000021acf86c1b0 JavaThread "Active Thread: Equinox Container: a42b37bf-a993-4a8e-bbb9-0ab9c7e98c43" [_thread_blocked, id=9716, stack(0x0000009b8a700000,0x0000009b8a800000)]
  0x0000021acff81430 JavaThread "Framework Event Dispatcher: Equinox Container: a42b37bf-a993-4a8e-bbb9-0ab9c7e98c43" daemon [_thread_blocked, id=19244, stack(0x0000009b8a900000,0x0000009b8aa00000)]
  0x0000021acfa63410 JavaThread "Start Level: Equinox Container: a42b37bf-a993-4a8e-bbb9-0ab9c7e98c43" daemon [_thread_blocked, id=2620, stack(0x0000009b8aa00000,0x0000009b8ab00000)]
  0x0000021acffa9d90 JavaThread "Bundle File Closer" daemon [_thread_blocked, id=10136, stack(0x0000009b8ac00000,0x0000009b8ad00000)]
  0x0000021acfb71520 JavaThread "SCR Component Actor" daemon [_thread_blocked, id=11420, stack(0x0000009b8ad00000,0x0000009b8ae00000)]
  0x0000021acfb71a30 JavaThread "SCR Component Registry" daemon [_thread_blocked, id=2824, stack(0x0000009b8a800000,0x0000009b8a900000)]
  0x0000021acfb73da0 JavaThread "Worker-JM" [_thread_blocked, id=16624, stack(0x0000009b8a600000,0x0000009b8a700000)]
  0x0000021acfb72960 JavaThread "Worker-0" [_thread_blocked, id=19364, stack(0x0000009b8af00000,0x0000009b8b000000)]
  0x0000021acfb73380 JavaThread "Worker-1" [_thread_blocked, id=5564, stack(0x0000009b8b000000,0x0000009b8b100000)]
  0x0000021acf5a4030 JavaThread "C2 CompilerThread1" daemon [_thread_in_native, id=7900, stack(0x0000009b8ae00000,0x0000009b8af00000)]
  0x0000021acfb73890 JavaThread "Worker-2" [_thread_blocked, id=2816, stack(0x0000009b8b100000,0x0000009b8b200000)]
  0x0000021ad0f27bf0 JavaThread "Java indexing" daemon [_thread_blocked, id=3392, stack(0x0000009b8b200000,0x0000009b8b300000)]
  0x0000021ad0f24db0 JavaThread "Worker-3" [_thread_blocked, id=7412, stack(0x0000009b8b300000,0x0000009b8b400000)]
  0x0000021ad0f28100 JavaThread "JNA Cleaner" daemon [_thread_blocked, id=11232, stack(0x0000009b8b400000,0x0000009b8b500000)]
  0x0000021ad0f28610 JavaThread "Thread-2" daemon [_thread_in_native, id=15420, stack(0x0000009b8b500000,0x0000009b8b600000)]
  0x0000021ad0f28b20 JavaThread "Thread-3" daemon [_thread_in_native, id=18236, stack(0x0000009b8b600000,0x0000009b8b700000)]
  0x0000021ad0f276e0 JavaThread "Thread-4" daemon [_thread_in_native, id=8780, stack(0x0000009b8b700000,0x0000009b8b800000)]
  0x0000021ad0958500 JavaThread "Thread-5" daemon [_thread_in_native, id=18584, stack(0x0000009b8b800000,0x0000009b8b900000)]
  0x0000021ad0958a10 JavaThread "Thread-6" daemon [_thread_in_native, id=8180, stack(0x0000009b8b900000,0x0000009b8ba00000)]
  0x0000021ad0958f20 JavaThread "Thread-7" daemon [_thread_in_native, id=3316, stack(0x0000009b8ba00000,0x0000009b8bb00000)]
  0x0000021ad0956bb0 JavaThread "Thread-8" daemon [_thread_in_native, id=2768, stack(0x0000009b8bb00000,0x0000009b8bc00000)]
  0x0000021ad09566a0 JavaThread "Thread-9" daemon [_thread_in_native, id=14532, stack(0x0000009b8bc00000,0x0000009b8bd00000)]
  0x0000021ad0959430 JavaThread "Thread-10" daemon [_thread_in_native, id=19520, stack(0x0000009b8bd00000,0x0000009b8be00000)]
  0x0000021ad0959940 JavaThread "pool-2-thread-1" [_thread_blocked, id=8328, stack(0x0000009b8be00000,0x0000009b8bf00000)]
  0x0000021ad1895180 JavaThread "WorkspaceEventsHandler" [_thread_blocked, id=1036, stack(0x0000009b8bf00000,0x0000009b8c000000)]
  0x0000021ad18965c0 JavaThread "pool-1-thread-1" [_thread_in_vm, id=11280, stack(0x0000009b8c000000,0x0000009b8c100000)]

Other Threads:
  0x0000021ab516c980 VMThread "VM Thread" [stack: 0x0000009b89300000,0x0000009b89400000] [id=10088]
  0x0000021ace399fc0 WatcherThread [stack: 0x0000009b8a000000,0x0000009b8a100000] [id=2332]
  0x0000021ab50f8650 GCTaskThread "GC Thread#0" [stack: 0x0000009b89200000,0x0000009b89300000] [id=11860]
  0x0000021acf37c360 GCTaskThread "GC Thread#1" [stack: 0x0000009b89e00000,0x0000009b89f00000] [id=10660]
  0x0000021acf616a80 GCTaskThread "GC Thread#2" [stack: 0x0000009b8a100000,0x0000009b8a200000] [id=17332]
  0x0000021acf616d40 GCTaskThread "GC Thread#3" [stack: 0x0000009b8a200000,0x0000009b8a300000] [id=14604]
  0x0000021ace210030 GCTaskThread "GC Thread#4" [stack: 0x0000009b8a300000,0x0000009b8a400000] [id=2508]
  0x0000021ace2102f0 GCTaskThread "GC Thread#5" [stack: 0x0000009b8a400000,0x0000009b8a500000] [id=7916]
  0x0000021acfb11b10 GCTaskThread "GC Thread#6" [stack: 0x0000009b8a500000,0x0000009b8a600000] [id=20192]
  0x0000021ab307cb30 GCTaskThread "GC Thread#7" [stack: 0x0000009b8ab00000,0x0000009b8ac00000] [id=19052]

Threads with active compile tasks:
C2 CompilerThread0    10463 5245   !   4       org.eclipse.osgi.internal.loader.BundleLoader::findRequiredSource (283 bytes)
C2 CompilerThread1    10463 5459       4       java.util.ArrayList::contains (14 bytes)

VM state: not at safepoint (normal execution)

VM Mutex/Monitor currently owned by a thread: None

Heap address: 0x00000000c0000000, size: 1024 MB, Compressed Oops mode: 32-bit

CDS archive(s) not mapped
Compressed class space mapped at: 0x0000000100000000-0x0000000140000000, reserved size: 1073741824
Narrow klass base: 0x0000000000000000, Narrow klass shift: 3, Narrow klass range: 0x140000000

GC Precious Log:
 CPUs: 8 total, 8 available
 Memory: 7987M
 Large Page Support: Disabled
 NUMA Support: Disabled
 Compressed Oops: Enabled (32-bit)
 Alignments: Space 512K, Generation 512K, Heap 2M
 Heap Min Capacity: 100M
 Heap Initial Capacity: 100M
 Heap Max Capacity: 1G
 Pre-touch: Disabled
 Parallel Workers: 8

Heap:
 PSYoungGen      total 25088K, used 11707K [0x00000000eab00000, 0x00000000ec580000, 0x0000000100000000)
  eden space 22016K, 46% used [0x00000000eab00000,0x00000000eb50dc58,0x00000000ec080000)
  from space 3072K, 45% used [0x00000000ec080000,0x00000000ec1e1278,0x00000000ec380000)
  to   space 2048K, 0% used [0x00000000ec380000,0x00000000ec380000,0x00000000ec580000)
 ParOldGen       total 68608K, used 21055K [0x00000000c0000000, 0x00000000c4300000, 0x00000000eab00000)
  object space 68608K, 30% used [0x00000000c0000000,0x00000000c148fe08,0x00000000c4300000)
 Metaspace       used 49735K, committed 50688K, reserved 1114112K
  class space    used 5345K, committed 5760K, reserved 1048576K

Card table byte_map: [0x0000021ab4a70000,0x0000021ab4c80000] _byte_map_base: 0x0000021ab4470000

Marking Bits: (ParMarkBitMap*) 0x00007fff58fad7d0
 Begin Bits: [0x0000021ac6d70000, 0x0000021ac7d70000)
 End Bits:   [0x0000021ac7d70000, 0x0000021ac8d70000)

Polling page: 0x0000021ab2f70000

Metaspace:

Usage:
  Non-class:     43.35 MB used.
      Class:      5.22 MB used.
       Both:     48.57 MB used.

Virtual space:
  Non-class space:       64.00 MB reserved,      43.88 MB ( 69%) committed,  1 nodes.
      Class space:        1.00 GB reserved,       5.62 MB ( <1%) committed,  1 nodes.
             Both:        1.06 GB reserved,      49.50 MB (  5%) committed. 

Chunk freelists:
   Non-Class:  3.67 MB
       Class:  10.34 MB
        Both:  14.02 MB

MaxMetaspaceSize: unlimited
CompressedClassSpaceSize: 1.00 GB
Initial GC threshold: 21.00 MB
Current GC threshold: 58.38 MB
CDS: off
MetaspaceReclaimPolicy: balanced
 - commit_granule_bytes: 65536.
 - commit_granule_words: 8192.
 - virtual_space_node_default_size: 8388608.
 - enlarge_chunks_in_place: 1.
 - new_chunks_are_fully_committed: 0.
 - uncommit_free_chunks: 1.
 - use_allocation_guard: 0.
 - handle_deallocations: 1.


Internal statistics:

num_allocs_failed_limit: 6.
num_arena_births: 568.
num_arena_deaths: 46.
num_vsnodes_births: 2.
num_vsnodes_deaths: 0.
num_space_committed: 792.
num_space_uncommitted: 0.
num_chunks_returned_to_freelist: 62.
num_chunks_taken_from_freelist: 2449.
num_chunk_merges: 12.
num_chunk_splits: 1489.
num_chunks_enlarged: 893.
num_inconsistent_stats: 0.

CodeHeap 'non-profiled nmethods': size=120000Kb used=2214Kb max_used=2526Kb free=117785Kb
 bounds [0x0000021abf840000, 0x0000021abfac0000, 0x0000021ac6d70000]
CodeHeap 'profiled nmethods': size=120000Kb used=9083Kb max_used=11129Kb free=110916Kb
 bounds [0x0000021ab7d70000, 0x0000021ab8850000, 0x0000021abf2a0000]
CodeHeap 'non-nmethods': size=5760Kb used=1306Kb max_used=1355Kb free=4453Kb
 bounds [0x0000021abf2a0000, 0x0000021abf510000, 0x0000021abf840000]
 total_blobs=5254 nmethods=4628 adapters=540
 compilation: enabled
              stopped_count=0, restarted_count=0
 full_count=0

Compilation events (20 events):
Event: 10.366 Thread 0x0000021ace0c7920 nmethod 5452 0x0000021ab7df6410 code [0x0000021ab7df66e0, 0x0000021ab7df73c8]
Event: 10.375 Thread 0x0000021acf5a4030 nmethod 5309 0x0000021abf8ab810 code [0x0000021abf8ab9c0, 0x0000021abf8ac6f8]
Event: 10.376 Thread 0x0000021acf5a4030 5443       4       java.lang.Class::cast (27 bytes)
Event: 10.377 Thread 0x0000021acf5a4030 nmethod 5443 0x0000021abf864990 code [0x0000021abf864b00, 0x0000021abf864bf8]
Event: 10.377 Thread 0x0000021acf5a4030 5294       4       java.util.Collections::emptySet (4 bytes)
Event: 10.377 Thread 0x0000021acf5a4030 nmethod 5294 0x0000021abf864690 code [0x0000021abf864800, 0x0000021abf864858]
Event: 10.378 Thread 0x0000021acf5a4030 5405       4       java.lang.Long::hashCode (8 bytes)
Event: 10.378 Thread 0x0000021acf5a4030 nmethod 5405 0x0000021abf87c710 code [0x0000021abf87c880, 0x0000021abf87c8f8]
Event: 10.378 Thread 0x0000021acf5a4030 5441       4       jdk.internal.org.objectweb.asm.MethodWriter::visitEnd (1 bytes)
Event: 10.378 Thread 0x0000021acf5a4030 nmethod 5441 0x0000021abf87c410 code [0x0000021abf87c580, 0x0000021abf87c5f8]
Event: 10.379 Thread 0x0000021ace0c7920 5453       3       org.eclipse.core.internal.jobs.JobQueue::peek (26 bytes)
Event: 10.379 Thread 0x0000021ace0c7920 nmethod 5453 0x0000021ab7fa5a10 code [0x0000021ab7fa5ba0, 0x0000021ab7fa5d38]
Event: 10.383 Thread 0x0000021ace0c7920 5454       1       sun.util.calendar.CalendarDate::isNormalized (5 bytes)
Event: 10.383 Thread 0x0000021ace0c7920 nmethod 5454 0x0000021abf87c110 code [0x0000021abf87c2a0, 0x0000021abf87c378]
Event: 10.383 Thread 0x0000021ace0c7920 5455   !   3       org.eclipse.osgi.container.Module::$SWITCH_TABLE$org$eclipse$osgi$container$ModuleContainerAdaptor$ModuleEvent (157 bytes)
Event: 10.384 Thread 0x0000021ace0c7920 nmethod 5455 0x0000021ab7efc010 code [0x0000021ab7efc220, 0x0000021ab7efc8e8]
Event: 10.406 Thread 0x0000021ace0c7920 5456       3       org.eclipse.osgi.internal.loader.classpath.ClasspathEntry::manifestPackageAttributesFor (36 bytes)
Event: 10.406 Thread 0x0000021ace0c7920 nmethod 5456 0x0000021ab85d4910 code [0x0000021ab85d4ac0, 0x0000021ab85d4e48]
Event: 10.409 Thread 0x0000021ace0c7920 5457   !   3       org.eclipse.osgi.internal.loader.ModuleClassLoader::publicDefinePackage (50 bytes)
Event: 10.409 Thread 0x0000021ace0c7920 nmethod 5457 0x0000021ab8237e10 code [0x0000021ab8237fc0, 0x0000021ab82383d8]

GC Heap History (20 events):
Event: 6.600 GC heap before
{Heap before GC invocations=10 (full 1):
 PSYoungGen      total 27136K, used 27121K [0x00000000eab00000, 0x00000000ecb00000, 0x0000000100000000)
  eden space 24064K, 100% used [0x00000000eab00000,0x00000000ec280000,0x00000000ec280000)
  from space 3072K, 99% used [0x00000000ec800000,0x00000000ecafc7c0,0x00000000ecb00000)
  to   space 3584K, 0% used [0x00000000ec400000,0x00000000ec400000,0x00000000ec780000)
 ParOldGen       total 68608K, used 11355K [0x00000000c0000000, 0x00000000c4300000, 0x00000000eab00000)
  object space 68608K, 16% used [0x00000000c0000000,0x00000000c0b16f30,0x00000000c4300000)
 Metaspace       used 31967K, committed 32576K, reserved 1114112K
  class space    used 3113K, committed 3328K, reserved 1048576K
}
Event: 6.604 GC heap after
{Heap after GC invocations=10 (full 1):
 PSYoungGen      total 27136K, used 3306K [0x00000000eab00000, 0x00000000ec900000, 0x0000000100000000)
  eden space 23552K, 0% used [0x00000000eab00000,0x00000000eab00000,0x00000000ec200000)
  from space 3584K, 92% used [0x00000000ec400000,0x00000000ec73aa00,0x00000000ec780000)
  to   space 1536K, 0% used [0x00000000ec780000,0x00000000ec780000,0x00000000ec900000)
 ParOldGen       total 68608K, used 13037K [0x00000000c0000000, 0x00000000c4300000, 0x00000000eab00000)
  object space 68608K, 19% used [0x00000000c0000000,0x00000000c0cbb6c8,0x00000000c4300000)
 Metaspace       used 31967K, committed 32576K, reserved 1114112K
  class space    used 3113K, committed 3328K, reserved 1048576K
}
Event: 7.118 GC heap before
{Heap before GC invocations=11 (full 1):
 PSYoungGen      total 27136K, used 26858K [0x00000000eab00000, 0x00000000ec900000, 0x0000000100000000)
  eden space 23552K, 100% used [0x00000000eab00000,0x00000000ec200000,0x00000000ec200000)
  from space 3584K, 92% used [0x00000000ec400000,0x00000000ec73aa00,0x00000000ec780000)
  to   space 1536K, 0% used [0x00000000ec780000,0x00000000ec780000,0x00000000ec900000)
 ParOldGen       total 68608K, used 13037K [0x00000000c0000000, 0x00000000c4300000, 0x00000000eab00000)
  object space 68608K, 19% used [0x00000000c0000000,0x00000000c0cbb6c8,0x00000000c4300000)
 Metaspace       used 34595K, committed 35328K, reserved 1114112K
  class space    used 3413K, committed 3712K, reserved 1048576K
}
Event: 7.122 GC heap after
{Heap after GC invocations=11 (full 1):
 PSYoungGen      total 24576K, used 1532K [0x00000000eab00000, 0x00000000eca80000, 0x0000000100000000)
  eden space 23040K, 0% used [0x00000000eab00000,0x00000000eab00000,0x00000000ec180000)
  from space 1536K, 99% used [0x00000000ec780000,0x00000000ec8ff318,0x00000000ec900000)
  to   space 4608K, 0% used [0x00000000ec180000,0x00000000ec180000,0x00000000ec600000)
 ParOldGen       total 68608K, used 15609K [0x00000000c0000000, 0x00000000c4300000, 0x00000000eab00000)
  object space 68608K, 22% used [0x00000000c0000000,0x00000000c0f3e4d0,0x00000000c4300000)
 Metaspace       used 34595K, committed 35328K, reserved 1114112K
  class space    used 3413K, committed 3712K, reserved 1048576K
}
Event: 7.190 GC heap before
{Heap before GC invocations=12 (full 1):
 PSYoungGen      total 24576K, used 5704K [0x00000000eab00000, 0x00000000eca80000, 0x0000000100000000)
  eden space 23040K, 18% used [0x00000000eab00000,0x00000000eaf13080,0x00000000ec180000)
  from space 1536K, 99% used [0x00000000ec780000,0x00000000ec8ff318,0x00000000ec900000)
  to   space 4608K, 0% used [0x00000000ec180000,0x00000000ec180000,0x00000000ec600000)
 ParOldGen       total 68608K, used 15609K [0x00000000c0000000, 0x00000000c4300000, 0x00000000eab00000)
  object space 68608K, 22% used [0x00000000c0000000,0x00000000c0f3e4d0,0x00000000c4300000)
 Metaspace       used 35100K, committed 35840K, reserved 1114112K
  class space    used 3470K, committed 3776K, reserved 1048576K
}
Event: 7.193 GC heap after
{Heap after GC invocations=12 (full 1):
 PSYoungGen      total 27648K, used 270K [0x00000000eab00000, 0x00000000ec800000, 0x0000000100000000)
  eden space 23040K, 0% used [0x00000000eab00000,0x00000000eab00000,0x00000000ec180000)
  from space 4608K, 5% used [0x00000000ec180000,0x00000000ec1c3bb8,0x00000000ec600000)
  to   space 2048K, 0% used [0x00000000ec600000,0x00000000ec600000,0x00000000ec800000)
 ParOldGen       total 68608K, used 17155K [0x00000000c0000000, 0x00000000c4300000, 0x00000000eab00000)
  object space 68608K, 25% used [0x00000000c0000000,0x00000000c10c0df0,0x00000000c4300000)
 Metaspace       used 35100K, committed 35840K, reserved 1114112K
  class space    used 3470K, committed 3776K, reserved 1048576K
}
Event: 7.193 GC heap before
{Heap before GC invocations=13 (full 2):
 PSYoungGen      total 27648K, used 270K [0x00000000eab00000, 0x00000000ec800000, 0x0000000100000000)
  eden space 23040K, 0% used [0x00000000eab00000,0x00000000eab00000,0x00000000ec180000)
  from space 4608K, 5% used [0x00000000ec180000,0x00000000ec1c3bb8,0x00000000ec600000)
  to   space 2048K, 0% used [0x00000000ec600000,0x00000000ec600000,0x00000000ec800000)
 ParOldGen       total 68608K, used 17155K [0x00000000c0000000, 0x00000000c4300000, 0x00000000eab00000)
  object space 68608K, 25% used [0x00000000c0000000,0x00000000c10c0df0,0x00000000c4300000)
 Metaspace       used 35100K, committed 35840K, reserved 1114112K
  class space    used 3470K, committed 3776K, reserved 1048576K
}
Event: 7.236 GC heap after
{Heap after GC invocations=13 (full 2):
 PSYoungGen      total 27648K, used 0K [0x00000000eab00000, 0x00000000ec800000, 0x0000000100000000)
  eden space 23040K, 0% used [0x00000000eab00000,0x00000000eab00000,0x00000000ec180000)
  from space 4608K, 0% used [0x00000000ec180000,0x00000000ec180000,0x00000000ec600000)
  to   space 2048K, 0% used [0x00000000ec600000,0x00000000ec600000,0x00000000ec800000)
 ParOldGen       total 68608K, used 15874K [0x00000000c0000000, 0x00000000c4300000, 0x00000000eab00000)
  object space 68608K, 23% used [0x00000000c0000000,0x00000000c0f80ab0,0x00000000c4300000)
 Metaspace       used 35071K, committed 35840K, reserved 1114112K
  class space    used 3462K, committed 3776K, reserved 1048576K
}
Event: 7.816 GC heap before
{Heap before GC invocations=14 (full 2):
 PSYoungGen      total 27648K, used 23040K [0x00000000eab00000, 0x00000000ec800000, 0x0000000100000000)
  eden space 23040K, 100% used [0x00000000eab00000,0x00000000ec180000,0x00000000ec180000)
  from space 4608K, 0% used [0x00000000ec180000,0x00000000ec180000,0x00000000ec600000)
  to   space 2048K, 0% used [0x00000000ec600000,0x00000000ec600000,0x00000000ec800000)
 ParOldGen       total 68608K, used 15874K [0x00000000c0000000, 0x00000000c4300000, 0x00000000eab00000)
  object space 68608K, 23% used [0x00000000c0000000,0x00000000c0f80ab0,0x00000000c4300000)
 Metaspace       used 38350K, committed 39104K, reserved 1114112K
  class space    used 3895K, committed 4224K, reserved 1048576K
}
Event: 7.818 GC heap after
{Heap after GC invocations=14 (full 2):
 PSYoungGen      total 24064K, used 1085K [0x00000000eab00000, 0x00000000ec780000, 0x0000000100000000)
  eden space 22528K, 0% used [0x00000000eab00000,0x00000000eab00000,0x00000000ec100000)
  from space 1536K, 70% used [0x00000000ec600000,0x00000000ec70f678,0x00000000ec780000)
  to   space 1536K, 0% used [0x00000000ec480000,0x00000000ec480000,0x00000000ec600000)
 ParOldGen       total 68608K, used 15882K [0x00000000c0000000, 0x00000000c4300000, 0x00000000eab00000)
  object space 68608K, 23% used [0x00000000c0000000,0x00000000c0f82ab0,0x00000000c4300000)
 Metaspace       used 38350K, committed 39104K, reserved 1114112K
  class space    used 3895K, committed 4224K, reserved 1048576K
}
Event: 8.200 GC heap before
{Heap before GC invocations=15 (full 2):
 PSYoungGen      total 24064K, used 23613K [0x00000000eab00000, 0x00000000ec780000, 0x0000000100000000)
  eden space 22528K, 100% used [0x00000000eab00000,0x00000000ec100000,0x00000000ec100000)
  from space 1536K, 70% used [0x00000000ec600000,0x00000000ec70f678,0x00000000ec780000)
  to   space 1536K, 0% used [0x00000000ec480000,0x00000000ec480000,0x00000000ec600000)
 ParOldGen       total 68608K, used 15882K [0x00000000c0000000, 0x00000000c4300000, 0x00000000eab00000)
  object space 68608K, 23% used [0x00000000c0000000,0x00000000c0f82ab0,0x00000000c4300000)
 Metaspace       used 40226K, committed 41088K, reserved 1114112K
  class space    used 4113K, committed 4416K, reserved 1048576K
}
Event: 8.203 GC heap after
{Heap after GC invocations=15 (full 2):
 PSYoungGen      total 23552K, used 1193K [0x00000000eab00000, 0x00000000ec680000, 0x0000000100000000)
  eden space 22016K, 0% used [0x00000000eab00000,0x00000000eab00000,0x00000000ec080000)
  from space 1536K, 77% used [0x00000000ec480000,0x00000000ec5aa628,0x00000000ec600000)
  to   space 512K, 0% used [0x00000000ec600000,0x00000000ec600000,0x00000000ec680000)
 ParOldGen       total 68608K, used 16694K [0x00000000c0000000, 0x00000000c4300000, 0x00000000eab00000)
  object space 68608K, 24% used [0x00000000c0000000,0x00000000c104d878,0x00000000c4300000)
 Metaspace       used 40226K, committed 41088K, reserved 1114112K
  class space    used 4113K, committed 4416K, reserved 1048576K
}
Event: 8.604 GC heap before
{Heap before GC invocations=16 (full 2):
 PSYoungGen      total 23552K, used 23209K [0x00000000eab00000, 0x00000000ec680000, 0x0000000100000000)
  eden space 22016K, 100% used [0x00000000eab00000,0x00000000ec080000,0x00000000ec080000)
  from space 1536K, 77% used [0x00000000ec480000,0x00000000ec5aa628,0x00000000ec600000)
  to   space 512K, 0% used [0x00000000ec600000,0x00000000ec600000,0x00000000ec680000)
 ParOldGen       total 68608K, used 16694K [0x00000000c0000000, 0x00000000c4300000, 0x00000000eab00000)
  object space 68608K, 24% used [0x00000000c0000000,0x00000000c104d878,0x00000000c4300000)
 Metaspace       used 42299K, committed 43264K, reserved 1114112K
  class space    used 4401K, committed 4800K, reserved 1048576K
}
Event: 8.606 GC heap after
{Heap after GC invocations=16 (full 2):
 PSYoungGen      total 22528K, used 512K [0x00000000eab00000, 0x00000000ec680000, 0x0000000100000000)
  eden space 22016K, 0% used [0x00000000eab00000,0x00000000eab00000,0x00000000ec080000)
  from space 512K, 100% used [0x00000000ec600000,0x00000000ec680000,0x00000000ec680000)
  to   space 2048K, 0% used [0x00000000ec280000,0x00000000ec280000,0x00000000ec480000)
 ParOldGen       total 68608K, used 17864K [0x00000000c0000000, 0x00000000c4300000, 0x00000000eab00000)
  object space 68608K, 26% used [0x00000000c0000000,0x00000000c11721f8,0x00000000c4300000)
 Metaspace       used 42299K, committed 43264K, reserved 1114112K
  class space    used 4401K, committed 4800K, reserved 1048576K
}
Event: 8.920 GC heap before
{Heap before GC invocations=17 (full 2):
 PSYoungGen      total 22528K, used 22528K [0x00000000eab00000, 0x00000000ec680000, 0x0000000100000000)
  eden space 22016K, 100% used [0x00000000eab00000,0x00000000ec080000,0x00000000ec080000)
  from space 512K, 100% used [0x00000000ec600000,0x00000000ec680000,0x00000000ec680000)
  to   space 2048K, 0% used [0x00000000ec280000,0x00000000ec280000,0x00000000ec480000)
 ParOldGen       total 68608K, used 17864K [0x00000000c0000000, 0x00000000c4300000, 0x00000000eab00000)
  object space 68608K, 26% used [0x00000000c0000000,0x00000000c11721f8,0x00000000c4300000)
 Metaspace       used 44765K, committed 45696K, reserved 1114112K
  class space    used 4709K, committed 5120K, reserved 1048576K
}
Event: 8.923 GC heap after
{Heap after GC invocations=17 (full 2):
 PSYoungGen      total 24064K, used 1168K [0x00000000eab00000, 0x00000000ec680000, 0x0000000100000000)
  eden space 22016K, 0% used [0x00000000eab00000,0x00000000eab00000,0x00000000ec080000)
  from space 2048K, 57% used [0x00000000ec280000,0x00000000ec3a4010,0x00000000ec480000)
  to   space 1536K, 0% used [0x00000000ec500000,0x00000000ec500000,0x00000000ec680000)
 ParOldGen       total 68608K, used 18338K [0x00000000c0000000, 0x00000000c4300000, 0x00000000eab00000)
  object space 68608K, 26% used [0x00000000c0000000,0x00000000c11e8a38,0x00000000c4300000)
 Metaspace       used 44765K, committed 45696K, reserved 1114112K
  class space    used 4709K, committed 5120K, reserved 1048576K
}
Event: 9.079 GC heap before
{Heap before GC invocations=18 (full 2):
 PSYoungGen      total 24064K, used 23184K [0x00000000eab00000, 0x00000000ec680000, 0x0000000100000000)
  eden space 22016K, 100% used [0x00000000eab00000,0x00000000ec080000,0x00000000ec080000)
  from space 2048K, 57% used [0x00000000ec280000,0x00000000ec3a4010,0x00000000ec480000)
  to   space 1536K, 0% used [0x00000000ec500000,0x00000000ec500000,0x00000000ec680000)
 ParOldGen       total 68608K, used 18338K [0x00000000c0000000, 0x00000000c4300000, 0x00000000eab00000)
  object space 68608K, 26% used [0x00000000c0000000,0x00000000c11e8a38,0x00000000c4300000)
 Metaspace       used 45959K, committed 46848K, reserved 1114112K
  class space    used 4854K, committed 5248K, reserved 1048576K
}
Event: 9.082 GC heap after
{Heap after GC invocations=18 (full 2):
 PSYoungGen      total 23552K, used 1528K [0x00000000eab00000, 0x00000000ec680000, 0x0000000100000000)
  eden space 22016K, 0% used [0x00000000eab00000,0x00000000eab00000,0x00000000ec080000)
  from space 1536K, 99% used [0x00000000ec500000,0x00000000ec67e1a8,0x00000000ec680000)
  to   space 3072K, 0% used [0x00000000ec080000,0x00000000ec080000,0x00000000ec380000)
 ParOldGen       total 68608K, used 19527K [0x00000000c0000000, 0x00000000c4300000, 0x00000000eab00000)
  object space 68608K, 28% used [0x00000000c0000000,0x00000000c1311e08,0x00000000c4300000)
 Metaspace       used 45959K, committed 46848K, reserved 1114112K
  class space    used 4854K, committed 5248K, reserved 1048576K
}
Event: 9.959 GC heap before
{Heap before GC invocations=19 (full 2):
 PSYoungGen      total 23552K, used 23544K [0x00000000eab00000, 0x00000000ec680000, 0x0000000100000000)
  eden space 22016K, 100% used [0x00000000eab00000,0x00000000ec080000,0x00000000ec080000)
  from space 1536K, 99% used [0x00000000ec500000,0x00000000ec67e1a8,0x00000000ec680000)
  to   space 3072K, 0% used [0x00000000ec080000,0x00000000ec080000,0x00000000ec380000)
 ParOldGen       total 68608K, used 19527K [0x00000000c0000000, 0x00000000c4300000, 0x00000000eab00000)
  object space 68608K, 28% used [0x00000000c0000000,0x00000000c1311e08,0x00000000c4300000)
 Metaspace       used 48482K, committed 49408K, reserved 1114112K
  class space    used 5190K, committed 5632K, reserved 1048576K
}
Event: 9.962 GC heap after
{Heap after GC invocations=19 (full 2):
 PSYoungGen      total 25088K, used 1412K [0x00000000eab00000, 0x00000000ec580000, 0x0000000100000000)
  eden space 22016K, 0% used [0x00000000eab00000,0x00000000eab00000,0x00000000ec080000)
  from space 3072K, 45% used [0x00000000ec080000,0x00000000ec1e1278,0x00000000ec380000)
  to   space 2048K, 0% used [0x00000000ec380000,0x00000000ec380000,0x00000000ec580000)
 ParOldGen       total 68608K, used 21055K [0x00000000c0000000, 0x00000000c4300000, 0x00000000eab00000)
  object space 68608K, 30% used [0x00000000c0000000,0x00000000c148fe08,0x00000000c4300000)
 Metaspace       used 48482K, committed 49408K, reserved 1114112K
  class space    used 5190K, committed 5632K, reserved 1048576K
}

Dll operation events (10 events):
Event: 0.011 Loaded shared library c:\Users\Kiet\.vscode\extensions\redhat.java-1.30.0-win32-x64\jre\17.0.10-win32-x86_64\bin\java.dll
Event: 0.314 Loaded shared library c:\Users\Kiet\.vscode\extensions\redhat.java-1.30.0-win32-x64\jre\17.0.10-win32-x86_64\bin\zip.dll
Event: 0.319 Loaded shared library C:\Users\Kiet\.vscode\extensions\redhat.java-1.30.0-win32-x64\jre\17.0.10-win32-x86_64\bin\instrument.dll
Event: 0.359 Loaded shared library C:\Users\Kiet\.vscode\extensions\redhat.java-1.30.0-win32-x64\jre\17.0.10-win32-x86_64\bin\net.dll
Event: 0.362 Loaded shared library C:\Users\Kiet\.vscode\extensions\redhat.java-1.30.0-win32-x64\jre\17.0.10-win32-x86_64\bin\nio.dll
Event: 0.375 Loaded shared library C:\Users\Kiet\.vscode\extensions\redhat.java-1.30.0-win32-x64\jre\17.0.10-win32-x86_64\bin\zip.dll
Event: 0.412 Loaded shared library C:\Users\Kiet\.vscode\extensions\redhat.java-1.30.0-win32-x64\jre\17.0.10-win32-x86_64\bin\jimage.dll
Event: 0.547 Loaded shared library c:\Users\Kiet\.vscode\extensions\redhat.java-1.30.0-win32-x64\jre\17.0.10-win32-x86_64\bin\verify.dll
Event: 2.523 Loaded shared library C:\Users\Kiet\AppData\Roaming\Code\User\globalStorage\redhat.java\1.30.0\config_win\org.eclipse.equinox.launcher\org.eclipse.equinox.launcher.win32.win32.x86_64_1.2.900.v20240213-1244\eclipse_11900.dll
Event: 7.768 Loaded shared library C:\Users\Kiet\AppData\Local\Temp\jna-2338477\jna11283949173566579320.dll

Deoptimization events (20 events):
Event: 9.619 Thread 0x0000021acfb73380 DEOPT PACKING pc=0x0000021abfaa72d0 sp=0x0000009b8b0fce60
Event: 9.620 Thread 0x0000021acfb73380 DEOPT UNPACKING pc=0x0000021abf2f9ea3 sp=0x0000009b8b0fcdf0 mode 2
Event: 9.934 Thread 0x0000021acfb73380 DEOPT PACKING pc=0x0000021ab87b92bf sp=0x0000009b8b0fbf60
Event: 9.934 Thread 0x0000021acfb73380 DEOPT UNPACKING pc=0x0000021abf2fa9e3 sp=0x0000009b8b0fb468 mode 0
Event: 10.007 Thread 0x0000021acfb73380 Uncommon trap: trap_request=0x000000e1 fr.pc=0x0000021abf9db3e4 relative=0x00000000000000c4
Event: 10.007 Thread 0x0000021acfb73380 Uncommon trap: reason=unloaded action=reinterpret pc=0x0000021abf9db3e4 method=org.codehaus.plexus.util.xml.pull.MXParser.more()C @ 22 c2
Event: 10.008 Thread 0x0000021acfb73380 DEOPT PACKING pc=0x0000021abf9db3e4 sp=0x0000009b8b0fea00
Event: 10.008 Thread 0x0000021acfb73380 DEOPT UNPACKING pc=0x0000021abf2f9ea3 sp=0x0000009b8b0fe9a0 mode 2
Event: 10.060 Thread 0x0000021acfb72960 DEOPT PACKING pc=0x0000021ab87b92bf sp=0x0000009b8aff8f50
Event: 10.066 Thread 0x0000021acfb72960 DEOPT UNPACKING pc=0x0000021abf2fa9e3 sp=0x0000009b8aff8458 mode 0
Event: 10.306 Thread 0x0000021acfb73380 DEOPT PACKING pc=0x0000021ab87b92bf sp=0x0000009b8b0fc3a0
Event: 10.306 Thread 0x0000021acfb73380 DEOPT UNPACKING pc=0x0000021abf2fa9e3 sp=0x0000009b8b0fb8a8 mode 0
Event: 10.333 Thread 0x0000021acfb73380 Uncommon trap: trap_request=0xffffff45 fr.pc=0x0000021abf87cc40 relative=0x00000000000000a0
Event: 10.333 Thread 0x0000021acfb73380 Uncommon trap: reason=unstable_if action=reinterpret pc=0x0000021abf87cc40 method=jdk.internal.misc.Unsafe.convEndian(ZI)I @ 4 c2
Event: 10.333 Thread 0x0000021acfb73380 DEOPT PACKING pc=0x0000021abf87cc40 sp=0x0000009b8b0fe810
Event: 10.333 Thread 0x0000021acfb73380 DEOPT UNPACKING pc=0x0000021abf2f9ea3 sp=0x0000009b8b0fe6a8 mode 2
Event: 10.381 Thread 0x0000021ad18965c0 Uncommon trap: trap_request=0xffffff45 fr.pc=0x0000021abf879154 relative=0x0000000000000494
Event: 10.381 Thread 0x0000021ad18965c0 Uncommon trap: reason=unstable_if action=reinterpret pc=0x0000021abf879154 method=java.util.HashMap$HashIterator.<init>(Ljava/util/HashMap;)V @ 45 c2
Event: 10.381 Thread 0x0000021ad18965c0 DEOPT PACKING pc=0x0000021abf879154 sp=0x0000009b8c0fdf60
Event: 10.381 Thread 0x0000021ad18965c0 DEOPT UNPACKING pc=0x0000021abf2f9ea3 sp=0x0000009b8c0fddd0 mode 2

Classes unloaded (20 events):
Event: 4.450 Thread 0x0000021ab516c980 Unloading class 0x0000000100247800 'java/lang/invoke/LambdaForm$MH+0x0000000100247800'
Event: 4.450 Thread 0x0000021ab516c980 Unloading class 0x0000000100247400 'java/lang/invoke/LambdaForm$BMH+0x0000000100247400'
Event: 4.450 Thread 0x0000021ab516c980 Unloading class 0x0000000100247000 'java/lang/invoke/LambdaForm$DMH+0x0000000100247000'
Event: 4.450 Thread 0x0000021ab516c980 Unloading class 0x0000000100244400 'java/lang/invoke/LambdaForm$DMH+0x0000000100244400'
Event: 7.202 Thread 0x0000021ab516c980 Unloading class 0x000000010035b800 'java/lang/invoke/LambdaForm$MH+0x000000010035b800'
Event: 7.202 Thread 0x0000021ab516c980 Unloading class 0x000000010035ac00 'java/lang/invoke/LambdaForm$MH+0x000000010035ac00'
Event: 7.202 Thread 0x0000021ab516c980 Unloading class 0x000000010035a400 'java/lang/invoke/LambdaForm$MH+0x000000010035a400'
Event: 7.202 Thread 0x0000021ab516c980 Unloading class 0x0000000100359c00 'java/lang/invoke/LambdaForm$MH+0x0000000100359c00'
Event: 7.202 Thread 0x0000021ab516c980 Unloading class 0x0000000100359000 'java/lang/invoke/LambdaForm$MH+0x0000000100359000'
Event: 7.202 Thread 0x0000021ab516c980 Unloading class 0x0000000100355000 'java/lang/invoke/LambdaForm$MH+0x0000000100355000'
Event: 7.202 Thread 0x0000021ab516c980 Unloading class 0x0000000100354800 'java/lang/invoke/LambdaForm$MH+0x0000000100354800'
Event: 7.202 Thread 0x0000021ab516c980 Unloading class 0x0000000100353c00 'java/lang/invoke/LambdaForm$MH+0x0000000100353c00'
Event: 7.202 Thread 0x0000021ab516c980 Unloading class 0x0000000100353400 'java/lang/invoke/LambdaForm$MH+0x0000000100353400'
Event: 7.202 Thread 0x0000021ab516c980 Unloading class 0x0000000100352c00 'java/lang/invoke/LambdaForm$MH+0x0000000100352c00'
Event: 7.202 Thread 0x0000021ab516c980 Unloading class 0x0000000100352400 'java/lang/invoke/LambdaForm$MH+0x0000000100352400'
Event: 7.202 Thread 0x0000021ab516c980 Unloading class 0x0000000100351c00 'java/lang/invoke/LambdaForm$MH+0x0000000100351c00'
Event: 7.202 Thread 0x0000021ab516c980 Unloading class 0x0000000100351800 'java/lang/invoke/LambdaForm$MH+0x0000000100351800'
Event: 7.202 Thread 0x0000021ab516c980 Unloading class 0x0000000100351000 'java/lang/invoke/LambdaForm$DMH+0x0000000100351000'
Event: 7.202 Thread 0x0000021ab516c980 Unloading class 0x0000000100350800 'java/lang/invoke/LambdaForm$MH+0x0000000100350800'
Event: 7.202 Thread 0x0000021ab516c980 Unloading class 0x0000000100350000 'java/lang/invoke/LambdaForm$DMH+0x0000000100350000'

Classes redefined (0 events):
No events

Internal exceptions (20 events):
Event: 7.364 Thread 0x0000021acfa63410 Exception <a 'java/lang/ClassNotFoundException'{0x00000000eb102108}: com/sun/org/apache/xml/internal/serializer/spi/XMLEntitiesProvider> (0x00000000eb102108) 
thrown [s\src\hotspot\share\classfile\systemDictionary.cpp, line 256]
Event: 7.386 Thread 0x0000021acfb73380 Exception <a 'java/lang/NoSuchMethodError'{0x00000000eb247650}: 'int java.lang.invoke.DirectMethodHandle$Holder.invokeSpecialIFC(java.lang.Object, java.lang.Object, java.lang.Object, java.lang.Object, java.lang.Object)'> (0x00000000eb247650) 
thrown [s\src\hotspot\share\interpreter\linkResolver.cpp, line 759]
Event: 7.545 Thread 0x0000021acfa63410 Exception <a 'java/io/FileNotFoundException'{0x00000000eb8fd3c0}> (0x00000000eb8fd3c0) 
thrown [s\src\hotspot\share\prims\jni.cpp, line 516]
Event: 7.671 Thread 0x0000021acfb73380 Exception <a 'java/lang/NoClassDefFoundError'{0x00000000ebdf95b0}: javax/enterprise/inject/Typed> (0x00000000ebdf95b0) 
thrown [s\src\hotspot\share\classfile\systemDictionary.cpp, line 245]
Event: 7.857 Thread 0x0000021acfa63410 Exception <a 'java/lang/UnsatisfiedLinkError'{0x00000000eae728a8}: The specified procedure could not be found.
> (0x00000000eae728a8) 
thrown [s\src\hotspot\share\prims\jni.cpp, line 535]
Event: 7.865 Thread 0x0000021acfa63410 Exception <a 'java/io/FileNotFoundException'{0x00000000eaf3a338}> (0x00000000eaf3a338) 
thrown [s\src\hotspot\share\prims\jni.cpp, line 516]
Event: 7.895 Thread 0x0000021acfa63410 Exception <a 'java/io/FileNotFoundException'{0x00000000eb15ba38}> (0x00000000eb15ba38) 
thrown [s\src\hotspot\share\prims\jni.cpp, line 516]
Event: 7.924 Thread 0x0000021acfa63410 Exception <a 'java/lang/UnsatisfiedLinkError'{0x00000000eb2cb728}: The specified procedure could not be found.
> (0x00000000eb2cb728) 
thrown [s\src\hotspot\share\prims\jni.cpp, line 535]
Event: 7.985 Thread 0x0000021ab50e34e0 Exception <a 'sun/nio/fs/WindowsException'{0x00000000eb570d58}> (0x00000000eb570d58) 
thrown [s\src\hotspot\share\prims\jni.cpp, line 516]
Event: 8.265 Thread 0x0000021ab50e34e0 Exception <a 'java/lang/NoSuchMethodError'{0x00000000ead89060}: 'java.lang.Object java.lang.invoke.DirectMethodHandle$Holder.invokeStatic(java.lang.Object, java.lang.Object, long, java.lang.Object)'> (0x00000000ead89060) 
thrown [s\src\hotspot\share\interpreter\linkResolver.cpp, line 759]
Event: 8.266 Thread 0x0000021ab50e34e0 Exception <a 'java/lang/NoSuchMethodError'{0x00000000ead8caf8}: 'java.lang.Object java.lang.invoke.DirectMethodHandle$Holder.invokeStaticInit(java.lang.Object, java.lang.Object, long, java.lang.Object)'> (0x00000000ead8caf8) 
thrown [s\src\hotspot\share\interpreter\linkResolver.cpp, line 759]
Event: 8.267 Thread 0x0000021ab50e34e0 Exception <a 'java/lang/NoSuchMethodError'{0x00000000eadbd0d0}: 'java.lang.Object java.lang.invoke.DirectMethodHandle$Holder.newInvokeSpecial(java.lang.Object, java.lang.Object, long)'> (0x00000000eadbd0d0) 
thrown [s\src\hotspot\share\interpreter\linkResolver.cpp, line 759]
Event: 8.725 Thread 0x0000021ab50e34e0 Exception <a 'java/lang/NoSuchMethodError'{0x00000000eb5041c8}: 'void java.lang.invoke.DirectMethodHandle$Holder.invokeSpecial(java.lang.Object, java.lang.Object, java.lang.Object, java.lang.Object, java.lang.Object, java.lang.Object)'> (0x00000000eb5041c8) 
thrown [s\src\hotspot\share\interpreter\linkResolver.cpp, line 759]
Event: 8.728 Thread 0x0000021ab50e34e0 Exception <a 'java/lang/IncompatibleClassChangeError'{0x00000000eb53e150}: Found class java.lang.Object, but interface was expected> (0x00000000eb53e150) 
thrown [s\src\hotspot\share\interpreter\linkResolver.cpp, line 826]
Event: 9.277 Thread 0x0000021acfb73380 Exception <a 'java/lang/NoSuchMethodError'{0x00000000eb374800}: 'void java.lang.invoke.DirectMethodHandle$Holder.invokeStaticInit(java.lang.Object, java.lang.Object, java.lang.Object)'> (0x00000000eb374800) 
thrown [s\src\hotspot\share\interpreter\linkResolver.cpp, line 759]
Event: 9.283 Thread 0x0000021acfb73380 Exception <a 'java/lang/ExceptionInInitializerError'{0x00000000eb3abbc8}> (0x00000000eb3abbc8) 
thrown [s\src\hotspot\share\oops\instanceKlass.cpp, line 1218]
Event: 9.342 Thread 0x0000021acfb73380 Implicit null exception at 0x0000021abf952230 to 0x0000021abf9523ec
Event: 9.342 Thread 0x0000021acfb73380 Implicit null exception at 0x0000021abf8d9c09 to 0x0000021abf8dae20
Event: 9.347 Thread 0x0000021acfb73380 Exception <a 'java/lang/NoSuchMethodError'{0x00000000eb53e340}: 'java.lang.Object java.lang.invoke.Invokers$Holder.invokeExact_MT(java.lang.Object, int, java.lang.Object)'> (0x00000000eb53e340) 
thrown [s\src\hotspot\share\interpreter\linkResolver.cpp, line 759]
Event: 9.979 Thread 0x0000021acfb73380 Exception <a 'java/lang/NoClassDefFoundError'{0x00000000eabcebc0}: com/google/inject/servlet/ServletModuleTargetVisitor> (0x00000000eabcebc0) 
thrown [s\src\hotspot\share\classfile\systemDictionary.cpp, line 245]

VM Operations (20 events):
Event: 9.028 Executing VM operation: HandshakeAllThreads
Event: 9.028 Executing VM operation: HandshakeAllThreads done
Event: 9.079 Executing VM operation: ParallelGCFailedAllocation
Event: 9.083 Executing VM operation: ParallelGCFailedAllocation done
Event: 9.421 Executing VM operation: HandshakeAllThreads
Event: 9.421 Executing VM operation: HandshakeAllThreads done
Event: 9.813 Executing VM operation: HandshakeAllThreads
Event: 9.813 Executing VM operation: HandshakeAllThreads done
Event: 9.821 Executing VM operation: ICBufferFull
Event: 9.821 Executing VM operation: ICBufferFull done
Event: 9.826 Executing VM operation: HandshakeAllThreads
Event: 9.827 Executing VM operation: HandshakeAllThreads done
Event: 9.859 Executing VM operation: HandshakeAllThreads
Event: 9.859 Executing VM operation: HandshakeAllThreads done
Event: 9.959 Executing VM operation: ParallelGCFailedAllocation
Event: 9.963 Executing VM operation: ParallelGCFailedAllocation done
Event: 10.110 Executing VM operation: HandshakeAllThreads
Event: 10.110 Executing VM operation: HandshakeAllThreads done
Event: 10.112 Executing VM operation: HandshakeAllThreads
Event: 10.112 Executing VM operation: HandshakeAllThreads done

Events (20 events):
Event: 9.999 loading class java/lang/ProcessEnvironment$CheckedKeySet
Event: 9.999 loading class java/lang/ProcessEnvironment$CheckedKeySet done
Event: 10.261 loading class jdk/internal/math/FDBigInteger
Event: 10.262 loading class jdk/internal/math/FDBigInteger done
Event: 10.309 loading class java/util/regex/Pattern$Pos
Event: 10.309 loading class java/util/regex/Pattern$Pos done
Event: 10.332 loading class sun/security/provider/MD5
Event: 10.332 loading class sun/security/provider/MD5 done
Event: 10.333 loading class sun/security/provider/ByteArrayAccess$LE
Event: 10.333 loading class sun/security/provider/ByteArrayAccess$LE done
Event: 10.338 loading class java/util/stream/MatchOps$MatchKind
Event: 10.339 loading class java/util/stream/MatchOps$MatchKind done
Event: 10.339 loading class java/util/stream/MatchOps
Event: 10.339 loading class java/util/stream/MatchOps done
Event: 10.339 loading class java/util/stream/MatchOps$MatchOp
Event: 10.340 loading class java/util/stream/MatchOps$MatchOp done
Event: 10.340 loading class java/util/stream/MatchOps$BooleanTerminalSink
Event: 10.341 loading class java/util/stream/MatchOps$BooleanTerminalSink done
Event: 10.342 loading class java/util/stream/MatchOps$1MatchSink
Event: 10.342 loading class java/util/stream/MatchOps$1MatchSink done


Dynamic libraries:
0x00007ff7909e0000 - 0x00007ff7909ee000 	c:\Users\Kiet\.vscode\extensions\redhat.java-1.30.0-win32-x64\jre\17.0.10-win32-x86_64\bin\java.exe
0x00007fff9c990000 - 0x00007fff9cba6000 	C:\WINDOWS\SYSTEM32\ntdll.dll
0x00007fff9b380000 - 0x00007fff9b444000 	C:\WINDOWS\System32\KERNEL32.DLL
0x00007fff99fd0000 - 0x00007fff9a377000 	C:\WINDOWS\System32\KERNELBASE.dll
0x00007fff9a480000 - 0x00007fff9a591000 	C:\WINDOWS\System32\ucrtbase.dll
0x00007fff80420000 - 0x00007fff80437000 	c:\Users\Kiet\.vscode\extensions\redhat.java-1.30.0-win32-x64\jre\17.0.10-win32-x86_64\bin\jli.dll
0x00007fff77470000 - 0x00007fff7748b000 	c:\Users\Kiet\.vscode\extensions\redhat.java-1.30.0-win32-x64\jre\17.0.10-win32-x86_64\bin\VCRUNTIME140.dll
0x00007fff9ba00000 - 0x00007fff9bbae000 	C:\WINDOWS\System32\USER32.dll
0x00007fff9a420000 - 0x00007fff9a446000 	C:\WINDOWS\System32\win32u.dll
0x00007fff9b9a0000 - 0x00007fff9b9c9000 	C:\WINDOWS\System32\GDI32.dll
0x00007fff9a5a0000 - 0x00007fff9a6b9000 	C:\WINDOWS\System32\gdi32full.dll
0x00007fff9a380000 - 0x00007fff9a41a000 	C:\WINDOWS\System32\msvcp_win.dll
0x00007fff80180000 - 0x00007fff80413000 	C:\WINDOWS\WinSxS\amd64_microsoft.windows.common-controls_6595b64144ccf1df_6.0.22621.3235_none_270f74e173860f98\COMCTL32.dll
0x00007fff9c5b0000 - 0x00007fff9c657000 	C:\WINDOWS\System32\msvcrt.dll
0x00007fff9ac60000 - 0x00007fff9ac91000 	C:\WINDOWS\System32\IMM32.DLL
0x00007fff92d00000 - 0x00007fff92d0c000 	c:\Users\Kiet\.vscode\extensions\redhat.java-1.30.0-win32-x64\jre\17.0.10-win32-x86_64\bin\vcruntime140_1.dll
0x00007fff6c160000 - 0x00007fff6c1ed000 	c:\Users\Kiet\.vscode\extensions\redhat.java-1.30.0-win32-x64\jre\17.0.10-win32-x86_64\bin\msvcp140.dll
0x00007fff58410000 - 0x00007fff59072000 	c:\Users\Kiet\.vscode\extensions\redhat.java-1.30.0-win32-x64\jre\17.0.10-win32-x86_64\bin\server\jvm.dll
0x00007fff9c4f0000 - 0x00007fff9c5a2000 	C:\WINDOWS\System32\ADVAPI32.dll
0x00007fff9b450000 - 0x00007fff9b4f8000 	C:\WINDOWS\System32\sechost.dll
0x00007fff9a450000 - 0x00007fff9a478000 	C:\WINDOWS\System32\bcrypt.dll
0x00007fff9b870000 - 0x00007fff9b985000 	C:\WINDOWS\System32\RPCRT4.dll
0x00007fff99b80000 - 0x00007fff99bcd000 	C:\WINDOWS\SYSTEM32\POWRPROF.dll
0x00007fff91ab0000 - 0x00007fff91ab9000 	C:\WINDOWS\SYSTEM32\WSOCK32.dll
0x00007fff9c8c0000 - 0x00007fff9c931000 	C:\WINDOWS\System32\WS2_32.dll
0x00007fff91a00000 - 0x00007fff91a34000 	C:\WINDOWS\SYSTEM32\WINMM.dll
0x00007fff8e680000 - 0x00007fff8e68a000 	C:\WINDOWS\SYSTEM32\VERSION.dll
0x00007fff99b60000 - 0x00007fff99b73000 	C:\WINDOWS\SYSTEM32\UMPDC.dll
0x00007fff98cf0000 - 0x00007fff98d08000 	C:\WINDOWS\SYSTEM32\kernel.appcore.dll
0x00007fff8a280000 - 0x00007fff8a28a000 	c:\Users\Kiet\.vscode\extensions\redhat.java-1.30.0-win32-x64\jre\17.0.10-win32-x86_64\bin\jimage.dll
0x00007fff97540000 - 0x00007fff97773000 	C:\WINDOWS\SYSTEM32\DBGHELP.DLL
0x00007fff9a8d0000 - 0x00007fff9ac58000 	C:\WINDOWS\System32\combase.dll
0x00007fff9ae20000 - 0x00007fff9aef7000 	C:\WINDOWS\System32\OLEAUT32.dll
0x00007fff85450000 - 0x00007fff85482000 	C:\WINDOWS\SYSTEM32\dbgcore.DLL
0x00007fff99f50000 - 0x00007fff99fc9000 	C:\WINDOWS\System32\bcryptPrimitives.dll
0x00007fff88c00000 - 0x00007fff88c0e000 	c:\Users\Kiet\.vscode\extensions\redhat.java-1.30.0-win32-x64\jre\17.0.10-win32-x86_64\bin\instrument.dll
0x00007fff771b0000 - 0x00007fff771d5000 	c:\Users\Kiet\.vscode\extensions\redhat.java-1.30.0-win32-x64\jre\17.0.10-win32-x86_64\bin\java.dll
0x00007fff76700000 - 0x00007fff76718000 	c:\Users\Kiet\.vscode\extensions\redhat.java-1.30.0-win32-x64\jre\17.0.10-win32-x86_64\bin\zip.dll
0x00007fff9bc90000 - 0x00007fff9c4ec000 	C:\WINDOWS\System32\SHELL32.dll
0x00007fff97c10000 - 0x00007fff98509000 	C:\WINDOWS\SYSTEM32\windows.storage.dll
0x00007fff97ad0000 - 0x00007fff97c0e000 	C:\WINDOWS\SYSTEM32\wintypes.dll
0x00007fff9aca0000 - 0x00007fff9ad93000 	C:\WINDOWS\System32\SHCORE.dll
0x00007fff9a6c0000 - 0x00007fff9a71e000 	C:\WINDOWS\System32\shlwapi.dll
0x00007fff99be0000 - 0x00007fff99c01000 	C:\WINDOWS\SYSTEM32\profapi.dll
0x00007fff76c40000 - 0x00007fff76c59000 	C:\Users\Kiet\.vscode\extensions\redhat.java-1.30.0-win32-x64\jre\17.0.10-win32-x86_64\bin\net.dll
0x00007fff92fd0000 - 0x00007fff93106000 	C:\WINDOWS\SYSTEM32\WINHTTP.dll
0x00007fff99160000 - 0x00007fff991c9000 	C:\WINDOWS\system32\mswsock.dll
0x00007fff753c0000 - 0x00007fff753d6000 	C:\Users\Kiet\.vscode\extensions\redhat.java-1.30.0-win32-x64\jre\17.0.10-win32-x86_64\bin\nio.dll
0x00007fff87dc0000 - 0x00007fff87dd0000 	c:\Users\Kiet\.vscode\extensions\redhat.java-1.30.0-win32-x64\jre\17.0.10-win32-x86_64\bin\verify.dll
0x00007fff74cb0000 - 0x00007fff74cee000 	C:\Users\Kiet\AppData\Roaming\Code\User\globalStorage\redhat.java\1.30.0\config_win\org.eclipse.equinox.launcher\org.eclipse.equinox.launcher.win32.win32.x86_64_1.2.900.v20240213-1244\eclipse_11900.dll
0x00007fff9a720000 - 0x00007fff9a8c5000 	C:\WINDOWS\System32\ole32.dll
0x00007fff993c0000 - 0x00007fff993db000 	C:\WINDOWS\SYSTEM32\CRYPTSP.dll
0x00007fff98c50000 - 0x00007fff98c85000 	C:\WINDOWS\system32\rsaenh.dll
0x00007fff99260000 - 0x00007fff99288000 	C:\WINDOWS\SYSTEM32\USERENV.dll
0x00007fff993e0000 - 0x00007fff993ec000 	C:\WINDOWS\SYSTEM32\CRYPTBASE.dll
0x00007fff98770000 - 0x00007fff9879d000 	C:\WINDOWS\SYSTEM32\IPHLPAPI.DLL
0x00007fff9b990000 - 0x00007fff9b999000 	C:\WINDOWS\System32\NSI.dll
0x00007fff932c0000 - 0x00007fff932d9000 	C:\WINDOWS\SYSTEM32\dhcpcsvc6.DLL
0x00007fff92910000 - 0x00007fff9292f000 	C:\WINDOWS\SYSTEM32\dhcpcsvc.DLL
0x00007fff987e0000 - 0x00007fff988d9000 	C:\WINDOWS\SYSTEM32\DNSAPI.dll
0x00007fff67940000 - 0x00007fff67985000 	C:\Users\Kiet\AppData\Local\Temp\jna-2338477\jna11283949173566579320.dll
0x00007fff9c940000 - 0x00007fff9c948000 	C:\WINDOWS\System32\PSAPI.DLL

dbghelp: loaded successfully - version: 4.0.5 - missing functions: none
symbol engine: initialized successfully - sym options: 0x614 - pdb path: .;c:\Users\Kiet\.vscode\extensions\redhat.java-1.30.0-win32-x64\jre\17.0.10-win32-x86_64\bin;C:\WINDOWS\SYSTEM32;C:\WINDOWS\WinSxS\amd64_microsoft.windows.common-controls_6595b64144ccf1df_6.0.22621.3235_none_270f74e173860f98;c:\Users\Kiet\.vscode\extensions\redhat.java-1.30.0-win32-x64\jre\17.0.10-win32-x86_64\bin\server;C:\Users\Kiet\AppData\Roaming\Code\User\globalStorage\redhat.java\1.30.0\config_win\org.eclipse.equinox.launcher\org.eclipse.equinox.launcher.win32.win32.x86_64_1.2.900.v20240213-1244;C:\Users\Kiet\AppData\Local\Temp\jna-2338477

VM Arguments:
jvm_args: --add-modules=ALL-SYSTEM --add-opens=java.base/java.util=ALL-UNNAMED --add-opens=java.base/java.lang=ALL-UNNAMED --add-opens=java.base/sun.nio.fs=ALL-UNNAMED -Declipse.application=org.eclipse.jdt.ls.core.id1 -Dosgi.bundles.defaultStartLevel=4 -Declipse.product=org.eclipse.jdt.ls.core.product -Djava.import.generatesMetadataFilesAtProjectRoot=false -DDetectVMInstallationsJob.disabled=true -Dfile.encoding=utf8 -XX:+UseParallelGC -XX:GCTimeRatio=4 -XX:AdaptiveSizePolicyWeight=90 -Dsun.zip.disableMemoryMapping=true -Xmx1G -Xms100m -Xlog:disable -javaagent:c:\Users\Kiet\.vscode\extensions\redhat.java-1.30.0-win32-x64\lombok\lombok-1.18.32.jar -XX:+HeapDumpOnOutOfMemoryError -XX:HeapDumpPath=c:\Users\Kiet\AppData\Roaming\Code\User\workspaceStorage\b3b38d78d4b70df6aa0616a4b888d3ad\redhat.java -Daether.dependencyCollector.impl=bf 
java_command: c:\Users\Kiet\.vscode\extensions\redhat.java-1.30.0-win32-x64\server\plugins\org.eclipse.equinox.launcher_1.6.800.v20240330-1250.jar -configuration c:\Users\Kiet\AppData\Roaming\Code\User\globalStorage\redhat.java\1.30.0\config_win -data c:\Users\Kiet\AppData\Roaming\Code\User\workspaceStorage\b3b38d78d4b70df6aa0616a4b888d3ad\redhat.java\jdt_ws --pipe=\\.\pipe\lsp-ecaba4ee7095d537c6f9adb46f179647-sock
java_class_path (initial): c:\Users\Kiet\.vscode\extensions\redhat.java-1.30.0-win32-x64\server\plugins\org.eclipse.equinox.launcher_1.6.800.v20240330-1250.jar
Launcher Type: SUN_STANDARD

[Global flags]
    uintx AdaptiveSizePolicyWeight                 = 90                                        {product} {command line}
     intx CICompilerCount                          = 4                                         {product} {ergonomic}
    uintx GCTimeRatio                              = 4                                         {product} {command line}
     bool HeapDumpOnOutOfMemoryError               = true                                   {manageable} {command line}
    ccstr HeapDumpPath                             = c:\Users\Kiet\AppData\Roaming\Code\User\workspaceStorage\b3b38d78d4b70df6aa0616a4b888d3ad\redhat.java         {manageable} {command line}
   size_t InitialHeapSize                          = 104857600                                 {product} {command line}
   size_t MaxHeapSize                              = 1073741824                                {product} {command line}
   size_t MaxNewSize                               = 357564416                                 {product} {ergonomic}
   size_t MinHeapDeltaBytes                        = 524288                                    {product} {ergonomic}
   size_t MinHeapSize                              = 104857600                                 {product} {command line}
   size_t NewSize                                  = 34603008                                  {product} {ergonomic}
    uintx NonNMethodCodeHeapSize                   = 5839372                                {pd product} {ergonomic}
    uintx NonProfiledCodeHeapSize                  = 122909434                              {pd product} {ergonomic}
   size_t OldSize                                  = 70254592                                  {product} {ergonomic}
    uintx ProfiledCodeHeapSize                     = 122909434                              {pd product} {ergonomic}
    uintx ReservedCodeCacheSize                    = 251658240                              {pd product} {ergonomic}
     bool SegmentedCodeCache                       = true                                      {product} {ergonomic}
   size_t SoftMaxHeapSize                          = 1073741824                             {manageable} {ergonomic}
     bool UseCompressedClassPointers               = true                           {product lp64_product} {ergonomic}
     bool UseCompressedOops                        = true                           {product lp64_product} {ergonomic}
     bool UseLargePagesIndividualAllocation        = false                                  {pd product} {ergonomic}
     bool UseParallelGC                            = true                                      {product} {command line}

Logging:
Log output configuration:
 #0: stdout all=off uptime,level,tags
 #1: stderr all=off uptime,level,tags

Environment Variables:
PATH=C:\Program Files\Common Files\Oracle\Java\javapath;C:\Program Files (x86)\Common Files\Oracle\Java\javapath;C:\WINDOWS\system32;C:\WINDOWS;C:\WINDOWS\System32\Wbem;C:\WINDOWS\System32\WindowsPowerShell\v1.0\;C:\WINDOWS\System32\OpenSSH\;C:\Program Files\dotnet\;C:\Program Files\Common Files\Oracle\Java\javapath;C:\Program Files\Java\jdk-11\bin;C:\Program Files (x86)\Microsoft SQL Server\160\Tools\Binn\;C:\Program Files\Microsoft SQL Server\160\Tools\Binn\;C:\Program Files\Microsoft SQL Server\Client SDK\ODBC\170\Tools\Binn\;C:\Program Files\Microsoft SQL Server\160\DTS\Binn\;C:\Program Files (x86)\Microsoft SQL Server\160\DTS\Binn\;C:\Program Files\Azure Data Studio\bin;C:\Program Files\apache-maven-3.9.6\bin;C:\Program Files\Git\cmd;C:\Program Files\nodejs\;C:\Program Files\Java\jdk-21\bin;C:\Users\Kiet\AppData\Local\Microsoft\WindowsApps;C:\Users\Kiet\AppData\Local\Programs\Microsoft VS Code\bin;C:\Users\Kiet\AppData\Local\GitHubDesktop\bin;C:\Users\Kiet\.dotnet\tools;C:\Program Files\Azure Data Studio\bin;C:\Users\Kiet\AppData\Roaming\npm
USERNAME=Kiet
OS=Windows_NT
PROCESSOR_IDENTIFIER=Intel64 Family 6 Model 126 Stepping 5, GenuineIntel
TMP=C:\Users\Kiet\AppData\Local\Temp
TEMP=C:\Users\Kiet\AppData\Local\Temp



Periodic native trim disabled


---------------  S Y S T E M  ---------------

OS:
 Windows 11 , 64 bit Build 22621 (10.0.22621.3374)
OS uptime: 1 days 5:54 hours

CPU: total 8 (initial active 8) (4 cores per cpu, 2 threads per core) family 6 model 126 stepping 5 microcode 0xa6, cx8, cmov, fxsr, ht, mmx, 3dnowpref, sse, sse2, sse3, ssse3, sse4.1, sse4.2, popcnt, lzcnt, tsc, tscinvbit, avx, avx2, aes, erms, clmul, bmi1, bmi2, adx, avx512f, avx512dq, avx512cd, avx512bw, avx512vl, sha, fma, vzeroupper, avx512_vpopcntdq, avx512_vpclmulqdq, avx512_vaes, avx512_vnni, clflush, clflushopt, avx512_vbmi2, avx512_vbmi
Processor Information for all 8 processors :
  Max Mhz: 1190, Current Mhz: 991, Mhz Limit: 987

Memory: 4k page, system-wide physical 7987M (472M free)
TotalPageFile size 10035M (AvailPageFile size 9M)
current process WorkingSet (physical memory assigned to process): 194M, peak: 195M
current process commit charge ("private bytes"): 287M, peak: 289M

vm_info: OpenJDK 64-Bit Server VM (17.0.10+7) for windows-amd64 JRE (17.0.10+7), built on Jan 16 2024 23:25:11 by "admin" with MS VC++ 16.10 / 16.11 (VS2019)

END.
