#
# There is insufficient memory for the Java Runtime Environment to continue.
# Native memory allocation (malloc) failed to allocate 239216 bytes for Chunk::new
# Possible reasons:
#   The system is out of physical RAM or swap space
#   The process is running with CompressedOops enabled, and the Java Heap may be blocking the growth of the native heap
# Possible solutions:
#   Reduce memory load on the system
#   Increase physical memory or swap space
#   Check if swap backing store is full
#   Decrease Java heap size (-Xmx/-Xms)
#   Decrease number of Java threads
#   Decrease Java thread stack sizes (-Xss)
#   Set larger code cache with -XX:ReservedCodeCacheSize=
#   JVM is running with Unscaled Compressed Oops mode in which the Java heap is
#     placed in the first 4GB address space. The Java Heap base address is the
#     maximum limit for the native heap growth. Please use -XX:HeapBaseMinAddress
#     to set the Java Heap base and to place the Java Heap above 4GB virtual address.
# This output file may be truncated or incomplete.
#
#  Out of Memory Error (arena.cpp:168), pid=17184, tid=15244
#
# JRE version: Java(TM) SE Runtime Environment (21.0.2+13) (build 21.0.2+13-LTS-58)
# Java VM: Java HotSpot(TM) 64-Bit Server VM (21.0.2+13-LTS-58, mixed mode, sharing, tiered, compressed oops, compressed class ptrs, g1 gc, windows-amd64)
# No core dump will be written. Minidumps are not enabled by default on client versions of Windows
#

---------------  S U M M A R Y ------------

Command Line: -XX:+ShowCodeDetailsInExceptionMessages GUI.LogIn

Host: Intel(R) Core(TM) i5-1035G1 CPU @ 1.00GHz, 8 cores, 7G,  Windows 11 , 64 bit Build 22621 (10.0.22621.3374)
Time: Sun May 12 13:45:21 2024 SE Asia Standard Time elapsed time: 1.123174 seconds (0d 0h 0m 1s)

---------------  T H R E A D  ---------------

Current thread (0x000001583add6aa0):  JavaThread "C2 CompilerThread1" daemon [_thread_in_native, id=15244, stack(0x000000397c900000,0x000000397ca00000) (1024K)]


Current CompileTask:
C2:   1123 1604   !   4       java.util.concurrent.ConcurrentHashMap::putVal (432 bytes)

Stack: [0x000000397c900000,0x000000397ca00000]
Native frames: (J=compiled Java code, j=interpreted, Vv=VM code, C=native code)
V  [jvm.dll+0x6cade9]
V  [jvm.dll+0x8569c1]
V  [jvm.dll+0x858d2e]
V  [jvm.dll+0x859413]
V  [jvm.dll+0x280e56]
V  [jvm.dll+0xc3f3d]
V  [jvm.dll+0xc4473]
V  [jvm.dll+0x3b5bf2]
V  [jvm.dll+0x382855]
V  [jvm.dll+0x381cca]
V  [jvm.dll+0x249bd0]
V  [jvm.dll+0x2491b1]
V  [jvm.dll+0x1c9634]
V  [jvm.dll+0x258859]
V  [jvm.dll+0x256e3a]
V  [jvm.dll+0x3ef6c6]
V  [jvm.dll+0x7ff568]
V  [jvm.dll+0x6c953d]
C  [ucrtbase.dll+0x29333]
C  [KERNEL32.DLL+0x1257d]
C  [ntdll.dll+0x5aa48]


---------------  P R O C E S S  ---------------

Threads class SMR info:
_java_thread_list=0x0000015800adeb90, length=16, elements={
0x000001581c4ef790, 0x000001583ad9d3f0, 0x000001583ad9de50, 0x000001583ada0510,
0x000001583ada10a0, 0x000001583ada52c0, 0x000001583ada86e0, 0x000001583ada9be0,
0x000001583add4f60, 0x000001580012dca0, 0x0000015800132b80, 0x00000158005db330,
0x000001583add6aa0, 0x0000015800bf8750, 0x0000015800845470, 0x0000015801205780
}

Java Threads: ( => current thread )
  0x000001581c4ef790 JavaThread "main"                              [_thread_in_vm, id=15016, stack(0x000000397b600000,0x000000397b700000) (1024K)]
  0x000001583ad9d3f0 JavaThread "Reference Handler"          daemon [_thread_blocked, id=15596, stack(0x000000397be00000,0x000000397bf00000) (1024K)]
  0x000001583ad9de50 JavaThread "Finalizer"                  daemon [_thread_blocked, id=6700, stack(0x000000397bf00000,0x000000397c000000) (1024K)]
  0x000001583ada0510 JavaThread "Signal Dispatcher"          daemon [_thread_blocked, id=20472, stack(0x000000397c000000,0x000000397c100000) (1024K)]
  0x000001583ada10a0 JavaThread "Attach Listener"            daemon [_thread_blocked, id=20584, stack(0x000000397c100000,0x000000397c200000) (1024K)]
  0x000001583ada52c0 JavaThread "Service Thread"             daemon [_thread_blocked, id=14292, stack(0x000000397c200000,0x000000397c300000) (1024K)]
  0x000001583ada86e0 JavaThread "Monitor Deflation Thread"   daemon [_thread_blocked, id=12072, stack(0x000000397c300000,0x000000397c400000) (1024K)]
  0x000001583ada9be0 JavaThread "C2 CompilerThread0"         daemon [_thread_blocked, id=3324, stack(0x000000397c400000,0x000000397c500000) (1024K)]
  0x000001583add4f60 JavaThread "C1 CompilerThread0"         daemon [_thread_blocked, id=14880, stack(0x000000397c500000,0x000000397c600000) (1024K)]
  0x000001580012dca0 JavaThread "Notification Thread"        daemon [_thread_blocked, id=15744, stack(0x000000397c600000,0x000000397c700000) (1024K)]
  0x0000015800132b80 JavaThread "Common-Cleaner"             daemon [_thread_blocked, id=12024, stack(0x000000397c700000,0x000000397c800000) (1024K)]
  0x00000158005db330 JavaThread "Java2D Disposer"            daemon [_thread_blocked, id=2760, stack(0x000000397c800000,0x000000397c900000) (1024K)]
=>0x000001583add6aa0 JavaThread "C2 CompilerThread1"         daemon [_thread_in_native, id=15244, stack(0x000000397c900000,0x000000397ca00000) (1024K)]
  0x0000015800bf8750 JavaThread "AWT-Shutdown"                      [_thread_blocked, id=20036, stack(0x000000397ca00000,0x000000397cb00000) (1024K)]
  0x0000015800845470 JavaThread "AWT-Windows"                daemon [_thread_in_native, id=18976, stack(0x000000397cb00000,0x000000397cc00000) (1024K)]
  0x0000015801205780 JavaThread "AWT-EventQueue-0"                  [_thread_blocked, id=4772, stack(0x000000397d200000,0x000000397d300000) (1024K)]
Total: 16

Other Threads:
  0x000001583ad7de20 VMThread "VM Thread"                           [id=3508, stack(0x000000397bd00000,0x000000397be00000) (1024K)]
  0x000001583ad67cd0 WatcherThread "VM Periodic Task Thread"        [id=4756, stack(0x000000397bc00000,0x000000397bd00000) (1024K)]
  0x000001581c5485c0 WorkerThread "GC Thread#0"                     [id=7120, stack(0x000000397b700000,0x000000397b800000) (1024K)]
  0x00000158010cf8e0 WorkerThread "GC Thread#1"                     [id=18016, stack(0x000000397cc00000,0x000000397cd00000) (1024K)]
  0x00000158010cfc80 WorkerThread "GC Thread#2"                     [id=7512, stack(0x000000397cd00000,0x000000397ce00000) (1024K)]
  0x000001580140a650 WorkerThread "GC Thread#3"                     [id=9396, stack(0x000000397ce00000,0x000000397cf00000) (1024K)]
  0x000001580160b440 WorkerThread "GC Thread#4"                     [id=21312, stack(0x000000397cf00000,0x000000397d000000) (1024K)]
  0x000001580157dc80 WorkerThread "GC Thread#5"                     [id=16668, stack(0x000000397d000000,0x000000397d100000) (1024K)]
  0x000001580157e020 WorkerThread "GC Thread#6"                     [id=14540, stack(0x000000397d100000,0x000000397d200000) (1024K)]
  0x000001581c55a2c0 ConcurrentGCThread "G1 Main Marker"            [id=1548, stack(0x000000397b800000,0x000000397b900000) (1024K)]
  0x000001581c55acc0 WorkerThread "G1 Conc#0"                       [id=15800, stack(0x000000397b900000,0x000000397ba00000) (1024K)]
  0x000001581c5aeb10 ConcurrentGCThread "G1 Refine#0"               [id=8652, stack(0x000000397ba00000,0x000000397bb00000) (1024K)]
  0x000001583ac365f0 ConcurrentGCThread "G1 Service"                [id=20708, stack(0x000000397bb00000,0x000000397bc00000) (1024K)]
Total: 13

Threads with active compile tasks:
C1 CompilerThread0     1134 1625       3       java.util.Arrays::fill (28 bytes)
C2 CompilerThread1     1134 1604   !   4       java.util.concurrent.ConcurrentHashMap::putVal (432 bytes)
Total: 2

VM state: not at safepoint (normal execution)

VM Mutex/Monitor currently owned by a thread: None

Heap address: 0x0000000083200000, size: 1998 MB, Compressed Oops mode: 32-bit

CDS archive(s) mapped at: [0x000001583b000000-0x000001583bc90000-0x000001583bc90000), size 13172736, SharedBaseAddress: 0x000001583b000000, ArchiveRelocationMode: 1.
Compressed class space mapped at: 0x000001583c000000-0x000001587c000000, reserved size: 1073741824
Narrow klass base: 0x000001583b000000, Narrow klass shift: 0, Narrow klass range: 0x100000000

GC Precious Log:
 CardTable entry size: 512
 Card Set container configuration: InlinePtr #cards 5 size 8 Array Of Cards #cards 12 size 40 Howl #buckets 4 coarsen threshold 1843 Howl Bitmap #cards 512 size 80 coarsen threshold 460 Card regions per heap region 1 cards per card region 2048
 CPUs: 8 total, 8 available
 Memory: 7987M
 Large Page Support: Disabled
 NUMA Support: Disabled
 Compressed Oops: Enabled (32-bit)
 Heap Region Size: 1M
 Heap Min Capacity: 8M
 Heap Initial Capacity: 126M
 Heap Max Capacity: 1998M
 Pre-touch: Disabled
 Parallel Workers: 8
 Concurrent Workers: 2
 Concurrent Refinement Workers: 8
 Periodic GC: Disabled

Heap:
 garbage-first heap   total 129024K, used 17856K [0x0000000083200000, 0x0000000100000000)
  region size 1024K, 11 young (11264K), 3 survivors (3072K)
 Metaspace       used 11781K, committed 12032K, reserved 1114112K
  class space    used 1303K, committed 1408K, reserved 1048576K

Heap Regions: E=young(eden), S=young(survivor), O=old, HS=humongous(starts), HC=humongous(continues), CS=collection set, F=free, TAMS=top-at-mark-start, PB=parsable bottom
|   0|0x0000000083200000, 0x0000000083300000, 0x0000000083300000|100%|HS|  |TAMS 0x0000000083200000| PB 0x0000000083200000| Complete 
|   1|0x0000000083300000, 0x0000000083400000, 0x0000000083400000|100%|HC|  |TAMS 0x0000000083300000| PB 0x0000000083300000| Complete 
|   2|0x0000000083400000, 0x0000000083500000, 0x0000000083500000|100%|HS|  |TAMS 0x0000000083400000| PB 0x0000000083400000| Complete 
|   3|0x0000000083500000, 0x0000000083600000, 0x0000000083600000|100%| O|  |TAMS 0x0000000083500000| PB 0x0000000083500000| Untracked 
|   4|0x0000000083600000, 0x0000000083700000, 0x0000000083700000|100%| O|  |TAMS 0x0000000083600000| PB 0x0000000083600000| Untracked 
|   5|0x0000000083700000, 0x0000000083800000, 0x0000000083800000|100%| O|  |TAMS 0x0000000083700000| PB 0x0000000083700000| Untracked 
|   6|0x0000000083800000, 0x0000000083900000, 0x0000000083900000|100%| O|  |TAMS 0x0000000083800000| PB 0x0000000083800000| Untracked 
|   7|0x0000000083900000, 0x0000000083970000, 0x0000000083a00000| 43%| O|  |TAMS 0x0000000083900000| PB 0x0000000083900000| Untracked 
|   8|0x0000000083a00000, 0x0000000083a00000, 0x0000000083b00000|  0%| F|  |TAMS 0x0000000083a00000| PB 0x0000000083a00000| Untracked 
|   9|0x0000000083b00000, 0x0000000083b00000, 0x0000000083c00000|  0%| F|  |TAMS 0x0000000083b00000| PB 0x0000000083b00000| Untracked 
|  10|0x0000000083c00000, 0x0000000083c00000, 0x0000000083d00000|  0%| F|  |TAMS 0x0000000083c00000| PB 0x0000000083c00000| Untracked 
|  11|0x0000000083d00000, 0x0000000083d00000, 0x0000000083e00000|  0%| F|  |TAMS 0x0000000083d00000| PB 0x0000000083d00000| Untracked 
|  12|0x0000000083e00000, 0x0000000083e00000, 0x0000000083f00000|  0%| F|  |TAMS 0x0000000083e00000| PB 0x0000000083e00000| Untracked 
|  13|0x0000000083f00000, 0x0000000083f00000, 0x0000000084000000|  0%| F|  |TAMS 0x0000000083f00000| PB 0x0000000083f00000| Untracked 
|  14|0x0000000084000000, 0x0000000084000000, 0x0000000084100000|  0%| F|  |TAMS 0x0000000084000000| PB 0x0000000084000000| Untracked 
|  15|0x0000000084100000, 0x0000000084100000, 0x0000000084200000|  0%| F|  |TAMS 0x0000000084100000| PB 0x0000000084100000| Untracked 
|  16|0x0000000084200000, 0x0000000084200000, 0x0000000084300000|  0%| F|  |TAMS 0x0000000084200000| PB 0x0000000084200000| Untracked 
|  17|0x0000000084300000, 0x0000000084300000, 0x0000000084400000|  0%| F|  |TAMS 0x0000000084300000| PB 0x0000000084300000| Untracked 
|  18|0x0000000084400000, 0x0000000084400000, 0x0000000084500000|  0%| F|  |TAMS 0x0000000084400000| PB 0x0000000084400000| Untracked 
|  19|0x0000000084500000, 0x0000000084500000, 0x0000000084600000|  0%| F|  |TAMS 0x0000000084500000| PB 0x0000000084500000| Untracked 
|  20|0x0000000084600000, 0x0000000084600000, 0x0000000084700000|  0%| F|  |TAMS 0x0000000084600000| PB 0x0000000084600000| Untracked 
|  21|0x0000000084700000, 0x0000000084700000, 0x0000000084800000|  0%| F|  |TAMS 0x0000000084700000| PB 0x0000000084700000| Untracked 
|  22|0x0000000084800000, 0x0000000084800000, 0x0000000084900000|  0%| F|  |TAMS 0x0000000084800000| PB 0x0000000084800000| Untracked 
|  23|0x0000000084900000, 0x0000000084900000, 0x0000000084a00000|  0%| F|  |TAMS 0x0000000084900000| PB 0x0000000084900000| Untracked 
|  24|0x0000000084a00000, 0x0000000084a00000, 0x0000000084b00000|  0%| F|  |TAMS 0x0000000084a00000| PB 0x0000000084a00000| Untracked 
|  25|0x0000000084b00000, 0x0000000084b00000, 0x0000000084c00000|  0%| F|  |TAMS 0x0000000084b00000| PB 0x0000000084b00000| Untracked 
|  26|0x0000000084c00000, 0x0000000084c00000, 0x0000000084d00000|  0%| F|  |TAMS 0x0000000084c00000| PB 0x0000000084c00000| Untracked 
|  27|0x0000000084d00000, 0x0000000084d00000, 0x0000000084e00000|  0%| F|  |TAMS 0x0000000084d00000| PB 0x0000000084d00000| Untracked 
|  28|0x0000000084e00000, 0x0000000084e00000, 0x0000000084f00000|  0%| F|  |TAMS 0x0000000084e00000| PB 0x0000000084e00000| Untracked 
|  29|0x0000000084f00000, 0x0000000084f00000, 0x0000000085000000|  0%| F|  |TAMS 0x0000000084f00000| PB 0x0000000084f00000| Untracked 
|  30|0x0000000085000000, 0x0000000085000000, 0x0000000085100000|  0%| F|  |TAMS 0x0000000085000000| PB 0x0000000085000000| Untracked 
|  31|0x0000000085100000, 0x0000000085100000, 0x0000000085200000|  0%| F|  |TAMS 0x0000000085100000| PB 0x0000000085100000| Untracked 
|  32|0x0000000085200000, 0x0000000085200000, 0x0000000085300000|  0%| F|  |TAMS 0x0000000085200000| PB 0x0000000085200000| Untracked 
|  33|0x0000000085300000, 0x0000000085300000, 0x0000000085400000|  0%| F|  |TAMS 0x0000000085300000| PB 0x0000000085300000| Untracked 
|  34|0x0000000085400000, 0x0000000085400000, 0x0000000085500000|  0%| F|  |TAMS 0x0000000085400000| PB 0x0000000085400000| Untracked 
|  35|0x0000000085500000, 0x0000000085500000, 0x0000000085600000|  0%| F|  |TAMS 0x0000000085500000| PB 0x0000000085500000| Untracked 
|  36|0x0000000085600000, 0x0000000085600000, 0x0000000085700000|  0%| F|  |TAMS 0x0000000085600000| PB 0x0000000085600000| Untracked 
|  37|0x0000000085700000, 0x0000000085700000, 0x0000000085800000|  0%| F|  |TAMS 0x0000000085700000| PB 0x0000000085700000| Untracked 
|  38|0x0000000085800000, 0x0000000085800000, 0x0000000085900000|  0%| F|  |TAMS 0x0000000085800000| PB 0x0000000085800000| Untracked 
|  39|0x0000000085900000, 0x0000000085900000, 0x0000000085a00000|  0%| F|  |TAMS 0x0000000085900000| PB 0x0000000085900000| Untracked 
|  40|0x0000000085a00000, 0x0000000085a00000, 0x0000000085b00000|  0%| F|  |TAMS 0x0000000085a00000| PB 0x0000000085a00000| Untracked 
|  41|0x0000000085b00000, 0x0000000085b00000, 0x0000000085c00000|  0%| F|  |TAMS 0x0000000085b00000| PB 0x0000000085b00000| Untracked 
|  42|0x0000000085c00000, 0x0000000085c00000, 0x0000000085d00000|  0%| F|  |TAMS 0x0000000085c00000| PB 0x0000000085c00000| Untracked 
|  43|0x0000000085d00000, 0x0000000085d00000, 0x0000000085e00000|  0%| F|  |TAMS 0x0000000085d00000| PB 0x0000000085d00000| Untracked 
|  44|0x0000000085e00000, 0x0000000085e00000, 0x0000000085f00000|  0%| F|  |TAMS 0x0000000085e00000| PB 0x0000000085e00000| Untracked 
|  45|0x0000000085f00000, 0x0000000085f00000, 0x0000000086000000|  0%| F|  |TAMS 0x0000000085f00000| PB 0x0000000085f00000| Untracked 
|  46|0x0000000086000000, 0x0000000086000000, 0x0000000086100000|  0%| F|  |TAMS 0x0000000086000000| PB 0x0000000086000000| Untracked 
|  47|0x0000000086100000, 0x0000000086100000, 0x0000000086200000|  0%| F|  |TAMS 0x0000000086100000| PB 0x0000000086100000| Untracked 
|  48|0x0000000086200000, 0x0000000086200000, 0x0000000086300000|  0%| F|  |TAMS 0x0000000086200000| PB 0x0000000086200000| Untracked 
|  49|0x0000000086300000, 0x0000000086300000, 0x0000000086400000|  0%| F|  |TAMS 0x0000000086300000| PB 0x0000000086300000| Untracked 
|  50|0x0000000086400000, 0x0000000086400000, 0x0000000086500000|  0%| F|  |TAMS 0x0000000086400000| PB 0x0000000086400000| Untracked 
|  51|0x0000000086500000, 0x0000000086500000, 0x0000000086600000|  0%| F|  |TAMS 0x0000000086500000| PB 0x0000000086500000| Untracked 
|  52|0x0000000086600000, 0x0000000086600000, 0x0000000086700000|  0%| F|  |TAMS 0x0000000086600000| PB 0x0000000086600000| Untracked 
|  53|0x0000000086700000, 0x0000000086700000, 0x0000000086800000|  0%| F|  |TAMS 0x0000000086700000| PB 0x0000000086700000| Untracked 
|  54|0x0000000086800000, 0x0000000086800000, 0x0000000086900000|  0%| F|  |TAMS 0x0000000086800000| PB 0x0000000086800000| Untracked 
|  55|0x0000000086900000, 0x0000000086900000, 0x0000000086a00000|  0%| F|  |TAMS 0x0000000086900000| PB 0x0000000086900000| Untracked 
|  56|0x0000000086a00000, 0x0000000086a00000, 0x0000000086b00000|  0%| F|  |TAMS 0x0000000086a00000| PB 0x0000000086a00000| Untracked 
|  57|0x0000000086b00000, 0x0000000086b00000, 0x0000000086c00000|  0%| F|  |TAMS 0x0000000086b00000| PB 0x0000000086b00000| Untracked 
|  58|0x0000000086c00000, 0x0000000086c00000, 0x0000000086d00000|  0%| F|  |TAMS 0x0000000086c00000| PB 0x0000000086c00000| Untracked 
|  59|0x0000000086d00000, 0x0000000086d00000, 0x0000000086e00000|  0%| F|  |TAMS 0x0000000086d00000| PB 0x0000000086d00000| Untracked 
|  60|0x0000000086e00000, 0x0000000086e00000, 0x0000000086f00000|  0%| F|  |TAMS 0x0000000086e00000| PB 0x0000000086e00000| Untracked 
|  61|0x0000000086f00000, 0x0000000086f00000, 0x0000000087000000|  0%| F|  |TAMS 0x0000000086f00000| PB 0x0000000086f00000| Untracked 
|  62|0x0000000087000000, 0x0000000087000000, 0x0000000087100000|  0%| F|  |TAMS 0x0000000087000000| PB 0x0000000087000000| Untracked 
|  63|0x0000000087100000, 0x0000000087100000, 0x0000000087200000|  0%| F|  |TAMS 0x0000000087100000| PB 0x0000000087100000| Untracked 
|  64|0x0000000087200000, 0x0000000087200000, 0x0000000087300000|  0%| F|  |TAMS 0x0000000087200000| PB 0x0000000087200000| Untracked 
|  65|0x0000000087300000, 0x0000000087300000, 0x0000000087400000|  0%| F|  |TAMS 0x0000000087300000| PB 0x0000000087300000| Untracked 
|  66|0x0000000087400000, 0x0000000087400000, 0x0000000087500000|  0%| F|  |TAMS 0x0000000087400000| PB 0x0000000087400000| Untracked 
|  67|0x0000000087500000, 0x0000000087500000, 0x0000000087600000|  0%| F|  |TAMS 0x0000000087500000| PB 0x0000000087500000| Untracked 
|  68|0x0000000087600000, 0x0000000087600000, 0x0000000087700000|  0%| F|  |TAMS 0x0000000087600000| PB 0x0000000087600000| Untracked 
|  69|0x0000000087700000, 0x0000000087700000, 0x0000000087800000|  0%| F|  |TAMS 0x0000000087700000| PB 0x0000000087700000| Untracked 
|  70|0x0000000087800000, 0x0000000087800000, 0x0000000087900000|  0%| F|  |TAMS 0x0000000087800000| PB 0x0000000087800000| Untracked 
|  71|0x0000000087900000, 0x0000000087900000, 0x0000000087a00000|  0%| F|  |TAMS 0x0000000087900000| PB 0x0000000087900000| Untracked 
|  72|0x0000000087a00000, 0x0000000087a00000, 0x0000000087b00000|  0%| F|  |TAMS 0x0000000087a00000| PB 0x0000000087a00000| Untracked 
|  73|0x0000000087b00000, 0x0000000087b00000, 0x0000000087c00000|  0%| F|  |TAMS 0x0000000087b00000| PB 0x0000000087b00000| Untracked 
|  74|0x0000000087c00000, 0x0000000087c00000, 0x0000000087d00000|  0%| F|  |TAMS 0x0000000087c00000| PB 0x0000000087c00000| Untracked 
|  75|0x0000000087d00000, 0x0000000087d00000, 0x0000000087e00000|  0%| F|  |TAMS 0x0000000087d00000| PB 0x0000000087d00000| Untracked 
|  76|0x0000000087e00000, 0x0000000087e00000, 0x0000000087f00000|  0%| F|  |TAMS 0x0000000087e00000| PB 0x0000000087e00000| Untracked 
|  77|0x0000000087f00000, 0x0000000087f00000, 0x0000000088000000|  0%| F|  |TAMS 0x0000000087f00000| PB 0x0000000087f00000| Untracked 
|  78|0x0000000088000000, 0x0000000088000000, 0x0000000088100000|  0%| F|  |TAMS 0x0000000088000000| PB 0x0000000088000000| Untracked 
|  79|0x0000000088100000, 0x0000000088100000, 0x0000000088200000|  0%| F|  |TAMS 0x0000000088100000| PB 0x0000000088100000| Untracked 
|  80|0x0000000088200000, 0x0000000088200000, 0x0000000088300000|  0%| F|  |TAMS 0x0000000088200000| PB 0x0000000088200000| Untracked 
|  81|0x0000000088300000, 0x0000000088300000, 0x0000000088400000|  0%| F|  |TAMS 0x0000000088300000| PB 0x0000000088300000| Untracked 
|  82|0x0000000088400000, 0x0000000088400000, 0x0000000088500000|  0%| F|  |TAMS 0x0000000088400000| PB 0x0000000088400000| Untracked 
|  83|0x0000000088500000, 0x0000000088500000, 0x0000000088600000|  0%| F|  |TAMS 0x0000000088500000| PB 0x0000000088500000| Untracked 
|  84|0x0000000088600000, 0x0000000088600000, 0x0000000088700000|  0%| F|  |TAMS 0x0000000088600000| PB 0x0000000088600000| Untracked 
|  85|0x0000000088700000, 0x0000000088700000, 0x0000000088800000|  0%| F|  |TAMS 0x0000000088700000| PB 0x0000000088700000| Untracked 
|  86|0x0000000088800000, 0x0000000088800000, 0x0000000088900000|  0%| F|  |TAMS 0x0000000088800000| PB 0x0000000088800000| Untracked 
|  87|0x0000000088900000, 0x0000000088900000, 0x0000000088a00000|  0%| F|  |TAMS 0x0000000088900000| PB 0x0000000088900000| Untracked 
|  88|0x0000000088a00000, 0x0000000088a00000, 0x0000000088b00000|  0%| F|  |TAMS 0x0000000088a00000| PB 0x0000000088a00000| Untracked 
|  89|0x0000000088b00000, 0x0000000088b00000, 0x0000000088c00000|  0%| F|  |TAMS 0x0000000088b00000| PB 0x0000000088b00000| Untracked 
|  90|0x0000000088c00000, 0x0000000088c00000, 0x0000000088d00000|  0%| F|  |TAMS 0x0000000088c00000| PB 0x0000000088c00000| Untracked 
|  91|0x0000000088d00000, 0x0000000088d00000, 0x0000000088e00000|  0%| F|  |TAMS 0x0000000088d00000| PB 0x0000000088d00000| Untracked 
|  92|0x0000000088e00000, 0x0000000088e00000, 0x0000000088f00000|  0%| F|  |TAMS 0x0000000088e00000| PB 0x0000000088e00000| Untracked 
|  93|0x0000000088f00000, 0x0000000088f00000, 0x0000000089000000|  0%| F|  |TAMS 0x0000000088f00000| PB 0x0000000088f00000| Untracked 
|  94|0x0000000089000000, 0x0000000089000000, 0x0000000089100000|  0%| F|  |TAMS 0x0000000089000000| PB 0x0000000089000000| Untracked 
|  95|0x0000000089100000, 0x0000000089100000, 0x0000000089200000|  0%| F|  |TAMS 0x0000000089100000| PB 0x0000000089100000| Untracked 
|  96|0x0000000089200000, 0x0000000089200000, 0x0000000089300000|  0%| F|  |TAMS 0x0000000089200000| PB 0x0000000089200000| Untracked 
|  97|0x0000000089300000, 0x0000000089300000, 0x0000000089400000|  0%| F|  |TAMS 0x0000000089300000| PB 0x0000000089300000| Untracked 
|  98|0x0000000089400000, 0x0000000089400000, 0x0000000089500000|  0%| F|  |TAMS 0x0000000089400000| PB 0x0000000089400000| Untracked 
|  99|0x0000000089500000, 0x0000000089500000, 0x0000000089600000|  0%| F|  |TAMS 0x0000000089500000| PB 0x0000000089500000| Untracked 
| 100|0x0000000089600000, 0x0000000089700000, 0x0000000089700000|100%| S|CS|TAMS 0x0000000089600000| PB 0x0000000089600000| Complete 
| 101|0x0000000089700000, 0x0000000089800000, 0x0000000089800000|100%| S|CS|TAMS 0x0000000089700000| PB 0x0000000089700000| Complete 
| 102|0x0000000089800000, 0x0000000089900000, 0x0000000089900000|100%| S|CS|TAMS 0x0000000089800000| PB 0x0000000089800000| Complete 
| 103|0x0000000089900000, 0x0000000089900000, 0x0000000089a00000|  0%| F|  |TAMS 0x0000000089900000| PB 0x0000000089900000| Untracked 
| 104|0x0000000089a00000, 0x0000000089a00000, 0x0000000089b00000|  0%| F|  |TAMS 0x0000000089a00000| PB 0x0000000089a00000| Untracked 
| 105|0x0000000089b00000, 0x0000000089b00000, 0x0000000089c00000|  0%| F|  |TAMS 0x0000000089b00000| PB 0x0000000089b00000| Untracked 
| 106|0x0000000089c00000, 0x0000000089c00000, 0x0000000089d00000|  0%| F|  |TAMS 0x0000000089c00000| PB 0x0000000089c00000| Untracked 
| 107|0x0000000089d00000, 0x0000000089d00000, 0x0000000089e00000|  0%| F|  |TAMS 0x0000000089d00000| PB 0x0000000089d00000| Untracked 
| 108|0x0000000089e00000, 0x0000000089e00000, 0x0000000089f00000|  0%| F|  |TAMS 0x0000000089e00000| PB 0x0000000089e00000| Untracked 
| 109|0x0000000089f00000, 0x0000000089f00000, 0x000000008a000000|  0%| F|  |TAMS 0x0000000089f00000| PB 0x0000000089f00000| Untracked 
| 110|0x000000008a000000, 0x000000008a000000, 0x000000008a100000|  0%| F|  |TAMS 0x000000008a000000| PB 0x000000008a000000| Untracked 
| 111|0x000000008a100000, 0x000000008a100000, 0x000000008a200000|  0%| F|  |TAMS 0x000000008a100000| PB 0x000000008a100000| Untracked 
| 112|0x000000008a200000, 0x000000008a200000, 0x000000008a300000|  0%| F|  |TAMS 0x000000008a200000| PB 0x000000008a200000| Untracked 
| 113|0x000000008a300000, 0x000000008a300000, 0x000000008a400000|  0%| F|  |TAMS 0x000000008a300000| PB 0x000000008a300000| Untracked 
| 114|0x000000008a400000, 0x000000008a400000, 0x000000008a500000|  0%| F|  |TAMS 0x000000008a400000| PB 0x000000008a400000| Untracked 
| 115|0x000000008a500000, 0x000000008a500000, 0x000000008a600000|  0%| F|  |TAMS 0x000000008a500000| PB 0x000000008a500000| Untracked 
| 116|0x000000008a600000, 0x000000008a600000, 0x000000008a700000|  0%| F|  |TAMS 0x000000008a600000| PB 0x000000008a600000| Untracked 
| 117|0x000000008a700000, 0x000000008a700000, 0x000000008a800000|  0%| F|  |TAMS 0x000000008a700000| PB 0x000000008a700000| Untracked 
| 118|0x000000008a800000, 0x000000008a8dd500, 0x000000008a900000| 86%| E|  |TAMS 0x000000008a800000| PB 0x000000008a800000| Complete 
| 119|0x000000008a900000, 0x000000008aa00000, 0x000000008aa00000|100%| E|CS|TAMS 0x000000008a900000| PB 0x000000008a900000| Complete 
| 120|0x000000008aa00000, 0x000000008ab00000, 0x000000008ab00000|100%| E|CS|TAMS 0x000000008aa00000| PB 0x000000008aa00000| Complete 
| 121|0x000000008ab00000, 0x000000008ac00000, 0x000000008ac00000|100%| E|CS|TAMS 0x000000008ab00000| PB 0x000000008ab00000| Complete 
| 122|0x000000008ac00000, 0x000000008ad00000, 0x000000008ad00000|100%| E|CS|TAMS 0x000000008ac00000| PB 0x000000008ac00000| Complete 
| 123|0x000000008ad00000, 0x000000008ae00000, 0x000000008ae00000|100%| E|CS|TAMS 0x000000008ad00000| PB 0x000000008ad00000| Complete 
| 124|0x000000008ae00000, 0x000000008af00000, 0x000000008af00000|100%| E|CS|TAMS 0x000000008ae00000| PB 0x000000008ae00000| Complete 
| 125|0x000000008af00000, 0x000000008b000000, 0x000000008b000000|100%| E|CS|TAMS 0x000000008af00000| PB 0x000000008af00000| Complete 

Card table byte_map: [0x0000015835fb0000,0x00000158363a0000] _byte_map_base: 0x0000015835b97000

Marking Bits: (CMBitMap*) 0x000001581c5493d0
 Bits: [0x00000158363a0000, 0x00000158382d8000)

Polling page: 0x000001581c5b0000

Metaspace:

Usage:
  Non-class:     10.26 MB used.
      Class:      1.28 MB used.
       Both:     11.54 MB used.

Virtual space:
  Non-class space:       64.00 MB reserved,      10.38 MB ( 16%) committed,  1 nodes.
      Class space:        1.00 GB reserved,       1.38 MB ( <1%) committed,  1 nodes.
             Both:        1.06 GB reserved,      11.75 MB (  1%) committed. 

Chunk freelists:
   Non-Class:  5.00 MB
       Class:  14.64 MB
        Both:  19.64 MB

MaxMetaspaceSize: unlimited
CompressedClassSpaceSize: 1.00 GB
Initial GC threshold: 21.00 MB
Current GC threshold: 21.00 MB
CDS: on
 - commit_granule_bytes: 65536.
 - commit_granule_words: 8192.
 - virtual_space_node_default_size: 8388608.
 - enlarge_chunks_in_place: 1.
 - use_allocation_guard: 0.


Internal statistics:

num_allocs_failed_limit: 0.
num_arena_births: 228.
num_arena_deaths: 0.
num_vsnodes_births: 2.
num_vsnodes_deaths: 0.
num_space_committed: 188.
num_space_uncommitted: 0.
num_chunks_returned_to_freelist: 0.
num_chunks_taken_from_freelist: 353.
num_chunk_merges: 0.
num_chunk_splits: 215.
num_chunks_enlarged: 117.
num_inconsistent_stats: 0.

CodeHeap 'non-profiled nmethods': size=120000Kb used=608Kb max_used=608Kb free=119391Kb
 bounds [0x000001582dc20000, 0x000001582de90000, 0x0000015835150000]
CodeHeap 'profiled nmethods': size=120000Kb used=2924Kb max_used=2924Kb free=117075Kb
 bounds [0x0000015826150000, 0x0000015826430000, 0x000001582d680000]
CodeHeap 'non-nmethods': size=5760Kb used=1778Kb max_used=1785Kb free=3981Kb
 bounds [0x000001582d680000, 0x000001582d8f0000, 0x000001582dc20000]
 total_blobs=2275 nmethods=1624 adapters=556
 compilation: enabled
              stopped_count=0, restarted_count=0
 full_count=0

Compilation events (20 events):
Event: 1.118 Thread 0x000001583add4f60 1613       3       jdk.internal.org.objectweb.asm.MethodWriter::visitFieldInsn (258 bytes)
Event: 1.119 Thread 0x000001583add4f60 nmethod 1613 0x0000015826425a90 code [0x0000015826425d00, 0x0000015826426898]
Event: 1.119 Thread 0x000001583add4f60 1614       3       jdk.internal.org.objectweb.asm.SymbolTable::addConstantFieldref (10 bytes)
Event: 1.119 Thread 0x000001583add4f60 nmethod 1614 0x0000015826426c90 code [0x0000015826426e40, 0x0000015826426f98]
Event: 1.119 Thread 0x000001583add4f60 1615       3       jdk.internal.org.objectweb.asm.MethodWriter::visitCode (1 bytes)
Event: 1.119 Thread 0x000001583add4f60 nmethod 1615 0x0000015826427090 code [0x0000015826427220, 0x0000015826427328]
Event: 1.119 Thread 0x000001583add4f60 1616       3       java.lang.invoke.LambdaForm$NamedFunction::intrinsicName (21 bytes)
Event: 1.119 Thread 0x000001583add4f60 nmethod 1616 0x0000015826427390 code [0x0000015826427540, 0x0000015826427790]
Event: 1.119 Thread 0x000001583add4f60 1618       3       jdk.internal.misc.CDS::isDumpingArchive (4 bytes)
Event: 1.119 Thread 0x000001583add4f60 nmethod 1618 0x0000015826427890 code [0x0000015826427a20, 0x0000015826427b10]
Event: 1.119 Thread 0x000001583add4f60 1617       1       java.lang.invoke.DirectMethodHandle::isCrackable (5 bytes)
Event: 1.120 Thread 0x000001583add4f60 nmethod 1617 0x000001582dcb8010 code [0x000001582dcb81a0, 0x000001582dcb8270]
Event: 1.120 Thread 0x000001583add4f60 1619       3       java.util.Arrays::hashCode (56 bytes)
Event: 1.120 Thread 0x000001583add4f60 nmethod 1619 0x0000015826427b90 code [0x0000015826427d60, 0x00000158264280b8]
Event: 1.120 Thread 0x000001583add4f60 1620       3       java.lang.invoke.TypeConvertingMethodAdapter::descriptorToName (36 bytes)
Event: 1.121 Thread 0x000001583add4f60 nmethod 1620 0x0000015826428210 code [0x00000158264284a0, 0x0000015826429060]
Event: 1.121 Thread 0x000001583add4f60 1621       3       java.lang.invoke.Invokers$Holder::linkToTargetMethod (9 bytes)
Event: 1.121 Thread 0x000001583add4f60 nmethod 1621 0x0000015826429510 code [0x00000158264296e0, 0x0000015826429950]
Event: 1.121 Thread 0x000001583add4f60 1622       3       java.security.AccessController::executePrivileged (65 bytes)
Event: 1.121 Thread 0x000001583add4f60 nmethod 1622 0x0000015826429a10 code [0x0000015826429be0, 0x0000015826429ee8]

GC Heap History (2 events):
Event: 0.795 GC heap before
{Heap before GC invocations=0 (full 0):
 garbage-first heap   total 129024K, used 26624K [0x0000000083200000, 0x0000000100000000)
  region size 1024K, 23 young (23552K), 0 survivors (0K)
 Metaspace       used 5553K, committed 5760K, reserved 1114112K
  class space    used 520K, committed 640K, reserved 1048576K
}
Event: 0.800 GC heap after
{Heap after GC invocations=1 (full 0):
 garbage-first heap   total 129024K, used 10688K [0x0000000083200000, 0x0000000100000000)
  region size 1024K, 3 young (3072K), 3 survivors (3072K)
 Metaspace       used 5553K, committed 5760K, reserved 1114112K
  class space    used 520K, committed 640K, reserved 1048576K
}

Dll operation events (11 events):
Event: 0.006 Loaded shared library C:\Program Files\Java\jdk-21\bin\java.dll
Event: 0.041 Loaded shared library C:\Program Files\Java\jdk-21\bin\jsvml.dll
Event: 0.109 Loaded shared library C:\Program Files\Java\jdk-21\bin\jimage.dll
Event: 0.115 Loaded shared library C:\Program Files\Java\jdk-21\bin\net.dll
Event: 0.117 Loaded shared library C:\Program Files\Java\jdk-21\bin\nio.dll
Event: 0.122 Loaded shared library C:\Program Files\Java\jdk-21\bin\zip.dll
Event: 0.210 Loaded shared library C:\Program Files\Java\jdk-21\bin\awt.dll
Event: 0.295 Loaded shared library C:\Program Files\Java\jdk-21\bin\freetype.dll
Event: 0.296 Loaded shared library C:\Program Files\Java\jdk-21\bin\fontmanager.dll
Event: 0.943 Loaded shared library C:\Users\Kiet\AppData\Local\Temp\flatlaf.temp\flatlaf-windows-x86_64-1533577193719000.dll
Event: 0.971 Loaded shared library C:\Program Files\Java\jdk-21\bin\verify.dll

Deoptimization events (20 events):
Event: 1.042 Thread 0x000001581c4ef790 Uncommon trap: trap_request=0xffffff45 fr.pc=0x000001582dc46af8 relative=0x0000000000000198
Event: 1.042 Thread 0x000001581c4ef790 Uncommon trap: reason=unstable_if action=reinterpret pc=0x000001582dc46af8 method=java.lang.invoke.VarHandle.checkAccessModeThenIsDirect(Ljava/lang/invoke/VarHandle$AccessDescriptor;)Z @ 4 c2
Event: 1.042 Thread 0x000001581c4ef790 DEOPT PACKING pc=0x000001582dc46af8 sp=0x000000397b6feb20
Event: 1.042 Thread 0x000001581c4ef790 DEOPT UNPACKING pc=0x000001582d6d7da2 sp=0x000000397b6fea58 mode 2
Event: 1.066 Thread 0x000001581c4ef790 Uncommon trap: trap_request=0xffffff76 fr.pc=0x000001582dc52d84 relative=0x0000000000000264
Event: 1.066 Thread 0x000001581c4ef790 Uncommon trap: reason=predicate action=maybe_recompile pc=0x000001582dc52d84 method=java.util.ArrayList.indexOfRange(Ljava/lang/Object;II)I @ 45 c2
Event: 1.066 Thread 0x000001581c4ef790 DEOPT PACKING pc=0x000001582dc52d84 sp=0x000000397b6fec50
Event: 1.066 Thread 0x000001581c4ef790 DEOPT UNPACKING pc=0x000001582d6d7da2 sp=0x000000397b6febc8 mode 2
Event: 1.117 Thread 0x000001581c4ef790 Uncommon trap: trap_request=0xffffff45 fr.pc=0x000001582dc66ea0 relative=0x0000000000000100
Event: 1.117 Thread 0x000001581c4ef790 Uncommon trap: reason=unstable_if action=reinterpret pc=0x000001582dc66ea0 method=java.lang.ThreadLocal$ThreadLocalMap.getEntry(Ljava/lang/ThreadLocal;)Ljava/lang/ThreadLocal$ThreadLocalMap$Entry; @ 21 c2
Event: 1.117 Thread 0x000001581c4ef790 DEOPT PACKING pc=0x000001582dc66ea0 sp=0x000000397b6fe4a0
Event: 1.117 Thread 0x000001581c4ef790 DEOPT UNPACKING pc=0x000001582d6d7da2 sp=0x000000397b6fe440 mode 2
Event: 1.118 Thread 0x000001581c4ef790 Uncommon trap: trap_request=0xffffffde fr.pc=0x000001582dc8b274 relative=0x0000000000000c74
Event: 1.118 Thread 0x000001581c4ef790 Uncommon trap: reason=class_check action=maybe_recompile pc=0x000001582dc8b274 method=java.util.Properties$LineReader.readLine()I @ 70 c2
Event: 1.118 Thread 0x000001581c4ef790 DEOPT PACKING pc=0x000001582dc8b274 sp=0x000000397b6fe1e0
Event: 1.118 Thread 0x000001581c4ef790 DEOPT UNPACKING pc=0x000001582d6d7da2 sp=0x000000397b6fe160 mode 2
Event: 1.118 Thread 0x000001581c4ef790 Uncommon trap: trap_request=0xffffffde fr.pc=0x000001582dc8b274 relative=0x0000000000000c74
Event: 1.118 Thread 0x000001581c4ef790 Uncommon trap: reason=class_check action=maybe_recompile pc=0x000001582dc8b274 method=java.util.Properties$LineReader.readLine()I @ 70 c2
Event: 1.118 Thread 0x000001581c4ef790 DEOPT PACKING pc=0x000001582dc8b274 sp=0x000000397b6fe1e0
Event: 1.118 Thread 0x000001581c4ef790 DEOPT UNPACKING pc=0x000001582d6d7da2 sp=0x000000397b6fe160 mode 2

Classes loaded (20 events):
Event: 1.120 Loading class javax/xml/parsers/SAXParser
Event: 1.120 Loading class javax/xml/parsers/SAXParser done
Event: 1.120 Loading class com/sun/org/apache/xerces/internal/jaxp/SAXParserImpl done
Event: 1.120 Loading class com/sun/org/apache/xerces/internal/utils/XMLSecurityManager
Event: 1.121 Loading class com/sun/org/apache/xerces/internal/utils/XMLSecurityManager done
Event: 1.121 Loading class com/sun/org/apache/xerces/internal/utils/XMLSecurityManager$Limit
Event: 1.121 Loading class com/sun/org/apache/xerces/internal/utils/XMLSecurityManager$Limit done
Event: 1.121 Loading class jdk/xml/internal/JdkProperty$State
Event: 1.121 Loading class jdk/xml/internal/JdkProperty$State done
Event: 1.121 Loading class com/sun/org/apache/xerces/internal/utils/XMLSecurityManager$NameMap
Event: 1.121 Loading class com/sun/org/apache/xerces/internal/utils/XMLSecurityManager$NameMap done
Event: 1.121 Loading class com/sun/org/apache/xerces/internal/utils/XMLSecurityPropertyManager
Event: 1.121 Loading class com/sun/org/apache/xerces/internal/utils/XMLSecurityPropertyManager done
Event: 1.121 Loading class com/sun/org/apache/xerces/internal/utils/XMLSecurityPropertyManager$State
Event: 1.121 Loading class com/sun/org/apache/xerces/internal/utils/XMLSecurityPropertyManager$State done
Event: 1.121 Loading class com/sun/org/apache/xerces/internal/utils/XMLSecurityPropertyManager$Property
Event: 1.121 Loading class com/sun/org/apache/xerces/internal/utils/XMLSecurityPropertyManager$Property done
Event: 1.121 Loading class com/sun/org/apache/xerces/internal/jaxp/SAXParserImpl$JAXPSAXParser
Event: 1.121 Loading class com/sun/org/apache/xerces/internal/parsers/SAXParser
Event: 1.121 Loading class com/sun/org/apache/xerces/internal/parsers/AbstractSAXParser

Classes unloaded (0 events):
No events

Classes redefined (0 events):
No events

Internal exceptions (20 events):
Event: 0.784 Thread 0x000001581c4ef790 Exception <a 'java/lang/NoSuchMethodError'{0x00000000899a5748}: 'int java.lang.invoke.DirectMethodHandle$Holder.invokeStatic(java.lang.Object)'> (0x00000000899a5748) 
thrown [s\open\src\hotspot\share\interpreter\linkResolver.cpp, line 773]
Event: 0.893 Thread 0x000001581c4ef790 Exception <a 'java/lang/NoSuchMethodError'{0x000000008ad12700}: 'java.lang.Object java.lang.invoke.Invokers$Holder.invokeExact_MT(java.lang.Object, java.lang.Object, java.lang.Object, java.lang.Object, java.lang.Object, java.lang.Object)'> (0x000000008ad12700) 
thrown [s\open\src\hotspot\share\interpreter\linkResolver.cpp, line 773]
Event: 0.906 Thread 0x000001581c4ef790 Implicit null exception at 0x000001582dc636e6 to 0x000001582dc6378a
Event: 0.907 Thread 0x000001581c4ef790 Implicit null exception at 0x000001582dc8dfba to 0x000001582dc8e230
Event: 0.908 Thread 0x000001581c4ef790 Implicit null exception at 0x000001582dc4ee3d to 0x000001582dc4eec1
Event: 0.923 Thread 0x000001581c4ef790 Exception <a 'java/lang/NoSuchMethodError'{0x000000008ada4638}: 'int java.lang.invoke.Invokers$Holder.invokeExact_MT(java.lang.Object, java.lang.Object)'> (0x000000008ada4638) 
thrown [s\open\src\hotspot\share\interpreter\linkResolver.cpp, line 773]
Event: 0.932 Thread 0x000001581c4ef790 Exception <a 'sun/nio/fs/WindowsException'{0x000000008adc95b8}> (0x000000008adc95b8) 
thrown [s\open\src\hotspot\share\prims\jni.cpp, line 520]
Event: 0.994 Thread 0x000001581c4ef790 Exception <a 'java/lang/NoSuchMethodError'{0x000000008acb80b8}: 'java.lang.Object java.lang.invoke.DirectMethodHandle$Holder.invokeVirtual(java.lang.Object, java.lang.Object, java.lang.Object, java.lang.Object)'> (0x000000008acb80b8) 
thrown [s\open\src\hotspot\share\interpreter\linkResolver.cpp, line 773]
Event: 1.024 Thread 0x000001581c4ef790 Exception <a 'java/lang/NoSuchMethodError'{0x000000008ab85f40}: 'int java.lang.invoke.DirectMethodHandle$Holder.invokeVirtual(java.lang.Object, java.lang.Object)'> (0x000000008ab85f40) 
thrown [s\open\src\hotspot\share\interpreter\linkResolver.cpp, line 773]
Event: 1.025 Thread 0x000001581c4ef790 Exception <a 'java/lang/NoSuchMethodError'{0x000000008ab8a0c0}: 'int java.lang.invoke.DirectMethodHandle$Holder.invokeSpecial(java.lang.Object, java.lang.Object, java.lang.Object)'> (0x000000008ab8a0c0) 
thrown [s\open\src\hotspot\share\interpreter\linkResolver.cpp, line 773]
Event: 1.025 Thread 0x000001581c4ef790 Exception <a 'java/lang/NoSuchMethodError'{0x000000008ab949d8}: 'void java.lang.invoke.DirectMethodHandle$Holder.invokeVirtual(java.lang.Object, java.lang.Object, int)'> (0x000000008ab949d8) 
thrown [s\open\src\hotspot\share\interpreter\linkResolver.cpp, line 773]
Event: 1.026 Thread 0x000001581c4ef790 Exception <a 'java/lang/NoSuchMethodError'{0x000000008ab98ca0}: 'int java.lang.invoke.DirectMethodHandle$Holder.invokeSpecial(java.lang.Object, java.lang.Object, java.lang.Object, int)'> (0x000000008ab98ca0) 
thrown [s\open\src\hotspot\share\interpreter\linkResolver.cpp, line 773]
Event: 1.027 Thread 0x000001581c4ef790 Exception <a 'java/lang/NoSuchMethodError'{0x000000008abab290}: 'java.lang.Object java.lang.invoke.DirectMethodHandle$Holder.invokeStatic(java.lang.Object, java.lang.Object, java.lang.Object, java.lang.Object, int)'> (0x000000008abab290) 
thrown [s\open\src\hotspot\share\interpreter\linkResolver.cpp, line 773]
Event: 1.027 Thread 0x000001581c4ef790 Exception <a 'java/lang/NoSuchMethodError'{0x000000008abb5e58}: 'void java.lang.invoke.DelegatingMethodHandle$Holder.reinvoke_L(java.lang.Object, java.lang.Object, int)'> (0x000000008abb5e58) 
thrown [s\open\src\hotspot\share\interpreter\linkResolver.cpp, line 773]
Event: 1.031 Thread 0x000001581c4ef790 Exception <a 'java/lang/NoSuchMethodError'{0x000000008abe40c0}: 'void java.lang.invoke.Invokers$Holder.invokeExact_MT(java.lang.Object, java.lang.Object, java.lang.Object, java.lang.Object)'> (0x000000008abe40c0) 
thrown [s\open\src\hotspot\share\interpreter\linkResolver.cpp, line 773]
Event: 1.034 Thread 0x000001581c4ef790 Exception <a 'java/lang/NoSuchMethodError'{0x000000008abfc630}: 'void java.lang.invoke.DirectMethodHandle$Holder.invokeSpecial(java.lang.Object, java.lang.Object, java.lang.Object, java.lang.Object, java.lang.Object)'> (0x000000008abfc630) 
thrown [s\open\src\hotspot\share\interpreter\linkResolver.cpp, line 773]
Event: 1.036 Thread 0x000001581c4ef790 Exception <a 'java/lang/NoSuchMethodError'{0x000000008aa0a940}: 'int java.lang.invoke.Invokers$Holder.invokeExact_MT(java.lang.Object, java.lang.Object, java.lang.Object)'> (0x000000008aa0a940) 
thrown [s\open\src\hotspot\share\interpreter\linkResolver.cpp, line 773]
Event: 1.049 Thread 0x0000015800845470 Exception <a 'java/lang/NoSuchMethodError'{0x000000008aa92f08}: 'void java.lang.invoke.DirectMethodHandle$Holder.invokeVirtual(java.lang.Object, java.lang.Object)'> (0x000000008aa92f08) 
thrown [s\open\src\hotspot\share\interpreter\linkResolver.cpp, line 773]
Event: 1.059 Thread 0x000001581c4ef790 Exception <a 'java/lang/NoSuchMethodError'{0x000000008aa3ba90}: 'void java.lang.invoke.DirectMethodHandle$Holder.invokeStaticInit(java.lang.Object)'> (0x000000008aa3ba90) 
thrown [s\open\src\hotspot\share\interpreter\linkResolver.cpp, line 773]
Event: 1.117 Thread 0x000001581c4ef790 Implicit null exception at 0x000001582dc66dfe to 0x000001582dc66e88

ZGC Phase Switch (0 events):
No events

VM Operations (18 events):
Event: 0.127 Executing VM operation: HandshakeAllThreads (Deoptimize)
Event: 0.127 Executing VM operation: HandshakeAllThreads (Deoptimize) done
Event: 0.233 Executing VM operation: HandshakeAllThreads (Deoptimize)
Event: 0.233 Executing VM operation: HandshakeAllThreads (Deoptimize) done
Event: 0.735 Executing VM operation: HandshakeAllThreads (Deoptimize)
Event: 0.735 Executing VM operation: HandshakeAllThreads (Deoptimize) done
Event: 0.789 Executing VM operation: HandshakeAllThreads (Deoptimize)
Event: 0.789 Executing VM operation: HandshakeAllThreads (Deoptimize) done
Event: 0.795 Executing VM operation: G1CollectForAllocation (G1 Evacuation Pause)
Event: 0.800 Executing VM operation: G1CollectForAllocation (G1 Evacuation Pause) done
Event: 0.889 Executing VM operation: HandshakeAllThreads (Deoptimize)
Event: 0.889 Executing VM operation: HandshakeAllThreads (Deoptimize) done
Event: 0.939 Executing VM operation: HandshakeAllThreads (Deoptimize)
Event: 0.939 Executing VM operation: HandshakeAllThreads (Deoptimize) done
Event: 1.041 Executing VM operation: HandshakeAllThreads (Deoptimize)
Event: 1.041 Executing VM operation: HandshakeAllThreads (Deoptimize) done
Event: 1.041 Executing VM operation: HandshakeAllThreads (Deoptimize)
Event: 1.041 Executing VM operation: HandshakeAllThreads (Deoptimize) done

Events (16 events):
Event: 0.024 Thread 0x000001581c4ef790 Thread added: 0x000001581c4ef790
Event: 0.038 Thread 0x000001583ad9d3f0 Thread added: 0x000001583ad9d3f0
Event: 0.038 Thread 0x000001583ad9de50 Thread added: 0x000001583ad9de50
Event: 0.039 Thread 0x000001583ada0510 Thread added: 0x000001583ada0510
Event: 0.039 Thread 0x000001583ada10a0 Thread added: 0x000001583ada10a0
Event: 0.039 Thread 0x000001583ada52c0 Thread added: 0x000001583ada52c0
Event: 0.039 Thread 0x000001583ada86e0 Thread added: 0x000001583ada86e0
Event: 0.039 Thread 0x000001583ada9be0 Thread added: 0x000001583ada9be0
Event: 0.039 Thread 0x000001583add4f60 Thread added: 0x000001583add4f60
Event: 0.083 Thread 0x000001580012dca0 Thread added: 0x000001580012dca0
Event: 0.086 Thread 0x0000015800132b80 Thread added: 0x0000015800132b80
Event: 0.301 Thread 0x00000158005db330 Thread added: 0x00000158005db330
Event: 0.377 Thread 0x000001583add6aa0 Thread added: 0x000001583add6aa0
Event: 0.744 Thread 0x0000015800bf8750 Thread added: 0x0000015800bf8750
Event: 0.745 Thread 0x0000015800845470 Thread added: 0x0000015800845470
Event: 1.043 Thread 0x0000015801205780 Thread added: 0x0000015801205780


Dynamic libraries:
0x00007ff76d7d0000 - 0x00007ff76d7e0000 	C:\Program Files\Java\jdk-21\bin\java.exe
0x00007fff4ae10000 - 0x00007fff4b026000 	C:\WINDOWS\SYSTEM32\ntdll.dll
0x00007fff49db0000 - 0x00007fff49e74000 	C:\WINDOWS\System32\KERNEL32.DLL
0x00007fff48480000 - 0x00007fff48827000 	C:\WINDOWS\System32\KERNELBASE.dll
0x00007fff48980000 - 0x00007fff48a91000 	C:\WINDOWS\System32\ucrtbase.dll
0x00007fff41c80000 - 0x00007fff41c9b000 	C:\Program Files\Java\jdk-21\bin\VCRUNTIME140.dll
0x00007fff41050000 - 0x00007fff41069000 	C:\Program Files\Java\jdk-21\bin\jli.dll
0x00007fff49ec0000 - 0x00007fff49f72000 	C:\WINDOWS\System32\ADVAPI32.dll
0x00007fff4a6a0000 - 0x00007fff4a747000 	C:\WINDOWS\System32\msvcrt.dll
0x00007fff4a780000 - 0x00007fff4a828000 	C:\WINDOWS\System32\sechost.dll
0x00007fff48950000 - 0x00007fff48978000 	C:\WINDOWS\System32\bcrypt.dll
0x00007fff4a280000 - 0x00007fff4a395000 	C:\WINDOWS\System32\RPCRT4.dll
0x00007fff4a830000 - 0x00007fff4a9de000 	C:\WINDOWS\System32\USER32.dll
0x00007fff48aa0000 - 0x00007fff48ac6000 	C:\WINDOWS\System32\win32u.dll
0x00007fff47400000 - 0x00007fff47693000 	C:\WINDOWS\WinSxS\amd64_microsoft.windows.common-controls_6595b64144ccf1df_6.0.22621.3235_none_270f74e173860f98\COMCTL32.dll
0x00007fff49e90000 - 0x00007fff49eb9000 	C:\WINDOWS\System32\GDI32.dll
0x00007fff48830000 - 0x00007fff48949000 	C:\WINDOWS\System32\gdi32full.dll
0x00007fff483e0000 - 0x00007fff4847a000 	C:\WINDOWS\System32\msvcp_win.dll
0x00007fff3f170000 - 0x00007fff3f17a000 	C:\WINDOWS\SYSTEM32\VERSION.dll
0x00007fff4ad90000 - 0x00007fff4adc1000 	C:\WINDOWS\System32\IMM32.DLL
0x00007fff42820000 - 0x00007fff4282c000 	C:\Program Files\Java\jdk-21\bin\vcruntime140_1.dll
0x00007fff131f0000 - 0x00007fff1327e000 	C:\Program Files\Java\jdk-21\bin\msvcp140.dll
0x00007fff053d0000 - 0x00007fff060e7000 	C:\Program Files\Java\jdk-21\bin\server\jvm.dll
0x00007fff4a620000 - 0x00007fff4a691000 	C:\WINDOWS\System32\WS2_32.dll
0x00007fff48000000 - 0x00007fff4804d000 	C:\WINDOWS\SYSTEM32\POWRPROF.dll
0x00007fff40af0000 - 0x00007fff40b24000 	C:\WINDOWS\SYSTEM32\WINMM.dll
0x00007fff47fe0000 - 0x00007fff47ff3000 	C:\WINDOWS\SYSTEM32\UMPDC.dll
0x00007fff46a90000 - 0x00007fff46aa8000 	C:\WINDOWS\SYSTEM32\kernel.appcore.dll
0x00007fff42780000 - 0x00007fff4278a000 	C:\Program Files\Java\jdk-21\bin\jimage.dll
0x00007fff479c0000 - 0x00007fff47bf3000 	C:\WINDOWS\SYSTEM32\DBGHELP.DLL
0x00007fff4a9e0000 - 0x00007fff4ad68000 	C:\WINDOWS\System32\combase.dll
0x00007fff48bc0000 - 0x00007fff48c97000 	C:\WINDOWS\System32\OLEAUT32.dll
0x00007fff47880000 - 0x00007fff478b2000 	C:\WINDOWS\SYSTEM32\dbgcore.DLL
0x00007fff48360000 - 0x00007fff483d9000 	C:\WINDOWS\System32\bcryptPrimitives.dll
0x00007fff408b0000 - 0x00007fff408cf000 	C:\Program Files\Java\jdk-21\bin\java.dll
0x00007fff490d0000 - 0x00007fff4992c000 	C:\WINDOWS\System32\SHELL32.dll
0x00007fff456b0000 - 0x00007fff45fa9000 	C:\WINDOWS\SYSTEM32\windows.storage.dll
0x00007fff45570000 - 0x00007fff456ae000 	C:\WINDOWS\SYSTEM32\wintypes.dll
0x00007fff4a170000 - 0x00007fff4a263000 	C:\WINDOWS\System32\SHCORE.dll
0x00007fff4a3a0000 - 0x00007fff4a3fe000 	C:\WINDOWS\System32\shlwapi.dll
0x00007fff48060000 - 0x00007fff48081000 	C:\WINDOWS\SYSTEM32\profapi.dll
0x00007fff0dcf0000 - 0x00007fff0ddc7000 	C:\Program Files\Java\jdk-21\bin\jsvml.dll
0x00007fff42710000 - 0x00007fff42720000 	C:\Program Files\Java\jdk-21\bin\net.dll
0x00007fff413a0000 - 0x00007fff414d6000 	C:\WINDOWS\SYSTEM32\WINHTTP.dll
0x00007fff46ec0000 - 0x00007fff46f29000 	C:\WINDOWS\system32\mswsock.dll
0x00007fff37670000 - 0x00007fff37686000 	C:\Program Files\Java\jdk-21\bin\nio.dll
0x00007fff369d0000 - 0x00007fff369e8000 	C:\Program Files\Java\jdk-21\bin\zip.dll
0x00007fff0b420000 - 0x00007fff0b5af000 	C:\Program Files\Java\jdk-21\bin\awt.dll
0x00007fff445e0000 - 0x00007fff44677000 	C:\WINDOWS\SYSTEM32\apphelp.dll
0x00007fff47ce0000 - 0x00007fff47cfb000 	C:\WINDOWS\SYSTEM32\CRYPTSP.dll
0x00007fff46890000 - 0x00007fff468c5000 	C:\WINDOWS\system32\rsaenh.dll
0x00007fff47150000 - 0x00007fff47178000 	C:\WINDOWS\SYSTEM32\USERENV.dll
0x00007fff47180000 - 0x00007fff4718c000 	C:\WINDOWS\SYSTEM32\CRYPTBASE.dll
0x00007fff46370000 - 0x00007fff4639d000 	C:\WINDOWS\SYSTEM32\IPHLPAPI.DLL
0x00007fff4a270000 - 0x00007fff4a279000 	C:\WINDOWS\System32\NSI.dll
0x00007fff1e800000 - 0x00007fff1e887000 	C:\Program Files\Java\jdk-21\bin\freetype.dll
0x00007fff15de0000 - 0x00007fff15ec2000 	C:\Program Files\Java\jdk-21\bin\fontmanager.dll
0x00007fff45020000 - 0x00007fff4504b000 	C:\WINDOWS\system32\DWMAPI.DLL
0x00007fff447a0000 - 0x00007fff4484b000 	C:\WINDOWS\system32\uxtheme.dll
0x00007fff49f80000 - 0x00007fff4a0d3000 	C:\WINDOWS\System32\MSCTF.dll
0x00007fff48f20000 - 0x00007fff490c5000 	C:\WINDOWS\System32\ole32.dll
0x00007fff36af0000 - 0x00007fff36bf0000 	C:\WINDOWS\system32\opengl32.dll
0x00007fff41c40000 - 0x00007fff41c6d000 	C:\WINDOWS\SYSTEM32\GLU32.dll
0x00007fff44960000 - 0x00007fff44999000 	C:\WINDOWS\SYSTEM32\dxcore.dll
0x00007fff47940000 - 0x00007fff47946000 	C:\Users\Kiet\AppData\Local\Temp\flatlaf.temp\flatlaf-windows-x86_64-1533577193719000.dll
0x00007fff408a0000 - 0x00007fff408b0000 	C:\Program Files\Java\jdk-21\bin\verify.dll
0x00007fff48e60000 - 0x00007fff48f10000 	C:\WINDOWS\System32\clbcatq.dll
0x00007fff429b0000 - 0x00007fff42b60000 	C:\WINDOWS\SYSTEM32\WindowsCodecs.dll
0x00007fff37760000 - 0x00007fff377be000 	C:\WINDOWS\system32\dataexchange.dll
0x00007fff3ebe0000 - 0x00007fff3ee6e000 	C:\WINDOWS\system32\twinapi.appcore.dll
0x00007fff44590000 - 0x00007fff44597000 	C:\Program Files\Java\jdk-21\bin\jawt.dll

dbghelp: loaded successfully - version: 4.0.5 - missing functions: none
symbol engine: initialized successfully - sym options: 0x614 - pdb path: .;C:\Program Files\Java\jdk-21\bin;C:\WINDOWS\SYSTEM32;C:\WINDOWS\WinSxS\amd64_microsoft.windows.common-controls_6595b64144ccf1df_6.0.22621.3235_none_270f74e173860f98;C:\Program Files\Java\jdk-21\bin\server;C:\Users\Kiet\AppData\Local\Temp\flatlaf.temp

VM Arguments:
jvm_args: -XX:+ShowCodeDetailsInExceptionMessages 
java_command: GUI.LogIn
java_class_path (initial): C:\Users\Kiet\AppData\Roaming\Code\User\workspaceStorage\b3b38d78d4b70df6aa0616a4b888d3ad\redhat.java\jdt_ws\DoAnJavaa_c8713cb1\bin;c:\Users\Kiet\Desktop\DoAnJavaa\lib\lib\commons-codec-1.15.jar;c:\Users\Kiet\Desktop\DoAnJavaa\lib\lib\log4j-api-2.18.0.jar;c:\Users\Kiet\Desktop\DoAnJavaa\lib\mysql-connector.jar;c:\Users\Kiet\Desktop\DoAnJavaa\lib\kotlin-stdlib-common-1.4.0.jar;c:\Users\Kiet\Desktop\DoAnJavaa\lib\poi-ooxml-3.17.jar;c:\Users\Kiet\Desktop\DoAnJavaa\lib\lib\commons-compress-1.21.jar;c:\Users\Kiet\Desktop\DoAnJavaa\lib\poi-3.17.jar;c:\Users\Kiet\Desktop\DoAnJavaa\lib\lib\poi-ooxml-full-5.2.3.jar;c:\Users\Kiet\Desktop\DoAnJavaa\lib\lib\commons-collections4-4.4.jar;c:\Users\Kiet\Desktop\DoAnJavaa\lib\lib\poi-excelant-5.2.3.jar;c:\Users\Kiet\Desktop\DoAnJavaa\lib\lib\poi-ooxml-lite-5.2.3.jar;c:\Users\Kiet\Desktop\DoAnJavaa\lib\mssql-jdbc-8.4.1.jre14.jar;c:\Users\Kiet\Desktop\DoAnJavaa\lib\mysql-connector-java-8.0.30.jar;c:\Users\Kiet\Desktop\DoAnJavaa\lib\zxing-1.7-javase.jar;c:\Users\Kiet\Desktop\DoAnJavaa\lib\xmlbeans-xmlpublic-2.0-dev-2.jar;c:\Users\Kiet\Desktop\DoAnJavaa\lib\jcalendar-1.4.jar;c:\Users\Kiet\Desktop\DoAnJavaa\lib\log4j-core-2.20.0.jar;c:\Users\Kiet\Desktop\DoAnJavaa\lib\flatlaf-extras-3.1.jar;c:\Users\Kiet\Desktop\DoAnJavaa\lib\svgSalamander-1.1.4.jar;c:\Users\Kiet\Desktop\DoAnJavaa\lib\zxing-core-2.0.jar;c:\Users\Kiet\Desktop\DoAnJavaa\lib\slf4j-api-1.7.2.jar;c:\Users\Kiet\Desktop\DoAnJavaa\lib\swingx-1.6.1.jar;c:\Users\Kiet\Desktop\DoAnJavaa\lib\lib\poi-examples-5.2.3.jar;c:\Users\Kiet\Desktop\DoAnJavaa\lib\slf4j-simple-1.7.25.jar;c:\Users\Kiet\Desktop\DoAnJavaa\lib\lib\poi-javadoc-5.2.3.jar;c:\Users\Kiet\Desktop\DoAnJavaa\lib\slf4j-api-1.7.25.jar;c:\Users\Kiet\Desktop\DoAnJavaa\lib\swingx-all-1.6.4.jar;c:\Users\Kiet\Desktop\DoAnJavaa\lib\TimingFramework-0.55.jar;c:\Users\Kiet\Desktop\DoAnJavaa\lib\lib\curvesapi-1.07.jar;c:\Users\Kiet\Desktop\DoAnJavaa\lib\lib\xmlbeans-5.1.1.jar;c:\Users\Kiet\Desktop\DoAnJavaa\lib\mssql-jdbc-9.4.0.jre11.jar;c:\Users\Kiet\Desktop\DoAnJavaa\lib\lib\jakarta.activation-2.0.1.jar;c:\Users\Kiet\Desktop\DoAnJavaa\lib\flatlaf-3.3.jar;c:\Users\Kiet\Desktop\DoAnJavaa\lib\java-dotenv-5.1.3.jar;c:\Users\Kiet\Desktop\DoAnJavaa\lib\filters-2.0.235.jar;c:\Users\Kiet\Desktop\DoAnJavaa\lib\activation.jar;c:\Users\Kiet\Desktop\DoAnJavaa\lib\kotlin-runtime-1.2.71.jar;c:\Users\Kiet\Desktop\DoAnJavaa\lib\lib\jakarta.xml.bind-api-3.0.1.jar;c:\Users\Kiet\Desktop\DoAnJavaa\lib\kotlin-stdlib-1.4.0.jar;c:\Users\Kiet\Desktop\DoAnJavaa\lib\java-dotenv-5.2.2.jar;c:\Users\Kiet\Desktop\DoAnJavaa\lib\bridj-0.7.0.jar;c:\Users\Kiet\Desktop\DoAnJavaa\lib\lib\commons-io-2.11.0.jar;c:\Users\Kiet\Desktop\DoAnJavaa\lib\xmlbeans-3.1.0.jar;c:\Users\Kiet\Desktop\DoAnJavaa\lib\lib\SparseBitSet-1.2.jar;c:\Users\Kiet\Desktop\DoAnJavaa\lib\miglayout-4.0.jar;c:\Users\Kiet\Desktop\DoAnJavaa\lib\com.sun.net.ssl.jar;c:\Users\Kiet\Desktop\DoAnJavaa\lib\lib\poi-ooxml-5.2.3.jar;c:\Users\Kiet\Desktop\DoAnJavaa\lib\javase-3.3.0.jar;c:\Users\Kiet\Desktop\DoAnJavaa\lib\lib\commons-logging-1.2.jar;c:\Users\Kiet\Desktop\DoAnJavaa\lib\xmlbeans-2.3.0.jar;c:\Users\Kiet\Desktop\DoAnJavaa\lib\webcam-capture-0.3.12.jar;c:\Users\Kiet\Desktop\DoAnJavaa\lib\core-3.3.0.jar;c:\Users\Kiet\Desktop\DoAnJavaa\lib\lib\commons-math3-3.6.1.jar;c:\Users\Kiet\Desktop\DoAnJavaa\lib\lib\slf4j-api-1.7.36.jar;c:\Users\Kiet\Desktop\DoAnJavaa\lib\lib\poi-5.2.3.jar;c:\Users\Kiet\Desktop\DoAnJavaa\lib\flatlaf-fonts-roboto-2.137.jar;c:\Users\Kiet\Desktop\DoAnJavaa\lib\swing-worker-1.1.jar;c:\Users\Kiet\Desktop\DoAnJavaa\lib\kotlin-stdlib-1.5.31.jar;c:\Users\Kiet\Desktop\DoAnJavaa\lib\lib\poi-scratchpad-5.2.3.jar;c:\Users\Kiet\Desktop\DoAnJavaa\lib\javax.activation-1.2.0.jar;c:\Users\Kiet\Desktop\DoAnJavaa\lib\itextpdf-5.5.12.jar;c:\Users\Kiet\Desktop\DoAnJavaa\lib\javax.mail.jar
Launcher Type: SUN_STANDARD

[Global flags]
     intx CICompilerCount                          = 4                                         {product} {ergonomic}
     uint ConcGCThreads                            = 2                                         {product} {ergonomic}
     uint G1ConcRefinementThreads                  = 8                                         {product} {ergonomic}
   size_t G1HeapRegionSize                         = 1048576                                   {product} {ergonomic}
    uintx GCDrainStackTargetSize                   = 64                                        {product} {ergonomic}
   size_t InitialHeapSize                          = 132120576                                 {product} {ergonomic}
   size_t MarkStackSize                            = 4194304                                   {product} {ergonomic}
   size_t MaxHeapSize                              = 2095054848                                {product} {ergonomic}
   size_t MaxNewSize                               = 1256194048                                {product} {ergonomic}
   size_t MinHeapDeltaBytes                        = 1048576                                   {product} {ergonomic}
   size_t MinHeapSize                              = 8388608                                   {product} {ergonomic}
    uintx NonNMethodCodeHeapSize                   = 5839372                                {pd product} {ergonomic}
    uintx NonProfiledCodeHeapSize                  = 122909434                              {pd product} {ergonomic}
    uintx ProfiledCodeHeapSize                     = 122909434                              {pd product} {ergonomic}
    uintx ReservedCodeCacheSize                    = 251658240                              {pd product} {ergonomic}
     bool SegmentedCodeCache                       = true                                      {product} {ergonomic}
     bool ShowCodeDetailsInExceptionMessages       = true                                   {manageable} {command line}
   size_t SoftMaxHeapSize                          = 2095054848                             {manageable} {ergonomic}
     bool UseCompressedOops                        = true                           {product lp64_product} {ergonomic}
     bool UseG1GC                                  = true                                      {product} {ergonomic}
     bool UseLargePagesIndividualAllocation        = false                                  {pd product} {ergonomic}

Logging:
Log output configuration:
 #0: stdout all=warning uptime,level,tags foldmultilines=false
 #1: stderr all=off uptime,level,tags foldmultilines=false

Environment Variables:
PATH=C:\Program Files\Common Files\Oracle\Java\javapath;C:\Program Files (x86)\Common Files\Oracle\Java\javapath;C:\WINDOWS\system32;C:\WINDOWS;C:\WINDOWS\System32\Wbem;C:\WINDOWS\System32\WindowsPowerShell\v1.0\;C:\WINDOWS\System32\OpenSSH\;C:\Program Files\dotnet\;C:\Program Files\Common Files\Oracle\Java\javapath;C:\Program Files\Java\jdk-11\bin;C:\Program Files (x86)\Microsoft SQL Server\160\Tools\Binn\;C:\Program Files\Microsoft SQL Server\160\Tools\Binn\;C:\Program Files\Microsoft SQL Server\Client SDK\ODBC\170\Tools\Binn\;C:\Program Files\Microsoft SQL Server\160\DTS\Binn\;C:\Program Files (x86)\Microsoft SQL Server\160\DTS\Binn\;C:\Program Files\Azure Data Studio\bin;C:\Program Files\apache-maven-3.9.6\bin;C:\Program Files\Git\cmd;C:\Program Files\nodejs\;C:\Program Files\Java\jdk-21\bin;C:\Users\Kiet\AppData\Local\Microsoft\WindowsApps;C:\Users\Kiet\AppData\Local\Programs\Microsoft VS Code\bin;C:\Users\Kiet\AppData\Local\GitHubDesktop\bin;C:\Users\Kiet\.dotnet\tools;C:\Program Files\Azure Data Studio\bin;C:\Users\Kiet\AppData\Roaming\npm
USERNAME=Kiet
LANG=en_US.UTF-8
OS=Windows_NT
PROCESSOR_IDENTIFIER=Intel64 Family 6 Model 126 Stepping 5, GenuineIntel
TMP=C:\Users\Kiet\AppData\Local\Temp
TEMP=C:\Users\Kiet\AppData\Local\Temp




Periodic native trim disabled

---------------  S Y S T E M  ---------------

OS:
 Windows 11 , 64 bit Build 22621 (10.0.22621.3374)
OS uptime: 1 days 18:35 hours

CPU: total 8 (initial active 8) (4 cores per cpu, 2 threads per core) family 6 model 126 stepping 5 microcode 0xa6, cx8, cmov, fxsr, ht, mmx, 3dnowpref, sse, sse2, sse3, ssse3, sse4.1, sse4.2, popcnt, lzcnt, tsc, tscinvbit, avx, avx2, aes, erms, clmul, bmi1, bmi2, adx, avx512f, avx512dq, avx512cd, avx512bw, avx512vl, sha, fma, vzeroupper, avx512_vpopcntdq, avx512_vpclmulqdq, avx512_vaes, avx512_vnni, clflush, clflushopt, avx512_vbmi2, avx512_vbmi, rdtscp, rdpid, fsrm, gfni, avx512_bitalg, f16c, pku, avx512_ifma
Processor Information for all 8 processors :
  Max Mhz: 1190, Current Mhz: 991, Mhz Limit: 987

Memory: 4k page, system-wide physical 7987M (1135M free)
TotalPageFile size 10035M (AvailPageFile size 5M)
current process WorkingSet (physical memory assigned to process): 105M, peak: 105M
current process commit charge ("private bytes"): 237M, peak: 237M

vm_info: Java HotSpot(TM) 64-Bit Server VM (21.0.2+13-LTS-58) for windows-amd64 JRE (21.0.2+13-LTS-58), built on 2024-01-05T18:32:24Z by "mach5one" with MS VC++ 17.1 (VS2022)

END.
