#
# There is insufficient memory for the Java Runtime Environment to continue.
# Native memory allocation (malloc) failed to allocate 32744 bytes for Chunk::new
# Possible reasons:
#   The system is out of physical RAM or swap space
#   The process is running with CompressedOops enabled, and the Java Heap may be blocking the growth of the native heap
# Possible solutions:
#   Reduce memory load on the system
#   Increase physical memory or swap space
#   Check if swap backing store is full
#   Decrease Java heap size (-Xmx/-Xms)
#   Decrease number of Java threads
#   Decrease Java thread stack sizes (-Xss)
#   Set larger code cache with -XX:ReservedCodeCacheSize=
#   JVM is running with Unscaled Compressed Oops mode in which the Java heap is
#     placed in the first 4GB address space. The Java Heap base address is the
#     maximum limit for the native heap growth. Please use -XX:HeapBaseMinAddress
#     to set the Java Heap base and to place the Java Heap above 4GB virtual address.
# This output file may be truncated or incomplete.
#
#  Out of Memory Error (arena.cpp:168), pid=16536, tid=20396
#
# JRE version: Java(TM) SE Runtime Environment (21.0.2+13) (build 21.0.2+13-LTS-58)
# Java VM: Java HotSpot(TM) 64-Bit Server VM (21.0.2+13-LTS-58, mixed mode, sharing, tiered, compressed oops, compressed class ptrs, g1 gc, windows-amd64)
# No core dump will be written. Minidumps are not enabled by default on client versions of Windows
#

---------------  S U M M A R Y ------------

Command Line: -XX:+ShowCodeDetailsInExceptionMessages GUI.LogIn

Host: Intel(R) Core(TM) i5-1035G1 CPU @ 1.00GHz, 8 cores, 7G,  Windows 11 , 64 bit Build 22621 (10.0.22621.3374)
Time: Sat May 11 18:46:44 2024 SE Asia Standard Time elapsed time: 0.158545 seconds (0d 0h 0m 0s)

---------------  T H R E A D  ---------------

Current thread (0x000002344947f750):  JavaThread "main"             [_thread_in_vm, id=20396, stack(0x000000e68a100000,0x000000e68a200000) (1024K)]

Stack: [0x000000e68a100000,0x000000e68a200000]
Native frames: (J=compiled Java code, j=interpreted, Vv=VM code, C=native code)
V  [jvm.dll+0x6cade9]
V  [jvm.dll+0x8569c1]
V  [jvm.dll+0x858d2e]
V  [jvm.dll+0x859413]
V  [jvm.dll+0x280e56]
V  [jvm.dll+0xc3f3d]
V  [jvm.dll+0xc4473]
V  [jvm.dll+0x217301]
V  [jvm.dll+0x2180b5]
V  [jvm.dll+0x218ad1]
V  [jvm.dll+0x20dd9e]
V  [jvm.dll+0x5ad3dc]
V  [jvm.dll+0x21f76a]
V  [jvm.dll+0x7cec21]
V  [jvm.dll+0x7cfc85]
V  [jvm.dll+0x7d022f]
V  [jvm.dll+0x7cfed8]
V  [jvm.dll+0x26ed7b]
V  [jvm.dll+0x67aa4b]
V  [jvm.dll+0x3d4b16]
C  0x0000023458e1a96c

The last pc belongs to exception handling (printed below).
Java frames: (J=compiled Java code, j=interpreted, Vv=VM code)
j  java.util.ServiceLoader$LazyClassPathLookupIterator.hasNextService()Z+15 java.base@21.0.2
j  java.util.ServiceLoader$LazyClassPathLookupIterator.hasNext()Z+11 java.base@21.0.2
j  java.util.ServiceLoader$2.hasNext()Z+16 java.base@21.0.2
j  java.util.ServiceLoader$3.hasNext()Z+32 java.base@21.0.2
j  jdk.internal.logger.BootstrapLogger$DetectBackend$1.run()Ljdk/internal/logger/BootstrapLogger$LoggingBackend;+13 java.base@21.0.2
j  jdk.internal.logger.BootstrapLogger$DetectBackend$1.run()Ljava/lang/Object;+1 java.base@21.0.2
j  java.security.AccessController.executePrivileged(Ljava/security/PrivilegedAction;Ljava/security/AccessControlContext;Ljava/lang/Class;)Ljava/lang/Object;+29 java.base@21.0.2
j  java.security.AccessController.doPrivileged(Ljava/security/PrivilegedAction;)Ljava/lang/Object;+5 java.base@21.0.2
j  jdk.internal.logger.BootstrapLogger$DetectBackend.<clinit>()V+7 java.base@21.0.2
v  ~StubRoutines::call_stub 0x0000023458e110e7
j  jdk.internal.logger.BootstrapLogger.useLazyLoggers()Z+6 java.base@21.0.2
j  jdk.internal.logger.LazyLoggers.getLazyLogger(Ljava/lang/String;Ljava/lang/Module;)Ljava/lang/System$Logger;+0 java.base@21.0.2
j  sun.util.logging.PlatformLogger.getLogger(Ljava/lang/String;)Lsun/util/logging/PlatformLogger;+41 java.base@21.0.2
j  java.awt.Component.<clinit>()V+19 java.desktop@21.0.2
v  ~StubRoutines::call_stub 0x0000023458e110e7
exception handling  [0x0000023458e1a900, 0x0000023458e1b550]  3152 bytes
[MachCode]
  0x0000023458e1a900: 48c7 45f0 | 0000 0000 | 4c8b 6dc0 | 4c8b 75c8 | 4e8d 74f5 | 004d 33e4 | 488b d048 | 8b65 b848 
  0x0000023458e1a920: c745 f000 | 0000 00e8 | 0500 0000 | e9a8 0000 | 0048 8d44 | 2408 4c89 | 6dc0 498b | cfc5 f877 
  0x0000023458e1a940: 4989 afa8 | 0300 0049 | 8987 9803 | 0000 4883 | ec20 40f6 | c40f 0f84 | 1900 0000 | 4883 ec08 
  0x0000023458e1a960: 48b8 1048 | 6f02 ff7f | 0000 ffd0 | 4883 c408 | e90c 0000 | 0048 b810 | 486f 02ff | 7f00 00ff 
  0x0000023458e1a980: d048 83c4 | 2049 c787 | 9803 0000 | 0000 0000 | 49c7 87a8 | 0300 0000 | 0000 0049 | c787 a003 
  0x0000023458e1a9a0: 0000 0000 | 0000 c5f8 | 7749 837f | 0800 0f84 | 0500 0000 | e947 65ff | ff49 8b97 | f003 0000 
  0x0000023458e1a9c0: 49c7 87f0 | 0300 0000 | 0000 004c | 8b6d c04c | 8b75 c84e | 8d74 f500 | c352 ffe0 | 488b 65b8 
  0x0000023458e1a9e0: 48c7 45f0 | 0000 0000 | 418b 972c | 0500 0083 | ca02 4189 | 972c 0500 | 0048 8b55 | 0848 8bca 
  0x0000023458e1aa00: 4883 ec20 | 40f6 c40f | 0f84 1900 | 0000 4883 | ec08 48b8 | c054 6f02 | ff7f 0000 | ffd0 4883 
  0x0000023458e1aa20: c408 e90c | 0000 0048 | b8c0 546f | 02ff 7f00 | 00ff d048 | 83c4 2085 | c00f 85c4 | 0200 0048 
  0x0000023458e1aa40: 8b45 e848 | 8b40 080f | b740 2ec1 | e003 4c8b | 75c8 4e8d | 74f5 004c | 2bf0 4983 | c608 4d8b 
  0x0000023458e1aa60: c648 8bd0 | 498b cf48 | 83ec 2040 | f6c4 0f0f | 8419 0000 | 0048 83ec | 0848 b810 | f55a 02ff 
  0x0000023458e1aa80: 7f00 00ff | d048 83c4 | 08e9 0c00 | 0000 48b8 | 10f5 5a02 | ff7f 0000 | ffd0 4883 | c420 493b 
  0x0000023458e1aaa0: af50 0400 | 000f 8705 | 0000 00e9 | 8000 0000 | c5f8 7749 | 89af a803 | 0000 49ba | b0aa e158 
  0x0000023458e1aac0: 3402 0000 | 4d89 97a0 | 0300 0049 | 89a7 9803 | 0000 498b | cf48 83ec | 2040 f6c4 | 0f0f 8419 
  0x0000023458e1aae0: 0000 0048 | 83ec 0848 | b800 446f | 02ff 7f00 | 00ff d048 | 83c4 08e9 | 0c00 0000 | 48b8 0044 
  0x0000023458e1ab00: 6f02 ff7f | 0000 ffd0 | 4883 c420 | 49c7 8798 | 0300 0000 | 0000 0049 | c787 a803 | 0000 0000 
  0x0000023458e1ab20: 0000 49c7 | 87a0 0300 | 0000 0000 | 00c5 f877 | 418a 9f79 | 0400 0041 | c687 7904 | 0000 0048 
  0x0000023458e1ab40: 8b4d e88b | 4928 f6c1 | 200f 8497 | 0000 00f6 | c3ff 0f85 | 2f01 0000 | 488d 55a8 | 488b 4208 
  0x0000023458e1ab60: 4885 c00f | 8505 0000 | 00e9 7800 | 0000 4c89 | 6dc0 488d | 024c 8b4a | 0848 c742 | 0800 0000 
  0x0000023458e1ab80: 004c 8b00 | 4d85 c00f | 840b 0000 | 00f0 4d0f | b101 0f85 | 0c00 0000 | 49ff 8f50 | 0500 00e9 
  0x0000023458e1aba0: 3e00 0000 | 4c89 4a08 | 488b ca48 | 83ec 2040 | f6c4 0f0f | 8419 0000 | 0048 83ec | 0848 b800 
  0x0000023458e1abc0: 5b6f 02ff | 7f00 00ff | d048 83c4 | 08e9 0c00 | 0000 48b8 | 005b 6f02 | ff7f 0000 | ffd0 4883 
  0x0000023458e1abe0: c420 4c8b | 6dc0 488b | 55b8 488d | 5db8 e98f | 0000 0048 | 8bd2 4c89 | 6dc0 488d | 024c 8b4a 
  0x0000023458e1ac00: 0848 c742 | 0800 0000 | 004c 8b00 | 4d85 c00f | 840b 0000 | 00f0 4d0f | b101 0f85 | 0c00 0000 
  0x0000023458e1ac20: 49ff 8f50 | 0500 00e9 | 3e00 0000 | 4c89 4a08 | 488b ca48 | 83ec 2040 | f6c4 0f0f | 8419 0000 
  0x0000023458e1ac40: 0048 83ec | 0848 b800 | 5b6f 02ff | 7f00 00ff | d048 83c4 | 08e9 0c00 | 0000 48b8 | 005b 6f02 
  0x0000023458e1ac60: ff7f 0000 | ffd0 4883 | c420 4c8b | 6dc0 e973 | ffff ff48 | 837a 0800 | 0f85 75ff | ffff 4883 
  0x0000023458e1ac80: c210 483b | d375 ec49 | baf9 45f4 | 02ff 7f00 | 0041 803a | 000f 843e | 0000 0048 | 8b55 e849 
  0x0000023458e1aca0: 8bcf 4883 | ec20 40f6 | c40f 0f84 | 1900 0000 | 4883 ec08 | 48b8 4009 | a502 ff7f | 0000 ffd0 
  0x0000023458e1acc0: 4883 c408 | e90c 0000 | 0048 b840 | 09a5 02ff | 7f00 00ff | d048 83c4 | 2048 8b5d | f8c9 5a48 
  0x0000023458e1ace0: 8be3 493b | a740 0500 | 0072 0b49 | c787 4005 | 0000 0000 | 0000 41c7 | 872c 0500 | 0004 0000 
  0x0000023458e1ad00: 00ff e249 | 3baf 5004 | 0000 0f87 | 0500 0000 | e980 0000 | 00c5 f877 | 4989 afa8 | 0300 0049 
  0x0000023458e1ad20: ba15 ade1 | 5834 0200 | 004d 8997 | a003 0000 | 4989 a798 | 0300 0049 | 8bcf 4883 | ec20 40f6 
  0x0000023458e1ad40: c40f 0f84 | 1900 0000 | 4883 ec08 | 48b8 0044 | 6f02 ff7f | 0000 ffd0 | 4883 c408 | e90c 0000 
  0x0000023458e1ad60: 0048 b800 | 446f 02ff | 7f00 00ff | d048 83c4 | 2049 c787 | 9803 0000 | 0000 0000 | 49c7 87a8 
  0x0000023458e1ad80: 0300 0000 | 0000 0049 | c787 a003 | 0000 0000 | 0000 c5f8 | 7741 8a9f | 7904 0000 | 41c6 8779 
  0x0000023458e1ada0: 0400 0000 | 488b 4de8 | 8b49 28f6 | c120 0f84 | 9700 0000 | f6c3 ff0f | 852f 0100 | 0048 8d55 
  0x0000023458e1adc0: a848 8b42 | 0848 85c0 | 0f85 0500 | 0000 e978 | 0000 004c | 896d c048 | 8d02 4c8b | 4a08 48c7 
  0x0000023458e1ade0: 4208 0000 | 0000 4c8b | 004d 85c0 | 0f84 0b00 | 0000 f04d | 0fb1 010f | 850c 0000 | 0049 ff8f 
  0x0000023458e1ae00: 5005 0000 | e93e 0000 | 004c 894a | 0848 8bca | 4883 ec20 | 40f6 c40f | 0f84 1900 | 0000 4883 
  0x0000023458e1ae20: ec08 48b8 | 005b 6f02 | ff7f 0000 | ffd0 4883 | c408 e90c | 0000 0048 | b800 5b6f | 02ff 7f00 
  0x0000023458e1ae40: 00ff d048 | 83c4 204c | 8b6d c048 | 8b55 b848 | 8d5d b8e9 | 8f00 0000 | 488b d24c | 896d c048 
  0x0000023458e1ae60: 8d02 4c8b | 4a08 48c7 | 4208 0000 | 0000 4c8b | 004d 85c0 | 0f84 0b00 | 0000 f04d | 0fb1 010f 
  0x0000023458e1ae80: 850c 0000 | 0049 ff8f | 5005 0000 | e93e 0000 | 004c 894a | 0848 8bca | 4883 ec20 | 40f6 c40f 
  0x0000023458e1aea0: 0f84 1900 | 0000 4883 | ec08 48b8 | 005b 6f02 | ff7f 0000 | ffd0 4883 | c408 e90c | 0000 0048 
  0x0000023458e1aec0: b800 5b6f | 02ff 7f00 | 00ff d048 | 83c4 204c | 8b6d c0e9 | 73ff ffff | 4883 7a08 | 000f 8575 
  0x0000023458e1aee0: ffff ff48 | 83c2 1048 | 3bd3 75ec | 49ba f945 | f402 ff7f | 0000 4180 | 3a00 0f84 | 3e00 0000 
  0x0000023458e1af00: 488b 55e8 | 498b cf48 | 83ec 2040 | f6c4 0f0f | 8419 0000 | 0048 83ec | 0848 b840 | 09a5 02ff 
  0x0000023458e1af20: 7f00 00ff | d048 83c4 | 08e9 0c00 | 0000 48b8 | 4009 a502 | ff7f 0000 | ffd0 4883 | c420 488b 
  0x0000023458e1af40: 5df8 c95a | 488b e349 | 3ba7 4005 | 0000 720b | 49c7 8740 | 0500 0000 | 0000 0048 | 8bd4 4c8b 
  0x0000023458e1af60: 45f0 c5f8 | 7749 89af | a803 0000 | 49ba 62af | e158 3402 | 0000 4d89 | 97a0 0300 | 0049 89a7 
  0x0000023458e1af80: 9803 0000 | 498b cf48 | 83ec 2040 | f6c4 0f0f | 8419 0000 | 0048 83ec | 0848 b8d0 | 616f 02ff 
  0x0000023458e1afa0: 7f00 00ff | d048 83c4 | 08e9 0c00 | 0000 48b8 | d061 6f02 | ff7f 0000 | ffd0 4883 | c420 49c7 
  0x0000023458e1afc0: 8798 0300 | 0000 0000 | 0049 c787 | a803 0000 | 0000 0000 | 49c7 87a0 | 0300 0000 | 0000 00c5 
  0x0000023458e1afe0: f877 488b | 65f0 48c7 | 45f0 0000 | 0000 4c8b | 6dc0 4c8b | 75c8 4e8d | 74f5 0050 | 5348 8b5d 
  0x0000023458e1b000: e848 8b43 | 1048 85c0 | 0f84 4b00 | 0000 498b | d548 8bcb | 4883 ec20 | 40f6 c40f | 0f84 1900 
  0x0000023458e1b020: 0000 4883 | ec08 48b8 | 1044 6f02 | ff7f 0000 | ffd0 4883 | c408 e90c | 0000 0048 | b810 446f 
  0x0000023458e1b040: 02ff 7f00 | 00ff d048 | 83c4 2048 | 8b5b 1048 | 81c3 0801 | 0000 4803 | c348 8945 | d85b 5841 
  0x0000023458e1b060: c787 2c05 | 0000 0000 | 0000 4180 | 7d00 b80f | 85ce 0000 | 0048 8b55 | e849 8b06 | e805 0000 
  0x0000023458e1b080: 00e9 b100 | 0000 4d8b | cd4c 8bc2 | 488b d048 | 8d44 2408 | 4c89 6dc0 | 498b cfc5 | f877 4989 
  0x0000023458e1b0a0: afa8 0300 | 0049 8987 | 9803 0000 | 4883 ec20 | 40f6 c40f | 0f84 1900 | 0000 4883 | ec08 48b8 
  0x0000023458e1b0c0: 3057 6f02 | ff7f 0000 | ffd0 4883 | c408 e90c | 0000 0048 | b830 576f | 02ff 7f00 | 00ff d048 
  0x0000023458e1b0e0: 83c4 2049 | c787 9803 | 0000 0000 | 0000 49c7 | 87a8 0300 | 0000 0000 | 0049 c787 | a003 0000 
  0x0000023458e1b100: 0000 0000 | c5f8 7749 | 837f 0800 | 0f84 0500 | 0000 e9e9 | 5dff ff49 | 8b87 f003 | 0000 49c7 
  0x0000023458e1b120: 87f0 0300 | 0000 0000 | 004c 8b6d | c04c 8b75 | c84e 8d74 | f500 c348 | 85c0 0f84 | 0300 0000 
  0x0000023458e1b140: 4889 0341 | 0fb6 5d00 | 49ba 000f | f702 ff7f | 0000 41ff | 24da 5849 | 8987 f003 | 0000 493b 
  0x0000023458e1b160: af50 0400 | 000f 8705 | 0000 00e9 | 8000 0000 | c5f8 7749 | 89af a803 | 0000 49ba | 70b1 e158 
  0x0000023458e1b180: 3402 0000 | 4d89 97a0 | 0300 0049 | 89a7 9803 | 0000 498b | cf48 83ec | 2040 f6c4 | 0f0f 8419 
  0x0000023458e1b1a0: 0000 0048 | 83ec 0848 | b800 446f | 02ff 7f00 | 00ff d048 | 83c4 08e9 | 0c00 0000 | 48b8 0044 
  0x0000023458e1b1c0: 6f02 ff7f | 0000 ffd0 | 4883 c420 | 49c7 8798 | 0300 0000 | 0000 0049 | c787 a803 | 0000 0000 
  0x0000023458e1b1e0: 0000 49c7 | 87a0 0300 | 0000 0000 | 00c5 f877 | 418a 9f79 | 0400 0041 | c687 7904 | 0000 0048 
  0x0000023458e1b200: 8b4d e88b | 4928 f6c1 | 200f 8437 | 0100 00f6 | c3ff 0f85 | 6f02 0000 | 488d 55a8 | 488b 4208 
  0x0000023458e1b220: 4885 c00f | 85a5 0000 | 00e8 0500 | 0000 e996 | 0000 0048 | 8d44 2408 | 4c89 6dc0 | 498b cfc5 
  0x0000023458e1b240: f877 4989 | afa8 0300 | 0049 8987 | 9803 0000 | 4883 ec20 | 40f6 c40f | 0f84 1900 | 0000 4883 
  0x0000023458e1b260: ec08 48b8 | 905e 6f02 | ff7f 0000 | ffd0 4883 | c408 e90c | 0000 0048 | b890 5e6f | 02ff 7f00 
  0x0000023458e1b280: 00ff d048 | 83c4 2049 | c787 9803 | 0000 0000 | 0000 49c7 | 87a8 0300 | 0000 0000 | 0049 c787 
  0x0000023458e1b2a0: a003 0000 | 0000 0000 | c5f8 7749 | 837f 0800 | 0f84 0500 | 0000 e945 | 5cff ff4c | 8b6d c04c 
  0x0000023458e1b2c0: 8b75 c84e | 8d74 f500 | c3e9 7800 | 0000 4c89 | 6dc0 488d | 024c 8b4a | 0848 c742 | 0800 0000 
  0x0000023458e1b2e0: 004c 8b00 | 4d85 c00f | 840b 0000 | 00f0 4d0f | b101 0f85 | 0c00 0000 | 49ff 8f50 | 0500 00e9 
  0x0000023458e1b300: 3e00 0000 | 4c89 4a08 | 488b ca48 | 83ec 2040 | f6c4 0f0f | 8419 0000 | 0048 83ec | 0848 b800 
  0x0000023458e1b320: 5b6f 02ff | 7f00 00ff | d048 83c4 | 08e9 0c00 | 0000 48b8 | 005b 6f02 | ff7f 0000 | ffd0 4883 
  0x0000023458e1b340: c420 4c8b | 6dc0 488b | 55b8 488d | 5db8 e92f | 0100 0048 | 8bd2 4c89 | 6dc0 488d | 024c 8b4a 
  0x0000023458e1b360: 0848 c742 | 0800 0000 | 004c 8b00 | 4d85 c00f | 840b 0000 | 00f0 4d0f | b101 0f85 | 0c00 0000 
  0x0000023458e1b380: 49ff 8f50 | 0500 00e9 | 3e00 0000 | 4c89 4a08 | 488b ca48 | 83ec 2040 | f6c4 0f0f | 8419 0000 
  0x0000023458e1b3a0: 0048 83ec | 0848 b800 | 5b6f 02ff | 7f00 00ff | d048 83c4 | 08e9 0c00 | 0000 48b8 | 005b 6f02 
  0x0000023458e1b3c0: ff7f 0000 | ffd0 4883 | c420 4c8b | 6dc0 e805 | 0000 00e9 | 9600 0000 | 488d 4424 | 084c 896d 
  0x0000023458e1b3e0: c049 8bcf | c5f8 7749 | 89af a803 | 0000 4989 | 8798 0300 | 0048 83ec | 2040 f6c4 | 0f0f 8419 
  0x0000023458e1b400: 0000 0048 | 83ec 0848 | b890 5e6f | 02ff 7f00 | 00ff d048 | 83c4 08e9 | 0c00 0000 | 48b8 905e 
  0x0000023458e1b420: 6f02 ff7f | 0000 ffd0 | 4883 c420 | 49c7 8798 | 0300 0000 | 0000 0049 | c787 a803 | 0000 0000 
  0x0000023458e1b440: 0000 49c7 | 87a0 0300 | 0000 0000 | 00c5 f877 | 4983 7f08 | 000f 8405 | 0000 00e9 | a05a ffff 
  0x0000023458e1b460: 4c8b 6dc0 | 4c8b 75c8 | 4e8d 74f5 | 00c3 e9d3 | feff ff48 | 837a 0800 | 0f85 d5fe | ffff 4883 
  0x0000023458e1b480: c210 483b | d375 ec49 | baf9 45f4 | 02ff 7f00 | 0041 803a | 000f 843e | 0000 0048 | 8b55 e849 
  0x0000023458e1b4a0: 8bcf 4883 | ec20 40f6 | c40f 0f84 | 1900 0000 | 4883 ec08 | 48b8 4009 | a502 ff7f | 0000 ffd0 
  0x0000023458e1b4c0: 4883 c408 | e90c 0000 | 0048 b840 | 09a5 02ff | 7f00 00ff | d048 83c4 | 2048 8b5d | f8c9 5a48 
  0x0000023458e1b4e0: 8be3 493b | a740 0500 | 0072 0b49 | c787 4005 | 0000 0000 | 0000 498b | 87f0 0300 | 0049 c787 
  0x0000023458e1b500: f003 0000 | 0000 0000 | 5052 498b | cf48 83ec | 2040 f6c4 | 0f0f 8419 | 0000 0048 | 83ec 0848 
  0x0000023458e1b520: b800 0aa5 | 02ff 7f00 | 00ff d048 | 83c4 08e9 | 0c00 0000 | 48b8 000a | a502 ff7f | 0000 ffd0 
  0x0000023458e1b540: 4883 c420 | 488b d85a | 58ff e30f | 1f44 0000 
[/MachCode]

---------------  P R O C E S S  ---------------

Threads class SMR info:
_java_thread_list=0x000002346a19ab50, length=12, elements={
0x000002344947f750, 0x0000023465d56e60, 0x0000023465d585a0, 0x0000023465d5d390,
0x0000023465d60e10, 0x0000023465d63c90, 0x0000023465d66810, 0x0000023465d69490,
0x0000023465d6daa0, 0x0000023465d65af0, 0x0000023465d66ea0, 0x000002346a208b40
}

Java Threads: ( => current thread )
=>0x000002344947f750 JavaThread "main"                              [_thread_in_vm, id=20396, stack(0x000000e68a100000,0x000000e68a200000) (1024K)]
  0x0000023465d56e60 JavaThread "Reference Handler"          daemon [_thread_blocked, id=17188, stack(0x000000e68a900000,0x000000e68aa00000) (1024K)]
  0x0000023465d585a0 JavaThread "Finalizer"                  daemon [_thread_blocked, id=11204, stack(0x000000e68aa00000,0x000000e68ab00000) (1024K)]
  0x0000023465d5d390 JavaThread "Signal Dispatcher"          daemon [_thread_blocked, id=13988, stack(0x000000e68ab00000,0x000000e68ac00000) (1024K)]
  0x0000023465d60e10 JavaThread "Attach Listener"            daemon [_thread_blocked, id=17952, stack(0x000000e68ac00000,0x000000e68ad00000) (1024K)]
  0x0000023465d63c90 JavaThread "Service Thread"             daemon [_thread_blocked, id=7320, stack(0x000000e68ad00000,0x000000e68ae00000) (1024K)]
  0x0000023465d66810 JavaThread "Monitor Deflation Thread"   daemon [_thread_blocked, id=18956, stack(0x000000e68ae00000,0x000000e68af00000) (1024K)]
  0x0000023465d69490 JavaThread "C2 CompilerThread0"         daemon [_thread_blocked, id=17336, stack(0x000000e68af00000,0x000000e68b000000) (1024K)]
  0x0000023465d6daa0 JavaThread "C1 CompilerThread0"         daemon [_thread_blocked, id=13920, stack(0x000000e68b000000,0x000000e68b100000) (1024K)]
  0x0000023465d65af0 JavaThread "Notification Thread"        daemon [_thread_blocked, id=10444, stack(0x000000e68b100000,0x000000e68b200000) (1024K)]
  0x0000023465d66ea0 JavaThread "Common-Cleaner"             daemon [_thread_blocked, id=20212, stack(0x000000e68b200000,0x000000e68b300000) (1024K)]
  0x000002346a208b40 JavaThread "C2 CompilerThread1"         daemon [_thread_blocked, id=9752, stack(0x000000e68b300000,0x000000e68b400000) (1024K)]
Total: 12

Other Threads:
  0x0000023465d38f50 VMThread "VM Thread"                           [id=12320, stack(0x000000e68a800000,0x000000e68a900000) (1024K)]
  0x0000023465d1fc80 WatcherThread "VM Periodic Task Thread"        [id=10204, stack(0x000000e68a700000,0x000000e68a800000) (1024K)]
  0x00000234494d6850 WorkerThread "GC Thread#0"                     [id=13076, stack(0x000000e68a200000,0x000000e68a300000) (1024K)]
  0x00000234494e7a80 ConcurrentGCThread "G1 Main Marker"            [id=15092, stack(0x000000e68a300000,0x000000e68a400000) (1024K)]
  0x00000234494e8730 WorkerThread "G1 Conc#0"                       [id=19300, stack(0x000000e68a400000,0x000000e68a500000) (1024K)]
  0x000002344953e090 ConcurrentGCThread "G1 Refine#0"               [id=8512, stack(0x000000e68a500000,0x000000e68a600000) (1024K)]
  0x000002344953eb10 ConcurrentGCThread "G1 Service"                [id=4680, stack(0x000000e68a600000,0x000000e68a700000) (1024K)]
Total: 7

Threads with active compile tasks:
Total: 0

VM state: not at safepoint (normal execution)

VM Mutex/Monitor currently owned by a thread: None

OutOfMemory and StackOverflow Exception counts:
OutOfMemoryError java_heap_errors=1

Heap address: 0x0000000083200000, size: 1998 MB, Compressed Oops mode: 32-bit

CDS archive(s) mapped at: [0x0000023400000000-0x0000023400c90000-0x0000023400c90000), size 13172736, SharedBaseAddress: 0x0000023400000000, ArchiveRelocationMode: 1.
Compressed class space mapped at: 0x0000023401000000-0x0000023441000000, reserved size: 1073741824
Narrow klass base: 0x0000023400000000, Narrow klass shift: 0, Narrow klass range: 0x100000000

GC Precious Log:
 CardTable entry size: 512
 Card Set container configuration: InlinePtr #cards 5 size 8 Array Of Cards #cards 12 size 40 Howl #buckets 4 coarsen threshold 1843 Howl Bitmap #cards 512 size 80 coarsen threshold 460 Card regions per heap region 1 cards per card region 2048
 CPUs: 8 total, 8 available
 Memory: 7987M
 Large Page Support: Disabled
 NUMA Support: Disabled
 Compressed Oops: Enabled (32-bit)
 Heap Region Size: 1M
 Heap Min Capacity: 8M
 Heap Initial Capacity: 126M
 Heap Max Capacity: 1998M
 Pre-touch: Disabled
 Parallel Workers: 8
 Concurrent Workers: 2
 Concurrent Refinement Workers: 8
 Periodic GC: Disabled

Heap:
 garbage-first heap   total 129024K, used 7168K [0x0000000083200000, 0x0000000100000000)
  region size 1024K, 5 young (5120K), 0 survivors (0K)
 Metaspace       used 864K, committed 1024K, reserved 1114112K
  class space    used 71K, committed 128K, reserved 1048576K

Heap Regions: E=young(eden), S=young(survivor), O=old, HS=humongous(starts), HC=humongous(continues), CS=collection set, F=free, TAMS=top-at-mark-start, PB=parsable bottom
|   0|0x0000000083200000, 0x0000000083300000, 0x0000000083300000|100%|HS|  |TAMS 0x0000000083200000| PB 0x0000000083200000| Complete 
|   1|0x0000000083300000, 0x0000000083400000, 0x0000000083400000|100%|HC|  |TAMS 0x0000000083300000| PB 0x0000000083300000| Complete 
|   2|0x0000000083400000, 0x0000000083500000, 0x0000000083500000|100%|HS|  |TAMS 0x0000000083400000| PB 0x0000000083400000| Complete 
|   3|0x0000000083500000, 0x0000000083500000, 0x0000000083600000|  0%| F|  |TAMS 0x0000000083500000| PB 0x0000000083500000| Untracked 
|   4|0x0000000083600000, 0x0000000083600000, 0x0000000083700000|  0%| F|  |TAMS 0x0000000083600000| PB 0x0000000083600000| Untracked 
|   5|0x0000000083700000, 0x0000000083700000, 0x0000000083800000|  0%| F|  |TAMS 0x0000000083700000| PB 0x0000000083700000| Untracked 
|   6|0x0000000083800000, 0x0000000083800000, 0x0000000083900000|  0%| F|  |TAMS 0x0000000083800000| PB 0x0000000083800000| Untracked 
|   7|0x0000000083900000, 0x0000000083900000, 0x0000000083a00000|  0%| F|  |TAMS 0x0000000083900000| PB 0x0000000083900000| Untracked 
|   8|0x0000000083a00000, 0x0000000083a00000, 0x0000000083b00000|  0%| F|  |TAMS 0x0000000083a00000| PB 0x0000000083a00000| Untracked 
|   9|0x0000000083b00000, 0x0000000083b00000, 0x0000000083c00000|  0%| F|  |TAMS 0x0000000083b00000| PB 0x0000000083b00000| Untracked 
|  10|0x0000000083c00000, 0x0000000083c00000, 0x0000000083d00000|  0%| F|  |TAMS 0x0000000083c00000| PB 0x0000000083c00000| Untracked 
|  11|0x0000000083d00000, 0x0000000083d00000, 0x0000000083e00000|  0%| F|  |TAMS 0x0000000083d00000| PB 0x0000000083d00000| Untracked 
|  12|0x0000000083e00000, 0x0000000083e00000, 0x0000000083f00000|  0%| F|  |TAMS 0x0000000083e00000| PB 0x0000000083e00000| Untracked 
|  13|0x0000000083f00000, 0x0000000083f00000, 0x0000000084000000|  0%| F|  |TAMS 0x0000000083f00000| PB 0x0000000083f00000| Untracked 
|  14|0x0000000084000000, 0x0000000084000000, 0x0000000084100000|  0%| F|  |TAMS 0x0000000084000000| PB 0x0000000084000000| Untracked 
|  15|0x0000000084100000, 0x0000000084100000, 0x0000000084200000|  0%| F|  |TAMS 0x0000000084100000| PB 0x0000000084100000| Untracked 
|  16|0x0000000084200000, 0x0000000084200000, 0x0000000084300000|  0%| F|  |TAMS 0x0000000084200000| PB 0x0000000084200000| Untracked 
|  17|0x0000000084300000, 0x0000000084300000, 0x0000000084400000|  0%| F|  |TAMS 0x0000000084300000| PB 0x0000000084300000| Untracked 
|  18|0x0000000084400000, 0x0000000084400000, 0x0000000084500000|  0%| F|  |TAMS 0x0000000084400000| PB 0x0000000084400000| Untracked 
|  19|0x0000000084500000, 0x0000000084500000, 0x0000000084600000|  0%| F|  |TAMS 0x0000000084500000| PB 0x0000000084500000| Untracked 
|  20|0x0000000084600000, 0x0000000084600000, 0x0000000084700000|  0%| F|  |TAMS 0x0000000084600000| PB 0x0000000084600000| Untracked 
|  21|0x0000000084700000, 0x0000000084700000, 0x0000000084800000|  0%| F|  |TAMS 0x0000000084700000| PB 0x0000000084700000| Untracked 
|  22|0x0000000084800000, 0x0000000084800000, 0x0000000084900000|  0%| F|  |TAMS 0x0000000084800000| PB 0x0000000084800000| Untracked 
|  23|0x0000000084900000, 0x0000000084900000, 0x0000000084a00000|  0%| F|  |TAMS 0x0000000084900000| PB 0x0000000084900000| Untracked 
|  24|0x0000000084a00000, 0x0000000084a00000, 0x0000000084b00000|  0%| F|  |TAMS 0x0000000084a00000| PB 0x0000000084a00000| Untracked 
|  25|0x0000000084b00000, 0x0000000084b00000, 0x0000000084c00000|  0%| F|  |TAMS 0x0000000084b00000| PB 0x0000000084b00000| Untracked 
|  26|0x0000000084c00000, 0x0000000084c00000, 0x0000000084d00000|  0%| F|  |TAMS 0x0000000084c00000| PB 0x0000000084c00000| Untracked 
|  27|0x0000000084d00000, 0x0000000084d00000, 0x0000000084e00000|  0%| F|  |TAMS 0x0000000084d00000| PB 0x0000000084d00000| Untracked 
|  28|0x0000000084e00000, 0x0000000084e00000, 0x0000000084f00000|  0%| F|  |TAMS 0x0000000084e00000| PB 0x0000000084e00000| Untracked 
|  29|0x0000000084f00000, 0x0000000084f00000, 0x0000000085000000|  0%| F|  |TAMS 0x0000000084f00000| PB 0x0000000084f00000| Untracked 
|  30|0x0000000085000000, 0x0000000085000000, 0x0000000085100000|  0%| F|  |TAMS 0x0000000085000000| PB 0x0000000085000000| Untracked 
|  31|0x0000000085100000, 0x0000000085100000, 0x0000000085200000|  0%| F|  |TAMS 0x0000000085100000| PB 0x0000000085100000| Untracked 
|  32|0x0000000085200000, 0x0000000085200000, 0x0000000085300000|  0%| F|  |TAMS 0x0000000085200000| PB 0x0000000085200000| Untracked 
|  33|0x0000000085300000, 0x0000000085300000, 0x0000000085400000|  0%| F|  |TAMS 0x0000000085300000| PB 0x0000000085300000| Untracked 
|  34|0x0000000085400000, 0x0000000085400000, 0x0000000085500000|  0%| F|  |TAMS 0x0000000085400000| PB 0x0000000085400000| Untracked 
|  35|0x0000000085500000, 0x0000000085500000, 0x0000000085600000|  0%| F|  |TAMS 0x0000000085500000| PB 0x0000000085500000| Untracked 
|  36|0x0000000085600000, 0x0000000085600000, 0x0000000085700000|  0%| F|  |TAMS 0x0000000085600000| PB 0x0000000085600000| Untracked 
|  37|0x0000000085700000, 0x0000000085700000, 0x0000000085800000|  0%| F|  |TAMS 0x0000000085700000| PB 0x0000000085700000| Untracked 
|  38|0x0000000085800000, 0x0000000085800000, 0x0000000085900000|  0%| F|  |TAMS 0x0000000085800000| PB 0x0000000085800000| Untracked 
|  39|0x0000000085900000, 0x0000000085900000, 0x0000000085a00000|  0%| F|  |TAMS 0x0000000085900000| PB 0x0000000085900000| Untracked 
|  40|0x0000000085a00000, 0x0000000085a00000, 0x0000000085b00000|  0%| F|  |TAMS 0x0000000085a00000| PB 0x0000000085a00000| Untracked 
|  41|0x0000000085b00000, 0x0000000085b00000, 0x0000000085c00000|  0%| F|  |TAMS 0x0000000085b00000| PB 0x0000000085b00000| Untracked 
|  42|0x0000000085c00000, 0x0000000085c00000, 0x0000000085d00000|  0%| F|  |TAMS 0x0000000085c00000| PB 0x0000000085c00000| Untracked 
|  43|0x0000000085d00000, 0x0000000085d00000, 0x0000000085e00000|  0%| F|  |TAMS 0x0000000085d00000| PB 0x0000000085d00000| Untracked 
|  44|0x0000000085e00000, 0x0000000085e00000, 0x0000000085f00000|  0%| F|  |TAMS 0x0000000085e00000| PB 0x0000000085e00000| Untracked 
|  45|0x0000000085f00000, 0x0000000085f00000, 0x0000000086000000|  0%| F|  |TAMS 0x0000000085f00000| PB 0x0000000085f00000| Untracked 
|  46|0x0000000086000000, 0x0000000086000000, 0x0000000086100000|  0%| F|  |TAMS 0x0000000086000000| PB 0x0000000086000000| Untracked 
|  47|0x0000000086100000, 0x0000000086100000, 0x0000000086200000|  0%| F|  |TAMS 0x0000000086100000| PB 0x0000000086100000| Untracked 
|  48|0x0000000086200000, 0x0000000086200000, 0x0000000086300000|  0%| F|  |TAMS 0x0000000086200000| PB 0x0000000086200000| Untracked 
|  49|0x0000000086300000, 0x0000000086300000, 0x0000000086400000|  0%| F|  |TAMS 0x0000000086300000| PB 0x0000000086300000| Untracked 
|  50|0x0000000086400000, 0x0000000086400000, 0x0000000086500000|  0%| F|  |TAMS 0x0000000086400000| PB 0x0000000086400000| Untracked 
|  51|0x0000000086500000, 0x0000000086500000, 0x0000000086600000|  0%| F|  |TAMS 0x0000000086500000| PB 0x0000000086500000| Untracked 
|  52|0x0000000086600000, 0x0000000086600000, 0x0000000086700000|  0%| F|  |TAMS 0x0000000086600000| PB 0x0000000086600000| Untracked 
|  53|0x0000000086700000, 0x0000000086700000, 0x0000000086800000|  0%| F|  |TAMS 0x0000000086700000| PB 0x0000000086700000| Untracked 
|  54|0x0000000086800000, 0x0000000086800000, 0x0000000086900000|  0%| F|  |TAMS 0x0000000086800000| PB 0x0000000086800000| Untracked 
|  55|0x0000000086900000, 0x0000000086900000, 0x0000000086a00000|  0%| F|  |TAMS 0x0000000086900000| PB 0x0000000086900000| Untracked 
|  56|0x0000000086a00000, 0x0000000086a00000, 0x0000000086b00000|  0%| F|  |TAMS 0x0000000086a00000| PB 0x0000000086a00000| Untracked 
|  57|0x0000000086b00000, 0x0000000086b00000, 0x0000000086c00000|  0%| F|  |TAMS 0x0000000086b00000| PB 0x0000000086b00000| Untracked 
|  58|0x0000000086c00000, 0x0000000086c00000, 0x0000000086d00000|  0%| F|  |TAMS 0x0000000086c00000| PB 0x0000000086c00000| Untracked 
|  59|0x0000000086d00000, 0x0000000086d00000, 0x0000000086e00000|  0%| F|  |TAMS 0x0000000086d00000| PB 0x0000000086d00000| Untracked 
|  60|0x0000000086e00000, 0x0000000086e00000, 0x0000000086f00000|  0%| F|  |TAMS 0x0000000086e00000| PB 0x0000000086e00000| Untracked 
|  61|0x0000000086f00000, 0x0000000086f00000, 0x0000000087000000|  0%| F|  |TAMS 0x0000000086f00000| PB 0x0000000086f00000| Untracked 
|  62|0x0000000087000000, 0x0000000087000000, 0x0000000087100000|  0%| F|  |TAMS 0x0000000087000000| PB 0x0000000087000000| Untracked 
|  63|0x0000000087100000, 0x0000000087100000, 0x0000000087200000|  0%| F|  |TAMS 0x0000000087100000| PB 0x0000000087100000| Untracked 
|  64|0x0000000087200000, 0x0000000087200000, 0x0000000087300000|  0%| F|  |TAMS 0x0000000087200000| PB 0x0000000087200000| Untracked 
|  65|0x0000000087300000, 0x0000000087300000, 0x0000000087400000|  0%| F|  |TAMS 0x0000000087300000| PB 0x0000000087300000| Untracked 
|  66|0x0000000087400000, 0x0000000087400000, 0x0000000087500000|  0%| F|  |TAMS 0x0000000087400000| PB 0x0000000087400000| Untracked 
|  67|0x0000000087500000, 0x0000000087500000, 0x0000000087600000|  0%| F|  |TAMS 0x0000000087500000| PB 0x0000000087500000| Untracked 
|  68|0x0000000087600000, 0x0000000087600000, 0x0000000087700000|  0%| F|  |TAMS 0x0000000087600000| PB 0x0000000087600000| Untracked 
|  69|0x0000000087700000, 0x0000000087700000, 0x0000000087800000|  0%| F|  |TAMS 0x0000000087700000| PB 0x0000000087700000| Untracked 
|  70|0x0000000087800000, 0x0000000087800000, 0x0000000087900000|  0%| F|  |TAMS 0x0000000087800000| PB 0x0000000087800000| Untracked 
|  71|0x0000000087900000, 0x0000000087900000, 0x0000000087a00000|  0%| F|  |TAMS 0x0000000087900000| PB 0x0000000087900000| Untracked 
|  72|0x0000000087a00000, 0x0000000087a00000, 0x0000000087b00000|  0%| F|  |TAMS 0x0000000087a00000| PB 0x0000000087a00000| Untracked 
|  73|0x0000000087b00000, 0x0000000087b00000, 0x0000000087c00000|  0%| F|  |TAMS 0x0000000087b00000| PB 0x0000000087b00000| Untracked 
|  74|0x0000000087c00000, 0x0000000087c00000, 0x0000000087d00000|  0%| F|  |TAMS 0x0000000087c00000| PB 0x0000000087c00000| Untracked 
|  75|0x0000000087d00000, 0x0000000087d00000, 0x0000000087e00000|  0%| F|  |TAMS 0x0000000087d00000| PB 0x0000000087d00000| Untracked 
|  76|0x0000000087e00000, 0x0000000087e00000, 0x0000000087f00000|  0%| F|  |TAMS 0x0000000087e00000| PB 0x0000000087e00000| Untracked 
|  77|0x0000000087f00000, 0x0000000087f00000, 0x0000000088000000|  0%| F|  |TAMS 0x0000000087f00000| PB 0x0000000087f00000| Untracked 
|  78|0x0000000088000000, 0x0000000088000000, 0x0000000088100000|  0%| F|  |TAMS 0x0000000088000000| PB 0x0000000088000000| Untracked 
|  79|0x0000000088100000, 0x0000000088100000, 0x0000000088200000|  0%| F|  |TAMS 0x0000000088100000| PB 0x0000000088100000| Untracked 
|  80|0x0000000088200000, 0x0000000088200000, 0x0000000088300000|  0%| F|  |TAMS 0x0000000088200000| PB 0x0000000088200000| Untracked 
|  81|0x0000000088300000, 0x0000000088300000, 0x0000000088400000|  0%| F|  |TAMS 0x0000000088300000| PB 0x0000000088300000| Untracked 
|  82|0x0000000088400000, 0x0000000088400000, 0x0000000088500000|  0%| F|  |TAMS 0x0000000088400000| PB 0x0000000088400000| Untracked 
|  83|0x0000000088500000, 0x0000000088500000, 0x0000000088600000|  0%| F|  |TAMS 0x0000000088500000| PB 0x0000000088500000| Untracked 
|  84|0x0000000088600000, 0x0000000088600000, 0x0000000088700000|  0%| F|  |TAMS 0x0000000088600000| PB 0x0000000088600000| Untracked 
|  85|0x0000000088700000, 0x0000000088700000, 0x0000000088800000|  0%| F|  |TAMS 0x0000000088700000| PB 0x0000000088700000| Untracked 
|  86|0x0000000088800000, 0x0000000088800000, 0x0000000088900000|  0%| F|  |TAMS 0x0000000088800000| PB 0x0000000088800000| Untracked 
|  87|0x0000000088900000, 0x0000000088900000, 0x0000000088a00000|  0%| F|  |TAMS 0x0000000088900000| PB 0x0000000088900000| Untracked 
|  88|0x0000000088a00000, 0x0000000088a00000, 0x0000000088b00000|  0%| F|  |TAMS 0x0000000088a00000| PB 0x0000000088a00000| Untracked 
|  89|0x0000000088b00000, 0x0000000088b00000, 0x0000000088c00000|  0%| F|  |TAMS 0x0000000088b00000| PB 0x0000000088b00000| Untracked 
|  90|0x0000000088c00000, 0x0000000088c00000, 0x0000000088d00000|  0%| F|  |TAMS 0x0000000088c00000| PB 0x0000000088c00000| Untracked 
|  91|0x0000000088d00000, 0x0000000088d00000, 0x0000000088e00000|  0%| F|  |TAMS 0x0000000088d00000| PB 0x0000000088d00000| Untracked 
|  92|0x0000000088e00000, 0x0000000088e00000, 0x0000000088f00000|  0%| F|  |TAMS 0x0000000088e00000| PB 0x0000000088e00000| Untracked 
|  93|0x0000000088f00000, 0x0000000088f00000, 0x0000000089000000|  0%| F|  |TAMS 0x0000000088f00000| PB 0x0000000088f00000| Untracked 
|  94|0x0000000089000000, 0x0000000089000000, 0x0000000089100000|  0%| F|  |TAMS 0x0000000089000000| PB 0x0000000089000000| Untracked 
|  95|0x0000000089100000, 0x0000000089100000, 0x0000000089200000|  0%| F|  |TAMS 0x0000000089100000| PB 0x0000000089100000| Untracked 
|  96|0x0000000089200000, 0x0000000089200000, 0x0000000089300000|  0%| F|  |TAMS 0x0000000089200000| PB 0x0000000089200000| Untracked 
|  97|0x0000000089300000, 0x0000000089300000, 0x0000000089400000|  0%| F|  |TAMS 0x0000000089300000| PB 0x0000000089300000| Untracked 
|  98|0x0000000089400000, 0x0000000089400000, 0x0000000089500000|  0%| F|  |TAMS 0x0000000089400000| PB 0x0000000089400000| Untracked 
|  99|0x0000000089500000, 0x0000000089500000, 0x0000000089600000|  0%| F|  |TAMS 0x0000000089500000| PB 0x0000000089500000| Untracked 
| 100|0x0000000089600000, 0x0000000089600000, 0x0000000089700000|  0%| F|  |TAMS 0x0000000089600000| PB 0x0000000089600000| Untracked 
| 101|0x0000000089700000, 0x0000000089700000, 0x0000000089800000|  0%| F|  |TAMS 0x0000000089700000| PB 0x0000000089700000| Untracked 
| 102|0x0000000089800000, 0x0000000089800000, 0x0000000089900000|  0%| F|  |TAMS 0x0000000089800000| PB 0x0000000089800000| Untracked 
| 103|0x0000000089900000, 0x0000000089900000, 0x0000000089a00000|  0%| F|  |TAMS 0x0000000089900000| PB 0x0000000089900000| Untracked 
| 104|0x0000000089a00000, 0x0000000089a00000, 0x0000000089b00000|  0%| F|  |TAMS 0x0000000089a00000| PB 0x0000000089a00000| Untracked 
| 105|0x0000000089b00000, 0x0000000089b00000, 0x0000000089c00000|  0%| F|  |TAMS 0x0000000089b00000| PB 0x0000000089b00000| Untracked 
| 106|0x0000000089c00000, 0x0000000089c00000, 0x0000000089d00000|  0%| F|  |TAMS 0x0000000089c00000| PB 0x0000000089c00000| Untracked 
| 107|0x0000000089d00000, 0x0000000089d00000, 0x0000000089e00000|  0%| F|  |TAMS 0x0000000089d00000| PB 0x0000000089d00000| Untracked 
| 108|0x0000000089e00000, 0x0000000089e00000, 0x0000000089f00000|  0%| F|  |TAMS 0x0000000089e00000| PB 0x0000000089e00000| Untracked 
| 109|0x0000000089f00000, 0x0000000089f00000, 0x000000008a000000|  0%| F|  |TAMS 0x0000000089f00000| PB 0x0000000089f00000| Untracked 
| 110|0x000000008a000000, 0x000000008a000000, 0x000000008a100000|  0%| F|  |TAMS 0x000000008a000000| PB 0x000000008a000000| Untracked 
| 111|0x000000008a100000, 0x000000008a100000, 0x000000008a200000|  0%| F|  |TAMS 0x000000008a100000| PB 0x000000008a100000| Untracked 
| 112|0x000000008a200000, 0x000000008a200000, 0x000000008a300000|  0%| F|  |TAMS 0x000000008a200000| PB 0x000000008a200000| Untracked 
| 113|0x000000008a300000, 0x000000008a300000, 0x000000008a400000|  0%| F|  |TAMS 0x000000008a300000| PB 0x000000008a300000| Untracked 
| 114|0x000000008a400000, 0x000000008a400000, 0x000000008a500000|  0%| F|  |TAMS 0x000000008a400000| PB 0x000000008a400000| Untracked 
| 115|0x000000008a500000, 0x000000008a500000, 0x000000008a600000|  0%| F|  |TAMS 0x000000008a500000| PB 0x000000008a500000| Untracked 
| 116|0x000000008a600000, 0x000000008a600000, 0x000000008a700000|  0%| F|  |TAMS 0x000000008a600000| PB 0x000000008a600000| Untracked 
| 117|0x000000008a700000, 0x000000008a700000, 0x000000008a800000|  0%| F|  |TAMS 0x000000008a700000| PB 0x000000008a700000| Untracked 
| 118|0x000000008a800000, 0x000000008a800000, 0x000000008a900000|  0%| F|  |TAMS 0x000000008a800000| PB 0x000000008a800000| Untracked 
| 119|0x000000008a900000, 0x000000008a900000, 0x000000008aa00000|  0%| F|  |TAMS 0x000000008a900000| PB 0x000000008a900000| Untracked 
| 120|0x000000008aa00000, 0x000000008aa00000, 0x000000008ab00000|  0%| F|  |TAMS 0x000000008aa00000| PB 0x000000008aa00000| Untracked 
| 121|0x000000008ab00000, 0x000000008ac00000, 0x000000008ac00000|100%| E|  |TAMS 0x000000008ab00000| PB 0x000000008ab00000| Complete 
| 122|0x000000008ac00000, 0x000000008ad00000, 0x000000008ad00000|100%| E|CS|TAMS 0x000000008ac00000| PB 0x000000008ac00000| Complete 
| 123|0x000000008ad00000, 0x000000008ae00000, 0x000000008ae00000|100%| E|CS|TAMS 0x000000008ad00000| PB 0x000000008ad00000| Complete 
| 124|0x000000008ae00000, 0x000000008af00000, 0x000000008af00000|100%| E|CS|TAMS 0x000000008ae00000| PB 0x000000008ae00000| Complete 
| 125|0x000000008af00000, 0x000000008b000000, 0x000000008b000000|100%| E|CS|TAMS 0x000000008af00000| PB 0x000000008af00000| Complete 

Card table byte_map: [0x0000023461000000,0x00000234613f0000] _byte_map_base: 0x0000023460be7000

Marking Bits: (CMBitMap*) 0x00000234494d7760
 Bits: [0x00000234613f0000, 0x0000023463328000)

Polling page: 0x0000023447440000

Metaspace:

Usage:
  Non-class:    793.40 KB used.
      Class:     71.45 KB used.
       Both:    864.85 KB used.

Virtual space:
  Non-class space:       64.00 MB reserved,     896.00 KB (  1%) committed,  1 nodes.
      Class space:        1.00 GB reserved,     128.00 KB ( <1%) committed,  1 nodes.
             Both:        1.06 GB reserved,       1.00 MB ( <1%) committed. 

Chunk freelists:
   Non-Class:  11.98 MB
       Class:  15.73 MB
        Both:  27.71 MB

MaxMetaspaceSize: unlimited
CompressedClassSpaceSize: 1.00 GB
Initial GC threshold: 21.00 MB
Current GC threshold: 21.00 MB
CDS: on
 - commit_granule_bytes: 65536.
 - commit_granule_words: 8192.
 - virtual_space_node_default_size: 8388608.
 - enlarge_chunks_in_place: 1.
 - use_allocation_guard: 0.


Internal statistics:

num_allocs_failed_limit: 0.
num_arena_births: 6.
num_arena_deaths: 0.
num_vsnodes_births: 2.
num_vsnodes_deaths: 0.
num_space_committed: 16.
num_space_uncommitted: 0.
num_chunks_returned_to_freelist: 0.
num_chunks_taken_from_freelist: 9.
num_chunk_merges: 0.
num_chunk_splits: 6.
num_chunks_enlarged: 3.
num_inconsistent_stats: 0.

CodeHeap 'non-profiled nmethods': size=120000Kb used=64Kb max_used=64Kb free=119935Kb
 bounds [0x00000234593b0000, 0x0000023459620000, 0x00000234608e0000]
CodeHeap 'profiled nmethods': size=120000Kb used=267Kb max_used=267Kb free=119732Kb
 bounds [0x00000234518e0000, 0x0000023451b50000, 0x0000023458e10000]
CodeHeap 'non-nmethods': size=5760Kb used=1396Kb max_used=1411Kb free=4363Kb
 bounds [0x0000023458e10000, 0x0000023459080000, 0x00000234593b0000]
 total_blobs=599 nmethods=199 adapters=305
 compilation: enabled
              stopped_count=0, restarted_count=0
 full_count=0

Compilation events (20 events):
Event: 0.147 Thread 0x0000023465d6daa0  182       3       java.io.WinNTFileSystem::isLetter (30 bytes)
Event: 0.147 Thread 0x0000023465d6daa0 nmethod 182 0x0000023451916890 code [0x0000023451916a40, 0x0000023451916c48]
Event: 0.150 Thread 0x0000023465d6daa0  184       3       java.lang.AbstractStringBuilder::newCapacity (59 bytes)
Event: 0.150 Thread 0x0000023465d6daa0 nmethod 184 0x0000023451916d10 code [0x0000023451916ee0, 0x00000234519172c0]
Event: 0.150 Thread 0x0000023465d6daa0  185       1       java.util.jar.Attributes$Name::hashCode (5 bytes)
Event: 0.150 Thread 0x0000023465d6daa0 nmethod 185 0x00000234593bdb90 code [0x00000234593bdd20, 0x00000234593bdde8]
Event: 0.150 Thread 0x0000023465d6daa0  186       1       java.net.URL::getProtocol (5 bytes)
Event: 0.150 Thread 0x0000023465d6daa0 nmethod 186 0x00000234593bde90 code [0x00000234593be020, 0x00000234593be0e8]
Event: 0.151 Thread 0x0000023465d6daa0  188       1       java.lang.Integer::intValue (5 bytes)
Event: 0.151 Thread 0x0000023465d6daa0 nmethod 188 0x00000234593be890 code [0x00000234593bea20, 0x00000234593beae8]
Event: 0.151 Thread 0x0000023465d6daa0  189       3       java.lang.StringLatin1::inflate (34 bytes)
Event: 0.151 Thread 0x0000023465d6daa0 nmethod 189 0x0000023451917490 code [0x0000023451917640, 0x0000023451917848]
Event: 0.153 Thread 0x0000023465d6daa0  190       1       sun.nio.fs.NativeBuffer::address (5 bytes)
Event: 0.153 Thread 0x0000023465d6daa0 nmethod 190 0x00000234593beb90 code [0x00000234593bed20, 0x00000234593bede8]
Event: 0.154 Thread 0x0000023465d6daa0  191       3       jdk.internal.ref.CleanerImpl::getCleanerImpl (13 bytes)
Event: 0.154 Thread 0x0000023465d6daa0 nmethod 191 0x0000023451917990 code [0x0000023451917b40, 0x0000023451917e00]
Event: 0.154 Thread 0x0000023465d6daa0  192       3       java.lang.ref.Cleaner$1::apply (9 bytes)
Event: 0.154 Thread 0x0000023465d6daa0 nmethod 192 0x0000023451917f10 code [0x00000234519180c0, 0x0000023451918330]
Event: 0.154 Thread 0x0000023465d6daa0  193   !   3       java.lang.String::<init> (893 bytes)
Event: 0.155 Thread 0x000002346a208b40  197       4       java.lang.AbstractStringBuilder::ensureCapacityInternal (39 bytes)

GC Heap History (0 events):
No events

Dll operation events (6 events):
Event: 0.013 Loaded shared library C:\Program Files\Java\jdk-21\bin\java.dll
Event: 0.046 Loaded shared library C:\Program Files\Java\jdk-21\bin\jsvml.dll
Event: 0.112 Loaded shared library C:\Program Files\Java\jdk-21\bin\jimage.dll
Event: 0.117 Loaded shared library C:\Program Files\Java\jdk-21\bin\net.dll
Event: 0.119 Loaded shared library C:\Program Files\Java\jdk-21\bin\nio.dll
Event: 0.124 Loaded shared library C:\Program Files\Java\jdk-21\bin\zip.dll

Deoptimization events (0 events):
No events

Classes loaded (20 events):
Event: 0.096 Loading class java/lang/System$Logger$Level done
Event: 0.096 Loading class jdk/internal/logger/LazyLoggers
Event: 0.097 Loading class jdk/internal/logger/LazyLoggers done
Event: 0.097 Loading class jdk/internal/logger/LazyLoggers$1
Event: 0.097 Loading class jdk/internal/logger/LazyLoggers$1 done
Event: 0.097 Loading class jdk/internal/logger/LazyLoggers$LazyLoggerFactories
Event: 0.097 Loading class jdk/internal/logger/LazyLoggers$LazyLoggerFactories done
Event: 0.150 Loading class java/util/StringTokenizer
Event: 0.150 Loading class java/util/StringTokenizer done
Event: 0.155 Loading class java/io/FileNotFoundException
Event: 0.155 Loading class java/io/IOException
Event: 0.155 Loading class java/io/IOException done
Event: 0.155 Loading class java/io/FileNotFoundException done
Event: 0.155 Loading class java/security/PrivilegedActionException
Event: 0.155 Loading class java/security/PrivilegedActionException done
Event: 0.156 Loading class java/util/zip/DataFormatException
Event: 0.156 Loading class java/util/zip/DataFormatException done
Event: 0.156 Loading class java/lang/SecurityException
Event: 0.156 Loading class java/lang/SecurityException done
Event: 0.156 Loading class java/util/ServiceConfigurationError

Classes unloaded (0 events):
No events

Classes redefined (0 events):
No events

Internal exceptions (1 events):
Event: 0.156 Thread 0x000002344947f750 Exception <a 'java/lang/OutOfMemoryError'{0x000000008abf79b8}> (0x000000008abf79b8) 
thrown [s\open\src\hotspot\share\prims\jni.cpp, line 539]

ZGC Phase Switch (0 events):
No events

VM Operations (2 events):
Event: 0.126 Executing VM operation: HandshakeAllThreads (Deoptimize)
Event: 0.126 Executing VM operation: HandshakeAllThreads (Deoptimize) done

Events (12 events):
Event: 0.027 Thread 0x000002344947f750 Thread added: 0x000002344947f750
Event: 0.043 Thread 0x0000023465d56e60 Thread added: 0x0000023465d56e60
Event: 0.044 Thread 0x0000023465d585a0 Thread added: 0x0000023465d585a0
Event: 0.044 Thread 0x0000023465d5d390 Thread added: 0x0000023465d5d390
Event: 0.044 Thread 0x0000023465d60e10 Thread added: 0x0000023465d60e10
Event: 0.044 Thread 0x0000023465d63c90 Thread added: 0x0000023465d63c90
Event: 0.044 Thread 0x0000023465d66810 Thread added: 0x0000023465d66810
Event: 0.044 Thread 0x0000023465d69490 Thread added: 0x0000023465d69490
Event: 0.044 Thread 0x0000023465d6daa0 Thread added: 0x0000023465d6daa0
Event: 0.079 Thread 0x0000023465d65af0 Thread added: 0x0000023465d65af0
Event: 0.083 Thread 0x0000023465d66ea0 Thread added: 0x0000023465d66ea0
Event: 0.136 Thread 0x000002346a208b40 Thread added: 0x000002346a208b40


Dynamic libraries:
0x00007ff655d10000 - 0x00007ff655d20000 	C:\Program Files\Java\jdk-21\bin\java.exe
0x00007fff4ae10000 - 0x00007fff4b026000 	C:\WINDOWS\SYSTEM32\ntdll.dll
0x00007fff49db0000 - 0x00007fff49e74000 	C:\WINDOWS\System32\KERNEL32.DLL
0x00007fff48480000 - 0x00007fff48827000 	C:\WINDOWS\System32\KERNELBASE.dll
0x00007fff48980000 - 0x00007fff48a91000 	C:\WINDOWS\System32\ucrtbase.dll
0x00007fff327a0000 - 0x00007fff327bb000 	C:\Program Files\Java\jdk-21\bin\VCRUNTIME140.dll
0x00007fff41920000 - 0x00007fff41939000 	C:\Program Files\Java\jdk-21\bin\jli.dll
0x00007fff49ec0000 - 0x00007fff49f72000 	C:\WINDOWS\System32\ADVAPI32.dll
0x00007fff4a6a0000 - 0x00007fff4a747000 	C:\WINDOWS\System32\msvcrt.dll
0x00007fff4a780000 - 0x00007fff4a828000 	C:\WINDOWS\System32\sechost.dll
0x00007fff48950000 - 0x00007fff48978000 	C:\WINDOWS\System32\bcrypt.dll
0x00007fff4a280000 - 0x00007fff4a395000 	C:\WINDOWS\System32\RPCRT4.dll
0x00007fff4a830000 - 0x00007fff4a9de000 	C:\WINDOWS\System32\USER32.dll
0x00007fff48aa0000 - 0x00007fff48ac6000 	C:\WINDOWS\System32\win32u.dll
0x00007fff47400000 - 0x00007fff47693000 	C:\WINDOWS\WinSxS\amd64_microsoft.windows.common-controls_6595b64144ccf1df_6.0.22621.3235_none_270f74e173860f98\COMCTL32.dll
0x00007fff49e90000 - 0x00007fff49eb9000 	C:\WINDOWS\System32\GDI32.dll
0x00007fff48830000 - 0x00007fff48949000 	C:\WINDOWS\System32\gdi32full.dll
0x00007fff483e0000 - 0x00007fff4847a000 	C:\WINDOWS\System32\msvcp_win.dll
0x00007fff3f170000 - 0x00007fff3f17a000 	C:\WINDOWS\SYSTEM32\VERSION.dll
0x00007fff4ad90000 - 0x00007fff4adc1000 	C:\WINDOWS\System32\IMM32.DLL
0x00007fff38270000 - 0x00007fff3827c000 	C:\Program Files\Java\jdk-21\bin\vcruntime140_1.dll
0x00007fff12ed0000 - 0x00007fff12f5e000 	C:\Program Files\Java\jdk-21\bin\msvcp140.dll
0x00007fff02320000 - 0x00007fff03037000 	C:\Program Files\Java\jdk-21\bin\server\jvm.dll
0x00007fff4a620000 - 0x00007fff4a691000 	C:\WINDOWS\System32\WS2_32.dll
0x00007fff48000000 - 0x00007fff4804d000 	C:\WINDOWS\SYSTEM32\POWRPROF.dll
0x00007fff40af0000 - 0x00007fff40b24000 	C:\WINDOWS\SYSTEM32\WINMM.dll
0x00007fff47fe0000 - 0x00007fff47ff3000 	C:\WINDOWS\SYSTEM32\UMPDC.dll
0x00007fff46a90000 - 0x00007fff46aa8000 	C:\WINDOWS\SYSTEM32\kernel.appcore.dll
0x00007fff381a0000 - 0x00007fff381aa000 	C:\Program Files\Java\jdk-21\bin\jimage.dll
0x00007fff479c0000 - 0x00007fff47bf3000 	C:\WINDOWS\SYSTEM32\DBGHELP.DLL
0x00007fff4a9e0000 - 0x00007fff4ad68000 	C:\WINDOWS\System32\combase.dll
0x00007fff48bc0000 - 0x00007fff48c97000 	C:\WINDOWS\System32\OLEAUT32.dll
0x00007fff47880000 - 0x00007fff478b2000 	C:\WINDOWS\SYSTEM32\dbgcore.DLL
0x00007fff48360000 - 0x00007fff483d9000 	C:\WINDOWS\System32\bcryptPrimitives.dll
0x00007fff2db80000 - 0x00007fff2db9f000 	C:\Program Files\Java\jdk-21\bin\java.dll
0x00007fff490d0000 - 0x00007fff4992c000 	C:\WINDOWS\System32\SHELL32.dll
0x00007fff456b0000 - 0x00007fff45fa9000 	C:\WINDOWS\SYSTEM32\windows.storage.dll
0x00007fff45570000 - 0x00007fff456ae000 	C:\WINDOWS\SYSTEM32\wintypes.dll
0x00007fff4a170000 - 0x00007fff4a263000 	C:\WINDOWS\System32\SHCORE.dll
0x00007fff4a3a0000 - 0x00007fff4a3fe000 	C:\WINDOWS\System32\shlwapi.dll
0x00007fff48060000 - 0x00007fff48081000 	C:\WINDOWS\SYSTEM32\profapi.dll
0x00007fff0b170000 - 0x00007fff0b247000 	C:\Program Files\Java\jdk-21\bin\jsvml.dll
0x00007fff378f0000 - 0x00007fff37900000 	C:\Program Files\Java\jdk-21\bin\net.dll
0x00007fff413a0000 - 0x00007fff414d6000 	C:\WINDOWS\SYSTEM32\WINHTTP.dll
0x00007fff46ec0000 - 0x00007fff46f29000 	C:\WINDOWS\system32\mswsock.dll
0x00007fff2be20000 - 0x00007fff2be36000 	C:\Program Files\Java\jdk-21\bin\nio.dll
0x00007fff26d10000 - 0x00007fff26d28000 	C:\Program Files\Java\jdk-21\bin\zip.dll

dbghelp: loaded successfully - version: 4.0.5 - missing functions: none
symbol engine: initialized successfully - sym options: 0x614 - pdb path: .;C:\Program Files\Java\jdk-21\bin;C:\WINDOWS\SYSTEM32;C:\WINDOWS\WinSxS\amd64_microsoft.windows.common-controls_6595b64144ccf1df_6.0.22621.3235_none_270f74e173860f98;C:\Program Files\Java\jdk-21\bin\server

VM Arguments:
jvm_args: -XX:+ShowCodeDetailsInExceptionMessages 
java_command: GUI.LogIn
java_class_path (initial): C:\Users\Kiet\AppData\Roaming\Code\User\workspaceStorage\b3b38d78d4b70df6aa0616a4b888d3ad\redhat.java\jdt_ws\DoAnJavaa_c8713cb1\bin;c:\Users\Kiet\Desktop\DoAnJavaa\lib\lib\commons-codec-1.15.jar;c:\Users\Kiet\Desktop\DoAnJavaa\lib\lib\log4j-api-2.18.0.jar;c:\Users\Kiet\Desktop\DoAnJavaa\lib\mysql-connector.jar;c:\Users\Kiet\Desktop\DoAnJavaa\lib\kotlin-stdlib-common-1.4.0.jar;c:\Users\Kiet\Desktop\DoAnJavaa\lib\poi-ooxml-3.17.jar;c:\Users\Kiet\Desktop\DoAnJavaa\lib\lib\commons-compress-1.21.jar;c:\Users\Kiet\Desktop\DoAnJavaa\lib\poi-3.17.jar;c:\Users\Kiet\Desktop\DoAnJavaa\lib\lib\poi-ooxml-full-5.2.3.jar;c:\Users\Kiet\Desktop\DoAnJavaa\lib\lib\commons-collections4-4.4.jar;c:\Users\Kiet\Desktop\DoAnJavaa\lib\lib\poi-excelant-5.2.3.jar;c:\Users\Kiet\Desktop\DoAnJavaa\lib\lib\poi-ooxml-lite-5.2.3.jar;c:\Users\Kiet\Desktop\DoAnJavaa\lib\mssql-jdbc-8.4.1.jre14.jar;c:\Users\Kiet\Desktop\DoAnJavaa\lib\mysql-connector-java-8.0.30.jar;c:\Users\Kiet\Desktop\DoAnJavaa\lib\zxing-1.7-javase.jar;c:\Users\Kiet\Desktop\DoAnJavaa\lib\xmlbeans-xmlpublic-2.0-dev-2.jar;c:\Users\Kiet\Desktop\DoAnJavaa\lib\jcalendar-1.4.jar;c:\Users\Kiet\Desktop\DoAnJavaa\lib\log4j-core-2.20.0.jar;c:\Users\Kiet\Desktop\DoAnJavaa\lib\flatlaf-extras-3.1.jar;c:\Users\Kiet\Desktop\DoAnJavaa\lib\svgSalamander-1.1.4.jar;c:\Users\Kiet\Desktop\DoAnJavaa\lib\zxing-core-2.0.jar;c:\Users\Kiet\Desktop\DoAnJavaa\lib\slf4j-api-1.7.2.jar;c:\Users\Kiet\Desktop\DoAnJavaa\lib\swingx-1.6.1.jar;c:\Users\Kiet\Desktop\DoAnJavaa\lib\lib\poi-examples-5.2.3.jar;c:\Users\Kiet\Desktop\DoAnJavaa\lib\slf4j-simple-1.7.25.jar;c:\Users\Kiet\Desktop\DoAnJavaa\lib\lib\poi-javadoc-5.2.3.jar;c:\Users\Kiet\Desktop\DoAnJavaa\lib\slf4j-api-1.7.25.jar;c:\Users\Kiet\Desktop\DoAnJavaa\lib\swingx-all-1.6.4.jar;c:\Users\Kiet\Desktop\DoAnJavaa\lib\TimingFramework-0.55.jar;c:\Users\Kiet\Desktop\DoAnJavaa\lib\lib\curvesapi-1.07.jar;c:\Users\Kiet\Desktop\DoAnJavaa\lib\lib\xmlbeans-5.1.1.jar;c:\Users\Kiet\Desktop\DoAnJavaa\lib\mssql-jdbc-9.4.0.jre11.jar;c:\Users\Kiet\Desktop\DoAnJavaa\lib\lib\jakarta.activation-2.0.1.jar;c:\Users\Kiet\Desktop\DoAnJavaa\lib\flatlaf-3.3.jar;c:\Users\Kiet\Desktop\DoAnJavaa\lib\java-dotenv-5.1.3.jar;c:\Users\Kiet\Desktop\DoAnJavaa\lib\filters-2.0.235.jar;c:\Users\Kiet\Desktop\DoAnJavaa\lib\activation.jar;c:\Users\Kiet\Desktop\DoAnJavaa\lib\kotlin-runtime-1.2.71.jar;c:\Users\Kiet\Desktop\DoAnJavaa\lib\lib\jakarta.xml.bind-api-3.0.1.jar;c:\Users\Kiet\Desktop\DoAnJavaa\lib\kotlin-stdlib-1.4.0.jar;c:\Users\Kiet\Desktop\DoAnJavaa\lib\java-dotenv-5.2.2.jar;c:\Users\Kiet\Desktop\DoAnJavaa\lib\bridj-0.7.0.jar;c:\Users\Kiet\Desktop\DoAnJavaa\lib\lib\commons-io-2.11.0.jar;c:\Users\Kiet\Desktop\DoAnJavaa\lib\xmlbeans-3.1.0.jar;c:\Users\Kiet\Desktop\DoAnJavaa\lib\lib\SparseBitSet-1.2.jar;c:\Users\Kiet\Desktop\DoAnJavaa\lib\miglayout-4.0.jar;c:\Users\Kiet\Desktop\DoAnJavaa\lib\com.sun.net.ssl.jar;c:\Users\Kiet\Desktop\DoAnJavaa\lib\lib\poi-ooxml-5.2.3.jar;c:\Users\Kiet\Desktop\DoAnJavaa\lib\javase-3.3.0.jar;c:\Users\Kiet\Desktop\DoAnJavaa\lib\lib\commons-logging-1.2.jar;c:\Users\Kiet\Desktop\DoAnJavaa\lib\xmlbeans-2.3.0.jar;c:\Users\Kiet\Desktop\DoAnJavaa\lib\webcam-capture-0.3.12.jar;c:\Users\Kiet\Desktop\DoAnJavaa\lib\core-3.3.0.jar;c:\Users\Kiet\Desktop\DoAnJavaa\lib\lib\commons-math3-3.6.1.jar;c:\Users\Kiet\Desktop\DoAnJavaa\lib\lib\slf4j-api-1.7.36.jar;c:\Users\Kiet\Desktop\DoAnJavaa\lib\lib\poi-5.2.3.jar;c:\Users\Kiet\Desktop\DoAnJavaa\lib\flatlaf-fonts-roboto-2.137.jar;c:\Users\Kiet\Desktop\DoAnJavaa\lib\swing-worker-1.1.jar;c:\Users\Kiet\Desktop\DoAnJavaa\lib\kotlin-stdlib-1.5.31.jar;c:\Users\Kiet\Desktop\DoAnJavaa\lib\lib\poi-scratchpad-5.2.3.jar;c:\Users\Kiet\Desktop\DoAnJavaa\lib\javax.activation-1.2.0.jar;c:\Users\Kiet\Desktop\DoAnJavaa\lib\itextpdf-5.5.12.jar;c:\Users\Kiet\Desktop\DoAnJavaa\lib\javax.mail.jar
Launcher Type: SUN_STANDARD

[Global flags]
     intx CICompilerCount                          = 4                                         {product} {ergonomic}
     uint ConcGCThreads                            = 2                                         {product} {ergonomic}
     uint G1ConcRefinementThreads                  = 8                                         {product} {ergonomic}
   size_t G1HeapRegionSize                         = 1048576                                   {product} {ergonomic}
    uintx GCDrainStackTargetSize                   = 64                                        {product} {ergonomic}
   size_t InitialHeapSize                          = 132120576                                 {product} {ergonomic}
   size_t MarkStackSize                            = 4194304                                   {product} {ergonomic}
   size_t MaxHeapSize                              = 2095054848                                {product} {ergonomic}
   size_t MaxNewSize                               = 1256194048                                {product} {ergonomic}
   size_t MinHeapDeltaBytes                        = 1048576                                   {product} {ergonomic}
   size_t MinHeapSize                              = 8388608                                   {product} {ergonomic}
    uintx NonNMethodCodeHeapSize                   = 5839372                                {pd product} {ergonomic}
    uintx NonProfiledCodeHeapSize                  = 122909434                              {pd product} {ergonomic}
    uintx ProfiledCodeHeapSize                     = 122909434                              {pd product} {ergonomic}
    uintx ReservedCodeCacheSize                    = 251658240                              {pd product} {ergonomic}
     bool SegmentedCodeCache                       = true                                      {product} {ergonomic}
     bool ShowCodeDetailsInExceptionMessages       = true                                   {manageable} {command line}
   size_t SoftMaxHeapSize                          = 2095054848                             {manageable} {ergonomic}
     bool UseCompressedOops                        = true                           {product lp64_product} {ergonomic}
     bool UseG1GC                                  = true                                      {product} {ergonomic}
     bool UseLargePagesIndividualAllocation        = false                                  {pd product} {ergonomic}

Logging:
Log output configuration:
 #0: stdout all=warning uptime,level,tags foldmultilines=false
 #1: stderr all=off uptime,level,tags foldmultilines=false

Environment Variables:
PATH=C:\Program Files\Common Files\Oracle\Java\javapath;C:\Program Files (x86)\Common Files\Oracle\Java\javapath;C:\WINDOWS\system32;C:\WINDOWS;C:\WINDOWS\System32\Wbem;C:\WINDOWS\System32\WindowsPowerShell\v1.0\;C:\WINDOWS\System32\OpenSSH\;C:\Program Files\dotnet\;C:\Program Files\Common Files\Oracle\Java\javapath;C:\Program Files\Java\jdk-11\bin;C:\Program Files (x86)\Microsoft SQL Server\160\Tools\Binn\;C:\Program Files\Microsoft SQL Server\160\Tools\Binn\;C:\Program Files\Microsoft SQL Server\Client SDK\ODBC\170\Tools\Binn\;C:\Program Files\Microsoft SQL Server\160\DTS\Binn\;C:\Program Files (x86)\Microsoft SQL Server\160\DTS\Binn\;C:\Program Files\Azure Data Studio\bin;C:\Program Files\apache-maven-3.9.6\bin;C:\Program Files\Git\cmd;C:\Program Files\nodejs\;C:\Program Files\Java\jdk-21\bin;C:\Users\Kiet\AppData\Local\Microsoft\WindowsApps;C:\Users\Kiet\AppData\Local\Programs\Microsoft VS Code\bin;C:\Users\Kiet\AppData\Local\GitHubDesktop\bin;C:\Users\Kiet\.dotnet\tools;C:\Program Files\Azure Data Studio\bin;C:\Users\Kiet\AppData\Roaming\npm
USERNAME=Kiet
LANG=en_US.UTF-8
OS=Windows_NT
PROCESSOR_IDENTIFIER=Intel64 Family 6 Model 126 Stepping 5, GenuineIntel
TMP=C:\Users\Kiet\AppData\Local\Temp
TEMP=C:\Users\Kiet\AppData\Local\Temp




Periodic native trim disabled

---------------  S Y S T E M  ---------------

OS:
 Windows 11 , 64 bit Build 22621 (10.0.22621.3374)
OS uptime: 0 days 23:37 hours

CPU: total 8 (initial active 8) (4 cores per cpu, 2 threads per core) family 6 model 126 stepping 5 microcode 0xa6, cx8, cmov, fxsr, ht, mmx, 3dnowpref, sse, sse2, sse3, ssse3, sse4.1, sse4.2, popcnt, lzcnt, tsc, tscinvbit, avx, avx2, aes, erms, clmul, bmi1, bmi2, adx, avx512f, avx512dq, avx512cd, avx512bw, avx512vl, sha, fma, vzeroupper, avx512_vpopcntdq, avx512_vpclmulqdq, avx512_vaes, avx512_vnni, clflush, clflushopt, avx512_vbmi2, avx512_vbmi, rdtscp, rdpid, fsrm, gfni, avx512_bitalg, f16c, pku, avx512_ifma
Processor Information for all 8 processors :
  Max Mhz: 1190, Current Mhz: 991, Mhz Limit: 987

Memory: 4k page, system-wide physical 7987M (627M free)
TotalPageFile size 10035M (AvailPageFile size 11M)
current process WorkingSet (physical memory assigned to process): 45M, peak: 45M
current process commit charge ("private bytes"): 210M, peak: 210M

vm_info: Java HotSpot(TM) 64-Bit Server VM (21.0.2+13-LTS-58) for windows-amd64 JRE (21.0.2+13-LTS-58), built on 2024-01-05T18:32:24Z by "mach5one" with MS VC++ 17.1 (VS2022)

END.
