#
# There is insufficient memory for the Java Runtime Environment to continue.
# Native memory allocation (malloc) failed to allocate 32744 bytes for ChunkPool::allocate
# Possible reasons:
#   The system is out of physical RAM or swap space
#   The process is running with CompressedOops enabled, and the Java Heap may be blocking the growth of the native heap
# Possible solutions:
#   Reduce memory load on the system
#   Increase physical memory or swap space
#   Check if swap backing store is full
#   Decrease Java heap size (-Xmx/-Xms)
#   Decrease number of Java threads
#   Decrease Java thread stack sizes (-Xss)
#   Set larger code cache with -XX:ReservedCodeCacheSize=
#   JVM is running with Unscaled Compressed Oops mode in which the Java heap is
#     placed in the first 4GB address space. The Java Heap base address is the
#     maximum limit for the native heap growth. Please use -XX:HeapBaseMinAddress
#     to set the Java Heap base and to place the Java Heap above 4GB virtual address.
# This output file may be truncated or incomplete.
#
#  Out of Memory Error (arena.cpp:79), pid=4764, tid=13928
#
# JRE version: OpenJDK Runtime Environment Temurin-17.0.10+7 (17.0.10+7) (build 17.0.10+7)
# Java VM: OpenJDK 64-Bit Server VM Temurin-17.0.10+7 (17.0.10+7, mixed mode, tiered, compressed oops, compressed class ptrs, parallel gc, windows-amd64)
# No core dump will be written. Minidumps are not enabled by default on client versions of Windows
#

---------------  S U M M A R Y ------------

Command Line: --add-modules=ALL-SYSTEM --add-opens=java.base/java.util=ALL-UNNAMED --add-opens=java.base/java.lang=ALL-UNNAMED --add-opens=java.base/sun.nio.fs=ALL-UNNAMED -Declipse.application=org.eclipse.jdt.ls.core.id1 -Dosgi.bundles.defaultStartLevel=4 -Declipse.product=org.eclipse.jdt.ls.core.product -Djava.import.generatesMetadataFilesAtProjectRoot=false -DDetectVMInstallationsJob.disabled=true -Dfile.encoding=utf8 -XX:+UseParallelGC -XX:GCTimeRatio=4 -XX:AdaptiveSizePolicyWeight=90 -Dsun.zip.disableMemoryMapping=true -Xmx1G -Xms100m -Xlog:disable -javaagent:c:\Users\Kiet\.vscode\extensions\redhat.java-1.30.0-win32-x64\lombok\lombok-1.18.32.jar -XX:+HeapDumpOnOutOfMemoryError -XX:HeapDumpPath=c:\Users\Kiet\AppData\Roaming\Code\User\workspaceStorage\b3b38d78d4b70df6aa0616a4b888d3ad\redhat.java -Daether.dependencyCollector.impl=bf c:\Users\Kiet\.vscode\extensions\redhat.java-1.30.0-win32-x64\server\plugins\org.eclipse.equinox.launcher_1.6.800.v20240330-1250.jar -configuration c:\Users\Kiet\AppData\Roaming\Code\User\globalStorage\redhat.java\1.30.0\config_win -data c:\Users\Kiet\AppData\Roaming\Code\User\workspaceStorage\b3b38d78d4b70df6aa0616a4b888d3ad\redhat.java\jdt_ws --pipe=\\.\pipe\lsp-1d6d47223083f28ec97fe6c8f4f02e3b-sock

Host: Intel(R) Core(TM) i5-1035G1 CPU @ 1.00GHz, 8 cores, 7G,  Windows 11 , 64 bit Build 22621 (10.0.22621.3374)
Time: Sun May 12 22:27:58 2024 SE Asia Standard Time elapsed time: 6.440050 seconds (0d 0h 0m 6s)

---------------  T H R E A D  ---------------

Current thread (0x0000017b4eebdf00):  JavaThread "C2 CompilerThread1" daemon [_thread_in_native, id=13928, stack(0x0000005d1d700000,0x0000005d1d800000)]


Current CompileTask:
C2:   6440 4815   !   4       org.eclipse.osgi.internal.loader.classpath.ClasspathManager::defineClass (636 bytes)

Stack: [0x0000005d1d700000,0x0000005d1d800000]
Native frames: (J=compiled Java code, j=interpreted, Vv=VM code, C=native code)
V  [jvm.dll+0x67d2c9]
V  [jvm.dll+0x834afa]
V  [jvm.dll+0x8365be]
V  [jvm.dll+0x836c23]
V  [jvm.dll+0x2477ff]
V  [jvm.dll+0xac711]
V  [jvm.dll+0xacb5c]
V  [jvm.dll+0xac61b]
V  [jvm.dll+0x65bc79]
V  [jvm.dll+0x1bab94]
V  [jvm.dll+0x68da45]
V  [jvm.dll+0x68f33b]
V  [jvm.dll+0x2ad9c3]
V  [jvm.dll+0x68cf93]
V  [jvm.dll+0x68d723]
V  [jvm.dll+0x68cd57]
V  [jvm.dll+0x68ac42]
V  [jvm.dll+0x1a828c]
V  [jvm.dll+0x218ec8]
V  [jvm.dll+0x1a502d]
V  [jvm.dll+0x2290de]
V  [jvm.dll+0x2272ac]
V  [jvm.dll+0x7e9bb7]
V  [jvm.dll+0x7e3fba]
V  [jvm.dll+0x67c1b5]
C  [ucrtbase.dll+0x29333]
C  [KERNEL32.DLL+0x1257d]
C  [ntdll.dll+0x5aa48]


---------------  P R O C E S S  ---------------

Threads class SMR info:
_java_thread_list=0x0000017b52bb0c40, length=39, elements={
0x0000017b35b6f3d0, 0x0000017b499f8020, 0x0000017b499fb2b0, 0x0000017b4eb29330,
0x0000017b4eb29d00, 0x0000017b4eb2a7d0, 0x0000017b4eb2b2a0, 0x0000017b4eb2e160,
0x0000017b4eb32260, 0x0000017b4eb99210, 0x0000017b35bd2d00, 0x0000017b4ee2d410,
0x0000017b4eebdf00, 0x0000017b5065a030, 0x0000017b505c9350, 0x0000017b506eaeb0,
0x0000017b50b18110, 0x0000017b50b34820, 0x0000017b50b34310, 0x0000017b50b34d30,
0x0000017b50967250, 0x0000017b50b333e0, 0x0000017b50b36b90, 0x0000017b50b35240,
0x0000017b50b338f0, 0x0000017b50b35750, 0x0000017b50b36680, 0x0000017b51961100,
0x0000017b519601d0, 0x0000017b5195abc0, 0x0000017b5195f2a0, 0x0000017b5195e880,
0x0000017b5195b0d0, 0x0000017b5195d950, 0x0000017b51961610, 0x0000017b5195fcc0,
0x0000017b5195de60, 0x0000017b5195a1a0, 0x0000017b5195b5e0
}

Java Threads: ( => current thread )
  0x0000017b35b6f3d0 JavaThread "main" [_thread_blocked, id=10696, stack(0x0000005d1c800000,0x0000005d1c900000)]
  0x0000017b499f8020 JavaThread "Reference Handler" daemon [_thread_blocked, id=18120, stack(0x0000005d1cb00000,0x0000005d1cc00000)]
  0x0000017b499fb2b0 JavaThread "Finalizer" daemon [_thread_blocked, id=1644, stack(0x0000005d1cc00000,0x0000005d1cd00000)]
  0x0000017b4eb29330 JavaThread "Signal Dispatcher" daemon [_thread_blocked, id=16620, stack(0x0000005d1cd00000,0x0000005d1ce00000)]
  0x0000017b4eb29d00 JavaThread "Attach Listener" daemon [_thread_blocked, id=15380, stack(0x0000005d1ce00000,0x0000005d1cf00000)]
  0x0000017b4eb2a7d0 JavaThread "Service Thread" daemon [_thread_blocked, id=17688, stack(0x0000005d1cf00000,0x0000005d1d000000)]
  0x0000017b4eb2b2a0 JavaThread "Monitor Deflation Thread" daemon [_thread_blocked, id=8804, stack(0x0000005d1d000000,0x0000005d1d100000)]
  0x0000017b4eb2e160 JavaThread "C2 CompilerThread0" daemon [_thread_blocked, id=19328, stack(0x0000005d1d100000,0x0000005d1d200000)]
  0x0000017b4eb32260 JavaThread "C1 CompilerThread0" daemon [_thread_blocked, id=19996, stack(0x0000005d1d200000,0x0000005d1d300000)]
  0x0000017b4eb99210 JavaThread "Sweeper thread" daemon [_thread_blocked, id=12456, stack(0x0000005d1d300000,0x0000005d1d400000)]
  0x0000017b35bd2d00 JavaThread "Common-Cleaner" daemon [_thread_blocked, id=17776, stack(0x0000005d1d400000,0x0000005d1d500000)]
  0x0000017b4ee2d410 JavaThread "Notification Thread" daemon [_thread_blocked, id=19280, stack(0x0000005d1d500000,0x0000005d1d600000)]
=>0x0000017b4eebdf00 JavaThread "C2 CompilerThread1" daemon [_thread_in_native, id=13928, stack(0x0000005d1d700000,0x0000005d1d800000)]
  0x0000017b5065a030 JavaThread "Active Thread: Equinox Container: 9e8281e1-c692-44ef-95b8-e83bf2abc9d9" [_thread_blocked, id=13892, stack(0x0000005d1de00000,0x0000005d1df00000)]
  0x0000017b505c9350 JavaThread "Framework Event Dispatcher: Equinox Container: 9e8281e1-c692-44ef-95b8-e83bf2abc9d9" daemon [_thread_blocked, id=844, stack(0x0000005d1e000000,0x0000005d1e100000)]
  0x0000017b506eaeb0 JavaThread "Start Level: Equinox Container: 9e8281e1-c692-44ef-95b8-e83bf2abc9d9" daemon [_thread_blocked, id=16608, stack(0x0000005d1e100000,0x0000005d1e200000)]
  0x0000017b50b18110 JavaThread "Bundle File Closer" daemon [_thread_blocked, id=8892, stack(0x0000005d1e300000,0x0000005d1e400000)]
  0x0000017b50b34820 JavaThread "SCR Component Actor" daemon [_thread_blocked, id=10984, stack(0x0000005d1e400000,0x0000005d1e500000)]
  0x0000017b50b34310 JavaThread "SCR Component Registry" daemon [_thread_blocked, id=6672, stack(0x0000005d1df00000,0x0000005d1e000000)]
  0x0000017b50b34d30 JavaThread "Worker-JM" [_thread_blocked, id=20152, stack(0x0000005d1e500000,0x0000005d1e600000)]
  0x0000017b50967250 JavaThread "C2 CompilerThread2" daemon [_thread_blocked, id=19080, stack(0x0000005d1e600000,0x0000005d1e700000)]
  0x0000017b50b333e0 JavaThread "Worker-0: Updating Maven Dependencies" [_thread_in_Java, id=3604, stack(0x0000005d1e700000,0x0000005d1e800000)]
  0x0000017b50b36b90 JavaThread "Worker-1: Repository registry initialization" [_thread_blocked, id=14208, stack(0x0000005d1e800000,0x0000005d1e900000)]
  0x0000017b50b35240 JavaThread "Java indexing" daemon [_thread_blocked, id=2472, stack(0x0000005d1e900000,0x0000005d1ea00000)]
  0x0000017b50b338f0 JavaThread "Worker-2" [_thread_blocked, id=12664, stack(0x0000005d1ea00000,0x0000005d1eb00000)]
  0x0000017b50b35750 JavaThread "Worker-3" [_thread_blocked, id=2784, stack(0x0000005d1eb00000,0x0000005d1ec00000)]
  0x0000017b50b36680 JavaThread "JNA Cleaner" daemon [_thread_blocked, id=8616, stack(0x0000005d1ec00000,0x0000005d1ed00000)]
  0x0000017b51961100 JavaThread "Thread-2" daemon [_thread_in_native, id=14988, stack(0x0000005d1ed00000,0x0000005d1ee00000)]
  0x0000017b519601d0 JavaThread "Thread-3" daemon [_thread_in_native, id=1944, stack(0x0000005d1ee00000,0x0000005d1ef00000)]
  0x0000017b5195abc0 JavaThread "Thread-4" daemon [_thread_in_native, id=16672, stack(0x0000005d1ef00000,0x0000005d1f000000)]
  0x0000017b5195f2a0 JavaThread "Thread-5" daemon [_thread_in_native, id=12960, stack(0x0000005d1f000000,0x0000005d1f100000)]
  0x0000017b5195e880 JavaThread "Thread-6" daemon [_thread_in_native, id=7044, stack(0x0000005d1f100000,0x0000005d1f200000)]
  0x0000017b5195b0d0 JavaThread "Thread-7" daemon [_thread_in_native, id=16296, stack(0x0000005d1f200000,0x0000005d1f300000)]
  0x0000017b5195d950 JavaThread "Thread-8" daemon [_thread_in_native, id=18904, stack(0x0000005d1f300000,0x0000005d1f400000)]
  0x0000017b51961610 JavaThread "Thread-9" daemon [_thread_in_native, id=9056, stack(0x0000005d1f400000,0x0000005d1f500000)]
  0x0000017b5195fcc0 JavaThread "Thread-10" daemon [_thread_in_native, id=18804, stack(0x0000005d1f500000,0x0000005d1f600000)]
  0x0000017b5195de60 JavaThread "pool-2-thread-1" [_thread_blocked, id=20468, stack(0x0000005d1f600000,0x0000005d1f700000)]
  0x0000017b5195a1a0 JavaThread "WorkspaceEventsHandler" [_thread_blocked, id=10736, stack(0x0000005d1f700000,0x0000005d1f800000)]
  0x0000017b5195b5e0 JavaThread "pool-1-thread-1" [_thread_blocked, id=10668, stack(0x0000005d1f800000,0x0000005d1f900000)]

Other Threads:
  0x0000017b4eb014b0 VMThread "VM Thread" [stack: 0x0000005d1ca00000,0x0000005d1cb00000] [id=20220]
  0x0000017b4ee2d8f0 WatcherThread [stack: 0x0000005d1d600000,0x0000005d1d700000] [id=20240]
  0x0000017b35b86750 GCTaskThread "GC Thread#0" [stack: 0x0000005d1c900000,0x0000005d1ca00000] [id=3256]
  0x0000017b504ce020 GCTaskThread "GC Thread#1" [stack: 0x0000005d1d800000,0x0000005d1d900000] [id=15944]
  0x0000017b5047ea80 GCTaskThread "GC Thread#2" [stack: 0x0000005d1d900000,0x0000005d1da00000] [id=2612]
  0x0000017b5017e190 GCTaskThread "GC Thread#3" [stack: 0x0000005d1da00000,0x0000005d1db00000] [id=4632]
  0x0000017b5017e450 GCTaskThread "GC Thread#4" [stack: 0x0000005d1db00000,0x0000005d1dc00000] [id=10724]
  0x0000017b50443020 GCTaskThread "GC Thread#5" [stack: 0x0000005d1dc00000,0x0000005d1dd00000] [id=11184]
  0x0000017b504432e0 GCTaskThread "GC Thread#6" [stack: 0x0000005d1dd00000,0x0000005d1de00000] [id=9704]
  0x0000017b5082a980 GCTaskThread "GC Thread#7" [stack: 0x0000005d1e200000,0x0000005d1e300000] [id=7416]

Threads with active compile tasks:
C1 CompilerThread0     6483 4850       3       java.lang.reflect.Proxy::getProxyConstructor (92 bytes)
C2 CompilerThread1     6483 4815   !   4       org.eclipse.osgi.internal.loader.classpath.ClasspathManager::defineClass (636 bytes)
C2 CompilerThread2     6483 4849       4       org.osgi.framework.Version::toString0 (102 bytes)

VM state: not at safepoint (normal execution)

VM Mutex/Monitor currently owned by a thread: None

Heap address: 0x00000000c0000000, size: 1024 MB, Compressed Oops mode: 32-bit

CDS archive(s) not mapped
Compressed class space mapped at: 0x0000000100000000-0x0000000140000000, reserved size: 1073741824
Narrow klass base: 0x0000000000000000, Narrow klass shift: 3, Narrow klass range: 0x140000000

GC Precious Log:
 CPUs: 8 total, 8 available
 Memory: 7987M
 Large Page Support: Disabled
 NUMA Support: Disabled
 Compressed Oops: Enabled (32-bit)
 Alignments: Space 512K, Generation 512K, Heap 2M
 Heap Min Capacity: 100M
 Heap Initial Capacity: 100M
 Heap Max Capacity: 1G
 Pre-touch: Disabled
 Parallel Workers: 8

Heap:
 PSYoungGen      total 23040K, used 15159K [0x00000000eab00000, 0x00000000ec600000, 0x0000000100000000)
  eden space 22016K, 64% used [0x00000000eab00000,0x00000000eb8d3618,0x00000000ec080000)
  from space 1024K, 97% used [0x00000000ec500000,0x00000000ec5fa870,0x00000000ec600000)
  to   space 1024K, 0% used [0x00000000ec400000,0x00000000ec400000,0x00000000ec500000)
 ParOldGen       total 68608K, used 17963K [0x00000000c0000000, 0x00000000c4300000, 0x00000000eab00000)
  object space 68608K, 26% used [0x00000000c0000000,0x00000000c118acf0,0x00000000c4300000)
 Metaspace       used 43724K, committed 44608K, reserved 1114112K
  class space    used 4528K, committed 4928K, reserved 1048576K

Card table byte_map: [0x0000017b35500000,0x0000017b35710000] _byte_map_base: 0x0000017b34f00000

Marking Bits: (ParMarkBitMap*) 0x00007ffdf459d7d0
 Begin Bits: [0x0000017b47800000, 0x0000017b48800000)
 End Bits:   [0x0000017b48800000, 0x0000017b49800000)

Polling page: 0x0000017b33b00000

Metaspace:

Usage:
  Non-class:     38.28 MB used.
      Class:      4.42 MB used.
       Both:     42.70 MB used.

Virtual space:
  Non-class space:       64.00 MB reserved,      38.75 MB ( 61%) committed,  1 nodes.
      Class space:        1.00 GB reserved,       4.81 MB ( <1%) committed,  1 nodes.
             Both:        1.06 GB reserved,      43.56 MB (  4%) committed. 

Chunk freelists:
   Non-Class:  9.08 MB
       Class:  11.14 MB
        Both:  20.22 MB

MaxMetaspaceSize: unlimited
CompressedClassSpaceSize: 1.00 GB
Initial GC threshold: 21.00 MB
Current GC threshold: 58.38 MB
CDS: off
MetaspaceReclaimPolicy: balanced
 - commit_granule_bytes: 65536.
 - commit_granule_words: 8192.
 - virtual_space_node_default_size: 8388608.
 - enlarge_chunks_in_place: 1.
 - new_chunks_are_fully_committed: 0.
 - uncommit_free_chunks: 1.
 - use_allocation_guard: 0.
 - handle_deallocations: 1.


Internal statistics:

num_allocs_failed_limit: 6.
num_arena_births: 520.
num_arena_deaths: 14.
num_vsnodes_births: 2.
num_vsnodes_deaths: 0.
num_space_committed: 697.
num_space_uncommitted: 0.
num_chunks_returned_to_freelist: 20.
num_chunks_taken_from_freelist: 2017.
num_chunk_merges: 11.
num_chunk_splits: 1282.
num_chunks_enlarged: 811.
num_inconsistent_stats: 0.

CodeHeap 'non-profiled nmethods': size=120000Kb used=2177Kb max_used=2576Kb free=117822Kb
 bounds [0x0000017b402d0000, 0x0000017b40570000, 0x0000017b47800000]
CodeHeap 'profiled nmethods': size=120000Kb used=7746Kb max_used=10047Kb free=112253Kb
 bounds [0x0000017b38800000, 0x0000017b391d0000, 0x0000017b3fd30000]
CodeHeap 'non-nmethods': size=5760Kb used=1304Kb max_used=1360Kb free=4456Kb
 bounds [0x0000017b3fd30000, 0x0000017b3ffa0000, 0x0000017b402d0000]
 total_blobs=4664 nmethods=4042 adapters=535
 compilation: enabled
              stopped_count=0, restarted_count=0
 full_count=0

Compilation events (20 events):
Event: 6.415 Thread 0x0000017b4eb32260 4825       3       com.google.inject.internal.UntargettedBindingImpl::<init> (8 bytes)
Event: 6.416 Thread 0x0000017b4eb32260 nmethod 4825 0x0000017b388c4d10 code [0x0000017b388c4ec0, 0x0000017b388c50f8]
Event: 6.416 Thread 0x0000017b4eb32260 4826       3       org.eclipse.osgi.internal.loader.ModuleClassLoader::getResource (109 bytes)
Event: 6.418 Thread 0x0000017b4eb32260 nmethod 4826 0x0000017b38c31110 code [0x0000017b38c314c0, 0x0000017b38c327e8]
Event: 6.418 Thread 0x0000017b4eb32260 4827   !   3       org.eclipse.osgi.internal.loader.BundleLoader::findResource (429 bytes)
Event: 6.424 Thread 0x0000017b4eb32260 nmethod 4827 0x0000017b39032b10 code [0x0000017b39033220, 0x0000017b39036ad8]
Event: 6.424 Thread 0x0000017b4eb32260 4828       3       com.google.inject.Key::<init> (29 bytes)
Event: 6.425 Thread 0x0000017b4eb32260 nmethod 4828 0x0000017b38827c10 code [0x0000017b38827de0, 0x0000017b388281e8]
Event: 6.426 Thread 0x0000017b4eb32260 4829       3       com.google.inject.spi.Elements$RecordingBinder::getElementSource (136 bytes)
Event: 6.427 Thread 0x0000017b4eb32260 nmethod 4829 0x0000017b388d5e90 code [0x0000017b388d60e0, 0x0000017b388d6aa8]
Event: 6.427 Thread 0x0000017b4eb32260 4830       3       com.google.inject.spi.ElementSource::<init> (47 bytes)
Event: 6.427 Thread 0x0000017b4eb2e160 4831       4       java.io.ByteArrayOutputStream::<init> (7 bytes)
Event: 6.428 Thread 0x0000017b4eb32260 nmethod 4830 0x0000017b38953990 code [0x0000017b38953ba0, 0x0000017b38954218]
Event: 6.428 Thread 0x0000017b4eb32260 4832       3       com.google.inject.spi.Elements$RecordingBinder::bind (23 bytes)
Event: 6.429 Thread 0x0000017b4eb2e160 nmethod 4831 0x0000017b402eb790 code [0x0000017b402eb920, 0x0000017b402eba38]
Event: 6.429 Thread 0x0000017b4eb32260 nmethod 4832 0x0000017b38e07490 code [0x0000017b38e076a0, 0x0000017b38e07d38]
Event: 6.429 Thread 0x0000017b4eb32260 4833       3       com.google.inject.internal.MoreTypes::canonicalizeKey (20 bytes)
Event: 6.430 Thread 0x0000017b4eb32260 nmethod 4833 0x0000017b38847410 code [0x0000017b38847600, 0x0000017b38847b18]
Event: 6.433 Thread 0x0000017b4eb32260 4834  s    3       org.eclipse.osgi.internal.loader.sources.NullPackageSource::getNullPackageSource (41 bytes)
Event: 6.434 Thread 0x0000017b4eb32260 nmethod 4834 0x0000017b389c3310 code [0x0000017b389c3520, 0x0000017b389c3bc8]

GC Heap History (20 events):
Event: 3.364 GC heap before
{Heap before GC invocations=7 (full 1):
 PSYoungGen      total 29696K, used 25600K [0x00000000eab00000, 0x00000000ece00000, 0x0000000100000000)
  eden space 25600K, 100% used [0x00000000eab00000,0x00000000ec400000,0x00000000ec400000)
  from space 4096K, 0% used [0x00000000ec400000,0x00000000ec400000,0x00000000ec800000)
  to   space 5120K, 0% used [0x00000000ec900000,0x00000000ec900000,0x00000000ece00000)
 ParOldGen       total 68608K, used 10603K [0x00000000c0000000, 0x00000000c4300000, 0x00000000eab00000)
  object space 68608K, 15% used [0x00000000c0000000,0x00000000c0a5ad40,0x00000000c4300000)
 Metaspace       used 24232K, committed 24704K, reserved 1114112K
  class space    used 2450K, committed 2624K, reserved 1048576K
}
Event: 3.367 GC heap after
{Heap after GC invocations=7 (full 1):
 PSYoungGen      total 27136K, used 1904K [0x00000000eab00000, 0x00000000ecb00000, 0x0000000100000000)
  eden space 25088K, 0% used [0x00000000eab00000,0x00000000eab00000,0x00000000ec380000)
  from space 2048K, 93% used [0x00000000ec900000,0x00000000ecadc290,0x00000000ecb00000)
  to   space 3072K, 0% used [0x00000000ec500000,0x00000000ec500000,0x00000000ec800000)
 ParOldGen       total 68608K, used 10611K [0x00000000c0000000, 0x00000000c4300000, 0x00000000eab00000)
  object space 68608K, 15% used [0x00000000c0000000,0x00000000c0a5cd40,0x00000000c4300000)
 Metaspace       used 24232K, committed 24704K, reserved 1114112K
  class space    used 2450K, committed 2624K, reserved 1048576K
}
Event: 3.721 GC heap before
{Heap before GC invocations=8 (full 1):
 PSYoungGen      total 27136K, used 26992K [0x00000000eab00000, 0x00000000ecb00000, 0x0000000100000000)
  eden space 25088K, 100% used [0x00000000eab00000,0x00000000ec380000,0x00000000ec380000)
  from space 2048K, 93% used [0x00000000ec900000,0x00000000ecadc290,0x00000000ecb00000)
  to   space 3072K, 0% used [0x00000000ec500000,0x00000000ec500000,0x00000000ec800000)
 ParOldGen       total 68608K, used 10611K [0x00000000c0000000, 0x00000000c4300000, 0x00000000eab00000)
  object space 68608K, 15% used [0x00000000c0000000,0x00000000c0a5cd40,0x00000000c4300000)
 Metaspace       used 27175K, committed 27776K, reserved 1114112K
  class space    used 2765K, committed 3008K, reserved 1048576K
}
Event: 3.723 GC heap after
{Heap after GC invocations=8 (full 1):
 PSYoungGen      total 27648K, used 3049K [0x00000000eab00000, 0x00000000ecc00000, 0x0000000100000000)
  eden space 24576K, 0% used [0x00000000eab00000,0x00000000eab00000,0x00000000ec300000)
  from space 3072K, 99% used [0x00000000ec500000,0x00000000ec7fa5d0,0x00000000ec800000)
  to   space 4096K, 0% used [0x00000000ec800000,0x00000000ec800000,0x00000000ecc00000)
 ParOldGen       total 68608K, used 11657K [0x00000000c0000000, 0x00000000c4300000, 0x00000000eab00000)
  object space 68608K, 16% used [0x00000000c0000000,0x00000000c0b62710,0x00000000c4300000)
 Metaspace       used 27175K, committed 27776K, reserved 1114112K
  class space    used 2765K, committed 3008K, reserved 1048576K
}
Event: 3.867 GC heap before
{Heap before GC invocations=9 (full 1):
 PSYoungGen      total 27648K, used 27625K [0x00000000eab00000, 0x00000000ecc00000, 0x0000000100000000)
  eden space 24576K, 100% used [0x00000000eab00000,0x00000000ec300000,0x00000000ec300000)
  from space 3072K, 99% used [0x00000000ec500000,0x00000000ec7fa5d0,0x00000000ec800000)
  to   space 4096K, 0% used [0x00000000ec800000,0x00000000ec800000,0x00000000ecc00000)
 ParOldGen       total 68608K, used 11657K [0x00000000c0000000, 0x00000000c4300000, 0x00000000eab00000)
  object space 68608K, 16% used [0x00000000c0000000,0x00000000c0b62710,0x00000000c4300000)
 Metaspace       used 29690K, committed 30208K, reserved 1114112K
  class space    used 2928K, committed 3136K, reserved 1048576K
}
Event: 3.868 GC heap after
{Heap after GC invocations=9 (full 1):
 PSYoungGen      total 27648K, used 3322K [0x00000000eab00000, 0x00000000ecb80000, 0x0000000100000000)
  eden space 24064K, 0% used [0x00000000eab00000,0x00000000eab00000,0x00000000ec280000)
  from space 3584K, 92% used [0x00000000ec800000,0x00000000ecb3e8f0,0x00000000ecb80000)
  to   space 4096K, 0% used [0x00000000ec380000,0x00000000ec380000,0x00000000ec780000)
 ParOldGen       total 68608K, used 11665K [0x00000000c0000000, 0x00000000c4300000, 0x00000000eab00000)
  object space 68608K, 17% used [0x00000000c0000000,0x00000000c0b64710,0x00000000c4300000)
 Metaspace       used 29690K, committed 30208K, reserved 1114112K
  class space    used 2928K, committed 3136K, reserved 1048576K
}
Event: 4.102 GC heap before
{Heap before GC invocations=10 (full 1):
 PSYoungGen      total 27648K, used 27386K [0x00000000eab00000, 0x00000000ecb80000, 0x0000000100000000)
  eden space 24064K, 100% used [0x00000000eab00000,0x00000000ec280000,0x00000000ec280000)
  from space 3584K, 92% used [0x00000000ec800000,0x00000000ecb3e8f0,0x00000000ecb80000)
  to   space 4096K, 0% used [0x00000000ec380000,0x00000000ec380000,0x00000000ec780000)
 ParOldGen       total 68608K, used 11665K [0x00000000c0000000, 0x00000000c4300000, 0x00000000eab00000)
  object space 68608K, 17% used [0x00000000c0000000,0x00000000c0b64710,0x00000000c4300000)
 Metaspace       used 32291K, committed 32896K, reserved 1114112K
  class space    used 3129K, committed 3392K, reserved 1048576K
}
Event: 4.104 GC heap after
{Heap after GC invocations=10 (full 1):
 PSYoungGen      total 27136K, used 3472K [0x00000000eab00000, 0x00000000ec900000, 0x0000000100000000)
  eden space 23552K, 0% used [0x00000000eab00000,0x00000000eab00000,0x00000000ec200000)
  from space 3584K, 96% used [0x00000000ec380000,0x00000000ec6e40d0,0x00000000ec700000)
  to   space 2048K, 0% used [0x00000000ec700000,0x00000000ec700000,0x00000000ec900000)
 ParOldGen       total 68608K, used 13454K [0x00000000c0000000, 0x00000000c4300000, 0x00000000eab00000)
  object space 68608K, 19% used [0x00000000c0000000,0x00000000c0d23b18,0x00000000c4300000)
 Metaspace       used 32291K, committed 32896K, reserved 1114112K
  class space    used 3129K, committed 3392K, reserved 1048576K
}
Event: 4.750 GC heap before
{Heap before GC invocations=11 (full 1):
 PSYoungGen      total 27136K, used 27024K [0x00000000eab00000, 0x00000000ec900000, 0x0000000100000000)
  eden space 23552K, 100% used [0x00000000eab00000,0x00000000ec200000,0x00000000ec200000)
  from space 3584K, 96% used [0x00000000ec380000,0x00000000ec6e40d0,0x00000000ec700000)
  to   space 2048K, 0% used [0x00000000ec700000,0x00000000ec700000,0x00000000ec900000)
 ParOldGen       total 68608K, used 13454K [0x00000000c0000000, 0x00000000c4300000, 0x00000000eab00000)
  object space 68608K, 19% used [0x00000000c0000000,0x00000000c0d23b18,0x00000000c4300000)
 Metaspace       used 35090K, committed 35776K, reserved 1114112K
  class space    used 3414K, committed 3712K, reserved 1048576K
}
Event: 4.754 GC heap after
{Heap after GC invocations=11 (full 1):
 PSYoungGen      total 25088K, used 2039K [0x00000000eab00000, 0x00000000ecb80000, 0x0000000100000000)
  eden space 23040K, 0% used [0x00000000eab00000,0x00000000eab00000,0x00000000ec180000)
  from space 2048K, 99% used [0x00000000ec700000,0x00000000ec8fdd48,0x00000000ec900000)
  to   space 5120K, 0% used [0x00000000ec180000,0x00000000ec180000,0x00000000ec680000)
 ParOldGen       total 68608K, used 15937K [0x00000000c0000000, 0x00000000c4300000, 0x00000000eab00000)
  object space 68608K, 23% used [0x00000000c0000000,0x00000000c0f90560,0x00000000c4300000)
 Metaspace       used 35090K, committed 35776K, reserved 1114112K
  class space    used 3414K, committed 3712K, reserved 1048576K
}
Event: 4.765 GC heap before
{Heap before GC invocations=12 (full 1):
 PSYoungGen      total 25088K, used 2674K [0x00000000eab00000, 0x00000000ecb80000, 0x0000000100000000)
  eden space 23040K, 2% used [0x00000000eab00000,0x00000000eab9ede0,0x00000000ec180000)
  from space 2048K, 99% used [0x00000000ec700000,0x00000000ec8fdd48,0x00000000ec900000)
  to   space 5120K, 0% used [0x00000000ec180000,0x00000000ec180000,0x00000000ec680000)
 ParOldGen       total 68608K, used 15937K [0x00000000c0000000, 0x00000000c4300000, 0x00000000eab00000)
  object space 68608K, 23% used [0x00000000c0000000,0x00000000c0f90560,0x00000000c4300000)
 Metaspace       used 35134K, committed 35840K, reserved 1114112K
  class space    used 3423K, committed 3712K, reserved 1048576K
}
Event: 4.768 GC heap after
{Heap after GC invocations=12 (full 1):
 PSYoungGen      total 23552K, used 256K [0x00000000eab00000, 0x00000000ec780000, 0x0000000100000000)
  eden space 23040K, 0% used [0x00000000eab00000,0x00000000eab00000,0x00000000ec180000)
  from space 512K, 50% used [0x00000000ec180000,0x00000000ec1c0000,0x00000000ec200000)
  to   space 2048K, 0% used [0x00000000ec580000,0x00000000ec580000,0x00000000ec780000)
 ParOldGen       total 68608K, used 17912K [0x00000000c0000000, 0x00000000c4300000, 0x00000000eab00000)
  object space 68608K, 26% used [0x00000000c0000000,0x00000000c117e2f8,0x00000000c4300000)
 Metaspace       used 35134K, committed 35840K, reserved 1114112K
  class space    used 3423K, committed 3712K, reserved 1048576K
}
Event: 4.768 GC heap before
{Heap before GC invocations=13 (full 2):
 PSYoungGen      total 23552K, used 256K [0x00000000eab00000, 0x00000000ec780000, 0x0000000100000000)
  eden space 23040K, 0% used [0x00000000eab00000,0x00000000eab00000,0x00000000ec180000)
  from space 512K, 50% used [0x00000000ec180000,0x00000000ec1c0000,0x00000000ec200000)
  to   space 2048K, 0% used [0x00000000ec580000,0x00000000ec580000,0x00000000ec780000)
 ParOldGen       total 68608K, used 17912K [0x00000000c0000000, 0x00000000c4300000, 0x00000000eab00000)
  object space 68608K, 26% used [0x00000000c0000000,0x00000000c117e2f8,0x00000000c4300000)
 Metaspace       used 35134K, committed 35840K, reserved 1114112K
  class space    used 3423K, committed 3712K, reserved 1048576K
}
Event: 4.802 GC heap after
{Heap after GC invocations=13 (full 2):
 PSYoungGen      total 23552K, used 0K [0x00000000eab00000, 0x00000000ec780000, 0x0000000100000000)
  eden space 23040K, 0% used [0x00000000eab00000,0x00000000eab00000,0x00000000ec180000)
  from space 512K, 0% used [0x00000000ec180000,0x00000000ec180000,0x00000000ec200000)
  to   space 2048K, 0% used [0x00000000ec580000,0x00000000ec580000,0x00000000ec780000)
 ParOldGen       total 68608K, used 16197K [0x00000000c0000000, 0x00000000c4300000, 0x00000000eab00000)
  object space 68608K, 23% used [0x00000000c0000000,0x00000000c0fd1608,0x00000000c4300000)
 Metaspace       used 35134K, committed 35840K, reserved 1114112K
  class space    used 3423K, committed 3712K, reserved 1048576K
}
Event: 5.334 GC heap before
{Heap before GC invocations=14 (full 2):
 PSYoungGen      total 23552K, used 23040K [0x00000000eab00000, 0x00000000ec780000, 0x0000000100000000)
  eden space 23040K, 100% used [0x00000000eab00000,0x00000000ec180000,0x00000000ec180000)
  from space 512K, 0% used [0x00000000ec180000,0x00000000ec180000,0x00000000ec200000)
  to   space 2048K, 0% used [0x00000000ec580000,0x00000000ec580000,0x00000000ec780000)
 ParOldGen       total 68608K, used 16197K [0x00000000c0000000, 0x00000000c4300000, 0x00000000eab00000)
  object space 68608K, 23% used [0x00000000c0000000,0x00000000c0fd1608,0x00000000c4300000)
 Metaspace       used 38344K, committed 39168K, reserved 1114112K
  class space    used 3860K, committed 4224K, reserved 1048576K
}
Event: 5.336 GC heap after
{Heap after GC invocations=14 (full 2):
 PSYoungGen      total 24064K, used 1171K [0x00000000eab00000, 0x00000000ec700000, 0x0000000100000000)
  eden space 22528K, 0% used [0x00000000eab00000,0x00000000eab00000,0x00000000ec100000)
  from space 1536K, 76% used [0x00000000ec580000,0x00000000ec6a4ed8,0x00000000ec700000)
  to   space 1536K, 0% used [0x00000000ec400000,0x00000000ec400000,0x00000000ec580000)
 ParOldGen       total 68608K, used 16205K [0x00000000c0000000, 0x00000000c4300000, 0x00000000eab00000)
  object space 68608K, 23% used [0x00000000c0000000,0x00000000c0fd3608,0x00000000c4300000)
 Metaspace       used 38344K, committed 39168K, reserved 1114112K
  class space    used 3860K, committed 4224K, reserved 1048576K
}
Event: 5.923 GC heap before
{Heap before GC invocations=15 (full 2):
 PSYoungGen      total 24064K, used 23699K [0x00000000eab00000, 0x00000000ec700000, 0x0000000100000000)
  eden space 22528K, 99% used [0x00000000eab00000,0x00000000ec0ffff8,0x00000000ec100000)
  from space 1536K, 76% used [0x00000000ec580000,0x00000000ec6a4ed8,0x00000000ec700000)
  to   space 1536K, 0% used [0x00000000ec400000,0x00000000ec400000,0x00000000ec580000)
 ParOldGen       total 68608K, used 16205K [0x00000000c0000000, 0x00000000c4300000, 0x00000000eab00000)
  object space 68608K, 23% used [0x00000000c0000000,0x00000000c0fd3608,0x00000000c4300000)
 Metaspace       used 40810K, committed 41728K, reserved 1114112K
  class space    used 4170K, committed 4544K, reserved 1048576K
}
Event: 5.926 GC heap after
{Heap after GC invocations=15 (full 2):
 PSYoungGen      total 23040K, used 997K [0x00000000eab00000, 0x00000000ec600000, 0x0000000100000000)
  eden space 22016K, 0% used [0x00000000eab00000,0x00000000eab00000,0x00000000ec080000)
  from space 1024K, 97% used [0x00000000ec400000,0x00000000ec4f9780,0x00000000ec500000)
  to   space 1024K, 0% used [0x00000000ec500000,0x00000000ec500000,0x00000000ec600000)
 ParOldGen       total 68608K, used 17173K [0x00000000c0000000, 0x00000000c4300000, 0x00000000eab00000)
  object space 68608K, 25% used [0x00000000c0000000,0x00000000c10c5528,0x00000000c4300000)
 Metaspace       used 40810K, committed 41728K, reserved 1114112K
  class space    used 4170K, committed 4544K, reserved 1048576K
}
Event: 6.237 GC heap before
{Heap before GC invocations=16 (full 2):
 PSYoungGen      total 23040K, used 23013K [0x00000000eab00000, 0x00000000ec600000, 0x0000000100000000)
  eden space 22016K, 100% used [0x00000000eab00000,0x00000000ec080000,0x00000000ec080000)
  from space 1024K, 97% used [0x00000000ec400000,0x00000000ec4f9780,0x00000000ec500000)
  to   space 1024K, 0% used [0x00000000ec500000,0x00000000ec500000,0x00000000ec600000)
 ParOldGen       total 68608K, used 17195K [0x00000000c0000000, 0x00000000c4300000, 0x00000000eab00000)
  object space 68608K, 25% used [0x00000000c0000000,0x00000000c10cad10,0x00000000c4300000)
 Metaspace       used 42695K, committed 43648K, reserved 1114112K
  class space    used 4403K, committed 4800K, reserved 1048576K
}
Event: 6.240 GC heap after
{Heap after GC invocations=16 (full 2):
 PSYoungGen      total 23040K, used 1002K [0x00000000eab00000, 0x00000000ec600000, 0x0000000100000000)
  eden space 22016K, 0% used [0x00000000eab00000,0x00000000eab00000,0x00000000ec080000)
  from space 1024K, 97% used [0x00000000ec500000,0x00000000ec5fa870,0x00000000ec600000)
  to   space 1024K, 0% used [0x00000000ec400000,0x00000000ec400000,0x00000000ec500000)
 ParOldGen       total 68608K, used 17963K [0x00000000c0000000, 0x00000000c4300000, 0x00000000eab00000)
  object space 68608K, 26% used [0x00000000c0000000,0x00000000c118acf0,0x00000000c4300000)
 Metaspace       used 42695K, committed 43648K, reserved 1114112K
  class space    used 4403K, committed 4800K, reserved 1048576K
}

Dll operation events (10 events):
Event: 0.014 Loaded shared library c:\Users\Kiet\.vscode\extensions\redhat.java-1.30.0-win32-x64\jre\17.0.10-win32-x86_64\bin\java.dll
Event: 0.391 Loaded shared library c:\Users\Kiet\.vscode\extensions\redhat.java-1.30.0-win32-x64\jre\17.0.10-win32-x86_64\bin\zip.dll
Event: 0.394 Loaded shared library C:\Users\Kiet\.vscode\extensions\redhat.java-1.30.0-win32-x64\jre\17.0.10-win32-x86_64\bin\instrument.dll
Event: 0.471 Loaded shared library C:\Users\Kiet\.vscode\extensions\redhat.java-1.30.0-win32-x64\jre\17.0.10-win32-x86_64\bin\net.dll
Event: 0.488 Loaded shared library C:\Users\Kiet\.vscode\extensions\redhat.java-1.30.0-win32-x64\jre\17.0.10-win32-x86_64\bin\nio.dll
Event: 0.499 Loaded shared library C:\Users\Kiet\.vscode\extensions\redhat.java-1.30.0-win32-x64\jre\17.0.10-win32-x86_64\bin\zip.dll
Event: 0.540 Loaded shared library C:\Users\Kiet\.vscode\extensions\redhat.java-1.30.0-win32-x64\jre\17.0.10-win32-x86_64\bin\jimage.dll
Event: 0.672 Loaded shared library c:\Users\Kiet\.vscode\extensions\redhat.java-1.30.0-win32-x64\jre\17.0.10-win32-x86_64\bin\verify.dll
Event: 1.996 Loaded shared library C:\Users\Kiet\AppData\Roaming\Code\User\globalStorage\redhat.java\1.30.0\config_win\org.eclipse.equinox.launcher\org.eclipse.equinox.launcher.win32.win32.x86_64_1.2.900.v20240213-1244\eclipse_11900.dll
Event: 5.169 Loaded shared library C:\Users\Kiet\AppData\Local\Temp\jna-2338477\jna16457385300444276698.dll

Deoptimization events (20 events):
Event: 6.065 Thread 0x0000017b35b6f3d0 Uncommon trap: trap_request=0xffffff45 fr.pc=0x0000017b404c7188 relative=0x0000000000005168
Event: 6.065 Thread 0x0000017b35b6f3d0 Uncommon trap: reason=unstable_if action=reinterpret pc=0x0000017b404c7188 method=jdk.internal.org.objectweb.asm.Frame.execute(IILjdk/internal/org/objectweb/asm/Symbol;Ljdk/internal/org/objectweb/asm/SymbolTable;)V @ 1 c2
Event: 6.065 Thread 0x0000017b35b6f3d0 DEOPT PACKING pc=0x0000017b404c7188 sp=0x0000005d1c8fdaf0
Event: 6.065 Thread 0x0000017b35b6f3d0 DEOPT UNPACKING pc=0x0000017b3fd89ea3 sp=0x0000005d1c8fda98 mode 2
Event: 6.086 Thread 0x0000017b50b333e0 Uncommon trap: trap_request=0xffffff45 fr.pc=0x0000017b40520134 relative=0x0000000000000e94
Event: 6.086 Thread 0x0000017b50b333e0 Uncommon trap: reason=unstable_if action=reinterpret pc=0x0000017b40520134 method=sun.nio.cs.StreamDecoder.read0()I @ 39 c2
Event: 6.086 Thread 0x0000017b50b333e0 DEOPT PACKING pc=0x0000017b40520134 sp=0x0000005d1e7fd9d0
Event: 6.086 Thread 0x0000017b50b333e0 DEOPT UNPACKING pc=0x0000017b3fd89ea3 sp=0x0000005d1e7fd960 mode 2
Event: 6.092 Thread 0x0000017b35b6f3d0 Uncommon trap: trap_request=0xffffff45 fr.pc=0x0000017b404c0f60 relative=0x00000000000000c0
Event: 6.092 Thread 0x0000017b35b6f3d0 Uncommon trap: reason=unstable_if action=reinterpret pc=0x0000017b404c0f60 method=java.lang.CharacterDataLatin1.digit(II)I @ 7 c2
Event: 6.092 Thread 0x0000017b35b6f3d0 DEOPT PACKING pc=0x0000017b404c0f60 sp=0x0000005d1c8fde00
Event: 6.092 Thread 0x0000017b35b6f3d0 DEOPT UNPACKING pc=0x0000017b3fd89ea3 sp=0x0000005d1c8fdcc0 mode 2
Event: 6.092 Thread 0x0000017b35b6f3d0 Uncommon trap: trap_request=0xffffff45 fr.pc=0x0000017b402fd0b4 relative=0x0000000000000094
Event: 6.092 Thread 0x0000017b35b6f3d0 Uncommon trap: reason=unstable_if action=reinterpret pc=0x0000017b402fd0b4 method=java.lang.CharacterDataLatin1.digit(II)I @ 7 c2
Event: 6.092 Thread 0x0000017b35b6f3d0 DEOPT PACKING pc=0x0000017b402fd0b4 sp=0x0000005d1c8fdd60
Event: 6.092 Thread 0x0000017b35b6f3d0 DEOPT UNPACKING pc=0x0000017b3fd89ea3 sp=0x0000005d1c8fdce0 mode 2
Event: 6.125 Thread 0x0000017b35b6f3d0 Uncommon trap: trap_request=0xffffff45 fr.pc=0x0000017b402f5b20 relative=0x0000000000000280
Event: 6.125 Thread 0x0000017b35b6f3d0 Uncommon trap: reason=unstable_if action=reinterpret pc=0x0000017b402f5b20 method=java.util.HashMap$HashIterator.<init>(Ljava/util/HashMap;)V @ 45 c2
Event: 6.125 Thread 0x0000017b35b6f3d0 DEOPT PACKING pc=0x0000017b402f5b20 sp=0x0000005d1c8fdef0
Event: 6.125 Thread 0x0000017b35b6f3d0 DEOPT UNPACKING pc=0x0000017b3fd89ea3 sp=0x0000005d1c8fde88 mode 2

Classes unloaded (7 events):
Event: 3.045 Thread 0x0000017b4eb014b0 Unloading class 0x000000010024b400 'java/lang/invoke/LambdaForm$MH+0x000000010024b400'
Event: 3.045 Thread 0x0000017b4eb014b0 Unloading class 0x000000010024b000 'java/lang/invoke/LambdaForm$MH+0x000000010024b000'
Event: 3.045 Thread 0x0000017b4eb014b0 Unloading class 0x000000010024ac00 'java/lang/invoke/LambdaForm$MH+0x000000010024ac00'
Event: 3.045 Thread 0x0000017b4eb014b0 Unloading class 0x000000010024a800 'java/lang/invoke/LambdaForm$MH+0x000000010024a800'
Event: 3.045 Thread 0x0000017b4eb014b0 Unloading class 0x000000010024a400 'java/lang/invoke/LambdaForm$BMH+0x000000010024a400'
Event: 3.045 Thread 0x0000017b4eb014b0 Unloading class 0x000000010024a000 'java/lang/invoke/LambdaForm$DMH+0x000000010024a000'
Event: 3.045 Thread 0x0000017b4eb014b0 Unloading class 0x0000000100244400 'java/lang/invoke/LambdaForm$DMH+0x0000000100244400'

Classes redefined (0 events):
No events

Internal exceptions (20 events):
Event: 4.803 Thread 0x0000017b50b333e0 Exception <a 'java/lang/NoSuchMethodError'{0x00000000eab6ca50}: 'int java.lang.invoke.DirectMethodHandle$Holder.invokeStatic(java.lang.Object, long)'> (0x00000000eab6ca50) 
thrown [s\src\hotspot\share\interpreter\linkResolver.cpp, line 759]
Event: 4.828 Thread 0x0000017b50b333e0 Exception <a 'java/lang/NoSuchMethodError'{0x00000000eac12560}: 'int java.lang.invoke.Invokers$Holder.linkToTargetMethod(java.lang.Object, java.lang.Object)'> (0x00000000eac12560) 
thrown [s\src\hotspot\share\interpreter\linkResolver.cpp, line 759]
Event: 4.832 Thread 0x0000017b50b36b90 Exception <a 'java/lang/NoSuchMethodError'{0x00000000eac31880}: 'int java.lang.invoke.DirectMethodHandle$Holder.invokeSpecial(java.lang.Object, java.lang.Object, java.lang.Object, java.lang.Object)'> (0x00000000eac31880) 
thrown [s\src\hotspot\share\interpreter\linkResolver.cpp, line 759]
Event: 4.837 Thread 0x0000017b50b36b90 Exception <a 'java/lang/NoSuchMethodError'{0x00000000eac6b880}: 'java.lang.Object java.lang.invoke.DirectMethodHandle$Holder.invokeStatic(java.lang.Object, int, java.lang.Object, java.lang.Object)'> (0x00000000eac6b880) 
thrown [s\src\hotspot\share\interpreter\linkResolver.cpp, line 759]
Event: 4.837 Thread 0x0000017b50b36b90 Exception <a 'java/lang/NoSuchMethodError'{0x00000000eac750f8}: 'java.lang.Object java.lang.invoke.DelegatingMethodHandle$Holder.delegate(java.lang.Object, int, java.lang.Object, java.lang.Object)'> (0x00000000eac750f8) 
thrown [s\src\hotspot\share\interpreter\linkResolver.cpp, line 759]
Event: 4.843 Thread 0x0000017b50b36b90 Exception <a 'java/lang/NoSuchMethodError'{0x00000000ead1dbc0}: 'int java.lang.invoke.Invokers$Holder.linkToTargetMethod(java.lang.Object, java.lang.Object, java.lang.Object)'> (0x00000000ead1dbc0) 
thrown [s\src\hotspot\share\interpreter\linkResolver.cpp, line 759]
Event: 4.922 Thread 0x0000017b50b333e0 Exception <a 'java/lang/NoSuchMethodError'{0x00000000eafb04e0}: 'java.lang.Object java.lang.invoke.DirectMethodHandle$Holder.invokeSpecialIFC(java.lang.Object, java.lang.Object, java.lang.Object, java.lang.Object)'> (0x00000000eafb04e0) 
thrown [s\src\hotspot\share\interpreter\linkResolver.cpp, line 759]
Event: 4.986 Thread 0x0000017b506eaeb0 Exception <a 'java/io/FileNotFoundException'{0x00000000eaff32d8}> (0x00000000eaff32d8) 
thrown [s\src\hotspot\share\prims\jni.cpp, line 516]
Event: 5.211 Thread 0x0000017b506eaeb0 Exception <a 'java/lang/UnsatisfiedLinkError'{0x00000000eba8e4c8}: The specified procedure could not be found.
> (0x00000000eba8e4c8) 
thrown [s\src\hotspot\share\prims\jni.cpp, line 535]
Event: 5.219 Thread 0x0000017b506eaeb0 Exception <a 'java/io/FileNotFoundException'{0x00000000ebab6bc0}> (0x00000000ebab6bc0) 
thrown [s\src\hotspot\share\prims\jni.cpp, line 516]
Event: 5.235 Thread 0x0000017b506eaeb0 Exception <a 'java/io/FileNotFoundException'{0x00000000ebc430e8}> (0x00000000ebc430e8) 
thrown [s\src\hotspot\share\prims\jni.cpp, line 516]
Event: 5.263 Thread 0x0000017b506eaeb0 Exception <a 'java/lang/UnsatisfiedLinkError'{0x00000000ebd343d0}: The specified procedure could not be found.
> (0x00000000ebd343d0) 
thrown [s\src\hotspot\share\prims\jni.cpp, line 535]
Event: 5.271 Thread 0x0000017b50b333e0 Exception <a 'java/lang/NoSuchMethodError'{0x00000000ebe52150}: 'int java.lang.invoke.DirectMethodHandle$Holder.invokeSpecialIFC(java.lang.Object, java.lang.Object, java.lang.Object, java.lang.Object, java.lang.Object)'> (0x00000000ebe52150) 
thrown [s\src\hotspot\share\interpreter\linkResolver.cpp, line 759]
Event: 5.314 Thread 0x0000017b35b6f3d0 Exception <a 'sun/nio/fs/WindowsException'{0x00000000ebfe17c0}> (0x00000000ebfe17c0) 
thrown [s\src\hotspot\share\prims\jni.cpp, line 516]
Event: 5.617 Thread 0x0000017b35b6f3d0 Exception <a 'java/lang/NoSuchMethodError'{0x00000000eb523aa0}: 'java.lang.Object java.lang.invoke.DirectMethodHandle$Holder.invokeStatic(java.lang.Object, java.lang.Object, long, java.lang.Object)'> (0x00000000eb523aa0) 
thrown [s\src\hotspot\share\interpreter\linkResolver.cpp, line 759]
Event: 5.617 Thread 0x0000017b35b6f3d0 Exception <a 'java/lang/NoSuchMethodError'{0x00000000eb527538}: 'java.lang.Object java.lang.invoke.DirectMethodHandle$Holder.invokeStaticInit(java.lang.Object, java.lang.Object, long, java.lang.Object)'> (0x00000000eb527538) 
thrown [s\src\hotspot\share\interpreter\linkResolver.cpp, line 759]
Event: 5.618 Thread 0x0000017b35b6f3d0 Exception <a 'java/lang/NoSuchMethodError'{0x00000000eb52dff0}: 'java.lang.Object java.lang.invoke.DirectMethodHandle$Holder.newInvokeSpecial(java.lang.Object, java.lang.Object, long)'> (0x00000000eb52dff0) 
thrown [s\src\hotspot\share\interpreter\linkResolver.cpp, line 759]
Event: 5.801 Thread 0x0000017b50b333e0 Exception <a 'java/lang/NoClassDefFoundError'{0x00000000ebb1c5a0}: javax/enterprise/inject/Typed> (0x00000000ebb1c5a0) 
thrown [s\src\hotspot\share\classfile\systemDictionary.cpp, line 245]
Event: 6.050 Thread 0x0000017b35b6f3d0 Exception <a 'java/lang/NoSuchMethodError'{0x00000000eb57aa48}: 'void java.lang.invoke.DirectMethodHandle$Holder.invokeSpecial(java.lang.Object, java.lang.Object, java.lang.Object, java.lang.Object, java.lang.Object, java.lang.Object)'> (0x00000000eb57aa48) 
thrown [s\src\hotspot\share\interpreter\linkResolver.cpp, line 759]
Event: 6.052 Thread 0x0000017b35b6f3d0 Exception <a 'java/lang/IncompatibleClassChangeError'{0x00000000eb584148}: Found class java.lang.Object, but interface was expected> (0x00000000eb584148) 
thrown [s\src\hotspot\share\interpreter\linkResolver.cpp, line 826]

VM Operations (20 events):
Event: 4.836 Executing VM operation: HandshakeAllThreads
Event: 4.836 Executing VM operation: HandshakeAllThreads done
Event: 5.191 Executing VM operation: HandshakeAllThreads
Event: 5.192 Executing VM operation: HandshakeAllThreads done
Event: 5.333 Executing VM operation: ParallelGCFailedAllocation
Event: 5.338 Executing VM operation: ParallelGCFailedAllocation done
Event: 5.759 Executing VM operation: HandshakeAllThreads
Event: 5.759 Executing VM operation: HandshakeAllThreads done
Event: 5.923 Executing VM operation: ParallelGCFailedAllocation
Event: 5.926 Executing VM operation: ParallelGCFailedAllocation done
Event: 6.236 Executing VM operation: ParallelGCFailedAllocation
Event: 6.236 Executing VM operation: ParallelGCFailedAllocation done
Event: 6.237 Executing VM operation: ParallelGCSystemGC
Event: 6.240 Executing VM operation: ParallelGCSystemGC done
Event: 6.325 Executing VM operation: HandshakeAllThreads
Event: 6.325 Executing VM operation: HandshakeAllThreads done
Event: 6.342 Executing VM operation: HandshakeAllThreads
Event: 6.343 Executing VM operation: HandshakeAllThreads done
Event: 6.359 Executing VM operation: HandshakeAllThreads
Event: 6.359 Executing VM operation: HandshakeAllThreads done

Events (20 events):
Event: 6.369 Thread 0x0000017b4eb99210 flushing nmethod 0x0000017b390d5c10
Event: 6.369 Thread 0x0000017b4eb99210 flushing nmethod 0x0000017b390d6010
Event: 6.369 Thread 0x0000017b4eb99210 flushing nmethod 0x0000017b390d6410
Event: 6.369 Thread 0x0000017b4eb99210 flushing nmethod 0x0000017b390d6990
Event: 6.369 Thread 0x0000017b4eb99210 flushing nmethod 0x0000017b390d7910
Event: 6.369 Thread 0x0000017b4eb99210 flushing nmethod 0x0000017b390f6990
Event: 6.369 Thread 0x0000017b4eb99210 flushing nmethod 0x0000017b390f8e90
Event: 6.369 Thread 0x0000017b4eb99210 flushing nmethod 0x0000017b39103890
Event: 6.369 Thread 0x0000017b4eb99210 flushing nmethod 0x0000017b39126010
Event: 6.369 Thread 0x0000017b4eb99210 flushing nmethod 0x0000017b39130810
Event: 6.369 Thread 0x0000017b4eb99210 flushing nmethod 0x0000017b39132590
Event: 6.369 Thread 0x0000017b4eb99210 flushing nmethod 0x0000017b39132990
Event: 6.369 Thread 0x0000017b4eb99210 flushing nmethod 0x0000017b39132d90
Event: 6.369 Thread 0x0000017b4eb99210 flushing nmethod 0x0000017b39133410
Event: 6.369 Thread 0x0000017b4eb99210 flushing nmethod 0x0000017b39135f10
Event: 6.369 Thread 0x0000017b4eb99210 flushing nmethod 0x0000017b39139710
Event: 6.369 Thread 0x0000017b4eb99210 flushing nmethod 0x0000017b3913e110
Event: 6.369 Thread 0x0000017b4eb99210 flushing nmethod 0x0000017b39143a10
Event: 6.369 Thread 0x0000017b4eb99210 flushing nmethod 0x0000017b39144190
Event: 6.369 Thread 0x0000017b4eb99210 flushing nmethod 0x0000017b3915b710


Dynamic libraries:
0x00007ff651140000 - 0x00007ff65114e000 	c:\Users\Kiet\.vscode\extensions\redhat.java-1.30.0-win32-x64\jre\17.0.10-win32-x86_64\bin\java.exe
0x00007ffe48d30000 - 0x00007ffe48f46000 	C:\WINDOWS\SYSTEM32\ntdll.dll
0x00007ffe47020000 - 0x00007ffe470e4000 	C:\WINDOWS\System32\KERNEL32.DLL
0x00007ffe46050000 - 0x00007ffe463f7000 	C:\WINDOWS\System32\KERNELBASE.dll
0x00007ffe46660000 - 0x00007ffe46771000 	C:\WINDOWS\System32\ucrtbase.dll
0x00007ffe34c90000 - 0x00007ffe34cab000 	c:\Users\Kiet\.vscode\extensions\redhat.java-1.30.0-win32-x64\jre\17.0.10-win32-x86_64\bin\VCRUNTIME140.dll
0x00007ffe34af0000 - 0x00007ffe34b07000 	c:\Users\Kiet\.vscode\extensions\redhat.java-1.30.0-win32-x64\jre\17.0.10-win32-x86_64\bin\jli.dll
0x00007ffe46dc0000 - 0x00007ffe46f6e000 	C:\WINDOWS\System32\USER32.dll
0x00007ffe46820000 - 0x00007ffe46846000 	C:\WINDOWS\System32\win32u.dll
0x00007ffe368c0000 - 0x00007ffe36b53000 	C:\WINDOWS\WinSxS\amd64_microsoft.windows.common-controls_6595b64144ccf1df_6.0.22621.3235_none_270f74e173860f98\COMCTL32.dll
0x00007ffe46d90000 - 0x00007ffe46db9000 	C:\WINDOWS\System32\GDI32.dll
0x00007ffe48c40000 - 0x00007ffe48ce7000 	C:\WINDOWS\System32\msvcrt.dll
0x00007ffe46850000 - 0x00007ffe46969000 	C:\WINDOWS\System32\gdi32full.dll
0x00007ffe46780000 - 0x00007ffe4681a000 	C:\WINDOWS\System32\msvcp_win.dll
0x00007ffe46a60000 - 0x00007ffe46a91000 	C:\WINDOWS\System32\IMM32.DLL
0x00007ffe36740000 - 0x00007ffe3674c000 	c:\Users\Kiet\.vscode\extensions\redhat.java-1.30.0-win32-x64\jre\17.0.10-win32-x86_64\bin\vcruntime140_1.dll
0x00007ffe0df70000 - 0x00007ffe0dffd000 	c:\Users\Kiet\.vscode\extensions\redhat.java-1.30.0-win32-x64\jre\17.0.10-win32-x86_64\bin\msvcp140.dll
0x00007ffdf3a00000 - 0x00007ffdf4662000 	c:\Users\Kiet\.vscode\extensions\redhat.java-1.30.0-win32-x64\jre\17.0.10-win32-x86_64\bin\server\jvm.dll
0x00007ffe47810000 - 0x00007ffe478c2000 	C:\WINDOWS\System32\ADVAPI32.dll
0x00007ffe46f70000 - 0x00007ffe47018000 	C:\WINDOWS\System32\sechost.dll
0x00007ffe46400000 - 0x00007ffe46428000 	C:\WINDOWS\System32\bcrypt.dll
0x00007ffe478d0000 - 0x00007ffe479e5000 	C:\WINDOWS\System32\RPCRT4.dll
0x00007ffe45f20000 - 0x00007ffe45f6d000 	C:\WINDOWS\SYSTEM32\POWRPROF.dll
0x00007ffe36300000 - 0x00007ffe36309000 	C:\WINDOWS\SYSTEM32\WSOCK32.dll
0x00007ffe46d00000 - 0x00007ffe46d71000 	C:\WINDOWS\System32\WS2_32.dll
0x00007ffe3ecd0000 - 0x00007ffe3ed04000 	C:\WINDOWS\SYSTEM32\WINMM.dll
0x00007ffe3dd50000 - 0x00007ffe3dd5a000 	C:\WINDOWS\SYSTEM32\VERSION.dll
0x00007ffe45f00000 - 0x00007ffe45f13000 	C:\WINDOWS\SYSTEM32\UMPDC.dll
0x00007ffe45090000 - 0x00007ffe450a8000 	C:\WINDOWS\SYSTEM32\kernel.appcore.dll
0x00007ffe35fc0000 - 0x00007ffe35fca000 	c:\Users\Kiet\.vscode\extensions\redhat.java-1.30.0-win32-x64\jre\17.0.10-win32-x86_64\bin\jimage.dll
0x00007ffe438e0000 - 0x00007ffe43b13000 	C:\WINDOWS\SYSTEM32\DBGHELP.DLL
0x00007ffe479f0000 - 0x00007ffe47d78000 	C:\WINDOWS\System32\combase.dll
0x00007ffe480f0000 - 0x00007ffe481c7000 	C:\WINDOWS\System32\OLEAUT32.dll
0x00007ffe2ffa0000 - 0x00007ffe2ffd2000 	C:\WINDOWS\SYSTEM32\dbgcore.DLL
0x00007ffe46970000 - 0x00007ffe469e9000 	C:\WINDOWS\System32\bcryptPrimitives.dll
0x00007ffe34c80000 - 0x00007ffe34c8e000 	c:\Users\Kiet\.vscode\extensions\redhat.java-1.30.0-win32-x64\jre\17.0.10-win32-x86_64\bin\instrument.dll
0x00007ffe33630000 - 0x00007ffe33655000 	c:\Users\Kiet\.vscode\extensions\redhat.java-1.30.0-win32-x64\jre\17.0.10-win32-x86_64\bin\java.dll
0x00007ffe34ad0000 - 0x00007ffe34ae8000 	c:\Users\Kiet\.vscode\extensions\redhat.java-1.30.0-win32-x64\jre\17.0.10-win32-x86_64\bin\zip.dll
0x00007ffe48380000 - 0x00007ffe48bdc000 	C:\WINDOWS\System32\SHELL32.dll
0x00007ffe43fb0000 - 0x00007ffe448a9000 	C:\WINDOWS\SYSTEM32\windows.storage.dll
0x00007ffe43e70000 - 0x00007ffe43fae000 	C:\WINDOWS\SYSTEM32\wintypes.dll
0x00007ffe48280000 - 0x00007ffe48373000 	C:\WINDOWS\System32\SHCORE.dll
0x00007ffe48090000 - 0x00007ffe480ee000 	C:\WINDOWS\System32\shlwapi.dll
0x00007ffe45f80000 - 0x00007ffe45fa1000 	C:\WINDOWS\SYSTEM32\profapi.dll
0x00007ffe30240000 - 0x00007ffe30259000 	C:\Users\Kiet\.vscode\extensions\redhat.java-1.30.0-win32-x64\jre\17.0.10-win32-x86_64\bin\net.dll
0x00007ffe3ff60000 - 0x00007ffe40096000 	C:\WINDOWS\SYSTEM32\WINHTTP.dll
0x00007ffe45500000 - 0x00007ffe45569000 	C:\WINDOWS\system32\mswsock.dll
0x00007ffe267c0000 - 0x00007ffe267d6000 	C:\Users\Kiet\.vscode\extensions\redhat.java-1.30.0-win32-x64\jre\17.0.10-win32-x86_64\bin\nio.dll
0x00007ffe33620000 - 0x00007ffe33630000 	c:\Users\Kiet\.vscode\extensions\redhat.java-1.30.0-win32-x64\jre\17.0.10-win32-x86_64\bin\verify.dll
0x00007ffe0e300000 - 0x00007ffe0e33e000 	C:\Users\Kiet\AppData\Roaming\Code\User\globalStorage\redhat.java\1.30.0\config_win\org.eclipse.equinox.launcher\org.eclipse.equinox.launcher.win32.win32.x86_64_1.2.900.v20240213-1244\eclipse_11900.dll
0x00007ffe47d80000 - 0x00007ffe47f25000 	C:\WINDOWS\System32\ole32.dll
0x00007ffe45760000 - 0x00007ffe4577b000 	C:\WINDOWS\SYSTEM32\CRYPTSP.dll
0x00007ffe44ff0000 - 0x00007ffe45025000 	C:\WINDOWS\system32\rsaenh.dll
0x00007ffe45600000 - 0x00007ffe45628000 	C:\WINDOWS\SYSTEM32\USERENV.dll
0x00007ffe45780000 - 0x00007ffe4578c000 	C:\WINDOWS\SYSTEM32\CRYPTBASE.dll
0x00007ffe44b10000 - 0x00007ffe44b3d000 	C:\WINDOWS\SYSTEM32\IPHLPAPI.DLL
0x00007ffe47380000 - 0x00007ffe47389000 	C:\WINDOWS\System32\NSI.dll
0x00007ffe40180000 - 0x00007ffe40199000 	C:\WINDOWS\SYSTEM32\dhcpcsvc6.DLL
0x00007ffe3f980000 - 0x00007ffe3f99f000 	C:\WINDOWS\SYSTEM32\dhcpcsvc.DLL
0x00007ffe44b80000 - 0x00007ffe44c79000 	C:\WINDOWS\SYSTEM32\DNSAPI.dll
0x00007ffe0c2d0000 - 0x00007ffe0c315000 	C:\Users\Kiet\AppData\Local\Temp\jna-2338477\jna16457385300444276698.dll
0x00007ffe46d80000 - 0x00007ffe46d88000 	C:\WINDOWS\System32\PSAPI.DLL

dbghelp: loaded successfully - version: 4.0.5 - missing functions: none
symbol engine: initialized successfully - sym options: 0x614 - pdb path: .;c:\Users\Kiet\.vscode\extensions\redhat.java-1.30.0-win32-x64\jre\17.0.10-win32-x86_64\bin;C:\WINDOWS\SYSTEM32;C:\WINDOWS\WinSxS\amd64_microsoft.windows.common-controls_6595b64144ccf1df_6.0.22621.3235_none_270f74e173860f98;c:\Users\Kiet\.vscode\extensions\redhat.java-1.30.0-win32-x64\jre\17.0.10-win32-x86_64\bin\server;C:\Users\Kiet\AppData\Roaming\Code\User\globalStorage\redhat.java\1.30.0\config_win\org.eclipse.equinox.launcher\org.eclipse.equinox.launcher.win32.win32.x86_64_1.2.900.v20240213-1244;C:\Users\Kiet\AppData\Local\Temp\jna-2338477

VM Arguments:
jvm_args: --add-modules=ALL-SYSTEM --add-opens=java.base/java.util=ALL-UNNAMED --add-opens=java.base/java.lang=ALL-UNNAMED --add-opens=java.base/sun.nio.fs=ALL-UNNAMED -Declipse.application=org.eclipse.jdt.ls.core.id1 -Dosgi.bundles.defaultStartLevel=4 -Declipse.product=org.eclipse.jdt.ls.core.product -Djava.import.generatesMetadataFilesAtProjectRoot=false -DDetectVMInstallationsJob.disabled=true -Dfile.encoding=utf8 -XX:+UseParallelGC -XX:GCTimeRatio=4 -XX:AdaptiveSizePolicyWeight=90 -Dsun.zip.disableMemoryMapping=true -Xmx1G -Xms100m -Xlog:disable -javaagent:c:\Users\Kiet\.vscode\extensions\redhat.java-1.30.0-win32-x64\lombok\lombok-1.18.32.jar -XX:+HeapDumpOnOutOfMemoryError -XX:HeapDumpPath=c:\Users\Kiet\AppData\Roaming\Code\User\workspaceStorage\b3b38d78d4b70df6aa0616a4b888d3ad\redhat.java -Daether.dependencyCollector.impl=bf 
java_command: c:\Users\Kiet\.vscode\extensions\redhat.java-1.30.0-win32-x64\server\plugins\org.eclipse.equinox.launcher_1.6.800.v20240330-1250.jar -configuration c:\Users\Kiet\AppData\Roaming\Code\User\globalStorage\redhat.java\1.30.0\config_win -data c:\Users\Kiet\AppData\Roaming\Code\User\workspaceStorage\b3b38d78d4b70df6aa0616a4b888d3ad\redhat.java\jdt_ws --pipe=\\.\pipe\lsp-1d6d47223083f28ec97fe6c8f4f02e3b-sock
java_class_path (initial): c:\Users\Kiet\.vscode\extensions\redhat.java-1.30.0-win32-x64\server\plugins\org.eclipse.equinox.launcher_1.6.800.v20240330-1250.jar
Launcher Type: SUN_STANDARD

[Global flags]
    uintx AdaptiveSizePolicyWeight                 = 90                                        {product} {command line}
     intx CICompilerCount                          = 4                                         {product} {ergonomic}
    uintx GCTimeRatio                              = 4                                         {product} {command line}
     bool HeapDumpOnOutOfMemoryError               = true                                   {manageable} {command line}
    ccstr HeapDumpPath                             = c:\Users\Kiet\AppData\Roaming\Code\User\workspaceStorage\b3b38d78d4b70df6aa0616a4b888d3ad\redhat.java         {manageable} {command line}
   size_t InitialHeapSize                          = 104857600                                 {product} {command line}
   size_t MaxHeapSize                              = 1073741824                                {product} {command line}
   size_t MaxNewSize                               = 357564416                                 {product} {ergonomic}
   size_t MinHeapDeltaBytes                        = 524288                                    {product} {ergonomic}
   size_t MinHeapSize                              = 104857600                                 {product} {command line}
   size_t NewSize                                  = 34603008                                  {product} {ergonomic}
    uintx NonNMethodCodeHeapSize                   = 5839372                                {pd product} {ergonomic}
    uintx NonProfiledCodeHeapSize                  = 122909434                              {pd product} {ergonomic}
   size_t OldSize                                  = 70254592                                  {product} {ergonomic}
    uintx ProfiledCodeHeapSize                     = 122909434                              {pd product} {ergonomic}
    uintx ReservedCodeCacheSize                    = 251658240                              {pd product} {ergonomic}
     bool SegmentedCodeCache                       = true                                      {product} {ergonomic}
   size_t SoftMaxHeapSize                          = 1073741824                             {manageable} {ergonomic}
     bool UseCompressedClassPointers               = true                           {product lp64_product} {ergonomic}
     bool UseCompressedOops                        = true                           {product lp64_product} {ergonomic}
     bool UseLargePagesIndividualAllocation        = false                                  {pd product} {ergonomic}
     bool UseParallelGC                            = true                                      {product} {command line}

Logging:
Log output configuration:
 #0: stdout all=off uptime,level,tags
 #1: stderr all=off uptime,level,tags

Environment Variables:
PATH=C:\Program Files\Common Files\Oracle\Java\javapath;C:\Program Files (x86)\Common Files\Oracle\Java\javapath;C:\WINDOWS\system32;C:\WINDOWS;C:\WINDOWS\System32\Wbem;C:\WINDOWS\System32\WindowsPowerShell\v1.0\;C:\WINDOWS\System32\OpenSSH\;C:\Program Files\dotnet\;C:\Program Files\Common Files\Oracle\Java\javapath;C:\Program Files\Java\jdk-11\bin;C:\Program Files (x86)\Microsoft SQL Server\160\Tools\Binn\;C:\Program Files\Microsoft SQL Server\160\Tools\Binn\;C:\Program Files\Microsoft SQL Server\Client SDK\ODBC\170\Tools\Binn\;C:\Program Files\Microsoft SQL Server\160\DTS\Binn\;C:\Program Files (x86)\Microsoft SQL Server\160\DTS\Binn\;C:\Program Files\Azure Data Studio\bin;C:\Program Files\apache-maven-3.9.6\bin;C:\Program Files\Git\cmd;C:\Program Files\nodejs\;C:\Program Files\Java\jdk-21\bin;C:\Users\Kiet\AppData\Local\Microsoft\WindowsApps;C:\Users\Kiet\AppData\Local\Programs\Microsoft VS Code\bin;C:\Users\Kiet\AppData\Local\GitHubDesktop\bin;C:\Users\Kiet\.dotnet\tools;C:\Program Files\Azure Data Studio\bin;C:\Users\Kiet\AppData\Roaming\npm
USERNAME=Kiet
OS=Windows_NT
PROCESSOR_IDENTIFIER=Intel64 Family 6 Model 126 Stepping 5, GenuineIntel
TMP=C:\Users\Kiet\AppData\Local\Temp
TEMP=C:\Users\Kiet\AppData\Local\Temp



Periodic native trim disabled


---------------  S Y S T E M  ---------------

OS:
 Windows 11 , 64 bit Build 22621 (10.0.22621.3374)
OS uptime: 0 days 7:19 hours

CPU: total 8 (initial active 8) (4 cores per cpu, 2 threads per core) family 6 model 126 stepping 5 microcode 0xa6, cx8, cmov, fxsr, ht, mmx, 3dnowpref, sse, sse2, sse3, ssse3, sse4.1, sse4.2, popcnt, lzcnt, tsc, tscinvbit, avx, avx2, aes, erms, clmul, bmi1, bmi2, adx, avx512f, avx512dq, avx512cd, avx512bw, avx512vl, sha, fma, vzeroupper, avx512_vpopcntdq, avx512_vpclmulqdq, avx512_vaes, avx512_vnni, clflush, clflushopt, avx512_vbmi2, avx512_vbmi
Processor Information for all 8 processors :
  Max Mhz: 1190, Current Mhz: 991, Mhz Limit: 987

Memory: 4k page, system-wide physical 7987M (766M free)
TotalPageFile size 10035M (AvailPageFile size 19M)
current process WorkingSet (physical memory assigned to process): 182M, peak: 187M
current process commit charge ("private bytes"): 275M, peak: 282M

vm_info: OpenJDK 64-Bit Server VM (17.0.10+7) for windows-amd64 JRE (17.0.10+7), built on Jan 16 2024 23:25:11 by "admin" with MS VC++ 16.10 / 16.11 (VS2019)

END.
