#
# There is insufficient memory for the Java Runtime Environment to continue.
# Native memory allocation (malloc) failed to allocate 1308576 bytes for Chunk::new
# Possible reasons:
#   The system is out of physical RAM or swap space
#   The process is running with CompressedOops enabled, and the Java Heap may be blocking the growth of the native heap
# Possible solutions:
#   Reduce memory load on the system
#   Increase physical memory or swap space
#   Check if swap backing store is full
#   Decrease Java heap size (-Xmx/-Xms)
#   Decrease number of Java threads
#   Decrease Java thread stack sizes (-Xss)
#   Set larger code cache with -XX:ReservedCodeCacheSize=
#   JVM is running with Unscaled Compressed Oops mode in which the Java heap is
#     placed in the first 4GB address space. The Java Heap base address is the
#     maximum limit for the native heap growth. Please use -XX:HeapBaseMinAddress
#     to set the Java Heap base and to place the Java Heap above 4GB virtual address.
# This output file may be truncated or incomplete.
#
#  Out of Memory Error (arena.cpp:191), pid=19604, tid=6624
#
# JRE version: OpenJDK Runtime Environment Temurin-17.0.10+7 (17.0.10+7) (build 17.0.10+7)
# Java VM: OpenJDK 64-Bit Server VM Temurin-17.0.10+7 (17.0.10+7, mixed mode, tiered, compressed oops, compressed class ptrs, parallel gc, windows-amd64)
# No core dump will be written. Minidumps are not enabled by default on client versions of Windows
#

---------------  S U M M A R Y ------------

Command Line: --add-modules=ALL-SYSTEM --add-opens=java.base/java.util=ALL-UNNAMED --add-opens=java.base/java.lang=ALL-UNNAMED --add-opens=java.base/sun.nio.fs=ALL-UNNAMED -Declipse.application=org.eclipse.jdt.ls.core.id1 -Dosgi.bundles.defaultStartLevel=4 -Declipse.product=org.eclipse.jdt.ls.core.product -Djava.import.generatesMetadataFilesAtProjectRoot=false -DDetectVMInstallationsJob.disabled=true -Dfile.encoding=utf8 -XX:+UseParallelGC -XX:GCTimeRatio=4 -XX:AdaptiveSizePolicyWeight=90 -Dsun.zip.disableMemoryMapping=true -Xmx1G -Xms100m -Xlog:disable -javaagent:c:\Users\Kiet\.vscode\extensions\redhat.java-1.30.0-win32-x64\lombok\lombok-1.18.32.jar c:\Users\Kiet\.vscode\extensions\redhat.java-1.30.0-win32-x64\server\plugins\org.eclipse.equinox.launcher_1.6.800.v20240330-1250.jar -configuration c:\Users\Kiet\AppData\Roaming\Code\User\globalStorage\redhat.java\1.30.0\config_ss_win -data c:\Users\Kiet\AppData\Roaming\Code\User\workspaceStorage\9f0ec90a7e62ad64397c1cc3a6503a33\redhat.java\ss_ws --pipe=\\.\pipe\lsp-c0bdb247177bbd4eb1e2b44d29e9dffb-sock

Host: Intel(R) Core(TM) i5-1035G1 CPU @ 1.00GHz, 8 cores, 7G,  Windows 11 , 64 bit Build 22621 (10.0.22621.3374)
Time: Sat Apr 27 16:02:29 2024 SE Asia Standard Time elapsed time: 6.095483 seconds (0d 0h 0m 6s)

---------------  T H R E A D  ---------------

Current thread (0x0000019f52567300):  JavaThread "C2 CompilerThread1" daemon [_thread_in_native, id=6624, stack(0x00000072e1800000,0x00000072e1900000)]


Current CompileTask:
C2:   6095 2482       4       org.lombokweb.asm.ClassReader::readMethod (1066 bytes)

Stack: [0x00000072e1800000,0x00000072e1900000]
Native frames: (J=compiled Java code, j=interpreted, Vv=VM code, C=native code)
V  [jvm.dll+0x67d2c9]
V  [jvm.dll+0x834afa]
V  [jvm.dll+0x8365be]
V  [jvm.dll+0x836c23]
V  [jvm.dll+0x2477ff]
V  [jvm.dll+0xac514]
V  [jvm.dll+0xacb5c]
V  [jvm.dll+0x3667d7]
V  [jvm.dll+0x330bfa]
V  [jvm.dll+0x33009a]
V  [jvm.dll+0x219ef1]
V  [jvm.dll+0x219311]
V  [jvm.dll+0x1a502d]
V  [jvm.dll+0x2290de]
V  [jvm.dll+0x2272ac]
V  [jvm.dll+0x7e9bb7]
V  [jvm.dll+0x7e3fba]
V  [jvm.dll+0x67c1b5]
C  [ucrtbase.dll+0x29333]
C  [KERNEL32.DLL+0x1257d]
C  [ntdll.dll+0x5aa48]


---------------  P R O C E S S  ---------------

Threads class SMR info:
_java_thread_list=0x0000019f524ac350, length=21, elements={
0x0000019f357adef0, 0x0000019f4b584020, 0x0000019f4b585810, 0x0000019f4b58e2a0,
0x0000019f506d4010, 0x0000019f506d5080, 0x0000019f506d5c40, 0x0000019f506d8940,
0x0000019f5073baf0, 0x0000019f50758890, 0x0000019f507dc930, 0x0000019f509ce080,
0x0000019f5200ded0, 0x0000019f521b8aa0, 0x0000019f51edef50, 0x0000019f52446740,
0x0000019f520b6d30, 0x0000019f523c1fa0, 0x0000019f523c38f0, 0x0000019f523c1a90,
0x0000019f52567300
}

Java Threads: ( => current thread )
  0x0000019f357adef0 JavaThread "main" [_thread_blocked, id=7336, stack(0x00000072dfb00000,0x00000072dfc00000)]
  0x0000019f4b584020 JavaThread "Reference Handler" daemon [_thread_blocked, id=17052, stack(0x00000072dfe00000,0x00000072dff00000)]
  0x0000019f4b585810 JavaThread "Finalizer" daemon [_thread_blocked, id=20440, stack(0x00000072dff00000,0x00000072e0000000)]
  0x0000019f4b58e2a0 JavaThread "Signal Dispatcher" daemon [_thread_blocked, id=17060, stack(0x00000072e0000000,0x00000072e0100000)]
  0x0000019f506d4010 JavaThread "Attach Listener" daemon [_thread_blocked, id=9376, stack(0x00000072e0100000,0x00000072e0200000)]
  0x0000019f506d5080 JavaThread "Service Thread" daemon [_thread_blocked, id=15076, stack(0x00000072e0200000,0x00000072e0300000)]
  0x0000019f506d5c40 JavaThread "Monitor Deflation Thread" daemon [_thread_blocked, id=15060, stack(0x00000072e0300000,0x00000072e0400000)]
  0x0000019f506d8940 JavaThread "C2 CompilerThread0" daemon [_thread_in_native, id=15876, stack(0x00000072e0400000,0x00000072e0500000)]
  0x0000019f5073baf0 JavaThread "C1 CompilerThread0" daemon [_thread_in_native, id=20476, stack(0x00000072e0500000,0x00000072e0600000)]
  0x0000019f50758890 JavaThread "Sweeper thread" daemon [_thread_blocked, id=17144, stack(0x00000072e0600000,0x00000072e0700000)]
  0x0000019f507dc930 JavaThread "Common-Cleaner" daemon [_thread_blocked, id=10924, stack(0x00000072e0700000,0x00000072e0800000)]
  0x0000019f509ce080 JavaThread "Notification Thread" daemon [_thread_blocked, id=2836, stack(0x00000072e0800000,0x00000072e0900000)]
  0x0000019f5200ded0 JavaThread "Active Thread: Equinox Container: b578044e-ee64-4ea4-83e2-4df9908aa2a3" [_thread_blocked, id=16356, stack(0x00000072e1100000,0x00000072e1200000)]
  0x0000019f521b8aa0 JavaThread "Framework Event Dispatcher: Equinox Container: b578044e-ee64-4ea4-83e2-4df9908aa2a3" daemon [_thread_blocked, id=14048, stack(0x00000072e1200000,0x00000072e1300000)]
  0x0000019f51edef50 JavaThread "Start Level: Equinox Container: b578044e-ee64-4ea4-83e2-4df9908aa2a3" daemon [_thread_in_vm, id=18764, stack(0x00000072e1300000,0x00000072e1400000)]
  0x0000019f52446740 JavaThread "SCR Component Actor" daemon [_thread_blocked, id=15356, stack(0x00000072e1400000,0x00000072e1500000)]
  0x0000019f520b6d30 JavaThread "SCR Component Registry" daemon [_thread_blocked, id=11708, stack(0x00000072e1000000,0x00000072e1100000)]
  0x0000019f523c1fa0 JavaThread "Worker-JM" [_thread_blocked, id=10804, stack(0x00000072e1700000,0x00000072e1800000)]
  0x0000019f523c38f0 JavaThread "Worker-0: Refreshing workspace" [_thread_in_native, id=17920, stack(0x00000072e1900000,0x00000072e1a00000)]
  0x0000019f523c1a90 JavaThread "Worker-1" [_thread_blocked, id=11960, stack(0x00000072e1600000,0x00000072e1700000)]
=>0x0000019f52567300 JavaThread "C2 CompilerThread1" daemon [_thread_in_native, id=6624, stack(0x00000072e1800000,0x00000072e1900000)]

Other Threads:
  0x0000019f358589a0 VMThread "VM Thread" [stack: 0x00000072dfd00000,0x00000072dfe00000] [id=10780]
  0x0000019f509fa2c0 WatcherThread [stack: 0x00000072e0900000,0x00000072e0a00000] [id=1528]
  0x0000019f357c2c70 GCTaskThread "GC Thread#0" [stack: 0x00000072dfc00000,0x00000072dfd00000] [id=13392]
  0x0000019f5205dc30 GCTaskThread "GC Thread#1" [stack: 0x00000072e0a00000,0x00000072e0b00000] [id=3256]
  0x0000019f5205def0 GCTaskThread "GC Thread#2" [stack: 0x00000072e0b00000,0x00000072e0c00000] [id=17280]
  0x0000019f5205e1b0 GCTaskThread "GC Thread#3" [stack: 0x00000072e0c00000,0x00000072e0d00000] [id=14212]
  0x0000019f51e19fe0 GCTaskThread "GC Thread#4" [stack: 0x00000072e0d00000,0x00000072e0e00000] [id=15668]
  0x0000019f51e1a2a0 GCTaskThread "GC Thread#5" [stack: 0x00000072e0e00000,0x00000072e0f00000] [id=9540]
  0x0000019f51e1a560 GCTaskThread "GC Thread#6" [stack: 0x00000072e0f00000,0x00000072e1000000] [id=13644]
  0x0000019f51eab270 GCTaskThread "GC Thread#7" [stack: 0x00000072e1500000,0x00000072e1600000] [id=8052]

Threads with active compile tasks:
C2 CompilerThread0     6125 2623       4       java.io.WinNTFileSystem::normalize (143 bytes)
C2 CompilerThread1     6125 2482       4       org.lombokweb.asm.ClassReader::readMethod (1066 bytes)

VM state: not at safepoint (normal execution)

VM Mutex/Monitor currently owned by a thread: None

Heap address: 0x00000000c0000000, size: 1024 MB, Compressed Oops mode: 32-bit

CDS archive(s) not mapped
Compressed class space mapped at: 0x0000000100000000-0x0000000140000000, reserved size: 1073741824
Narrow klass base: 0x0000000000000000, Narrow klass shift: 3, Narrow klass range: 0x140000000

GC Precious Log:
 CPUs: 8 total, 8 available
 Memory: 7987M
 Large Page Support: Disabled
 NUMA Support: Disabled
 Compressed Oops: Enabled (32-bit)
 Alignments: Space 512K, Generation 512K, Heap 2M
 Heap Min Capacity: 100M
 Heap Initial Capacity: 100M
 Heap Max Capacity: 1G
 Pre-touch: Disabled
 Parallel Workers: 8

Heap:
 PSYoungGen      total 26112K, used 18684K [0x00000000eab00000, 0x00000000ec880000, 0x0000000100000000)
  eden space 25088K, 71% used [0x00000000eab00000,0x00000000ebc8e958,0x00000000ec380000)
  from space 1024K, 68% used [0x00000000ec400000,0x00000000ec4b08d0,0x00000000ec500000)
  to   space 2560K, 0% used [0x00000000ec600000,0x00000000ec600000,0x00000000ec880000)
 ParOldGen       total 68608K, used 7435K [0x00000000c0000000, 0x00000000c4300000, 0x00000000eab00000)
  object space 68608K, 10% used [0x00000000c0000000,0x00000000c0742fb8,0x00000000c4300000)
 Metaspace       used 26705K, committed 27136K, reserved 1114112K
  class space    used 2592K, committed 2752K, reserved 1048576K

Card table byte_map: [0x0000019f48e00000,0x0000019f49010000] _byte_map_base: 0x0000019f48800000

Marking Bits: (ParMarkBitMap*) 0x00007ff82ad8d7d0
 Begin Bits: [0x0000019f49170000, 0x0000019f4a170000)
 End Bits:   [0x0000019f4a170000, 0x0000019f4b170000)

Polling page: 0x0000019f39bf0000

Metaspace:

Usage:
  Non-class:     23.55 MB used.
      Class:      2.53 MB used.
       Both:     26.08 MB used.

Virtual space:
  Non-class space:       64.00 MB reserved,      23.81 MB ( 37%) committed,  1 nodes.
      Class space:        1.00 GB reserved,       2.69 MB ( <1%) committed,  1 nodes.
             Both:        1.06 GB reserved,      26.50 MB (  2%) committed. 

Chunk freelists:
   Non-Class:  7.58 MB
       Class:  13.31 MB
        Both:  20.89 MB

MaxMetaspaceSize: unlimited
CompressedClassSpaceSize: 1.00 GB
Initial GC threshold: 21.00 MB
Current GC threshold: 35.00 MB
CDS: off
MetaspaceReclaimPolicy: balanced
 - commit_granule_bytes: 65536.
 - commit_granule_words: 8192.
 - virtual_space_node_default_size: 8388608.
 - enlarge_chunks_in_place: 1.
 - new_chunks_are_fully_committed: 0.
 - uncommit_free_chunks: 1.
 - use_allocation_guard: 0.
 - handle_deallocations: 1.


Internal statistics:

num_allocs_failed_limit: 3.
num_arena_births: 278.
num_arena_deaths: 14.
num_vsnodes_births: 2.
num_vsnodes_deaths: 0.
num_space_committed: 424.
num_space_uncommitted: 0.
num_chunks_returned_to_freelist: 23.
num_chunks_taken_from_freelist: 1023.
num_chunk_merges: 10.
num_chunk_splits: 643.
num_chunks_enlarged: 424.
num_inconsistent_stats: 0.

CodeHeap 'non-profiled nmethods': size=120000Kb used=1056Kb max_used=1056Kb free=118943Kb
 bounds [0x0000019f416e0000, 0x0000019f41950000, 0x0000019f48c10000]
CodeHeap 'profiled nmethods': size=120000Kb used=5222Kb max_used=5222Kb free=114777Kb
 bounds [0x0000019f39c10000, 0x0000019f3a130000, 0x0000019f41140000]
CodeHeap 'non-nmethods': size=5760Kb used=1235Kb max_used=1242Kb free=4524Kb
 bounds [0x0000019f41140000, 0x0000019f413b0000, 0x0000019f416e0000]
 total_blobs=3191 nmethods=2653 adapters=452
 compilation: enabled
              stopped_count=0, restarted_count=0
 full_count=0

Compilation events (20 events):
Event: 6.028 Thread 0x0000019f5073baf0 nmethod 2624 0x0000019f417e7610 code [0x0000019f417e77a0, 0x0000019f417e7878]
Event: 6.037 Thread 0x0000019f506d8940 nmethod 2620 0x0000019f417e7910 code [0x0000019f417e7aa0, 0x0000019f417e7cf8]
Event: 6.037 Thread 0x0000019f506d8940 2623       4       java.io.WinNTFileSystem::normalize (143 bytes)
Event: 6.042 Thread 0x0000019f5073baf0 2626       3       java.io.File::<init> (111 bytes)
Event: 6.044 Thread 0x0000019f5073baf0 nmethod 2626 0x0000019f3a10dd90 code [0x0000019f3a10e020, 0x0000019f3a10e988]
Event: 6.044 Thread 0x0000019f5073baf0 2627       1       lombok.patcher.MethodLogistics::getReturnOpcode (5 bytes)
Event: 6.044 Thread 0x0000019f5073baf0 nmethod 2627 0x0000019f417e7e90 code [0x0000019f417e8020, 0x0000019f417e80f8]
Event: 6.044 Thread 0x0000019f5073baf0 2628       3       org.lombokweb.asm.ByteVector::put11 (52 bytes)
Event: 6.045 Thread 0x0000019f5073baf0 nmethod 2628 0x0000019f3a10ed10 code [0x0000019f3a10eec0, 0x0000019f3a10f0c8]
Event: 6.045 Thread 0x0000019f5073baf0 2630       3       org.lombokweb.asm.MethodWriter::visitLabel (332 bytes)
Event: 6.046 Thread 0x0000019f5073baf0 nmethod 2630 0x0000019f3a10f210 code [0x0000019f3a10f440, 0x0000019f3a10fd98]
Event: 6.046 Thread 0x0000019f5073baf0 2632       3       org.lombokweb.asm.MethodVisitor::visitInsn (16 bytes)
Event: 6.046 Thread 0x0000019f5073baf0 nmethod 2632 0x0000019f3a110010 code [0x0000019f3a1101c0, 0x0000019f3a1103c8]
Event: 6.046 Thread 0x0000019f5073baf0 2633       3       org.lombokweb.asm.Symbol::getArgumentsAndReturnSizes (23 bytes)
Event: 6.046 Thread 0x0000019f5073baf0 nmethod 2633 0x0000019f3a110490 code [0x0000019f3a110640, 0x0000019f3a1107c8]
Event: 6.046 Thread 0x0000019f5073baf0 2629       3       org.lombokweb.asm.Label::put (83 bytes)
Event: 6.047 Thread 0x0000019f5073baf0 nmethod 2629 0x0000019f3a110890 code [0x0000019f3a110aa0, 0x0000019f3a110ed8]
Event: 6.047 Thread 0x0000019f5073baf0 2631       3       org.lombokweb.asm.MethodWriter::visitJumpInsn (495 bytes)
Event: 6.049 Thread 0x0000019f5073baf0 nmethod 2631 0x0000019f3a111090 code [0x0000019f3a1113c0, 0x0000019f3a112428]
Event: 6.057 Thread 0x0000019f5073baf0 2635   !   3       sun.nio.fs.WindowsLinkSupport::getRealPath (500 bytes)

GC Heap History (12 events):
Event: 3.009 GC heap before
{Heap before GC invocations=1 (full 0):
 PSYoungGen      total 29696K, used 25600K [0x00000000eab00000, 0x00000000ecc00000, 0x0000000100000000)
  eden space 25600K, 100% used [0x00000000eab00000,0x00000000ec400000,0x00000000ec400000)
  from space 4096K, 0% used [0x00000000ec800000,0x00000000ec800000,0x00000000ecc00000)
  to   space 4096K, 0% used [0x00000000ec400000,0x00000000ec400000,0x00000000ec800000)
 ParOldGen       total 68608K, used 0K [0x00000000c0000000, 0x00000000c4300000, 0x00000000eab00000)
  object space 68608K, 0% used [0x00000000c0000000,0x00000000c0000000,0x00000000c4300000)
 Metaspace       used 11006K, committed 11200K, reserved 1114112K
  class space    used 1096K, committed 1216K, reserved 1048576K
}
Event: 3.018 GC heap after
{Heap after GC invocations=1 (full 0):
 PSYoungGen      total 29696K, used 3220K [0x00000000eab00000, 0x00000000ecc00000, 0x0000000100000000)
  eden space 25600K, 0% used [0x00000000eab00000,0x00000000eab00000,0x00000000ec400000)
  from space 4096K, 78% used [0x00000000ec400000,0x00000000ec725278,0x00000000ec800000)
  to   space 4096K, 0% used [0x00000000ec800000,0x00000000ec800000,0x00000000ecc00000)
 ParOldGen       total 68608K, used 16K [0x00000000c0000000, 0x00000000c4300000, 0x00000000eab00000)
  object space 68608K, 0% used [0x00000000c0000000,0x00000000c0004000,0x00000000c4300000)
 Metaspace       used 11006K, committed 11200K, reserved 1114112K
  class space    used 1096K, committed 1216K, reserved 1048576K
}
Event: 4.051 GC heap before
{Heap before GC invocations=2 (full 0):
 PSYoungGen      total 29696K, used 28820K [0x00000000eab00000, 0x00000000ecc00000, 0x0000000100000000)
  eden space 25600K, 100% used [0x00000000eab00000,0x00000000ec400000,0x00000000ec400000)
  from space 4096K, 78% used [0x00000000ec400000,0x00000000ec725278,0x00000000ec800000)
  to   space 4096K, 0% used [0x00000000ec800000,0x00000000ec800000,0x00000000ecc00000)
 ParOldGen       total 68608K, used 16K [0x00000000c0000000, 0x00000000c4300000, 0x00000000eab00000)
  object space 68608K, 0% used [0x00000000c0000000,0x00000000c0004000,0x00000000c4300000)
 Metaspace       used 14910K, committed 15168K, reserved 1114112K
  class space    used 1513K, committed 1664K, reserved 1048576K
}
Event: 4.059 GC heap after
{Heap after GC invocations=2 (full 0):
 PSYoungGen      total 29696K, used 4083K [0x00000000eab00000, 0x00000000ecc00000, 0x0000000100000000)
  eden space 25600K, 0% used [0x00000000eab00000,0x00000000eab00000,0x00000000ec400000)
  from space 4096K, 99% used [0x00000000ec800000,0x00000000ecbfcf48,0x00000000ecc00000)
  to   space 4096K, 0% used [0x00000000ec400000,0x00000000ec400000,0x00000000ec800000)
 ParOldGen       total 68608K, used 742K [0x00000000c0000000, 0x00000000c4300000, 0x00000000eab00000)
  object space 68608K, 1% used [0x00000000c0000000,0x00000000c00b9b50,0x00000000c4300000)
 Metaspace       used 14910K, committed 15168K, reserved 1114112K
  class space    used 1513K, committed 1664K, reserved 1048576K
}
Event: 4.932 GC heap before
{Heap before GC invocations=3 (full 0):
 PSYoungGen      total 29696K, used 29683K [0x00000000eab00000, 0x00000000ecc00000, 0x0000000100000000)
  eden space 25600K, 100% used [0x00000000eab00000,0x00000000ec400000,0x00000000ec400000)
  from space 4096K, 99% used [0x00000000ec800000,0x00000000ecbfcf48,0x00000000ecc00000)
  to   space 4096K, 0% used [0x00000000ec400000,0x00000000ec400000,0x00000000ec800000)
 ParOldGen       total 68608K, used 742K [0x00000000c0000000, 0x00000000c4300000, 0x00000000eab00000)
  object space 68608K, 1% used [0x00000000c0000000,0x00000000c00b9b50,0x00000000c4300000)
 Metaspace       used 19818K, committed 20224K, reserved 1114112K
  class space    used 2024K, committed 2176K, reserved 1048576K
}
Event: 4.938 GC heap after
{Heap after GC invocations=3 (full 0):
 PSYoungGen      total 29696K, used 4080K [0x00000000eab00000, 0x00000000ecc00000, 0x0000000100000000)
  eden space 25600K, 0% used [0x00000000eab00000,0x00000000eab00000,0x00000000ec400000)
  from space 4096K, 99% used [0x00000000ec400000,0x00000000ec7fc330,0x00000000ec800000)
  to   space 4096K, 0% used [0x00000000ec800000,0x00000000ec800000,0x00000000ecc00000)
 ParOldGen       total 68608K, used 2439K [0x00000000c0000000, 0x00000000c4300000, 0x00000000eab00000)
  object space 68608K, 3% used [0x00000000c0000000,0x00000000c0261e78,0x00000000c4300000)
 Metaspace       used 19818K, committed 20224K, reserved 1114112K
  class space    used 2024K, committed 2176K, reserved 1048576K
}
Event: 5.357 GC heap before
{Heap before GC invocations=4 (full 0):
 PSYoungGen      total 29696K, used 13003K [0x00000000eab00000, 0x00000000ecc00000, 0x0000000100000000)
  eden space 25600K, 34% used [0x00000000eab00000,0x00000000eb3b69d8,0x00000000ec400000)
  from space 4096K, 99% used [0x00000000ec400000,0x00000000ec7fc330,0x00000000ec800000)
  to   space 4096K, 0% used [0x00000000ec800000,0x00000000ec800000,0x00000000ecc00000)
 ParOldGen       total 68608K, used 2439K [0x00000000c0000000, 0x00000000c4300000, 0x00000000eab00000)
  object space 68608K, 3% used [0x00000000c0000000,0x00000000c0261e78,0x00000000c4300000)
 Metaspace       used 21134K, committed 21504K, reserved 1114112K
  class space    used 2153K, committed 2304K, reserved 1048576K
}
Event: 5.362 GC heap after
{Heap after GC invocations=4 (full 0):
 PSYoungGen      total 29696K, used 4090K [0x00000000eab00000, 0x00000000ecc00000, 0x0000000100000000)
  eden space 25600K, 0% used [0x00000000eab00000,0x00000000eab00000,0x00000000ec400000)
  from space 4096K, 99% used [0x00000000ec800000,0x00000000ecbfeaf0,0x00000000ecc00000)
  to   space 4096K, 0% used [0x00000000ec400000,0x00000000ec400000,0x00000000ec800000)
 ParOldGen       total 68608K, used 3480K [0x00000000c0000000, 0x00000000c4300000, 0x00000000eab00000)
  object space 68608K, 5% used [0x00000000c0000000,0x00000000c03662d0,0x00000000c4300000)
 Metaspace       used 21134K, committed 21504K, reserved 1114112K
  class space    used 2153K, committed 2304K, reserved 1048576K
}
Event: 5.362 GC heap before
{Heap before GC invocations=5 (full 1):
 PSYoungGen      total 29696K, used 4090K [0x00000000eab00000, 0x00000000ecc00000, 0x0000000100000000)
  eden space 25600K, 0% used [0x00000000eab00000,0x00000000eab00000,0x00000000ec400000)
  from space 4096K, 99% used [0x00000000ec800000,0x00000000ecbfeaf0,0x00000000ecc00000)
  to   space 4096K, 0% used [0x00000000ec400000,0x00000000ec400000,0x00000000ec800000)
 ParOldGen       total 68608K, used 3480K [0x00000000c0000000, 0x00000000c4300000, 0x00000000eab00000)
  object space 68608K, 5% used [0x00000000c0000000,0x00000000c03662d0,0x00000000c4300000)
 Metaspace       used 21134K, committed 21504K, reserved 1114112K
  class space    used 2153K, committed 2304K, reserved 1048576K
}
Event: 5.397 GC heap after
{Heap after GC invocations=5 (full 1):
 PSYoungGen      total 29696K, used 0K [0x00000000eab00000, 0x00000000ecc00000, 0x0000000100000000)
  eden space 25600K, 0% used [0x00000000eab00000,0x00000000eab00000,0x00000000ec400000)
  from space 4096K, 0% used [0x00000000ec800000,0x00000000ec800000,0x00000000ecc00000)
  to   space 4096K, 0% used [0x00000000ec400000,0x00000000ec400000,0x00000000ec800000)
 ParOldGen       total 68608K, used 7427K [0x00000000c0000000, 0x00000000c4300000, 0x00000000eab00000)
  object space 68608K, 10% used [0x00000000c0000000,0x00000000c0740fb8,0x00000000c4300000)
 Metaspace       used 21121K, committed 21504K, reserved 1114112K
  class space    used 2149K, committed 2304K, reserved 1048576K
}
Event: 5.820 GC heap before
{Heap before GC invocations=6 (full 1):
 PSYoungGen      total 29696K, used 25600K [0x00000000eab00000, 0x00000000ecc00000, 0x0000000100000000)
  eden space 25600K, 100% used [0x00000000eab00000,0x00000000ec400000,0x00000000ec400000)
  from space 4096K, 0% used [0x00000000ec800000,0x00000000ec800000,0x00000000ecc00000)
  to   space 4096K, 0% used [0x00000000ec400000,0x00000000ec400000,0x00000000ec800000)
 ParOldGen       total 68608K, used 7427K [0x00000000c0000000, 0x00000000c4300000, 0x00000000eab00000)
  object space 68608K, 10% used [0x00000000c0000000,0x00000000c0740fb8,0x00000000c4300000)
 Metaspace       used 23967K, committed 24448K, reserved 1114112K
  class space    used 2371K, committed 2560K, reserved 1048576K
}
Event: 5.822 GC heap after
{Heap after GC invocations=6 (full 1):
 PSYoungGen      total 26112K, used 706K [0x00000000eab00000, 0x00000000ec880000, 0x0000000100000000)
  eden space 25088K, 0% used [0x00000000eab00000,0x00000000eab00000,0x00000000ec380000)
  from space 1024K, 68% used [0x00000000ec400000,0x00000000ec4b08d0,0x00000000ec500000)
  to   space 2560K, 0% used [0x00000000ec600000,0x00000000ec600000,0x00000000ec880000)
 ParOldGen       total 68608K, used 7435K [0x00000000c0000000, 0x00000000c4300000, 0x00000000eab00000)
  object space 68608K, 10% used [0x00000000c0000000,0x00000000c0742fb8,0x00000000c4300000)
 Metaspace       used 23967K, committed 24448K, reserved 1114112K
  class space    used 2371K, committed 2560K, reserved 1048576K
}

Dll operation events (9 events):
Event: 0.031 Loaded shared library c:\Users\Kiet\.vscode\extensions\redhat.java-1.30.0-win32-x64\jre\17.0.10-win32-x86_64\bin\java.dll
Event: 0.596 Loaded shared library c:\Users\Kiet\.vscode\extensions\redhat.java-1.30.0-win32-x64\jre\17.0.10-win32-x86_64\bin\zip.dll
Event: 0.614 Loaded shared library C:\Users\Kiet\.vscode\extensions\redhat.java-1.30.0-win32-x64\jre\17.0.10-win32-x86_64\bin\instrument.dll
Event: 0.811 Loaded shared library C:\Users\Kiet\.vscode\extensions\redhat.java-1.30.0-win32-x64\jre\17.0.10-win32-x86_64\bin\net.dll
Event: 0.813 Loaded shared library C:\Users\Kiet\.vscode\extensions\redhat.java-1.30.0-win32-x64\jre\17.0.10-win32-x86_64\bin\nio.dll
Event: 0.918 Loaded shared library C:\Users\Kiet\.vscode\extensions\redhat.java-1.30.0-win32-x64\jre\17.0.10-win32-x86_64\bin\zip.dll
Event: 1.065 Loaded shared library C:\Users\Kiet\.vscode\extensions\redhat.java-1.30.0-win32-x64\jre\17.0.10-win32-x86_64\bin\jimage.dll
Event: 1.302 Loaded shared library c:\Users\Kiet\.vscode\extensions\redhat.java-1.30.0-win32-x64\jre\17.0.10-win32-x86_64\bin\verify.dll
Event: 3.861 Loaded shared library C:\Users\Kiet\AppData\Roaming\Code\User\globalStorage\redhat.java\1.30.0\config_ss_win\org.eclipse.equinox.launcher\org.eclipse.equinox.launcher.win32.win32.x86_64_1.2.900.v20240213-1244\eclipse_11900.dll

Deoptimization events (20 events):
Event: 5.733 Thread 0x0000019f51edef50 Uncommon trap: trap_request=0xffffffde fr.pc=0x0000019f417dddac relative=0x000000000000010c
Event: 5.733 Thread 0x0000019f51edef50 Uncommon trap: reason=class_check action=maybe_recompile pc=0x0000019f417dddac method=jdk.internal.misc.Unsafe.allocateUninitializedArray(Ljava/lang/Class;I)Ljava/lang/Object; @ 51 c2
Event: 5.733 Thread 0x0000019f51edef50 DEOPT PACKING pc=0x0000019f417dddac sp=0x00000072e13f8270
Event: 5.733 Thread 0x0000019f51edef50 DEOPT UNPACKING pc=0x0000019f41199ea3 sp=0x00000072e13f81f8 mode 2
Event: 5.737 Thread 0x0000019f51edef50 Uncommon trap: trap_request=0xffffffde fr.pc=0x0000019f417dddac relative=0x000000000000010c
Event: 5.737 Thread 0x0000019f51edef50 Uncommon trap: reason=class_check action=maybe_recompile pc=0x0000019f417dddac method=jdk.internal.misc.Unsafe.allocateUninitializedArray(Ljava/lang/Class;I)Ljava/lang/Object; @ 51 c2
Event: 5.737 Thread 0x0000019f51edef50 DEOPT PACKING pc=0x0000019f417dddac sp=0x00000072e13f82b0
Event: 5.737 Thread 0x0000019f51edef50 DEOPT UNPACKING pc=0x0000019f41199ea3 sp=0x00000072e13f8238 mode 2
Event: 5.755 Thread 0x0000019f51edef50 Uncommon trap: trap_request=0xffffffde fr.pc=0x0000019f417dddac relative=0x000000000000010c
Event: 5.756 Thread 0x0000019f51edef50 Uncommon trap: reason=class_check action=maybe_recompile pc=0x0000019f417dddac method=jdk.internal.misc.Unsafe.allocateUninitializedArray(Ljava/lang/Class;I)Ljava/lang/Object; @ 51 c2
Event: 5.756 Thread 0x0000019f51edef50 DEOPT PACKING pc=0x0000019f417dddac sp=0x00000072e13f8e70
Event: 5.756 Thread 0x0000019f51edef50 DEOPT UNPACKING pc=0x0000019f41199ea3 sp=0x00000072e13f8df8 mode 2
Event: 6.044 Thread 0x0000019f51edef50 Uncommon trap: trap_request=0xffffff45 fr.pc=0x0000019f417dcdd4 relative=0x0000000000000154
Event: 6.044 Thread 0x0000019f51edef50 Uncommon trap: reason=unstable_if action=reinterpret pc=0x0000019f417dcdd4 method=org.lombokweb.asm.ByteVector.putByteArray([BII)Lorg/lombokweb/asm/ByteVector; @ 20 c2
Event: 6.044 Thread 0x0000019f51edef50 DEOPT PACKING pc=0x0000019f417dcdd4 sp=0x00000072e13eeaa0
Event: 6.044 Thread 0x0000019f51edef50 DEOPT UNPACKING pc=0x0000019f41199ea3 sp=0x00000072e13eea70 mode 2
Event: 6.044 Thread 0x0000019f51edef50 Uncommon trap: trap_request=0xffffff45 fr.pc=0x0000019f417dd754 relative=0x0000000000000334
Event: 6.044 Thread 0x0000019f51edef50 Uncommon trap: reason=unstable_if action=reinterpret pc=0x0000019f417dd754 method=org.lombokweb.asm.Label.resolve([BLorg/lombokweb/asm/ByteVector;I)Z @ 81 c2
Event: 6.044 Thread 0x0000019f51edef50 DEOPT PACKING pc=0x0000019f417dd754 sp=0x00000072e13eeb20
Event: 6.044 Thread 0x0000019f51edef50 DEOPT UNPACKING pc=0x0000019f41199ea3 sp=0x00000072e13eea28 mode 2

Classes unloaded (7 events):
Event: 5.367 Thread 0x0000019f358589a0 Unloading class 0x000000010021a800 'java/lang/invoke/LambdaForm$MH+0x000000010021a800'
Event: 5.367 Thread 0x0000019f358589a0 Unloading class 0x000000010021a400 'java/lang/invoke/LambdaForm$MH+0x000000010021a400'
Event: 5.367 Thread 0x0000019f358589a0 Unloading class 0x000000010021a000 'java/lang/invoke/LambdaForm$MH+0x000000010021a000'
Event: 5.367 Thread 0x0000019f358589a0 Unloading class 0x0000000100219c00 'java/lang/invoke/LambdaForm$MH+0x0000000100219c00'
Event: 5.367 Thread 0x0000019f358589a0 Unloading class 0x0000000100219800 'java/lang/invoke/LambdaForm$BMH+0x0000000100219800'
Event: 5.367 Thread 0x0000019f358589a0 Unloading class 0x0000000100219400 'java/lang/invoke/LambdaForm$DMH+0x0000000100219400'
Event: 5.367 Thread 0x0000019f358589a0 Unloading class 0x0000000100214400 'java/lang/invoke/LambdaForm$DMH+0x0000000100214400'

Classes redefined (0 events):
No events

Internal exceptions (20 events):
Event: 4.787 Thread 0x0000019f51edef50 Exception <a 'java/lang/NoSuchMethodError'{0x00000000ebfbb5f0}: 'java.lang.Object java.lang.invoke.DirectMethodHandle$Holder.invokeStatic(java.lang.Object, java.lang.Object, java.lang.Object, java.lang.Object, int)'> (0x00000000ebfbb5f0) 
thrown [s\src\hotspot\share\interpreter\linkResolver.cpp, line 759]
Event: 4.789 Thread 0x0000019f51edef50 Exception <a 'java/lang/NoSuchMethodError'{0x00000000ebfc7a58}: 'java.lang.Object java.lang.invoke.DelegatingMethodHandle$Holder.reinvoke_L(java.lang.Object, java.lang.Object, java.lang.Object, java.lang.Object, int, int)'> (0x00000000ebfc7a58) 
thrown [s\src\hotspot\share\interpreter\linkResolver.cpp, line 759]
Event: 4.793 Thread 0x0000019f51edef50 Exception <a 'java/lang/NoSuchMethodError'{0x00000000ebfdbe78}: 'java.lang.Object java.lang.invoke.Invokers$Holder.invokeExact_MT(java.lang.Object, java.lang.Object, java.lang.Object, java.lang.Object)'> (0x00000000ebfdbe78) 
thrown [s\src\hotspot\share\interpreter\linkResolver.cpp, line 759]
Event: 4.893 Thread 0x0000019f51edef50 Exception <a 'java/io/FileNotFoundException'{0x00000000ec26ac68}> (0x00000000ec26ac68) 
thrown [s\src\hotspot\share\prims\jni.cpp, line 516]
Event: 4.894 Thread 0x0000019f51edef50 Exception <a 'java/io/FileNotFoundException'{0x00000000ec272188}> (0x00000000ec272188) 
thrown [s\src\hotspot\share\prims\jni.cpp, line 516]
Event: 5.260 Thread 0x0000019f51edef50 Exception <a 'java/lang/NoSuchMethodError'{0x00000000eb161288}: 'java.lang.Object java.lang.invoke.DirectMethodHandle$Holder.invokeStaticInit(java.lang.Object, int)'> (0x00000000eb161288) 
thrown [s\src\hotspot\share\interpreter\linkResolver.cpp, line 759]
Event: 5.411 Thread 0x0000019f51edef50 Exception <a 'java/lang/NoSuchMethodError'{0x00000000eab79418}: 'java.lang.Object java.lang.invoke.DirectMethodHandle$Holder.invokeSpecial(java.lang.Object, java.lang.Object, java.lang.Object, long, java.lang.Object)'> (0x00000000eab79418) 
thrown [s\src\hotspot\share\interpreter\linkResolver.cpp, line 759]
Event: 5.412 Thread 0x0000019f51edef50 Exception <a 'java/lang/NoSuchMethodError'{0x00000000eab815d0}: 'java.lang.Object java.lang.invoke.DirectMethodHandle$Holder.newInvokeSpecial(java.lang.Object, java.lang.Object, java.lang.Object, long)'> (0x00000000eab815d0) 
thrown [s\src\hotspot\share\interpreter\linkResolver.cpp, line 759]
Event: 5.413 Thread 0x0000019f51edef50 Exception <a 'java/lang/NoSuchMethodError'{0x00000000eab85b70}: 'java.lang.Object java.lang.invoke.DirectMethodHandle$Holder.invokeSpecial(java.lang.Object, java.lang.Object, java.lang.Object, java.lang.Object, long)'> (0x00000000eab85b70) 
thrown [s\src\hotspot\share\interpreter\linkResolver.cpp, line 759]
Event: 5.413 Thread 0x0000019f51edef50 Exception <a 'java/lang/NoSuchMethodError'{0x00000000eab899e8}: 'java.lang.Object java.lang.invoke.Invokers$Holder.linkToTargetMethod(java.lang.Object, java.lang.Object, long, java.lang.Object)'> (0x00000000eab899e8) 
thrown [s\src\hotspot\share\interpreter\linkResolver.cpp, line 759]
Event: 5.436 Thread 0x0000019f51edef50 Exception <a 'java/lang/NoSuchMethodError'{0x00000000eac0b5b8}: 'int java.lang.invoke.DirectMethodHandle$Holder.invokeStaticInit(java.lang.Object, java.lang.Object, java.lang.Object)'> (0x00000000eac0b5b8) 
thrown [s\src\hotspot\share\interpreter\linkResolver.cpp, line 759]
Event: 5.457 Thread 0x0000019f51edef50 Exception <a 'java/lang/IncompatibleClassChangeError'{0x00000000eaca98b0}: Found class java.lang.Object, but interface was expected> (0x00000000eaca98b0) 
thrown [s\src\hotspot\share\interpreter\linkResolver.cpp, line 826]
Event: 5.464 Thread 0x0000019f51edef50 Exception <a 'java/lang/NoSuchMethodError'{0x00000000eacbcbd8}: 'java.lang.Object java.lang.invoke.DirectMethodHandle$Holder.invokeSpecial(java.lang.Object, java.lang.Object, java.lang.Object, int, java.lang.Object, java.lang.Object)'> (0x00000000eacbcbd8) 
thrown [s\src\hotspot\share\interpreter\linkResolver.cpp, line 759]
Event: 5.465 Thread 0x0000019f51edef50 Exception <a 'java/lang/NoSuchMethodError'{0x00000000eacc53e0}: 'java.lang.Object java.lang.invoke.DirectMethodHandle$Holder.newInvokeSpecial(java.lang.Object, java.lang.Object, java.lang.Object, int, java.lang.Object)'> (0x00000000eacc53e0) 
thrown [s\src\hotspot\share\interpreter\linkResolver.cpp, line 759]
Event: 5.466 Thread 0x0000019f51edef50 Exception <a 'java/lang/NoSuchMethodError'{0x00000000eacc9838}: 'java.lang.Object java.lang.invoke.DirectMethodHandle$Holder.invokeSpecial(java.lang.Object, java.lang.Object, java.lang.Object, java.lang.Object, int, java.lang.Object)'> (0x00000000eacc9838) 
thrown [s\src\hotspot\share\interpreter\linkResolver.cpp, line 759]
Event: 5.468 Thread 0x0000019f523c38f0 Exception <a 'java/lang/NoSuchMethodError'{0x00000000eabdd060}: 'java.lang.Object java.lang.invoke.DirectMethodHandle$Holder.invokeSpecial(java.lang.Object, java.lang.Object, int, java.lang.Object, java.lang.Object)'> (0x00000000eabdd060) 
thrown [s\src\hotspot\share\interpreter\linkResolver.cpp, line 759]
Event: 5.469 Thread 0x0000019f523c38f0 Exception <a 'java/lang/NoSuchMethodError'{0x00000000eabe4730}: 'java.lang.Object java.lang.invoke.DirectMethodHandle$Holder.newInvokeSpecial(java.lang.Object, java.lang.Object, int, java.lang.Object)'> (0x00000000eabe4730) 
thrown [s\src\hotspot\share\interpreter\linkResolver.cpp, line 759]
Event: 5.470 Thread 0x0000019f523c38f0 Exception <a 'java/lang/NoSuchMethodError'{0x00000000eabe8240}: 'java.lang.Object java.lang.invoke.DirectMethodHandle$Holder.invokeSpecial(java.lang.Object, java.lang.Object, java.lang.Object, int, java.lang.Object)'> (0x00000000eabe8240) 
thrown [s\src\hotspot\share\interpreter\linkResolver.cpp, line 759]
Event: 5.519 Thread 0x0000019f523c38f0 Exception <a 'java/lang/NoSuchMethodError'{0x00000000eaeeb6d8}: 'java.lang.Object java.lang.invoke.DirectMethodHandle$Holder.newInvokeSpecial(java.lang.Object, java.lang.Object, java.lang.Object, java.lang.Object, java.lang.Object)'> (0x00000000eaeeb6d8) 
thrown [s\src\hotspot\share\interpreter\linkResolver.cpp, line 759]
Event: 6.044 Thread 0x0000019f51edef50 Implicit null exception at 0x0000019f417dccc8 to 0x0000019f417dcdb4

VM Operations (20 events):
Event: 3.588 Executing VM operation: HandshakeAllThreads
Event: 3.588 Executing VM operation: HandshakeAllThreads done
Event: 3.986 Executing VM operation: HandshakeAllThreads
Event: 3.986 Executing VM operation: HandshakeAllThreads done
Event: 4.051 Executing VM operation: ParallelGCFailedAllocation
Event: 4.059 Executing VM operation: ParallelGCFailedAllocation done
Event: 4.571 Executing VM operation: HandshakeAllThreads
Event: 4.571 Executing VM operation: HandshakeAllThreads done
Event: 4.771 Executing VM operation: HandshakeAllThreads
Event: 4.772 Executing VM operation: HandshakeAllThreads done
Event: 4.932 Executing VM operation: ParallelGCFailedAllocation
Event: 4.938 Executing VM operation: ParallelGCFailedAllocation done
Event: 5.041 Executing VM operation: HandshakeAllThreads
Event: 5.041 Executing VM operation: HandshakeAllThreads done
Event: 5.357 Executing VM operation: CollectForMetadataAllocation
Event: 5.397 Executing VM operation: CollectForMetadataAllocation done
Event: 5.492 Executing VM operation: HandshakeAllThreads
Event: 5.492 Executing VM operation: HandshakeAllThreads done
Event: 5.820 Executing VM operation: ParallelGCFailedAllocation
Event: 5.823 Executing VM operation: ParallelGCFailedAllocation done

Events (20 events):
Event: 5.544 loading class java/util/zip/GZIPInputStream done
Event: 5.576 loading class java/io/StringReader
Event: 5.577 loading class java/io/StringReader done
Event: 5.581 loading class java/net/SocketTimeoutException
Event: 5.581 loading class java/io/InterruptedIOException
Event: 5.581 loading class java/io/InterruptedIOException done
Event: 5.581 loading class java/net/SocketTimeoutException done
Event: 5.581 loading class java/net/SocketException
Event: 5.581 loading class java/net/SocketException done
Event: 5.581 loading class java/net/UnknownHostException
Event: 5.581 loading class java/net/UnknownHostException done
Event: 5.581 loading class java/net/ProtocolException
Event: 5.581 loading class java/net/ProtocolException done
Event: 5.608 loading class java/lang/ThreadLocal$SuppliedThreadLocal
Event: 5.609 loading class java/lang/ThreadLocal$SuppliedThreadLocal done
Event: 5.617 loading class java/io/FileWriter
Event: 5.617 loading class java/io/FileWriter done
Event: 5.686 Thread 0x0000019f52567300 Thread added: 0x0000019f52567300
Event: 5.731 loading class java/lang/NegativeArraySizeException
Event: 5.731 loading class java/lang/NegativeArraySizeException done


Dynamic libraries:
0x00007ff758020000 - 0x00007ff75802e000 	c:\Users\Kiet\.vscode\extensions\redhat.java-1.30.0-win32-x64\jre\17.0.10-win32-x86_64\bin\java.exe
0x00007ff870050000 - 0x00007ff870266000 	C:\WINDOWS\SYSTEM32\ntdll.dll
0x00007ff86e4a0000 - 0x00007ff86e564000 	C:\WINDOWS\System32\KERNEL32.DLL
0x00007ff86d630000 - 0x00007ff86d9d7000 	C:\WINDOWS\System32\KERNELBASE.dll
0x00007ff86db40000 - 0x00007ff86dc51000 	C:\WINDOWS\System32\ucrtbase.dll
0x00007ff853ee0000 - 0x00007ff853ef7000 	c:\Users\Kiet\.vscode\extensions\redhat.java-1.30.0-win32-x64\jre\17.0.10-win32-x86_64\bin\jli.dll
0x00007ff86e570000 - 0x00007ff86e71e000 	C:\WINDOWS\System32\USER32.dll
0x00007ff86db10000 - 0x00007ff86db36000 	C:\WINDOWS\System32\win32u.dll
0x00007ff86fe20000 - 0x00007ff86fe49000 	C:\WINDOWS\System32\GDI32.dll
0x00007ff86dc60000 - 0x00007ff86dd79000 	C:\WINDOWS\System32\gdi32full.dll
0x00007ff86d590000 - 0x00007ff86d62a000 	C:\WINDOWS\System32\msvcp_win.dll
0x00007ff84bf80000 - 0x00007ff84bf9b000 	c:\Users\Kiet\.vscode\extensions\redhat.java-1.30.0-win32-x64\jre\17.0.10-win32-x86_64\bin\VCRUNTIME140.dll
0x00007ff854010000 - 0x00007ff8542a3000 	C:\WINDOWS\WinSxS\amd64_microsoft.windows.common-controls_6595b64144ccf1df_6.0.22621.3235_none_270f74e173860f98\COMCTL32.dll
0x00007ff86f840000 - 0x00007ff86f8e7000 	C:\WINDOWS\System32\msvcrt.dll
0x00007ff86dd80000 - 0x00007ff86ddb1000 	C:\WINDOWS\System32\IMM32.DLL
0x00007ff867310000 - 0x00007ff86731c000 	c:\Users\Kiet\.vscode\extensions\redhat.java-1.30.0-win32-x64\jre\17.0.10-win32-x86_64\bin\vcruntime140_1.dll
0x00007ff830500000 - 0x00007ff83058d000 	c:\Users\Kiet\.vscode\extensions\redhat.java-1.30.0-win32-x64\jre\17.0.10-win32-x86_64\bin\msvcp140.dll
0x00007ff82a1f0000 - 0x00007ff82ae52000 	c:\Users\Kiet\.vscode\extensions\redhat.java-1.30.0-win32-x64\jre\17.0.10-win32-x86_64\bin\server\jvm.dll
0x00007ff86e280000 - 0x00007ff86e332000 	C:\WINDOWS\System32\ADVAPI32.dll
0x00007ff86de30000 - 0x00007ff86ded8000 	C:\WINDOWS\System32\sechost.dll
0x00007ff86d560000 - 0x00007ff86d588000 	C:\WINDOWS\System32\bcrypt.dll
0x00007ff86fd00000 - 0x00007ff86fe15000 	C:\WINDOWS\System32\RPCRT4.dll
0x00007ff86d240000 - 0x00007ff86d28d000 	C:\WINDOWS\SYSTEM32\POWRPROF.dll
0x00007ff85d2d0000 - 0x00007ff85d2d9000 	C:\WINDOWS\SYSTEM32\WSOCK32.dll
0x00007ff86f230000 - 0x00007ff86f2a1000 	C:\WINDOWS\System32\WS2_32.dll
0x00007ff865df0000 - 0x00007ff865e24000 	C:\WINDOWS\SYSTEM32\WINMM.dll
0x00007ff864560000 - 0x00007ff86456a000 	C:\WINDOWS\SYSTEM32\VERSION.dll
0x00007ff86d220000 - 0x00007ff86d233000 	C:\WINDOWS\SYSTEM32\UMPDC.dll
0x00007ff86c3b0000 - 0x00007ff86c3c8000 	C:\WINDOWS\SYSTEM32\kernel.appcore.dll
0x00007ff85c640000 - 0x00007ff85c64a000 	c:\Users\Kiet\.vscode\extensions\redhat.java-1.30.0-win32-x64\jre\17.0.10-win32-x86_64\bin\jimage.dll
0x00007ff86aac0000 - 0x00007ff86acf3000 	C:\WINDOWS\SYSTEM32\DBGHELP.DLL
0x00007ff86dee0000 - 0x00007ff86e268000 	C:\WINDOWS\System32\combase.dll
0x00007ff86fad0000 - 0x00007ff86fba7000 	C:\WINDOWS\System32\OLEAUT32.dll
0x00007ff85b9d0000 - 0x00007ff85ba02000 	C:\WINDOWS\SYSTEM32\dbgcore.DLL
0x00007ff86d370000 - 0x00007ff86d3e9000 	C:\WINDOWS\System32\bcryptPrimitives.dll
0x00007ff85c490000 - 0x00007ff85c49e000 	c:\Users\Kiet\.vscode\extensions\redhat.java-1.30.0-win32-x64\jre\17.0.10-win32-x86_64\bin\instrument.dll
0x00007ff83ddd0000 - 0x00007ff83ddf5000 	c:\Users\Kiet\.vscode\extensions\redhat.java-1.30.0-win32-x64\jre\17.0.10-win32-x86_64\bin\java.dll
0x00007ff84bd70000 - 0x00007ff84bd88000 	c:\Users\Kiet\.vscode\extensions\redhat.java-1.30.0-win32-x64\jre\17.0.10-win32-x86_64\bin\zip.dll
0x00007ff86e9d0000 - 0x00007ff86f22c000 	C:\WINDOWS\System32\SHELL32.dll
0x00007ff86b2d0000 - 0x00007ff86bbc9000 	C:\WINDOWS\SYSTEM32\windows.storage.dll
0x00007ff86b190000 - 0x00007ff86b2ce000 	C:\WINDOWS\SYSTEM32\wintypes.dll
0x00007ff86f8f0000 - 0x00007ff86f9e3000 	C:\WINDOWS\System32\SHCORE.dll
0x00007ff86fca0000 - 0x00007ff86fcfe000 	C:\WINDOWS\System32\shlwapi.dll
0x00007ff86d2a0000 - 0x00007ff86d2c1000 	C:\WINDOWS\SYSTEM32\profapi.dll
0x00007ff859700000 - 0x00007ff859719000 	C:\Users\Kiet\.vscode\extensions\redhat.java-1.30.0-win32-x64\jre\17.0.10-win32-x86_64\bin\net.dll
0x00007ff8675f0000 - 0x00007ff867726000 	C:\WINDOWS\SYSTEM32\WINHTTP.dll
0x00007ff86c820000 - 0x00007ff86c889000 	C:\WINDOWS\system32\mswsock.dll
0x00007ff84bb60000 - 0x00007ff84bb76000 	C:\Users\Kiet\.vscode\extensions\redhat.java-1.30.0-win32-x64\jre\17.0.10-win32-x86_64\bin\nio.dll
0x00007ff858940000 - 0x00007ff858950000 	c:\Users\Kiet\.vscode\extensions\redhat.java-1.30.0-win32-x64\jre\17.0.10-win32-x86_64\bin\verify.dll
0x00007ff83d560000 - 0x00007ff83d59e000 	C:\Users\Kiet\AppData\Roaming\Code\User\globalStorage\redhat.java\1.30.0\config_ss_win\org.eclipse.equinox.launcher\org.eclipse.equinox.launcher.win32.win32.x86_64_1.2.900.v20240213-1244\eclipse_11900.dll
0x00007ff86e790000 - 0x00007ff86e935000 	C:\WINDOWS\System32\ole32.dll

dbghelp: loaded successfully - version: 4.0.5 - missing functions: none
symbol engine: initialized successfully - sym options: 0x614 - pdb path: .;c:\Users\Kiet\.vscode\extensions\redhat.java-1.30.0-win32-x64\jre\17.0.10-win32-x86_64\bin;C:\WINDOWS\SYSTEM32;C:\WINDOWS\WinSxS\amd64_microsoft.windows.common-controls_6595b64144ccf1df_6.0.22621.3235_none_270f74e173860f98;c:\Users\Kiet\.vscode\extensions\redhat.java-1.30.0-win32-x64\jre\17.0.10-win32-x86_64\bin\server;C:\Users\Kiet\AppData\Roaming\Code\User\globalStorage\redhat.java\1.30.0\config_ss_win\org.eclipse.equinox.launcher\org.eclipse.equinox.launcher.win32.win32.x86_64_1.2.900.v20240213-1244

VM Arguments:
jvm_args: --add-modules=ALL-SYSTEM --add-opens=java.base/java.util=ALL-UNNAMED --add-opens=java.base/java.lang=ALL-UNNAMED --add-opens=java.base/sun.nio.fs=ALL-UNNAMED -Declipse.application=org.eclipse.jdt.ls.core.id1 -Dosgi.bundles.defaultStartLevel=4 -Declipse.product=org.eclipse.jdt.ls.core.product -Djava.import.generatesMetadataFilesAtProjectRoot=false -DDetectVMInstallationsJob.disabled=true -Dfile.encoding=utf8 -XX:+UseParallelGC -XX:GCTimeRatio=4 -XX:AdaptiveSizePolicyWeight=90 -Dsun.zip.disableMemoryMapping=true -Xmx1G -Xms100m -Xlog:disable -javaagent:c:\Users\Kiet\.vscode\extensions\redhat.java-1.30.0-win32-x64\lombok\lombok-1.18.32.jar 
java_command: c:\Users\Kiet\.vscode\extensions\redhat.java-1.30.0-win32-x64\server\plugins\org.eclipse.equinox.launcher_1.6.800.v20240330-1250.jar -configuration c:\Users\Kiet\AppData\Roaming\Code\User\globalStorage\redhat.java\1.30.0\config_ss_win -data c:\Users\Kiet\AppData\Roaming\Code\User\workspaceStorage\9f0ec90a7e62ad64397c1cc3a6503a33\redhat.java\ss_ws --pipe=\\.\pipe\lsp-c0bdb247177bbd4eb1e2b44d29e9dffb-sock
java_class_path (initial): c:\Users\Kiet\.vscode\extensions\redhat.java-1.30.0-win32-x64\server\plugins\org.eclipse.equinox.launcher_1.6.800.v20240330-1250.jar
Launcher Type: SUN_STANDARD

[Global flags]
    uintx AdaptiveSizePolicyWeight                 = 90                                        {product} {command line}
     intx CICompilerCount                          = 4                                         {product} {ergonomic}
    uintx GCTimeRatio                              = 4                                         {product} {command line}
   size_t InitialHeapSize                          = 104857600                                 {product} {command line}
   size_t MaxHeapSize                              = 1073741824                                {product} {command line}
   size_t MaxNewSize                               = 357564416                                 {product} {ergonomic}
   size_t MinHeapDeltaBytes                        = 524288                                    {product} {ergonomic}
   size_t MinHeapSize                              = 104857600                                 {product} {command line}
   size_t NewSize                                  = 34603008                                  {product} {ergonomic}
    uintx NonNMethodCodeHeapSize                   = 5839372                                {pd product} {ergonomic}
    uintx NonProfiledCodeHeapSize                  = 122909434                              {pd product} {ergonomic}
   size_t OldSize                                  = 70254592                                  {product} {ergonomic}
    uintx ProfiledCodeHeapSize                     = 122909434                              {pd product} {ergonomic}
    uintx ReservedCodeCacheSize                    = 251658240                              {pd product} {ergonomic}
     bool SegmentedCodeCache                       = true                                      {product} {ergonomic}
   size_t SoftMaxHeapSize                          = 1073741824                             {manageable} {ergonomic}
     bool UseCompressedClassPointers               = true                           {product lp64_product} {ergonomic}
     bool UseCompressedOops                        = true                           {product lp64_product} {ergonomic}
     bool UseLargePagesIndividualAllocation        = false                                  {pd product} {ergonomic}
     bool UseParallelGC                            = true                                      {product} {command line}

Logging:
Log output configuration:
 #0: stdout all=off uptime,level,tags
 #1: stderr all=off uptime,level,tags

Environment Variables:
PATH=C:\Program Files\Common Files\Oracle\Java\javapath;C:\Program Files (x86)\Common Files\Oracle\Java\javapath;C:\WINDOWS\system32;C:\WINDOWS;C:\WINDOWS\System32\Wbem;C:\WINDOWS\System32\WindowsPowerShell\v1.0\;C:\WINDOWS\System32\OpenSSH\;C:\Program Files\dotnet\;C:\Program Files\Common Files\Oracle\Java\javapath;C:\Program Files\Java\jdk-11\bin;C:\Program Files (x86)\Microsoft SQL Server\160\Tools\Binn\;C:\Program Files\Microsoft SQL Server\160\Tools\Binn\;C:\Program Files\Microsoft SQL Server\Client SDK\ODBC\170\Tools\Binn\;C:\Program Files\Microsoft SQL Server\160\DTS\Binn\;C:\Program Files (x86)\Microsoft SQL Server\160\DTS\Binn\;C:\Program Files\Azure Data Studio\bin;C:\Program Files\apache-maven-3.9.6\bin;C:\Program Files\Git\cmd;C:\Program Files\nodejs\;C:\Program Files\Java\jdk-21\bin;C:\Users\Kiet\AppData\Local\Microsoft\WindowsApps;C:\Users\Kiet\AppData\Local\Programs\Microsoft VS Code\bin;C:\Users\Kiet\AppData\Local\GitHubDesktop\bin;C:\Users\Kiet\.dotnet\tools;C:\Program Files\Azure Data Studio\bin;C:\Users\Kiet\AppData\Roaming\npm
USERNAME=Kiet
OS=Windows_NT
PROCESSOR_IDENTIFIER=Intel64 Family 6 Model 126 Stepping 5, GenuineIntel
TMP=C:\Users\Kiet\AppData\Local\Temp
TEMP=C:\Users\Kiet\AppData\Local\Temp



Periodic native trim disabled


---------------  S Y S T E M  ---------------

OS:
 Windows 11 , 64 bit Build 22621 (10.0.22621.3374)
OS uptime: 0 days 19:57 hours

CPU: total 8 (initial active 8) (4 cores per cpu, 2 threads per core) family 6 model 126 stepping 5 microcode 0xa6, cx8, cmov, fxsr, ht, mmx, 3dnowpref, sse, sse2, sse3, ssse3, sse4.1, sse4.2, popcnt, lzcnt, tsc, tscinvbit, avx, avx2, aes, erms, clmul, bmi1, bmi2, adx, avx512f, avx512dq, avx512cd, avx512bw, avx512vl, sha, fma, vzeroupper, avx512_vpopcntdq, avx512_vpclmulqdq, avx512_vaes, avx512_vnni, clflush, clflushopt, avx512_vbmi2, avx512_vbmi
Processor Information for all 8 processors :
  Max Mhz: 1190, Current Mhz: 991, Mhz Limit: 987

Memory: 4k page, system-wide physical 7987M (701M free)
TotalPageFile size 10035M (AvailPageFile size 5M)
current process WorkingSet (physical memory assigned to process): 125M, peak: 126M
current process commit charge ("private bytes"): 233M, peak: 234M

vm_info: OpenJDK 64-Bit Server VM (17.0.10+7) for windows-amd64 JRE (17.0.10+7), built on Jan 16 2024 23:25:11 by "admin" with MS VC++ 16.10 / 16.11 (VS2019)

END.
