#
# There is insufficient memory for the Java Runtime Environment to continue.
# Native memory allocation (malloc) failed to allocate 1060576 bytes for Chunk::new
# Possible reasons:
#   The system is out of physical RAM or swap space
#   The process is running with CompressedOops enabled, and the Java Heap may be blocking the growth of the native heap
# Possible solutions:
#   Reduce memory load on the system
#   Increase physical memory or swap space
#   Check if swap backing store is full
#   Decrease Java heap size (-Xmx/-Xms)
#   Decrease number of Java threads
#   Decrease Java thread stack sizes (-Xss)
#   Set larger code cache with -XX:ReservedCodeCacheSize=
#   JVM is running with Unscaled Compressed Oops mode in which the Java heap is
#     placed in the first 4GB address space. The Java Heap base address is the
#     maximum limit for the native heap growth. Please use -XX:HeapBaseMinAddress
#     to set the Java Heap base and to place the Java Heap above 4GB virtual address.
# This output file may be truncated or incomplete.
#
#  Out of Memory Error (arena.cpp:191), pid=13320, tid=3720
#
# JRE version: OpenJDK Runtime Environment Temurin-17.0.10+7 (17.0.10+7) (build 17.0.10+7)
# Java VM: OpenJDK 64-Bit Server VM Temurin-17.0.10+7 (17.0.10+7, mixed mode, tiered, compressed oops, compressed class ptrs, parallel gc, windows-amd64)
# No core dump will be written. Minidumps are not enabled by default on client versions of Windows
#

---------------  S U M M A R Y ------------

Command Line: --add-modules=ALL-SYSTEM --add-opens=java.base/java.util=ALL-UNNAMED --add-opens=java.base/java.lang=ALL-UNNAMED --add-opens=java.base/sun.nio.fs=ALL-UNNAMED -Declipse.application=org.eclipse.jdt.ls.core.id1 -Dosgi.bundles.defaultStartLevel=4 -Declipse.product=org.eclipse.jdt.ls.core.product -Djava.import.generatesMetadataFilesAtProjectRoot=false -DDetectVMInstallationsJob.disabled=true -Dfile.encoding=utf8 -XX:+UseParallelGC -XX:GCTimeRatio=4 -XX:AdaptiveSizePolicyWeight=90 -Dsun.zip.disableMemoryMapping=true -Xmx1G -Xms100m -Xlog:disable -javaagent:c:\Users\Kiet\.vscode\extensions\redhat.java-1.30.0-win32-x64\lombok\lombok-1.18.32.jar c:\Users\Kiet\.vscode\extensions\redhat.java-1.30.0-win32-x64\server\plugins\org.eclipse.equinox.launcher_1.6.800.v20240330-1250.jar -configuration c:\Users\Kiet\AppData\Roaming\Code\User\globalStorage\redhat.java\1.30.0\config_ss_win -data c:\Users\Kiet\AppData\Roaming\Code\User\workspaceStorage\9f0ec90a7e62ad64397c1cc3a6503a33\redhat.java\ss_ws --pipe=\\.\pipe\lsp-0c443f4891c483b6b053e9197b3b577f-sock

Host: Intel(R) Core(TM) i5-1035G1 CPU @ 1.00GHz, 8 cores, 7G,  Windows 11 , 64 bit Build 22621 (10.0.22621.3374)
Time: Sat Apr 27 15:56:44 2024 SE Asia Standard Time elapsed time: 10.042672 seconds (0d 0h 0m 10s)

---------------  T H R E A D  ---------------

Current thread (0x00000250a4e4bbb0):  JavaThread "C2 CompilerThread0" daemon [_thread_in_native, id=3720, stack(0x000000feeae00000,0x000000feeaf00000)]


Current CompileTask:
C2:  10042 4722   !   4       org.eclipse.osgi.internal.loader.classpath.ClasspathManager::findLocalClass (210 bytes)

Stack: [0x000000feeae00000,0x000000feeaf00000]
Native frames: (J=compiled Java code, j=interpreted, Vv=VM code, C=native code)
V  [jvm.dll+0x67d2c9]
V  [jvm.dll+0x834afa]
V  [jvm.dll+0x8365be]
V  [jvm.dll+0x836c23]
V  [jvm.dll+0x2477ff]
V  [jvm.dll+0xac514]
V  [jvm.dll+0xacb5c]
V  [jvm.dll+0x2aed1f]
V  [jvm.dll+0x584b67]
V  [jvm.dll+0x2228a2]
V  [jvm.dll+0x222c8f]
V  [jvm.dll+0x21bdb6]
V  [jvm.dll+0x219201]
V  [jvm.dll+0x1a502d]
V  [jvm.dll+0x2290de]
V  [jvm.dll+0x2272ac]
V  [jvm.dll+0x7e9bb7]
V  [jvm.dll+0x7e3fba]
V  [jvm.dll+0x67c1b5]
C  [ucrtbase.dll+0x29333]
C  [KERNEL32.DLL+0x1257d]
C  [ntdll.dll+0x5aa48]


---------------  P R O C E S S  ---------------

Threads class SMR info:
_java_thread_list=0x00000250b0eb6640, length=39, elements={
0x000002508bc70b70, 0x000002509fafca40, 0x00000250a4e15020, 0x00000250a4e41330,
0x00000250a4e41d00, 0x00000250a4e427d0, 0x00000250a4e459f0, 0x00000250a4e4bbb0,
0x00000250a4e99650, 0x00000250a4ec1500, 0x00000250a4f3e6c0, 0x00000250a51de9d0,
0x00000250a64590c0, 0x00000250a66fa790, 0x00000250a66fb150, 0x00000250a6575ce0,
0x00000250a66e1d20, 0x00000250a65ef660, 0x00000250a65f14c0, 0x00000250a65f19d0,
0x00000250a65ee730, 0x00000250a65eec40, 0x00000250a65ef150, 0x00000250a65efb70,
0x00000250a65ee220, 0x00000250a65f0590, 0x00000250a65f0aa0, 0x00000250b0ea6900,
0x00000250b0ea4aa0, 0x00000250b0ea59d0, 0x00000250b0ea5ee0, 0x00000250b0ea54c0,
0x00000250b0ea7320, 0x00000250b0ea2730, 0x00000250b0ea7830, 0x00000250b0ea4080,
0x00000250b0ea4fb0, 0x00000250b0ea63f0, 0x00000250a69e0670
}

Java Threads: ( => current thread )
  0x000002508bc70b70 JavaThread "main" [_thread_blocked, id=9552, stack(0x000000feea500000,0x000000feea600000)]
  0x000002509fafca40 JavaThread "Reference Handler" daemon [_thread_blocked, id=14536, stack(0x000000feea800000,0x000000feea900000)]
  0x00000250a4e15020 JavaThread "Finalizer" daemon [_thread_blocked, id=17204, stack(0x000000feea900000,0x000000feeaa00000)]
  0x00000250a4e41330 JavaThread "Signal Dispatcher" daemon [_thread_blocked, id=12940, stack(0x000000feeaa00000,0x000000feeab00000)]
  0x00000250a4e41d00 JavaThread "Attach Listener" daemon [_thread_blocked, id=4352, stack(0x000000feeab00000,0x000000feeac00000)]
  0x00000250a4e427d0 JavaThread "Service Thread" daemon [_thread_blocked, id=3988, stack(0x000000feeac00000,0x000000feead00000)]
  0x00000250a4e459f0 JavaThread "Monitor Deflation Thread" daemon [_thread_blocked, id=19460, stack(0x000000feead00000,0x000000feeae00000)]
=>0x00000250a4e4bbb0 JavaThread "C2 CompilerThread0" daemon [_thread_in_native, id=3720, stack(0x000000feeae00000,0x000000feeaf00000)]
  0x00000250a4e99650 JavaThread "C1 CompilerThread0" daemon [_thread_blocked, id=15060, stack(0x000000feeaf00000,0x000000feeb000000)]
  0x00000250a4ec1500 JavaThread "Sweeper thread" daemon [_thread_blocked, id=16888, stack(0x000000feeb000000,0x000000feeb100000)]
  0x00000250a4f3e6c0 JavaThread "Common-Cleaner" daemon [_thread_blocked, id=5620, stack(0x000000feeb100000,0x000000feeb200000)]
  0x00000250a51de9d0 JavaThread "Notification Thread" daemon [_thread_blocked, id=19524, stack(0x000000feeb200000,0x000000feeb300000)]
  0x00000250a64590c0 JavaThread "Active Thread: Equinox Container: 490dc819-bd48-4502-b1b5-1e333a63e5e1" [_thread_blocked, id=12028, stack(0x000000feebb00000,0x000000feebc00000)]
  0x00000250a66fa790 JavaThread "Framework Event Dispatcher: Equinox Container: 490dc819-bd48-4502-b1b5-1e333a63e5e1" daemon [_thread_blocked, id=11104, stack(0x000000feebd00000,0x000000feebe00000)]
  0x00000250a66fb150 JavaThread "Start Level: Equinox Container: 490dc819-bd48-4502-b1b5-1e333a63e5e1" daemon [_thread_blocked, id=12640, stack(0x000000feebe00000,0x000000feebf00000)]
  0x00000250a6575ce0 JavaThread "SCR Component Actor" daemon [_thread_blocked, id=15968, stack(0x000000feebf00000,0x000000feec000000)]
  0x00000250a66e1d20 JavaThread "SCR Component Registry" daemon [_thread_blocked, id=17640, stack(0x000000feeba00000,0x000000feebb00000)]
  0x00000250a65ef660 JavaThread "Worker-JM" [_thread_blocked, id=19540, stack(0x000000feebc00000,0x000000feebd00000)]
  0x00000250a65f14c0 JavaThread "Worker-0: Refreshing workspace" [_thread_in_native, id=20408, stack(0x000000feec200000,0x000000feec300000)]
  0x00000250a65f19d0 JavaThread "Worker-1" [_thread_blocked, id=15072, stack(0x000000feec300000,0x000000feec400000)]
  0x00000250a65ee730 JavaThread "Worker-2" [_thread_blocked, id=17716, stack(0x000000feec600000,0x000000feec700000)]
  0x00000250a65eec40 JavaThread "Worker-3" [_thread_blocked, id=15012, stack(0x000000feec400000,0x000000feec500000)]
  0x00000250a65ef150 JavaThread "JNA Cleaner" daemon [_thread_blocked, id=19600, stack(0x000000feec700000,0x000000feec800000)]
  0x00000250a65efb70 JavaThread "Thread-2" daemon [_thread_in_native, id=2324, stack(0x000000feec800000,0x000000feec900000)]
  0x00000250a65ee220 JavaThread "Thread-3" daemon [_thread_in_native, id=20444, stack(0x000000feec900000,0x000000feeca00000)]
  0x00000250a65f0590 JavaThread "Thread-4" daemon [_thread_in_native, id=5624, stack(0x000000feeca00000,0x000000feecb00000)]
  0x00000250a65f0aa0 JavaThread "Thread-5" daemon [_thread_in_native, id=2836, stack(0x000000feecb00000,0x000000feecc00000)]
  0x00000250b0ea6900 JavaThread "Thread-6" daemon [_thread_in_native, id=19604, stack(0x000000feecc00000,0x000000feecd00000)]
  0x00000250b0ea4aa0 JavaThread "Thread-7" daemon [_thread_in_native, id=10948, stack(0x000000feecd00000,0x000000feece00000)]
  0x00000250b0ea59d0 JavaThread "Thread-8" daemon [_thread_in_native, id=3684, stack(0x000000feece00000,0x000000feecf00000)]
  0x00000250b0ea5ee0 JavaThread "Thread-9" daemon [_thread_in_native, id=17292, stack(0x000000feecf00000,0x000000feed000000)]
  0x00000250b0ea54c0 JavaThread "Thread-10" daemon [_thread_in_native, id=6396, stack(0x000000feed000000,0x000000feed100000)]
  0x00000250b0ea7320 JavaThread "pool-2-thread-1" [_thread_blocked, id=18748, stack(0x000000feed100000,0x000000feed200000)]
  0x00000250b0ea2730 JavaThread "Worker-4" [_thread_blocked, id=14684, stack(0x000000feed200000,0x000000feed300000)]
  0x00000250b0ea7830 JavaThread "WorkspaceEventsHandler" [_thread_blocked, id=6808, stack(0x000000feed300000,0x000000feed400000)]
  0x00000250b0ea4080 JavaThread "pool-1-thread-1" [_thread_blocked, id=8660, stack(0x000000feed400000,0x000000feed500000)]
  0x00000250b0ea4fb0 JavaThread "ForkJoinPool.commonPool-worker-1" daemon [_thread_blocked, id=1644, stack(0x000000feed500000,0x000000feed600000)]
  0x00000250b0ea63f0 JavaThread "ForkJoinPool.commonPool-worker-2" daemon [_thread_in_native, id=11404, stack(0x000000feed600000,0x000000feed700000)]
  0x00000250a69e0670 JavaThread "C2 CompilerThread1" daemon [_thread_in_native, id=19708, stack(0x000000feec100000,0x000000feec200000)]

Other Threads:
  0x00000250a4e00c20 VMThread "VM Thread" [stack: 0x000000feea700000,0x000000feea800000] [id=17308]
  0x00000250a516f340 WatcherThread [stack: 0x000000feeb300000,0x000000feeb400000] [id=19128]
  0x000002508bc84d20 GCTaskThread "GC Thread#0" [stack: 0x000000feea600000,0x000000feea700000] [id=16652]
  0x00000250a619ba50 GCTaskThread "GC Thread#1" [stack: 0x000000feeb400000,0x000000feeb500000] [id=13992]
  0x00000250a619c110 GCTaskThread "GC Thread#2" [stack: 0x000000feeb500000,0x000000feeb600000] [id=2544]
  0x00000250a619c3d0 GCTaskThread "GC Thread#3" [stack: 0x000000feeb600000,0x000000feeb700000] [id=7340]
  0x00000250a619c690 GCTaskThread "GC Thread#4" [stack: 0x000000feeb700000,0x000000feeb800000] [id=17280]
  0x00000250a619c950 GCTaskThread "GC Thread#5" [stack: 0x000000feeb800000,0x000000feeb900000] [id=17536]
  0x00000250a619cc10 GCTaskThread "GC Thread#6" [stack: 0x000000feeb900000,0x000000feeba00000] [id=16936]
  0x00000250a648f440 GCTaskThread "GC Thread#7" [stack: 0x000000feec000000,0x000000feec100000] [id=6184]

Threads with active compile tasks:
C2 CompilerThread0    10070 4722   !   4       org.eclipse.osgi.internal.loader.classpath.ClasspathManager::findLocalClass (210 bytes)
C2 CompilerThread1    10070 4726       4       org.eclipse.core.runtime.Path::<init> (161 bytes)

VM state: not at safepoint (normal execution)

VM Mutex/Monitor currently owned by a thread: None

Heap address: 0x00000000c0000000, size: 1024 MB, Compressed Oops mode: 32-bit

CDS archive(s) not mapped
Compressed class space mapped at: 0x0000000100000000-0x0000000140000000, reserved size: 1073741824
Narrow klass base: 0x0000000000000000, Narrow klass shift: 3, Narrow klass range: 0x140000000

GC Precious Log:
 CPUs: 8 total, 8 available
 Memory: 7987M
 Large Page Support: Disabled
 NUMA Support: Disabled
 Compressed Oops: Enabled (32-bit)
 Alignments: Space 512K, Generation 512K, Heap 2M
 Heap Min Capacity: 100M
 Heap Initial Capacity: 100M
 Heap Max Capacity: 1G
 Pre-touch: Disabled
 Parallel Workers: 8

Heap:
 PSYoungGen      total 22016K, used 10091K [0x00000000eab00000, 0x00000000ec780000, 0x0000000100000000)
  eden space 20992K, 44% used [0x00000000eab00000,0x00000000eb422e38,0x00000000ebf80000)
  from space 1024K, 71% used [0x00000000ec680000,0x00000000ec738060,0x00000000ec780000)
  to   space 3072K, 0% used [0x00000000ec180000,0x00000000ec180000,0x00000000ec480000)
 ParOldGen       total 68608K, used 29207K [0x00000000c0000000, 0x00000000c4300000, 0x00000000eab00000)
  object space 68608K, 42% used [0x00000000c0000000,0x00000000c1c85d68,0x00000000c4300000)
 Metaspace       used 41554K, committed 42304K, reserved 1114112K
  class space    used 4189K, committed 4544K, reserved 1048576K

Card table byte_map: [0x000002508b600000,0x000002508b810000] _byte_map_base: 0x000002508b000000

Marking Bits: (ParMarkBitMap*) 0x00007ff82ad8d7d0
 Begin Bits: [0x000002509d900000, 0x000002509e900000)
 End Bits:   [0x000002509e900000, 0x000002509f900000)

Polling page: 0x0000025089c20000

Metaspace:

Usage:
  Non-class:     36.49 MB used.
      Class:      4.09 MB used.
       Both:     40.58 MB used.

Virtual space:
  Non-class space:       64.00 MB reserved,      36.88 MB ( 58%) committed,  1 nodes.
      Class space:        1.00 GB reserved,       4.44 MB ( <1%) committed,  1 nodes.
             Both:        1.06 GB reserved,      41.31 MB (  4%) committed. 

Chunk freelists:
   Non-Class:  10.89 MB
       Class:  11.58 MB
        Both:  22.47 MB

MaxMetaspaceSize: unlimited
CompressedClassSpaceSize: 1.00 GB
Initial GC threshold: 21.00 MB
Current GC threshold: 58.38 MB
CDS: off
MetaspaceReclaimPolicy: balanced
 - commit_granule_bytes: 65536.
 - commit_granule_words: 8192.
 - virtual_space_node_default_size: 8388608.
 - enlarge_chunks_in_place: 1.
 - new_chunks_are_fully_committed: 0.
 - uncommit_free_chunks: 1.
 - use_allocation_guard: 0.
 - handle_deallocations: 1.


Internal statistics:

num_allocs_failed_limit: 6.
num_arena_births: 386.
num_arena_deaths: 14.
num_vsnodes_births: 2.
num_vsnodes_deaths: 0.
num_space_committed: 661.
num_space_uncommitted: 0.
num_chunks_returned_to_freelist: 20.
num_chunks_taken_from_freelist: 1741.
num_chunk_merges: 11.
num_chunk_splits: 1112.
num_chunks_enlarged: 722.
num_inconsistent_stats: 0.

CodeHeap 'non-profiled nmethods': size=120000Kb used=2523Kb max_used=2523Kb free=117476Kb
 bounds [0x00000250963d0000, 0x0000025096650000, 0x000002509d900000]
CodeHeap 'profiled nmethods': size=120000Kb used=10418Kb max_used=10418Kb free=109581Kb
 bounds [0x000002508e900000, 0x000002508f330000, 0x0000025095e30000]
CodeHeap 'non-nmethods': size=5760Kb used=1317Kb max_used=1357Kb free=4442Kb
 bounds [0x0000025095e30000, 0x00000250960a0000, 0x00000250963d0000]
 total_blobs=5372 nmethods=4732 adapters=553
 compilation: enabled
              stopped_count=0, restarted_count=0
 full_count=0

Compilation events (20 events):
Event: 9.922 Thread 0x00000250a69e0670 nmethod 4729 0x0000025096645410 code [0x00000250966455a0, 0x00000250966456b8]
Event: 9.922 Thread 0x00000250a69e0670 4727       4       org.eclipse.core.runtime.Path::collapseSlashes (142 bytes)
Event: 9.925 Thread 0x00000250a69e0670 nmethod 4727 0x0000025096645790 code [0x0000025096645920, 0x0000025096645b38]
Event: 9.925 Thread 0x00000250a69e0670 4731       4       java.lang.String::getChars (54 bytes)
Event: 9.929 Thread 0x00000250a69e0670 nmethod 4731 0x0000025096645d10 code [0x0000025096645ea0, 0x00000250966462d8]
Event: 9.929 Thread 0x00000250a69e0670 4728       4       org.eclipse.core.runtime.Path::computeFlags (143 bytes)
Event: 9.935 Thread 0x00000250a69e0670 nmethod 4728 0x0000025096646590 code [0x0000025096646740, 0x0000025096646a90]
Event: 9.935 Thread 0x00000250a69e0670 4726       4       org.eclipse.core.runtime.Path::<init> (161 bytes)
Event: 9.936 Thread 0x00000250a4e99650 4732       3       sun.net.www.protocol.jar.JarURLConnection$JarURLInputStream::<init> (11 bytes)
Event: 9.936 Thread 0x00000250a4e99650 nmethod 4732 0x000002508f329090 code [0x000002508f329240, 0x000002508f329498]
Event: 9.947 Thread 0x00000250a4e99650 4733       3       org.eclipse.core.filesystem.provider.FileStore::childInfos (47 bytes)
Event: 9.948 Thread 0x00000250a4e99650 nmethod 4733 0x000002508f329590 code [0x000002508f329760, 0x000002508f329cd8]
Event: 9.989 Thread 0x00000250a4e99650 4734       3       java.lang.ClassLoader::defineClass (11 bytes)
Event: 9.989 Thread 0x00000250a4e99650 nmethod 4734 0x000002508f329f10 code [0x000002508f32a0c0, 0x000002508f32a208]
Event: 10.026 Thread 0x00000250a4e99650 4735   !   3       lombok.launch.PackageShader::reverseResourceName (126 bytes)
Event: 10.028 Thread 0x00000250a4e99650 nmethod 4735 0x000002508f32a290 code [0x000002508f32a5a0, 0x000002508f32b758]
Event: 10.028 Thread 0x00000250a4e99650 4736       3       java.util.Collections$SetFromMap::iterator (10 bytes)
Event: 10.029 Thread 0x00000250a4e99650 nmethod 4736 0x000002508f32c110 code [0x000002508f32c2c0, 0x000002508f32c488]
Event: 10.029 Thread 0x00000250a4e99650 4737       3       java.util.IdentityHashMap$KeySet::iterator (12 bytes)
Event: 10.029 Thread 0x00000250a4e99650 nmethod 4737 0x000002508f32c590 code [0x000002508f32c740, 0x000002508f32c968]

GC Heap History (20 events):
Event: 7.465 GC heap before
{Heap before GC invocations=11 (full 1):
 PSYoungGen      total 25600K, used 25553K [0x00000000eab00000, 0x00000000ec800000, 0x0000000100000000)
  eden space 22528K, 100% used [0x00000000eab00000,0x00000000ec100000,0x00000000ec100000)
  from space 3072K, 98% used [0x00000000ec180000,0x00000000ec4746a8,0x00000000ec480000)
  to   space 3584K, 0% used [0x00000000ec480000,0x00000000ec480000,0x00000000ec800000)
 ParOldGen       total 68608K, used 11227K [0x00000000c0000000, 0x00000000c4300000, 0x00000000eab00000)
  object space 68608K, 16% used [0x00000000c0000000,0x00000000c0af6ff0,0x00000000c4300000)
 Metaspace       used 33484K, committed 34176K, reserved 1114112K
  class space    used 3264K, committed 3584K, reserved 1048576K
}
Event: 7.469 GC heap after
{Heap after GC invocations=11 (full 1):
 PSYoungGen      total 24576K, used 3552K [0x00000000eab00000, 0x00000000eca80000, 0x0000000100000000)
  eden space 20992K, 0% used [0x00000000eab00000,0x00000000eab00000,0x00000000ebf80000)
  from space 3584K, 99% used [0x00000000ec480000,0x00000000ec7f8010,0x00000000ec800000)
  to   space 5120K, 0% used [0x00000000ebf80000,0x00000000ebf80000,0x00000000ec480000)
 ParOldGen       total 68608K, used 12317K [0x00000000c0000000, 0x00000000c4300000, 0x00000000eab00000)
  object space 68608K, 17% used [0x00000000c0000000,0x00000000c0c07510,0x00000000c4300000)
 Metaspace       used 33484K, committed 34176K, reserved 1114112K
  class space    used 3264K, committed 3584K, reserved 1048576K
}
Event: 7.682 GC heap before
{Heap before GC invocations=12 (full 1):
 PSYoungGen      total 24576K, used 23128K [0x00000000eab00000, 0x00000000eca80000, 0x0000000100000000)
  eden space 20992K, 93% used [0x00000000eab00000,0x00000000ebe1e160,0x00000000ebf80000)
  from space 3584K, 99% used [0x00000000ec480000,0x00000000ec7f8010,0x00000000ec800000)
  to   space 5120K, 0% used [0x00000000ebf80000,0x00000000ebf80000,0x00000000ec480000)
 ParOldGen       total 68608K, used 12317K [0x00000000c0000000, 0x00000000c4300000, 0x00000000eab00000)
  object space 68608K, 17% used [0x00000000c0000000,0x00000000c0c07510,0x00000000c4300000)
 Metaspace       used 35186K, committed 35840K, reserved 1114112K
  class space    used 3475K, committed 3776K, reserved 1048576K
}
Event: 7.686 GC heap after
{Heap after GC invocations=12 (full 1):
 PSYoungGen      total 22528K, used 1473K [0x00000000eab00000, 0x00000000ec680000, 0x0000000100000000)
  eden space 20992K, 0% used [0x00000000eab00000,0x00000000eab00000,0x00000000ebf80000)
  from space 1536K, 95% used [0x00000000ebf80000,0x00000000ec0f0450,0x00000000ec100000)
  to   space 3072K, 0% used [0x00000000ec380000,0x00000000ec380000,0x00000000ec680000)
 ParOldGen       total 68608K, used 15802K [0x00000000c0000000, 0x00000000c4300000, 0x00000000eab00000)
  object space 68608K, 23% used [0x00000000c0000000,0x00000000c0f6e8e8,0x00000000c4300000)
 Metaspace       used 35186K, committed 35840K, reserved 1114112K
  class space    used 3475K, committed 3776K, reserved 1048576K
}
Event: 7.686 GC heap before
{Heap before GC invocations=13 (full 2):
 PSYoungGen      total 22528K, used 1473K [0x00000000eab00000, 0x00000000ec680000, 0x0000000100000000)
  eden space 20992K, 0% used [0x00000000eab00000,0x00000000eab00000,0x00000000ebf80000)
  from space 1536K, 95% used [0x00000000ebf80000,0x00000000ec0f0450,0x00000000ec100000)
  to   space 3072K, 0% used [0x00000000ec380000,0x00000000ec380000,0x00000000ec680000)
 ParOldGen       total 68608K, used 15802K [0x00000000c0000000, 0x00000000c4300000, 0x00000000eab00000)
  object space 68608K, 23% used [0x00000000c0000000,0x00000000c0f6e8e8,0x00000000c4300000)
 Metaspace       used 35186K, committed 35840K, reserved 1114112K
  class space    used 3475K, committed 3776K, reserved 1048576K
}
Event: 7.719 GC heap after
{Heap after GC invocations=13 (full 2):
 PSYoungGen      total 22528K, used 0K [0x00000000eab00000, 0x00000000ec680000, 0x0000000100000000)
  eden space 20992K, 0% used [0x00000000eab00000,0x00000000eab00000,0x00000000ebf80000)
  from space 1536K, 0% used [0x00000000ebf80000,0x00000000ebf80000,0x00000000ec100000)
  to   space 3072K, 0% used [0x00000000ec380000,0x00000000ec380000,0x00000000ec680000)
 ParOldGen       total 68608K, used 16763K [0x00000000c0000000, 0x00000000c4300000, 0x00000000eab00000)
  object space 68608K, 24% used [0x00000000c0000000,0x00000000c105ec28,0x00000000c4300000)
 Metaspace       used 35186K, committed 35840K, reserved 1114112K
  class space    used 3475K, committed 3776K, reserved 1048576K
}
Event: 8.118 GC heap before
{Heap before GC invocations=14 (full 2):
 PSYoungGen      total 22528K, used 20992K [0x00000000eab00000, 0x00000000ec680000, 0x0000000100000000)
  eden space 20992K, 100% used [0x00000000eab00000,0x00000000ebf80000,0x00000000ebf80000)
  from space 1536K, 0% used [0x00000000ebf80000,0x00000000ebf80000,0x00000000ec100000)
  to   space 3072K, 0% used [0x00000000ec380000,0x00000000ec380000,0x00000000ec680000)
 ParOldGen       total 68608K, used 16763K [0x00000000c0000000, 0x00000000c4300000, 0x00000000eab00000)
  object space 68608K, 24% used [0x00000000c0000000,0x00000000c105ec28,0x00000000c4300000)
 Metaspace       used 37461K, committed 38208K, reserved 1114112K
  class space    used 3761K, committed 4096K, reserved 1048576K
}
Event: 8.120 GC heap after
{Heap after GC invocations=14 (full 2):
 PSYoungGen      total 23040K, used 1948K [0x00000000eab00000, 0x00000000ec580000, 0x0000000100000000)
  eden space 20992K, 0% used [0x00000000eab00000,0x00000000eab00000,0x00000000ebf80000)
  from space 2048K, 95% used [0x00000000ec380000,0x00000000ec567118,0x00000000ec580000)
  to   space 2560K, 0% used [0x00000000ec080000,0x00000000ec080000,0x00000000ec300000)
 ParOldGen       total 68608K, used 16771K [0x00000000c0000000, 0x00000000c4300000, 0x00000000eab00000)
  object space 68608K, 24% used [0x00000000c0000000,0x00000000c1060c28,0x00000000c4300000)
 Metaspace       used 37461K, committed 38208K, reserved 1114112K
  class space    used 3761K, committed 4096K, reserved 1048576K
}
Event: 8.605 GC heap before
{Heap before GC invocations=15 (full 2):
 PSYoungGen      total 23040K, used 22940K [0x00000000eab00000, 0x00000000ec580000, 0x0000000100000000)
  eden space 20992K, 100% used [0x00000000eab00000,0x00000000ebf80000,0x00000000ebf80000)
  from space 2048K, 95% used [0x00000000ec380000,0x00000000ec567118,0x00000000ec580000)
  to   space 2560K, 0% used [0x00000000ec080000,0x00000000ec080000,0x00000000ec300000)
 ParOldGen       total 68608K, used 16771K [0x00000000c0000000, 0x00000000c4300000, 0x00000000eab00000)
  object space 68608K, 24% used [0x00000000c0000000,0x00000000c1060ca0,0x00000000c4300000)
 Metaspace       used 39457K, committed 40192K, reserved 1114112K
  class space    used 3973K, committed 4288K, reserved 1048576K
}
Event: 8.607 GC heap after
{Heap after GC invocations=15 (full 2):
 PSYoungGen      total 22528K, used 1147K [0x00000000eab00000, 0x00000000ec400000, 0x0000000100000000)
  eden space 20992K, 0% used [0x00000000eab00000,0x00000000eab00000,0x00000000ebf80000)
  from space 1536K, 74% used [0x00000000ec080000,0x00000000ec19eea0,0x00000000ec200000)
  to   space 1536K, 0% used [0x00000000ec280000,0x00000000ec280000,0x00000000ec400000)
 ParOldGen       total 68608K, used 18581K [0x00000000c0000000, 0x00000000c4300000, 0x00000000eab00000)
  object space 68608K, 27% used [0x00000000c0000000,0x00000000c12255b8,0x00000000c4300000)
 Metaspace       used 39457K, committed 40192K, reserved 1114112K
  class space    used 3973K, committed 4288K, reserved 1048576K
}
Event: 8.673 GC heap before
{Heap before GC invocations=16 (full 2):
 PSYoungGen      total 22528K, used 22139K [0x00000000eab00000, 0x00000000ec400000, 0x0000000100000000)
  eden space 20992K, 100% used [0x00000000eab00000,0x00000000ebf80000,0x00000000ebf80000)
  from space 1536K, 74% used [0x00000000ec080000,0x00000000ec19eea0,0x00000000ec200000)
  to   space 1536K, 0% used [0x00000000ec280000,0x00000000ec280000,0x00000000ec400000)
 ParOldGen       total 68608K, used 18583K [0x00000000c0000000, 0x00000000c4300000, 0x00000000eab00000)
  object space 68608K, 27% used [0x00000000c0000000,0x00000000c1225ed0,0x00000000c4300000)
 Metaspace       used 39493K, committed 40192K, reserved 1114112K
  class space    used 3976K, committed 4288K, reserved 1048576K
}
Event: 8.676 GC heap after
{Heap after GC invocations=16 (full 2):
 PSYoungGen      total 22528K, used 1536K [0x00000000eab00000, 0x00000000ec580000, 0x0000000100000000)
  eden space 20992K, 0% used [0x00000000eab00000,0x00000000eab00000,0x00000000ebf80000)
  from space 1536K, 100% used [0x00000000ec280000,0x00000000ec400000,0x00000000ec400000)
  to   space 3072K, 0% used [0x00000000ebf80000,0x00000000ebf80000,0x00000000ec280000)
 ParOldGen       total 68608K, used 19816K [0x00000000c0000000, 0x00000000c4300000, 0x00000000eab00000)
  object space 68608K, 28% used [0x00000000c0000000,0x00000000c135a068,0x00000000c4300000)
 Metaspace       used 39493K, committed 40192K, reserved 1114112K
  class space    used 3976K, committed 4288K, reserved 1048576K
}
Event: 8.747 GC heap before
{Heap before GC invocations=17 (full 2):
 PSYoungGen      total 22528K, used 22528K [0x00000000eab00000, 0x00000000ec580000, 0x0000000100000000)
  eden space 20992K, 100% used [0x00000000eab00000,0x00000000ebf80000,0x00000000ebf80000)
  from space 1536K, 100% used [0x00000000ec280000,0x00000000ec400000,0x00000000ec400000)
  to   space 3072K, 0% used [0x00000000ebf80000,0x00000000ebf80000,0x00000000ec280000)
 ParOldGen       total 68608K, used 19816K [0x00000000c0000000, 0x00000000c4300000, 0x00000000eab00000)
  object space 68608K, 28% used [0x00000000c0000000,0x00000000c135a068,0x00000000c4300000)
 Metaspace       used 39494K, committed 40192K, reserved 1114112K
  class space    used 3976K, committed 4288K, reserved 1048576K
}
Event: 8.751 GC heap after
{Heap after GC invocations=17 (full 2):
 PSYoungGen      total 23040K, used 2048K [0x00000000eab00000, 0x00000000ec480000, 0x0000000100000000)
  eden space 20992K, 0% used [0x00000000eab00000,0x00000000eab00000,0x00000000ebf80000)
  from space 2048K, 100% used [0x00000000ebf80000,0x00000000ec180000,0x00000000ec180000)
  to   space 2560K, 0% used [0x00000000ec200000,0x00000000ec200000,0x00000000ec480000)
 ParOldGen       total 68608K, used 21376K [0x00000000c0000000, 0x00000000c4300000, 0x00000000eab00000)
  object space 68608K, 31% used [0x00000000c0000000,0x00000000c14e0068,0x00000000c4300000)
 Metaspace       used 39494K, committed 40192K, reserved 1114112K
  class space    used 3976K, committed 4288K, reserved 1048576K
}
Event: 8.806 GC heap before
{Heap before GC invocations=18 (full 2):
 PSYoungGen      total 23040K, used 23040K [0x00000000eab00000, 0x00000000ec480000, 0x0000000100000000)
  eden space 20992K, 100% used [0x00000000eab00000,0x00000000ebf80000,0x00000000ebf80000)
  from space 2048K, 100% used [0x00000000ebf80000,0x00000000ec180000,0x00000000ec180000)
  to   space 2560K, 0% used [0x00000000ec200000,0x00000000ec200000,0x00000000ec480000)
 ParOldGen       total 68608K, used 21376K [0x00000000c0000000, 0x00000000c4300000, 0x00000000eab00000)
  object space 68608K, 31% used [0x00000000c0000000,0x00000000c14e0068,0x00000000c4300000)
 Metaspace       used 39494K, committed 40192K, reserved 1114112K
  class space    used 3976K, committed 4288K, reserved 1048576K
}
Event: 8.809 GC heap after
{Heap after GC invocations=18 (full 2):
 PSYoungGen      total 23552K, used 2208K [0x00000000eab00000, 0x00000000ec480000, 0x0000000100000000)
  eden space 20992K, 0% used [0x00000000eab00000,0x00000000eab00000,0x00000000ebf80000)
  from space 2560K, 86% used [0x00000000ec200000,0x00000000ec428010,0x00000000ec480000)
  to   space 2560K, 0% used [0x00000000ebf80000,0x00000000ebf80000,0x00000000ec200000)
 ParOldGen       total 68608K, used 23272K [0x00000000c0000000, 0x00000000c4300000, 0x00000000eab00000)
  object space 68608K, 33% used [0x00000000c0000000,0x00000000c16ba068,0x00000000c4300000)
 Metaspace       used 39494K, committed 40192K, reserved 1114112K
  class space    used 3976K, committed 4288K, reserved 1048576K
}
Event: 9.019 GC heap before
{Heap before GC invocations=19 (full 2):
 PSYoungGen      total 23552K, used 23174K [0x00000000eab00000, 0x00000000ec480000, 0x0000000100000000)
  eden space 20992K, 99% used [0x00000000eab00000,0x00000000ebf79960,0x00000000ebf80000)
  from space 2560K, 86% used [0x00000000ec200000,0x00000000ec428010,0x00000000ec480000)
  to   space 2560K, 0% used [0x00000000ebf80000,0x00000000ebf80000,0x00000000ec200000)
 ParOldGen       total 68608K, used 23272K [0x00000000c0000000, 0x00000000c4300000, 0x00000000eab00000)
  object space 68608K, 33% used [0x00000000c0000000,0x00000000c16ba068,0x00000000c4300000)
 Metaspace       used 39759K, committed 40448K, reserved 1114112K
  class space    used 4002K, committed 4288K, reserved 1048576K
}
Event: 9.024 GC heap after
{Heap after GC invocations=19 (full 2):
 PSYoungGen      total 23552K, used 2546K [0x00000000eab00000, 0x00000000ecd80000, 0x0000000100000000)
  eden space 20992K, 0% used [0x00000000eab00000,0x00000000eab00000,0x00000000ebf80000)
  from space 2560K, 99% used [0x00000000ebf80000,0x00000000ec1fc818,0x00000000ec200000)
  to   space 7168K, 0% used [0x00000000ec680000,0x00000000ec680000,0x00000000ecd80000)
 ParOldGen       total 68608K, used 26815K [0x00000000c0000000, 0x00000000c4300000, 0x00000000eab00000)
  object space 68608K, 39% used [0x00000000c0000000,0x00000000c1a2fc88,0x00000000c4300000)
 Metaspace       used 39759K, committed 40448K, reserved 1114112K
  class space    used 4002K, committed 4288K, reserved 1048576K
}
Event: 9.518 GC heap before
{Heap before GC invocations=20 (full 2):
 PSYoungGen      total 23552K, used 23538K [0x00000000eab00000, 0x00000000ecd80000, 0x0000000100000000)
  eden space 20992K, 100% used [0x00000000eab00000,0x00000000ebf80000,0x00000000ebf80000)
  from space 2560K, 99% used [0x00000000ebf80000,0x00000000ec1fc818,0x00000000ec200000)
  to   space 7168K, 0% used [0x00000000ec680000,0x00000000ec680000,0x00000000ecd80000)
 ParOldGen       total 68608K, used 26815K [0x00000000c0000000, 0x00000000c4300000, 0x00000000eab00000)
  object space 68608K, 39% used [0x00000000c0000000,0x00000000c1a2fc88,0x00000000c4300000)
 Metaspace       used 41188K, committed 41920K, reserved 1114112K
  class space    used 4163K, committed 4480K, reserved 1048576K
}
Event: 9.522 GC heap after
{Heap after GC invocations=20 (full 2):
 PSYoungGen      total 22016K, used 736K [0x00000000eab00000, 0x00000000ec780000, 0x0000000100000000)
  eden space 20992K, 0% used [0x00000000eab00000,0x00000000eab00000,0x00000000ebf80000)
  from space 1024K, 71% used [0x00000000ec680000,0x00000000ec738060,0x00000000ec780000)
  to   space 3072K, 0% used [0x00000000ec180000,0x00000000ec180000,0x00000000ec480000)
 ParOldGen       total 68608K, used 29207K [0x00000000c0000000, 0x00000000c4300000, 0x00000000eab00000)
  object space 68608K, 42% used [0x00000000c0000000,0x00000000c1c85d68,0x00000000c4300000)
 Metaspace       used 41188K, committed 41920K, reserved 1114112K
  class space    used 4163K, committed 4480K, reserved 1048576K
}

Dll operation events (10 events):
Event: 0.033 Loaded shared library c:\Users\Kiet\.vscode\extensions\redhat.java-1.30.0-win32-x64\jre\17.0.10-win32-x86_64\bin\java.dll
Event: 0.358 Loaded shared library c:\Users\Kiet\.vscode\extensions\redhat.java-1.30.0-win32-x64\jre\17.0.10-win32-x86_64\bin\zip.dll
Event: 0.363 Loaded shared library C:\Users\Kiet\.vscode\extensions\redhat.java-1.30.0-win32-x64\jre\17.0.10-win32-x86_64\bin\instrument.dll
Event: 0.406 Loaded shared library C:\Users\Kiet\.vscode\extensions\redhat.java-1.30.0-win32-x64\jre\17.0.10-win32-x86_64\bin\net.dll
Event: 0.409 Loaded shared library C:\Users\Kiet\.vscode\extensions\redhat.java-1.30.0-win32-x64\jre\17.0.10-win32-x86_64\bin\nio.dll
Event: 0.426 Loaded shared library C:\Users\Kiet\.vscode\extensions\redhat.java-1.30.0-win32-x64\jre\17.0.10-win32-x86_64\bin\zip.dll
Event: 0.506 Loaded shared library C:\Users\Kiet\.vscode\extensions\redhat.java-1.30.0-win32-x64\jre\17.0.10-win32-x86_64\bin\jimage.dll
Event: 0.663 Loaded shared library c:\Users\Kiet\.vscode\extensions\redhat.java-1.30.0-win32-x64\jre\17.0.10-win32-x86_64\bin\verify.dll
Event: 3.563 Loaded shared library C:\Users\Kiet\AppData\Roaming\Code\User\globalStorage\redhat.java\1.30.0\config_ss_win\org.eclipse.equinox.launcher\org.eclipse.equinox.launcher.win32.win32.x86_64_1.2.900.v20240213-1244\eclipse_11900.dll
Event: 7.570 Loaded shared library C:\Users\Kiet\AppData\Local\Temp\jna-2338477\jna18190717879943985208.dll

Deoptimization events (20 events):
Event: 9.051 Thread 0x00000250b0ea63f0 DEOPT PACKING pc=0x000002509651ebfc sp=0x000000feed6fe3d0
Event: 9.051 Thread 0x00000250b0ea63f0 DEOPT UNPACKING pc=0x0000025095e89ea3 sp=0x000000feed6fe390 mode 2
Event: 9.051 Thread 0x00000250b0ea4fb0 Uncommon trap: trap_request=0xffffff45 fr.pc=0x000002509651ebfc relative=0x000000000000025c
Event: 9.051 Thread 0x00000250b0ea4fb0 Uncommon trap: reason=unstable_if action=reinterpret pc=0x000002509651ebfc method=org.eclipse.core.internal.watson.ElementTree.getElementData(Lorg/eclipse/core/runtime/IPath;)Ljava/lang/Object; @ 25 c2
Event: 9.051 Thread 0x00000250b0ea4fb0 DEOPT PACKING pc=0x000002509651ebfc sp=0x000000feed5fe2c0
Event: 9.051 Thread 0x00000250b0ea4fb0 DEOPT UNPACKING pc=0x0000025095e89ea3 sp=0x000000feed5fe280 mode 2
Event: 9.057 Thread 0x00000250b0ea63f0 Uncommon trap: trap_request=0xffffff45 fr.pc=0x00000250965c6aac relative=0x000000000000082c
Event: 9.057 Thread 0x00000250b0ea63f0 Uncommon trap: reason=unstable_if action=reinterpret pc=0x00000250965c6aac method=java.util.WeakHashMap.remove(Ljava/lang/Object;)Ljava/lang/Object; @ 92 c2
Event: 9.057 Thread 0x00000250b0ea63f0 DEOPT PACKING pc=0x00000250965c6aac sp=0x000000feed6fd440
Event: 9.057 Thread 0x00000250b0ea63f0 DEOPT UNPACKING pc=0x0000025095e89ea3 sp=0x000000feed6fd3f0 mode 2
Event: 9.069 Thread 0x00000250b0ea63f0 Uncommon trap: trap_request=0xffffff45 fr.pc=0x00000250963ec3f8 relative=0x00000000000000f8
Event: 9.069 Thread 0x00000250b0ea63f0 Uncommon trap: reason=unstable_if action=reinterpret pc=0x00000250963ec3f8 method=java.lang.StringCoding.hasNegatives([BII)Z @ 12 c2
Event: 9.069 Thread 0x00000250b0ea63f0 DEOPT PACKING pc=0x00000250963ec3f8 sp=0x000000feed6fdfd0
Event: 9.069 Thread 0x00000250b0ea63f0 DEOPT UNPACKING pc=0x0000025095e89ea3 sp=0x000000feed6fdf78 mode 2
Event: 9.203 Thread 0x00000250b0ea63f0 DEOPT PACKING pc=0x000002508ee433c5 sp=0x000000feed6f9320
Event: 9.203 Thread 0x00000250b0ea63f0 DEOPT UNPACKING pc=0x0000025095e8a9e3 sp=0x000000feed6f87d0 mode 0
Event: 9.216 Thread 0x00000250b0ea63f0 DEOPT PACKING pc=0x000002508ee433c5 sp=0x000000feed6fcc00
Event: 9.216 Thread 0x00000250b0ea63f0 DEOPT UNPACKING pc=0x0000025095e8a9e3 sp=0x000000feed6fc0b0 mode 0
Event: 9.235 Thread 0x00000250b0ea63f0 DEOPT PACKING pc=0x000002508ee433c5 sp=0x000000feed6f93b0
Event: 9.235 Thread 0x00000250b0ea63f0 DEOPT UNPACKING pc=0x0000025095e8a9e3 sp=0x000000feed6f8860 mode 0

Classes unloaded (7 events):
Event: 5.032 Thread 0x00000250a4e00c20 Unloading class 0x000000010021e400 'java/lang/invoke/LambdaForm$MH+0x000000010021e400'
Event: 5.032 Thread 0x00000250a4e00c20 Unloading class 0x000000010021e000 'java/lang/invoke/LambdaForm$MH+0x000000010021e000'
Event: 5.032 Thread 0x00000250a4e00c20 Unloading class 0x000000010021dc00 'java/lang/invoke/LambdaForm$MH+0x000000010021dc00'
Event: 5.032 Thread 0x00000250a4e00c20 Unloading class 0x000000010021d800 'java/lang/invoke/LambdaForm$MH+0x000000010021d800'
Event: 5.032 Thread 0x00000250a4e00c20 Unloading class 0x000000010021d400 'java/lang/invoke/LambdaForm$BMH+0x000000010021d400'
Event: 5.032 Thread 0x00000250a4e00c20 Unloading class 0x000000010021d000 'java/lang/invoke/LambdaForm$DMH+0x000000010021d000'
Event: 5.032 Thread 0x00000250a4e00c20 Unloading class 0x0000000100218400 'java/lang/invoke/LambdaForm$DMH+0x0000000100218400'

Classes redefined (0 events):
No events

Internal exceptions (20 events):
Event: 7.281 Thread 0x00000250a66fb150 Exception <a 'java/io/FileNotFoundException'{0x00000000ebce3468}> (0x00000000ebce3468) 
thrown [s\src\hotspot\share\prims\jni.cpp, line 516]
Event: 7.635 Thread 0x00000250a66fb150 Exception <a 'java/lang/UnsatisfiedLinkError'{0x00000000eba043c0}: The specified procedure could not be found.
> (0x00000000eba043c0) 
thrown [s\src\hotspot\share\prims\jni.cpp, line 535]
Event: 7.643 Thread 0x00000250a66fb150 Exception <a 'java/io/FileNotFoundException'{0x00000000ebacd620}> (0x00000000ebacd620) 
thrown [s\src\hotspot\share\prims\jni.cpp, line 516]
Event: 7.655 Thread 0x00000250a66fb150 Exception <a 'java/io/FileNotFoundException'{0x00000000ebbc0500}> (0x00000000ebbc0500) 
thrown [s\src\hotspot\share\prims\jni.cpp, line 516]
Event: 7.668 Thread 0x00000250a66fb150 Exception <a 'java/lang/UnsatisfiedLinkError'{0x00000000ebd1bcc8}: The specified procedure could not be found.
> (0x00000000ebd1bcc8) 
thrown [s\src\hotspot\share\prims\jni.cpp, line 535]
Event: 7.743 Thread 0x000002508bc70b70 Exception <a 'java/lang/NoSuchMethodError'{0x00000000ead8e498}: 'java.lang.Object java.lang.invoke.DirectMethodHandle$Holder.invokeStatic(java.lang.Object, java.lang.Object, long, java.lang.Object)'> (0x00000000ead8e498) 
thrown [s\src\hotspot\share\interpreter\linkResolver.cpp, line 759]
Event: 7.744 Thread 0x000002508bc70b70 Exception <a 'java/lang/NoSuchMethodError'{0x00000000eada7038}: 'java.lang.Object java.lang.invoke.DirectMethodHandle$Holder.invokeStaticInit(java.lang.Object, java.lang.Object, long, java.lang.Object)'> (0x00000000eada7038) 
thrown [s\src\hotspot\share\interpreter\linkResolver.cpp, line 759]
Event: 7.745 Thread 0x000002508bc70b70 Exception <a 'java/lang/NoSuchMethodError'{0x00000000eadbdd20}: 'java.lang.Object java.lang.invoke.DirectMethodHandle$Holder.newInvokeSpecial(java.lang.Object, java.lang.Object, long)'> (0x00000000eadbdd20) 
thrown [s\src\hotspot\share\interpreter\linkResolver.cpp, line 759]
Event: 7.876 Thread 0x000002508bc70b70 Exception <a 'java/lang/NoSuchMethodError'{0x00000000eb3a8a08}: 'void java.lang.invoke.DirectMethodHandle$Holder.invokeStatic(java.lang.Object, java.lang.Object, java.lang.Object, java.lang.Object)'> (0x00000000eb3a8a08) 
thrown [s\src\hotspot\share\interpreter\linkResolver.cpp, line 759]
Event: 7.917 Thread 0x00000250a65ee730 Exception <a 'java/io/FileNotFoundException'{0x00000000eb5ab290}> (0x00000000eb5ab290) 
thrown [s\src\hotspot\share\prims\jni.cpp, line 516]
Event: 7.918 Thread 0x00000250a65ee730 Exception <a 'java/io/FileNotFoundException'{0x00000000eb5ac278}> (0x00000000eb5ac278) 
thrown [s\src\hotspot\share\prims\jni.cpp, line 516]
Event: 7.918 Thread 0x00000250a65ee730 Exception <a 'java/io/FileNotFoundException'{0x00000000eb5acfd8}> (0x00000000eb5acfd8) 
thrown [s\src\hotspot\share\prims\jni.cpp, line 516]
Event: 8.144 Thread 0x000002508bc70b70 Exception <a 'java/lang/NoSuchMethodError'{0x00000000eac568a8}: 'void java.lang.invoke.DirectMethodHandle$Holder.invokeSpecial(java.lang.Object, java.lang.Object, java.lang.Object, java.lang.Object, java.lang.Object, java.lang.Object)'> (0x00000000eac568a8) 
thrown [s\src\hotspot\share\interpreter\linkResolver.cpp, line 759]
Event: 8.145 Thread 0x000002508bc70b70 Exception <a 'java/lang/IncompatibleClassChangeError'{0x00000000eac60158}: Found class java.lang.Object, but interface was expected> (0x00000000eac60158) 
thrown [s\src\hotspot\share\interpreter\linkResolver.cpp, line 826]
Event: 8.384 Thread 0x00000250b0ea4080 Exception <a 'java/io/FileNotFoundException'{0x00000000eb66df28}> (0x00000000eb66df28) 
thrown [s\src\hotspot\share\prims\jni.cpp, line 516]
Event: 8.998 Thread 0x00000250b0ea4080 Implicit null exception at 0x00000250965ced6a to 0x00000250965ceff8
Event: 9.038 Thread 0x00000250b0ea4080 Exception <a 'java/lang/NoSuchMethodError'{0x00000000eabb6550}: 'java.lang.Object java.lang.invoke.DirectMethodHandle$Holder.invokeInterface(java.lang.Object, java.lang.Object, java.lang.Object)'> (0x00000000eabb6550) 
thrown [s\src\hotspot\share\interpreter\linkResolver.cpp, line 759]
Event: 9.038 Thread 0x00000250b0ea63f0 Exception <a 'java/lang/NoSuchMethodError'{0x00000000eab1b368}: 'java.lang.Object java.lang.invoke.DirectMethodHandle$Holder.invokeInterface(java.lang.Object, java.lang.Object, java.lang.Object)'> (0x00000000eab1b368) 
thrown [s\src\hotspot\share\interpreter\linkResolver.cpp, line 759]
Event: 9.147 Thread 0x00000250b0ea4fb0 Exception <a 'java/lang/LinkageError'{0x00000000eb1f3c80}: loader lombok.launch.ShadowClassLoader @11e8c97f attempted duplicate class definition for lombok.launch.PatchFixesHider$Transform. (lombok.launch.PatchFixesHider$Transform is in unnamed module of loader lombok.launch.ShadowClassLoader @11e8c97f, parent loader org.eclipse.osgi.internal.loader.EquinoxClassLoader @7d1ccf3b)> (0x00000000eb1f3c80) 
thrown [s\src\hotspot\share\classfile\systemDictionary.cpp, line 1724]
Event: 9.147 Thread 0x00000250b0ea4080 Exception <a 'java/lang/LinkageError'{0x00000000eb1eaab8}: loader lombok.launch.ShadowClassLoader @11e8c97f attempted duplicate class definition for lombok.launch.PatchFixesHider$Transform. (lombok.launch.PatchFixesHider$Transform is in unnamed module of loader lombok.launch.ShadowClassLoader @11e8c97f, parent loader org.eclipse.osgi.internal.loader.EquinoxClassLoader @7d1ccf3b)> (0x00000000eb1eaab8) 
thrown [s\src\hotspot\share\classfile\systemDictionary.cpp, line 1724]

VM Operations (20 events):
Event: 7.822 Executing VM operation: HandshakeAllThreads
Event: 7.822 Executing VM operation: HandshakeAllThreads done
Event: 8.117 Executing VM operation: ParallelGCFailedAllocation
Event: 8.121 Executing VM operation: ParallelGCFailedAllocation done
Event: 8.604 Executing VM operation: ParallelGCFailedAllocation
Event: 8.605 Executing VM operation: ParallelGCFailedAllocation done
Event: 8.605 Executing VM operation: ParallelGCSystemGC
Event: 8.607 Executing VM operation: ParallelGCSystemGC done
Event: 8.673 Executing VM operation: ParallelGCFailedAllocation
Event: 8.676 Executing VM operation: ParallelGCFailedAllocation done
Event: 8.747 Executing VM operation: ParallelGCFailedAllocation
Event: 8.751 Executing VM operation: ParallelGCFailedAllocation done
Event: 8.806 Executing VM operation: ParallelGCFailedAllocation
Event: 8.810 Executing VM operation: ParallelGCFailedAllocation done
Event: 9.019 Executing VM operation: ParallelGCFailedAllocation
Event: 9.025 Executing VM operation: ParallelGCFailedAllocation done
Event: 9.055 Executing VM operation: HandshakeAllThreads
Event: 9.055 Executing VM operation: HandshakeAllThreads done
Event: 9.518 Executing VM operation: ParallelGCFailedAllocation
Event: 9.522 Executing VM operation: ParallelGCFailedAllocation done

Events (20 events):
Event: 9.013 loading class java/util/concurrent/ForkJoinTask$Aux done
Event: 9.014 loading class java/util/concurrent/CancellationException
Event: 9.014 loading class java/util/concurrent/CancellationException done
Event: 9.014 loading class java/lang/invoke/VarHandleReferences$Array
Event: 9.015 loading class java/lang/invoke/VarHandleReferences$Array done
Event: 9.015 loading class java/util/concurrent/ForkJoinPool$DefaultCommonPoolForkJoinWorkerThreadFactory$1
Event: 9.015 loading class java/util/concurrent/ForkJoinPool$DefaultCommonPoolForkJoinWorkerThreadFactory$1 done
Event: 9.016 Thread 0x00000250b0ea4fb0 Thread added: 0x00000250b0ea4fb0
Event: 9.016 loading class java/util/concurrent/CompletableFuture$UniAccept
Event: 9.016 loading class java/util/concurrent/CompletableFuture$UniAccept done
Event: 9.016 loading class java/util/concurrent/CompletableFuture$UniExceptionally
Event: 9.016 loading class java/util/concurrent/CompletableFuture$UniExceptionally done
Event: 9.018 Thread 0x00000250b0ea63f0 Thread added: 0x00000250b0ea63f0
Event: 9.029 loading class jdk/internal/reflect/UnsafeIntegerFieldAccessorImpl
Event: 9.029 loading class jdk/internal/reflect/UnsafeIntegerFieldAccessorImpl done
Event: 9.177 Thread 0x00000250a70dbc00 Thread exited: 0x00000250a70dbc00
Event: 9.517 loading class java/util/Vector$1
Event: 9.524 loading class java/util/Vector$1 done
Event: 9.725 Thread 0x00000250a69e0670 Thread exited: 0x00000250a69e0670
Event: 9.921 Thread 0x00000250a69e0670 Thread added: 0x00000250a69e0670


Dynamic libraries:
0x00007ff758020000 - 0x00007ff75802e000 	c:\Users\Kiet\.vscode\extensions\redhat.java-1.30.0-win32-x64\jre\17.0.10-win32-x86_64\bin\java.exe
0x00007ff870050000 - 0x00007ff870266000 	C:\WINDOWS\SYSTEM32\ntdll.dll
0x00007ff86e4a0000 - 0x00007ff86e564000 	C:\WINDOWS\System32\KERNEL32.DLL
0x00007ff86d630000 - 0x00007ff86d9d7000 	C:\WINDOWS\System32\KERNELBASE.dll
0x00007ff86db40000 - 0x00007ff86dc51000 	C:\WINDOWS\System32\ucrtbase.dll
0x00007ff84bf80000 - 0x00007ff84bf9b000 	c:\Users\Kiet\.vscode\extensions\redhat.java-1.30.0-win32-x64\jre\17.0.10-win32-x86_64\bin\VCRUNTIME140.dll
0x00007ff84bd70000 - 0x00007ff84bd87000 	c:\Users\Kiet\.vscode\extensions\redhat.java-1.30.0-win32-x64\jre\17.0.10-win32-x86_64\bin\jli.dll
0x00007ff86e570000 - 0x00007ff86e71e000 	C:\WINDOWS\System32\USER32.dll
0x00007ff86db10000 - 0x00007ff86db36000 	C:\WINDOWS\System32\win32u.dll
0x00007ff854010000 - 0x00007ff8542a3000 	C:\WINDOWS\WinSxS\amd64_microsoft.windows.common-controls_6595b64144ccf1df_6.0.22621.3235_none_270f74e173860f98\COMCTL32.dll
0x00007ff86fe20000 - 0x00007ff86fe49000 	C:\WINDOWS\System32\GDI32.dll
0x00007ff86f840000 - 0x00007ff86f8e7000 	C:\WINDOWS\System32\msvcrt.dll
0x00007ff86dc60000 - 0x00007ff86dd79000 	C:\WINDOWS\System32\gdi32full.dll
0x00007ff86d590000 - 0x00007ff86d62a000 	C:\WINDOWS\System32\msvcp_win.dll
0x00007ff86dd80000 - 0x00007ff86ddb1000 	C:\WINDOWS\System32\IMM32.DLL
0x00007ff85d2d0000 - 0x00007ff85d2dc000 	c:\Users\Kiet\.vscode\extensions\redhat.java-1.30.0-win32-x64\jre\17.0.10-win32-x86_64\bin\vcruntime140_1.dll
0x00007ff830500000 - 0x00007ff83058d000 	c:\Users\Kiet\.vscode\extensions\redhat.java-1.30.0-win32-x64\jre\17.0.10-win32-x86_64\bin\msvcp140.dll
0x00007ff82a1f0000 - 0x00007ff82ae52000 	c:\Users\Kiet\.vscode\extensions\redhat.java-1.30.0-win32-x64\jre\17.0.10-win32-x86_64\bin\server\jvm.dll
0x00007ff86e280000 - 0x00007ff86e332000 	C:\WINDOWS\System32\ADVAPI32.dll
0x00007ff86de30000 - 0x00007ff86ded8000 	C:\WINDOWS\System32\sechost.dll
0x00007ff86d560000 - 0x00007ff86d588000 	C:\WINDOWS\System32\bcrypt.dll
0x00007ff86fd00000 - 0x00007ff86fe15000 	C:\WINDOWS\System32\RPCRT4.dll
0x00007ff86d240000 - 0x00007ff86d28d000 	C:\WINDOWS\SYSTEM32\POWRPROF.dll
0x00007ff85c640000 - 0x00007ff85c649000 	C:\WINDOWS\SYSTEM32\WSOCK32.dll
0x00007ff86f230000 - 0x00007ff86f2a1000 	C:\WINDOWS\System32\WS2_32.dll
0x00007ff865df0000 - 0x00007ff865e24000 	C:\WINDOWS\SYSTEM32\WINMM.dll
0x00007ff864560000 - 0x00007ff86456a000 	C:\WINDOWS\SYSTEM32\VERSION.dll
0x00007ff86d220000 - 0x00007ff86d233000 	C:\WINDOWS\SYSTEM32\UMPDC.dll
0x00007ff86c3b0000 - 0x00007ff86c3c8000 	C:\WINDOWS\SYSTEM32\kernel.appcore.dll
0x00007ff85c490000 - 0x00007ff85c49a000 	c:\Users\Kiet\.vscode\extensions\redhat.java-1.30.0-win32-x64\jre\17.0.10-win32-x86_64\bin\jimage.dll
0x00007ff86aac0000 - 0x00007ff86acf3000 	C:\WINDOWS\SYSTEM32\DBGHELP.DLL
0x00007ff86dee0000 - 0x00007ff86e268000 	C:\WINDOWS\System32\combase.dll
0x00007ff86fad0000 - 0x00007ff86fba7000 	C:\WINDOWS\System32\OLEAUT32.dll
0x00007ff85b9d0000 - 0x00007ff85ba02000 	C:\WINDOWS\SYSTEM32\dbgcore.DLL
0x00007ff86d370000 - 0x00007ff86d3e9000 	C:\WINDOWS\System32\bcryptPrimitives.dll
0x00007ff858940000 - 0x00007ff85894e000 	c:\Users\Kiet\.vscode\extensions\redhat.java-1.30.0-win32-x64\jre\17.0.10-win32-x86_64\bin\instrument.dll
0x00007ff83d570000 - 0x00007ff83d595000 	c:\Users\Kiet\.vscode\extensions\redhat.java-1.30.0-win32-x64\jre\17.0.10-win32-x86_64\bin\java.dll
0x00007ff84bb60000 - 0x00007ff84bb78000 	c:\Users\Kiet\.vscode\extensions\redhat.java-1.30.0-win32-x64\jre\17.0.10-win32-x86_64\bin\zip.dll
0x00007ff86e9d0000 - 0x00007ff86f22c000 	C:\WINDOWS\System32\SHELL32.dll
0x00007ff86b2d0000 - 0x00007ff86bbc9000 	C:\WINDOWS\SYSTEM32\windows.storage.dll
0x00007ff86b190000 - 0x00007ff86b2ce000 	C:\WINDOWS\SYSTEM32\wintypes.dll
0x00007ff86f8f0000 - 0x00007ff86f9e3000 	C:\WINDOWS\System32\SHCORE.dll
0x00007ff86fca0000 - 0x00007ff86fcfe000 	C:\WINDOWS\System32\shlwapi.dll
0x00007ff86d2a0000 - 0x00007ff86d2c1000 	C:\WINDOWS\SYSTEM32\profapi.dll
0x00007ff843800000 - 0x00007ff843819000 	C:\Users\Kiet\.vscode\extensions\redhat.java-1.30.0-win32-x64\jre\17.0.10-win32-x86_64\bin\net.dll
0x00007ff8675f0000 - 0x00007ff867726000 	C:\WINDOWS\SYSTEM32\WINHTTP.dll
0x00007ff86c820000 - 0x00007ff86c889000 	C:\WINDOWS\system32\mswsock.dll
0x00007ff840c00000 - 0x00007ff840c16000 	C:\Users\Kiet\.vscode\extensions\redhat.java-1.30.0-win32-x64\jre\17.0.10-win32-x86_64\bin\nio.dll
0x00007ff858610000 - 0x00007ff858620000 	c:\Users\Kiet\.vscode\extensions\redhat.java-1.30.0-win32-x64\jre\17.0.10-win32-x86_64\bin\verify.dll
0x00007ff837040000 - 0x00007ff83707e000 	C:\Users\Kiet\AppData\Roaming\Code\User\globalStorage\redhat.java\1.30.0\config_ss_win\org.eclipse.equinox.launcher\org.eclipse.equinox.launcher.win32.win32.x86_64_1.2.900.v20240213-1244\eclipse_11900.dll
0x00007ff86e790000 - 0x00007ff86e935000 	C:\WINDOWS\System32\ole32.dll
0x00007ff86ca80000 - 0x00007ff86ca9b000 	C:\WINDOWS\SYSTEM32\CRYPTSP.dll
0x00007ff86c310000 - 0x00007ff86c345000 	C:\WINDOWS\system32\rsaenh.dll
0x00007ff86c920000 - 0x00007ff86c948000 	C:\WINDOWS\SYSTEM32\USERENV.dll
0x00007ff86caa0000 - 0x00007ff86caac000 	C:\WINDOWS\SYSTEM32\CRYPTBASE.dll
0x00007ff86be30000 - 0x00007ff86be5d000 	C:\WINDOWS\SYSTEM32\IPHLPAPI.DLL
0x00007ff86f2b0000 - 0x00007ff86f2b9000 	C:\WINDOWS\System32\NSI.dll
0x00007ff867360000 - 0x00007ff867379000 	C:\WINDOWS\SYSTEM32\dhcpcsvc6.DLL
0x00007ff866fa0000 - 0x00007ff866fbf000 	C:\WINDOWS\SYSTEM32\dhcpcsvc.DLL
0x00007ff86bea0000 - 0x00007ff86bf99000 	C:\WINDOWS\SYSTEM32\DNSAPI.dll
0x00007ff835e50000 - 0x00007ff835e95000 	C:\Users\Kiet\AppData\Local\Temp\jna-2338477\jna18190717879943985208.dll
0x00007ff86e940000 - 0x00007ff86e948000 	C:\WINDOWS\System32\PSAPI.DLL

dbghelp: loaded successfully - version: 4.0.5 - missing functions: none
symbol engine: initialized successfully - sym options: 0x614 - pdb path: .;c:\Users\Kiet\.vscode\extensions\redhat.java-1.30.0-win32-x64\jre\17.0.10-win32-x86_64\bin;C:\WINDOWS\SYSTEM32;C:\WINDOWS\WinSxS\amd64_microsoft.windows.common-controls_6595b64144ccf1df_6.0.22621.3235_none_270f74e173860f98;c:\Users\Kiet\.vscode\extensions\redhat.java-1.30.0-win32-x64\jre\17.0.10-win32-x86_64\bin\server;C:\Users\Kiet\AppData\Roaming\Code\User\globalStorage\redhat.java\1.30.0\config_ss_win\org.eclipse.equinox.launcher\org.eclipse.equinox.launcher.win32.win32.x86_64_1.2.900.v20240213-1244;C:\Users\Kiet\AppData\Local\Temp\jna-2338477

VM Arguments:
jvm_args: --add-modules=ALL-SYSTEM --add-opens=java.base/java.util=ALL-UNNAMED --add-opens=java.base/java.lang=ALL-UNNAMED --add-opens=java.base/sun.nio.fs=ALL-UNNAMED -Declipse.application=org.eclipse.jdt.ls.core.id1 -Dosgi.bundles.defaultStartLevel=4 -Declipse.product=org.eclipse.jdt.ls.core.product -Djava.import.generatesMetadataFilesAtProjectRoot=false -DDetectVMInstallationsJob.disabled=true -Dfile.encoding=utf8 -XX:+UseParallelGC -XX:GCTimeRatio=4 -XX:AdaptiveSizePolicyWeight=90 -Dsun.zip.disableMemoryMapping=true -Xmx1G -Xms100m -Xlog:disable -javaagent:c:\Users\Kiet\.vscode\extensions\redhat.java-1.30.0-win32-x64\lombok\lombok-1.18.32.jar 
java_command: c:\Users\Kiet\.vscode\extensions\redhat.java-1.30.0-win32-x64\server\plugins\org.eclipse.equinox.launcher_1.6.800.v20240330-1250.jar -configuration c:\Users\Kiet\AppData\Roaming\Code\User\globalStorage\redhat.java\1.30.0\config_ss_win -data c:\Users\Kiet\AppData\Roaming\Code\User\workspaceStorage\9f0ec90a7e62ad64397c1cc3a6503a33\redhat.java\ss_ws --pipe=\\.\pipe\lsp-0c443f4891c483b6b053e9197b3b577f-sock
java_class_path (initial): c:\Users\Kiet\.vscode\extensions\redhat.java-1.30.0-win32-x64\server\plugins\org.eclipse.equinox.launcher_1.6.800.v20240330-1250.jar
Launcher Type: SUN_STANDARD

[Global flags]
    uintx AdaptiveSizePolicyWeight                 = 90                                        {product} {command line}
     intx CICompilerCount                          = 4                                         {product} {ergonomic}
    uintx GCTimeRatio                              = 4                                         {product} {command line}
   size_t InitialHeapSize                          = 104857600                                 {product} {command line}
   size_t MaxHeapSize                              = 1073741824                                {product} {command line}
   size_t MaxNewSize                               = 357564416                                 {product} {ergonomic}
   size_t MinHeapDeltaBytes                        = 524288                                    {product} {ergonomic}
   size_t MinHeapSize                              = 104857600                                 {product} {command line}
   size_t NewSize                                  = 34603008                                  {product} {ergonomic}
    uintx NonNMethodCodeHeapSize                   = 5839372                                {pd product} {ergonomic}
    uintx NonProfiledCodeHeapSize                  = 122909434                              {pd product} {ergonomic}
   size_t OldSize                                  = 70254592                                  {product} {ergonomic}
    uintx ProfiledCodeHeapSize                     = 122909434                              {pd product} {ergonomic}
    uintx ReservedCodeCacheSize                    = 251658240                              {pd product} {ergonomic}
     bool SegmentedCodeCache                       = true                                      {product} {ergonomic}
   size_t SoftMaxHeapSize                          = 1073741824                             {manageable} {ergonomic}
     bool UseCompressedClassPointers               = true                           {product lp64_product} {ergonomic}
     bool UseCompressedOops                        = true                           {product lp64_product} {ergonomic}
     bool UseLargePagesIndividualAllocation        = false                                  {pd product} {ergonomic}
     bool UseParallelGC                            = true                                      {product} {command line}

Logging:
Log output configuration:
 #0: stdout all=off uptime,level,tags
 #1: stderr all=off uptime,level,tags

Environment Variables:
PATH=C:\Program Files\Common Files\Oracle\Java\javapath;C:\Program Files (x86)\Common Files\Oracle\Java\javapath;C:\WINDOWS\system32;C:\WINDOWS;C:\WINDOWS\System32\Wbem;C:\WINDOWS\System32\WindowsPowerShell\v1.0\;C:\WINDOWS\System32\OpenSSH\;C:\Program Files\dotnet\;C:\Program Files\Common Files\Oracle\Java\javapath;C:\Program Files\Java\jdk-11\bin;C:\Program Files (x86)\Microsoft SQL Server\160\Tools\Binn\;C:\Program Files\Microsoft SQL Server\160\Tools\Binn\;C:\Program Files\Microsoft SQL Server\Client SDK\ODBC\170\Tools\Binn\;C:\Program Files\Microsoft SQL Server\160\DTS\Binn\;C:\Program Files (x86)\Microsoft SQL Server\160\DTS\Binn\;C:\Program Files\Azure Data Studio\bin;C:\Program Files\apache-maven-3.9.6\bin;C:\Program Files\Git\cmd;C:\Program Files\nodejs\;C:\Program Files\Java\jdk-21\bin;C:\Users\Kiet\AppData\Local\Microsoft\WindowsApps;C:\Users\Kiet\AppData\Local\Programs\Microsoft VS Code\bin;C:\Users\Kiet\AppData\Local\GitHubDesktop\bin;C:\Users\Kiet\.dotnet\tools;C:\Program Files\Azure Data Studio\bin;C:\Users\Kiet\AppData\Roaming\npm
USERNAME=Kiet
OS=Windows_NT
PROCESSOR_IDENTIFIER=Intel64 Family 6 Model 126 Stepping 5, GenuineIntel
TMP=C:\Users\Kiet\AppData\Local\Temp
TEMP=C:\Users\Kiet\AppData\Local\Temp



Periodic native trim disabled


---------------  S Y S T E M  ---------------

OS:
 Windows 11 , 64 bit Build 22621 (10.0.22621.3374)
OS uptime: 0 days 19:52 hours

CPU: total 8 (initial active 8) (4 cores per cpu, 2 threads per core) family 6 model 126 stepping 5 microcode 0xa6, cx8, cmov, fxsr, ht, mmx, 3dnowpref, sse, sse2, sse3, ssse3, sse4.1, sse4.2, popcnt, lzcnt, tsc, tscinvbit, avx, avx2, aes, erms, clmul, bmi1, bmi2, adx, avx512f, avx512dq, avx512cd, avx512bw, avx512vl, sha, fma, vzeroupper, avx512_vpopcntdq, avx512_vpclmulqdq, avx512_vaes, avx512_vnni, clflush, clflushopt, avx512_vbmi2, avx512_vbmi
Processor Information for all 8 processors :
  Max Mhz: 1190, Current Mhz: 991, Mhz Limit: 987

Memory: 4k page, system-wide physical 7987M (739M free)
TotalPageFile size 10035M (AvailPageFile size 0M)
current process WorkingSet (physical memory assigned to process): 188M, peak: 188M
current process commit charge ("private bytes"): 271M, peak: 272M

vm_info: OpenJDK 64-Bit Server VM (17.0.10+7) for windows-amd64 JRE (17.0.10+7), built on Jan 16 2024 23:25:11 by "admin" with MS VC++ 16.10 / 16.11 (VS2019)

END.
