#
# There is insufficient memory for the Java Runtime Environment to continue.
# Native memory allocation (malloc) failed to allocate 638368 bytes for Chunk::new
# Possible reasons:
#   The system is out of physical RAM or swap space
#   The process is running with CompressedOops enabled, and the Java Heap may be blocking the growth of the native heap
# Possible solutions:
#   Reduce memory load on the system
#   Increase physical memory or swap space
#   Check if swap backing store is full
#   Decrease Java heap size (-Xmx/-Xms)
#   Decrease number of Java threads
#   Decrease Java thread stack sizes (-Xss)
#   Set larger code cache with -XX:ReservedCodeCacheSize=
#   JVM is running with Unscaled Compressed Oops mode in which the Java heap is
#     placed in the first 4GB address space. The Java Heap base address is the
#     maximum limit for the native heap growth. Please use -XX:HeapBaseMinAddress
#     to set the Java Heap base and to place the Java Heap above 4GB virtual address.
# This output file may be truncated or incomplete.
#
#  Out of Memory Error (arena.cpp:191), pid=8296, tid=2624
#
# JRE version: OpenJDK Runtime Environment Temurin-17.0.10+7 (17.0.10+7) (build 17.0.10+7)
# Java VM: OpenJDK 64-Bit Server VM Temurin-17.0.10+7 (17.0.10+7, mixed mode, tiered, compressed oops, compressed class ptrs, parallel gc, windows-amd64)
# No core dump will be written. Minidumps are not enabled by default on client versions of Windows
#

---------------  S U M M A R Y ------------

Command Line: --add-modules=ALL-SYSTEM --add-opens=java.base/java.util=ALL-UNNAMED --add-opens=java.base/java.lang=ALL-UNNAMED --add-opens=java.base/sun.nio.fs=ALL-UNNAMED -Declipse.application=org.eclipse.jdt.ls.core.id1 -Dosgi.bundles.defaultStartLevel=4 -Declipse.product=org.eclipse.jdt.ls.core.product -Djava.import.generatesMetadataFilesAtProjectRoot=false -DDetectVMInstallationsJob.disabled=true -Dfile.encoding=utf8 -XX:+UseParallelGC -XX:GCTimeRatio=4 -XX:AdaptiveSizePolicyWeight=90 -Dsun.zip.disableMemoryMapping=true -Xmx1G -Xms100m -Xlog:disable -javaagent:c:\Users\Kiet\.vscode\extensions\redhat.java-1.30.0-win32-x64\lombok\lombok-1.18.32.jar -XX:+HeapDumpOnOutOfMemoryError -XX:HeapDumpPath=c:\Users\Kiet\AppData\Roaming\Code\User\workspaceStorage\9f0ec90a7e62ad64397c1cc3a6503a33\redhat.java -Daether.dependencyCollector.impl=bf c:\Users\Kiet\.vscode\extensions\redhat.java-1.30.0-win32-x64\server\plugins\org.eclipse.equinox.launcher_1.6.800.v20240330-1250.jar -configuration c:\Users\Kiet\AppData\Roaming\Code\User\globalStorage\redhat.java\1.30.0\config_win -data c:\Users\Kiet\AppData\Roaming\Code\User\workspaceStorage\9f0ec90a7e62ad64397c1cc3a6503a33\redhat.java\jdt_ws --pipe=\\.\pipe\lsp-f38723b71cfb80b0a396274419dce0c1-sock

Host: Intel(R) Core(TM) i5-1035G1 CPU @ 1.00GHz, 8 cores, 7G,  Windows 11 , 64 bit Build 22621 (10.0.22621.3374)
Time: Sat Apr 27 15:56:38 2024 SE Asia Standard Time elapsed time: 3.328127 seconds (0d 0h 0m 3s)

---------------  T H R E A D  ---------------

Current thread (0x00000225ecf4d0a0):  JavaThread "C2 CompilerThread0" daemon [_thread_in_native, id=2624, stack(0x000000e2b9f00000,0x000000e2ba000000)]


Current CompileTask:
C2:   3328 1471       4       java.io.WinNTFileSystem::normalize (143 bytes)

Stack: [0x000000e2b9f00000,0x000000e2ba000000]
Native frames: (J=compiled Java code, j=interpreted, Vv=VM code, C=native code)
V  [jvm.dll+0x67d2c9]
V  [jvm.dll+0x834afa]
V  [jvm.dll+0x8365be]
V  [jvm.dll+0x836c23]
V  [jvm.dll+0x2477ff]
V  [jvm.dll+0xac514]
V  [jvm.dll+0xacb5c]
V  [jvm.dll+0x3667d7]
V  [jvm.dll+0x1bcf72]
V  [jvm.dll+0x21a049]
V  [jvm.dll+0x219311]
V  [jvm.dll+0x1a502d]
V  [jvm.dll+0x2290de]
V  [jvm.dll+0x2272ac]
V  [jvm.dll+0x7e9bb7]
V  [jvm.dll+0x7e3fba]
V  [jvm.dll+0x67c1b5]
C  [ucrtbase.dll+0x29333]
C  [KERNEL32.DLL+0x1257d]
C  [ntdll.dll+0x5aa48]


---------------  P R O C E S S  ---------------

Threads class SMR info:
_java_thread_list=0x00000225ee918b00, length=17, elements={
0x00000225d3f6ff20, 0x00000225e7df0020, 0x00000225e7df31b0, 0x00000225ecf48320,
0x00000225ecf48cf0, 0x00000225ecf497c0, 0x00000225ecf4a290, 0x00000225ecf4d0a0,
0x00000225ecfb4f70, 0x00000225ecfb7c40, 0x00000225ed0730f0, 0x00000225ee0ac820,
0x00000225ee8ac590, 0x00000225eebd9510, 0x00000225eebf1f90, 0x00000225eeaf94d0,
0x00000225eeb73920
}

Java Threads: ( => current thread )
  0x00000225d3f6ff20 JavaThread "main" [_thread_blocked, id=7444, stack(0x000000e2b9600000,0x000000e2b9700000)]
  0x00000225e7df0020 JavaThread "Reference Handler" daemon [_thread_blocked, id=5276, stack(0x000000e2b9900000,0x000000e2b9a00000)]
  0x00000225e7df31b0 JavaThread "Finalizer" daemon [_thread_blocked, id=10264, stack(0x000000e2b9a00000,0x000000e2b9b00000)]
  0x00000225ecf48320 JavaThread "Signal Dispatcher" daemon [_thread_blocked, id=3936, stack(0x000000e2b9b00000,0x000000e2b9c00000)]
  0x00000225ecf48cf0 JavaThread "Attach Listener" daemon [_thread_blocked, id=1188, stack(0x000000e2b9c00000,0x000000e2b9d00000)]
  0x00000225ecf497c0 JavaThread "Service Thread" daemon [_thread_blocked, id=6932, stack(0x000000e2b9d00000,0x000000e2b9e00000)]
  0x00000225ecf4a290 JavaThread "Monitor Deflation Thread" daemon [_thread_blocked, id=13196, stack(0x000000e2b9e00000,0x000000e2b9f00000)]
=>0x00000225ecf4d0a0 JavaThread "C2 CompilerThread0" daemon [_thread_in_native, id=2624, stack(0x000000e2b9f00000,0x000000e2ba000000)]
  0x00000225ecfb4f70 JavaThread "C1 CompilerThread0" daemon [_thread_blocked, id=712, stack(0x000000e2ba000000,0x000000e2ba100000)]
  0x00000225ecfb7c40 JavaThread "Sweeper thread" daemon [_thread_blocked, id=5096, stack(0x000000e2ba100000,0x000000e2ba200000)]
  0x00000225ed0730f0 JavaThread "Common-Cleaner" daemon [_thread_blocked, id=19056, stack(0x000000e2ba200000,0x000000e2ba300000)]
  0x00000225ee0ac820 JavaThread "Notification Thread" daemon [_thread_blocked, id=18796, stack(0x000000e2ba300000,0x000000e2ba400000)]
  0x00000225ee8ac590 JavaThread "C2 CompilerThread1" daemon [_thread_in_native, id=18864, stack(0x000000e2bab00000,0x000000e2bac00000)]
  0x00000225eebd9510 JavaThread "C2 CompilerThread2" daemon [_thread_blocked, id=14296, stack(0x000000e2bac00000,0x000000e2bad00000)]
  0x00000225eebf1f90 JavaThread "Active Thread: Equinox Container: 9496970d-dccd-4693-b4e4-bce4188cae2e" [_thread_blocked, id=19448, stack(0x000000e2bad00000,0x000000e2bae00000)]
  0x00000225eeaf94d0 JavaThread "Framework Event Dispatcher: Equinox Container: 9496970d-dccd-4693-b4e4-bce4188cae2e" daemon [_thread_blocked, id=8340, stack(0x000000e2bae00000,0x000000e2baf00000)]
  0x00000225eeb73920 JavaThread "Start Level: Equinox Container: 9496970d-dccd-4693-b4e4-bce4188cae2e" daemon [_thread_in_vm, id=15504, stack(0x000000e2baf00000,0x000000e2bb000000)]

Other Threads:
  0x00000225d4001f40 VMThread "VM Thread" [stack: 0x000000e2b9800000,0x000000e2b9900000] [id=4912]
  0x00000225ee0acd00 WatcherThread [stack: 0x000000e2ba400000,0x000000e2ba500000] [id=3268]
  0x00000225d3f83a70 GCTaskThread "GC Thread#0" [stack: 0x000000e2b9700000,0x000000e2b9800000] [id=11240]
  0x00000225ee795310 GCTaskThread "GC Thread#1" [stack: 0x000000e2ba500000,0x000000e2ba600000] [id=18012]
  0x00000225ee7955d0 GCTaskThread "GC Thread#2" [stack: 0x000000e2ba600000,0x000000e2ba700000] [id=10120]
  0x00000225ee4b4db0 GCTaskThread "GC Thread#3" [stack: 0x000000e2ba700000,0x000000e2ba800000] [id=17564]
  0x00000225ee4b5070 GCTaskThread "GC Thread#4" [stack: 0x000000e2ba800000,0x000000e2ba900000] [id=11808]
  0x00000225ee4b5330 GCTaskThread "GC Thread#5" [stack: 0x000000e2ba900000,0x000000e2baa00000] [id=12164]
  0x00000225ee4b55f0 GCTaskThread "GC Thread#6" [stack: 0x000000e2baa00000,0x000000e2bab00000] [id=17096]

Threads with active compile tasks:
C2 CompilerThread0     3366 1471       4       java.io.WinNTFileSystem::normalize (143 bytes)
C1 CompilerThread0     3367 1555       3       jdk.internal.org.objectweb.asm.SymbolTable::addConstantNameAndType (137 bytes)
C2 CompilerThread1     3367 1516   !   4       lombok.patcher.ScriptManager$OurClassFileTransformer::transform (364 bytes)

VM state: not at safepoint (normal execution)

VM Mutex/Monitor currently owned by a thread: None

Heap address: 0x00000000c0000000, size: 1024 MB, Compressed Oops mode: 32-bit

CDS archive(s) not mapped
Compressed class space mapped at: 0x0000000100000000-0x0000000140000000, reserved size: 1073741824
Narrow klass base: 0x0000000000000000, Narrow klass shift: 3, Narrow klass range: 0x140000000

GC Precious Log:
 CPUs: 8 total, 8 available
 Memory: 7987M
 Large Page Support: Disabled
 NUMA Support: Disabled
 Compressed Oops: Enabled (32-bit)
 Alignments: Space 512K, Generation 512K, Heap 2M
 Heap Min Capacity: 100M
 Heap Initial Capacity: 100M
 Heap Max Capacity: 1G
 Pre-touch: Disabled
 Parallel Workers: 8

Heap:
 PSYoungGen      total 29696K, used 26198K [0x00000000eab00000, 0x00000000ecc00000, 0x0000000100000000)
  eden space 25600K, 89% used [0x00000000eab00000,0x00000000ec174240,0x00000000ec400000)
  from space 4096K, 78% used [0x00000000ec400000,0x00000000ec721858,0x00000000ec800000)
  to   space 4096K, 0% used [0x00000000ec800000,0x00000000ec800000,0x00000000ecc00000)
 ParOldGen       total 68608K, used 0K [0x00000000c0000000, 0x00000000c4300000, 0x00000000eab00000)
  object space 68608K, 0% used [0x00000000c0000000,0x00000000c0000000,0x00000000c4300000)
 Metaspace       used 14060K, committed 14208K, reserved 1114112K
  class space    used 1397K, committed 1472K, reserved 1048576K

Card table byte_map: [0x00000225d3900000,0x00000225d3b10000] _byte_map_base: 0x00000225d3300000

Marking Bits: (ParMarkBitMap*) 0x00007ff82ad8d7d0
 Begin Bits: [0x00000225e5c00000, 0x00000225e6c00000)
 End Bits:   [0x00000225e6c00000, 0x00000225e7c00000)

Polling page: 0x00000225d1ef0000

Metaspace:

Usage:
  Non-class:     12.37 MB used.
      Class:      1.36 MB used.
       Both:     13.73 MB used.

Virtual space:
  Non-class space:       64.00 MB reserved,      12.44 MB ( 19%) committed,  1 nodes.
      Class space:        1.00 GB reserved,       1.44 MB ( <1%) committed,  1 nodes.
             Both:        1.06 GB reserved,      13.88 MB (  1%) committed. 

Chunk freelists:
   Non-Class:  3.26 MB
       Class:  14.47 MB
        Both:  17.72 MB

MaxMetaspaceSize: unlimited
CompressedClassSpaceSize: 1.00 GB
Initial GC threshold: 21.00 MB
Current GC threshold: 21.00 MB
CDS: off
MetaspaceReclaimPolicy: balanced
 - commit_granule_bytes: 65536.
 - commit_granule_words: 8192.
 - virtual_space_node_default_size: 8388608.
 - enlarge_chunks_in_place: 1.
 - new_chunks_are_fully_committed: 0.
 - uncommit_free_chunks: 1.
 - use_allocation_guard: 0.
 - handle_deallocations: 1.


Internal statistics:

num_allocs_failed_limit: 0.
num_arena_births: 58.
num_arena_deaths: 0.
num_vsnodes_births: 2.
num_vsnodes_deaths: 0.
num_space_committed: 222.
num_space_uncommitted: 0.
num_chunks_returned_to_freelist: 0.
num_chunks_taken_from_freelist: 224.
num_chunk_merges: 0.
num_chunk_splits: 151.
num_chunks_enlarged: 124.
num_inconsistent_stats: 0.

CodeHeap 'non-profiled nmethods': size=120000Kb used=635Kb max_used=635Kb free=119364Kb
 bounds [0x00000225de6d0000, 0x00000225de940000, 0x00000225e5c00000]
CodeHeap 'profiled nmethods': size=120000Kb used=2932Kb max_used=2932Kb free=117067Kb
 bounds [0x00000225d6c00000, 0x00000225d6ee0000, 0x00000225de130000]
CodeHeap 'non-nmethods': size=5760Kb used=1166Kb max_used=1199Kb free=4593Kb
 bounds [0x00000225de130000, 0x00000225de3a0000, 0x00000225de6d0000]
 total_blobs=2003 nmethods=1553 adapters=364
 compilation: enabled
              stopped_count=0, restarted_count=0
 full_count=0

Compilation events (20 events):
Event: 3.318 Thread 0x00000225ecfb4f70 nmethod 1526 0x00000225d6ed0410 code [0x00000225d6ed05c0, 0x00000225d6ed0708]
Event: 3.318 Thread 0x00000225ecfb4f70 1527   !   3       java.net.URLClassLoader$1::run (81 bytes)
Event: 3.320 Thread 0x00000225eebd9510 nmethod 1512 0x00000225de768c90 code [0x00000225de768e20, 0x00000225de7694d8]
Event: 3.320 Thread 0x00000225eebd9510 1513       4       java.lang.StringLatin1::regionMatchesCI (98 bytes)
Event: 3.321 Thread 0x00000225ecfb4f70 nmethod 1527 0x00000225d6ed0790 code [0x00000225d6ed0b20, 0x00000225d6ed2068]
Event: 3.321 Thread 0x00000225ecfb4f70 1528  s!   3       java.util.jar.JarFile::ensureInitialization (74 bytes)
Event: 3.321 Thread 0x00000225ecfb4f70 nmethod 1528 0x00000225d6ed2910 code [0x00000225d6ed2b20, 0x00000225d6ed3138]
Event: 3.321 Thread 0x00000225ecfb4f70 1529       3       jdk.internal.loader.URLClassPath$JarLoader$2::getBytes (48 bytes)
Event: 3.322 Thread 0x00000225ecfb4f70 nmethod 1529 0x00000225d6ed3310 code [0x00000225d6ed3500, 0x00000225d6ed3ac8]
Event: 3.322 Thread 0x00000225ecfb4f70 1531       3       java.security.SecureClassLoader::defineClass (16 bytes)
Event: 3.322 Thread 0x00000225ecfb4f70 nmethod 1531 0x00000225d6ed3d10 code [0x00000225d6ed3ec0, 0x00000225d6ed4058]
Event: 3.322 Thread 0x00000225ecfb4f70 1532       3       java.lang.ClassLoader::getDefinedPackage (36 bytes)
Event: 3.323 Thread 0x00000225ecfb4f70 nmethod 1532 0x00000225d6ed4110 code [0x00000225d6ed4300, 0x00000225d6ed4868]
Event: 3.323 Thread 0x00000225ecfb4f70 1530       3       java.security.CodeSource::<init> (52 bytes)
Event: 3.324 Thread 0x00000225ecfb4f70 nmethod 1530 0x00000225d6ed4a90 code [0x00000225d6ed4c60, 0x00000225d6ed50b8]
Event: 3.324 Thread 0x00000225ecfb4f70 1533       3       java.security.CodeSigner::equals (75 bytes)
Event: 3.324 Thread 0x00000225ecfb4f70 nmethod 1533 0x00000225d6ed5210 code [0x00000225d6ed5400, 0x00000225d6ed5a78]
Event: 3.324 Thread 0x00000225ecfb4f70 1534       1       org.eclipse.osgi.framework.eventmgr.CopyOnWriteIdentityMap::entries (5 bytes)
Event: 3.325 Thread 0x00000225ecfb4f70 nmethod 1534 0x00000225de769990 code [0x00000225de769b20, 0x00000225de769bf8]
Event: 3.325 Thread 0x00000225ecfb4f70 1535       3       org.eclipse.osgi.container.Module$StartOptions::isContained (38 bytes)

GC Heap History (2 events):
Event: 2.437 GC heap before
{Heap before GC invocations=1 (full 0):
 PSYoungGen      total 29696K, used 25600K [0x00000000eab00000, 0x00000000ecc00000, 0x0000000100000000)
  eden space 25600K, 100% used [0x00000000eab00000,0x00000000ec400000,0x00000000ec400000)
  from space 4096K, 0% used [0x00000000ec800000,0x00000000ec800000,0x00000000ecc00000)
  to   space 4096K, 0% used [0x00000000ec400000,0x00000000ec400000,0x00000000ec800000)
 ParOldGen       total 68608K, used 0K [0x00000000c0000000, 0x00000000c4300000, 0x00000000eab00000)
  object space 68608K, 0% used [0x00000000c0000000,0x00000000c0000000,0x00000000c4300000)
 Metaspace       used 10999K, committed 11200K, reserved 1114112K
  class space    used 1096K, committed 1216K, reserved 1048576K
}
Event: 2.454 GC heap after
{Heap after GC invocations=1 (full 0):
 PSYoungGen      total 29696K, used 3206K [0x00000000eab00000, 0x00000000ecc00000, 0x0000000100000000)
  eden space 25600K, 0% used [0x00000000eab00000,0x00000000eab00000,0x00000000ec400000)
  from space 4096K, 78% used [0x00000000ec400000,0x00000000ec721858,0x00000000ec800000)
  to   space 4096K, 0% used [0x00000000ec800000,0x00000000ec800000,0x00000000ecc00000)
 ParOldGen       total 68608K, used 0K [0x00000000c0000000, 0x00000000c4300000, 0x00000000eab00000)
  object space 68608K, 0% used [0x00000000c0000000,0x00000000c0000000,0x00000000c4300000)
 Metaspace       used 10999K, committed 11200K, reserved 1114112K
  class space    used 1096K, committed 1216K, reserved 1048576K
}

Dll operation events (8 events):
Event: 0.015 Loaded shared library c:\Users\Kiet\.vscode\extensions\redhat.java-1.30.0-win32-x64\jre\17.0.10-win32-x86_64\bin\java.dll
Event: 0.484 Loaded shared library c:\Users\Kiet\.vscode\extensions\redhat.java-1.30.0-win32-x64\jre\17.0.10-win32-x86_64\bin\zip.dll
Event: 0.490 Loaded shared library C:\Users\Kiet\.vscode\extensions\redhat.java-1.30.0-win32-x64\jre\17.0.10-win32-x86_64\bin\instrument.dll
Event: 0.544 Loaded shared library C:\Users\Kiet\.vscode\extensions\redhat.java-1.30.0-win32-x64\jre\17.0.10-win32-x86_64\bin\net.dll
Event: 0.547 Loaded shared library C:\Users\Kiet\.vscode\extensions\redhat.java-1.30.0-win32-x64\jre\17.0.10-win32-x86_64\bin\nio.dll
Event: 0.564 Loaded shared library C:\Users\Kiet\.vscode\extensions\redhat.java-1.30.0-win32-x64\jre\17.0.10-win32-x86_64\bin\zip.dll
Event: 0.641 Loaded shared library C:\Users\Kiet\.vscode\extensions\redhat.java-1.30.0-win32-x64\jre\17.0.10-win32-x86_64\bin\jimage.dll
Event: 0.813 Loaded shared library c:\Users\Kiet\.vscode\extensions\redhat.java-1.30.0-win32-x64\jre\17.0.10-win32-x86_64\bin\verify.dll

Deoptimization events (20 events):
Event: 3.061 Thread 0x00000225d3f6ff20 Uncommon trap: trap_request=0xffffffde fr.pc=0x00000225de737b8c relative=0x00000000000009ec
Event: 3.061 Thread 0x00000225d3f6ff20 Uncommon trap: reason=class_check action=maybe_recompile pc=0x00000225de737b8c method=java.util.HashMap.putVal(ILjava/lang/Object;Ljava/lang/Object;ZZ)Ljava/lang/Object; @ 253 c2
Event: 3.061 Thread 0x00000225d3f6ff20 DEOPT PACKING pc=0x00000225de737b8c sp=0x000000e2b96fde60
Event: 3.061 Thread 0x00000225d3f6ff20 DEOPT UNPACKING pc=0x00000225de189ea3 sp=0x000000e2b96fdd88 mode 2
Event: 3.065 Thread 0x00000225d3f6ff20 Uncommon trap: trap_request=0xffffffde fr.pc=0x00000225de737b8c relative=0x00000000000009ec
Event: 3.065 Thread 0x00000225d3f6ff20 Uncommon trap: reason=class_check action=maybe_recompile pc=0x00000225de737b8c method=java.util.HashMap.putVal(ILjava/lang/Object;Ljava/lang/Object;ZZ)Ljava/lang/Object; @ 253 c2
Event: 3.065 Thread 0x00000225d3f6ff20 DEOPT PACKING pc=0x00000225de737b8c sp=0x000000e2b96fde60
Event: 3.065 Thread 0x00000225d3f6ff20 DEOPT UNPACKING pc=0x00000225de189ea3 sp=0x000000e2b96fdd88 mode 2
Event: 3.066 Thread 0x00000225d3f6ff20 Uncommon trap: trap_request=0xffffffde fr.pc=0x00000225de6ddd28 relative=0x00000000000006a8
Event: 3.066 Thread 0x00000225d3f6ff20 Uncommon trap: reason=class_check action=maybe_recompile pc=0x00000225de6ddd28 method=java.util.HashMap.putVal(ILjava/lang/Object;Ljava/lang/Object;ZZ)Ljava/lang/Object; @ 253 c2
Event: 3.066 Thread 0x00000225d3f6ff20 DEOPT PACKING pc=0x00000225de6ddd28 sp=0x000000e2b96fdce0
Event: 3.066 Thread 0x00000225d3f6ff20 DEOPT UNPACKING pc=0x00000225de189ea3 sp=0x000000e2b96fdc80 mode 2
Event: 3.126 Thread 0x00000225d3f6ff20 DEOPT PACKING pc=0x00000225d6d20a61 sp=0x000000e2b96fc830
Event: 3.126 Thread 0x00000225d3f6ff20 DEOPT UNPACKING pc=0x00000225de18a9e3 sp=0x000000e2b96fbcb8 mode 0
Event: 3.263 Thread 0x00000225d3f6ff20 DEOPT PACKING pc=0x00000225d6cf5443 sp=0x000000e2b96fe3e0
Event: 3.263 Thread 0x00000225d3f6ff20 DEOPT UNPACKING pc=0x00000225de18a9e3 sp=0x000000e2b96fd900 mode 0
Event: 3.288 Thread 0x00000225d3f6ff20 DEOPT PACKING pc=0x00000225d6cf5443 sp=0x000000e2b96fe450
Event: 3.288 Thread 0x00000225d3f6ff20 DEOPT UNPACKING pc=0x00000225de18a9e3 sp=0x000000e2b96fd970 mode 0
Event: 3.306 Thread 0x00000225d3f6ff20 DEOPT PACKING pc=0x00000225d6ca353f sp=0x000000e2b96fc120
Event: 3.306 Thread 0x00000225d3f6ff20 DEOPT UNPACKING pc=0x00000225de18a9e3 sp=0x000000e2b96fb628 mode 0

Classes unloaded (0 events):
No events

Classes redefined (0 events):
No events

Internal exceptions (20 events):
Event: 1.678 Thread 0x00000225d3f6ff20 Exception <a 'java/io/FileNotFoundException'{0x00000000eb868d28}> (0x00000000eb868d28) 
thrown [s\src\hotspot\share\prims\jni.cpp, line 516]
Event: 1.688 Thread 0x00000225d3f6ff20 Implicit null exception at 0x00000225de6f4a72 to 0x00000225de6f4fe8
Event: 1.697 Thread 0x00000225d3f6ff20 Exception <a 'java/io/FileNotFoundException'{0x00000000eb8a1b28}> (0x00000000eb8a1b28) 
thrown [s\src\hotspot\share\prims\jni.cpp, line 516]
Event: 2.191 Thread 0x00000225d3f6ff20 Exception <a 'java/lang/ClassNotFoundException'{0x00000000ec0a9b18}: sun/net/www/protocol/c/Handler> (0x00000000ec0a9b18) 
thrown [s\src\hotspot\share\classfile\systemDictionary.cpp, line 256]
Event: 2.193 Thread 0x00000225d3f6ff20 Exception <a 'java/lang/ClassNotFoundException'{0x00000000ec0aae58}: sun/net/www/protocol/c/Handler> (0x00000000ec0aae58) 
thrown [s\src\hotspot\share\classfile\systemDictionary.cpp, line 256]
Event: 2.194 Thread 0x00000225d3f6ff20 Exception <a 'java/lang/ClassNotFoundException'{0x00000000ec0abfd0}: sun/net/www/protocol/c/Handler> (0x00000000ec0abfd0) 
thrown [s\src\hotspot\share\classfile\systemDictionary.cpp, line 256]
Event: 2.209 Thread 0x00000225d3f6ff20 Exception <a 'java/io/FileNotFoundException'{0x00000000ec0d3f08}> (0x00000000ec0d3f08) 
thrown [s\src\hotspot\share\prims\jni.cpp, line 516]
Event: 2.277 Thread 0x00000225d3f6ff20 Implicit null exception at 0x00000225de7134db to 0x00000225de713edc
Event: 2.277 Thread 0x00000225d3f6ff20 Implicit null exception at 0x00000225de721d6c to 0x00000225de721f4c
Event: 2.277 Thread 0x00000225d3f6ff20 Implicit null exception at 0x00000225de71620e to 0x00000225de716448
Event: 2.277 Thread 0x00000225d3f6ff20 Implicit null exception at 0x00000225de71530f to 0x00000225de715385
Event: 2.397 Thread 0x00000225d3f6ff20 Exception <a 'java/lang/NoSuchMethodError'{0x00000000ec3a9ed0}: 'int java.lang.invoke.DirectMethodHandle$Holder.invokeStaticInit(java.lang.Object, java.lang.Object, java.lang.Object, java.lang.Object)'> (0x00000000ec3a9ed0) 
thrown [s\src\hotspot\share\interpreter\linkResolver.cpp, line 759]
Event: 2.404 Thread 0x00000225d3f6ff20 Exception <a 'java/lang/NoSuchMethodError'{0x00000000ec3b4540}: 'java.lang.Object java.lang.invoke.DirectMethodHandle$Holder.invokeInterface(java.lang.Object, java.lang.Object)'> (0x00000000ec3b4540) 
thrown [s\src\hotspot\share\interpreter\linkResolver.cpp, line 759]
Event: 2.405 Thread 0x00000225d3f6ff20 Exception <a 'java/lang/IncompatibleClassChangeError'{0x00000000ec3b7d38}: Found class java.lang.Object, but interface was expected> (0x00000000ec3b7d38) 
thrown [s\src\hotspot\share\interpreter\linkResolver.cpp, line 826]
Event: 2.406 Thread 0x00000225d3f6ff20 Exception <a 'java/lang/NoSuchMethodError'{0x00000000ec3bc228}: 'void java.lang.invoke.DirectMethodHandle$Holder.invokeStatic(java.lang.Object, java.lang.Object)'> (0x00000000ec3bc228) 
thrown [s\src\hotspot\share\interpreter\linkResolver.cpp, line 759]
Event: 2.407 Thread 0x00000225d3f6ff20 Exception <a 'java/lang/NoSuchMethodError'{0x00000000ec3bfa28}: 'void java.lang.invoke.DirectMethodHandle$Holder.invokeStaticInit(java.lang.Object, java.lang.Object)'> (0x00000000ec3bfa28) 
thrown [s\src\hotspot\share\interpreter\linkResolver.cpp, line 759]
Event: 2.415 Thread 0x00000225d3f6ff20 Exception <a 'java/lang/NoSuchMethodError'{0x00000000ec3c6e38}: 'int java.lang.invoke.DirectMethodHandle$Holder.invokeStaticInit(java.lang.Object, java.lang.Object)'> (0x00000000ec3c6e38) 
thrown [s\src\hotspot\share\interpreter\linkResolver.cpp, line 759]
Event: 2.541 Thread 0x00000225d3f6ff20 Exception <a 'java/lang/NoSuchMethodError'{0x00000000eac54ad8}: 'void java.lang.invoke.DirectMethodHandle$Holder.invokeSpecial(java.lang.Object, java.lang.Object, java.lang.Object)'> (0x00000000eac54ad8) 
thrown [s\src\hotspot\share\interpreter\linkResolver.cpp, line 759]
Event: 3.030 Thread 0x00000225d3f6ff20 Exception <a 'java/lang/NoSuchMethodError'{0x00000000eb9f36c0}: 'java.lang.Object java.lang.invoke.DirectMethodHandle$Holder.newInvokeSpecial(java.lang.Object, int, java.lang.Object)'> (0x00000000eb9f36c0) 
thrown [s\src\hotspot\share\interpreter\linkResolver.cpp, line 759]
Event: 3.325 Thread 0x00000225d3f6ff20 Exception <a 'java/lang/UnsatisfiedLinkError'{0x00000000ebfad2c8}: 'void org.eclipse.equinox.launcher.JNIBridge._update_splash()'> (0x00000000ebfad2c8) 
thrown [s\src\hotspot\share\prims\nativeLookup.cpp, line 543]

VM Operations (20 events):
Event: 0.427 Executing VM operation: HandshakeAllThreads
Event: 0.427 Executing VM operation: HandshakeAllThreads done
Event: 0.697 Executing VM operation: HandshakeAllThreads
Event: 0.697 Executing VM operation: HandshakeAllThreads done
Event: 1.586 Executing VM operation: HandshakeAllThreads
Event: 1.586 Executing VM operation: HandshakeAllThreads done
Event: 1.586 Executing VM operation: Cleanup
Event: 1.586 Executing VM operation: Cleanup done
Event: 1.647 Executing VM operation: HandshakeAllThreads
Event: 1.647 Executing VM operation: HandshakeAllThreads done
Event: 2.437 Executing VM operation: ParallelGCFailedAllocation
Event: 2.454 Executing VM operation: ParallelGCFailedAllocation done
Event: 2.976 Executing VM operation: HandshakeAllThreads
Event: 2.976 Executing VM operation: HandshakeAllThreads done
Event: 2.976 Executing VM operation: HandshakeAllThreads
Event: 2.976 Executing VM operation: HandshakeAllThreads done
Event: 2.991 Executing VM operation: HandshakeAllThreads
Event: 2.991 Executing VM operation: HandshakeAllThreads done
Event: 3.022 Executing VM operation: HandshakeAllThreads
Event: 3.022 Executing VM operation: HandshakeAllThreads done

Events (20 events):
Event: 3.079 loading class java/net/ContentHandler
Event: 3.079 loading class java/net/ContentHandler done
Event: 3.109 loading class javax/xml/parsers/ParserConfigurationException
Event: 3.109 loading class javax/xml/parsers/ParserConfigurationException done
Event: 3.114 loading class java/security/KeyStoreException
Event: 3.114 loading class java/security/KeyStoreException done
Event: 3.155 loading class java/util/LinkedList$Node
Event: 3.155 loading class java/util/LinkedList$Node done
Event: 3.155 loading class java/util/LinkedList$ListItr
Event: 3.156 loading class java/util/LinkedList$ListItr done
Event: 3.173 loading class sun/nio/fs/WindowsChannelFactory
Event: 3.174 loading class sun/nio/fs/WindowsChannelFactory done
Event: 3.174 loading class sun/nio/fs/WindowsChannelFactory$1
Event: 3.174 loading class sun/nio/fs/WindowsChannelFactory$1 done
Event: 3.174 loading class sun/nio/fs/WindowsChannelFactory$Flags
Event: 3.174 loading class sun/nio/fs/WindowsChannelFactory$Flags done
Event: 3.175 loading class sun/nio/ch/FileChannelImpl$Closer
Event: 3.175 loading class sun/nio/ch/FileChannelImpl$Closer done
Event: 3.316 Thread 0x00000225eeaf94d0 Thread added: 0x00000225eeaf94d0
Event: 3.324 Thread 0x00000225eeb73920 Thread added: 0x00000225eeb73920


Dynamic libraries:
0x00007ff758020000 - 0x00007ff75802e000 	c:\Users\Kiet\.vscode\extensions\redhat.java-1.30.0-win32-x64\jre\17.0.10-win32-x86_64\bin\java.exe
0x00007ff870050000 - 0x00007ff870266000 	C:\WINDOWS\SYSTEM32\ntdll.dll
0x00007ff86e4a0000 - 0x00007ff86e564000 	C:\WINDOWS\System32\KERNEL32.DLL
0x00007ff86d630000 - 0x00007ff86d9d7000 	C:\WINDOWS\System32\KERNELBASE.dll
0x00007ff86db40000 - 0x00007ff86dc51000 	C:\WINDOWS\System32\ucrtbase.dll
0x00007ff84bd70000 - 0x00007ff84bd87000 	c:\Users\Kiet\.vscode\extensions\redhat.java-1.30.0-win32-x64\jre\17.0.10-win32-x86_64\bin\jli.dll
0x00007ff86e570000 - 0x00007ff86e71e000 	C:\WINDOWS\System32\USER32.dll
0x00007ff86db10000 - 0x00007ff86db36000 	C:\WINDOWS\System32\win32u.dll
0x00007ff86fe20000 - 0x00007ff86fe49000 	C:\WINDOWS\System32\GDI32.dll
0x00007ff86dc60000 - 0x00007ff86dd79000 	C:\WINDOWS\System32\gdi32full.dll
0x00007ff86d590000 - 0x00007ff86d62a000 	C:\WINDOWS\System32\msvcp_win.dll
0x00007ff84bf80000 - 0x00007ff84bf9b000 	c:\Users\Kiet\.vscode\extensions\redhat.java-1.30.0-win32-x64\jre\17.0.10-win32-x86_64\bin\VCRUNTIME140.dll
0x00007ff854010000 - 0x00007ff8542a3000 	C:\WINDOWS\WinSxS\amd64_microsoft.windows.common-controls_6595b64144ccf1df_6.0.22621.3235_none_270f74e173860f98\COMCTL32.dll
0x00007ff86f840000 - 0x00007ff86f8e7000 	C:\WINDOWS\System32\msvcrt.dll
0x00007ff86dd80000 - 0x00007ff86ddb1000 	C:\WINDOWS\System32\IMM32.DLL
0x00007ff85d2d0000 - 0x00007ff85d2dc000 	c:\Users\Kiet\.vscode\extensions\redhat.java-1.30.0-win32-x64\jre\17.0.10-win32-x86_64\bin\vcruntime140_1.dll
0x00007ff830500000 - 0x00007ff83058d000 	c:\Users\Kiet\.vscode\extensions\redhat.java-1.30.0-win32-x64\jre\17.0.10-win32-x86_64\bin\msvcp140.dll
0x00007ff82a1f0000 - 0x00007ff82ae52000 	c:\Users\Kiet\.vscode\extensions\redhat.java-1.30.0-win32-x64\jre\17.0.10-win32-x86_64\bin\server\jvm.dll
0x00007ff86e280000 - 0x00007ff86e332000 	C:\WINDOWS\System32\ADVAPI32.dll
0x00007ff86de30000 - 0x00007ff86ded8000 	C:\WINDOWS\System32\sechost.dll
0x00007ff86d560000 - 0x00007ff86d588000 	C:\WINDOWS\System32\bcrypt.dll
0x00007ff86fd00000 - 0x00007ff86fe15000 	C:\WINDOWS\System32\RPCRT4.dll
0x00007ff86d240000 - 0x00007ff86d28d000 	C:\WINDOWS\SYSTEM32\POWRPROF.dll
0x00007ff85c640000 - 0x00007ff85c649000 	C:\WINDOWS\SYSTEM32\WSOCK32.dll
0x00007ff86f230000 - 0x00007ff86f2a1000 	C:\WINDOWS\System32\WS2_32.dll
0x00007ff865df0000 - 0x00007ff865e24000 	C:\WINDOWS\SYSTEM32\WINMM.dll
0x00007ff864560000 - 0x00007ff86456a000 	C:\WINDOWS\SYSTEM32\VERSION.dll
0x00007ff86d220000 - 0x00007ff86d233000 	C:\WINDOWS\SYSTEM32\UMPDC.dll
0x00007ff86c3b0000 - 0x00007ff86c3c8000 	C:\WINDOWS\SYSTEM32\kernel.appcore.dll
0x00007ff85c490000 - 0x00007ff85c49a000 	c:\Users\Kiet\.vscode\extensions\redhat.java-1.30.0-win32-x64\jre\17.0.10-win32-x86_64\bin\jimage.dll
0x00007ff86aac0000 - 0x00007ff86acf3000 	C:\WINDOWS\SYSTEM32\DBGHELP.DLL
0x00007ff86dee0000 - 0x00007ff86e268000 	C:\WINDOWS\System32\combase.dll
0x00007ff86fad0000 - 0x00007ff86fba7000 	C:\WINDOWS\System32\OLEAUT32.dll
0x00007ff85b9d0000 - 0x00007ff85ba02000 	C:\WINDOWS\SYSTEM32\dbgcore.DLL
0x00007ff86d370000 - 0x00007ff86d3e9000 	C:\WINDOWS\System32\bcryptPrimitives.dll
0x00007ff858940000 - 0x00007ff85894e000 	c:\Users\Kiet\.vscode\extensions\redhat.java-1.30.0-win32-x64\jre\17.0.10-win32-x86_64\bin\instrument.dll
0x00007ff83d570000 - 0x00007ff83d595000 	c:\Users\Kiet\.vscode\extensions\redhat.java-1.30.0-win32-x64\jre\17.0.10-win32-x86_64\bin\java.dll
0x00007ff84bb60000 - 0x00007ff84bb78000 	c:\Users\Kiet\.vscode\extensions\redhat.java-1.30.0-win32-x64\jre\17.0.10-win32-x86_64\bin\zip.dll
0x00007ff86e9d0000 - 0x00007ff86f22c000 	C:\WINDOWS\System32\SHELL32.dll
0x00007ff86b2d0000 - 0x00007ff86bbc9000 	C:\WINDOWS\SYSTEM32\windows.storage.dll
0x00007ff86b190000 - 0x00007ff86b2ce000 	C:\WINDOWS\SYSTEM32\wintypes.dll
0x00007ff86f8f0000 - 0x00007ff86f9e3000 	C:\WINDOWS\System32\SHCORE.dll
0x00007ff86fca0000 - 0x00007ff86fcfe000 	C:\WINDOWS\System32\shlwapi.dll
0x00007ff86d2a0000 - 0x00007ff86d2c1000 	C:\WINDOWS\SYSTEM32\profapi.dll
0x00007ff843800000 - 0x00007ff843819000 	C:\Users\Kiet\.vscode\extensions\redhat.java-1.30.0-win32-x64\jre\17.0.10-win32-x86_64\bin\net.dll
0x00007ff8675f0000 - 0x00007ff867726000 	C:\WINDOWS\SYSTEM32\WINHTTP.dll
0x00007ff86c820000 - 0x00007ff86c889000 	C:\WINDOWS\system32\mswsock.dll
0x00007ff840c00000 - 0x00007ff840c16000 	C:\Users\Kiet\.vscode\extensions\redhat.java-1.30.0-win32-x64\jre\17.0.10-win32-x86_64\bin\nio.dll
0x00007ff858610000 - 0x00007ff858620000 	c:\Users\Kiet\.vscode\extensions\redhat.java-1.30.0-win32-x64\jre\17.0.10-win32-x86_64\bin\verify.dll
0x00007ff835670000 - 0x00007ff8356ae000 	C:\Users\Kiet\AppData\Roaming\Code\User\globalStorage\redhat.java\1.30.0\config_win\org.eclipse.equinox.launcher\org.eclipse.equinox.launcher.win32.win32.x86_64_1.2.900.v20240213-1244\eclipse_11900.dll
0x00007ff86e790000 - 0x00007ff86e935000 	C:\WINDOWS\System32\ole32.dll

dbghelp: loaded successfully - version: 4.0.5 - missing functions: none
symbol engine: initialized successfully - sym options: 0x614 - pdb path: .;c:\Users\Kiet\.vscode\extensions\redhat.java-1.30.0-win32-x64\jre\17.0.10-win32-x86_64\bin;C:\WINDOWS\SYSTEM32;C:\WINDOWS\WinSxS\amd64_microsoft.windows.common-controls_6595b64144ccf1df_6.0.22621.3235_none_270f74e173860f98;c:\Users\Kiet\.vscode\extensions\redhat.java-1.30.0-win32-x64\jre\17.0.10-win32-x86_64\bin\server;C:\Users\Kiet\AppData\Roaming\Code\User\globalStorage\redhat.java\1.30.0\config_win\org.eclipse.equinox.launcher\org.eclipse.equinox.launcher.win32.win32.x86_64_1.2.900.v20240213-1244

VM Arguments:
jvm_args: --add-modules=ALL-SYSTEM --add-opens=java.base/java.util=ALL-UNNAMED --add-opens=java.base/java.lang=ALL-UNNAMED --add-opens=java.base/sun.nio.fs=ALL-UNNAMED -Declipse.application=org.eclipse.jdt.ls.core.id1 -Dosgi.bundles.defaultStartLevel=4 -Declipse.product=org.eclipse.jdt.ls.core.product -Djava.import.generatesMetadataFilesAtProjectRoot=false -DDetectVMInstallationsJob.disabled=true -Dfile.encoding=utf8 -XX:+UseParallelGC -XX:GCTimeRatio=4 -XX:AdaptiveSizePolicyWeight=90 -Dsun.zip.disableMemoryMapping=true -Xmx1G -Xms100m -Xlog:disable -javaagent:c:\Users\Kiet\.vscode\extensions\redhat.java-1.30.0-win32-x64\lombok\lombok-1.18.32.jar -XX:+HeapDumpOnOutOfMemoryError -XX:HeapDumpPath=c:\Users\Kiet\AppData\Roaming\Code\User\workspaceStorage\9f0ec90a7e62ad64397c1cc3a6503a33\redhat.java -Daether.dependencyCollector.impl=bf 
java_command: c:\Users\Kiet\.vscode\extensions\redhat.java-1.30.0-win32-x64\server\plugins\org.eclipse.equinox.launcher_1.6.800.v20240330-1250.jar -configuration c:\Users\Kiet\AppData\Roaming\Code\User\globalStorage\redhat.java\1.30.0\config_win -data c:\Users\Kiet\AppData\Roaming\Code\User\workspaceStorage\9f0ec90a7e62ad64397c1cc3a6503a33\redhat.java\jdt_ws --pipe=\\.\pipe\lsp-f38723b71cfb80b0a396274419dce0c1-sock
java_class_path (initial): c:\Users\Kiet\.vscode\extensions\redhat.java-1.30.0-win32-x64\server\plugins\org.eclipse.equinox.launcher_1.6.800.v20240330-1250.jar
Launcher Type: SUN_STANDARD

[Global flags]
    uintx AdaptiveSizePolicyWeight                 = 90                                        {product} {command line}
     intx CICompilerCount                          = 4                                         {product} {ergonomic}
    uintx GCTimeRatio                              = 4                                         {product} {command line}
     bool HeapDumpOnOutOfMemoryError               = true                                   {manageable} {command line}
    ccstr HeapDumpPath                             = c:\Users\Kiet\AppData\Roaming\Code\User\workspaceStorage\9f0ec90a7e62ad64397c1cc3a6503a33\redhat.java         {manageable} {command line}
   size_t InitialHeapSize                          = 104857600                                 {product} {command line}
   size_t MaxHeapSize                              = 1073741824                                {product} {command line}
   size_t MaxNewSize                               = 357564416                                 {product} {ergonomic}
   size_t MinHeapDeltaBytes                        = 524288                                    {product} {ergonomic}
   size_t MinHeapSize                              = 104857600                                 {product} {command line}
   size_t NewSize                                  = 34603008                                  {product} {ergonomic}
    uintx NonNMethodCodeHeapSize                   = 5839372                                {pd product} {ergonomic}
    uintx NonProfiledCodeHeapSize                  = 122909434                              {pd product} {ergonomic}
   size_t OldSize                                  = 70254592                                  {product} {ergonomic}
    uintx ProfiledCodeHeapSize                     = 122909434                              {pd product} {ergonomic}
    uintx ReservedCodeCacheSize                    = 251658240                              {pd product} {ergonomic}
     bool SegmentedCodeCache                       = true                                      {product} {ergonomic}
   size_t SoftMaxHeapSize                          = 1073741824                             {manageable} {ergonomic}
     bool UseCompressedClassPointers               = true                           {product lp64_product} {ergonomic}
     bool UseCompressedOops                        = true                           {product lp64_product} {ergonomic}
     bool UseLargePagesIndividualAllocation        = false                                  {pd product} {ergonomic}
     bool UseParallelGC                            = true                                      {product} {command line}

Logging:
Log output configuration:
 #0: stdout all=off uptime,level,tags
 #1: stderr all=off uptime,level,tags

Environment Variables:
PATH=C:\Program Files\Common Files\Oracle\Java\javapath;C:\Program Files (x86)\Common Files\Oracle\Java\javapath;C:\WINDOWS\system32;C:\WINDOWS;C:\WINDOWS\System32\Wbem;C:\WINDOWS\System32\WindowsPowerShell\v1.0\;C:\WINDOWS\System32\OpenSSH\;C:\Program Files\dotnet\;C:\Program Files\Common Files\Oracle\Java\javapath;C:\Program Files\Java\jdk-11\bin;C:\Program Files (x86)\Microsoft SQL Server\160\Tools\Binn\;C:\Program Files\Microsoft SQL Server\160\Tools\Binn\;C:\Program Files\Microsoft SQL Server\Client SDK\ODBC\170\Tools\Binn\;C:\Program Files\Microsoft SQL Server\160\DTS\Binn\;C:\Program Files (x86)\Microsoft SQL Server\160\DTS\Binn\;C:\Program Files\Azure Data Studio\bin;C:\Program Files\apache-maven-3.9.6\bin;C:\Program Files\Git\cmd;C:\Program Files\nodejs\;C:\Program Files\Java\jdk-21\bin;C:\Users\Kiet\AppData\Local\Microsoft\WindowsApps;C:\Users\Kiet\AppData\Local\Programs\Microsoft VS Code\bin;C:\Users\Kiet\AppData\Local\GitHubDesktop\bin;C:\Users\Kiet\.dotnet\tools;C:\Program Files\Azure Data Studio\bin;C:\Users\Kiet\AppData\Roaming\npm
USERNAME=Kiet
OS=Windows_NT
PROCESSOR_IDENTIFIER=Intel64 Family 6 Model 126 Stepping 5, GenuineIntel
TMP=C:\Users\Kiet\AppData\Local\Temp
TEMP=C:\Users\Kiet\AppData\Local\Temp



Periodic native trim disabled


---------------  S Y S T E M  ---------------

OS:
 Windows 11 , 64 bit Build 22621 (10.0.22621.3374)
OS uptime: 0 days 19:51 hours

CPU: total 8 (initial active 8) (4 cores per cpu, 2 threads per core) family 6 model 126 stepping 5 microcode 0xa6, cx8, cmov, fxsr, ht, mmx, 3dnowpref, sse, sse2, sse3, ssse3, sse4.1, sse4.2, popcnt, lzcnt, tsc, tscinvbit, avx, avx2, aes, erms, clmul, bmi1, bmi2, adx, avx512f, avx512dq, avx512cd, avx512bw, avx512vl, sha, fma, vzeroupper, avx512_vpopcntdq, avx512_vpclmulqdq, avx512_vaes, avx512_vnni, clflush, clflushopt, avx512_vbmi2, avx512_vbmi
Processor Information for all 8 processors :
  Max Mhz: 1190, Current Mhz: 991, Mhz Limit: 987

Memory: 4k page, system-wide physical 7987M (890M free)
TotalPageFile size 10035M (AvailPageFile size 14M)
current process WorkingSet (physical memory assigned to process): 89M, peak: 89M
current process commit charge ("private bytes"): 210M, peak: 212M

vm_info: OpenJDK 64-Bit Server VM (17.0.10+7) for windows-amd64 JRE (17.0.10+7), built on Jan 16 2024 23:25:11 by "admin" with MS VC++ 16.10 / 16.11 (VS2019)

END.
