#
# There is insufficient memory for the Java Runtime Environment to continue.
# Native memory allocation (malloc) failed to allocate 155776 bytes for Chunk::new
# Possible reasons:
#   The system is out of physical RAM or swap space
#   The process is running with CompressedOops enabled, and the Java Heap may be blocking the growth of the native heap
# Possible solutions:
#   Reduce memory load on the system
#   Increase physical memory or swap space
#   Check if swap backing store is full
#   Decrease Java heap size (-Xmx/-Xms)
#   Decrease number of Java threads
#   Decrease Java thread stack sizes (-Xss)
#   Set larger code cache with -XX:ReservedCodeCacheSize=
#   JVM is running with Unscaled Compressed Oops mode in which the Java heap is
#     placed in the first 4GB address space. The Java Heap base address is the
#     maximum limit for the native heap growth. Please use -XX:HeapBaseMinAddress
#     to set the Java Heap base and to place the Java Heap above 4GB virtual address.
# This output file may be truncated or incomplete.
#
#  Out of Memory Error (arena.cpp:191), pid=10712, tid=1028
#
# JRE version: OpenJDK Runtime Environment Temurin-17.0.10+7 (17.0.10+7) (build 17.0.10+7)
# Java VM: OpenJDK 64-Bit Server VM Temurin-17.0.10+7 (17.0.10+7, mixed mode, tiered, compressed oops, compressed class ptrs, parallel gc, windows-amd64)
# No core dump will be written. Minidumps are not enabled by default on client versions of Windows
#

---------------  S U M M A R Y ------------

Command Line: --add-modules=ALL-SYSTEM --add-opens=java.base/java.util=ALL-UNNAMED --add-opens=java.base/java.lang=ALL-UNNAMED --add-opens=java.base/sun.nio.fs=ALL-UNNAMED -Declipse.application=org.eclipse.jdt.ls.core.id1 -Dosgi.bundles.defaultStartLevel=4 -Declipse.product=org.eclipse.jdt.ls.core.product -Djava.import.generatesMetadataFilesAtProjectRoot=false -DDetectVMInstallationsJob.disabled=true -Dfile.encoding=utf8 -XX:+UseParallelGC -XX:GCTimeRatio=4 -XX:AdaptiveSizePolicyWeight=90 -Dsun.zip.disableMemoryMapping=true -Xmx1G -Xms100m -Xlog:disable -javaagent:c:\Users\Kiet\.vscode\extensions\redhat.java-1.30.0-win32-x64\lombok\lombok-1.18.32.jar -XX:+HeapDumpOnOutOfMemoryError -XX:HeapDumpPath=c:\Users\Kiet\AppData\Roaming\Code\User\workspaceStorage\b3b38d78d4b70df6aa0616a4b888d3ad\redhat.java -Daether.dependencyCollector.impl=bf c:\Users\Kiet\.vscode\extensions\redhat.java-1.30.0-win32-x64\server\plugins\org.eclipse.equinox.launcher_1.6.800.v20240330-1250.jar -configuration c:\Users\Kiet\AppData\Roaming\Code\User\globalStorage\redhat.java\1.30.0\config_win -data c:\Users\Kiet\AppData\Roaming\Code\User\workspaceStorage\b3b38d78d4b70df6aa0616a4b888d3ad\redhat.java\jdt_ws --pipe=\\.\pipe\lsp-b586d771f9e0229a9418a1600fb979ef-sock

Host: Intel(R) Core(TM) i5-1035G1 CPU @ 1.00GHz, 8 cores, 7G,  Windows 11 , 64 bit Build 22621 (10.0.22621.3374)
Time: Sat May  4 22:38:16 2024 SE Asia Standard Time elapsed time: 4.955461 seconds (0d 0h 0m 4s)

---------------  T H R E A D  ---------------

Current thread (0x000002bbe276e0f0):  JavaThread "C2 CompilerThread2" daemon [_thread_in_native, id=1028, stack(0x000000eefe600000,0x000000eefe700000)]


Current CompileTask:
C2:   4955 3580       4       org.lombokweb.asm.ClassReader::readUTF8 (23 bytes)

Stack: [0x000000eefe600000,0x000000eefe700000]
Native frames: (J=compiled Java code, j=interpreted, Vv=VM code, C=native code)
V  [jvm.dll+0x67d2c9]
V  [jvm.dll+0x834afa]
V  [jvm.dll+0x8365be]
V  [jvm.dll+0x836c23]
V  [jvm.dll+0x2477ff]
V  [jvm.dll+0xac514]
V  [jvm.dll+0xacb5c]
V  [jvm.dll+0x3667d7]
V  [jvm.dll+0x330bfa]
V  [jvm.dll+0x33009a]
V  [jvm.dll+0x219ef1]
V  [jvm.dll+0x219311]
V  [jvm.dll+0x1a502d]
V  [jvm.dll+0x2290de]
V  [jvm.dll+0x2272ac]
V  [jvm.dll+0x7e9bb7]
V  [jvm.dll+0x7e3fba]
V  [jvm.dll+0x67c1b5]
C  [ucrtbase.dll+0x29333]
C  [KERNEL32.DLL+0x1257d]
C  [ntdll.dll+0x5aa48]


---------------  P R O C E S S  ---------------

Threads class SMR info:
_java_thread_list=0x000002bbe254a520, length=23, elements={
0x000002bbc5ab5320, 0x000002bbdb885020, 0x000002bbdb885af0, 0x000002bbe09f3440,
0x000002bbe09f3e10, 0x000002bbe09f49d0, 0x000002bbe09f5590, 0x000002bbe09f8540,
0x000002bbe0a56020, 0x000002bbe0a70db0, 0x000002bbe0b04df0, 0x000002bbe0d41ff0,
0x000002bbe25256c0, 0x000002bbe28e83e0, 0x000002bbe27c0810, 0x000002bbe21c3700,
0x000002bbe2b1a950, 0x000002bbe2637800, 0x000002bbe2245f70, 0x000002bbe2b28130,
0x000002bbe276e0f0, 0x000002bbe2242cd0, 0x000002bbe22431e0
}

Java Threads: ( => current thread )
  0x000002bbc5ab5320 JavaThread "main" [_thread_blocked, id=16200, stack(0x000000eefc800000,0x000000eefc900000)]
  0x000002bbdb885020 JavaThread "Reference Handler" daemon [_thread_blocked, id=17632, stack(0x000000eefcb00000,0x000000eefcc00000)]
  0x000002bbdb885af0 JavaThread "Finalizer" daemon [_thread_blocked, id=19076, stack(0x000000eefcc00000,0x000000eefcd00000)]
  0x000002bbe09f3440 JavaThread "Signal Dispatcher" daemon [_thread_blocked, id=15624, stack(0x000000eefcd00000,0x000000eefce00000)]
  0x000002bbe09f3e10 JavaThread "Attach Listener" daemon [_thread_blocked, id=16224, stack(0x000000eefce00000,0x000000eefcf00000)]
  0x000002bbe09f49d0 JavaThread "Service Thread" daemon [_thread_blocked, id=2656, stack(0x000000eefcf00000,0x000000eefd000000)]
  0x000002bbe09f5590 JavaThread "Monitor Deflation Thread" daemon [_thread_blocked, id=17328, stack(0x000000eefd000000,0x000000eefd100000)]
  0x000002bbe09f8540 JavaThread "C2 CompilerThread0" daemon [_thread_in_native, id=10628, stack(0x000000eefd100000,0x000000eefd200000)]
  0x000002bbe0a56020 JavaThread "C1 CompilerThread0" daemon [_thread_blocked, id=3444, stack(0x000000eefd200000,0x000000eefd300000)]
  0x000002bbe0a70db0 JavaThread "Sweeper thread" daemon [_thread_blocked, id=18724, stack(0x000000eefd300000,0x000000eefd400000)]
  0x000002bbe0b04df0 JavaThread "Common-Cleaner" daemon [_thread_blocked, id=17172, stack(0x000000eefd400000,0x000000eefd500000)]
  0x000002bbe0d41ff0 JavaThread "Notification Thread" daemon [_thread_blocked, id=15908, stack(0x000000eefd600000,0x000000eefd700000)]
  0x000002bbe25256c0 JavaThread "Active Thread: Equinox Container: 7db213fa-84d8-4dac-b573-8362c169a182" [_thread_blocked, id=656, stack(0x000000eefdf00000,0x000000eefe000000)]
  0x000002bbe28e83e0 JavaThread "Framework Event Dispatcher: Equinox Container: 7db213fa-84d8-4dac-b573-8362c169a182" daemon [_thread_blocked, id=6956, stack(0x000000eefe000000,0x000000eefe100000)]
  0x000002bbe27c0810 JavaThread "Start Level: Equinox Container: 7db213fa-84d8-4dac-b573-8362c169a182" daemon [_thread_in_Java, id=10828, stack(0x000000eefe100000,0x000000eefe200000)]
  0x000002bbe21c3700 JavaThread "Bundle File Closer" daemon [_thread_blocked, id=18472, stack(0x000000eefe300000,0x000000eefe400000)]
  0x000002bbe2b1a950 JavaThread "SCR Component Actor" daemon [_thread_blocked, id=5404, stack(0x000000eefe400000,0x000000eefe500000)]
  0x000002bbe2637800 JavaThread "SCR Component Registry" daemon [_thread_blocked, id=17356, stack(0x000000eefe500000,0x000000eefe600000)]
  0x000002bbe2245f70 JavaThread "Worker-JM" [_thread_blocked, id=12344, stack(0x000000eefde00000,0x000000eefdf00000)]
  0x000002bbe2b28130 JavaThread "C2 CompilerThread1" daemon [_thread_in_native, id=2996, stack(0x000000eefd500000,0x000000eefd600000)]
=>0x000002bbe276e0f0 JavaThread "C2 CompilerThread2" daemon [_thread_in_native, id=1028, stack(0x000000eefe600000,0x000000eefe700000)]
  0x000002bbe2242cd0 JavaThread "Worker-0" [_thread_blocked, id=15332, stack(0x000000eefe700000,0x000000eefe800000)]
  0x000002bbe22431e0 JavaThread "Worker-1" [_thread_blocked, id=7948, stack(0x000000eefe800000,0x000000eefe900000)]

Other Threads:
  0x000002bbe09d14b0 VMThread "VM Thread" [stack: 0x000000eefca00000,0x000000eefcb00000] [id=3308]
  0x000002bbe1a9efe0 WatcherThread [stack: 0x000000eefd700000,0x000000eefd800000] [id=18984]
  0x000002bbc5acbb10 GCTaskThread "GC Thread#0" [stack: 0x000000eefc900000,0x000000eefca00000] [id=16312]
  0x000002bbe1a9c060 GCTaskThread "GC Thread#1" [stack: 0x000000eefd800000,0x000000eefd900000] [id=7444]
  0x000002bbe1a9c320 GCTaskThread "GC Thread#2" [stack: 0x000000eefd900000,0x000000eefda00000] [id=16204]
  0x000002bbe1a9c5e0 GCTaskThread "GC Thread#3" [stack: 0x000000eefda00000,0x000000eefdb00000] [id=13500]
  0x000002bbe1a9c8a0 GCTaskThread "GC Thread#4" [stack: 0x000000eefdb00000,0x000000eefdc00000] [id=15916]
  0x000002bbe1b47fd0 GCTaskThread "GC Thread#5" [stack: 0x000000eefdc00000,0x000000eefdd00000] [id=128]
  0x000002bbe1b48290 GCTaskThread "GC Thread#6" [stack: 0x000000eefdd00000,0x000000eefde00000] [id=3384]
  0x000002bbc58a9810 GCTaskThread "GC Thread#7" [stack: 0x000000eefe200000,0x000000eefe300000] [id=14404]

Threads with active compile tasks:
C2 CompilerThread0     4982 3602       4       org.lombokweb.asm.SymbolTable::addConstantUtf8 (98 bytes)
C2 CompilerThread1     4982 3618       4       org.lombokweb.asm.SymbolTable::addConstantNameAndType (28 bytes)
C2 CompilerThread2     4982 3580       4       org.lombokweb.asm.ClassReader::readUTF8 (23 bytes)

VM state: not at safepoint (normal execution)

VM Mutex/Monitor currently owned by a thread: None

Heap address: 0x00000000c0000000, size: 1024 MB, Compressed Oops mode: 32-bit

CDS archive(s) not mapped
Compressed class space mapped at: 0x0000000100000000-0x0000000140000000, reserved size: 1073741824
Narrow klass base: 0x0000000000000000, Narrow klass shift: 3, Narrow klass range: 0x140000000

GC Precious Log:
 CPUs: 8 total, 8 available
 Memory: 7987M
 Large Page Support: Disabled
 NUMA Support: Disabled
 Compressed Oops: Enabled (32-bit)
 Alignments: Space 512K, Generation 512K, Heap 2M
 Heap Min Capacity: 100M
 Heap Initial Capacity: 100M
 Heap Max Capacity: 1G
 Pre-touch: Disabled
 Parallel Workers: 8

Heap:
 PSYoungGen      total 28160K, used 17727K [0x00000000eab00000, 0x00000000ecb00000, 0x0000000100000000)
  eden space 25088K, 58% used [0x00000000eab00000,0x00000000eb9554f8,0x00000000ec380000)
  from space 3072K, 99% used [0x00000000ec500000,0x00000000ec7faaa0,0x00000000ec800000)
  to   space 2048K, 0% used [0x00000000ec900000,0x00000000ec900000,0x00000000ecb00000)
 ParOldGen       total 68608K, used 11704K [0x00000000c0000000, 0x00000000c4300000, 0x00000000eab00000)
  object space 68608K, 17% used [0x00000000c0000000,0x00000000c0b6e058,0x00000000c4300000)
 Metaspace       used 27901K, committed 28480K, reserved 1114112K
  class space    used 2825K, committed 3072K, reserved 1048576K

Card table byte_map: [0x000002bbd9100000,0x000002bbd9310000] _byte_map_base: 0x000002bbd8b00000

Marking Bits: (ParMarkBitMap*) 0x00007ffc0e4cd7d0
 Begin Bits: [0x000002bbd9470000, 0x000002bbda470000)
 End Bits:   [0x000002bbda470000, 0x000002bbdb470000)

Polling page: 0x000002bbc5b60000

Metaspace:

Usage:
  Non-class:     24.49 MB used.
      Class:      2.76 MB used.
       Both:     27.25 MB used.

Virtual space:
  Non-class space:       64.00 MB reserved,      24.81 MB ( 39%) committed,  1 nodes.
      Class space:        1.00 GB reserved,       3.00 MB ( <1%) committed,  1 nodes.
             Both:        1.06 GB reserved,      27.81 MB (  3%) committed. 

Chunk freelists:
   Non-Class:  6.67 MB
       Class:  13.06 MB
        Both:  19.73 MB

MaxMetaspaceSize: unlimited
CompressedClassSpaceSize: 1.00 GB
Initial GC threshold: 21.00 MB
Current GC threshold: 35.00 MB
CDS: off
MetaspaceReclaimPolicy: balanced
 - commit_granule_bytes: 65536.
 - commit_granule_words: 8192.
 - virtual_space_node_default_size: 8388608.
 - enlarge_chunks_in_place: 1.
 - new_chunks_are_fully_committed: 0.
 - uncommit_free_chunks: 1.
 - use_allocation_guard: 0.
 - handle_deallocations: 1.


Internal statistics:

num_allocs_failed_limit: 3.
num_arena_births: 346.
num_arena_deaths: 14.
num_vsnodes_births: 2.
num_vsnodes_deaths: 0.
num_space_committed: 445.
num_space_uncommitted: 0.
num_chunks_returned_to_freelist: 17.
num_chunks_taken_from_freelist: 1135.
num_chunk_merges: 8.
num_chunk_splits: 722.
num_chunks_enlarged: 500.
num_inconsistent_stats: 0.

CodeHeap 'non-profiled nmethods': size=120000Kb used=1577Kb max_used=1577Kb free=118422Kb
 bounds [0x000002bbd19f0000, 0x000002bbd1c60000, 0x000002bbd8f20000]
CodeHeap 'profiled nmethods': size=120000Kb used=7504Kb max_used=7504Kb free=112496Kb
 bounds [0x000002bbc9f20000, 0x000002bbca680000, 0x000002bbd1450000]
CodeHeap 'non-nmethods': size=5760Kb used=1217Kb max_used=1234Kb free=4543Kb
 bounds [0x000002bbd1450000, 0x000002bbd16c0000, 0x000002bbd19f0000]
 total_blobs=4134 nmethods=3619 adapters=428
 compilation: enabled
              stopped_count=0, restarted_count=0
 full_count=0

Compilation events (20 events):
Event: 4.946 Thread 0x000002bbe0a56020 nmethod 3584 0x000002bbca661990 code [0x000002bbca661b60, 0x000002bbca661e38]
Event: 4.946 Thread 0x000002bbe0a56020 3585       3       org.lombokweb.asm.Attribute::computeAttributesSize (62 bytes)
Event: 4.946 Thread 0x000002bbe0a56020 nmethod 3585 0x000002bbca661f90 code [0x000002bbca662160, 0x000002bbca662488]
Event: 4.947 Thread 0x000002bbe0a56020 3586       3       org.lombokweb.asm.AnnotationWriter::computeAnnotationsSize (66 bytes)
Event: 4.947 Thread 0x000002bbe09f8540 3589       4       org.lombokweb.asm.ClassReader::readClass (7 bytes)
Event: 4.947 Thread 0x000002bbe0a56020 nmethod 3586 0x000002bbca662610 code [0x000002bbca6627e0, 0x000002bbca662b18]
Event: 4.947 Thread 0x000002bbe0a56020 3588       3       org.lombokweb.asm.AnnotationWriter::putAnnotations (67 bytes)
Event: 4.947 Thread 0x000002bbe0a56020 nmethod 3588 0x000002bbca662d10 code [0x000002bbca662f20, 0x000002bbca663358]
Event: 4.947 Thread 0x000002bbe0a56020 3587       3       org.lombokweb.asm.Attribute::putAttributes (78 bytes)
Event: 4.948 Thread 0x000002bbe0a56020 nmethod 3587 0x000002bbca663610 code [0x000002bbca663860, 0x000002bbca663d58]
Event: 4.948 Thread 0x000002bbe2b28130 3590       4       org.lombokweb.asm.SymbolTable$Entry::<init> (20 bytes)
Event: 4.949 Thread 0x000002bbe2b28130 nmethod 3590 0x000002bbd1b77b90 code [0x000002bbd1b77d00, 0x000002bbd1b77db8]
Event: 4.949 Thread 0x000002bbe2b28130 3591       4       org.lombokweb.asm.SymbolTable::addConstantMemberReference (29 bytes)
Event: 4.949 Thread 0x000002bbe0a56020 3592       3       org.lombokweb.asm.SymbolTable::addConstantDynamicOrInvokeDynamicReference (34 bytes)
Event: 4.950 Thread 0x000002bbe0a56020 nmethod 3592 0x000002bbca664010 code [0x000002bbca6641e0, 0x000002bbca664468]
Event: 4.950 Thread 0x000002bbe0a56020 3594       3       org.lombokweb.asm.SymbolTable$Entry::<init> (17 bytes)
Event: 4.950 Thread 0x000002bbe0a56020 nmethod 3594 0x000002bbca664590 code [0x000002bbca664740, 0x000002bbca6648c8]
Event: 4.950 Thread 0x000002bbe0a56020 3593       3       org.lombokweb.asm.SymbolTable::hash (19 bytes)
Event: 4.950 Thread 0x000002bbe0a56020 nmethod 3593 0x000002bbca664990 code [0x000002bbca664b40, 0x000002bbca664cd8]
Event: 4.950 Thread 0x000002bbe0a56020 3595       3       org.lombokweb.asm.ClassReader::readField (671 bytes)

GC Heap History (16 events):
Event: 1.115 GC heap before
{Heap before GC invocations=1 (full 0):
 PSYoungGen      total 29696K, used 25600K [0x00000000eab00000, 0x00000000ecc00000, 0x0000000100000000)
  eden space 25600K, 100% used [0x00000000eab00000,0x00000000ec400000,0x00000000ec400000)
  from space 4096K, 0% used [0x00000000ec800000,0x00000000ec800000,0x00000000ecc00000)
  to   space 4096K, 0% used [0x00000000ec400000,0x00000000ec400000,0x00000000ec800000)
 ParOldGen       total 68608K, used 0K [0x00000000c0000000, 0x00000000c4300000, 0x00000000eab00000)
  object space 68608K, 0% used [0x00000000c0000000,0x00000000c0000000,0x00000000c4300000)
 Metaspace       used 10993K, committed 11200K, reserved 1114112K
  class space    used 1096K, committed 1216K, reserved 1048576K
}
Event: 1.122 GC heap after
{Heap after GC invocations=1 (full 0):
 PSYoungGen      total 29696K, used 3124K [0x00000000eab00000, 0x00000000ecc00000, 0x0000000100000000)
  eden space 25600K, 0% used [0x00000000eab00000,0x00000000eab00000,0x00000000ec400000)
  from space 4096K, 76% used [0x00000000ec400000,0x00000000ec70d278,0x00000000ec800000)
  to   space 4096K, 0% used [0x00000000ec800000,0x00000000ec800000,0x00000000ecc00000)
 ParOldGen       total 68608K, used 16K [0x00000000c0000000, 0x00000000c4300000, 0x00000000eab00000)
  object space 68608K, 0% used [0x00000000c0000000,0x00000000c0004000,0x00000000c4300000)
 Metaspace       used 10993K, committed 11200K, reserved 1114112K
  class space    used 1096K, committed 1216K, reserved 1048576K
}
Event: 1.963 GC heap before
{Heap before GC invocations=2 (full 0):
 PSYoungGen      total 29696K, used 28724K [0x00000000eab00000, 0x00000000ecc00000, 0x0000000100000000)
  eden space 25600K, 100% used [0x00000000eab00000,0x00000000ec400000,0x00000000ec400000)
  from space 4096K, 76% used [0x00000000ec400000,0x00000000ec70d278,0x00000000ec800000)
  to   space 4096K, 0% used [0x00000000ec800000,0x00000000ec800000,0x00000000ecc00000)
 ParOldGen       total 68608K, used 16K [0x00000000c0000000, 0x00000000c4300000, 0x00000000eab00000)
  object space 68608K, 0% used [0x00000000c0000000,0x00000000c0004000,0x00000000c4300000)
 Metaspace       used 14679K, committed 14848K, reserved 1114112K
  class space    used 1467K, committed 1600K, reserved 1048576K
}
Event: 1.971 GC heap after
{Heap after GC invocations=2 (full 0):
 PSYoungGen      total 29696K, used 4067K [0x00000000eab00000, 0x00000000ecc00000, 0x0000000100000000)
  eden space 25600K, 0% used [0x00000000eab00000,0x00000000eab00000,0x00000000ec400000)
  from space 4096K, 99% used [0x00000000ec800000,0x00000000ecbf8f38,0x00000000ecc00000)
  to   space 4096K, 0% used [0x00000000ec400000,0x00000000ec400000,0x00000000ec800000)
 ParOldGen       total 68608K, used 1446K [0x00000000c0000000, 0x00000000c4300000, 0x00000000eab00000)
  object space 68608K, 2% used [0x00000000c0000000,0x00000000c0169be0,0x00000000c4300000)
 Metaspace       used 14679K, committed 14848K, reserved 1114112K
  class space    used 1467K, committed 1600K, reserved 1048576K
}
Event: 2.626 GC heap before
{Heap before GC invocations=3 (full 0):
 PSYoungGen      total 29696K, used 29667K [0x00000000eab00000, 0x00000000ecc00000, 0x0000000100000000)
  eden space 25600K, 100% used [0x00000000eab00000,0x00000000ec400000,0x00000000ec400000)
  from space 4096K, 99% used [0x00000000ec800000,0x00000000ecbf8f38,0x00000000ecc00000)
  to   space 4096K, 0% used [0x00000000ec400000,0x00000000ec400000,0x00000000ec800000)
 ParOldGen       total 68608K, used 1446K [0x00000000c0000000, 0x00000000c4300000, 0x00000000eab00000)
  object space 68608K, 2% used [0x00000000c0000000,0x00000000c0169be0,0x00000000c4300000)
 Metaspace       used 16194K, committed 16448K, reserved 1114112K
  class space    used 1614K, committed 1728K, reserved 1048576K
}
Event: 2.634 GC heap after
{Heap after GC invocations=3 (full 0):
 PSYoungGen      total 29696K, used 4066K [0x00000000eab00000, 0x00000000ecc00000, 0x0000000100000000)
  eden space 25600K, 0% used [0x00000000eab00000,0x00000000eab00000,0x00000000ec400000)
  from space 4096K, 99% used [0x00000000ec400000,0x00000000ec7f88a0,0x00000000ec800000)
  to   space 4096K, 0% used [0x00000000ec800000,0x00000000ec800000,0x00000000ecc00000)
 ParOldGen       total 68608K, used 5221K [0x00000000c0000000, 0x00000000c4300000, 0x00000000eab00000)
  object space 68608K, 7% used [0x00000000c0000000,0x00000000c0519518,0x00000000c4300000)
 Metaspace       used 16194K, committed 16448K, reserved 1114112K
  class space    used 1614K, committed 1728K, reserved 1048576K
}
Event: 3.453 GC heap before
{Heap before GC invocations=4 (full 0):
 PSYoungGen      total 29696K, used 29666K [0x00000000eab00000, 0x00000000ecc00000, 0x0000000100000000)
  eden space 25600K, 100% used [0x00000000eab00000,0x00000000ec400000,0x00000000ec400000)
  from space 4096K, 99% used [0x00000000ec400000,0x00000000ec7f88a0,0x00000000ec800000)
  to   space 4096K, 0% used [0x00000000ec800000,0x00000000ec800000,0x00000000ecc00000)
 ParOldGen       total 68608K, used 5221K [0x00000000c0000000, 0x00000000c4300000, 0x00000000eab00000)
  object space 68608K, 7% used [0x00000000c0000000,0x00000000c0519518,0x00000000c4300000)
 Metaspace       used 19721K, committed 20160K, reserved 1114112K
  class space    used 1980K, committed 2176K, reserved 1048576K
}
Event: 3.458 GC heap after
{Heap after GC invocations=4 (full 0):
 PSYoungGen      total 29696K, used 4080K [0x00000000eab00000, 0x00000000ecc00000, 0x0000000100000000)
  eden space 25600K, 0% used [0x00000000eab00000,0x00000000eab00000,0x00000000ec400000)
  from space 4096K, 99% used [0x00000000ec800000,0x00000000ecbfc1c0,0x00000000ecc00000)
  to   space 4096K, 0% used [0x00000000ec400000,0x00000000ec400000,0x00000000ec800000)
 ParOldGen       total 68608K, used 6359K [0x00000000c0000000, 0x00000000c4300000, 0x00000000eab00000)
  object space 68608K, 9% used [0x00000000c0000000,0x00000000c0635e08,0x00000000c4300000)
 Metaspace       used 19721K, committed 20160K, reserved 1114112K
  class space    used 1980K, committed 2176K, reserved 1048576K
}
Event: 3.676 GC heap before
{Heap before GC invocations=5 (full 0):
 PSYoungGen      total 29696K, used 12321K [0x00000000eab00000, 0x00000000ecc00000, 0x0000000100000000)
  eden space 25600K, 32% used [0x00000000eab00000,0x00000000eb30c528,0x00000000ec400000)
  from space 4096K, 99% used [0x00000000ec800000,0x00000000ecbfc1c0,0x00000000ecc00000)
  to   space 4096K, 0% used [0x00000000ec400000,0x00000000ec400000,0x00000000ec800000)
 ParOldGen       total 68608K, used 6359K [0x00000000c0000000, 0x00000000c4300000, 0x00000000eab00000)
  object space 68608K, 9% used [0x00000000c0000000,0x00000000c0635e08,0x00000000c4300000)
 Metaspace       used 21115K, committed 21504K, reserved 1114112K
  class space    used 2119K, committed 2304K, reserved 1048576K
}
Event: 3.680 GC heap after
{Heap after GC invocations=5 (full 0):
 PSYoungGen      total 29696K, used 4066K [0x00000000eab00000, 0x00000000ece00000, 0x0000000100000000)
  eden space 25600K, 0% used [0x00000000eab00000,0x00000000eab00000,0x00000000ec400000)
  from space 4096K, 99% used [0x00000000ec400000,0x00000000ec7f8b68,0x00000000ec800000)
  to   space 5120K, 0% used [0x00000000ec900000,0x00000000ec900000,0x00000000ece00000)
 ParOldGen       total 68608K, used 6918K [0x00000000c0000000, 0x00000000c4300000, 0x00000000eab00000)
  object space 68608K, 10% used [0x00000000c0000000,0x00000000c06c1ad0,0x00000000c4300000)
 Metaspace       used 21115K, committed 21504K, reserved 1114112K
  class space    used 2119K, committed 2304K, reserved 1048576K
}
Event: 3.680 GC heap before
{Heap before GC invocations=6 (full 1):
 PSYoungGen      total 29696K, used 4066K [0x00000000eab00000, 0x00000000ece00000, 0x0000000100000000)
  eden space 25600K, 0% used [0x00000000eab00000,0x00000000eab00000,0x00000000ec400000)
  from space 4096K, 99% used [0x00000000ec400000,0x00000000ec7f8b68,0x00000000ec800000)
  to   space 5120K, 0% used [0x00000000ec900000,0x00000000ec900000,0x00000000ece00000)
 ParOldGen       total 68608K, used 6918K [0x00000000c0000000, 0x00000000c4300000, 0x00000000eab00000)
  object space 68608K, 10% used [0x00000000c0000000,0x00000000c06c1ad0,0x00000000c4300000)
 Metaspace       used 21115K, committed 21504K, reserved 1114112K
  class space    used 2119K, committed 2304K, reserved 1048576K
}
Event: 3.720 GC heap after
{Heap after GC invocations=6 (full 1):
 PSYoungGen      total 29696K, used 0K [0x00000000eab00000, 0x00000000ece00000, 0x0000000100000000)
  eden space 25600K, 0% used [0x00000000eab00000,0x00000000eab00000,0x00000000ec400000)
  from space 4096K, 0% used [0x00000000ec400000,0x00000000ec400000,0x00000000ec800000)
  to   space 5120K, 0% used [0x00000000ec900000,0x00000000ec900000,0x00000000ece00000)
 ParOldGen       total 68608K, used 10672K [0x00000000c0000000, 0x00000000c4300000, 0x00000000eab00000)
  object space 68608K, 15% used [0x00000000c0000000,0x00000000c0a6c298,0x00000000c4300000)
 Metaspace       used 21102K, committed 21504K, reserved 1114112K
  class space    used 2115K, committed 2304K, reserved 1048576K
}
Event: 4.275 GC heap before
{Heap before GC invocations=7 (full 1):
 PSYoungGen      total 29696K, used 25600K [0x00000000eab00000, 0x00000000ece00000, 0x0000000100000000)
  eden space 25600K, 100% used [0x00000000eab00000,0x00000000ec400000,0x00000000ec400000)
  from space 4096K, 0% used [0x00000000ec400000,0x00000000ec400000,0x00000000ec800000)
  to   space 5120K, 0% used [0x00000000ec900000,0x00000000ec900000,0x00000000ece00000)
 ParOldGen       total 68608K, used 10672K [0x00000000c0000000, 0x00000000c4300000, 0x00000000eab00000)
  object space 68608K, 15% used [0x00000000c0000000,0x00000000c0a6c298,0x00000000c4300000)
 Metaspace       used 24234K, committed 24704K, reserved 1114112K
  class space    used 2449K, committed 2624K, reserved 1048576K
}
Event: 4.279 GC heap after
{Heap after GC invocations=7 (full 1):
 PSYoungGen      total 27136K, used 1936K [0x00000000eab00000, 0x00000000ecb00000, 0x0000000100000000)
  eden space 25088K, 0% used [0x00000000eab00000,0x00000000eab00000,0x00000000ec380000)
  from space 2048K, 94% used [0x00000000ec900000,0x00000000ecae4290,0x00000000ecb00000)
  to   space 3072K, 0% used [0x00000000ec500000,0x00000000ec500000,0x00000000ec800000)
 ParOldGen       total 68608K, used 10680K [0x00000000c0000000, 0x00000000c4300000, 0x00000000eab00000)
  object space 68608K, 15% used [0x00000000c0000000,0x00000000c0a6e298,0x00000000c4300000)
 Metaspace       used 24234K, committed 24704K, reserved 1114112K
  class space    used 2449K, committed 2624K, reserved 1048576K
}
Event: 4.853 GC heap before
{Heap before GC invocations=8 (full 1):
 PSYoungGen      total 27136K, used 27024K [0x00000000eab00000, 0x00000000ecb00000, 0x0000000100000000)
  eden space 25088K, 100% used [0x00000000eab00000,0x00000000ec380000,0x00000000ec380000)
  from space 2048K, 94% used [0x00000000ec900000,0x00000000ecae4290,0x00000000ecb00000)
  to   space 3072K, 0% used [0x00000000ec500000,0x00000000ec500000,0x00000000ec800000)
 ParOldGen       total 68608K, used 10680K [0x00000000c0000000, 0x00000000c4300000, 0x00000000eab00000)
  object space 68608K, 15% used [0x00000000c0000000,0x00000000c0a6e298,0x00000000c4300000)
 Metaspace       used 27189K, committed 27776K, reserved 1114112K
  class space    used 2768K, committed 3008K, reserved 1048576K
}
Event: 4.856 GC heap after
{Heap after GC invocations=8 (full 1):
 PSYoungGen      total 28160K, used 3050K [0x00000000eab00000, 0x00000000ecb00000, 0x0000000100000000)
  eden space 25088K, 0% used [0x00000000eab00000,0x00000000eab00000,0x00000000ec380000)
  from space 3072K, 99% used [0x00000000ec500000,0x00000000ec7faaa0,0x00000000ec800000)
  to   space 2048K, 0% used [0x00000000ec900000,0x00000000ec900000,0x00000000ecb00000)
 ParOldGen       total 68608K, used 11704K [0x00000000c0000000, 0x00000000c4300000, 0x00000000eab00000)
  object space 68608K, 17% used [0x00000000c0000000,0x00000000c0b6e058,0x00000000c4300000)
 Metaspace       used 27189K, committed 27776K, reserved 1114112K
  class space    used 2768K, committed 3008K, reserved 1048576K
}

Dll operation events (9 events):
Event: 0.028 Loaded shared library c:\Users\Kiet\.vscode\extensions\redhat.java-1.30.0-win32-x64\jre\17.0.10-win32-x86_64\bin\java.dll
Event: 0.234 Loaded shared library c:\Users\Kiet\.vscode\extensions\redhat.java-1.30.0-win32-x64\jre\17.0.10-win32-x86_64\bin\zip.dll
Event: 0.240 Loaded shared library C:\Users\Kiet\.vscode\extensions\redhat.java-1.30.0-win32-x64\jre\17.0.10-win32-x86_64\bin\instrument.dll
Event: 0.260 Loaded shared library C:\Users\Kiet\.vscode\extensions\redhat.java-1.30.0-win32-x64\jre\17.0.10-win32-x86_64\bin\net.dll
Event: 0.262 Loaded shared library C:\Users\Kiet\.vscode\extensions\redhat.java-1.30.0-win32-x64\jre\17.0.10-win32-x86_64\bin\nio.dll
Event: 0.271 Loaded shared library C:\Users\Kiet\.vscode\extensions\redhat.java-1.30.0-win32-x64\jre\17.0.10-win32-x86_64\bin\zip.dll
Event: 0.291 Loaded shared library C:\Users\Kiet\.vscode\extensions\redhat.java-1.30.0-win32-x64\jre\17.0.10-win32-x86_64\bin\jimage.dll
Event: 0.389 Loaded shared library c:\Users\Kiet\.vscode\extensions\redhat.java-1.30.0-win32-x64\jre\17.0.10-win32-x86_64\bin\verify.dll
Event: 1.851 Loaded shared library C:\Users\Kiet\AppData\Roaming\Code\User\globalStorage\redhat.java\1.30.0\config_win\org.eclipse.equinox.launcher\org.eclipse.equinox.launcher.win32.win32.x86_64_1.2.900.v20240213-1244\eclipse_11900.dll

Deoptimization events (20 events):
Event: 4.551 Thread 0x000002bbe27c0810 Uncommon trap: trap_request=0xffffff45 fr.pc=0x000002bbd1a09e0c relative=0x000000000000036c
Event: 4.551 Thread 0x000002bbe27c0810 Uncommon trap: reason=unstable_if action=reinterpret pc=0x000002bbd1a09e0c method=java.lang.AbstractStringBuilder.isLatin1()Z @ 10 c2
Event: 4.551 Thread 0x000002bbe27c0810 DEOPT PACKING pc=0x000002bbd1a09e0c sp=0x000000eefe1f2850
Event: 4.551 Thread 0x000002bbe27c0810 DEOPT UNPACKING pc=0x000002bbd14a9ea3 sp=0x000000eefe1f27d0 mode 2
Event: 4.551 Thread 0x000002bbe27c0810 Uncommon trap: trap_request=0xffffff45 fr.pc=0x000002bbd1acb0dc relative=0x000000000000005c
Event: 4.551 Thread 0x000002bbe27c0810 Uncommon trap: reason=unstable_if action=reinterpret pc=0x000002bbd1acb0dc method=java.lang.AbstractStringBuilder.isLatin1()Z @ 10 c2
Event: 4.551 Thread 0x000002bbe27c0810 DEOPT PACKING pc=0x000002bbd1acb0dc sp=0x000000eefe1f2830
Event: 4.551 Thread 0x000002bbe27c0810 DEOPT UNPACKING pc=0x000002bbd14a9ea3 sp=0x000000eefe1f27c0 mode 2
Event: 4.564 Thread 0x000002bbe27c0810 Uncommon trap: trap_request=0xffffff45 fr.pc=0x000002bbd1a1e4c8 relative=0x0000000000000048
Event: 4.564 Thread 0x000002bbe27c0810 Uncommon trap: reason=unstable_if action=reinterpret pc=0x000002bbd1a1e4c8 method=java.lang.CharacterData.of(I)Ljava/lang/CharacterData; @ 4 c2
Event: 4.564 Thread 0x000002bbe27c0810 DEOPT PACKING pc=0x000002bbd1a1e4c8 sp=0x000000eefe1f2010
Event: 4.564 Thread 0x000002bbe27c0810 DEOPT UNPACKING pc=0x000002bbd14a9ea3 sp=0x000000eefe1f1fa8 mode 2
Event: 4.571 Thread 0x000002bbe27c0810 Uncommon trap: trap_request=0xffffff45 fr.pc=0x000002bbd1a138b8 relative=0x0000000000000038
Event: 4.571 Thread 0x000002bbe27c0810 Uncommon trap: reason=unstable_if action=reinterpret pc=0x000002bbd1a138b8 method=java.lang.StringLatin1.canEncode(I)Z @ 4 c2
Event: 4.571 Thread 0x000002bbe27c0810 DEOPT PACKING pc=0x000002bbd1a138b8 sp=0x000000eefe1f27d0
Event: 4.571 Thread 0x000002bbe27c0810 DEOPT UNPACKING pc=0x000002bbd14a9ea3 sp=0x000000eefe1f2760 mode 2
Event: 4.929 Thread 0x000002bbe27c0810 Uncommon trap: trap_request=0xffffff45 fr.pc=0x000002bbd1b757ec relative=0x00000000000007ac
Event: 4.929 Thread 0x000002bbe27c0810 Uncommon trap: reason=unstable_if action=reinterpret pc=0x000002bbd1b757ec method=org.lombokweb.asm.ClassReader.readUTF8(I[C)Ljava/lang/String; @ 11 c2
Event: 4.929 Thread 0x000002bbe27c0810 DEOPT PACKING pc=0x000002bbd1b757ec sp=0x000000eefe1ef4a0
Event: 4.929 Thread 0x000002bbe27c0810 DEOPT UNPACKING pc=0x000002bbd14a9ea3 sp=0x000000eefe1ef498 mode 2

Classes unloaded (7 events):
Event: 3.686 Thread 0x000002bbe09d14b0 Unloading class 0x000000010024c400 'java/lang/invoke/LambdaForm$MH+0x000000010024c400'
Event: 3.686 Thread 0x000002bbe09d14b0 Unloading class 0x000000010024c000 'java/lang/invoke/LambdaForm$MH+0x000000010024c000'
Event: 3.686 Thread 0x000002bbe09d14b0 Unloading class 0x000000010024bc00 'java/lang/invoke/LambdaForm$MH+0x000000010024bc00'
Event: 3.686 Thread 0x000002bbe09d14b0 Unloading class 0x000000010024b800 'java/lang/invoke/LambdaForm$MH+0x000000010024b800'
Event: 3.686 Thread 0x000002bbe09d14b0 Unloading class 0x000000010024b400 'java/lang/invoke/LambdaForm$BMH+0x000000010024b400'
Event: 3.686 Thread 0x000002bbe09d14b0 Unloading class 0x000000010024b000 'java/lang/invoke/LambdaForm$DMH+0x000000010024b000'
Event: 3.686 Thread 0x000002bbe09d14b0 Unloading class 0x0000000100248400 'java/lang/invoke/LambdaForm$DMH+0x0000000100248400'

Classes redefined (0 events):
No events

Internal exceptions (20 events):
Event: 3.647 Thread 0x000002bbe27c0810 Exception <a 'java/lang/NoSuchMethodError'{0x00000000eb1e70c0}: 'java.lang.Object java.lang.invoke.DelegatingMethodHandle$Holder.reinvoke_L(java.lang.Object, java.lang.Object, java.lang.Object, java.lang.Object, int, int)'> (0x00000000eb1e70c0) 
thrown [s\src\hotspot\share\interpreter\linkResolver.cpp, line 759]
Event: 3.650 Thread 0x000002bbe27c0810 Exception <a 'java/lang/NoSuchMethodError'{0x00000000eb1fbb50}: 'java.lang.Object java.lang.invoke.Invokers$Holder.invokeExact_MT(java.lang.Object, java.lang.Object, java.lang.Object, java.lang.Object)'> (0x00000000eb1fbb50) 
thrown [s\src\hotspot\share\interpreter\linkResolver.cpp, line 759]
Event: 3.789 Thread 0x000002bbe27c0810 Exception <a 'java/io/FileNotFoundException'{0x00000000eacf0eb8}> (0x00000000eacf0eb8) 
thrown [s\src\hotspot\share\prims\jni.cpp, line 516]
Event: 3.791 Thread 0x000002bbe27c0810 Exception <a 'java/io/FileNotFoundException'{0x00000000eacf8960}> (0x00000000eacf8960) 
thrown [s\src\hotspot\share\prims\jni.cpp, line 516]
Event: 3.884 Thread 0x000002bbe27c0810 Exception <a 'java/lang/NoSuchMethodError'{0x00000000eb0a9c18}: 'java.lang.Object java.lang.invoke.DirectMethodHandle$Holder.newInvokeSpecial(java.lang.Object, java.lang.Object, java.lang.Object, java.lang.Object, java.lang.Object)'> (0x00000000eb0a9c18) 
thrown [s\src\hotspot\share\interpreter\linkResolver.cpp, line 759]
Event: 3.937 Thread 0x000002bbe27c0810 Exception <a 'java/lang/NoSuchMethodError'{0x00000000eb381eb8}: 'java.lang.Object java.lang.invoke.DirectMethodHandle$Holder.invokeStaticInit(java.lang.Object, int)'> (0x00000000eb381eb8) 
thrown [s\src\hotspot\share\interpreter\linkResolver.cpp, line 759]
Event: 3.986 Thread 0x000002bbe27c0810 Exception <a 'java/lang/NoSuchMethodError'{0x00000000eb5e75f0}: 'java.lang.Object java.lang.invoke.DirectMethodHandle$Holder.invokeSpecial(java.lang.Object, java.lang.Object, java.lang.Object, long, java.lang.Object)'> (0x00000000eb5e75f0) 
thrown [s\src\hotspot\share\interpreter\linkResolver.cpp, line 759]
Event: 3.987 Thread 0x000002bbe27c0810 Exception <a 'java/lang/NoSuchMethodError'{0x00000000eb5efa10}: 'java.lang.Object java.lang.invoke.DirectMethodHandle$Holder.newInvokeSpecial(java.lang.Object, java.lang.Object, java.lang.Object, long)'> (0x00000000eb5efa10) 
thrown [s\src\hotspot\share\interpreter\linkResolver.cpp, line 759]
Event: 3.987 Thread 0x000002bbe27c0810 Exception <a 'java/lang/NoSuchMethodError'{0x00000000eb5f3fb0}: 'java.lang.Object java.lang.invoke.DirectMethodHandle$Holder.invokeSpecial(java.lang.Object, java.lang.Object, java.lang.Object, java.lang.Object, long)'> (0x00000000eb5f3fb0) 
thrown [s\src\hotspot\share\interpreter\linkResolver.cpp, line 759]
Event: 3.987 Thread 0x000002bbe27c0810 Exception <a 'java/lang/NoSuchMethodError'{0x00000000eb5f7e28}: 'java.lang.Object java.lang.invoke.Invokers$Holder.linkToTargetMethod(java.lang.Object, java.lang.Object, long, java.lang.Object)'> (0x00000000eb5f7e28) 
thrown [s\src\hotspot\share\interpreter\linkResolver.cpp, line 759]
Event: 3.995 Thread 0x000002bbe27c0810 Exception <a 'java/lang/NoSuchMethodError'{0x00000000eb67d250}: 'int java.lang.invoke.DirectMethodHandle$Holder.invokeStaticInit(java.lang.Object, java.lang.Object, java.lang.Object)'> (0x00000000eb67d250) 
thrown [s\src\hotspot\share\interpreter\linkResolver.cpp, line 759]
Event: 4.004 Thread 0x000002bbe27c0810 Exception <a 'java/lang/IncompatibleClassChangeError'{0x00000000eb71cdb8}: Found class java.lang.Object, but interface was expected> (0x00000000eb71cdb8) 
thrown [s\src\hotspot\share\interpreter\linkResolver.cpp, line 826]
Event: 4.008 Thread 0x000002bbe27c0810 Exception <a 'java/lang/NoSuchMethodError'{0x00000000eb730af0}: 'java.lang.Object java.lang.invoke.DirectMethodHandle$Holder.invokeSpecial(java.lang.Object, java.lang.Object, java.lang.Object, int, java.lang.Object, java.lang.Object)'> (0x00000000eb730af0) 
thrown [s\src\hotspot\share\interpreter\linkResolver.cpp, line 759]
Event: 4.008 Thread 0x000002bbe27c0810 Exception <a 'java/lang/NoSuchMethodError'{0x00000000eb73c2b8}: 'java.lang.Object java.lang.invoke.DirectMethodHandle$Holder.newInvokeSpecial(java.lang.Object, java.lang.Object, java.lang.Object, int, java.lang.Object)'> (0x00000000eb73c2b8) 
thrown [s\src\hotspot\share\interpreter\linkResolver.cpp, line 759]
Event: 4.009 Thread 0x000002bbe27c0810 Exception <a 'java/lang/NoSuchMethodError'{0x00000000eb740710}: 'java.lang.Object java.lang.invoke.DirectMethodHandle$Holder.invokeSpecial(java.lang.Object, java.lang.Object, java.lang.Object, java.lang.Object, int, java.lang.Object)'> (0x00000000eb740710) 
thrown [s\src\hotspot\share\interpreter\linkResolver.cpp, line 759]
Event: 4.010 Thread 0x000002bbe2242cd0 Exception <a 'java/lang/NoSuchMethodError'{0x00000000eb646e90}: 'java.lang.Object java.lang.invoke.DirectMethodHandle$Holder.invokeSpecial(java.lang.Object, java.lang.Object, int, java.lang.Object, java.lang.Object)'> (0x00000000eb646e90) 
thrown [s\src\hotspot\share\interpreter\linkResolver.cpp, line 759]
Event: 4.309 Thread 0x000002bbe27c0810 Exception <a 'java/lang/NoSuchMethodError'{0x00000000eac1a6a8}: 'java.lang.Object java.lang.invoke.Invokers$Holder.linkToTargetMethod(java.lang.Object, long, java.lang.Object, java.lang.Object)'> (0x00000000eac1a6a8) 
thrown [s\src\hotspot\share\interpreter\linkResolver.cpp, line 759]
Event: 4.466 Thread 0x000002bbe27c0810 Exception <a 'java/io/FileNotFoundException'{0x00000000eb3731b0}> (0x00000000eb3731b0) 
thrown [s\src\hotspot\share\prims\jni.cpp, line 516]
Event: 4.467 Thread 0x000002bbe27c0810 Exception <a 'java/lang/NoSuchMethodError'{0x00000000eb37c228}: 'java.lang.Object java.lang.invoke.DirectMethodHandle$Holder.newInvokeSpecial(java.lang.Object, int, java.lang.Object, java.lang.Object)'> (0x00000000eb37c228) 
thrown [s\src\hotspot\share\interpreter\linkResolver.cpp, line 759]
Event: 4.672 Thread 0x000002bbe27c0810 Exception <a 'java/lang/NoSuchMethodError'{0x00000000ebbb1d18}: 'void java.lang.invoke.DirectMethodHandle$Holder.invokeSpecial(java.lang.Object, java.lang.Object, java.lang.Object, int)'> (0x00000000ebbb1d18) 
thrown [s\src\hotspot\share\interpreter\linkResolver.cpp, line 759]

VM Operations (20 events):
Event: 3.815 Executing VM operation: HandshakeAllThreads
Event: 3.815 Executing VM operation: HandshakeAllThreads done
Event: 3.946 Executing VM operation: HandshakeAllThreads
Event: 3.946 Executing VM operation: HandshakeAllThreads done
Event: 4.024 Executing VM operation: HandshakeAllThreads
Event: 4.024 Executing VM operation: HandshakeAllThreads done
Event: 4.088 Executing VM operation: HandshakeAllThreads
Event: 4.088 Executing VM operation: HandshakeAllThreads done
Event: 4.134 Executing VM operation: HandshakeAllThreads
Event: 4.134 Executing VM operation: HandshakeAllThreads done
Event: 4.143 Executing VM operation: HandshakeAllThreads
Event: 4.143 Executing VM operation: HandshakeAllThreads done
Event: 4.275 Executing VM operation: ParallelGCFailedAllocation
Event: 4.280 Executing VM operation: ParallelGCFailedAllocation done
Event: 4.565 Executing VM operation: HandshakeAllThreads
Event: 4.565 Executing VM operation: HandshakeAllThreads done
Event: 4.726 Executing VM operation: HandshakeAllThreads
Event: 4.726 Executing VM operation: HandshakeAllThreads done
Event: 4.853 Executing VM operation: ParallelGCFailedAllocation
Event: 4.856 Executing VM operation: ParallelGCFailedAllocation done

Events (20 events):
Event: 4.839 loading class java/util/zip/GZIPInputStream
Event: 4.839 loading class java/util/zip/GZIPInputStream done
Event: 4.865 loading class java/io/StringReader
Event: 4.865 loading class java/io/StringReader done
Event: 4.872 loading class java/net/SocketTimeoutException
Event: 4.872 loading class java/io/InterruptedIOException
Event: 4.872 loading class java/io/InterruptedIOException done
Event: 4.872 loading class java/net/SocketTimeoutException done
Event: 4.872 loading class java/net/SocketException
Event: 4.872 loading class java/net/SocketException done
Event: 4.872 loading class java/net/UnknownHostException
Event: 4.873 loading class java/net/UnknownHostException done
Event: 4.873 loading class java/net/ProtocolException
Event: 4.873 loading class java/net/ProtocolException done
Event: 4.905 loading class java/lang/ThreadLocal$SuppliedThreadLocal
Event: 4.905 loading class java/lang/ThreadLocal$SuppliedThreadLocal done
Event: 4.918 loading class java/io/FileWriter
Event: 4.918 loading class java/io/FileWriter done
Event: 4.918 loading class java/lang/NegativeArraySizeException
Event: 4.918 loading class java/lang/NegativeArraySizeException done


Dynamic libraries:
0x00007ff648380000 - 0x00007ff64838e000 	c:\Users\Kiet\.vscode\extensions\redhat.java-1.30.0-win32-x64\jre\17.0.10-win32-x86_64\bin\java.exe
0x00007ffca3af0000 - 0x00007ffca3d06000 	C:\WINDOWS\SYSTEM32\ntdll.dll
0x00007ffca2d60000 - 0x00007ffca2e24000 	C:\WINDOWS\System32\KERNEL32.DLL
0x00007ffca1260000 - 0x00007ffca1607000 	C:\WINDOWS\System32\KERNELBASE.dll
0x00007ffca0f80000 - 0x00007ffca1091000 	C:\WINDOWS\System32\ucrtbase.dll
0x00007ffc8cfe0000 - 0x00007ffc8cff7000 	c:\Users\Kiet\.vscode\extensions\redhat.java-1.30.0-win32-x64\jre\17.0.10-win32-x86_64\bin\jli.dll
0x00007ffc8ddb0000 - 0x00007ffc8ddcb000 	c:\Users\Kiet\.vscode\extensions\redhat.java-1.30.0-win32-x64\jre\17.0.10-win32-x86_64\bin\VCRUNTIME140.dll
0x00007ffca1e00000 - 0x00007ffca1fae000 	C:\WINDOWS\System32\USER32.dll
0x00007ffca1750000 - 0x00007ffca1776000 	C:\WINDOWS\System32\win32u.dll
0x00007ffc87d30000 - 0x00007ffc87fc3000 	C:\WINDOWS\WinSxS\amd64_microsoft.windows.common-controls_6595b64144ccf1df_6.0.22621.3235_none_270f74e173860f98\COMCTL32.dll
0x00007ffca2170000 - 0x00007ffca2217000 	C:\WINDOWS\System32\msvcrt.dll
0x00007ffca3830000 - 0x00007ffca3859000 	C:\WINDOWS\System32\GDI32.dll
0x00007ffca10a0000 - 0x00007ffca11b9000 	C:\WINDOWS\System32\gdi32full.dll
0x00007ffca11c0000 - 0x00007ffca125a000 	C:\WINDOWS\System32\msvcp_win.dll
0x00007ffca2e90000 - 0x00007ffca2ec1000 	C:\WINDOWS\System32\IMM32.DLL
0x00007ffc9a820000 - 0x00007ffc9a82c000 	c:\Users\Kiet\.vscode\extensions\redhat.java-1.30.0-win32-x64\jre\17.0.10-win32-x86_64\bin\vcruntime140_1.dll
0x00007ffc665f0000 - 0x00007ffc6667d000 	c:\Users\Kiet\.vscode\extensions\redhat.java-1.30.0-win32-x64\jre\17.0.10-win32-x86_64\bin\msvcp140.dll
0x00007ffc0d930000 - 0x00007ffc0e592000 	c:\Users\Kiet\.vscode\extensions\redhat.java-1.30.0-win32-x64\jre\17.0.10-win32-x86_64\bin\server\jvm.dll
0x00007ffca1d30000 - 0x00007ffca1de2000 	C:\WINDOWS\System32\ADVAPI32.dll
0x00007ffca2450000 - 0x00007ffca24f8000 	C:\WINDOWS\System32\sechost.dll
0x00007ffca17f0000 - 0x00007ffca1818000 	C:\WINDOWS\System32\bcrypt.dll
0x00007ffca3490000 - 0x00007ffca35a5000 	C:\WINDOWS\System32\RPCRT4.dll
0x00007ffca0ce0000 - 0x00007ffca0d2d000 	C:\WINDOWS\SYSTEM32\POWRPROF.dll
0x00007ffc99130000 - 0x00007ffc99139000 	C:\WINDOWS\SYSTEM32\WSOCK32.dll
0x00007ffca37b0000 - 0x00007ffca3821000 	C:\WINDOWS\System32\WS2_32.dll
0x00007ffc990f0000 - 0x00007ffc99124000 	C:\WINDOWS\SYSTEM32\WINMM.dll
0x00007ffc97bf0000 - 0x00007ffc97bfa000 	C:\WINDOWS\SYSTEM32\VERSION.dll
0x00007ffca0cc0000 - 0x00007ffca0cd3000 	C:\WINDOWS\SYSTEM32\UMPDC.dll
0x00007ffc9fe50000 - 0x00007ffc9fe68000 	C:\WINDOWS\SYSTEM32\kernel.appcore.dll
0x00007ffc98d80000 - 0x00007ffc98d8a000 	c:\Users\Kiet\.vscode\extensions\redhat.java-1.30.0-win32-x64\jre\17.0.10-win32-x86_64\bin\jimage.dll
0x00007ffc9e6a0000 - 0x00007ffc9e8d3000 	C:\WINDOWS\SYSTEM32\DBGHELP.DLL
0x00007ffca3100000 - 0x00007ffca3488000 	C:\WINDOWS\System32\combase.dll
0x00007ffca2010000 - 0x00007ffca20e7000 	C:\WINDOWS\System32\OLEAUT32.dll
0x00007ffc8e710000 - 0x00007ffc8e742000 	C:\WINDOWS\SYSTEM32\dbgcore.DLL
0x00007ffca16d0000 - 0x00007ffca1749000 	C:\WINDOWS\System32\bcryptPrimitives.dll
0x00007ffc91890000 - 0x00007ffc9189e000 	c:\Users\Kiet\.vscode\extensions\redhat.java-1.30.0-win32-x64\jre\17.0.10-win32-x86_64\bin\instrument.dll
0x00007ffc88410000 - 0x00007ffc88435000 	c:\Users\Kiet\.vscode\extensions\redhat.java-1.30.0-win32-x64\jre\17.0.10-win32-x86_64\bin\java.dll
0x00007ffc81720000 - 0x00007ffc81738000 	c:\Users\Kiet\.vscode\extensions\redhat.java-1.30.0-win32-x64\jre\17.0.10-win32-x86_64\bin\zip.dll
0x00007ffca2500000 - 0x00007ffca2d5c000 	C:\WINDOWS\System32\SHELL32.dll
0x00007ffc9ed70000 - 0x00007ffc9f669000 	C:\WINDOWS\SYSTEM32\windows.storage.dll
0x00007ffc9ec30000 - 0x00007ffc9ed6e000 	C:\WINDOWS\SYSTEM32\wintypes.dll
0x00007ffca35b0000 - 0x00007ffca36a3000 	C:\WINDOWS\System32\SHCORE.dll
0x00007ffca3090000 - 0x00007ffca30ee000 	C:\WINDOWS\System32\shlwapi.dll
0x00007ffca0d40000 - 0x00007ffca0d61000 	C:\WINDOWS\SYSTEM32\profapi.dll
0x00007ffc816f0000 - 0x00007ffc81709000 	C:\Users\Kiet\.vscode\extensions\redhat.java-1.30.0-win32-x64\jre\17.0.10-win32-x86_64\bin\net.dll
0x00007ffc9aff0000 - 0x00007ffc9b126000 	C:\WINDOWS\SYSTEM32\WINHTTP.dll
0x00007ffca02c0000 - 0x00007ffca0329000 	C:\WINDOWS\system32\mswsock.dll
0x00007ffc77a60000 - 0x00007ffc77a76000 	C:\Users\Kiet\.vscode\extensions\redhat.java-1.30.0-win32-x64\jre\17.0.10-win32-x86_64\bin\nio.dll
0x00007ffc91820000 - 0x00007ffc91830000 	c:\Users\Kiet\.vscode\extensions\redhat.java-1.30.0-win32-x64\jre\17.0.10-win32-x86_64\bin\verify.dll
0x00007ffc69190000 - 0x00007ffc691ce000 	C:\Users\Kiet\AppData\Roaming\Code\User\globalStorage\redhat.java\1.30.0\config_win\org.eclipse.equinox.launcher\org.eclipse.equinox.launcher.win32.win32.x86_64_1.2.900.v20240213-1244\eclipse_11900.dll
0x00007ffca22a0000 - 0x00007ffca2445000 	C:\WINDOWS\System32\ole32.dll

dbghelp: loaded successfully - version: 4.0.5 - missing functions: none
symbol engine: initialized successfully - sym options: 0x614 - pdb path: .;c:\Users\Kiet\.vscode\extensions\redhat.java-1.30.0-win32-x64\jre\17.0.10-win32-x86_64\bin;C:\WINDOWS\SYSTEM32;C:\WINDOWS\WinSxS\amd64_microsoft.windows.common-controls_6595b64144ccf1df_6.0.22621.3235_none_270f74e173860f98;c:\Users\Kiet\.vscode\extensions\redhat.java-1.30.0-win32-x64\jre\17.0.10-win32-x86_64\bin\server;C:\Users\Kiet\AppData\Roaming\Code\User\globalStorage\redhat.java\1.30.0\config_win\org.eclipse.equinox.launcher\org.eclipse.equinox.launcher.win32.win32.x86_64_1.2.900.v20240213-1244

VM Arguments:
jvm_args: --add-modules=ALL-SYSTEM --add-opens=java.base/java.util=ALL-UNNAMED --add-opens=java.base/java.lang=ALL-UNNAMED --add-opens=java.base/sun.nio.fs=ALL-UNNAMED -Declipse.application=org.eclipse.jdt.ls.core.id1 -Dosgi.bundles.defaultStartLevel=4 -Declipse.product=org.eclipse.jdt.ls.core.product -Djava.import.generatesMetadataFilesAtProjectRoot=false -DDetectVMInstallationsJob.disabled=true -Dfile.encoding=utf8 -XX:+UseParallelGC -XX:GCTimeRatio=4 -XX:AdaptiveSizePolicyWeight=90 -Dsun.zip.disableMemoryMapping=true -Xmx1G -Xms100m -Xlog:disable -javaagent:c:\Users\Kiet\.vscode\extensions\redhat.java-1.30.0-win32-x64\lombok\lombok-1.18.32.jar -XX:+HeapDumpOnOutOfMemoryError -XX:HeapDumpPath=c:\Users\Kiet\AppData\Roaming\Code\User\workspaceStorage\b3b38d78d4b70df6aa0616a4b888d3ad\redhat.java -Daether.dependencyCollector.impl=bf 
java_command: c:\Users\Kiet\.vscode\extensions\redhat.java-1.30.0-win32-x64\server\plugins\org.eclipse.equinox.launcher_1.6.800.v20240330-1250.jar -configuration c:\Users\Kiet\AppData\Roaming\Code\User\globalStorage\redhat.java\1.30.0\config_win -data c:\Users\Kiet\AppData\Roaming\Code\User\workspaceStorage\b3b38d78d4b70df6aa0616a4b888d3ad\redhat.java\jdt_ws --pipe=\\.\pipe\lsp-b586d771f9e0229a9418a1600fb979ef-sock
java_class_path (initial): c:\Users\Kiet\.vscode\extensions\redhat.java-1.30.0-win32-x64\server\plugins\org.eclipse.equinox.launcher_1.6.800.v20240330-1250.jar
Launcher Type: SUN_STANDARD

[Global flags]
    uintx AdaptiveSizePolicyWeight                 = 90                                        {product} {command line}
     intx CICompilerCount                          = 4                                         {product} {ergonomic}
    uintx GCTimeRatio                              = 4                                         {product} {command line}
     bool HeapDumpOnOutOfMemoryError               = true                                   {manageable} {command line}
    ccstr HeapDumpPath                             = c:\Users\Kiet\AppData\Roaming\Code\User\workspaceStorage\b3b38d78d4b70df6aa0616a4b888d3ad\redhat.java         {manageable} {command line}
   size_t InitialHeapSize                          = 104857600                                 {product} {command line}
   size_t MaxHeapSize                              = 1073741824                                {product} {command line}
   size_t MaxNewSize                               = 357564416                                 {product} {ergonomic}
   size_t MinHeapDeltaBytes                        = 524288                                    {product} {ergonomic}
   size_t MinHeapSize                              = 104857600                                 {product} {command line}
   size_t NewSize                                  = 34603008                                  {product} {ergonomic}
    uintx NonNMethodCodeHeapSize                   = 5839372                                {pd product} {ergonomic}
    uintx NonProfiledCodeHeapSize                  = 122909434                              {pd product} {ergonomic}
   size_t OldSize                                  = 70254592                                  {product} {ergonomic}
    uintx ProfiledCodeHeapSize                     = 122909434                              {pd product} {ergonomic}
    uintx ReservedCodeCacheSize                    = 251658240                              {pd product} {ergonomic}
     bool SegmentedCodeCache                       = true                                      {product} {ergonomic}
   size_t SoftMaxHeapSize                          = 1073741824                             {manageable} {ergonomic}
     bool UseCompressedClassPointers               = true                           {product lp64_product} {ergonomic}
     bool UseCompressedOops                        = true                           {product lp64_product} {ergonomic}
     bool UseLargePagesIndividualAllocation        = false                                  {pd product} {ergonomic}
     bool UseParallelGC                            = true                                      {product} {command line}

Logging:
Log output configuration:
 #0: stdout all=off uptime,level,tags
 #1: stderr all=off uptime,level,tags

Environment Variables:
PATH=C:\Program Files\Common Files\Oracle\Java\javapath;C:\Program Files (x86)\Common Files\Oracle\Java\javapath;C:\WINDOWS\system32;C:\WINDOWS;C:\WINDOWS\System32\Wbem;C:\WINDOWS\System32\WindowsPowerShell\v1.0\;C:\WINDOWS\System32\OpenSSH\;C:\Program Files\dotnet\;C:\Program Files\Common Files\Oracle\Java\javapath;C:\Program Files\Java\jdk-11\bin;C:\Program Files (x86)\Microsoft SQL Server\160\Tools\Binn\;C:\Program Files\Microsoft SQL Server\160\Tools\Binn\;C:\Program Files\Microsoft SQL Server\Client SDK\ODBC\170\Tools\Binn\;C:\Program Files\Microsoft SQL Server\160\DTS\Binn\;C:\Program Files (x86)\Microsoft SQL Server\160\DTS\Binn\;C:\Program Files\Azure Data Studio\bin;C:\Program Files\apache-maven-3.9.6\bin;C:\Program Files\Git\cmd;C:\Program Files\nodejs\;C:\Program Files\Java\jdk-21\bin;C:\Users\Kiet\AppData\Local\Microsoft\WindowsApps;C:\Users\Kiet\AppData\Local\Programs\Microsoft VS Code\bin;C:\Users\Kiet\AppData\Local\GitHubDesktop\bin;C:\Users\Kiet\.dotnet\tools;C:\Program Files\Azure Data Studio\bin;C:\Users\Kiet\AppData\Roaming\npm
USERNAME=Kiet
OS=Windows_NT
PROCESSOR_IDENTIFIER=Intel64 Family 6 Model 126 Stepping 5, GenuineIntel
TMP=C:\Users\Kiet\AppData\Local\Temp
TEMP=C:\Users\Kiet\AppData\Local\Temp



Periodic native trim disabled


---------------  S Y S T E M  ---------------

OS:
 Windows 11 , 64 bit Build 22621 (10.0.22621.3374)
OS uptime: 0 days 2:36 hours

CPU: total 8 (initial active 8) (4 cores per cpu, 2 threads per core) family 6 model 126 stepping 5 microcode 0xa6, cx8, cmov, fxsr, ht, mmx, 3dnowpref, sse, sse2, sse3, ssse3, sse4.1, sse4.2, popcnt, lzcnt, tsc, tscinvbit, avx, avx2, aes, erms, clmul, bmi1, bmi2, adx, avx512f, avx512dq, avx512cd, avx512bw, avx512vl, sha, fma, vzeroupper, avx512_vpopcntdq, avx512_vpclmulqdq, avx512_vaes, avx512_vnni, clflush, clflushopt, avx512_vbmi2, avx512_vbmi
Processor Information for all 8 processors :
  Max Mhz: 1190, Current Mhz: 991, Mhz Limit: 987

Memory: 4k page, system-wide physical 7987M (1349M free)
TotalPageFile size 10035M (AvailPageFile size 0M)
current process WorkingSet (physical memory assigned to process): 131M, peak: 131M
current process commit charge ("private bytes"): 233M, peak: 233M

vm_info: OpenJDK 64-Bit Server VM (17.0.10+7) for windows-amd64 JRE (17.0.10+7), built on Jan 16 2024 23:25:11 by "admin" with MS VC++ 16.10 / 16.11 (VS2019)

END.
