#
# There is insufficient memory for the Java Runtime Environment to continue.
# Native memory allocation (malloc) failed to allocate 1821616 bytes for Chunk::new
# Possible reasons:
#   The system is out of physical RAM or swap space
#   The process is running with CompressedOops enabled, and the Java Heap may be blocking the growth of the native heap
# Possible solutions:
#   Reduce memory load on the system
#   Increase physical memory or swap space
#   Check if swap backing store is full
#   Decrease Java heap size (-Xmx/-Xms)
#   Decrease number of Java threads
#   Decrease Java thread stack sizes (-Xss)
#   Set larger code cache with -XX:ReservedCodeCacheSize=
#   JVM is running with Unscaled Compressed Oops mode in which the Java heap is
#     placed in the first 4GB address space. The Java Heap base address is the
#     maximum limit for the native heap growth. Please use -XX:HeapBaseMinAddress
#     to set the Java Heap base and to place the Java Heap above 4GB virtual address.
# This output file may be truncated or incomplete.
#
#  Out of Memory Error (arena.cpp:191), pid=15828, tid=10828
#
# JRE version: OpenJDK Runtime Environment Temurin-17.0.10+7 (17.0.10+7) (build 17.0.10+7)
# Java VM: OpenJDK 64-Bit Server VM Temurin-17.0.10+7 (17.0.10+7, mixed mode, tiered, compressed oops, compressed class ptrs, parallel gc, windows-amd64)
# No core dump will be written. Minidumps are not enabled by default on client versions of Windows
#

---------------  S U M M A R Y ------------

Command Line: --add-modules=ALL-SYSTEM --add-opens=java.base/java.util=ALL-UNNAMED --add-opens=java.base/java.lang=ALL-UNNAMED --add-opens=java.base/sun.nio.fs=ALL-UNNAMED -Declipse.application=org.eclipse.jdt.ls.core.id1 -Dosgi.bundles.defaultStartLevel=4 -Declipse.product=org.eclipse.jdt.ls.core.product -Djava.import.generatesMetadataFilesAtProjectRoot=false -DDetectVMInstallationsJob.disabled=true -Dfile.encoding=utf8 -XX:+UseParallelGC -XX:GCTimeRatio=4 -XX:AdaptiveSizePolicyWeight=90 -Dsun.zip.disableMemoryMapping=true -Xmx1G -Xms100m -Xlog:disable -javaagent:c:\Users\Kiet\.vscode\extensions\redhat.java-1.28.1-win32-x64\lombok\lombok-1.18.31.jar -XX:+HeapDumpOnOutOfMemoryError -XX:HeapDumpPath=c:\Users\Kiet\AppData\Roaming\Code\User\workspaceStorage\794778fa6a47f198356234ad77415c6f\redhat.java -Daether.dependencyCollector.impl=bf c:\Users\Kiet\.vscode\extensions\redhat.java-1.28.1-win32-x64\server\plugins\org.eclipse.equinox.launcher_1.6.700.v20231214-2017.jar -configuration c:\Users\Kiet\AppData\Roaming\Code\User\globalStorage\redhat.java\1.28.1\config_win -data c:\Users\Kiet\AppData\Roaming\Code\User\workspaceStorage\794778fa6a47f198356234ad77415c6f\redhat.java\jdt_ws --stdio

Host: Intel(R) Core(TM) i5-1035G1 CPU @ 1.00GHz, 8 cores, 7G,  Windows 11 , 64 bit Build 22621 (10.0.22621.3085)
Time: Wed Mar 13 21:51:29 2024 SE Asia Standard Time elapsed time: 7.554976 seconds (0d 0h 0m 7s)

---------------  T H R E A D  ---------------

Current thread (0x000001586c2ae240):  JavaThread "C2 CompilerThread1" daemon [_thread_in_native, id=10828, stack(0x0000000135400000,0x0000000135500000)]


Current CompileTask:
C2:   7555 4433       4       org.eclipse.osgi.internal.loader.BundleLoader::addExportedProvidersFor (167 bytes)

Stack: [0x0000000135400000,0x0000000135500000]
Native frames: (J=compiled Java code, j=interpreted, Vv=VM code, C=native code)
V  [jvm.dll+0x67d2c9]
V  [jvm.dll+0x834afa]
V  [jvm.dll+0x8365be]
V  [jvm.dll+0x836c23]
V  [jvm.dll+0x2477ff]
V  [jvm.dll+0xac514]
V  [jvm.dll+0xacb5c]
V  [jvm.dll+0x366782]
V  [jvm.dll+0x330bfa]
V  [jvm.dll+0x33009a]
V  [jvm.dll+0x219ef1]
V  [jvm.dll+0x219311]
V  [jvm.dll+0x1a502d]
V  [jvm.dll+0x2290de]
V  [jvm.dll+0x2272ac]
V  [jvm.dll+0x7e9bb7]
V  [jvm.dll+0x7e3fba]
V  [jvm.dll+0x67c1b5]
C  [ucrtbase.dll+0x29363]
C  [KERNEL32.DLL+0x1257d]
C  [ntdll.dll+0x5aa58]


---------------  P R O C E S S  ---------------

Threads class SMR info:
_java_thread_list=0x000001586e4b5a40, length=29, elements={
0x000001581118f040, 0x00000158651f2020, 0x00000158651f42a0, 0x000001586a179f60,
0x000001586a17a930, 0x000001586a17b4f0, 0x000001586a17c8f0, 0x000001586a17d890,
0x000001586a1915c0, 0x000001586a1a2fb0, 0x00000158111f2500, 0x000001586b309830,
0x000001586bb6c850, 0x000001586bd0bb40, 0x000001586bd2d810, 0x000001586c355d60,
0x000001586c27d080, 0x000001586c152ad0, 0x000001586c141700, 0x000001586c2ae240,
0x000001586c142120, 0x000001586c1402c0, 0x000001586c143050, 0x000001586c847390,
0x000001586c1411f0, 0x000001586c141c10, 0x000001586c142b40, 0x000001586c1407d0,
0x000001586c140ce0
}
_to_delete_list=0x000001586d54dcc0, length=28, elements={
0x000001581118f040, 0x00000158651f2020, 0x00000158651f42a0, 0x000001586a179f60,
0x000001586a17a930, 0x000001586a17b4f0, 0x000001586a17c8f0, 0x000001586a17d890,
0x000001586a1915c0, 0x000001586a1a2fb0, 0x00000158111f2500, 0x000001586b309830,
0x000001586bb6c850, 0x000001586bd0bb40, 0x000001586bd2d810, 0x000001586c355d60,
0x000001586c27d080, 0x000001586c152ad0, 0x000001586c141700, 0x000001586c2ae240,
0x000001586c142120, 0x000001586c1402c0, 0x000001586c143050, 0x000001586c847390,
0x000001586c1411f0, 0x000001586c141c10, 0x000001586c142b40, 0x000001586c1407d0
}

Java Threads: ( => current thread )
  0x000001581118f040 JavaThread "main" [_thread_in_native, id=13708, stack(0x0000000134500000,0x0000000134600000)]
  0x00000158651f2020 JavaThread "Reference Handler" daemon [_thread_blocked, id=9208, stack(0x0000000134800000,0x0000000134900000)]
  0x00000158651f42a0 JavaThread "Finalizer" daemon [_thread_blocked, id=19184, stack(0x0000000134900000,0x0000000134a00000)]
  0x000001586a179f60 JavaThread "Signal Dispatcher" daemon [_thread_blocked, id=15112, stack(0x0000000134a00000,0x0000000134b00000)]
  0x000001586a17a930 JavaThread "Attach Listener" daemon [_thread_blocked, id=20444, stack(0x0000000134b00000,0x0000000134c00000)]
  0x000001586a17b4f0 JavaThread "Service Thread" daemon [_thread_blocked, id=18992, stack(0x0000000134c00000,0x0000000134d00000)]
  0x000001586a17c8f0 JavaThread "Monitor Deflation Thread" daemon [_thread_blocked, id=15764, stack(0x0000000134d00000,0x0000000134e00000)]
  0x000001586a17d890 JavaThread "C2 CompilerThread0" daemon [_thread_in_native, id=9252, stack(0x0000000134e00000,0x0000000134f00000)]
  0x000001586a1915c0 JavaThread "C1 CompilerThread0" daemon [_thread_blocked, id=1360, stack(0x0000000134f00000,0x0000000135000000)]
  0x000001586a1a2fb0 JavaThread "Sweeper thread" daemon [_thread_blocked, id=4440, stack(0x0000000135000000,0x0000000135100000)]
  0x00000158111f2500 JavaThread "Common-Cleaner" daemon [_thread_blocked, id=19260, stack(0x0000000135100000,0x0000000135200000)]
  0x000001586b309830 JavaThread "Notification Thread" daemon [_thread_blocked, id=5996, stack(0x0000000135200000,0x0000000135300000)]
  0x000001586bb6c850 JavaThread "Active Thread: Equinox Container: 237f0f39-4693-446a-b219-302bac0ffcee" [_thread_blocked, id=9696, stack(0x0000000135c00000,0x0000000135d00000)]
  0x000001586bd0bb40 JavaThread "Framework Event Dispatcher: Equinox Container: 237f0f39-4693-446a-b219-302bac0ffcee" daemon [_thread_blocked, id=18716, stack(0x0000000135d00000,0x0000000135e00000)]
  0x000001586bd2d810 JavaThread "Start Level: Equinox Container: 237f0f39-4693-446a-b219-302bac0ffcee" daemon [_thread_blocked, id=12280, stack(0x0000000135e00000,0x0000000135f00000)]
  0x000001586c355d60 JavaThread "Bundle File Closer" daemon [_thread_blocked, id=18796, stack(0x0000000136000000,0x0000000136100000)]
  0x000001586c27d080 JavaThread "SCR Component Actor" daemon [_thread_blocked, id=18600, stack(0x0000000136100000,0x0000000136200000)]
  0x000001586c152ad0 JavaThread "SCR Component Registry" daemon [_thread_blocked, id=20420, stack(0x0000000135b00000,0x0000000135c00000)]
  0x000001586c141700 JavaThread "Worker-JM" [_thread_blocked, id=20388, stack(0x0000000136200000,0x0000000136300000)]
=>0x000001586c2ae240 JavaThread "C2 CompilerThread1" daemon [_thread_in_native, id=10828, stack(0x0000000135400000,0x0000000135500000)]
  0x000001586c142120 JavaThread "Worker-0" [_thread_blocked, id=13640, stack(0x0000000136400000,0x0000000136500000)]
  0x000001586c1402c0 JavaThread "Worker-1: Refreshing workspace" [_thread_in_native, id=17540, stack(0x0000000136500000,0x0000000136600000)]
  0x000001586c143050 JavaThread "Worker-2: Updating Maven Dependencies" [_thread_blocked, id=9620, stack(0x0000000136600000,0x0000000136700000)]
  0x000001586c847390 JavaThread "C2 CompilerThread2" daemon [_thread_in_native, id=9556, stack(0x0000000136300000,0x0000000136400000)]
  0x000001586c1411f0 JavaThread "Java indexing" daemon [_thread_blocked, id=3512, stack(0x0000000136700000,0x0000000136800000)]
  0x000001586c141c10 JavaThread "Worker-3: Repository registry initialization" [_thread_in_Java, id=8536, stack(0x0000000136800000,0x0000000136900000)]
  0x000001586c142b40 JavaThread "Worker-4" [_thread_blocked, id=15884, stack(0x0000000136900000,0x0000000136a00000)]
  0x000001586c1407d0 JavaThread "JNA Cleaner" daemon [_thread_blocked, id=16332, stack(0x0000000136a00000,0x0000000136b00000)]
  0x000001586c140ce0 JavaThread "pool-2-thread-1" [_thread_blocked, id=10640, stack(0x0000000136b00000,0x0000000136c00000)]

Other Threads:
  0x000001586a1514b0 VMThread "VM Thread" [stack: 0x0000000134700000,0x0000000134800000] [id=12072]
  0x000001586b309d10 WatcherThread [stack: 0x0000000135300000,0x0000000135400000] [id=13620]
  0x00000158111a2520 GCTaskThread "GC Thread#0" [stack: 0x0000000134600000,0x0000000134700000] [id=9648]
  0x000001586b8eb890 GCTaskThread "GC Thread#1" [stack: 0x0000000135500000,0x0000000135600000] [id=16324]
  0x000001586b8ebd60 GCTaskThread "GC Thread#2" [stack: 0x0000000135600000,0x0000000135700000] [id=17832]
  0x000001586ba66c00 GCTaskThread "GC Thread#3" [stack: 0x0000000135700000,0x0000000135800000] [id=20264]
  0x000001586ba66ec0 GCTaskThread "GC Thread#4" [stack: 0x0000000135800000,0x0000000135900000] [id=13712]
  0x000001586ba67180 GCTaskThread "GC Thread#5" [stack: 0x0000000135900000,0x0000000135a00000] [id=19992]
  0x000001586ba67850 GCTaskThread "GC Thread#6" [stack: 0x0000000135a00000,0x0000000135b00000] [id=13464]
  0x000001586bcb5fd0 GCTaskThread "GC Thread#7" [stack: 0x0000000135f00000,0x0000000136000000] [id=6136]

Threads with active compile tasks:
C2 CompilerThread0     7580 4511   !   4       org.eclipse.osgi.internal.loader.classpath.ClasspathManager::findLocalClass (210 bytes)
C2 CompilerThread1     7580 4433       4       org.eclipse.osgi.internal.loader.BundleLoader::addExportedProvidersFor (167 bytes)
C2 CompilerThread2     7580 4607       4       org.eclipse.osgi.internal.loader.ModuleClassLoader::toString (80 bytes)

VM state: not at safepoint (normal execution)

VM Mutex/Monitor currently owned by a thread: None

Heap address: 0x00000000c0000000, size: 1024 MB, Compressed Oops mode: 32-bit

CDS archive(s) not mapped
Compressed class space mapped at: 0x0000015825000000-0x0000015865000000, reserved size: 1073741824
Narrow klass base: 0x0000015825000000, Narrow klass shift: 0, Narrow klass range: 0x40000000

GC Precious Log:
 CPUs: 8 total, 8 available
 Memory: 7987M
 Large Page Support: Disabled
 NUMA Support: Disabled
 Compressed Oops: Enabled (32-bit)
 Alignments: Space 512K, Generation 512K, Heap 2M
 Heap Min Capacity: 100M
 Heap Initial Capacity: 100M
 Heap Max Capacity: 1G
 Pre-touch: Disabled
 Parallel Workers: 8

Heap:
 PSYoungGen      total 23552K, used 15581K [0x00000000eab00000, 0x00000000ec700000, 0x0000000100000000)
  eden space 22016K, 67% used [0x00000000eab00000,0x00000000eb979cd8,0x00000000ec080000)
  from space 1536K, 49% used [0x00000000ec480000,0x00000000ec53d9e0,0x00000000ec600000)
  to   space 1024K, 0% used [0x00000000ec600000,0x00000000ec600000,0x00000000ec700000)
 ParOldGen       total 68608K, used 16303K [0x00000000c0000000, 0x00000000c4300000, 0x00000000eab00000)
  object space 68608K, 23% used [0x00000000c0000000,0x00000000c0febe20,0x00000000c4300000)
 Metaspace       used 41122K, committed 41920K, reserved 1114112K
  class space    used 4239K, committed 4608K, reserved 1048576K

Card table byte_map: [0x0000015810b50000,0x0000015810d60000] _byte_map_base: 0x0000015810550000

Marking Bits: (ParMarkBitMap*) 0x00007ff8af2ed7d0
 Begin Bits: [0x0000015822e20000, 0x0000015823e20000)
 End Bits:   [0x0000015823e20000, 0x0000015824e20000)

Polling page: 0x0000015810940000

Metaspace:

Usage:
  Non-class:     36.02 MB used.
      Class:      4.14 MB used.
       Both:     40.16 MB used.

Virtual space:
  Non-class space:       64.00 MB reserved,      36.44 MB ( 57%) committed,  1 nodes.
      Class space:        1.00 GB reserved,       4.50 MB ( <1%) committed,  1 nodes.
             Both:        1.06 GB reserved,      40.94 MB (  4%) committed. 

Chunk freelists:
   Non-Class:  11.19 MB
       Class:  11.39 MB
        Both:  22.58 MB

MaxMetaspaceSize: unlimited
CompressedClassSpaceSize: 1.00 GB
Initial GC threshold: 21.00 MB
Current GC threshold: 58.38 MB
CDS: off
MetaspaceReclaimPolicy: balanced
 - commit_granule_bytes: 65536.
 - commit_granule_words: 8192.
 - virtual_space_node_default_size: 8388608.
 - enlarge_chunks_in_place: 1.
 - new_chunks_are_fully_committed: 0.
 - uncommit_free_chunks: 1.
 - use_allocation_guard: 0.
 - handle_deallocations: 1.


Internal statistics:

num_allocs_failed_limit: 6.
num_arena_births: 442.
num_arena_deaths: 28.
num_vsnodes_births: 2.
num_vsnodes_deaths: 0.
num_space_committed: 655.
num_space_uncommitted: 0.
num_chunks_returned_to_freelist: 34.
num_chunks_taken_from_freelist: 1861.
num_chunk_merges: 16.
num_chunk_splits: 1168.
num_chunks_enlarged: 736.
num_inconsistent_stats: 0.

CodeHeap 'non-profiled nmethods': size=120000Kb used=2407Kb max_used=2407Kb free=117592Kb
 bounds [0x000001581b8f0000, 0x000001581bb60000, 0x0000015822e20000]
CodeHeap 'profiled nmethods': size=120000Kb used=9812Kb max_used=9812Kb free=110187Kb
 bounds [0x0000015813e20000, 0x00000158147c0000, 0x000001581b350000]
CodeHeap 'non-nmethods': size=5760Kb used=1281Kb max_used=1350Kb free=4479Kb
 bounds [0x000001581b350000, 0x000001581b5c0000, 0x000001581b8f0000]
 total_blobs=5200 nmethods=4608 adapters=506
 compilation: enabled
              stopped_count=0, restarted_count=0
 full_count=0

Compilation events (20 events):
Event: 7.497 Thread 0x000001586a1915c0 nmethod 4599 0x00000158147af090 code [0x00000158147af240, 0x00000158147af4e8]
Event: 7.498 Thread 0x000001586a1915c0 4600       3       java.net.URLConnection::checkConnected (19 bytes)
Event: 7.498 Thread 0x000001586a1915c0 nmethod 4600 0x00000158147af610 code [0x00000158147af7c0, 0x00000158147af9e8]
Event: 7.498 Thread 0x000001586a1915c0 4601       3       jdk.internal.loader.AbstractClassLoaderValue$Sub::equals (55 bytes)
Event: 7.499 Thread 0x000001586a1915c0 nmethod 4601 0x00000158147afb10 code [0x00000158147afd00, 0x00000158147b0478]
Event: 7.499 Thread 0x000001586a1915c0 4602       3       com.google.common.base.Preconditions::checkArgument (25 bytes)
Event: 7.500 Thread 0x000001586a1915c0 nmethod 4602 0x00000158147b0610 code [0x00000158147b07e0, 0x00000158147b0bd8]
Event: 7.500 Thread 0x000001586c847390 4603       4       org.eclipse.osgi.internal.loader.ModuleClassLoader::loadClass (36 bytes)
Event: 7.501 Thread 0x000001586a1915c0 4604       3       com.google.common.cache.LocalCache$WeakEntry::getKey (5 bytes)
Event: 7.501 Thread 0x000001586a1915c0 nmethod 4604 0x00000158147b0d10 code [0x00000158147b0ea0, 0x00000158147b1058]
Event: 7.503 Thread 0x000001586a1915c0 4605       3       com.google.inject.Key::<init> (29 bytes)
Event: 7.503 Thread 0x000001586a1915c0 nmethod 4605 0x00000158147b1110 code [0x00000158147b12e0, 0x00000158147b1708]
Event: 7.504 Thread 0x000001586a1915c0 4606       3       com.google.inject.internal.UntargettedBindingImpl::<init> (8 bytes)
Event: 7.505 Thread 0x000001586a1915c0 nmethod 4606 0x00000158147b1910 code [0x00000158147b1ac0, 0x00000158147b1cf8]
Event: 7.513 Thread 0x000001586c847390 nmethod 4603 0x000001581bb49710 code [0x000001581bb498c0, 0x000001581bb49ad8]
Event: 7.538 Thread 0x000001586c847390 4607       4       org.eclipse.osgi.internal.loader.ModuleClassLoader::toString (80 bytes)
Event: 7.548 Thread 0x000001586a1915c0 4609       3       com.google.inject.spi.Elements$RecordingBinder::getElementSource (136 bytes)
Event: 7.549 Thread 0x000001586a1915c0 nmethod 4609 0x00000158147b1e10 code [0x00000158147b2060, 0x00000158147b2a68]
Event: 7.549 Thread 0x000001586a1915c0 4610       3       com.google.inject.spi.ElementSource::<init> (47 bytes)
Event: 7.550 Thread 0x000001586a1915c0 nmethod 4610 0x00000158147b2d90 code [0x00000158147b2fa0, 0x00000158147b3618]

GC Heap History (20 events):
Event: 3.887 GC heap before
{Heap before GC invocations=6 (full 1):
 PSYoungGen      total 29696K, used 4071K [0x00000000eab00000, 0x00000000ece00000, 0x0000000100000000)
  eden space 25600K, 0% used [0x00000000eab00000,0x00000000eab00000,0x00000000ec400000)
  from space 4096K, 99% used [0x00000000ec400000,0x00000000ec7f9f68,0x00000000ec800000)
  to   space 5120K, 0% used [0x00000000ec900000,0x00000000ec900000,0x00000000ece00000)
 ParOldGen       total 68608K, used 6759K [0x00000000c0000000, 0x00000000c4300000, 0x00000000eab00000)
  object space 68608K, 9% used [0x00000000c0000000,0x00000000c0699db8,0x00000000c4300000)
 Metaspace       used 21033K, committed 21504K, reserved 1114112K
  class space    used 2118K, committed 2368K, reserved 1048576K
}
Event: 3.926 GC heap after
{Heap after GC invocations=6 (full 1):
 PSYoungGen      total 29696K, used 0K [0x00000000eab00000, 0x00000000ece00000, 0x0000000100000000)
  eden space 25600K, 0% used [0x00000000eab00000,0x00000000eab00000,0x00000000ec400000)
  from space 4096K, 0% used [0x00000000ec400000,0x00000000ec400000,0x00000000ec800000)
  to   space 5120K, 0% used [0x00000000ec900000,0x00000000ec900000,0x00000000ece00000)
 ParOldGen       total 68608K, used 10459K [0x00000000c0000000, 0x00000000c4300000, 0x00000000eab00000)
  object space 68608K, 15% used [0x00000000c0000000,0x00000000c0a36cf0,0x00000000c4300000)
 Metaspace       used 21020K, committed 21504K, reserved 1114112K
  class space    used 2115K, committed 2368K, reserved 1048576K
}
Event: 4.405 GC heap before
{Heap before GC invocations=7 (full 1):
 PSYoungGen      total 29696K, used 25600K [0x00000000eab00000, 0x00000000ece00000, 0x0000000100000000)
  eden space 25600K, 100% used [0x00000000eab00000,0x00000000ec400000,0x00000000ec400000)
  from space 4096K, 0% used [0x00000000ec400000,0x00000000ec400000,0x00000000ec800000)
  to   space 5120K, 0% used [0x00000000ec900000,0x00000000ec900000,0x00000000ece00000)
 ParOldGen       total 68608K, used 10459K [0x00000000c0000000, 0x00000000c4300000, 0x00000000eab00000)
  object space 68608K, 15% used [0x00000000c0000000,0x00000000c0a36cf0,0x00000000c4300000)
 Metaspace       used 24287K, committed 24832K, reserved 1114112K
  class space    used 2461K, committed 2688K, reserved 1048576K
}
Event: 4.408 GC heap after
{Heap after GC invocations=7 (full 1):
 PSYoungGen      total 27136K, used 1680K [0x00000000eab00000, 0x00000000ecb00000, 0x0000000100000000)
  eden space 25088K, 0% used [0x00000000eab00000,0x00000000eab00000,0x00000000ec380000)
  from space 2048K, 82% used [0x00000000ec900000,0x00000000ecaa40a8,0x00000000ecb00000)
  to   space 3072K, 0% used [0x00000000ec500000,0x00000000ec500000,0x00000000ec800000)
 ParOldGen       total 68608K, used 10467K [0x00000000c0000000, 0x00000000c4300000, 0x00000000eab00000)
  object space 68608K, 15% used [0x00000000c0000000,0x00000000c0a38cf0,0x00000000c4300000)
 Metaspace       used 24287K, committed 24832K, reserved 1114112K
  class space    used 2461K, committed 2688K, reserved 1048576K
}
Event: 4.835 GC heap before
{Heap before GC invocations=8 (full 1):
 PSYoungGen      total 27136K, used 26768K [0x00000000eab00000, 0x00000000ecb00000, 0x0000000100000000)
  eden space 25088K, 100% used [0x00000000eab00000,0x00000000ec380000,0x00000000ec380000)
  from space 2048K, 82% used [0x00000000ec900000,0x00000000ecaa40a8,0x00000000ecb00000)
  to   space 3072K, 0% used [0x00000000ec500000,0x00000000ec500000,0x00000000ec800000)
 ParOldGen       total 68608K, used 10467K [0x00000000c0000000, 0x00000000c4300000, 0x00000000eab00000)
  object space 68608K, 15% used [0x00000000c0000000,0x00000000c0a38cf0,0x00000000c4300000)
 Metaspace       used 27098K, committed 27648K, reserved 1114112K
  class space    used 2773K, committed 3008K, reserved 1048576K
}
Event: 4.837 GC heap after
{Heap after GC invocations=8 (full 1):
 PSYoungGen      total 27648K, used 3068K [0x00000000eab00000, 0x00000000ecc00000, 0x0000000100000000)
  eden space 24576K, 0% used [0x00000000eab00000,0x00000000eab00000,0x00000000ec300000)
  from space 3072K, 99% used [0x00000000ec500000,0x00000000ec7ff308,0x00000000ec800000)
  to   space 4096K, 0% used [0x00000000ec800000,0x00000000ec800000,0x00000000ecc00000)
 ParOldGen       total 68608K, used 11116K [0x00000000c0000000, 0x00000000c4300000, 0x00000000eab00000)
  object space 68608K, 16% used [0x00000000c0000000,0x00000000c0adb070,0x00000000c4300000)
 Metaspace       used 27098K, committed 27648K, reserved 1114112K
  class space    used 2773K, committed 3008K, reserved 1048576K
}
Event: 5.017 GC heap before
{Heap before GC invocations=9 (full 1):
 PSYoungGen      total 27648K, used 27644K [0x00000000eab00000, 0x00000000ecc00000, 0x0000000100000000)
  eden space 24576K, 100% used [0x00000000eab00000,0x00000000ec300000,0x00000000ec300000)
  from space 3072K, 99% used [0x00000000ec500000,0x00000000ec7ff308,0x00000000ec800000)
  to   space 4096K, 0% used [0x00000000ec800000,0x00000000ec800000,0x00000000ecc00000)
 ParOldGen       total 68608K, used 11116K [0x00000000c0000000, 0x00000000c4300000, 0x00000000eab00000)
  object space 68608K, 16% used [0x00000000c0000000,0x00000000c0adb070,0x00000000c4300000)
 Metaspace       used 29475K, committed 30080K, reserved 1114112K
  class space    used 2919K, committed 3200K, reserved 1048576K
}
Event: 5.019 GC heap after
{Heap after GC invocations=9 (full 1):
 PSYoungGen      total 27648K, used 3406K [0x00000000eab00000, 0x00000000ecb80000, 0x0000000100000000)
  eden space 24064K, 0% used [0x00000000eab00000,0x00000000eab00000,0x00000000ec280000)
  from space 3584K, 95% used [0x00000000ec800000,0x00000000ecb53a68,0x00000000ecb80000)
  to   space 3584K, 0% used [0x00000000ec480000,0x00000000ec480000,0x00000000ec800000)
 ParOldGen       total 68608K, used 11124K [0x00000000c0000000, 0x00000000c4300000, 0x00000000eab00000)
  object space 68608K, 16% used [0x00000000c0000000,0x00000000c0add070,0x00000000c4300000)
 Metaspace       used 29475K, committed 30080K, reserved 1114112K
  class space    used 2919K, committed 3200K, reserved 1048576K
}
Event: 5.340 GC heap before
{Heap before GC invocations=10 (full 1):
 PSYoungGen      total 27648K, used 27470K [0x00000000eab00000, 0x00000000ecb80000, 0x0000000100000000)
  eden space 24064K, 100% used [0x00000000eab00000,0x00000000ec280000,0x00000000ec280000)
  from space 3584K, 95% used [0x00000000ec800000,0x00000000ecb53a68,0x00000000ecb80000)
  to   space 3584K, 0% used [0x00000000ec480000,0x00000000ec480000,0x00000000ec800000)
 ParOldGen       total 68608K, used 11124K [0x00000000c0000000, 0x00000000c4300000, 0x00000000eab00000)
  object space 68608K, 16% used [0x00000000c0000000,0x00000000c0add070,0x00000000c4300000)
 Metaspace       used 32250K, committed 32896K, reserved 1114112K
  class space    used 3136K, committed 3392K, reserved 1048576K
}
Event: 5.344 GC heap after
{Heap after GC invocations=10 (full 1):
 PSYoungGen      total 27136K, used 3179K [0x00000000eab00000, 0x00000000ec900000, 0x0000000100000000)
  eden space 23552K, 0% used [0x00000000eab00000,0x00000000eab00000,0x00000000ec200000)
  from space 3584K, 88% used [0x00000000ec480000,0x00000000ec79ae40,0x00000000ec800000)
  to   space 1024K, 0% used [0x00000000ec800000,0x00000000ec800000,0x00000000ec900000)
 ParOldGen       total 68608K, used 13028K [0x00000000c0000000, 0x00000000c4300000, 0x00000000eab00000)
  object space 68608K, 18% used [0x00000000c0000000,0x00000000c0cb9278,0x00000000c4300000)
 Metaspace       used 32250K, committed 32896K, reserved 1114112K
  class space    used 3136K, committed 3392K, reserved 1048576K
}
Event: 5.732 GC heap before
{Heap before GC invocations=11 (full 1):
 PSYoungGen      total 27136K, used 26731K [0x00000000eab00000, 0x00000000ec900000, 0x0000000100000000)
  eden space 23552K, 100% used [0x00000000eab00000,0x00000000ec200000,0x00000000ec200000)
  from space 3584K, 88% used [0x00000000ec480000,0x00000000ec79ae40,0x00000000ec800000)
  to   space 1024K, 0% used [0x00000000ec800000,0x00000000ec800000,0x00000000ec900000)
 ParOldGen       total 68608K, used 13028K [0x00000000c0000000, 0x00000000c4300000, 0x00000000eab00000)
  object space 68608K, 18% used [0x00000000c0000000,0x00000000c0cb9278,0x00000000c4300000)
 Metaspace       used 34264K, committed 35008K, reserved 1114112K
  class space    used 3342K, committed 3648K, reserved 1048576K
}
Event: 5.734 GC heap after
{Heap after GC invocations=11 (full 1):
 PSYoungGen      total 24064K, used 993K [0x00000000eab00000, 0x00000000eca80000, 0x0000000100000000)
  eden space 23040K, 0% used [0x00000000eab00000,0x00000000eab00000,0x00000000ec180000)
  from space 1024K, 97% used [0x00000000ec800000,0x00000000ec8f85b0,0x00000000ec900000)
  to   space 4608K, 0% used [0x00000000ec180000,0x00000000ec180000,0x00000000ec600000)
 ParOldGen       total 68608K, used 16053K [0x00000000c0000000, 0x00000000c4300000, 0x00000000eab00000)
  object space 68608K, 23% used [0x00000000c0000000,0x00000000c0fad5b8,0x00000000c4300000)
 Metaspace       used 34264K, committed 35008K, reserved 1114112K
  class space    used 3342K, committed 3648K, reserved 1048576K
}
Event: 5.891 GC heap before
{Heap before GC invocations=12 (full 1):
 PSYoungGen      total 24064K, used 8459K [0x00000000eab00000, 0x00000000eca80000, 0x0000000100000000)
  eden space 23040K, 32% used [0x00000000eab00000,0x00000000eb24a7e8,0x00000000ec180000)
  from space 1024K, 97% used [0x00000000ec800000,0x00000000ec8f85b0,0x00000000ec900000)
  to   space 4608K, 0% used [0x00000000ec180000,0x00000000ec180000,0x00000000ec600000)
 ParOldGen       total 68608K, used 16053K [0x00000000c0000000, 0x00000000c4300000, 0x00000000eab00000)
  object space 68608K, 23% used [0x00000000c0000000,0x00000000c0fad5b8,0x00000000c4300000)
 Metaspace       used 35155K, committed 35840K, reserved 1114112K
  class space    used 3449K, committed 3776K, reserved 1048576K
}
Event: 5.893 GC heap after
{Heap after GC invocations=12 (full 1):
 PSYoungGen      total 27648K, used 512K [0x00000000eab00000, 0x00000000ec880000, 0x0000000100000000)
  eden space 23040K, 0% used [0x00000000eab00000,0x00000000eab00000,0x00000000ec180000)
  from space 4608K, 11% used [0x00000000ec180000,0x00000000ec200000,0x00000000ec600000)
  to   space 2048K, 0% used [0x00000000ec680000,0x00000000ec680000,0x00000000ec880000)
 ParOldGen       total 68608K, used 17013K [0x00000000c0000000, 0x00000000c4300000, 0x00000000eab00000)
  object space 68608K, 24% used [0x00000000c0000000,0x00000000c109d5a8,0x00000000c4300000)
 Metaspace       used 35155K, committed 35840K, reserved 1114112K
  class space    used 3449K, committed 3776K, reserved 1048576K
}
Event: 5.893 GC heap before
{Heap before GC invocations=13 (full 2):
 PSYoungGen      total 27648K, used 512K [0x00000000eab00000, 0x00000000ec880000, 0x0000000100000000)
  eden space 23040K, 0% used [0x00000000eab00000,0x00000000eab00000,0x00000000ec180000)
  from space 4608K, 11% used [0x00000000ec180000,0x00000000ec200000,0x00000000ec600000)
  to   space 2048K, 0% used [0x00000000ec680000,0x00000000ec680000,0x00000000ec880000)
 ParOldGen       total 68608K, used 17013K [0x00000000c0000000, 0x00000000c4300000, 0x00000000eab00000)
  object space 68608K, 24% used [0x00000000c0000000,0x00000000c109d5a8,0x00000000c4300000)
 Metaspace       used 35155K, committed 35840K, reserved 1114112K
  class space    used 3449K, committed 3776K, reserved 1048576K
}
Event: 5.951 GC heap after
{Heap after GC invocations=13 (full 2):
 PSYoungGen      total 27648K, used 0K [0x00000000eab00000, 0x00000000ec880000, 0x0000000100000000)
  eden space 23040K, 0% used [0x00000000eab00000,0x00000000eab00000,0x00000000ec180000)
  from space 4608K, 0% used [0x00000000ec180000,0x00000000ec180000,0x00000000ec600000)
  to   space 2048K, 0% used [0x00000000ec680000,0x00000000ec680000,0x00000000ec880000)
 ParOldGen       total 68608K, used 15543K [0x00000000c0000000, 0x00000000c4300000, 0x00000000eab00000)
  object space 68608K, 22% used [0x00000000c0000000,0x00000000c0f2df40,0x00000000c4300000)
 Metaspace       used 35142K, committed 35840K, reserved 1114112K
  class space    used 3445K, committed 3776K, reserved 1048576K
}
Event: 6.427 GC heap before
{Heap before GC invocations=14 (full 2):
 PSYoungGen      total 27648K, used 23038K [0x00000000eab00000, 0x00000000ec880000, 0x0000000100000000)
  eden space 23040K, 99% used [0x00000000eab00000,0x00000000ec17fb48,0x00000000ec180000)
  from space 4608K, 0% used [0x00000000ec180000,0x00000000ec180000,0x00000000ec600000)
  to   space 2048K, 0% used [0x00000000ec680000,0x00000000ec680000,0x00000000ec880000)
 ParOldGen       total 68608K, used 15543K [0x00000000c0000000, 0x00000000c4300000, 0x00000000eab00000)
  object space 68608K, 22% used [0x00000000c0000000,0x00000000c0f2df40,0x00000000c4300000)
 Metaspace       used 38073K, committed 38912K, reserved 1114112K
  class space    used 3847K, committed 4224K, reserved 1048576K
}
Event: 6.429 GC heap after
{Heap after GC invocations=14 (full 2):
 PSYoungGen      total 23552K, used 944K [0x00000000eab00000, 0x00000000ec780000, 0x0000000100000000)
  eden space 22528K, 0% used [0x00000000eab00000,0x00000000eab00000,0x00000000ec100000)
  from space 1024K, 92% used [0x00000000ec680000,0x00000000ec76c068,0x00000000ec780000)
  to   space 1536K, 0% used [0x00000000ec480000,0x00000000ec480000,0x00000000ec600000)
 ParOldGen       total 68608K, used 15551K [0x00000000c0000000, 0x00000000c4300000, 0x00000000eab00000)
  object space 68608K, 22% used [0x00000000c0000000,0x00000000c0f2ff40,0x00000000c4300000)
 Metaspace       used 38073K, committed 38912K, reserved 1114112K
  class space    used 3847K, committed 4224K, reserved 1048576K
}
Event: 7.112 GC heap before
{Heap before GC invocations=15 (full 2):
 PSYoungGen      total 23552K, used 23098K [0x00000000eab00000, 0x00000000ec780000, 0x0000000100000000)
  eden space 22528K, 98% used [0x00000000eab00000,0x00000000ec0a2b30,0x00000000ec100000)
  from space 1024K, 92% used [0x00000000ec680000,0x00000000ec76c068,0x00000000ec780000)
  to   space 1536K, 0% used [0x00000000ec480000,0x00000000ec480000,0x00000000ec600000)
 ParOldGen       total 68608K, used 15551K [0x00000000c0000000, 0x00000000c4300000, 0x00000000eab00000)
  object space 68608K, 22% used [0x00000000c0000000,0x00000000c0f2ff40,0x00000000c4300000)
 Metaspace       used 39932K, committed 40768K, reserved 1114112K
  class space    used 4076K, committed 4416K, reserved 1048576K
}
Event: 7.114 GC heap after
{Heap after GC invocations=15 (full 2):
 PSYoungGen      total 23552K, used 758K [0x00000000eab00000, 0x00000000ec700000, 0x0000000100000000)
  eden space 22016K, 0% used [0x00000000eab00000,0x00000000eab00000,0x00000000ec080000)
  from space 1536K, 49% used [0x00000000ec480000,0x00000000ec53d9e0,0x00000000ec600000)
  to   space 1024K, 0% used [0x00000000ec600000,0x00000000ec600000,0x00000000ec700000)
 ParOldGen       total 68608K, used 16303K [0x00000000c0000000, 0x00000000c4300000, 0x00000000eab00000)
  object space 68608K, 23% used [0x00000000c0000000,0x00000000c0febe20,0x00000000c4300000)
 Metaspace       used 39932K, committed 40768K, reserved 1114112K
  class space    used 4076K, committed 4416K, reserved 1048576K
}

Dll operation events (10 events):
Event: 0.012 Loaded shared library c:\Users\Kiet\.vscode\extensions\redhat.java-1.28.1-win32-x64\jre\17.0.10-win32-x86_64\bin\java.dll
Event: 0.341 Loaded shared library c:\Users\Kiet\.vscode\extensions\redhat.java-1.28.1-win32-x64\jre\17.0.10-win32-x86_64\bin\zip.dll
Event: 0.346 Loaded shared library C:\Users\Kiet\.vscode\extensions\redhat.java-1.28.1-win32-x64\jre\17.0.10-win32-x86_64\bin\instrument.dll
Event: 0.365 Loaded shared library C:\Users\Kiet\.vscode\extensions\redhat.java-1.28.1-win32-x64\jre\17.0.10-win32-x86_64\bin\net.dll
Event: 0.368 Loaded shared library C:\Users\Kiet\.vscode\extensions\redhat.java-1.28.1-win32-x64\jre\17.0.10-win32-x86_64\bin\nio.dll
Event: 0.377 Loaded shared library C:\Users\Kiet\.vscode\extensions\redhat.java-1.28.1-win32-x64\jre\17.0.10-win32-x86_64\bin\zip.dll
Event: 0.407 Loaded shared library C:\Users\Kiet\.vscode\extensions\redhat.java-1.28.1-win32-x64\jre\17.0.10-win32-x86_64\bin\jimage.dll
Event: 0.517 Loaded shared library c:\Users\Kiet\.vscode\extensions\redhat.java-1.28.1-win32-x64\jre\17.0.10-win32-x86_64\bin\verify.dll
Event: 2.407 Loaded shared library C:\Users\Kiet\AppData\Roaming\Code\User\globalStorage\redhat.java\1.28.1\config_win\org.eclipse.equinox.launcher\org.eclipse.equinox.launcher.win32.win32.x86_64_1.2.900.v20240129-1338\eclipse_11900.dll
Event: 6.193 Loaded shared library C:\Users\Kiet\AppData\Local\Temp\jna-2338477\jna14622395321673049211.dll

Deoptimization events (20 events):
Event: 7.051 Thread 0x000001586c142120 Uncommon trap: trap_request=0xffffffc6 fr.pc=0x000001581ba26238 relative=0x00000000000001f8
Event: 7.051 Thread 0x000001586c142120 Uncommon trap: reason=bimorphic_or_optimized_type_check action=maybe_recompile pc=0x000001581ba26238 method=java.io.BufferedInputStream.read1([BII)I @ 39 c2
Event: 7.051 Thread 0x000001586c142120 DEOPT PACKING pc=0x000001581ba26238 sp=0x00000001364fe220
Event: 7.051 Thread 0x000001586c142120 DEOPT UNPACKING pc=0x000001581b3a9ea3 sp=0x00000001364fe1c8 mode 2
Event: 7.124 Thread 0x000001586c141c10 Uncommon trap: trap_request=0xffffff66 fr.pc=0x000001581ba93784 relative=0x00000000000000e4
Event: 7.125 Thread 0x000001586c141c10 Uncommon trap: reason=speculate_class_check action=maybe_recompile pc=0x000001581ba93784 method=java.util.regex.Pattern$CharPredicate.lambda$negate$3(I)Z @ 2 c2
Event: 7.125 Thread 0x000001586c141c10 DEOPT PACKING pc=0x000001581ba93784 sp=0x00000001368fe610
Event: 7.126 Thread 0x000001586c141c10 DEOPT UNPACKING pc=0x000001581b3a9ea3 sp=0x00000001368fe530 mode 2
Event: 7.126 Thread 0x000001586c141c10 Uncommon trap: trap_request=0xffffff66 fr.pc=0x000001581ba93784 relative=0x00000000000000e4
Event: 7.126 Thread 0x000001586c141c10 Uncommon trap: reason=speculate_class_check action=maybe_recompile pc=0x000001581ba93784 method=java.util.regex.Pattern$CharPredicate.lambda$negate$3(I)Z @ 2 c2
Event: 7.126 Thread 0x000001586c141c10 DEOPT PACKING pc=0x000001581ba93784 sp=0x00000001368fe610
Event: 7.126 Thread 0x000001586c141c10 DEOPT UNPACKING pc=0x000001581b3a9ea3 sp=0x00000001368fe530 mode 2
Event: 7.126 Thread 0x000001586c141c10 Uncommon trap: trap_request=0xffffff66 fr.pc=0x000001581ba93784 relative=0x00000000000000e4
Event: 7.126 Thread 0x000001586c141c10 Uncommon trap: reason=speculate_class_check action=maybe_recompile pc=0x000001581ba93784 method=java.util.regex.Pattern$CharPredicate.lambda$negate$3(I)Z @ 2 c2
Event: 7.126 Thread 0x000001586c141c10 DEOPT PACKING pc=0x000001581ba93784 sp=0x00000001368fe610
Event: 7.126 Thread 0x000001586c141c10 DEOPT UNPACKING pc=0x000001581b3a9ea3 sp=0x00000001368fe530 mode 2
Event: 7.126 Thread 0x000001586c141c10 Uncommon trap: trap_request=0xffffff66 fr.pc=0x000001581ba93784 relative=0x00000000000000e4
Event: 7.126 Thread 0x000001586c141c10 Uncommon trap: reason=speculate_class_check action=maybe_recompile pc=0x000001581ba93784 method=java.util.regex.Pattern$CharPredicate.lambda$negate$3(I)Z @ 2 c2
Event: 7.126 Thread 0x000001586c141c10 DEOPT PACKING pc=0x000001581ba93784 sp=0x00000001368fe610
Event: 7.126 Thread 0x000001586c141c10 DEOPT UNPACKING pc=0x000001581b3a9ea3 sp=0x00000001368fe530 mode 2

Classes unloaded (14 events):
Event: 3.891 Thread 0x000001586a1514b0 Unloading class 0x0000015825252400 'java/lang/invoke/LambdaForm$MH+0x0000015825252400'
Event: 3.891 Thread 0x000001586a1514b0 Unloading class 0x0000015825252000 'java/lang/invoke/LambdaForm$MH+0x0000015825252000'
Event: 3.891 Thread 0x000001586a1514b0 Unloading class 0x0000015825251c00 'java/lang/invoke/LambdaForm$MH+0x0000015825251c00'
Event: 3.891 Thread 0x000001586a1514b0 Unloading class 0x0000015825251800 'java/lang/invoke/LambdaForm$MH+0x0000015825251800'
Event: 3.891 Thread 0x000001586a1514b0 Unloading class 0x0000015825251400 'java/lang/invoke/LambdaForm$BMH+0x0000015825251400'
Event: 3.891 Thread 0x000001586a1514b0 Unloading class 0x0000015825251000 'java/lang/invoke/LambdaForm$DMH+0x0000015825251000'
Event: 3.891 Thread 0x000001586a1514b0 Unloading class 0x000001582524e400 'java/lang/invoke/LambdaForm$DMH+0x000001582524e400'
Event: 5.910 Thread 0x000001586a1514b0 Unloading class 0x0000015825251c00 'java/lang/invoke/LambdaForm$MH+0x0000015825251c00'
Event: 5.910 Thread 0x000001586a1514b0 Unloading class 0x0000015825251800 'java/lang/invoke/LambdaForm$MH+0x0000015825251800'
Event: 5.910 Thread 0x000001586a1514b0 Unloading class 0x0000015825251400 'java/lang/invoke/LambdaForm$MH+0x0000015825251400'
Event: 5.910 Thread 0x000001586a1514b0 Unloading class 0x0000015825251000 'java/lang/invoke/LambdaForm$MH+0x0000015825251000'
Event: 5.910 Thread 0x000001586a1514b0 Unloading class 0x0000015825252400 'java/lang/invoke/LambdaForm$BMH+0x0000015825252400'
Event: 5.910 Thread 0x000001586a1514b0 Unloading class 0x0000015825252000 'java/lang/invoke/LambdaForm$DMH+0x0000015825252000'
Event: 5.910 Thread 0x000001586a1514b0 Unloading class 0x000001582524e400 'java/lang/invoke/LambdaForm$DMH+0x000001582524e400'

Classes redefined (0 events):
No events

Internal exceptions (20 events):
Event: 4.797 Thread 0x000001586c1402c0 Exception <a 'java/lang/NoSuchMethodError'{0x00000000ebe724a0}: 'int java.lang.invoke.DirectMethodHandle$Holder.invokeVirtual(java.lang.Object, java.lang.Object)'> (0x00000000ebe724a0) 
thrown [s\src\hotspot\share\interpreter\linkResolver.cpp, line 759]
Event: 5.438 Thread 0x000001586bd2d810 Exception <a 'java/lang/ClassNotFoundException'{0x00000000eb722a80}: com/sun/org/apache/xerces/internal/impl/msg/spi/DOMMessagesProvider> (0x00000000eb722a80) 
thrown [s\src\hotspot\share\classfile\systemDictionary.cpp, line 256]
Event: 5.441 Thread 0x000001586bd2d810 Exception <a 'java/lang/ClassNotFoundException'{0x00000000eb777f20}: com/sun/org/apache/xerces/internal/impl/msg/spi/XMLSerializerMessagesProvider> (0x00000000eb777f20) 
thrown [s\src\hotspot\share\classfile\systemDictionary.cpp, line 256]
Event: 5.444 Thread 0x000001586bd2d810 Exception <a 'java/lang/ClassNotFoundException'{0x00000000eb785158}: com/sun/org/apache/xerces/internal/impl/msg/spi/XMLMessagesProvider> (0x00000000eb785158) 
thrown [s\src\hotspot\share\classfile\systemDictionary.cpp, line 256]
Event: 5.540 Thread 0x000001586bd2d810 Exception <a 'java/lang/NoSuchMethodError'{0x00000000ebb7d8a0}: 'java.lang.Object java.lang.invoke.DirectMethodHandle$Holder.invokeStaticInit(java.lang.Object, int, int, int, int)'> (0x00000000ebb7d8a0) 
thrown [s\src\hotspot\share\interpreter\linkResolver.cpp, line 759]
Event: 5.614 Thread 0x000001586bd2d810 Exception <a 'java/lang/NoSuchMethodError'{0x00000000ebd36420}: 'java.lang.Object java.lang.invoke.DirectMethodHandle$Holder.invokeStaticInit(java.lang.Object, java.lang.Object, int, int, int, int)'> (0x00000000ebd36420) 
thrown [s\src\hotspot\share\interpreter\linkResolver.cpp, line 759]
Event: 5.740 Thread 0x000001586bd2d810 Exception <a 'java/lang/ClassNotFoundException'{0x00000000eab23410}: com/sun/org/apache/xml/internal/serializer/spi/XMLEntitiesProvider> (0x00000000eab23410) 
thrown [s\src\hotspot\share\classfile\systemDictionary.cpp, line 256]
Event: 5.795 Thread 0x000001586c143050 Exception <a 'java/lang/NoSuchMethodError'{0x00000000eacc5f50}: 'void java.lang.invoke.DirectMethodHandle$Holder.invokeStatic(java.lang.Object, java.lang.Object, java.lang.Object, java.lang.Object)'> (0x00000000eacc5f50) 
thrown [s\src\hotspot\share\interpreter\linkResolver.cpp, line 759]
Event: 5.816 Thread 0x000001586c143050 Exception <a 'java/lang/NoSuchMethodError'{0x00000000ead9cda0}: 'java.lang.Object java.lang.invoke.DirectMethodHandle$Holder.newInvokeSpecial(java.lang.Object, java.lang.Object, java.lang.Object, java.lang.Object, java.lang.Object)'> (0x00000000ead9cda0) 
thrown [s\src\hotspot\share\interpreter\linkResolver.cpp, line 759]
Event: 5.868 Thread 0x000001586c141c10 Exception <a 'java/lang/NoSuchMethodError'{0x00000000eb0534a0}: 'java.lang.Object java.lang.invoke.DirectMethodHandle$Holder.invokeSpecialIFC(java.lang.Object, java.lang.Object, java.lang.Object, java.lang.Object)'> (0x00000000eb0534a0) 
thrown [s\src\hotspot\share\interpreter\linkResolver.cpp, line 759]
Event: 5.999 Thread 0x000001586bd2d810 Exception <a 'java/io/FileNotFoundException'{0x00000000eaddfe40}> (0x00000000eaddfe40) 
thrown [s\src\hotspot\share\prims\jni.cpp, line 516]
Event: 6.202 Thread 0x000001586c141c10 Exception <a 'java/lang/NoSuchMethodError'{0x00000000eb836210}: 'int java.lang.invoke.DirectMethodHandle$Holder.invokeSpecialIFC(java.lang.Object, java.lang.Object, java.lang.Object, java.lang.Object, java.lang.Object)'> (0x00000000eb836210) 
thrown [s\src\hotspot\share\interpreter\linkResolver.cpp, line 759]
Event: 6.262 Thread 0x000001586bd2d810 Exception <a 'java/lang/UnsatisfiedLinkError'{0x00000000ebb22428}: The specified procedure could not be found.
> (0x00000000ebb22428) 
thrown [s\src\hotspot\share\prims\jni.cpp, line 535]
Event: 6.272 Thread 0x000001586bd2d810 Exception <a 'java/io/FileNotFoundException'{0x00000000ebb49748}> (0x00000000ebb49748) 
thrown [s\src\hotspot\share\prims\jni.cpp, line 516]
Event: 6.291 Thread 0x000001586bd2d810 Exception <a 'java/io/FileNotFoundException'{0x00000000ebc747a8}> (0x00000000ebc747a8) 
thrown [s\src\hotspot\share\prims\jni.cpp, line 516]
Event: 6.307 Thread 0x000001586bd2d810 Exception <a 'java/lang/UnsatisfiedLinkError'{0x00000000ebd833a8}: The specified procedure could not be found.
> (0x00000000ebd833a8) 
thrown [s\src\hotspot\share\prims\jni.cpp, line 535]
Event: 6.659 Thread 0x000001586c141c10 Exception <a 'java/lang/NoClassDefFoundError'{0x00000000eb041d50}: javax/enterprise/inject/Typed> (0x00000000eb041d50) 
thrown [s\src\hotspot\share\classfile\systemDictionary.cpp, line 245]
Event: 6.834 Thread 0x000001581118f040 Exception <a 'java/lang/NoSuchMethodError'{0x00000000eb6738f8}: 'java.lang.Object java.lang.invoke.DirectMethodHandle$Holder.invokeStatic(java.lang.Object, java.lang.Object, long, java.lang.Object)'> (0x00000000eb6738f8) 
thrown [s\src\hotspot\share\interpreter\linkResolver.cpp, line 759]
Event: 6.835 Thread 0x000001581118f040 Exception <a 'java/lang/NoSuchMethodError'{0x00000000eb6775f0}: 'java.lang.Object java.lang.invoke.DirectMethodHandle$Holder.invokeStaticInit(java.lang.Object, java.lang.Object, long, java.lang.Object)'> (0x00000000eb6775f0) 
thrown [s\src\hotspot\share\interpreter\linkResolver.cpp, line 759]
Event: 6.837 Thread 0x000001581118f040 Exception <a 'java/lang/NoSuchMethodError'{0x00000000eb689828}: 'java.lang.Object java.lang.invoke.DirectMethodHandle$Holder.newInvokeSpecial(java.lang.Object, java.lang.Object, long)'> (0x00000000eb689828) 
thrown [s\src\hotspot\share\interpreter\linkResolver.cpp, line 759]

VM Operations (20 events):
Event: 5.738 Executing VM operation: HandshakeAllThreads
Event: 5.738 Executing VM operation: HandshakeAllThreads done
Event: 5.820 Executing VM operation: HandshakeAllThreads
Event: 5.820 Executing VM operation: HandshakeAllThreads done
Event: 5.833 Executing VM operation: HandshakeAllThreads
Event: 5.833 Executing VM operation: HandshakeAllThreads done
Event: 5.886 Executing VM operation: HandshakeAllThreads
Event: 5.887 Executing VM operation: HandshakeAllThreads done
Event: 5.891 Executing VM operation: CollectForMetadataAllocation
Event: 5.955 Executing VM operation: CollectForMetadataAllocation done
Event: 6.227 Executing VM operation: HandshakeAllThreads
Event: 6.231 Executing VM operation: HandshakeAllThreads done
Event: 6.319 Executing VM operation: HandshakeAllThreads
Event: 6.319 Executing VM operation: HandshakeAllThreads done
Event: 6.418 Executing VM operation: ParallelGCFailedAllocation
Event: 6.438 Executing VM operation: ParallelGCFailedAllocation done
Event: 6.569 Executing VM operation: HandshakeAllThreads
Event: 6.569 Executing VM operation: HandshakeAllThreads done
Event: 7.085 Executing VM operation: ParallelGCFailedAllocation
Event: 7.132 Executing VM operation: ParallelGCFailedAllocation done

Events (20 events):
Event: 6.995 loading class sun/reflect/generics/reflectiveObjects/LazyReflectiveObjectGenerator done
Event: 6.995 loading class sun/reflect/generics/reflectiveObjects/TypeVariableImpl done
Event: 7.044 loading class jdk/internal/vm/annotation/IntrinsicCandidate
Event: 7.044 loading class jdk/internal/vm/annotation/IntrinsicCandidate done
Event: 7.067 loading class sun/net/www/protocol/https/Handler
Event: 7.068 loading class sun/net/www/protocol/http/Handler
Event: 7.068 loading class sun/net/www/protocol/http/Handler done
Event: 7.068 loading class sun/net/www/protocol/https/Handler done
Event: 7.217 loading class java/util/WeakHashMap$KeyIterator
Event: 7.217 loading class java/util/WeakHashMap$KeyIterator done
Event: 7.257 loading class sun/reflect/generics/tree/BottomSignature
Event: 7.258 loading class sun/reflect/generics/tree/BottomSignature done
Event: 7.258 loading class sun/reflect/generics/tree/Wildcard
Event: 7.258 loading class sun/reflect/generics/tree/Wildcard done
Event: 7.259 loading class sun/reflect/generics/reflectiveObjects/WildcardTypeImpl
Event: 7.260 loading class sun/reflect/generics/reflectiveObjects/WildcardTypeImpl done
Event: 7.487 loading class sun/reflect/generics/tree/BooleanSignature
Event: 7.487 loading class sun/reflect/generics/tree/BooleanSignature done
Event: 7.487 loading class sun/reflect/generics/tree/ArrayTypeSignature
Event: 7.488 loading class sun/reflect/generics/tree/ArrayTypeSignature done


Dynamic libraries:
0x00007ff695cb0000 - 0x00007ff695cbe000 	c:\Users\Kiet\.vscode\extensions\redhat.java-1.28.1-win32-x64\jre\17.0.10-win32-x86_64\bin\java.exe
0x00007ff8f2fb0000 - 0x00007ff8f31c7000 	C:\WINDOWS\SYSTEM32\ntdll.dll
0x00007ff8f2820000 - 0x00007ff8f28e4000 	C:\WINDOWS\System32\KERNEL32.DLL
0x00007ff8f02f0000 - 0x00007ff8f0696000 	C:\WINDOWS\System32\KERNELBASE.dll
0x00007ff8f0bb0000 - 0x00007ff8f0cc1000 	C:\WINDOWS\System32\ucrtbase.dll
0x00007ff8de290000 - 0x00007ff8de2a7000 	c:\Users\Kiet\.vscode\extensions\redhat.java-1.28.1-win32-x64\jre\17.0.10-win32-x86_64\bin\jli.dll
0x00007ff8f1a50000 - 0x00007ff8f1bfe000 	C:\WINDOWS\System32\USER32.dll
0x00007ff8f0cd0000 - 0x00007ff8f0cf6000 	C:\WINDOWS\System32\win32u.dll
0x00007ff8f1dc0000 - 0x00007ff8f1de9000 	C:\WINDOWS\System32\GDI32.dll
0x00007ff8f0920000 - 0x00007ff8f0a38000 	C:\WINDOWS\System32\gdi32full.dll
0x00007ff8f07e0000 - 0x00007ff8f087a000 	C:\WINDOWS\System32\msvcp_win.dll
0x00007ff8dbd10000 - 0x00007ff8dbd2b000 	c:\Users\Kiet\.vscode\extensions\redhat.java-1.28.1-win32-x64\jre\17.0.10-win32-x86_64\bin\VCRUNTIME140.dll
0x00007ff8e0330000 - 0x00007ff8e05c3000 	C:\WINDOWS\WinSxS\amd64_microsoft.windows.common-controls_6595b64144ccf1df_6.0.22621.2506_none_270c5ae97388e100\COMCTL32.dll
0x00007ff8f0d00000 - 0x00007ff8f0da7000 	C:\WINDOWS\System32\msvcrt.dll
0x00007ff8f1c20000 - 0x00007ff8f1c51000 	C:\WINDOWS\System32\IMM32.DLL
0x00007ff8e7670000 - 0x00007ff8e767c000 	c:\Users\Kiet\.vscode\extensions\redhat.java-1.28.1-win32-x64\jre\17.0.10-win32-x86_64\bin\vcruntime140_1.dll
0x00007ff8c27a0000 - 0x00007ff8c282d000 	c:\Users\Kiet\.vscode\extensions\redhat.java-1.28.1-win32-x64\jre\17.0.10-win32-x86_64\bin\msvcp140.dll
0x00007ff8ae750000 - 0x00007ff8af3b2000 	c:\Users\Kiet\.vscode\extensions\redhat.java-1.28.1-win32-x64\jre\17.0.10-win32-x86_64\bin\server\jvm.dll
0x00007ff8f2ae0000 - 0x00007ff8f2b93000 	C:\WINDOWS\System32\ADVAPI32.dll
0x00007ff8f2ec0000 - 0x00007ff8f2f68000 	C:\WINDOWS\System32\sechost.dll
0x00007ff8f08f0000 - 0x00007ff8f0918000 	C:\WINDOWS\System32\bcrypt.dll
0x00007ff8f2280000 - 0x00007ff8f2397000 	C:\WINDOWS\System32\RPCRT4.dll
0x00007ff8f01c0000 - 0x00007ff8f020d000 	C:\WINDOWS\SYSTEM32\POWRPROF.dll
0x00007ff8dfa30000 - 0x00007ff8dfa39000 	C:\WINDOWS\SYSTEM32\WSOCK32.dll
0x00007ff8f19d0000 - 0x00007ff8f1a41000 	C:\WINDOWS\System32\WS2_32.dll
0x00007ff8e9cf0000 - 0x00007ff8e9d24000 	C:\WINDOWS\SYSTEM32\WINMM.dll
0x00007ff8e9c30000 - 0x00007ff8e9c3a000 	C:\WINDOWS\SYSTEM32\VERSION.dll
0x00007ff8f01a0000 - 0x00007ff8f01b3000 	C:\WINDOWS\SYSTEM32\UMPDC.dll
0x00007ff8ef2d0000 - 0x00007ff8ef2e8000 	C:\WINDOWS\SYSTEM32\kernel.appcore.dll
0x00007ff8dec50000 - 0x00007ff8dec5a000 	c:\Users\Kiet\.vscode\extensions\redhat.java-1.28.1-win32-x64\jre\17.0.10-win32-x86_64\bin\jimage.dll
0x00007ff8edb80000 - 0x00007ff8eddb3000 	C:\WINDOWS\SYSTEM32\DBGHELP.DLL
0x00007ff8f23a0000 - 0x00007ff8f2729000 	C:\WINDOWS\System32\combase.dll
0x00007ff8f2a00000 - 0x00007ff8f2ad7000 	C:\WINDOWS\System32\OLEAUT32.dll
0x00007ff8e83a0000 - 0x00007ff8e83d2000 	C:\WINDOWS\SYSTEM32\dbgcore.DLL
0x00007ff8f0760000 - 0x00007ff8f07da000 	C:\WINDOWS\System32\bcryptPrimitives.dll
0x00007ff8de280000 - 0x00007ff8de28e000 	c:\Users\Kiet\.vscode\extensions\redhat.java-1.28.1-win32-x64\jre\17.0.10-win32-x86_64\bin\instrument.dll
0x00007ff8ceff0000 - 0x00007ff8cf015000 	c:\Users\Kiet\.vscode\extensions\redhat.java-1.28.1-win32-x64\jre\17.0.10-win32-x86_64\bin\java.dll
0x00007ff8cf8e0000 - 0x00007ff8cf8f8000 	c:\Users\Kiet\.vscode\extensions\redhat.java-1.28.1-win32-x64\jre\17.0.10-win32-x86_64\bin\zip.dll
0x00007ff8f0db0000 - 0x00007ff8f160b000 	C:\WINDOWS\System32\SHELL32.dll
0x00007ff8ee250000 - 0x00007ff8eeb46000 	C:\WINDOWS\SYSTEM32\windows.storage.dll
0x00007ff8ee110000 - 0x00007ff8ee24e000 	C:\WINDOWS\SYSTEM32\wintypes.dll
0x00007ff8f18d0000 - 0x00007ff8f19c3000 	C:\WINDOWS\System32\SHCORE.dll
0x00007ff8f28f0000 - 0x00007ff8f294e000 	C:\WINDOWS\System32\shlwapi.dll
0x00007ff8f0220000 - 0x00007ff8f0246000 	C:\WINDOWS\SYSTEM32\profapi.dll
0x00007ff8cef60000 - 0x00007ff8cef79000 	C:\Users\Kiet\.vscode\extensions\redhat.java-1.28.1-win32-x64\jre\17.0.10-win32-x86_64\bin\net.dll
0x00007ff8ea7a0000 - 0x00007ff8ea8d7000 	C:\WINDOWS\SYSTEM32\WINHTTP.dll
0x00007ff8ef7b0000 - 0x00007ff8ef819000 	C:\WINDOWS\system32\mswsock.dll
0x00007ff8cef40000 - 0x00007ff8cef56000 	C:\Users\Kiet\.vscode\extensions\redhat.java-1.28.1-win32-x64\jre\17.0.10-win32-x86_64\bin\nio.dll
0x00007ff8dbc90000 - 0x00007ff8dbca0000 	c:\Users\Kiet\.vscode\extensions\redhat.java-1.28.1-win32-x64\jre\17.0.10-win32-x86_64\bin\verify.dll
0x00007ff8c8e10000 - 0x00007ff8c8e4e000 	C:\Users\Kiet\AppData\Roaming\Code\User\globalStorage\redhat.java\1.28.1\config_win\org.eclipse.equinox.launcher\org.eclipse.equinox.launcher.win32.win32.x86_64_1.2.900.v20240129-1338\eclipse_11900.dll
0x00007ff8f2d20000 - 0x00007ff8f2ec0000 	C:\WINDOWS\System32\ole32.dll
0x00007ff8efa00000 - 0x00007ff8efa1b000 	C:\WINDOWS\SYSTEM32\CRYPTSP.dll
0x00007ff8ef290000 - 0x00007ff8ef2c5000 	C:\WINDOWS\system32\rsaenh.dll
0x00007ff8ef8a0000 - 0x00007ff8ef8cc000 	C:\WINDOWS\SYSTEM32\USERENV.dll
0x00007ff8efa20000 - 0x00007ff8efa2c000 	C:\WINDOWS\SYSTEM32\CRYPTBASE.dll
0x00007ff8eedb0000 - 0x00007ff8eeddd000 	C:\WINDOWS\SYSTEM32\IPHLPAPI.DLL
0x00007ff8f27b0000 - 0x00007ff8f27b9000 	C:\WINDOWS\System32\NSI.dll
0x00007ff8eac90000 - 0x00007ff8eaca9000 	C:\WINDOWS\SYSTEM32\dhcpcsvc6.DLL
0x00007ff8ea730000 - 0x00007ff8ea74f000 	C:\WINDOWS\SYSTEM32\dhcpcsvc.DLL
0x00007ff8eee20000 - 0x00007ff8eef19000 	C:\WINDOWS\SYSTEM32\DNSAPI.dll
0x00007ff8c9590000 - 0x00007ff8c95d5000 	C:\Users\Kiet\AppData\Local\Temp\jna-2338477\jna14622395321673049211.dll
0x00007ff8f2d10000 - 0x00007ff8f2d18000 	C:\WINDOWS\System32\PSAPI.DLL

dbghelp: loaded successfully - version: 4.0.5 - missing functions: none
symbol engine: initialized successfully - sym options: 0x614 - pdb path: .;c:\Users\Kiet\.vscode\extensions\redhat.java-1.28.1-win32-x64\jre\17.0.10-win32-x86_64\bin;C:\WINDOWS\SYSTEM32;C:\WINDOWS\WinSxS\amd64_microsoft.windows.common-controls_6595b64144ccf1df_6.0.22621.2506_none_270c5ae97388e100;c:\Users\Kiet\.vscode\extensions\redhat.java-1.28.1-win32-x64\jre\17.0.10-win32-x86_64\bin\server;C:\Users\Kiet\AppData\Roaming\Code\User\globalStorage\redhat.java\1.28.1\config_win\org.eclipse.equinox.launcher\org.eclipse.equinox.launcher.win32.win32.x86_64_1.2.900.v20240129-1338;C:\Users\Kiet\AppData\Local\Temp\jna-2338477

VM Arguments:
jvm_args: --add-modules=ALL-SYSTEM --add-opens=java.base/java.util=ALL-UNNAMED --add-opens=java.base/java.lang=ALL-UNNAMED --add-opens=java.base/sun.nio.fs=ALL-UNNAMED -Declipse.application=org.eclipse.jdt.ls.core.id1 -Dosgi.bundles.defaultStartLevel=4 -Declipse.product=org.eclipse.jdt.ls.core.product -Djava.import.generatesMetadataFilesAtProjectRoot=false -DDetectVMInstallationsJob.disabled=true -Dfile.encoding=utf8 -XX:+UseParallelGC -XX:GCTimeRatio=4 -XX:AdaptiveSizePolicyWeight=90 -Dsun.zip.disableMemoryMapping=true -Xmx1G -Xms100m -Xlog:disable -javaagent:c:\Users\Kiet\.vscode\extensions\redhat.java-1.28.1-win32-x64\lombok\lombok-1.18.31.jar -XX:+HeapDumpOnOutOfMemoryError -XX:HeapDumpPath=c:\Users\Kiet\AppData\Roaming\Code\User\workspaceStorage\794778fa6a47f198356234ad77415c6f\redhat.java -Daether.dependencyCollector.impl=bf 
java_command: c:\Users\Kiet\.vscode\extensions\redhat.java-1.28.1-win32-x64\server\plugins\org.eclipse.equinox.launcher_1.6.700.v20231214-2017.jar -configuration c:\Users\Kiet\AppData\Roaming\Code\User\globalStorage\redhat.java\1.28.1\config_win -data c:\Users\Kiet\AppData\Roaming\Code\User\workspaceStorage\794778fa6a47f198356234ad77415c6f\redhat.java\jdt_ws --stdio
java_class_path (initial): c:\Users\Kiet\.vscode\extensions\redhat.java-1.28.1-win32-x64\server\plugins\org.eclipse.equinox.launcher_1.6.700.v20231214-2017.jar
Launcher Type: SUN_STANDARD

[Global flags]
    uintx AdaptiveSizePolicyWeight                 = 90                                        {product} {command line}
     intx CICompilerCount                          = 4                                         {product} {ergonomic}
    uintx GCTimeRatio                              = 4                                         {product} {command line}
     bool HeapDumpOnOutOfMemoryError               = true                                   {manageable} {command line}
    ccstr HeapDumpPath                             = c:\Users\Kiet\AppData\Roaming\Code\User\workspaceStorage\794778fa6a47f198356234ad77415c6f\redhat.java         {manageable} {command line}
   size_t InitialHeapSize                          = 104857600                                 {product} {command line}
   size_t MaxHeapSize                              = 1073741824                                {product} {command line}
   size_t MaxNewSize                               = 357564416                                 {product} {ergonomic}
   size_t MinHeapDeltaBytes                        = 524288                                    {product} {ergonomic}
   size_t MinHeapSize                              = 104857600                                 {product} {command line}
   size_t NewSize                                  = 34603008                                  {product} {ergonomic}
    uintx NonNMethodCodeHeapSize                   = 5839372                                {pd product} {ergonomic}
    uintx NonProfiledCodeHeapSize                  = 122909434                              {pd product} {ergonomic}
   size_t OldSize                                  = 70254592                                  {product} {ergonomic}
    uintx ProfiledCodeHeapSize                     = 122909434                              {pd product} {ergonomic}
    uintx ReservedCodeCacheSize                    = 251658240                              {pd product} {ergonomic}
     bool SegmentedCodeCache                       = true                                      {product} {ergonomic}
   size_t SoftMaxHeapSize                          = 1073741824                             {manageable} {ergonomic}
     bool UseCompressedClassPointers               = true                           {product lp64_product} {ergonomic}
     bool UseCompressedOops                        = true                           {product lp64_product} {ergonomic}
     bool UseLargePagesIndividualAllocation        = false                                  {pd product} {ergonomic}
     bool UseParallelGC                            = true                                      {product} {command line}

Logging:
Log output configuration:
 #0: stdout all=off uptime,level,tags
 #1: stderr all=off uptime,level,tags

Environment Variables:
PATH=C:\Program Files\Common Files\Oracle\Java\javapath;C:\Program Files (x86)\Common Files\Oracle\Java\javapath;C:\WINDOWS\system32;C:\WINDOWS;C:\WINDOWS\System32\Wbem;C:\WINDOWS\System32\WindowsPowerShell\v1.0\;C:\WINDOWS\System32\OpenSSH\;C:\Program Files\dotnet\;C:\Program Files\Common Files\Oracle\Java\javapath;C:\Program Files\Java\jdk-11\bin;C:\Program Files (x86)\Microsoft SQL Server\160\Tools\Binn\;C:\Program Files\Microsoft SQL Server\160\Tools\Binn\;C:\Program Files\Microsoft SQL Server\Client SDK\ODBC\170\Tools\Binn\;C:\Program Files\Microsoft SQL Server\160\DTS\Binn\;C:\Program Files (x86)\Microsoft SQL Server\160\DTS\Binn\;C:\Program Files\Azure Data Studio\bin;C:\Program Files\apache-maven-3.9.6\bin;C:\Program Files\Git\cmd;C:\Program Files\nodejs\;C:\Users\Kiet\AppData\Local\Microsoft\WindowsApps;C:\Users\Kiet\AppData\Local\Programs\Microsoft VS Code\bin;C:\Users\Kiet\AppData\Local\GitHubDesktop\bin;C:\Users\Kiet\.dotnet\tools;C:\Program Files\Azure Data Studio\bin;C:\Users\Kiet\AppData\Roaming\npm
USERNAME=Kiet
OS=Windows_NT
PROCESSOR_IDENTIFIER=Intel64 Family 6 Model 126 Stepping 5, GenuineIntel
TMP=C:\Users\Kiet\AppData\Local\Temp
TEMP=C:\Users\Kiet\AppData\Local\Temp



Periodic native trim disabled


---------------  S Y S T E M  ---------------

OS:
 Windows 11 , 64 bit Build 22621 (10.0.22621.3085)
OS uptime: 3 days 0:13 hours

CPU: total 8 (initial active 8) (4 cores per cpu, 2 threads per core) family 6 model 126 stepping 5 microcode 0xa6, cx8, cmov, fxsr, ht, mmx, 3dnowpref, sse, sse2, sse3, ssse3, sse4.1, sse4.2, popcnt, lzcnt, tsc, tscinvbit, avx, avx2, aes, erms, clmul, bmi1, bmi2, adx, avx512f, avx512dq, avx512cd, avx512bw, avx512vl, sha, fma, vzeroupper, avx512_vpopcntdq, avx512_vpclmulqdq, avx512_vaes, avx512_vnni, clflush, clflushopt, avx512_vbmi2, avx512_vbmi
Processor Information for all 8 processors :
  Max Mhz: 1190, Current Mhz: 991, Mhz Limit: 987

Memory: 4k page, system-wide physical 7987M (716M free)
TotalPageFile size 10035M (AvailPageFile size 9M)
current process WorkingSet (physical memory assigned to process): 181M, peak: 187M
current process commit charge ("private bytes"): 275M, peak: 283M

vm_info: OpenJDK 64-Bit Server VM (17.0.10+7) for windows-amd64 JRE (17.0.10+7), built on Jan 16 2024 23:25:11 by "admin" with MS VC++ 16.10 / 16.11 (VS2019)

END.
