#
# There is insufficient memory for the Java Runtime Environment to continue.
# Native memory allocation (malloc) failed to allocate 1186896 bytes for Chunk::new
# Possible reasons:
#   The system is out of physical RAM or swap space
#   The process is running with CompressedOops enabled, and the Java Heap may be blocking the growth of the native heap
# Possible solutions:
#   Reduce memory load on the system
#   Increase physical memory or swap space
#   Check if swap backing store is full
#   Decrease Java heap size (-Xmx/-Xms)
#   Decrease number of Java threads
#   Decrease Java thread stack sizes (-Xss)
#   Set larger code cache with -XX:ReservedCodeCacheSize=
#   JVM is running with Unscaled Compressed Oops mode in which the Java heap is
#     placed in the first 4GB address space. The Java Heap base address is the
#     maximum limit for the native heap growth. Please use -XX:HeapBaseMinAddress
#     to set the Java Heap base and to place the Java Heap above 4GB virtual address.
# This output file may be truncated or incomplete.
#
#  Out of Memory Error (arena.cpp:191), pid=14204, tid=15620
#
# JRE version: OpenJDK Runtime Environment Temurin-17.0.10+7 (17.0.10+7) (build 17.0.10+7)
# Java VM: OpenJDK 64-Bit Server VM Temurin-17.0.10+7 (17.0.10+7, mixed mode, tiered, compressed oops, compressed class ptrs, parallel gc, windows-amd64)
# No core dump will be written. Minidumps are not enabled by default on client versions of Windows
#

---------------  S U M M A R Y ------------

Command Line: --add-modules=ALL-SYSTEM --add-opens=java.base/java.util=ALL-UNNAMED --add-opens=java.base/java.lang=ALL-UNNAMED --add-opens=java.base/sun.nio.fs=ALL-UNNAMED -Declipse.application=org.eclipse.jdt.ls.core.id1 -Dosgi.bundles.defaultStartLevel=4 -Declipse.product=org.eclipse.jdt.ls.core.product -Djava.import.generatesMetadataFilesAtProjectRoot=false -DDetectVMInstallationsJob.disabled=true -Dfile.encoding=utf8 -XX:+UseParallelGC -XX:GCTimeRatio=4 -XX:AdaptiveSizePolicyWeight=90 -Dsun.zip.disableMemoryMapping=true -Xmx1G -Xms100m -Xlog:disable -javaagent:c:\Users\Kiet\.vscode\extensions\redhat.java-1.28.1-win32-x64\lombok\lombok-1.18.31.jar c:\Users\Kiet\.vscode\extensions\redhat.java-1.28.1-win32-x64\server\plugins\org.eclipse.equinox.launcher_1.6.700.v20231214-2017.jar -configuration c:\Users\Kiet\AppData\Roaming\Code\User\globalStorage\redhat.java\1.28.1\config_ss_win -data c:\Users\Kiet\AppData\Roaming\Code\User\workspaceStorage\794778fa6a47f198356234ad77415c6f\redhat.java\ss_ws --stdio

Host: Intel(R) Core(TM) i5-1035G1 CPU @ 1.00GHz, 8 cores, 7G,  Windows 11 , 64 bit Build 22621 (10.0.22621.3085)
Time: Mon Mar 11 22:04:22 2024 SE Asia Standard Time elapsed time: 7.702131 seconds (0d 0h 0m 7s)

---------------  T H R E A D  ---------------

Current thread (0x0000021e28a19570):  JavaThread "C2 CompilerThread0" daemon [_thread_in_native, id=15620, stack(0x0000004d8ca00000,0x0000004d8cb00000)]


Current CompileTask:
C2:   7702 4515       4       org.eclipse.jdt.internal.compiler.parser.Parser::consumeRule (7964 bytes)

Stack: [0x0000004d8ca00000,0x0000004d8cb00000]
Native frames: (J=compiled Java code, j=interpreted, Vv=VM code, C=native code)
V  [jvm.dll+0x67d2c9]
V  [jvm.dll+0x834afa]
V  [jvm.dll+0x8365be]
V  [jvm.dll+0x836c23]
V  [jvm.dll+0x2477ff]
V  [jvm.dll+0xac514]
V  [jvm.dll+0xacb5c]
V  [jvm.dll+0x366782]
V  [jvm.dll+0x330bfa]
V  [jvm.dll+0x33009a]
V  [jvm.dll+0x219ef1]
V  [jvm.dll+0x219311]
V  [jvm.dll+0x1a502d]
V  [jvm.dll+0x2290de]
V  [jvm.dll+0x2272ac]
V  [jvm.dll+0x7e9bb7]
V  [jvm.dll+0x7e3fba]
V  [jvm.dll+0x67c1b5]
C  [ucrtbase.dll+0x29363]
C  [KERNEL32.DLL+0x1257d]
C  [ntdll.dll+0x5aa58]


---------------  P R O C E S S  ---------------

Threads class SMR info:
_java_thread_list=0x0000021e35b799d0, length=28, elements={
0x0000021e0db02630, 0x0000021e238d2010, 0x0000021e238d3280, 0x0000021e289f62b0,
0x0000021e28a11dd0, 0x0000021e28a131d0, 0x0000021e28a13d90, 0x0000021e28a19570,
0x0000021e28a1ec00, 0x0000021e28a1f9f0, 0x0000021e28a3b390, 0x0000021e28d23b20,
0x0000021e29ddc100, 0x0000021e2a4e9030, 0x0000021e2a6cefc0, 0x0000021e2a3fc750,
0x0000021e2a7a0f90, 0x0000021e2a7a19b0, 0x0000021e2a7a14a0, 0x0000021e2a7a0060,
0x0000021e2b0ada60, 0x0000021e2b0aeea0, 0x0000021e2b0b44b0, 0x0000021e2b0b1720,
0x0000021e2b0af3b0, 0x0000021e2b0adf70, 0x0000021e2ba26980, 0x0000021e2bc11030
}

Java Threads: ( => current thread )
  0x0000021e0db02630 JavaThread "main" [_thread_blocked, id=11712, stack(0x0000004d8c100000,0x0000004d8c200000)]
  0x0000021e238d2010 JavaThread "Reference Handler" daemon [_thread_blocked, id=13112, stack(0x0000004d8c400000,0x0000004d8c500000)]
  0x0000021e238d3280 JavaThread "Finalizer" daemon [_thread_blocked, id=19436, stack(0x0000004d8c500000,0x0000004d8c600000)]
  0x0000021e289f62b0 JavaThread "Signal Dispatcher" daemon [_thread_blocked, id=6220, stack(0x0000004d8c600000,0x0000004d8c700000)]
  0x0000021e28a11dd0 JavaThread "Attach Listener" daemon [_thread_blocked, id=16356, stack(0x0000004d8c700000,0x0000004d8c800000)]
  0x0000021e28a131d0 JavaThread "Service Thread" daemon [_thread_blocked, id=3308, stack(0x0000004d8c800000,0x0000004d8c900000)]
  0x0000021e28a13d90 JavaThread "Monitor Deflation Thread" daemon [_thread_blocked, id=3416, stack(0x0000004d8c900000,0x0000004d8ca00000)]
=>0x0000021e28a19570 JavaThread "C2 CompilerThread0" daemon [_thread_in_native, id=15620, stack(0x0000004d8ca00000,0x0000004d8cb00000)]
  0x0000021e28a1ec00 JavaThread "C1 CompilerThread0" daemon [_thread_in_vm, id=10368, stack(0x0000004d8cb00000,0x0000004d8cc00000)]
  0x0000021e28a1f9f0 JavaThread "Sweeper thread" daemon [_thread_blocked, id=5652, stack(0x0000004d8cc00000,0x0000004d8cd00000)]
  0x0000021e28a3b390 JavaThread "Common-Cleaner" daemon [_thread_blocked, id=13884, stack(0x0000004d8cd00000,0x0000004d8ce00000)]
  0x0000021e28d23b20 JavaThread "Notification Thread" daemon [_thread_blocked, id=15428, stack(0x0000004d8cf00000,0x0000004d8d000000)]
  0x0000021e29ddc100 JavaThread "Active Thread: Equinox Container: cf719a39-cbc5-4629-b288-aaeaa14baaca" [_thread_blocked, id=2276, stack(0x0000004d8d800000,0x0000004d8d900000)]
  0x0000021e2a4e9030 JavaThread "Framework Event Dispatcher: Equinox Container: cf719a39-cbc5-4629-b288-aaeaa14baaca" daemon [_thread_blocked, id=7512, stack(0x0000004d8d900000,0x0000004d8da00000)]
  0x0000021e2a6cefc0 JavaThread "Start Level: Equinox Container: cf719a39-cbc5-4629-b288-aaeaa14baaca" daemon [_thread_blocked, id=15920, stack(0x0000004d8da00000,0x0000004d8db00000)]
  0x0000021e2a3fc750 JavaThread "SCR Component Actor" daemon [_thread_blocked, id=17508, stack(0x0000004d8db00000,0x0000004d8dc00000)]
  0x0000021e2a7a0f90 JavaThread "Worker-JM" [_thread_blocked, id=4648, stack(0x0000004d8de00000,0x0000004d8df00000)]
  0x0000021e2a7a19b0 JavaThread "Worker-0" [_thread_blocked, id=15708, stack(0x0000004d8df00000,0x0000004d8e000000)]
  0x0000021e2a7a14a0 JavaThread "Worker-1" [_thread_blocked, id=13540, stack(0x0000004d8e000000,0x0000004d8e100000)]
  0x0000021e2a7a0060 JavaThread "Worker-2" [_thread_blocked, id=9556, stack(0x0000004d8d100000,0x0000004d8d200000)]
  0x0000021e2b0ada60 JavaThread "JNA Cleaner" daemon [_thread_blocked, id=10524, stack(0x0000004d8e100000,0x0000004d8e200000)]
  0x0000021e2b0aeea0 JavaThread "pool-2-thread-1" [_thread_blocked, id=12168, stack(0x0000004d8ce00000,0x0000004d8cf00000)]
  0x0000021e2b0b44b0 JavaThread "WorkspaceEventsHandler" [_thread_blocked, id=13036, stack(0x0000004d8e300000,0x0000004d8e400000)]
  0x0000021e2b0b1720 JavaThread "pool-1-thread-1" [_thread_in_native, id=4440, stack(0x0000004d8e400000,0x0000004d8e500000)]
  0x0000021e2b0af3b0 JavaThread "ForkJoinPool.commonPool-worker-1" daemon [_thread_in_Java, id=4408, stack(0x0000004d8e600000,0x0000004d8e700000)]
  0x0000021e2b0adf70 JavaThread "ForkJoinPool.commonPool-worker-2" daemon [_thread_blocked, id=10864, stack(0x0000004d8e700000,0x0000004d8e800000)]
  0x0000021e2ba26980 JavaThread "C2 CompilerThread1" daemon [_thread_in_native, id=8244, stack(0x0000004d8dd00000,0x0000004d8de00000)]
  0x0000021e2bc11030 JavaThread "C2 CompilerThread2" daemon [_thread_in_native, id=11120, stack(0x0000004d8e200000,0x0000004d8e300000)]

Other Threads:
  0x0000021e289e14b0 VMThread "VM Thread" [stack: 0x0000004d8c300000,0x0000004d8c400000] [id=3068]
  0x0000021e28d24000 WatcherThread [stack: 0x0000004d8d000000,0x0000004d8d100000] [id=12216]
  0x0000021e0db18b70 GCTaskThread "GC Thread#0" [stack: 0x0000004d8c200000,0x0000004d8c300000] [id=3676]
  0x0000021e2a065080 GCTaskThread "GC Thread#1" [stack: 0x0000004d8d200000,0x0000004d8d300000] [id=4348]
  0x0000021e2a065340 GCTaskThread "GC Thread#2" [stack: 0x0000004d8d300000,0x0000004d8d400000] [id=1180]
  0x0000021e2a065600 GCTaskThread "GC Thread#3" [stack: 0x0000004d8d400000,0x0000004d8d500000] [id=11760]
  0x0000021e2a288940 GCTaskThread "GC Thread#4" [stack: 0x0000004d8d500000,0x0000004d8d600000] [id=18048]
  0x0000021e2a0ff830 GCTaskThread "GC Thread#5" [stack: 0x0000004d8d600000,0x0000004d8d700000] [id=13640]
  0x0000021e2a0ffaf0 GCTaskThread "GC Thread#6" [stack: 0x0000004d8d700000,0x0000004d8d800000] [id=9008]
  0x0000021e2a3b8da0 GCTaskThread "GC Thread#7" [stack: 0x0000004d8dc00000,0x0000004d8dd00000] [id=15500]

Threads with active compile tasks:
C2 CompilerThread0     7729 4515       4       org.eclipse.jdt.internal.compiler.parser.Parser::consumeRule (7964 bytes)
C1 CompilerThread0     7729 4585   !   3       org.eclipse.jdt.internal.compiler.parser.Scanner::getNextToken0 (2518 bytes)
C2 CompilerThread1     7729 4518       4       org.eclipse.jdt.internal.compiler.parser.Parser::consumeToken (2355 bytes)
C2 CompilerThread2     7729 4583       4       java.lang.reflect.Field::getFieldAccessor (35 bytes)

VM state: not at safepoint (normal execution)

VM Mutex/Monitor currently owned by a thread: None

Heap address: 0x00000000c0000000, size: 1024 MB, Compressed Oops mode: 32-bit

CDS archive(s) not mapped
Compressed class space mapped at: 0x0000000100000000-0x0000000140000000, reserved size: 1073741824
Narrow klass base: 0x0000000000000000, Narrow klass shift: 3, Narrow klass range: 0x140000000

GC Precious Log:
 CPUs: 8 total, 8 available
 Memory: 7987M
 Large Page Support: Disabled
 NUMA Support: Disabled
 Compressed Oops: Enabled (32-bit)
 Alignments: Space 512K, Generation 512K, Heap 2M
 Heap Min Capacity: 100M
 Heap Initial Capacity: 100M
 Heap Max Capacity: 1G
 Pre-touch: Disabled
 Parallel Workers: 8

Heap:
 PSYoungGen      total 23040K, used 7226K [0x00000000eab00000, 0x00000000ec280000, 0x0000000100000000)
  eden space 22016K, 29% used [0x00000000eab00000,0x00000000eb150450,0x00000000ec080000)
  from space 1024K, 74% used [0x00000000ec180000,0x00000000ec23e490,0x00000000ec280000)
  to   space 1024K, 0% used [0x00000000ec080000,0x00000000ec080000,0x00000000ec180000)
 ParOldGen       total 68608K, used 28184K [0x00000000c0000000, 0x00000000c4300000, 0x00000000eab00000)
  object space 68608K, 41% used [0x00000000c0000000,0x00000000c1b861b0,0x00000000c4300000)
 Metaspace       used 45124K, committed 45888K, reserved 1114112K
  class space    used 4538K, committed 4864K, reserved 1048576K

Card table byte_map: [0x0000021e21150000,0x0000021e21360000] _byte_map_base: 0x0000021e20b50000

Marking Bits: (ParMarkBitMap*) 0x00007ff8afb9d7d0
 Begin Bits: [0x0000021e214c0000, 0x0000021e224c0000)
 End Bits:   [0x0000021e224c0000, 0x0000021e234c0000)

Polling page: 0x0000021e0dbb0000

Metaspace:

Usage:
  Non-class:     39.63 MB used.
      Class:      4.43 MB used.
       Both:     44.07 MB used.

Virtual space:
  Non-class space:       64.00 MB reserved,      40.06 MB ( 63%) committed,  1 nodes.
      Class space:        1.00 GB reserved,       4.75 MB ( <1%) committed,  1 nodes.
             Both:        1.06 GB reserved,      44.81 MB (  4%) committed. 

Chunk freelists:
   Non-Class:  7.19 MB
       Class:  11.16 MB
        Both:  18.35 MB

MaxMetaspaceSize: unlimited
CompressedClassSpaceSize: 1.00 GB
Initial GC threshold: 21.00 MB
Current GC threshold: 58.38 MB
CDS: off
MetaspaceReclaimPolicy: balanced
 - commit_granule_bytes: 65536.
 - commit_granule_words: 8192.
 - virtual_space_node_default_size: 8388608.
 - enlarge_chunks_in_place: 1.
 - new_chunks_are_fully_committed: 0.
 - uncommit_free_chunks: 1.
 - use_allocation_guard: 0.
 - handle_deallocations: 1.


Internal statistics:

num_allocs_failed_limit: 6.
num_arena_births: 404.
num_arena_deaths: 14.
num_vsnodes_births: 2.
num_vsnodes_deaths: 0.
num_space_committed: 717.
num_space_uncommitted: 0.
num_chunks_returned_to_freelist: 20.
num_chunks_taken_from_freelist: 1896.
num_chunk_merges: 8.
num_chunk_splits: 1249.
num_chunks_enlarged: 849.
num_inconsistent_stats: 0.

CodeHeap 'non-profiled nmethods': size=120000Kb used=2666Kb max_used=2666Kb free=117333Kb
 bounds [0x0000021e19a30000, 0x0000021e19cd0000, 0x0000021e20f60000]
CodeHeap 'profiled nmethods': size=120000Kb used=9837Kb max_used=9837Kb free=110162Kb
 bounds [0x0000021e11f60000, 0x0000021e12900000, 0x0000021e19490000]
CodeHeap 'non-nmethods': size=5760Kb used=1321Kb max_used=1370Kb free=4438Kb
 bounds [0x0000021e19490000, 0x0000021e19700000, 0x0000021e19a30000]
 total_blobs=5213 nmethods=4570 adapters=557
 compilation: enabled
              stopped_count=0, restarted_count=0
 full_count=0

Compilation events (20 events):
Event: 7.679 Thread 0x0000021e28a1ec00 nmethod 4543 0x0000021e19cc8b10 code [0x0000021e19cc8ca0, 0x0000021e19cc8d78]
Event: 7.689 Thread 0x0000021e2bc11030 nmethod 4544% 0x0000021e19cc8e10 code [0x0000021e19cc8fa0, 0x0000021e19cc94d8]
Event: 7.689 Thread 0x0000021e2bc11030 4545       4       java.io.File::isInvalid (47 bytes)
Event: 7.692 Thread 0x0000021e2bc11030 nmethod 4545 0x0000021e19cc9690 code [0x0000021e19cc9820, 0x0000021e19cc9a18]
Event: 7.692 Thread 0x0000021e28a1ec00 4546   !   3       org.eclipse.jdt.core.dom.AST::disableEvents (26 bytes)
Event: 7.692 Thread 0x0000021e28a1ec00 nmethod 4546 0x0000021e128ed610 code [0x0000021e128ed7a0, 0x0000021e128ed998]
Event: 7.692 Thread 0x0000021e28a1ec00 4549       3       org.eclipse.jdt.core.dom.AST::modifying (19 bytes)
Event: 7.692 Thread 0x0000021e28a1ec00 nmethod 4549 0x0000021e128eda90 code [0x0000021e128edc20, 0x0000021e128eddb8]
Event: 7.693 Thread 0x0000021e28a1ec00 4547   !   3       org.eclipse.jdt.core.dom.AST::reenableEvents (26 bytes)
Event: 7.693 Thread 0x0000021e2bc11030 4552       4       java.lang.Class::cast (27 bytes)
Event: 7.693 Thread 0x0000021e28a1ec00 nmethod 4547 0x0000021e128ede90 code [0x0000021e128ee020, 0x0000021e128ee218]
Event: 7.693 Thread 0x0000021e28a1ec00 4548       1       org.eclipse.jdt.core.dom.ASTNode::getParent (5 bytes)
Event: 7.693 Thread 0x0000021e28a1ec00 nmethod 4548 0x0000021e19cc9c10 code [0x0000021e19cc9da0, 0x0000021e19cc9e78]
Event: 7.693 Thread 0x0000021e28a1ec00 4550       1       org.eclipse.jdt.core.dom.AST::getDefaultNodeFlag (5 bytes)
Event: 7.693 Thread 0x0000021e28a1ec00 nmethod 4550 0x0000021e19cc9f10 code [0x0000021e19cca0a0, 0x0000021e19cca178]
Event: 7.693 Thread 0x0000021e28a1ec00 4551       1       org.eclipse.jdt.core.dom.AST::getBindingResolver (5 bytes)
Event: 7.693 Thread 0x0000021e28a1ec00 nmethod 4551 0x0000021e19cca210 code [0x0000021e19cca3a0, 0x0000021e19cca478]
Event: 7.693 Thread 0x0000021e28a1ec00 4553       3       org.eclipse.jdt.core.dom.ASTNode::checkModifiable (28 bytes)
Event: 7.694 Thread 0x0000021e28a1ec00 nmethod 4553 0x0000021e128ee310 code [0x0000021e128ee4c0, 0x0000021e128ee6f8]
Event: 7.694 Thread 0x0000021e2bc11030 nmethod 4552 0x0000021e19cca510 code [0x0000021e19cca680, 0x0000021e19cca778]

GC Heap History (20 events):
Event: 4.694 GC heap before
{Heap before GC invocations=13 (full 2):
 PSYoungGen      total 25600K, used 25152K [0x00000000eab00000, 0x00000000ec900000, 0x0000000100000000)
  eden space 23040K, 100% used [0x00000000eab00000,0x00000000ec180000,0x00000000ec180000)
  from space 2560K, 82% used [0x00000000ec680000,0x00000000ec890040,0x00000000ec900000)
  to   space 3072K, 0% used [0x00000000ec300000,0x00000000ec300000,0x00000000ec600000)
 ParOldGen       total 68608K, used 12924K [0x00000000c0000000, 0x00000000c4300000, 0x00000000eab00000)
  object space 68608K, 18% used [0x00000000c0000000,0x00000000c0c9f218,0x00000000c4300000)
 Metaspace       used 36860K, committed 37568K, reserved 1114112K
  class space    used 3747K, committed 4096K, reserved 1048576K
}
Event: 4.697 GC heap after
{Heap after GC invocations=13 (full 2):
 PSYoungGen      total 24576K, used 2016K [0x00000000eab00000, 0x00000000ec700000, 0x0000000100000000)
  eden space 22528K, 0% used [0x00000000eab00000,0x00000000eab00000,0x00000000ec100000)
  from space 2048K, 98% used [0x00000000ec300000,0x00000000ec4f8010,0x00000000ec500000)
  to   space 2048K, 0% used [0x00000000ec500000,0x00000000ec500000,0x00000000ec700000)
 ParOldGen       total 68608K, used 14860K [0x00000000c0000000, 0x00000000c4300000, 0x00000000eab00000)
  object space 68608K, 21% used [0x00000000c0000000,0x00000000c0e83258,0x00000000c4300000)
 Metaspace       used 36860K, committed 37568K, reserved 1114112K
  class space    used 3747K, committed 4096K, reserved 1048576K
}
Event: 4.821 GC heap before
{Heap before GC invocations=14 (full 2):
 PSYoungGen      total 24576K, used 24544K [0x00000000eab00000, 0x00000000ec700000, 0x0000000100000000)
  eden space 22528K, 100% used [0x00000000eab00000,0x00000000ec100000,0x00000000ec100000)
  from space 2048K, 98% used [0x00000000ec300000,0x00000000ec4f8010,0x00000000ec500000)
  to   space 2048K, 0% used [0x00000000ec500000,0x00000000ec500000,0x00000000ec700000)
 ParOldGen       total 68608K, used 14860K [0x00000000c0000000, 0x00000000c4300000, 0x00000000eab00000)
  object space 68608K, 21% used [0x00000000c0000000,0x00000000c0e83258,0x00000000c4300000)
 Metaspace       used 36944K, committed 37632K, reserved 1114112K
  class space    used 3759K, committed 4096K, reserved 1048576K
}
Event: 4.824 GC heap after
{Heap after GC invocations=14 (full 2):
 PSYoungGen      total 24064K, used 2016K [0x00000000eab00000, 0x00000000ec980000, 0x0000000100000000)
  eden space 22016K, 0% used [0x00000000eab00000,0x00000000eab00000,0x00000000ec080000)
  from space 2048K, 98% used [0x00000000ec500000,0x00000000ec6f8010,0x00000000ec700000)
  to   space 4608K, 0% used [0x00000000ec080000,0x00000000ec080000,0x00000000ec500000)
 ParOldGen       total 68608K, used 16708K [0x00000000c0000000, 0x00000000c4300000, 0x00000000eab00000)
  object space 68608K, 24% used [0x00000000c0000000,0x00000000c1051258,0x00000000c4300000)
 Metaspace       used 36944K, committed 37632K, reserved 1114112K
  class space    used 3759K, committed 4096K, reserved 1048576K
}
Event: 4.890 GC heap before
{Heap before GC invocations=15 (full 2):
 PSYoungGen      total 24064K, used 24032K [0x00000000eab00000, 0x00000000ec980000, 0x0000000100000000)
  eden space 22016K, 100% used [0x00000000eab00000,0x00000000ec080000,0x00000000ec080000)
  from space 2048K, 98% used [0x00000000ec500000,0x00000000ec6f8010,0x00000000ec700000)
  to   space 4608K, 0% used [0x00000000ec080000,0x00000000ec080000,0x00000000ec500000)
 ParOldGen       total 68608K, used 16708K [0x00000000c0000000, 0x00000000c4300000, 0x00000000eab00000)
  object space 68608K, 24% used [0x00000000c0000000,0x00000000c1051258,0x00000000c4300000)
 Metaspace       used 36945K, committed 37632K, reserved 1114112K
  class space    used 3759K, committed 4096K, reserved 1048576K
}
Event: 4.893 GC heap after
{Heap after GC invocations=15 (full 2):
 PSYoungGen      total 24064K, used 2048K [0x00000000eab00000, 0x00000000ec680000, 0x0000000100000000)
  eden space 22016K, 0% used [0x00000000eab00000,0x00000000eab00000,0x00000000ec080000)
  from space 2048K, 100% used [0x00000000ec080000,0x00000000ec280000,0x00000000ec280000)
  to   space 3072K, 0% used [0x00000000ec380000,0x00000000ec380000,0x00000000ec680000)
 ParOldGen       total 68608K, used 18604K [0x00000000c0000000, 0x00000000c4300000, 0x00000000eab00000)
  object space 68608K, 27% used [0x00000000c0000000,0x00000000c122b268,0x00000000c4300000)
 Metaspace       used 36945K, committed 37632K, reserved 1114112K
  class space    used 3759K, committed 4096K, reserved 1048576K
}
Event: 4.969 GC heap before
{Heap before GC invocations=16 (full 2):
 PSYoungGen      total 24064K, used 24064K [0x00000000eab00000, 0x00000000ec680000, 0x0000000100000000)
  eden space 22016K, 100% used [0x00000000eab00000,0x00000000ec080000,0x00000000ec080000)
  from space 2048K, 100% used [0x00000000ec080000,0x00000000ec280000,0x00000000ec280000)
  to   space 3072K, 0% used [0x00000000ec380000,0x00000000ec380000,0x00000000ec680000)
 ParOldGen       total 68608K, used 18604K [0x00000000c0000000, 0x00000000c4300000, 0x00000000eab00000)
  object space 68608K, 27% used [0x00000000c0000000,0x00000000c122b268,0x00000000c4300000)
 Metaspace       used 36945K, committed 37632K, reserved 1114112K
  class space    used 3759K, committed 4096K, reserved 1048576K
}
Event: 4.973 GC heap after
{Heap after GC invocations=16 (full 2):
 PSYoungGen      total 24576K, used 2304K [0x00000000eab00000, 0x00000000ec600000, 0x0000000100000000)
  eden space 22016K, 0% used [0x00000000eab00000,0x00000000eab00000,0x00000000ec080000)
  from space 2560K, 90% used [0x00000000ec380000,0x00000000ec5c0010,0x00000000ec600000)
  to   space 2560K, 0% used [0x00000000ec100000,0x00000000ec100000,0x00000000ec380000)
 ParOldGen       total 68608K, used 20548K [0x00000000c0000000, 0x00000000c4300000, 0x00000000eab00000)
  object space 68608K, 29% used [0x00000000c0000000,0x00000000c1411268,0x00000000c4300000)
 Metaspace       used 36945K, committed 37632K, reserved 1114112K
  class space    used 3759K, committed 4096K, reserved 1048576K
}
Event: 5.093 GC heap before
{Heap before GC invocations=17 (full 2):
 PSYoungGen      total 24576K, used 24320K [0x00000000eab00000, 0x00000000ec600000, 0x0000000100000000)
  eden space 22016K, 100% used [0x00000000eab00000,0x00000000ec080000,0x00000000ec080000)
  from space 2560K, 90% used [0x00000000ec380000,0x00000000ec5c0010,0x00000000ec600000)
  to   space 2560K, 0% used [0x00000000ec100000,0x00000000ec100000,0x00000000ec380000)
 ParOldGen       total 68608K, used 20548K [0x00000000c0000000, 0x00000000c4300000, 0x00000000eab00000)
  object space 68608K, 29% used [0x00000000c0000000,0x00000000c1411268,0x00000000c4300000)
 Metaspace       used 36945K, committed 37632K, reserved 1114112K
  class space    used 3759K, committed 4096K, reserved 1048576K
}
Event: 5.097 GC heap after
{Heap after GC invocations=17 (full 2):
 PSYoungGen      total 24064K, used 1920K [0x00000000eab00000, 0x00000000ec580000, 0x0000000100000000)
  eden space 22016K, 0% used [0x00000000eab00000,0x00000000eab00000,0x00000000ec080000)
  from space 2048K, 93% used [0x00000000ec100000,0x00000000ec2e0000,0x00000000ec300000)
  to   space 2560K, 0% used [0x00000000ec300000,0x00000000ec300000,0x00000000ec580000)
 ParOldGen       total 68608K, used 22764K [0x00000000c0000000, 0x00000000c4300000, 0x00000000eab00000)
  object space 68608K, 33% used [0x00000000c0000000,0x00000000c163b278,0x00000000c4300000)
 Metaspace       used 36945K, committed 37632K, reserved 1114112K
  class space    used 3759K, committed 4096K, reserved 1048576K
}
Event: 5.419 GC heap before
{Heap before GC invocations=18 (full 2):
 PSYoungGen      total 24064K, used 23932K [0x00000000eab00000, 0x00000000ec580000, 0x0000000100000000)
  eden space 22016K, 99% used [0x00000000eab00000,0x00000000ec07f2d8,0x00000000ec080000)
  from space 2048K, 93% used [0x00000000ec100000,0x00000000ec2e0000,0x00000000ec300000)
  to   space 2560K, 0% used [0x00000000ec300000,0x00000000ec300000,0x00000000ec580000)
 ParOldGen       total 68608K, used 22764K [0x00000000c0000000, 0x00000000c4300000, 0x00000000eab00000)
  object space 68608K, 33% used [0x00000000c0000000,0x00000000c163b278,0x00000000c4300000)
 Metaspace       used 38416K, committed 39104K, reserved 1114112K
  class space    used 3932K, committed 4224K, reserved 1048576K
}
Event: 5.423 GC heap after
{Heap after GC invocations=18 (full 2):
 PSYoungGen      total 24576K, used 2336K [0x00000000eab00000, 0x00000000ec580000, 0x0000000100000000)
  eden space 22016K, 0% used [0x00000000eab00000,0x00000000eab00000,0x00000000ec080000)
  from space 2560K, 91% used [0x00000000ec300000,0x00000000ec548000,0x00000000ec580000)
  to   space 2560K, 0% used [0x00000000ec080000,0x00000000ec080000,0x00000000ec300000)
 ParOldGen       total 68608K, used 24580K [0x00000000c0000000, 0x00000000c4300000, 0x00000000eab00000)
  object space 68608K, 35% used [0x00000000c0000000,0x00000000c1801278,0x00000000c4300000)
 Metaspace       used 38416K, committed 39104K, reserved 1114112K
  class space    used 3932K, committed 4224K, reserved 1048576K
}
Event: 5.984 GC heap before
{Heap before GC invocations=19 (full 2):
 PSYoungGen      total 24576K, used 24352K [0x00000000eab00000, 0x00000000ec580000, 0x0000000100000000)
  eden space 22016K, 100% used [0x00000000eab00000,0x00000000ec080000,0x00000000ec080000)
  from space 2560K, 91% used [0x00000000ec300000,0x00000000ec548000,0x00000000ec580000)
  to   space 2560K, 0% used [0x00000000ec080000,0x00000000ec080000,0x00000000ec300000)
 ParOldGen       total 68608K, used 24580K [0x00000000c0000000, 0x00000000c4300000, 0x00000000eab00000)
  object space 68608K, 35% used [0x00000000c0000000,0x00000000c1801278,0x00000000c4300000)
 Metaspace       used 40330K, committed 41024K, reserved 1114112K
  class space    used 4123K, committed 4416K, reserved 1048576K
}
Event: 5.986 GC heap after
{Heap after GC invocations=19 (full 2):
 PSYoungGen      total 23040K, used 760K [0x00000000eab00000, 0x00000000ec380000, 0x0000000100000000)
  eden space 22016K, 0% used [0x00000000eab00000,0x00000000eab00000,0x00000000ec080000)
  from space 1024K, 74% used [0x00000000ec080000,0x00000000ec13e218,0x00000000ec180000)
  to   space 1536K, 0% used [0x00000000ec200000,0x00000000ec200000,0x00000000ec380000)
 ParOldGen       total 68608K, used 26839K [0x00000000c0000000, 0x00000000c4300000, 0x00000000eab00000)
  object space 68608K, 39% used [0x00000000c0000000,0x00000000c1a35d40,0x00000000c4300000)
 Metaspace       used 40330K, committed 41024K, reserved 1114112K
  class space    used 4123K, committed 4416K, reserved 1048576K
}
Event: 6.295 GC heap before
{Heap before GC invocations=20 (full 2):
 PSYoungGen      total 23040K, used 22776K [0x00000000eab00000, 0x00000000ec380000, 0x0000000100000000)
  eden space 22016K, 100% used [0x00000000eab00000,0x00000000ec080000,0x00000000ec080000)
  from space 1024K, 74% used [0x00000000ec080000,0x00000000ec13e218,0x00000000ec180000)
  to   space 1536K, 0% used [0x00000000ec200000,0x00000000ec200000,0x00000000ec380000)
 ParOldGen       total 68608K, used 26839K [0x00000000c0000000, 0x00000000c4300000, 0x00000000eab00000)
  object space 68608K, 39% used [0x00000000c0000000,0x00000000c1a35d40,0x00000000c4300000)
 Metaspace       used 41555K, committed 42240K, reserved 1114112K
  class space    used 4236K, committed 4544K, reserved 1048576K
}
Event: 6.296 GC heap after
{Heap after GC invocations=20 (full 2):
 PSYoungGen      total 23552K, used 1261K [0x00000000eab00000, 0x00000000ec380000, 0x0000000100000000)
  eden space 22016K, 0% used [0x00000000eab00000,0x00000000eab00000,0x00000000ec080000)
  from space 1536K, 82% used [0x00000000ec200000,0x00000000ec33b6e0,0x00000000ec380000)
  to   space 1536K, 0% used [0x00000000ec080000,0x00000000ec080000,0x00000000ec200000)
 ParOldGen       total 68608K, used 27384K [0x00000000c0000000, 0x00000000c4300000, 0x00000000eab00000)
  object space 68608K, 39% used [0x00000000c0000000,0x00000000c1abe208,0x00000000c4300000)
 Metaspace       used 41555K, committed 42240K, reserved 1114112K
  class space    used 4236K, committed 4544K, reserved 1048576K
}
Event: 6.420 GC heap before
{Heap before GC invocations=21 (full 2):
 PSYoungGen      total 23552K, used 23277K [0x00000000eab00000, 0x00000000ec380000, 0x0000000100000000)
  eden space 22016K, 100% used [0x00000000eab00000,0x00000000ec080000,0x00000000ec080000)
  from space 1536K, 82% used [0x00000000ec200000,0x00000000ec33b6e0,0x00000000ec380000)
  to   space 1536K, 0% used [0x00000000ec080000,0x00000000ec080000,0x00000000ec200000)
 ParOldGen       total 68608K, used 27384K [0x00000000c0000000, 0x00000000c4300000, 0x00000000eab00000)
  object space 68608K, 39% used [0x00000000c0000000,0x00000000c1abe208,0x00000000c4300000)
 Metaspace       used 41580K, committed 42304K, reserved 1114112K
  class space    used 4236K, committed 4544K, reserved 1048576K
}
Event: 6.422 GC heap after
{Heap after GC invocations=21 (full 2):
 PSYoungGen      total 23040K, used 680K [0x00000000eab00000, 0x00000000ec280000, 0x0000000100000000)
  eden space 22016K, 0% used [0x00000000eab00000,0x00000000eab00000,0x00000000ec080000)
  from space 1024K, 66% used [0x00000000ec080000,0x00000000ec12a250,0x00000000ec180000)
  to   space 1024K, 0% used [0x00000000ec180000,0x00000000ec180000,0x00000000ec280000)
 ParOldGen       total 68608K, used 28168K [0x00000000c0000000, 0x00000000c4300000, 0x00000000eab00000)
  object space 68608K, 41% used [0x00000000c0000000,0x00000000c1b821b0,0x00000000c4300000)
 Metaspace       used 41580K, committed 42304K, reserved 1114112K
  class space    used 4236K, committed 4544K, reserved 1048576K
}
Event: 7.471 GC heap before
{Heap before GC invocations=22 (full 2):
 PSYoungGen      total 23040K, used 22696K [0x00000000eab00000, 0x00000000ec280000, 0x0000000100000000)
  eden space 22016K, 100% used [0x00000000eab00000,0x00000000ec080000,0x00000000ec080000)
  from space 1024K, 66% used [0x00000000ec080000,0x00000000ec12a250,0x00000000ec180000)
  to   space 1024K, 0% used [0x00000000ec180000,0x00000000ec180000,0x00000000ec280000)
 ParOldGen       total 68608K, used 28168K [0x00000000c0000000, 0x00000000c4300000, 0x00000000eab00000)
  object space 68608K, 41% used [0x00000000c0000000,0x00000000c1b821b0,0x00000000c4300000)
 Metaspace       used 44129K, committed 44800K, reserved 1114112K
  class space    used 4458K, committed 4736K, reserved 1048576K
}
Event: 7.472 GC heap after
{Heap after GC invocations=22 (full 2):
 PSYoungGen      total 23040K, used 761K [0x00000000eab00000, 0x00000000ec280000, 0x0000000100000000)
  eden space 22016K, 0% used [0x00000000eab00000,0x00000000eab00000,0x00000000ec080000)
  from space 1024K, 74% used [0x00000000ec180000,0x00000000ec23e490,0x00000000ec280000)
  to   space 1024K, 0% used [0x00000000ec080000,0x00000000ec080000,0x00000000ec180000)
 ParOldGen       total 68608K, used 28184K [0x00000000c0000000, 0x00000000c4300000, 0x00000000eab00000)
  object space 68608K, 41% used [0x00000000c0000000,0x00000000c1b861b0,0x00000000c4300000)
 Metaspace       used 44129K, committed 44800K, reserved 1114112K
  class space    used 4458K, committed 4736K, reserved 1048576K
}

Dll operation events (10 events):
Event: 0.012 Loaded shared library c:\Users\Kiet\.vscode\extensions\redhat.java-1.28.1-win32-x64\jre\17.0.10-win32-x86_64\bin\java.dll
Event: 0.220 Loaded shared library c:\Users\Kiet\.vscode\extensions\redhat.java-1.28.1-win32-x64\jre\17.0.10-win32-x86_64\bin\zip.dll
Event: 0.224 Loaded shared library C:\Users\Kiet\.vscode\extensions\redhat.java-1.28.1-win32-x64\jre\17.0.10-win32-x86_64\bin\instrument.dll
Event: 0.240 Loaded shared library C:\Users\Kiet\.vscode\extensions\redhat.java-1.28.1-win32-x64\jre\17.0.10-win32-x86_64\bin\net.dll
Event: 0.243 Loaded shared library C:\Users\Kiet\.vscode\extensions\redhat.java-1.28.1-win32-x64\jre\17.0.10-win32-x86_64\bin\nio.dll
Event: 0.253 Loaded shared library C:\Users\Kiet\.vscode\extensions\redhat.java-1.28.1-win32-x64\jre\17.0.10-win32-x86_64\bin\zip.dll
Event: 0.276 Loaded shared library C:\Users\Kiet\.vscode\extensions\redhat.java-1.28.1-win32-x64\jre\17.0.10-win32-x86_64\bin\jimage.dll
Event: 0.363 Loaded shared library c:\Users\Kiet\.vscode\extensions\redhat.java-1.28.1-win32-x64\jre\17.0.10-win32-x86_64\bin\verify.dll
Event: 1.666 Loaded shared library C:\Users\Kiet\AppData\Roaming\Code\User\globalStorage\redhat.java\1.28.1\config_ss_win\org.eclipse.equinox.launcher\org.eclipse.equinox.launcher.win32.win32.x86_64_1.2.900.v20240129-1338\eclipse_11900.dll
Event: 3.859 Loaded shared library C:\Users\Kiet\AppData\Local\Temp\jna-2338477\jna2555098884694490282.dll

Deoptimization events (20 events):
Event: 7.624 Thread 0x0000021e2b0af3b0 Uncommon trap: trap_request=0xffffffde fr.pc=0x0000021e19c997c4 relative=0x0000000000000304
Event: 7.624 Thread 0x0000021e2b0af3b0 Uncommon trap: reason=class_check action=maybe_recompile pc=0x0000021e19c997c4 method=org.eclipse.jdt.internal.compiler.parser.Parser.consumeRule(I)V @ 4458 c2
Event: 7.624 Thread 0x0000021e2b0af3b0 DEOPT PACKING pc=0x0000021e19c997c4 sp=0x0000004d8e6fe170
Event: 7.624 Thread 0x0000021e2b0af3b0 DEOPT UNPACKING pc=0x0000021e194e9ea3 sp=0x0000004d8e6fe108 mode 2
Event: 7.625 Thread 0x0000021e2b0af3b0 Uncommon trap: trap_request=0xffffffde fr.pc=0x0000021e19c997c4 relative=0x0000000000000304
Event: 7.625 Thread 0x0000021e2b0af3b0 Uncommon trap: reason=class_check action=maybe_recompile pc=0x0000021e19c997c4 method=org.eclipse.jdt.internal.compiler.parser.Parser.consumeRule(I)V @ 4458 c2
Event: 7.625 Thread 0x0000021e2b0af3b0 DEOPT PACKING pc=0x0000021e19c997c4 sp=0x0000004d8e6fe170
Event: 7.625 Thread 0x0000021e2b0af3b0 DEOPT UNPACKING pc=0x0000021e194e9ea3 sp=0x0000004d8e6fe108 mode 2
Event: 7.627 Thread 0x0000021e2b0af3b0 Uncommon trap: trap_request=0xffffffcc fr.pc=0x0000021e19c94864 relative=0x0000000000000144
Event: 7.627 Thread 0x0000021e2b0af3b0 Uncommon trap: reason=intrinsic_or_type_checked_inlining action=make_not_entrant pc=0x0000021e19c94864 method=java.util.ArrayList$SubList.toArray([Ljava/lang/Object;)[Ljava/lang/Object; @ 58 c2
Event: 7.627 Thread 0x0000021e2b0af3b0 DEOPT PACKING pc=0x0000021e19c94864 sp=0x0000004d8e6fd950
Event: 7.627 Thread 0x0000021e2b0af3b0 DEOPT UNPACKING pc=0x0000021e194e9ea3 sp=0x0000004d8e6fd8f0 mode 2
Event: 7.663 Thread 0x0000021e2b0af3b0 Uncommon trap: trap_request=0xffffff45 fr.pc=0x0000021e19cbf8e8 relative=0x00000000000008a8
Event: 7.663 Thread 0x0000021e2b0af3b0 Uncommon trap: reason=unstable_if action=reinterpret pc=0x0000021e19cbf8e8 method=org.eclipse.jdt.internal.compiler.parser.Scanner.scanIdentifierOrKeyword()I @ 27 c2
Event: 7.663 Thread 0x0000021e2b0af3b0 DEOPT PACKING pc=0x0000021e19cbf8e8 sp=0x0000004d8e6fe160
Event: 7.663 Thread 0x0000021e2b0af3b0 DEOPT UNPACKING pc=0x0000021e194e9ea3 sp=0x0000004d8e6fe020 mode 2
Event: 7.665 Thread 0x0000021e2b0af3b0 Uncommon trap: trap_request=0xffffff45 fr.pc=0x0000021e19c8c778 relative=0x00000000000000d8
Event: 7.665 Thread 0x0000021e2b0af3b0 Uncommon trap: reason=unstable_if action=reinterpret pc=0x0000021e19c8c778 method=org.eclipse.jdt.internal.compiler.parser.Scanner.scanIdentifierOrKeyword()I @ 27 c2
Event: 7.665 Thread 0x0000021e2b0af3b0 DEOPT PACKING pc=0x0000021e19c8c778 sp=0x0000004d8e6fdd70
Event: 7.665 Thread 0x0000021e2b0af3b0 DEOPT UNPACKING pc=0x0000021e194e9ea3 sp=0x0000004d8e6fdcf8 mode 2

Classes unloaded (7 events):
Event: 2.393 Thread 0x0000021e289e14b0 Unloading class 0x000000010021a400 'java/lang/invoke/LambdaForm$MH+0x000000010021a400'
Event: 2.393 Thread 0x0000021e289e14b0 Unloading class 0x000000010021a000 'java/lang/invoke/LambdaForm$MH+0x000000010021a000'
Event: 2.393 Thread 0x0000021e289e14b0 Unloading class 0x0000000100219c00 'java/lang/invoke/LambdaForm$MH+0x0000000100219c00'
Event: 2.393 Thread 0x0000021e289e14b0 Unloading class 0x0000000100219800 'java/lang/invoke/LambdaForm$MH+0x0000000100219800'
Event: 2.393 Thread 0x0000021e289e14b0 Unloading class 0x0000000100219400 'java/lang/invoke/LambdaForm$BMH+0x0000000100219400'
Event: 2.393 Thread 0x0000021e289e14b0 Unloading class 0x0000000100219000 'java/lang/invoke/LambdaForm$DMH+0x0000000100219000'
Event: 2.393 Thread 0x0000021e289e14b0 Unloading class 0x0000000100214400 'java/lang/invoke/LambdaForm$DMH+0x0000000100214400'

Classes redefined (0 events):
No events

Internal exceptions (20 events):
Event: 3.923 Thread 0x0000021e0db02630 Exception <a 'java/lang/NoSuchMethodError'{0x00000000eb2cb108}: 'java.lang.Object java.lang.invoke.DirectMethodHandle$Holder.invokeStaticInit(java.lang.Object, java.lang.Object, long, java.lang.Object)'> (0x00000000eb2cb108) 
thrown [s\src\hotspot\share\interpreter\linkResolver.cpp, line 759]
Event: 3.924 Thread 0x0000021e0db02630 Exception <a 'java/lang/NoSuchMethodError'{0x00000000eb2d19b0}: 'java.lang.Object java.lang.invoke.DirectMethodHandle$Holder.newInvokeSpecial(java.lang.Object, java.lang.Object, long)'> (0x00000000eb2d19b0) 
thrown [s\src\hotspot\share\interpreter\linkResolver.cpp, line 759]
Event: 3.968 Thread 0x0000021e0db02630 Exception <a 'java/lang/NoSuchMethodError'{0x00000000eb493358}: 'void java.lang.invoke.DirectMethodHandle$Holder.invokeStatic(java.lang.Object, java.lang.Object, java.lang.Object, java.lang.Object)'> (0x00000000eb493358) 
thrown [s\src\hotspot\share\interpreter\linkResolver.cpp, line 759]
Event: 4.086 Thread 0x0000021e0db02630 Exception <a 'java/lang/NoSuchMethodError'{0x00000000ebce9578}: 'void java.lang.invoke.DirectMethodHandle$Holder.invokeSpecial(java.lang.Object, java.lang.Object, java.lang.Object, java.lang.Object, java.lang.Object, java.lang.Object)'> (0x00000000ebce9578) 
thrown [s\src\hotspot\share\interpreter\linkResolver.cpp, line 759]
Event: 4.087 Thread 0x0000021e0db02630 Exception <a 'java/lang/IncompatibleClassChangeError'{0x00000000ebcf31c0}: Found class java.lang.Object, but interface was expected> (0x00000000ebcf31c0) 
thrown [s\src\hotspot\share\interpreter\linkResolver.cpp, line 826]
Event: 4.201 Thread 0x0000021e2b0b1720 Exception <a 'java/io/FileNotFoundException'{0x00000000eab95f50}> (0x00000000eab95f50) 
thrown [s\src\hotspot\share\prims\jni.cpp, line 516]
Event: 4.231 Thread 0x0000021e2b0b1720 Exception <a 'sun/nio/fs/WindowsException'{0x00000000ead523e8}> (0x00000000ead523e8) 
thrown [s\src\hotspot\share\prims\jni.cpp, line 516]
Event: 4.235 Thread 0x0000021e2a7a19b0 Exception <a 'java/io/FileNotFoundException'{0x00000000ead8a290}> (0x00000000ead8a290) 
thrown [s\src\hotspot\share\prims\jni.cpp, line 516]
Event: 4.236 Thread 0x0000021e2a7a19b0 Exception <a 'java/io/FileNotFoundException'{0x00000000ead8b288}> (0x00000000ead8b288) 
thrown [s\src\hotspot\share\prims\jni.cpp, line 516]
Event: 4.236 Thread 0x0000021e2a7a19b0 Exception <a 'java/io/FileNotFoundException'{0x00000000ead8bff8}> (0x00000000ead8bff8) 
thrown [s\src\hotspot\share\prims\jni.cpp, line 516]
Event: 4.323 Thread 0x0000021e2b0b1720 Exception <a 'java/lang/NoSuchMethodError'{0x00000000eae84fb0}: 'int java.lang.invoke.DirectMethodHandle$Holder.invokeVirtual(java.lang.Object, java.lang.Object)'> (0x00000000eae84fb0) 
thrown [s\src\hotspot\share\interpreter\linkResolver.cpp, line 759]
Event: 4.324 Thread 0x0000021e2a7a14a0 Exception <a 'java/lang/NoSuchMethodError'{0x00000000eaeb7f48}: 'java.lang.Object java.lang.invoke.Invokers$Holder.invoke_MT(java.lang.Object, java.lang.Object, java.lang.Object)'> (0x00000000eaeb7f48) 
thrown [s\src\hotspot\share\interpreter\linkResolver.cpp, line 759]
Event: 4.577 Thread 0x0000021e2a7a14a0 Exception <a 'java/io/FileNotFoundException'{0x00000000eb08d348}> (0x00000000eb08d348) 
thrown [s\src\hotspot\share\prims\jni.cpp, line 516]
Event: 4.578 Thread 0x0000021e2a7a14a0 Exception <a 'java/io/FileNotFoundException'{0x00000000eb08e868}> (0x00000000eb08e868) 
thrown [s\src\hotspot\share\prims\jni.cpp, line 516]
Event: 4.582 Thread 0x0000021e2a7a14a0 Exception <a 'java/lang/NoSuchMethodError'{0x00000000eb09fe68}: 'void java.lang.invoke.DirectMethodHandle$Holder.invokeStaticInit(java.lang.Object, java.lang.Object, java.lang.Object)'> (0x00000000eb09fe68) 
thrown [s\src\hotspot\share\interpreter\linkResolver.cpp, line 759]
Event: 5.217 Thread 0x0000021e2b0b1720 Exception <a 'java/lang/NoSuchMethodError'{0x00000000eb60abc0}: 'java.lang.Object java.lang.invoke.DirectMethodHandle$Holder.invokeInterface(java.lang.Object, java.lang.Object, java.lang.Object)'> (0x00000000eb60abc0) 
thrown [s\src\hotspot\share\interpreter\linkResolver.cpp, line 759]
Event: 6.104 Thread 0x0000021e2b0b1720 Implicit null exception at 0x0000021e19c4374b to 0x0000021e19c44394
Event: 6.104 Thread 0x0000021e2b0b1720 Implicit null exception at 0x0000021e19c460cf to 0x0000021e19c46dd8
Event: 7.565 Thread 0x0000021e2b0af3b0 Exception <a 'java/lang/NoSuchMethodError'{0x00000000ead5b368}: 'int java.lang.invoke.DirectMethodHandle$Holder.invokeInterface(java.lang.Object, java.lang.Object)'> (0x00000000ead5b368) 
thrown [s\src\hotspot\share\interpreter\linkResolver.cpp, line 759]
Event: 7.565 Thread 0x0000021e2b0af3b0 Exception <a 'java/lang/IncompatibleClassChangeError'{0x00000000ead5ede8}: Found class java.lang.Object, but interface was expected> (0x00000000ead5ede8) 
thrown [s\src\hotspot\share\interpreter\linkResolver.cpp, line 826]

VM Operations (20 events):
Event: 5.419 Executing VM operation: ParallelGCFailedAllocation
Event: 5.423 Executing VM operation: ParallelGCFailedAllocation done
Event: 5.565 Executing VM operation: HandshakeAllThreads
Event: 5.565 Executing VM operation: HandshakeAllThreads done
Event: 5.984 Executing VM operation: ParallelGCFailedAllocation
Event: 5.986 Executing VM operation: ParallelGCFailedAllocation done
Event: 6.295 Executing VM operation: ParallelGCFailedAllocation
Event: 6.296 Executing VM operation: ParallelGCFailedAllocation done
Event: 6.420 Executing VM operation: ParallelGCFailedAllocation
Event: 6.422 Executing VM operation: ParallelGCFailedAllocation done
Event: 6.661 Executing VM operation: HandshakeAllThreads
Event: 6.661 Executing VM operation: HandshakeAllThreads done
Event: 7.218 Executing VM operation: HandshakeAllThreads
Event: 7.218 Executing VM operation: HandshakeAllThreads done
Event: 7.471 Executing VM operation: ParallelGCFailedAllocation
Event: 7.472 Executing VM operation: ParallelGCFailedAllocation done
Event: 7.475 Executing VM operation: HandshakeAllThreads
Event: 7.475 Executing VM operation: HandshakeAllThreads done
Event: 7.619 Executing VM operation: HandshakeAllThreads
Event: 7.619 Executing VM operation: HandshakeAllThreads done

Events (20 events):
Event: 7.476 loading class java/util/regex/Pattern$1
Event: 7.476 loading class java/util/regex/Pattern$1 done
Event: 7.479 Thread 0x0000021e2ba26980 Thread added: 0x0000021e2ba26980
Event: 7.487 loading class java/lang/UnsupportedClassVersionError
Event: 7.487 loading class java/lang/UnsupportedClassVersionError done
Event: 7.502 loading class jdk/internal/reflect/UnsafeQualifiedStaticIntegerFieldAccessorImpl
Event: 7.503 loading class jdk/internal/reflect/UnsafeQualifiedStaticIntegerFieldAccessorImpl done
Event: 7.549 Thread 0x0000021e2bc11030 Thread added: 0x0000021e2bc11030
Event: 7.566 loading class java/util/stream/MatchOps$MatchKind
Event: 7.566 loading class java/util/stream/MatchOps$MatchKind done
Event: 7.566 loading class java/util/stream/MatchOps
Event: 7.567 loading class java/util/stream/MatchOps done
Event: 7.567 loading class java/util/stream/MatchOps$MatchOp
Event: 7.567 loading class java/util/stream/MatchOps$MatchOp done
Event: 7.567 loading class java/util/stream/MatchOps$BooleanTerminalSink
Event: 7.567 loading class java/util/stream/MatchOps$BooleanTerminalSink done
Event: 7.568 loading class java/util/stream/MatchOps$1MatchSink
Event: 7.568 loading class java/util/stream/MatchOps$1MatchSink done
Event: 7.670 loading class java/util/AbstractList$ListItr
Event: 7.671 loading class java/util/AbstractList$ListItr done


Dynamic libraries:
0x00007ff6fb140000 - 0x00007ff6fb14e000 	c:\Users\Kiet\.vscode\extensions\redhat.java-1.28.1-win32-x64\jre\17.0.10-win32-x86_64\bin\java.exe
0x00007ff8f2fb0000 - 0x00007ff8f31c7000 	C:\WINDOWS\SYSTEM32\ntdll.dll
0x00007ff8f2820000 - 0x00007ff8f28e4000 	C:\WINDOWS\System32\KERNEL32.DLL
0x00007ff8f02f0000 - 0x00007ff8f0696000 	C:\WINDOWS\System32\KERNELBASE.dll
0x00007ff8f0bb0000 - 0x00007ff8f0cc1000 	C:\WINDOWS\System32\ucrtbase.dll
0x00007ff8eab80000 - 0x00007ff8eab97000 	c:\Users\Kiet\.vscode\extensions\redhat.java-1.28.1-win32-x64\jre\17.0.10-win32-x86_64\bin\jli.dll
0x00007ff8dfad0000 - 0x00007ff8dfaeb000 	c:\Users\Kiet\.vscode\extensions\redhat.java-1.28.1-win32-x64\jre\17.0.10-win32-x86_64\bin\VCRUNTIME140.dll
0x00007ff8f1a50000 - 0x00007ff8f1bfe000 	C:\WINDOWS\System32\USER32.dll
0x00007ff8e0330000 - 0x00007ff8e05c3000 	C:\WINDOWS\WinSxS\amd64_microsoft.windows.common-controls_6595b64144ccf1df_6.0.22621.2506_none_270c5ae97388e100\COMCTL32.dll
0x00007ff8f0cd0000 - 0x00007ff8f0cf6000 	C:\WINDOWS\System32\win32u.dll
0x00007ff8f0d00000 - 0x00007ff8f0da7000 	C:\WINDOWS\System32\msvcrt.dll
0x00007ff8f1dc0000 - 0x00007ff8f1de9000 	C:\WINDOWS\System32\GDI32.dll
0x00007ff8f0920000 - 0x00007ff8f0a38000 	C:\WINDOWS\System32\gdi32full.dll
0x00007ff8f07e0000 - 0x00007ff8f087a000 	C:\WINDOWS\System32\msvcp_win.dll
0x00007ff8f1c20000 - 0x00007ff8f1c51000 	C:\WINDOWS\System32\IMM32.DLL
0x00007ff8eaec0000 - 0x00007ff8eaecc000 	c:\Users\Kiet\.vscode\extensions\redhat.java-1.28.1-win32-x64\jre\17.0.10-win32-x86_64\bin\vcruntime140_1.dll
0x00007ff8cad70000 - 0x00007ff8cadfd000 	c:\Users\Kiet\.vscode\extensions\redhat.java-1.28.1-win32-x64\jre\17.0.10-win32-x86_64\bin\msvcp140.dll
0x00007ff8af000000 - 0x00007ff8afc62000 	c:\Users\Kiet\.vscode\extensions\redhat.java-1.28.1-win32-x64\jre\17.0.10-win32-x86_64\bin\server\jvm.dll
0x00007ff8f2ae0000 - 0x00007ff8f2b93000 	C:\WINDOWS\System32\ADVAPI32.dll
0x00007ff8f2ec0000 - 0x00007ff8f2f68000 	C:\WINDOWS\System32\sechost.dll
0x00007ff8f08f0000 - 0x00007ff8f0918000 	C:\WINDOWS\System32\bcrypt.dll
0x00007ff8f2280000 - 0x00007ff8f2397000 	C:\WINDOWS\System32\RPCRT4.dll
0x00007ff8e9cf0000 - 0x00007ff8e9d24000 	C:\WINDOWS\SYSTEM32\WINMM.dll
0x00007ff8f01c0000 - 0x00007ff8f020d000 	C:\WINDOWS\SYSTEM32\POWRPROF.dll
0x00007ff8eab20000 - 0x00007ff8eab29000 	C:\WINDOWS\SYSTEM32\WSOCK32.dll
0x00007ff8f19d0000 - 0x00007ff8f1a41000 	C:\WINDOWS\System32\WS2_32.dll
0x00007ff8e9c30000 - 0x00007ff8e9c3a000 	C:\WINDOWS\SYSTEM32\VERSION.dll
0x00007ff8f01a0000 - 0x00007ff8f01b3000 	C:\WINDOWS\SYSTEM32\UMPDC.dll
0x00007ff8ef2d0000 - 0x00007ff8ef2e8000 	C:\WINDOWS\SYSTEM32\kernel.appcore.dll
0x00007ff8eaab0000 - 0x00007ff8eaaba000 	c:\Users\Kiet\.vscode\extensions\redhat.java-1.28.1-win32-x64\jre\17.0.10-win32-x86_64\bin\jimage.dll
0x00007ff8edb80000 - 0x00007ff8eddb3000 	C:\WINDOWS\SYSTEM32\DBGHELP.DLL
0x00007ff8f23a0000 - 0x00007ff8f2729000 	C:\WINDOWS\System32\combase.dll
0x00007ff8f2a00000 - 0x00007ff8f2ad7000 	C:\WINDOWS\System32\OLEAUT32.dll
0x00007ff8e83a0000 - 0x00007ff8e83d2000 	C:\WINDOWS\SYSTEM32\dbgcore.DLL
0x00007ff8f0760000 - 0x00007ff8f07da000 	C:\WINDOWS\System32\bcryptPrimitives.dll
0x00007ff8ea8e0000 - 0x00007ff8ea8ee000 	c:\Users\Kiet\.vscode\extensions\redhat.java-1.28.1-win32-x64\jre\17.0.10-win32-x86_64\bin\instrument.dll
0x00007ff8df410000 - 0x00007ff8df435000 	c:\Users\Kiet\.vscode\extensions\redhat.java-1.28.1-win32-x64\jre\17.0.10-win32-x86_64\bin\java.dll
0x00007ff8df580000 - 0x00007ff8df598000 	c:\Users\Kiet\.vscode\extensions\redhat.java-1.28.1-win32-x64\jre\17.0.10-win32-x86_64\bin\zip.dll
0x00007ff8f0db0000 - 0x00007ff8f160b000 	C:\WINDOWS\System32\SHELL32.dll
0x00007ff8ee250000 - 0x00007ff8eeb46000 	C:\WINDOWS\SYSTEM32\windows.storage.dll
0x00007ff8ee110000 - 0x00007ff8ee24e000 	C:\WINDOWS\SYSTEM32\wintypes.dll
0x00007ff8f18d0000 - 0x00007ff8f19c3000 	C:\WINDOWS\System32\SHCORE.dll
0x00007ff8f28f0000 - 0x00007ff8f294e000 	C:\WINDOWS\System32\shlwapi.dll
0x00007ff8f0220000 - 0x00007ff8f0246000 	C:\WINDOWS\SYSTEM32\profapi.dll
0x00007ff8deff0000 - 0x00007ff8df009000 	C:\Users\Kiet\.vscode\extensions\redhat.java-1.28.1-win32-x64\jre\17.0.10-win32-x86_64\bin\net.dll
0x00007ff8ea7a0000 - 0x00007ff8ea8d7000 	C:\WINDOWS\SYSTEM32\WINHTTP.dll
0x00007ff8ef7b0000 - 0x00007ff8ef819000 	C:\WINDOWS\system32\mswsock.dll
0x00007ff8defd0000 - 0x00007ff8defe6000 	C:\Users\Kiet\.vscode\extensions\redhat.java-1.28.1-win32-x64\jre\17.0.10-win32-x86_64\bin\nio.dll
0x00007ff8e9d90000 - 0x00007ff8e9da0000 	c:\Users\Kiet\.vscode\extensions\redhat.java-1.28.1-win32-x64\jre\17.0.10-win32-x86_64\bin\verify.dll
0x00007ff8dd970000 - 0x00007ff8dd9ae000 	C:\Users\Kiet\AppData\Roaming\Code\User\globalStorage\redhat.java\1.28.1\config_ss_win\org.eclipse.equinox.launcher\org.eclipse.equinox.launcher.win32.win32.x86_64_1.2.900.v20240129-1338\eclipse_11900.dll
0x00007ff8f2d20000 - 0x00007ff8f2ec0000 	C:\WINDOWS\System32\ole32.dll
0x00007ff8efa00000 - 0x00007ff8efa1b000 	C:\WINDOWS\SYSTEM32\CRYPTSP.dll
0x00007ff8ef290000 - 0x00007ff8ef2c5000 	C:\WINDOWS\system32\rsaenh.dll
0x00007ff8ef8a0000 - 0x00007ff8ef8cc000 	C:\WINDOWS\SYSTEM32\USERENV.dll
0x00007ff8efa20000 - 0x00007ff8efa2c000 	C:\WINDOWS\SYSTEM32\CRYPTBASE.dll
0x00007ff8eedb0000 - 0x00007ff8eeddd000 	C:\WINDOWS\SYSTEM32\IPHLPAPI.DLL
0x00007ff8f27b0000 - 0x00007ff8f27b9000 	C:\WINDOWS\System32\NSI.dll
0x00007ff8eac90000 - 0x00007ff8eaca9000 	C:\WINDOWS\SYSTEM32\dhcpcsvc6.DLL
0x00007ff8ea730000 - 0x00007ff8ea74f000 	C:\WINDOWS\SYSTEM32\dhcpcsvc.DLL
0x00007ff8eee20000 - 0x00007ff8eef19000 	C:\WINDOWS\SYSTEM32\DNSAPI.dll
0x00007ff8cc160000 - 0x00007ff8cc1a5000 	C:\Users\Kiet\AppData\Local\Temp\jna-2338477\jna2555098884694490282.dll
0x00007ff8f2d10000 - 0x00007ff8f2d18000 	C:\WINDOWS\System32\PSAPI.DLL

dbghelp: loaded successfully - version: 4.0.5 - missing functions: none
symbol engine: initialized successfully - sym options: 0x614 - pdb path: .;c:\Users\Kiet\.vscode\extensions\redhat.java-1.28.1-win32-x64\jre\17.0.10-win32-x86_64\bin;C:\WINDOWS\SYSTEM32;C:\WINDOWS\WinSxS\amd64_microsoft.windows.common-controls_6595b64144ccf1df_6.0.22621.2506_none_270c5ae97388e100;c:\Users\Kiet\.vscode\extensions\redhat.java-1.28.1-win32-x64\jre\17.0.10-win32-x86_64\bin\server;C:\Users\Kiet\AppData\Roaming\Code\User\globalStorage\redhat.java\1.28.1\config_ss_win\org.eclipse.equinox.launcher\org.eclipse.equinox.launcher.win32.win32.x86_64_1.2.900.v20240129-1338;C:\Users\Kiet\AppData\Local\Temp\jna-2338477

VM Arguments:
jvm_args: --add-modules=ALL-SYSTEM --add-opens=java.base/java.util=ALL-UNNAMED --add-opens=java.base/java.lang=ALL-UNNAMED --add-opens=java.base/sun.nio.fs=ALL-UNNAMED -Declipse.application=org.eclipse.jdt.ls.core.id1 -Dosgi.bundles.defaultStartLevel=4 -Declipse.product=org.eclipse.jdt.ls.core.product -Djava.import.generatesMetadataFilesAtProjectRoot=false -DDetectVMInstallationsJob.disabled=true -Dfile.encoding=utf8 -XX:+UseParallelGC -XX:GCTimeRatio=4 -XX:AdaptiveSizePolicyWeight=90 -Dsun.zip.disableMemoryMapping=true -Xmx1G -Xms100m -Xlog:disable -javaagent:c:\Users\Kiet\.vscode\extensions\redhat.java-1.28.1-win32-x64\lombok\lombok-1.18.31.jar 
java_command: c:\Users\Kiet\.vscode\extensions\redhat.java-1.28.1-win32-x64\server\plugins\org.eclipse.equinox.launcher_1.6.700.v20231214-2017.jar -configuration c:\Users\Kiet\AppData\Roaming\Code\User\globalStorage\redhat.java\1.28.1\config_ss_win -data c:\Users\Kiet\AppData\Roaming\Code\User\workspaceStorage\794778fa6a47f198356234ad77415c6f\redhat.java\ss_ws --stdio
java_class_path (initial): c:\Users\Kiet\.vscode\extensions\redhat.java-1.28.1-win32-x64\server\plugins\org.eclipse.equinox.launcher_1.6.700.v20231214-2017.jar
Launcher Type: SUN_STANDARD

[Global flags]
    uintx AdaptiveSizePolicyWeight                 = 90                                        {product} {command line}
     intx CICompilerCount                          = 4                                         {product} {ergonomic}
    uintx GCTimeRatio                              = 4                                         {product} {command line}
   size_t InitialHeapSize                          = 104857600                                 {product} {command line}
   size_t MaxHeapSize                              = 1073741824                                {product} {command line}
   size_t MaxNewSize                               = 357564416                                 {product} {ergonomic}
   size_t MinHeapDeltaBytes                        = 524288                                    {product} {ergonomic}
   size_t MinHeapSize                              = 104857600                                 {product} {command line}
   size_t NewSize                                  = 34603008                                  {product} {ergonomic}
    uintx NonNMethodCodeHeapSize                   = 5839372                                {pd product} {ergonomic}
    uintx NonProfiledCodeHeapSize                  = 122909434                              {pd product} {ergonomic}
   size_t OldSize                                  = 70254592                                  {product} {ergonomic}
    uintx ProfiledCodeHeapSize                     = 122909434                              {pd product} {ergonomic}
    uintx ReservedCodeCacheSize                    = 251658240                              {pd product} {ergonomic}
     bool SegmentedCodeCache                       = true                                      {product} {ergonomic}
   size_t SoftMaxHeapSize                          = 1073741824                             {manageable} {ergonomic}
     bool UseCompressedClassPointers               = true                           {product lp64_product} {ergonomic}
     bool UseCompressedOops                        = true                           {product lp64_product} {ergonomic}
     bool UseLargePagesIndividualAllocation        = false                                  {pd product} {ergonomic}
     bool UseParallelGC                            = true                                      {product} {command line}

Logging:
Log output configuration:
 #0: stdout all=off uptime,level,tags
 #1: stderr all=off uptime,level,tags

Environment Variables:
PATH=C:\Program Files\Common Files\Oracle\Java\javapath;C:\Program Files (x86)\Common Files\Oracle\Java\javapath;C:\WINDOWS\system32;C:\WINDOWS;C:\WINDOWS\System32\Wbem;C:\WINDOWS\System32\WindowsPowerShell\v1.0\;C:\WINDOWS\System32\OpenSSH\;C:\Program Files\dotnet\;C:\Program Files\Common Files\Oracle\Java\javapath;C:\Program Files\Java\jdk-11\bin;C:\Program Files (x86)\Microsoft SQL Server\160\Tools\Binn\;C:\Program Files\Microsoft SQL Server\160\Tools\Binn\;C:\Program Files\Microsoft SQL Server\Client SDK\ODBC\170\Tools\Binn\;C:\Program Files\Microsoft SQL Server\160\DTS\Binn\;C:\Program Files (x86)\Microsoft SQL Server\160\DTS\Binn\;C:\Program Files\Azure Data Studio\bin;C:\Program Files\apache-maven-3.9.6\bin;C:\Program Files\Git\cmd;C:\Program Files\nodejs\;C:\Users\Kiet\AppData\Local\Microsoft\WindowsApps;C:\Users\Kiet\AppData\Local\Programs\Microsoft VS Code\bin;C:\Users\Kiet\AppData\Local\GitHubDesktop\bin;C:\Users\Kiet\.dotnet\tools;C:\Program Files\Azure Data Studio\bin;C:\Users\Kiet\AppData\Roaming\npm
USERNAME=Kiet
OS=Windows_NT
PROCESSOR_IDENTIFIER=Intel64 Family 6 Model 126 Stepping 5, GenuineIntel
TMP=C:\Users\Kiet\AppData\Local\Temp
TEMP=C:\Users\Kiet\AppData\Local\Temp



Periodic native trim disabled


---------------  S Y S T E M  ---------------

OS:
 Windows 11 , 64 bit Build 22621 (10.0.22621.3085)
OS uptime: 1 days 0:26 hours

CPU: total 8 (initial active 8) (4 cores per cpu, 2 threads per core) family 6 model 126 stepping 5 microcode 0xa6, cx8, cmov, fxsr, ht, mmx, 3dnowpref, sse, sse2, sse3, ssse3, sse4.1, sse4.2, popcnt, lzcnt, tsc, tscinvbit, avx, avx2, aes, erms, clmul, bmi1, bmi2, adx, avx512f, avx512dq, avx512cd, avx512bw, avx512vl, sha, fma, vzeroupper, avx512_vpopcntdq, avx512_vpclmulqdq, avx512_vaes, avx512_vnni, clflush, clflushopt, avx512_vbmi2, avx512_vbmi
Processor Information for all 8 processors :
  Max Mhz: 1190, Current Mhz: 991, Mhz Limit: 987

Memory: 4k page, system-wide physical 7987M (623M free)
TotalPageFile size 10035M (AvailPageFile size 14M)
current process WorkingSet (physical memory assigned to process): 207M, peak: 211M
current process commit charge ("private bytes"): 288M, peak: 294M

vm_info: OpenJDK 64-Bit Server VM (17.0.10+7) for windows-amd64 JRE (17.0.10+7), built on Jan 16 2024 23:25:11 by "admin" with MS VC++ 16.10 / 16.11 (VS2019)

END.
