#
# There is insufficient memory for the Java Runtime Environment to continue.
# Native memory allocation (malloc) failed to allocate 740624 bytes for Chunk::new
# Possible reasons:
#   The system is out of physical RAM or swap space
#   The process is running with CompressedOops enabled, and the Java Heap may be blocking the growth of the native heap
# Possible solutions:
#   Reduce memory load on the system
#   Increase physical memory or swap space
#   Check if swap backing store is full
#   Decrease Java heap size (-Xmx/-Xms)
#   Decrease number of Java threads
#   Decrease Java thread stack sizes (-Xss)
#   Set larger code cache with -XX:ReservedCodeCacheSize=
#   JVM is running with Unscaled Compressed Oops mode in which the Java heap is
#     placed in the first 4GB address space. The Java Heap base address is the
#     maximum limit for the native heap growth. Please use -XX:HeapBaseMinAddress
#     to set the Java Heap base and to place the Java Heap above 4GB virtual address.
# This output file may be truncated or incomplete.
#
#  Out of Memory Error (arena.cpp:191), pid=19636, tid=20056
#
# JRE version: OpenJDK Runtime Environment Temurin-17.0.10+7 (17.0.10+7) (build 17.0.10+7)
# Java VM: OpenJDK 64-Bit Server VM Temurin-17.0.10+7 (17.0.10+7, mixed mode, tiered, compressed oops, compressed class ptrs, parallel gc, windows-amd64)
# No core dump will be written. Minidumps are not enabled by default on client versions of Windows
#

---------------  S U M M A R Y ------------

Command Line: --add-modules=ALL-SYSTEM --add-opens=java.base/java.util=ALL-UNNAMED --add-opens=java.base/java.lang=ALL-UNNAMED --add-opens=java.base/sun.nio.fs=ALL-UNNAMED -Declipse.application=org.eclipse.jdt.ls.core.id1 -Dosgi.bundles.defaultStartLevel=4 -Declipse.product=org.eclipse.jdt.ls.core.product -Djava.import.generatesMetadataFilesAtProjectRoot=false -DDetectVMInstallationsJob.disabled=true -Dfile.encoding=utf8 -XX:+UseParallelGC -XX:GCTimeRatio=4 -XX:AdaptiveSizePolicyWeight=90 -Dsun.zip.disableMemoryMapping=true -Xmx1G -Xms100m -Xlog:disable -javaagent:c:\Users\Kiet\.vscode\extensions\redhat.java-1.29.0-win32-x64\lombok\lombok-1.18.32.jar -XX:+HeapDumpOnOutOfMemoryError -XX:HeapDumpPath=c:\Users\Kiet\AppData\Roaming\Code\User\workspaceStorage\9f0ec90a7e62ad64397c1cc3a6503a33\redhat.java -Daether.dependencyCollector.impl=bf c:\Users\Kiet\.vscode\extensions\redhat.java-1.29.0-win32-x64\server\plugins\org.eclipse.equinox.launcher_1.6.800.v20240304-1850.jar -configuration c:\Users\Kiet\AppData\Roaming\Code\User\globalStorage\redhat.java\1.29.0\config_win -data c:\Users\Kiet\AppData\Roaming\Code\User\workspaceStorage\9f0ec90a7e62ad64397c1cc3a6503a33\redhat.java\jdt_ws --stdio

Host: Intel(R) Core(TM) i5-1035G1 CPU @ 1.00GHz, 8 cores, 7G,  Windows 11 , 64 bit Build 22621 (10.0.22621.3374)
Time: Wed Apr 17 13:24:06 2024 SE Asia Standard Time elapsed time: 7.963621 seconds (0d 0h 0m 7s)

---------------  T H R E A D  ---------------

Current thread (0x0000021bfa4da250):  JavaThread "C2 CompilerThread1" daemon [_thread_in_native, id=20056, stack(0x0000007b32e00000,0x0000007b32f00000)]


Current CompileTask:
C2:   7963 4116   !   4       sun.nio.cs.StreamDecoder::read (196 bytes)

Stack: [0x0000007b32e00000,0x0000007b32f00000]
Native frames: (J=compiled Java code, j=interpreted, Vv=VM code, C=native code)
V  [jvm.dll+0x67d2c9]
V  [jvm.dll+0x834afa]
V  [jvm.dll+0x8365be]
V  [jvm.dll+0x836c23]
V  [jvm.dll+0x2477ff]
V  [jvm.dll+0xac514]
V  [jvm.dll+0xacb5c]
V  [jvm.dll+0x3667d7]
V  [jvm.dll+0x1bcf72]
V  [jvm.dll+0x21a049]
V  [jvm.dll+0x219311]
V  [jvm.dll+0x1a502d]
V  [jvm.dll+0x2290de]
V  [jvm.dll+0x2272ac]
V  [jvm.dll+0x7e9bb7]
V  [jvm.dll+0x7e3fba]
V  [jvm.dll+0x67c1b5]
C  [ucrtbase.dll+0x29333]
C  [KERNEL32.DLL+0x1257d]
C  [ntdll.dll+0x5aa48]


---------------  P R O C E S S  ---------------

Threads class SMR info:
_java_thread_list=0x0000021bfbe9f040, length=26, elements={
0x0000021bee4edde0, 0x0000021bf337de50, 0x0000021bf8698040, 0x0000021bf86c4330,
0x0000021bf86c4e00, 0x0000021bf86c59c0, 0x0000021bf86c6580, 0x0000021bf86c7520,
0x0000021bf8730fe0, 0x0000021bf8733da0, 0x0000021bf87ef020, 0x0000021bf8847950,
0x0000021bf9d5cd20, 0x0000021bfa174980, 0x0000021bfa174e60, 0x0000021bf9fe9630,
0x0000021bfa2e2e30, 0x0000021bfa62b010, 0x0000021bfa7029b0, 0x0000021bfa702ec0,
0x0000021bfa7033d0, 0x0000021bfa701570, 0x0000021bfa4da250, 0x0000021bfab51b10,
0x0000021bfa7038e0, 0x0000021bfa704810
}

Java Threads: ( => current thread )
  0x0000021bee4edde0 JavaThread "main" [_thread_blocked, id=17676, stack(0x0000007b31100000,0x0000007b31200000)]
  0x0000021bf337de50 JavaThread "Reference Handler" daemon [_thread_blocked, id=14080, stack(0x0000007b31400000,0x0000007b31500000)]
  0x0000021bf8698040 JavaThread "Finalizer" daemon [_thread_blocked, id=9396, stack(0x0000007b31500000,0x0000007b31600000)]
  0x0000021bf86c4330 JavaThread "Signal Dispatcher" daemon [_thread_blocked, id=3740, stack(0x0000007b31600000,0x0000007b31700000)]
  0x0000021bf86c4e00 JavaThread "Attach Listener" daemon [_thread_blocked, id=4296, stack(0x0000007b31700000,0x0000007b31800000)]
  0x0000021bf86c59c0 JavaThread "Service Thread" daemon [_thread_blocked, id=1160, stack(0x0000007b31800000,0x0000007b31900000)]
  0x0000021bf86c6580 JavaThread "Monitor Deflation Thread" daemon [_thread_blocked, id=2468, stack(0x0000007b31900000,0x0000007b31a00000)]
  0x0000021bf86c7520 JavaThread "C2 CompilerThread0" daemon [_thread_in_native, id=16672, stack(0x0000007b31a00000,0x0000007b31b00000)]
  0x0000021bf8730fe0 JavaThread "C1 CompilerThread0" daemon [_thread_blocked, id=16220, stack(0x0000007b31b00000,0x0000007b31c00000)]
  0x0000021bf8733da0 JavaThread "Sweeper thread" daemon [_thread_blocked, id=17172, stack(0x0000007b31c00000,0x0000007b31d00000)]
  0x0000021bf87ef020 JavaThread "Common-Cleaner" daemon [_thread_blocked, id=19888, stack(0x0000007b31d00000,0x0000007b31e00000)]
  0x0000021bf8847950 JavaThread "Notification Thread" daemon [_thread_blocked, id=2696, stack(0x0000007b31e00000,0x0000007b31f00000)]
  0x0000021bf9d5cd20 JavaThread "Active Thread: Equinox Container: 2881b500-4399-4e5e-8a1a-fd771bb64418" [_thread_blocked, id=12400, stack(0x0000007b32700000,0x0000007b32800000)]
  0x0000021bfa174980 JavaThread "Framework Event Dispatcher: Equinox Container: 2881b500-4399-4e5e-8a1a-fd771bb64418" daemon [_thread_blocked, id=16388, stack(0x0000007b32800000,0x0000007b32900000)]
  0x0000021bfa174e60 JavaThread "Start Level: Equinox Container: 2881b500-4399-4e5e-8a1a-fd771bb64418" daemon [_thread_in_vm, id=12204, stack(0x0000007b32900000,0x0000007b32a00000)]
  0x0000021bf9fe9630 JavaThread "Bundle File Closer" daemon [_thread_blocked, id=13784, stack(0x0000007b32b00000,0x0000007b32c00000)]
  0x0000021bfa2e2e30 JavaThread "SCR Component Actor" daemon [_thread_blocked, id=18352, stack(0x0000007b32c00000,0x0000007b32d00000)]
  0x0000021bfa62b010 JavaThread "SCR Component Registry" daemon [_thread_blocked, id=13500, stack(0x0000007b32d00000,0x0000007b32e00000)]
  0x0000021bfa7029b0 JavaThread "Worker-JM" [_thread_blocked, id=3564, stack(0x0000007b32600000,0x0000007b32700000)]
  0x0000021bfa702ec0 JavaThread "Worker-0: Repository registry initialization" [_thread_in_Java, id=17272, stack(0x0000007b33000000,0x0000007b33100000)]
  0x0000021bfa7033d0 JavaThread "Worker-1" [_thread_blocked, id=3532, stack(0x0000007b33100000,0x0000007b33200000)]
  0x0000021bfa701570 JavaThread "Worker-2: Updating Maven Dependencies" [_thread_blocked, id=20220, stack(0x0000007b33200000,0x0000007b33300000)]
=>0x0000021bfa4da250 JavaThread "C2 CompilerThread1" daemon [_thread_in_native, id=20056, stack(0x0000007b32e00000,0x0000007b32f00000)]
  0x0000021bfab51b10 JavaThread "C2 CompilerThread2" daemon [_thread_in_native, id=10772, stack(0x0000007b32f00000,0x0000007b33000000)]
  0x0000021bfa7038e0 JavaThread "Worker-3" [_thread_blocked, id=20408, stack(0x0000007b33300000,0x0000007b33400000)]
  0x0000021bfa704810 JavaThread "Java indexing" daemon [_thread_blocked, id=20160, stack(0x0000007b33400000,0x0000007b33500000)]

Other Threads:
  0x0000021bf8680c20 VMThread "VM Thread" [stack: 0x0000007b31300000,0x0000007b31400000] [id=6104]
  0x0000021bf89e5b80 WatcherThread [stack: 0x0000007b31f00000,0x0000007b32000000] [id=6348]
  0x0000021bee503240 GCTaskThread "GC Thread#0" [stack: 0x0000007b31200000,0x0000007b31300000] [id=17492]
  0x0000021bf969cfa0 GCTaskThread "GC Thread#1" [stack: 0x0000007b32000000,0x0000007b32100000] [id=2760]
  0x0000021bf969d260 GCTaskThread "GC Thread#2" [stack: 0x0000007b32100000,0x0000007b32200000] [id=8688]
  0x0000021bf98fa930 GCTaskThread "GC Thread#3" [stack: 0x0000007b32200000,0x0000007b32300000] [id=13456]
  0x0000021bf98fabf0 GCTaskThread "GC Thread#4" [stack: 0x0000007b32300000,0x0000007b32400000] [id=6376]
  0x0000021bf8a57a20 GCTaskThread "GC Thread#5" [stack: 0x0000007b32400000,0x0000007b32500000] [id=8696]
  0x0000021bf8a57ce0 GCTaskThread "GC Thread#6" [stack: 0x0000007b32500000,0x0000007b32600000] [id=9808]
  0x0000021bec46e4a0 GCTaskThread "GC Thread#7" [stack: 0x0000007b32a00000,0x0000007b32b00000] [id=1072]

Threads with active compile tasks:
C2 CompilerThread0     8017 4141   !   4       java.nio.charset.CharsetDecoder::decode (275 bytes)
C2 CompilerThread1     8017 4116   !   4       sun.nio.cs.StreamDecoder::read (196 bytes)
C2 CompilerThread2     8017 4143   !   4       sun.nio.cs.StreamDecoder::read0 (116 bytes)

VM state: not at safepoint (normal execution)

VM Mutex/Monitor currently owned by a thread:  ([mutex/lock_event])
[0x0000021bee4ea770] MethodCompileQueue_lock - owner thread: 0x0000021bfa702ec0

Heap address: 0x00000000c0000000, size: 1024 MB, Compressed Oops mode: 32-bit

CDS archive(s) not mapped
Compressed class space mapped at: 0x0000000100000000-0x0000000140000000, reserved size: 1073741824
Narrow klass base: 0x0000000000000000, Narrow klass shift: 3, Narrow klass range: 0x140000000

GC Precious Log:
 CPUs: 8 total, 8 available
 Memory: 7987M
 Large Page Support: Disabled
 NUMA Support: Disabled
 Compressed Oops: Enabled (32-bit)
 Alignments: Space 512K, Generation 512K, Heap 2M
 Heap Min Capacity: 100M
 Heap Initial Capacity: 100M
 Heap Max Capacity: 1G
 Pre-touch: Disabled
 Parallel Workers: 8

Heap:
 PSYoungGen      total 24064K, used 8832K [0x00000000eab00000, 0x00000000ec780000, 0x0000000100000000)
  eden space 22528K, 34% used [0x00000000eab00000,0x00000000eb28d118,0x00000000ec100000)
  from space 1536K, 71% used [0x00000000ec600000,0x00000000ec713230,0x00000000ec780000)
  to   space 1536K, 0% used [0x00000000ec480000,0x00000000ec480000,0x00000000ec600000)
 ParOldGen       total 68608K, used 15457K [0x00000000c0000000, 0x00000000c4300000, 0x00000000eab00000)
  object space 68608K, 22% used [0x00000000c0000000,0x00000000c0f18400,0x00000000c4300000)
 Metaspace       used 38708K, committed 39552K, reserved 1114112K
  class space    used 3931K, committed 4288K, reserved 1048576K

Card table byte_map: [0x0000021bede90000,0x0000021bee0a0000] _byte_map_base: 0x0000021bed890000

Marking Bits: (ParMarkBitMap*) 0x00007fff7382d7d0
 Begin Bits: [0x0000021bf1180000, 0x0000021bf2180000)
 End Bits:   [0x0000021bf2180000, 0x0000021bf3180000)

Polling page: 0x0000021bec4d0000

Metaspace:

Usage:
  Non-class:     33.97 MB used.
      Class:      3.84 MB used.
       Both:     37.81 MB used.

Virtual space:
  Non-class space:       64.00 MB reserved,      34.44 MB ( 54%) committed,  1 nodes.
      Class space:        1.00 GB reserved,       4.19 MB ( <1%) committed,  1 nodes.
             Both:        1.06 GB reserved,      38.62 MB (  4%) committed. 

Chunk freelists:
   Non-Class:  13.36 MB
       Class:  11.84 MB
        Both:  25.20 MB

MaxMetaspaceSize: unlimited
CompressedClassSpaceSize: 1.00 GB
Initial GC threshold: 21.00 MB
Current GC threshold: 58.38 MB
CDS: off
MetaspaceReclaimPolicy: balanced
 - commit_granule_bytes: 65536.
 - commit_granule_words: 8192.
 - virtual_space_node_default_size: 8388608.
 - enlarge_chunks_in_place: 1.
 - new_chunks_are_fully_committed: 0.
 - uncommit_free_chunks: 1.
 - use_allocation_guard: 0.
 - handle_deallocations: 1.


Internal statistics:

num_allocs_failed_limit: 6.
num_arena_births: 492.
num_arena_deaths: 32.
num_vsnodes_births: 2.
num_vsnodes_deaths: 0.
num_space_committed: 618.
num_space_uncommitted: 0.
num_chunks_returned_to_freelist: 43.
num_chunks_taken_from_freelist: 1739.
num_chunk_merges: 13.
num_chunk_splits: 1122.
num_chunks_enlarged: 738.
num_inconsistent_stats: 0.

CodeHeap 'non-profiled nmethods': size=120000Kb used=2148Kb max_used=2148Kb free=117852Kb
 bounds [0x0000021b87ad0000, 0x0000021b87d40000, 0x0000021b8f000000]
CodeHeap 'profiled nmethods': size=120000Kb used=8895Kb max_used=8895Kb free=111104Kb
 bounds [0x0000021b80000000, 0x0000021b808b0000, 0x0000021b87530000]
CodeHeap 'non-nmethods': size=5760Kb used=1276Kb max_used=1359Kb free=4483Kb
 bounds [0x0000021b87530000, 0x0000021b877a0000, 0x0000021b87ad0000]
 total_blobs=4773 nmethods=4184 adapters=502
 compilation: enabled
              stopped_count=0, restarted_count=0
 full_count=0

Compilation events (20 events):
Event: 7.921 Thread 0x0000021bf86c7520 nmethod 4147 0x0000021b87cd6d10 code [0x0000021b87cd7020, 0x0000021b87cd7ec0]
Event: 7.921 Thread 0x0000021bf8730fe0 4163       3       java.util.ArrayList::contains (14 bytes)
Event: 7.921 Thread 0x0000021bf8730fe0 nmethod 4163 0x0000021b808a4510 code [0x0000021b808a46c0, 0x0000021b808a49c8]
Event: 7.922 Thread 0x0000021bf86c7520 4130       4       org.codehaus.plexus.util.xml.XmlReader::read (11 bytes)
Event: 7.938 Thread 0x0000021bf8730fe0 4164 %     3       org.codehaus.plexus.util.InterpolationFilterReader::read @ 3 (48 bytes)
Event: 7.939 Thread 0x0000021bf8730fe0 nmethod 4164% 0x0000021b808a4a90 code [0x0000021b808a4c60, 0x0000021b808a5028]
Event: 7.939 Thread 0x0000021bf8730fe0 4165       3       org.codehaus.plexus.util.InterpolationFilterReader::read (48 bytes)
Event: 7.940 Thread 0x0000021bf8730fe0 nmethod 4165 0x0000021b808a5190 code [0x0000021b808a5360, 0x0000021b808a5688]
Event: 7.942 Thread 0x0000021bf8730fe0 4166       2       org.codehaus.plexus.util.xml.pull.MXParser::require (443 bytes)
Event: 7.945 Thread 0x0000021bf8730fe0 nmethod 4166 0x0000021b808a5810 code [0x0000021b808a5dc0, 0x0000021b808a72b8]
Event: 7.947 Thread 0x0000021bf86c7520 nmethod 4130 0x0000021b87cd8d90 code [0x0000021b87cd8f80, 0x0000021b87cda7b0]
Event: 7.947 Thread 0x0000021bf86c7520 4131       4       org.codehaus.plexus.util.InterpolationFilterReader::read (477 bytes)
Event: 7.952 Thread 0x0000021bf86c7520 nmethod 4131 0x0000021b87cdb110 code [0x0000021b87cdb2c0, 0x0000021b87cdb538]
Event: 7.952 Thread 0x0000021bf86c7520 4167       4       org.codehaus.plexus.util.xml.pull.MXParser::nextImpl (1203 bytes)
Event: 7.953 Thread 0x0000021bf8730fe0 4169       2       java.util.Arrays$ArrayList::indexOf (62 bytes)
Event: 7.954 Thread 0x0000021bf8730fe0 nmethod 4169 0x0000021b808a7f90 code [0x0000021b808a8140, 0x0000021b808a8408]
Event: 7.954 Thread 0x0000021bf8730fe0 4168       2       java.util.Arrays$ArrayList::contains (14 bytes)
Event: 7.954 Thread 0x0000021bf8730fe0 nmethod 4168 0x0000021b808a8590 code [0x0000021b808a8720, 0x0000021b808a8848]
Event: 7.954 Thread 0x0000021bf8730fe0 4170       2       org.eclipse.sisu.space.URLClassSpace::deferLoadClass (10 bytes)
Event: 7.954 Thread 0x0000021bf8730fe0 nmethod 4170 0x0000021b808a8910 code [0x0000021b808a8aa0, 0x0000021b808a8c38]

GC Heap History (20 events):
Event: 4.760 GC heap before
{Heap before GC invocations=5 (full 0):
 PSYoungGen      total 29696K, used 12386K [0x00000000eab00000, 0x00000000ecc00000, 0x0000000100000000)
  eden space 25600K, 32% used [0x00000000eab00000,0x00000000eb31cff8,0x00000000ec400000)
  from space 4096K, 99% used [0x00000000ec800000,0x00000000ecbfbb30,0x00000000ecc00000)
  to   space 4096K, 0% used [0x00000000ec400000,0x00000000ec400000,0x00000000ec800000)
 ParOldGen       total 68608K, used 6411K [0x00000000c0000000, 0x00000000c4300000, 0x00000000eab00000)
  object space 68608K, 9% used [0x00000000c0000000,0x00000000c0642e78,0x00000000c4300000)
 Metaspace       used 21057K, committed 21504K, reserved 1114112K
  class space    used 2116K, committed 2368K, reserved 1048576K
}
Event: 4.764 GC heap after
{Heap after GC invocations=5 (full 0):
 PSYoungGen      total 29696K, used 4064K [0x00000000eab00000, 0x00000000ece00000, 0x0000000100000000)
  eden space 25600K, 0% used [0x00000000eab00000,0x00000000eab00000,0x00000000ec400000)
  from space 4096K, 99% used [0x00000000ec400000,0x00000000ec7f8360,0x00000000ec800000)
  to   space 5120K, 0% used [0x00000000ec900000,0x00000000ec900000,0x00000000ece00000)
 ParOldGen       total 68608K, used 6924K [0x00000000c0000000, 0x00000000c4300000, 0x00000000eab00000)
  object space 68608K, 10% used [0x00000000c0000000,0x00000000c06c3168,0x00000000c4300000)
 Metaspace       used 21057K, committed 21504K, reserved 1114112K
  class space    used 2116K, committed 2368K, reserved 1048576K
}
Event: 4.764 GC heap before
{Heap before GC invocations=6 (full 1):
 PSYoungGen      total 29696K, used 4064K [0x00000000eab00000, 0x00000000ece00000, 0x0000000100000000)
  eden space 25600K, 0% used [0x00000000eab00000,0x00000000eab00000,0x00000000ec400000)
  from space 4096K, 99% used [0x00000000ec400000,0x00000000ec7f8360,0x00000000ec800000)
  to   space 5120K, 0% used [0x00000000ec900000,0x00000000ec900000,0x00000000ece00000)
 ParOldGen       total 68608K, used 6924K [0x00000000c0000000, 0x00000000c4300000, 0x00000000eab00000)
  object space 68608K, 10% used [0x00000000c0000000,0x00000000c06c3168,0x00000000c4300000)
 Metaspace       used 21057K, committed 21504K, reserved 1114112K
  class space    used 2116K, committed 2368K, reserved 1048576K
}
Event: 4.802 GC heap after
{Heap after GC invocations=6 (full 1):
 PSYoungGen      total 29696K, used 0K [0x00000000eab00000, 0x00000000ece00000, 0x0000000100000000)
  eden space 25600K, 0% used [0x00000000eab00000,0x00000000eab00000,0x00000000ec400000)
  from space 4096K, 0% used [0x00000000ec400000,0x00000000ec400000,0x00000000ec800000)
  to   space 5120K, 0% used [0x00000000ec900000,0x00000000ec900000,0x00000000ece00000)
 ParOldGen       total 68608K, used 10632K [0x00000000c0000000, 0x00000000c4300000, 0x00000000eab00000)
  object space 68608K, 15% used [0x00000000c0000000,0x00000000c0a62008,0x00000000c4300000)
 Metaspace       used 21044K, committed 21504K, reserved 1114112K
  class space    used 2113K, committed 2368K, reserved 1048576K
}
Event: 5.412 GC heap before
{Heap before GC invocations=7 (full 1):
 PSYoungGen      total 29696K, used 25600K [0x00000000eab00000, 0x00000000ece00000, 0x0000000100000000)
  eden space 25600K, 100% used [0x00000000eab00000,0x00000000ec400000,0x00000000ec400000)
  from space 4096K, 0% used [0x00000000ec400000,0x00000000ec400000,0x00000000ec800000)
  to   space 5120K, 0% used [0x00000000ec900000,0x00000000ec900000,0x00000000ece00000)
 ParOldGen       total 68608K, used 10632K [0x00000000c0000000, 0x00000000c4300000, 0x00000000eab00000)
  object space 68608K, 15% used [0x00000000c0000000,0x00000000c0a62008,0x00000000c4300000)
 Metaspace       used 24184K, committed 24768K, reserved 1114112K
  class space    used 2450K, committed 2688K, reserved 1048576K
}
Event: 5.415 GC heap after
{Heap after GC invocations=7 (full 1):
 PSYoungGen      total 26624K, used 1392K [0x00000000eab00000, 0x00000000eca80000, 0x0000000100000000)
  eden space 25088K, 0% used [0x00000000eab00000,0x00000000eab00000,0x00000000ec380000)
  from space 1536K, 90% used [0x00000000ec900000,0x00000000eca5c290,0x00000000eca80000)
  to   space 3072K, 0% used [0x00000000ec480000,0x00000000ec480000,0x00000000ec780000)
 ParOldGen       total 68608K, used 10640K [0x00000000c0000000, 0x00000000c4300000, 0x00000000eab00000)
  object space 68608K, 15% used [0x00000000c0000000,0x00000000c0a64008,0x00000000c4300000)
 Metaspace       used 24184K, committed 24768K, reserved 1114112K
  class space    used 2450K, committed 2688K, reserved 1048576K
}
Event: 5.892 GC heap before
{Heap before GC invocations=8 (full 1):
 PSYoungGen      total 26624K, used 26480K [0x00000000eab00000, 0x00000000eca80000, 0x0000000100000000)
  eden space 25088K, 100% used [0x00000000eab00000,0x00000000ec380000,0x00000000ec380000)
  from space 1536K, 90% used [0x00000000ec900000,0x00000000eca5c290,0x00000000eca80000)
  to   space 3072K, 0% used [0x00000000ec480000,0x00000000ec480000,0x00000000ec780000)
 ParOldGen       total 68608K, used 10640K [0x00000000c0000000, 0x00000000c4300000, 0x00000000eab00000)
  object space 68608K, 15% used [0x00000000c0000000,0x00000000c0a64008,0x00000000c4300000)
 Metaspace       used 27200K, committed 27712K, reserved 1114112K
  class space    used 2772K, committed 3008K, reserved 1048576K
}
Event: 5.894 GC heap after
{Heap after GC invocations=8 (full 1):
 PSYoungGen      total 27648K, used 3057K [0x00000000eab00000, 0x00000000ecb00000, 0x0000000100000000)
  eden space 24576K, 0% used [0x00000000eab00000,0x00000000eab00000,0x00000000ec300000)
  from space 3072K, 99% used [0x00000000ec480000,0x00000000ec77c7b0,0x00000000ec780000)
  to   space 3584K, 0% used [0x00000000ec780000,0x00000000ec780000,0x00000000ecb00000)
 ParOldGen       total 68608K, used 11032K [0x00000000c0000000, 0x00000000c4300000, 0x00000000eab00000)
  object space 68608K, 16% used [0x00000000c0000000,0x00000000c0ac6038,0x00000000c4300000)
 Metaspace       used 27200K, committed 27712K, reserved 1114112K
  class space    used 2772K, committed 3008K, reserved 1048576K
}
Event: 6.311 GC heap before
{Heap before GC invocations=9 (full 1):
 PSYoungGen      total 27648K, used 27633K [0x00000000eab00000, 0x00000000ecb00000, 0x0000000100000000)
  eden space 24576K, 100% used [0x00000000eab00000,0x00000000ec300000,0x00000000ec300000)
  from space 3072K, 99% used [0x00000000ec480000,0x00000000ec77c7b0,0x00000000ec780000)
  to   space 3584K, 0% used [0x00000000ec780000,0x00000000ec780000,0x00000000ecb00000)
 ParOldGen       total 68608K, used 11032K [0x00000000c0000000, 0x00000000c4300000, 0x00000000eab00000)
  object space 68608K, 16% used [0x00000000c0000000,0x00000000c0ac6038,0x00000000c4300000)
 Metaspace       used 29714K, committed 30336K, reserved 1114112K
  class space    used 2929K, committed 3200K, reserved 1048576K
}
Event: 6.312 GC heap after
{Heap after GC invocations=9 (full 1):
 PSYoungGen      total 27648K, used 3328K [0x00000000eab00000, 0x00000000ecb00000, 0x0000000100000000)
  eden space 24064K, 0% used [0x00000000eab00000,0x00000000eab00000,0x00000000ec280000)
  from space 3584K, 92% used [0x00000000ec780000,0x00000000ecac00e8,0x00000000ecb00000)
  to   space 3584K, 0% used [0x00000000ec400000,0x00000000ec400000,0x00000000ec780000)
 ParOldGen       total 68608K, used 11040K [0x00000000c0000000, 0x00000000c4300000, 0x00000000eab00000)
  object space 68608K, 16% used [0x00000000c0000000,0x00000000c0ac8038,0x00000000c4300000)
 Metaspace       used 29714K, committed 30336K, reserved 1114112K
  class space    used 2929K, committed 3200K, reserved 1048576K
}
Event: 6.615 GC heap before
{Heap before GC invocations=10 (full 1):
 PSYoungGen      total 27648K, used 27392K [0x00000000eab00000, 0x00000000ecb00000, 0x0000000100000000)
  eden space 24064K, 100% used [0x00000000eab00000,0x00000000ec280000,0x00000000ec280000)
  from space 3584K, 92% used [0x00000000ec780000,0x00000000ecac00e8,0x00000000ecb00000)
  to   space 3584K, 0% used [0x00000000ec400000,0x00000000ec400000,0x00000000ec780000)
 ParOldGen       total 68608K, used 11040K [0x00000000c0000000, 0x00000000c4300000, 0x00000000eab00000)
  object space 68608K, 16% used [0x00000000c0000000,0x00000000c0ac8038,0x00000000c4300000)
 Metaspace       used 32184K, committed 32768K, reserved 1114112K
  class space    used 3124K, committed 3392K, reserved 1048576K
}
Event: 6.619 GC heap after
{Heap after GC invocations=10 (full 1):
 PSYoungGen      total 27136K, used 3204K [0x00000000eab00000, 0x00000000ec900000, 0x0000000100000000)
  eden space 23552K, 0% used [0x00000000eab00000,0x00000000eab00000,0x00000000ec200000)
  from space 3584K, 89% used [0x00000000ec400000,0x00000000ec721030,0x00000000ec780000)
  to   space 1536K, 0% used [0x00000000ec780000,0x00000000ec780000,0x00000000ec900000)
 ParOldGen       total 68608K, used 13077K [0x00000000c0000000, 0x00000000c4300000, 0x00000000eab00000)
  object space 68608K, 19% used [0x00000000c0000000,0x00000000c0cc5440,0x00000000c4300000)
 Metaspace       used 32184K, committed 32768K, reserved 1114112K
  class space    used 3124K, committed 3392K, reserved 1048576K
}
Event: 7.148 GC heap before
{Heap before GC invocations=11 (full 1):
 PSYoungGen      total 27136K, used 26756K [0x00000000eab00000, 0x00000000ec900000, 0x0000000100000000)
  eden space 23552K, 100% used [0x00000000eab00000,0x00000000ec200000,0x00000000ec200000)
  from space 3584K, 89% used [0x00000000ec400000,0x00000000ec721030,0x00000000ec780000)
  to   space 1536K, 0% used [0x00000000ec780000,0x00000000ec780000,0x00000000ec900000)
 ParOldGen       total 68608K, used 13077K [0x00000000c0000000, 0x00000000c4300000, 0x00000000eab00000)
  object space 68608K, 19% used [0x00000000c0000000,0x00000000c0cc5440,0x00000000c4300000)
 Metaspace       used 34682K, committed 35392K, reserved 1114112K
  class space    used 3411K, committed 3776K, reserved 1048576K
}
Event: 7.152 GC heap after
{Heap after GC invocations=11 (full 1):
 PSYoungGen      total 24576K, used 1535K [0x00000000eab00000, 0x00000000ec980000, 0x0000000100000000)
  eden space 23040K, 0% used [0x00000000eab00000,0x00000000eab00000,0x00000000ec180000)
  from space 1536K, 99% used [0x00000000ec780000,0x00000000ec8ffd90,0x00000000ec900000)
  to   space 4096K, 0% used [0x00000000ec180000,0x00000000ec180000,0x00000000ec580000)
 ParOldGen       total 68608K, used 15456K [0x00000000c0000000, 0x00000000c4300000, 0x00000000eab00000)
  object space 68608K, 22% used [0x00000000c0000000,0x00000000c0f182d0,0x00000000c4300000)
 Metaspace       used 34682K, committed 35392K, reserved 1114112K
  class space    used 3411K, committed 3776K, reserved 1048576K
}
Event: 7.264 GC heap before
{Heap before GC invocations=12 (full 1):
 PSYoungGen      total 24576K, used 4779K [0x00000000eab00000, 0x00000000ec980000, 0x0000000100000000)
  eden space 23040K, 14% used [0x00000000eab00000,0x00000000eae2b188,0x00000000ec180000)
  from space 1536K, 99% used [0x00000000ec780000,0x00000000ec8ffd90,0x00000000ec900000)
  to   space 4096K, 0% used [0x00000000ec180000,0x00000000ec180000,0x00000000ec580000)
 ParOldGen       total 68608K, used 15456K [0x00000000c0000000, 0x00000000c4300000, 0x00000000eab00000)
  object space 68608K, 22% used [0x00000000c0000000,0x00000000c0f182d0,0x00000000c4300000)
 Metaspace       used 35121K, committed 35840K, reserved 1114112K
  class space    used 3462K, committed 3840K, reserved 1048576K
}
Event: 7.266 GC heap after
{Heap after GC invocations=12 (full 1):
 PSYoungGen      total 27136K, used 224K [0x00000000eab00000, 0x00000000ec800000, 0x0000000100000000)
  eden space 23040K, 0% used [0x00000000eab00000,0x00000000eab00000,0x00000000ec180000)
  from space 4096K, 5% used [0x00000000ec180000,0x00000000ec1b8000,0x00000000ec580000)
  to   space 2048K, 0% used [0x00000000ec600000,0x00000000ec600000,0x00000000ec800000)
 ParOldGen       total 68608K, used 17019K [0x00000000c0000000, 0x00000000c4300000, 0x00000000eab00000)
  object space 68608K, 24% used [0x00000000c0000000,0x00000000c109ee48,0x00000000c4300000)
 Metaspace       used 35121K, committed 35840K, reserved 1114112K
  class space    used 3462K, committed 3840K, reserved 1048576K
}
Event: 7.266 GC heap before
{Heap before GC invocations=13 (full 2):
 PSYoungGen      total 27136K, used 224K [0x00000000eab00000, 0x00000000ec800000, 0x0000000100000000)
  eden space 23040K, 0% used [0x00000000eab00000,0x00000000eab00000,0x00000000ec180000)
  from space 4096K, 5% used [0x00000000ec180000,0x00000000ec1b8000,0x00000000ec580000)
  to   space 2048K, 0% used [0x00000000ec600000,0x00000000ec600000,0x00000000ec800000)
 ParOldGen       total 68608K, used 17019K [0x00000000c0000000, 0x00000000c4300000, 0x00000000eab00000)
  object space 68608K, 24% used [0x00000000c0000000,0x00000000c109ee48,0x00000000c4300000)
 Metaspace       used 35121K, committed 35840K, reserved 1114112K
  class space    used 3462K, committed 3840K, reserved 1048576K
}
Event: 7.304 GC heap after
{Heap after GC invocations=13 (full 2):
 PSYoungGen      total 27136K, used 0K [0x00000000eab00000, 0x00000000ec800000, 0x0000000100000000)
  eden space 23040K, 0% used [0x00000000eab00000,0x00000000eab00000,0x00000000ec180000)
  from space 4096K, 0% used [0x00000000ec180000,0x00000000ec180000,0x00000000ec580000)
  to   space 2048K, 0% used [0x00000000ec600000,0x00000000ec600000,0x00000000ec800000)
 ParOldGen       total 68608K, used 15449K [0x00000000c0000000, 0x00000000c4300000, 0x00000000eab00000)
  object space 68608K, 22% used [0x00000000c0000000,0x00000000c0f16400,0x00000000c4300000)
 Metaspace       used 35104K, committed 35840K, reserved 1114112K
  class space    used 3457K, committed 3840K, reserved 1048576K
}
Event: 7.878 GC heap before
{Heap before GC invocations=14 (full 2):
 PSYoungGen      total 27136K, used 23040K [0x00000000eab00000, 0x00000000ec800000, 0x0000000100000000)
  eden space 23040K, 100% used [0x00000000eab00000,0x00000000ec180000,0x00000000ec180000)
  from space 4096K, 0% used [0x00000000ec180000,0x00000000ec180000,0x00000000ec580000)
  to   space 2048K, 0% used [0x00000000ec600000,0x00000000ec600000,0x00000000ec800000)
 ParOldGen       total 68608K, used 15449K [0x00000000c0000000, 0x00000000c4300000, 0x00000000eab00000)
  object space 68608K, 22% used [0x00000000c0000000,0x00000000c0f16400,0x00000000c4300000)
 Metaspace       used 38281K, committed 39040K, reserved 1114112K
  class space    used 3879K, committed 4224K, reserved 1048576K
}
Event: 7.880 GC heap after
{Heap after GC invocations=14 (full 2):
 PSYoungGen      total 24064K, used 1100K [0x00000000eab00000, 0x00000000ec780000, 0x0000000100000000)
  eden space 22528K, 0% used [0x00000000eab00000,0x00000000eab00000,0x00000000ec100000)
  from space 1536K, 71% used [0x00000000ec600000,0x00000000ec713230,0x00000000ec780000)
  to   space 1536K, 0% used [0x00000000ec480000,0x00000000ec480000,0x00000000ec600000)
 ParOldGen       total 68608K, used 15457K [0x00000000c0000000, 0x00000000c4300000, 0x00000000eab00000)
  object space 68608K, 22% used [0x00000000c0000000,0x00000000c0f18400,0x00000000c4300000)
 Metaspace       used 38281K, committed 39040K, reserved 1114112K
  class space    used 3879K, committed 4224K, reserved 1048576K
}

Dll operation events (9 events):
Event: 0.019 Loaded shared library c:\Users\Kiet\.vscode\extensions\redhat.java-1.29.0-win32-x64\jre\17.0.10-win32-x86_64\bin\java.dll
Event: 0.460 Loaded shared library c:\Users\Kiet\.vscode\extensions\redhat.java-1.29.0-win32-x64\jre\17.0.10-win32-x86_64\bin\zip.dll
Event: 0.467 Loaded shared library C:\Users\Kiet\.vscode\extensions\redhat.java-1.29.0-win32-x64\jre\17.0.10-win32-x86_64\bin\instrument.dll
Event: 0.489 Loaded shared library C:\Users\Kiet\.vscode\extensions\redhat.java-1.29.0-win32-x64\jre\17.0.10-win32-x86_64\bin\net.dll
Event: 0.492 Loaded shared library C:\Users\Kiet\.vscode\extensions\redhat.java-1.29.0-win32-x64\jre\17.0.10-win32-x86_64\bin\nio.dll
Event: 0.541 Loaded shared library C:\Users\Kiet\.vscode\extensions\redhat.java-1.29.0-win32-x64\jre\17.0.10-win32-x86_64\bin\zip.dll
Event: 0.579 Loaded shared library C:\Users\Kiet\.vscode\extensions\redhat.java-1.29.0-win32-x64\jre\17.0.10-win32-x86_64\bin\jimage.dll
Event: 0.747 Loaded shared library c:\Users\Kiet\.vscode\extensions\redhat.java-1.29.0-win32-x64\jre\17.0.10-win32-x86_64\bin\verify.dll
Event: 2.901 Loaded shared library C:\Users\Kiet\AppData\Roaming\Code\User\globalStorage\redhat.java\1.29.0\config_win\org.eclipse.equinox.launcher\org.eclipse.equinox.launcher.win32.win32.x86_64_1.2.900.v20240213-1244\eclipse_11900.dll

Deoptimization events (20 events):
Event: 7.418 Thread 0x0000021bfa174e60 Uncommon trap: trap_request=0xffffff45 fr.pc=0x0000021b87be07e8 relative=0x0000000000000528
Event: 7.418 Thread 0x0000021bfa174e60 Uncommon trap: reason=unstable_if action=reinterpret pc=0x0000021b87be07e8 method=java.util.Properties.getProperty(Ljava/lang/String;)Ljava/lang/String; @ 36 c2
Event: 7.418 Thread 0x0000021bfa174e60 DEOPT PACKING pc=0x0000021b87be07e8 sp=0x0000007b329fe1b0
Event: 7.418 Thread 0x0000021bfa174e60 DEOPT UNPACKING pc=0x0000021b87589ea3 sp=0x0000007b329fe168 mode 2
Event: 7.708 Thread 0x0000021bfa702ec0 Uncommon trap: trap_request=0xffffff45 fr.pc=0x0000021b87bc46b4 relative=0x0000000000000114
Event: 7.709 Thread 0x0000021bfa702ec0 Uncommon trap: reason=unstable_if action=reinterpret pc=0x0000021b87bc46b4 method=jdk.internal.org.objectweb.asm.SymbolTable.put(Ljdk/internal/org/objectweb/asm/SymbolTable$Entry;)Ljdk/internal/org/objectweb/asm/SymbolTable$Entry; @ 13 c2
Event: 7.709 Thread 0x0000021bfa702ec0 DEOPT PACKING pc=0x0000021b87bc46b4 sp=0x0000007b330fd4e0
Event: 7.709 Thread 0x0000021bfa702ec0 DEOPT UNPACKING pc=0x0000021b87589ea3 sp=0x0000007b330fd440 mode 2
Event: 7.765 Thread 0x0000021bfa174e60 Uncommon trap: trap_request=0xffffff45 fr.pc=0x0000021b87b0717c relative=0x000000000000067c
Event: 7.765 Thread 0x0000021bfa174e60 Uncommon trap: reason=unstable_if action=reinterpret pc=0x0000021b87b0717c method=java.lang.String.replace(Ljava/lang/CharSequence;Ljava/lang/CharSequence;)Ljava/lang/String; @ 42 c2
Event: 7.765 Thread 0x0000021bfa174e60 DEOPT PACKING pc=0x0000021b87b0717c sp=0x0000007b329fb740
Event: 7.765 Thread 0x0000021bfa174e60 DEOPT UNPACKING pc=0x0000021b87589ea3 sp=0x0000007b329fb6d0 mode 2
Event: 7.838 Thread 0x0000021bfa702ec0 Uncommon trap: trap_request=0xffffff45 fr.pc=0x0000021b87bd1434 relative=0x0000000000000114
Event: 7.838 Thread 0x0000021bfa702ec0 Uncommon trap: reason=unstable_if action=reinterpret pc=0x0000021b87bd1434 method=java.util.ArrayList.indexOfRange(Ljava/lang/Object;II)I @ 7 c2
Event: 7.838 Thread 0x0000021bfa702ec0 DEOPT PACKING pc=0x0000021b87bd1434 sp=0x0000007b330fe290
Event: 7.838 Thread 0x0000021bfa702ec0 DEOPT UNPACKING pc=0x0000021b87589ea3 sp=0x0000007b330fe150 mode 2
Event: 7.859 Thread 0x0000021bfa702ec0 Uncommon trap: trap_request=0xffffff45 fr.pc=0x0000021b87bca910 relative=0x00000000000000f0
Event: 7.859 Thread 0x0000021bfa702ec0 Uncommon trap: reason=unstable_if action=reinterpret pc=0x0000021b87bca910 method=java.util.ArrayList.indexOfRange(Ljava/lang/Object;II)I @ 7 c2
Event: 7.859 Thread 0x0000021bfa702ec0 DEOPT PACKING pc=0x0000021b87bca910 sp=0x0000007b330fe1f0
Event: 7.859 Thread 0x0000021bfa702ec0 DEOPT UNPACKING pc=0x0000021b87589ea3 sp=0x0000007b330fe170 mode 2

Classes unloaded (16 events):
Event: 4.770 Thread 0x0000021bf8680c20 Unloading class 0x0000000100252400 'java/lang/invoke/LambdaForm$MH+0x0000000100252400'
Event: 4.770 Thread 0x0000021bf8680c20 Unloading class 0x0000000100252000 'java/lang/invoke/LambdaForm$MH+0x0000000100252000'
Event: 4.770 Thread 0x0000021bf8680c20 Unloading class 0x0000000100251c00 'java/lang/invoke/LambdaForm$MH+0x0000000100251c00'
Event: 4.770 Thread 0x0000021bf8680c20 Unloading class 0x0000000100251800 'java/lang/invoke/LambdaForm$MH+0x0000000100251800'
Event: 4.770 Thread 0x0000021bf8680c20 Unloading class 0x0000000100251400 'java/lang/invoke/LambdaForm$BMH+0x0000000100251400'
Event: 4.770 Thread 0x0000021bf8680c20 Unloading class 0x0000000100251000 'java/lang/invoke/LambdaForm$DMH+0x0000000100251000'
Event: 4.770 Thread 0x0000021bf8680c20 Unloading class 0x000000010024c400 'java/lang/invoke/LambdaForm$DMH+0x000000010024c400'
Event: 7.273 Thread 0x0000021bf8680c20 Unloading class 0x0000000100381400 'java/lang/invoke/LambdaForm$MH+0x0000000100381400'
Event: 7.273 Thread 0x0000021bf8680c20 Unloading class 0x0000000100380c00 'java/lang/invoke/LambdaForm$MH+0x0000000100380c00'
Event: 7.273 Thread 0x0000021bf8680c20 Unloading class 0x0000000100380800 'java/lang/invoke/LambdaForm$DMH+0x0000000100380800'
Event: 7.273 Thread 0x0000021bf8680c20 Unloading class 0x000000010035bc00 'java/lang/invoke/LambdaForm$MH+0x000000010035bc00'
Event: 7.273 Thread 0x0000021bf8680c20 Unloading class 0x0000000100357800 'java/lang/invoke/LambdaForm$MH+0x0000000100357800'
Event: 7.273 Thread 0x0000021bf8680c20 Unloading class 0x0000000100355c00 'java/lang/invoke/LambdaForm$MH+0x0000000100355c00'
Event: 7.274 Thread 0x0000021bf8680c20 Unloading class 0x0000000100355400 'java/lang/invoke/LambdaForm$DMH+0x0000000100355400'
Event: 7.274 Thread 0x0000021bf8680c20 Unloading class 0x0000000100354800 'java/lang/invoke/LambdaForm$MH+0x0000000100354800'
Event: 7.274 Thread 0x0000021bf8680c20 Unloading class 0x0000000100354400 'java/lang/invoke/LambdaForm$DMH+0x0000000100354400'

Classes redefined (0 events):
No events

Internal exceptions (20 events):
Event: 6.872 Thread 0x0000021bfa702ec0 Exception <a 'java/lang/NoSuchMethodError'{0x00000000eb6cccf8}: 'int java.lang.invoke.DirectMethodHandle$Holder.invokeStaticInit(java.lang.Object, int, int)'> (0x00000000eb6cccf8) 
thrown [s\src\hotspot\share\interpreter\linkResolver.cpp, line 759]
Event: 6.873 Thread 0x0000021bfa702ec0 Exception <a 'java/lang/NoSuchMethodError'{0x00000000eb6d4988}: 'int java.lang.invoke.DirectMethodHandle$Holder.invokeStaticInit(java.lang.Object, long, long)'> (0x00000000eb6d4988) 
thrown [s\src\hotspot\share\interpreter\linkResolver.cpp, line 759]
Event: 6.874 Thread 0x0000021bfa702ec0 Exception <a 'java/lang/NoSuchMethodError'{0x00000000eb6dba18}: 'int java.lang.invoke.DirectMethodHandle$Holder.invokeStaticInit(java.lang.Object, float, float)'> (0x00000000eb6dba18) 
thrown [s\src\hotspot\share\interpreter\linkResolver.cpp, line 759]
Event: 6.876 Thread 0x0000021bfa702ec0 Exception <a 'java/lang/NoSuchMethodError'{0x00000000eb6e2ac0}: 'int java.lang.invoke.DirectMethodHandle$Holder.invokeStaticInit(java.lang.Object, double, double)'> (0x00000000eb6e2ac0) 
thrown [s\src\hotspot\share\interpreter\linkResolver.cpp, line 759]
Event: 6.876 Thread 0x0000021bfa702ec0 Exception <a 'java/lang/NoSuchMethodError'{0x00000000eb6e7318}: 'int java.lang.invoke.DirectMethodHandle$Holder.invokeStatic(java.lang.Object, long)'> (0x00000000eb6e7318) 
thrown [s\src\hotspot\share\interpreter\linkResolver.cpp, line 759]
Event: 6.883 Thread 0x0000021bfa702ec0 Exception <a 'java/lang/NoSuchMethodError'{0x00000000eb719a00}: 'int java.lang.invoke.Invokers$Holder.linkToTargetMethod(java.lang.Object, java.lang.Object)'> (0x00000000eb719a00) 
thrown [s\src\hotspot\share\interpreter\linkResolver.cpp, line 759]
Event: 6.909 Thread 0x0000021bfa701570 Exception <a 'java/lang/NoSuchMethodError'{0x00000000eb738c38}: 'int java.lang.invoke.DirectMethodHandle$Holder.invokeSpecial(java.lang.Object, java.lang.Object, java.lang.Object, java.lang.Object)'> (0x00000000eb738c38) 
thrown [s\src\hotspot\share\interpreter\linkResolver.cpp, line 759]
Event: 6.924 Thread 0x0000021bfa701570 Exception <a 'java/lang/NoSuchMethodError'{0x00000000eb7781c0}: 'java.lang.Object java.lang.invoke.DirectMethodHandle$Holder.invokeStatic(java.lang.Object, int, java.lang.Object, java.lang.Object)'> (0x00000000eb7781c0) 
thrown [s\src\hotspot\share\interpreter\linkResolver.cpp, line 759]
Event: 6.928 Thread 0x0000021bfa701570 Exception <a 'java/lang/NoSuchMethodError'{0x00000000eb77bc78}: 'java.lang.Object java.lang.invoke.DelegatingMethodHandle$Holder.delegate(java.lang.Object, int, java.lang.Object, java.lang.Object)'> (0x00000000eb77bc78) 
thrown [s\src\hotspot\share\interpreter\linkResolver.cpp, line 759]
Event: 6.946 Thread 0x0000021bfa701570 Exception <a 'java/lang/NoSuchMethodError'{0x00000000eb82c068}: 'int java.lang.invoke.Invokers$Holder.linkToTargetMethod(java.lang.Object, java.lang.Object, java.lang.Object)'> (0x00000000eb82c068) 
thrown [s\src\hotspot\share\interpreter\linkResolver.cpp, line 759]
Event: 6.951 Thread 0x0000021bfa174e60 Exception <a 'java/lang/ClassNotFoundException'{0x00000000eb886830}: com/sun/org/apache/xerces/internal/impl/msg/spi/DOMMessagesProvider> (0x00000000eb886830) 
thrown [s\src\hotspot\share\classfile\systemDictionary.cpp, line 256]
Event: 6.952 Thread 0x0000021bfa174e60 Exception <a 'java/lang/ClassNotFoundException'{0x00000000eb897fb8}: com/sun/org/apache/xerces/internal/impl/msg/spi/XMLSerializerMessagesProvider> (0x00000000eb897fb8) 
thrown [s\src\hotspot\share\classfile\systemDictionary.cpp, line 256]
Event: 6.954 Thread 0x0000021bfa174e60 Exception <a 'java/lang/ClassNotFoundException'{0x00000000eb8a51f0}: com/sun/org/apache/xerces/internal/impl/msg/spi/XMLMessagesProvider> (0x00000000eb8a51f0) 
thrown [s\src\hotspot\share\classfile\systemDictionary.cpp, line 256]
Event: 6.991 Thread 0x0000021bfa702ec0 Exception <a 'java/lang/NoSuchMethodError'{0x00000000eba97b60}: 'java.lang.Object java.lang.invoke.DirectMethodHandle$Holder.invokeSpecialIFC(java.lang.Object, java.lang.Object, java.lang.Object, java.lang.Object)'> (0x00000000eba97b60) 
thrown [s\src\hotspot\share\interpreter\linkResolver.cpp, line 759]
Event: 7.081 Thread 0x0000021bfa174e60 Exception <a 'java/lang/NoSuchMethodError'{0x00000000ebfb9070}: 'java.lang.Object java.lang.invoke.DirectMethodHandle$Holder.invokeStaticInit(java.lang.Object, int, int, int, int)'> (0x00000000ebfb9070) 
thrown [s\src\hotspot\share\interpreter\linkResolver.cpp, line 759]
Event: 7.324 Thread 0x0000021bfa174e60 Exception <a 'java/lang/NoSuchMethodError'{0x00000000eab483f0}: 'java.lang.Object java.lang.invoke.DirectMethodHandle$Holder.invokeStaticInit(java.lang.Object, java.lang.Object, int, int, int, int)'> (0x00000000eab483f0) 
thrown [s\src\hotspot\share\interpreter\linkResolver.cpp, line 759]
Event: 7.384 Thread 0x0000021bfa702ec0 Exception <a 'java/lang/NoSuchMethodError'{0x00000000eb13a3f0}: 'int java.lang.invoke.DirectMethodHandle$Holder.invokeSpecialIFC(java.lang.Object, java.lang.Object, java.lang.Object, java.lang.Object, java.lang.Object)'> (0x00000000eb13a3f0) 
thrown [s\src\hotspot\share\interpreter\linkResolver.cpp, line 759]
Event: 7.428 Thread 0x0000021bfa174e60 Exception <a 'java/lang/ClassNotFoundException'{0x00000000eb2c6548}: com/sun/org/apache/xml/internal/serializer/spi/XMLEntitiesProvider> (0x00000000eb2c6548) 
thrown [s\src\hotspot\share\classfile\systemDictionary.cpp, line 256]
Event: 7.699 Thread 0x0000021bfa174e60 Exception <a 'java/io/FileNotFoundException'{0x00000000ebaeb558}> (0x00000000ebaeb558) 
thrown [s\src\hotspot\share\prims\jni.cpp, line 516]
Event: 7.773 Thread 0x0000021bfa702ec0 Exception <a 'java/lang/NoClassDefFoundError'{0x00000000ebe68d48}: javax/enterprise/inject/Typed> (0x00000000ebe68d48) 
thrown [s\src\hotspot\share\classfile\systemDictionary.cpp, line 245]

VM Operations (20 events):
Event: 6.917 Executing VM operation: HandshakeAllThreads
Event: 6.917 Executing VM operation: HandshakeAllThreads done
Event: 7.045 Executing VM operation: HandshakeAllThreads
Event: 7.052 Executing VM operation: HandshakeAllThreads done
Event: 7.148 Executing VM operation: ParallelGCFailedAllocation
Event: 7.153 Executing VM operation: ParallelGCFailedAllocation done
Event: 7.264 Executing VM operation: CollectForMetadataAllocation
Event: 7.306 Executing VM operation: CollectForMetadataAllocation done
Event: 7.319 Executing VM operation: HandshakeAllThreads
Event: 7.319 Executing VM operation: HandshakeAllThreads done
Event: 7.426 Executing VM operation: HandshakeAllThreads
Event: 7.426 Executing VM operation: HandshakeAllThreads done
Event: 7.432 Executing VM operation: HandshakeAllThreads
Event: 7.432 Executing VM operation: HandshakeAllThreads done
Event: 7.548 Executing VM operation: HandshakeAllThreads
Event: 7.548 Executing VM operation: HandshakeAllThreads done
Event: 7.754 Executing VM operation: HandshakeAllThreads
Event: 7.754 Executing VM operation: HandshakeAllThreads done
Event: 7.877 Executing VM operation: ParallelGCFailedAllocation
Event: 7.884 Executing VM operation: ParallelGCFailedAllocation done

Events (20 events):
Event: 7.687 loading class java/text/DontCareFieldPosition
Event: 7.687 loading class java/text/DontCareFieldPosition done
Event: 7.687 loading class java/text/DontCareFieldPosition$1
Event: 7.688 loading class java/text/Format$FieldDelegate
Event: 7.688 loading class java/text/Format$FieldDelegate done
Event: 7.688 loading class java/text/DontCareFieldPosition$1 done
Event: 7.688 loading class java/text/NumberFormat$Field
Event: 7.689 loading class java/text/NumberFormat$Field done
Event: 7.755 loading class java/nio/charset/IllegalCharsetNameException
Event: 7.755 loading class java/nio/charset/IllegalCharsetNameException done
Event: 7.758 loading class java/math/BigDecimal
Event: 7.759 loading class java/math/BigDecimal done
Event: 7.760 loading class java/lang/Short$ShortCache
Event: 7.760 loading class java/lang/Short$ShortCache done
Event: 7.765 loading class java/io/File$TempDirectory
Event: 7.766 loading class java/io/File$TempDirectory done
Event: 7.772 loading class java/lang/annotation/IncompleteAnnotationException
Event: 7.772 loading class java/lang/annotation/IncompleteAnnotationException done
Event: 7.861 loading class jdk/internal/access/foreign/MemorySegmentProxy
Event: 7.861 loading class jdk/internal/access/foreign/MemorySegmentProxy done


Dynamic libraries:
0x00007ff783e90000 - 0x00007ff783e9e000 	c:\Users\Kiet\.vscode\extensions\redhat.java-1.29.0-win32-x64\jre\17.0.10-win32-x86_64\bin\java.exe
0x00007fffb8f70000 - 0x00007fffb9186000 	C:\WINDOWS\SYSTEM32\ntdll.dll
0x00007fffb7c00000 - 0x00007fffb7cc4000 	C:\WINDOWS\System32\KERNEL32.DLL
0x00007fffb6540000 - 0x00007fffb68e7000 	C:\WINDOWS\System32\KERNELBASE.dll
0x00007fffb6290000 - 0x00007fffb63a1000 	C:\WINDOWS\System32\ucrtbase.dll
0x00007fffa4d10000 - 0x00007fffa4d27000 	c:\Users\Kiet\.vscode\extensions\redhat.java-1.29.0-win32-x64\jre\17.0.10-win32-x86_64\bin\jli.dll
0x00007fffa4cd0000 - 0x00007fffa4ceb000 	c:\Users\Kiet\.vscode\extensions\redhat.java-1.29.0-win32-x64\jre\17.0.10-win32-x86_64\bin\VCRUNTIME140.dll
0x00007fffb87d0000 - 0x00007fffb897e000 	C:\WINDOWS\System32\USER32.dll
0x00007fff9d530000 - 0x00007fff9d7c3000 	C:\WINDOWS\WinSxS\amd64_microsoft.windows.common-controls_6595b64144ccf1df_6.0.22621.3235_none_270f74e173860f98\COMCTL32.dll
0x00007fffb68f0000 - 0x00007fffb6916000 	C:\WINDOWS\System32\win32u.dll
0x00007fffb8190000 - 0x00007fffb8237000 	C:\WINDOWS\System32\msvcrt.dll
0x00007fffb8410000 - 0x00007fffb8439000 	C:\WINDOWS\System32\GDI32.dll
0x00007fffb63b0000 - 0x00007fffb64c9000 	C:\WINDOWS\System32\gdi32full.dll
0x00007fffb6a90000 - 0x00007fffb6b2a000 	C:\WINDOWS\System32\msvcp_win.dll
0x00007fffb7f20000 - 0x00007fffb7f51000 	C:\WINDOWS\System32\IMM32.DLL
0x00007fffaf8e0000 - 0x00007fffaf8ec000 	c:\Users\Kiet\.vscode\extensions\redhat.java-1.29.0-win32-x64\jre\17.0.10-win32-x86_64\bin\vcruntime140_1.dll
0x00007fff8ae50000 - 0x00007fff8aedd000 	c:\Users\Kiet\.vscode\extensions\redhat.java-1.29.0-win32-x64\jre\17.0.10-win32-x86_64\bin\msvcp140.dll
0x00007fff72c90000 - 0x00007fff738f2000 	c:\Users\Kiet\.vscode\extensions\redhat.java-1.29.0-win32-x64\jre\17.0.10-win32-x86_64\bin\server\jvm.dll
0x00007fffb7e60000 - 0x00007fffb7f12000 	C:\WINDOWS\System32\ADVAPI32.dll
0x00007fffb7510000 - 0x00007fffb75b8000 	C:\WINDOWS\System32\sechost.dll
0x00007fffb6c70000 - 0x00007fffb6c98000 	C:\WINDOWS\System32\bcrypt.dll
0x00007fffb7ae0000 - 0x00007fffb7bf5000 	C:\WINDOWS\System32\RPCRT4.dll
0x00007fffa7d50000 - 0x00007fffa7d59000 	C:\WINDOWS\SYSTEM32\WSOCK32.dll
0x00007fffb7ff0000 - 0x00007fffb8061000 	C:\WINDOWS\System32\WS2_32.dll
0x00007fffb6160000 - 0x00007fffb61ad000 	C:\WINDOWS\SYSTEM32\POWRPROF.dll
0x00007fffaf200000 - 0x00007fffaf234000 	C:\WINDOWS\SYSTEM32\WINMM.dll
0x00007fffadb80000 - 0x00007fffadb8a000 	C:\WINDOWS\SYSTEM32\VERSION.dll
0x00007fffb6140000 - 0x00007fffb6153000 	C:\WINDOWS\SYSTEM32\UMPDC.dll
0x00007fffb52d0000 - 0x00007fffb52e8000 	C:\WINDOWS\SYSTEM32\kernel.appcore.dll
0x00007fffa7cf0000 - 0x00007fffa7cfa000 	c:\Users\Kiet\.vscode\extensions\redhat.java-1.29.0-win32-x64\jre\17.0.10-win32-x86_64\bin\jimage.dll
0x00007fffb3ad0000 - 0x00007fffb3d03000 	C:\WINDOWS\SYSTEM32\DBGHELP.DLL
0x00007fffb8440000 - 0x00007fffb87c8000 	C:\WINDOWS\System32\combase.dll
0x00007fffb7d80000 - 0x00007fffb7e57000 	C:\WINDOWS\System32\OLEAUT32.dll
0x00007fffa49c0000 - 0x00007fffa49f2000 	C:\WINDOWS\SYSTEM32\dbgcore.DLL
0x00007fffb6bf0000 - 0x00007fffb6c69000 	C:\WINDOWS\System32\bcryptPrimitives.dll
0x00007fffa75e0000 - 0x00007fffa75ee000 	c:\Users\Kiet\.vscode\extensions\redhat.java-1.29.0-win32-x64\jre\17.0.10-win32-x86_64\bin\instrument.dll
0x00007fff98f10000 - 0x00007fff98f35000 	c:\Users\Kiet\.vscode\extensions\redhat.java-1.29.0-win32-x64\jre\17.0.10-win32-x86_64\bin\java.dll
0x00007fffa30c0000 - 0x00007fffa30d8000 	c:\Users\Kiet\.vscode\extensions\redhat.java-1.29.0-win32-x64\jre\17.0.10-win32-x86_64\bin\zip.dll
0x00007fffb6ca0000 - 0x00007fffb74fc000 	C:\WINDOWS\System32\SHELL32.dll
0x00007fffb41f0000 - 0x00007fffb4ae9000 	C:\WINDOWS\SYSTEM32\windows.storage.dll
0x00007fffb40b0000 - 0x00007fffb41ee000 	C:\WINDOWS\SYSTEM32\wintypes.dll
0x00007fffb8980000 - 0x00007fffb8a73000 	C:\WINDOWS\System32\SHCORE.dll
0x00007fffb8c30000 - 0x00007fffb8c8e000 	C:\WINDOWS\System32\shlwapi.dll
0x00007fffb61c0000 - 0x00007fffb61e1000 	C:\WINDOWS\SYSTEM32\profapi.dll
0x00007fff98100000 - 0x00007fff98119000 	C:\Users\Kiet\.vscode\extensions\redhat.java-1.29.0-win32-x64\jre\17.0.10-win32-x86_64\bin\net.dll
0x00007fffaeec0000 - 0x00007fffaeff6000 	C:\WINDOWS\SYSTEM32\WINHTTP.dll
0x00007fffb5740000 - 0x00007fffb57a9000 	C:\WINDOWS\system32\mswsock.dll
0x00007fff96c80000 - 0x00007fff96c96000 	C:\Users\Kiet\.vscode\extensions\redhat.java-1.29.0-win32-x64\jre\17.0.10-win32-x86_64\bin\nio.dll
0x00007fffa7460000 - 0x00007fffa7470000 	c:\Users\Kiet\.vscode\extensions\redhat.java-1.29.0-win32-x64\jre\17.0.10-win32-x86_64\bin\verify.dll
0x00007fff93a40000 - 0x00007fff93a7e000 	C:\Users\Kiet\AppData\Roaming\Code\User\globalStorage\redhat.java\1.29.0\config_win\org.eclipse.equinox.launcher\org.eclipse.equinox.launcher.win32.win32.x86_64_1.2.900.v20240213-1244\eclipse_11900.dll
0x00007fffb8a80000 - 0x00007fffb8c25000 	C:\WINDOWS\System32\ole32.dll
0x00007fffb59a0000 - 0x00007fffb59bb000 	C:\WINDOWS\SYSTEM32\CRYPTSP.dll
0x00007fffb5230000 - 0x00007fffb5265000 	C:\WINDOWS\system32\rsaenh.dll
0x00007fffb5840000 - 0x00007fffb5868000 	C:\WINDOWS\SYSTEM32\USERENV.dll
0x00007fffb59c0000 - 0x00007fffb59cc000 	C:\WINDOWS\SYSTEM32\CRYPTBASE.dll
0x00007fffb4d50000 - 0x00007fffb4d7d000 	C:\WINDOWS\SYSTEM32\IPHLPAPI.DLL
0x00007fffb8400000 - 0x00007fffb8409000 	C:\WINDOWS\System32\NSI.dll
0x00007fffae6a0000 - 0x00007fffae6b9000 	C:\WINDOWS\SYSTEM32\dhcpcsvc6.DLL
0x00007fffae5c0000 - 0x00007fffae5df000 	C:\WINDOWS\SYSTEM32\dhcpcsvc.DLL
0x00007fffb4dc0000 - 0x00007fffb4eb9000 	C:\WINDOWS\SYSTEM32\DNSAPI.dll
0x00007fff8bf40000 - 0x00007fff8bf85000 	C:\Users\Kiet\AppData\Local\Temp\jna-2338477\jna8523643470501466957.dll
0x00007fffb8c90000 - 0x00007fffb8c98000 	C:\WINDOWS\System32\PSAPI.DLL

dbghelp: loaded successfully - version: 4.0.5 - missing functions: none
symbol engine: initialized successfully - sym options: 0x614 - pdb path: .;c:\Users\Kiet\.vscode\extensions\redhat.java-1.29.0-win32-x64\jre\17.0.10-win32-x86_64\bin;C:\WINDOWS\SYSTEM32;C:\WINDOWS\WinSxS\amd64_microsoft.windows.common-controls_6595b64144ccf1df_6.0.22621.3235_none_270f74e173860f98;c:\Users\Kiet\.vscode\extensions\redhat.java-1.29.0-win32-x64\jre\17.0.10-win32-x86_64\bin\server;C:\Users\Kiet\AppData\Roaming\Code\User\globalStorage\redhat.java\1.29.0\config_win\org.eclipse.equinox.launcher\org.eclipse.equinox.launcher.win32.win32.x86_64_1.2.900.v20240213-1244;C:\Users\Kiet\AppData\Local\Temp\jna-2338477

VM Arguments:
jvm_args: --add-modules=ALL-SYSTEM --add-opens=java.base/java.util=ALL-UNNAMED --add-opens=java.base/java.lang=ALL-UNNAMED --add-opens=java.base/sun.nio.fs=ALL-UNNAMED -Declipse.application=org.eclipse.jdt.ls.core.id1 -Dosgi.bundles.defaultStartLevel=4 -Declipse.product=org.eclipse.jdt.ls.core.product -Djava.import.generatesMetadataFilesAtProjectRoot=false -DDetectVMInstallationsJob.disabled=true -Dfile.encoding=utf8 -XX:+UseParallelGC -XX:GCTimeRatio=4 -XX:AdaptiveSizePolicyWeight=90 -Dsun.zip.disableMemoryMapping=true -Xmx1G -Xms100m -Xlog:disable -javaagent:c:\Users\Kiet\.vscode\extensions\redhat.java-1.29.0-win32-x64\lombok\lombok-1.18.32.jar -XX:+HeapDumpOnOutOfMemoryError -XX:HeapDumpPath=c:\Users\Kiet\AppData\Roaming\Code\User\workspaceStorage\9f0ec90a7e62ad64397c1cc3a6503a33\redhat.java -Daether.dependencyCollector.impl=bf 
java_command: c:\Users\Kiet\.vscode\extensions\redhat.java-1.29.0-win32-x64\server\plugins\org.eclipse.equinox.launcher_1.6.800.v20240304-1850.jar -configuration c:\Users\Kiet\AppData\Roaming\Code\User\globalStorage\redhat.java\1.29.0\config_win -data c:\Users\Kiet\AppData\Roaming\Code\User\workspaceStorage\9f0ec90a7e62ad64397c1cc3a6503a33\redhat.java\jdt_ws --stdio
java_class_path (initial): c:\Users\Kiet\.vscode\extensions\redhat.java-1.29.0-win32-x64\server\plugins\org.eclipse.equinox.launcher_1.6.800.v20240304-1850.jar
Launcher Type: SUN_STANDARD

[Global flags]
    uintx AdaptiveSizePolicyWeight                 = 90                                        {product} {command line}
     intx CICompilerCount                          = 4                                         {product} {ergonomic}
    uintx GCTimeRatio                              = 4                                         {product} {command line}
     bool HeapDumpOnOutOfMemoryError               = true                                   {manageable} {command line}
    ccstr HeapDumpPath                             = c:\Users\Kiet\AppData\Roaming\Code\User\workspaceStorage\9f0ec90a7e62ad64397c1cc3a6503a33\redhat.java         {manageable} {command line}
   size_t InitialHeapSize                          = 104857600                                 {product} {command line}
   size_t MaxHeapSize                              = 1073741824                                {product} {command line}
   size_t MaxNewSize                               = 357564416                                 {product} {ergonomic}
   size_t MinHeapDeltaBytes                        = 524288                                    {product} {ergonomic}
   size_t MinHeapSize                              = 104857600                                 {product} {command line}
   size_t NewSize                                  = 34603008                                  {product} {ergonomic}
    uintx NonNMethodCodeHeapSize                   = 5839372                                {pd product} {ergonomic}
    uintx NonProfiledCodeHeapSize                  = 122909434                              {pd product} {ergonomic}
   size_t OldSize                                  = 70254592                                  {product} {ergonomic}
    uintx ProfiledCodeHeapSize                     = 122909434                              {pd product} {ergonomic}
    uintx ReservedCodeCacheSize                    = 251658240                              {pd product} {ergonomic}
     bool SegmentedCodeCache                       = true                                      {product} {ergonomic}
   size_t SoftMaxHeapSize                          = 1073741824                             {manageable} {ergonomic}
     bool UseCompressedClassPointers               = true                           {product lp64_product} {ergonomic}
     bool UseCompressedOops                        = true                           {product lp64_product} {ergonomic}
     bool UseLargePagesIndividualAllocation        = false                                  {pd product} {ergonomic}
     bool UseParallelGC                            = true                                      {product} {command line}

Logging:
Log output configuration:
 #0: stdout all=off uptime,level,tags
 #1: stderr all=off uptime,level,tags

Environment Variables:
PATH=C:\Program Files\Common Files\Oracle\Java\javapath;C:\Program Files (x86)\Common Files\Oracle\Java\javapath;C:\WINDOWS\system32;C:\WINDOWS;C:\WINDOWS\System32\Wbem;C:\WINDOWS\System32\WindowsPowerShell\v1.0\;C:\WINDOWS\System32\OpenSSH\;C:\Program Files\dotnet\;C:\Program Files\Common Files\Oracle\Java\javapath;C:\Program Files\Java\jdk-11\bin;C:\Program Files (x86)\Microsoft SQL Server\160\Tools\Binn\;C:\Program Files\Microsoft SQL Server\160\Tools\Binn\;C:\Program Files\Microsoft SQL Server\Client SDK\ODBC\170\Tools\Binn\;C:\Program Files\Microsoft SQL Server\160\DTS\Binn\;C:\Program Files (x86)\Microsoft SQL Server\160\DTS\Binn\;C:\Program Files\Azure Data Studio\bin;C:\Program Files\apache-maven-3.9.6\bin;C:\Program Files\Git\cmd;C:\Program Files\nodejs\;C:\Program Files\Java\jdk-21\bin;C:\Users\Kiet\AppData\Local\Microsoft\WindowsApps;C:\Users\Kiet\AppData\Local\Programs\Microsoft VS Code\bin;C:\Users\Kiet\AppData\Local\GitHubDesktop\bin;C:\Users\Kiet\.dotnet\tools;C:\Program Files\Azure Data Studio\bin;C:\Users\Kiet\AppData\Roaming\npm
USERNAME=Kiet
OS=Windows_NT
PROCESSOR_IDENTIFIER=Intel64 Family 6 Model 126 Stepping 5, GenuineIntel
TMP=C:\Users\Kiet\AppData\Local\Temp
TEMP=C:\Users\Kiet\AppData\Local\Temp



Periodic native trim disabled


---------------  S Y S T E M  ---------------

OS:
 Windows 11 , 64 bit Build 22621 (10.0.22621.3374)
OS uptime: 1 days 21:01 hours

CPU: total 8 (initial active 8) (4 cores per cpu, 2 threads per core) family 6 model 126 stepping 5 microcode 0xa6, cx8, cmov, fxsr, ht, mmx, 3dnowpref, sse, sse2, sse3, ssse3, sse4.1, sse4.2, popcnt, lzcnt, tsc, tscinvbit, avx, avx2, aes, erms, clmul, bmi1, bmi2, adx, avx512f, avx512dq, avx512cd, avx512bw, avx512vl, sha, fma, vzeroupper, avx512_vpopcntdq, avx512_vpclmulqdq, avx512_vaes, avx512_vnni, clflush, clflushopt, avx512_vbmi2, avx512_vbmi
Processor Information for all 8 processors :
  Max Mhz: 1190, Current Mhz: 991, Mhz Limit: 987

Memory: 4k page, system-wide physical 7987M (557M free)
TotalPageFile size 10035M (AvailPageFile size 10M)
current process WorkingSet (physical memory assigned to process): 189M, peak: 195M
current process commit charge ("private bytes"): 284M, peak: 290M

vm_info: OpenJDK 64-Bit Server VM (17.0.10+7) for windows-amd64 JRE (17.0.10+7), built on Jan 16 2024 23:25:11 by "admin" with MS VC++ 16.10 / 16.11 (VS2019)

END.
