#
# There is insufficient memory for the Java Runtime Environment to continue.
# Native memory allocation (malloc) failed to allocate 1630416 bytes for Chunk::new
# Possible reasons:
#   The system is out of physical RAM or swap space
#   The process is running with CompressedOops enabled, and the Java Heap may be blocking the growth of the native heap
# Possible solutions:
#   Reduce memory load on the system
#   Increase physical memory or swap space
#   Check if swap backing store is full
#   Decrease Java heap size (-Xmx/-Xms)
#   Decrease number of Java threads
#   Decrease Java thread stack sizes (-Xss)
#   Set larger code cache with -XX:ReservedCodeCacheSize=
#   JVM is running with Unscaled Compressed Oops mode in which the Java heap is
#     placed in the first 4GB address space. The Java Heap base address is the
#     maximum limit for the native heap growth. Please use -XX:HeapBaseMinAddress
#     to set the Java Heap base and to place the Java Heap above 4GB virtual address.
# This output file may be truncated or incomplete.
#
#  Out of Memory Error (arena.cpp:191), pid=1628, tid=6688
#
# JRE version: OpenJDK Runtime Environment Temurin-17.0.10+7 (17.0.10+7) (build 17.0.10+7)
# Java VM: OpenJDK 64-Bit Server VM Temurin-17.0.10+7 (17.0.10+7, mixed mode, tiered, compressed oops, compressed class ptrs, parallel gc, windows-amd64)
# No core dump will be written. Minidumps are not enabled by default on client versions of Windows
#

---------------  S U M M A R Y ------------

Command Line: --add-modules=ALL-SYSTEM --add-opens=java.base/java.util=ALL-UNNAMED --add-opens=java.base/java.lang=ALL-UNNAMED --add-opens=java.base/sun.nio.fs=ALL-UNNAMED -Declipse.application=org.eclipse.jdt.ls.core.id1 -Dosgi.bundles.defaultStartLevel=4 -Declipse.product=org.eclipse.jdt.ls.core.product -Djava.import.generatesMetadataFilesAtProjectRoot=false -DDetectVMInstallationsJob.disabled=true -Dfile.encoding=utf8 -XX:+UseParallelGC -XX:GCTimeRatio=4 -XX:AdaptiveSizePolicyWeight=90 -Dsun.zip.disableMemoryMapping=true -Xmx1G -Xms100m -Xlog:disable -javaagent:c:\Users\Kiet\.vscode\extensions\redhat.java-1.28.1-win32-x64\lombok\lombok-1.18.31.jar -XX:+HeapDumpOnOutOfMemoryError -XX:HeapDumpPath=c:\Users\Kiet\AppData\Roaming\Code\User\workspaceStorage\794778fa6a47f198356234ad77415c6f\redhat.java -Daether.dependencyCollector.impl=bf c:\Users\Kiet\.vscode\extensions\redhat.java-1.28.1-win32-x64\server\plugins\org.eclipse.equinox.launcher_1.6.700.v20231214-2017.jar -configuration c:\Users\Kiet\AppData\Roaming\Code\User\globalStorage\redhat.java\1.28.1\config_win -data c:\Users\Kiet\AppData\Roaming\Code\User\workspaceStorage\794778fa6a47f198356234ad77415c6f\redhat.java\jdt_ws --stdio

Host: Intel(R) Core(TM) i5-1035G1 CPU @ 1.00GHz, 8 cores, 7G,  Windows 11 , 64 bit Build 22621 (10.0.22621.3085)
Time: Sat Mar  9 17:05:32 2024 SE Asia Standard Time elapsed time: 5.278550 seconds (0d 0h 0m 5s)

---------------  T H R E A D  ---------------

Current thread (0x000001a62fbf64e0):  JavaThread "C2 CompilerThread1" daemon [_thread_in_native, id=6688, stack(0x00000072c7900000,0x00000072c7a00000)]


Current CompileTask:
C2:   5278 3767   !   4       org.eclipse.osgi.internal.loader.classpath.ClasspathManager::findClassImpl (308 bytes)

Stack: [0x00000072c7900000,0x00000072c7a00000]
Native frames: (J=compiled Java code, j=interpreted, Vv=VM code, C=native code)
V  [jvm.dll+0x67d2c9]
V  [jvm.dll+0x834afa]
V  [jvm.dll+0x8365be]
V  [jvm.dll+0x836c23]
V  [jvm.dll+0x2477ff]
V  [jvm.dll+0xac514]
V  [jvm.dll+0xacb5c]
V  [jvm.dll+0x366782]
V  [jvm.dll+0x330bfa]
V  [jvm.dll+0x33009a]
V  [jvm.dll+0x219ef1]
V  [jvm.dll+0x219311]
V  [jvm.dll+0x1a502d]
V  [jvm.dll+0x2290de]
V  [jvm.dll+0x2272ac]
V  [jvm.dll+0x7e9bb7]
V  [jvm.dll+0x7e3fba]
V  [jvm.dll+0x67c1b5]
C  [ucrtbase.dll+0x29363]
C  [KERNEL32.DLL+0x1257d]
C  [ntdll.dll+0x5aa58]


---------------  P R O C E S S  ---------------

Threads class SMR info:
_java_thread_list=0x000001a63051f6e0, length=28, elements={
0x000001a6147231a0, 0x000001a6285ad010, 0x000001a6285ae8f0, 0x000001a62d6c7f30,
0x000001a62d6c8800, 0x000001a62d6c9870, 0x000001a62d6cbf00, 0x000001a62d6d07a0,
0x000001a62d6d20e0, 0x000001a62d6da9e0, 0x000001a62d7fd040, 0x000001a62da01790,
0x000001a62e8d7e40, 0x000001a62e8d6a00, 0x000001a62e8d8d70, 0x000001a62e8d9280,
0x000001a62e8d8350, 0x000001a62e8d5ad0, 0x000001a62e8d64f0, 0x000001a62e8d7420,
0x000001a62e8d7930, 0x000001a62fbf64e0, 0x000001a62f5f7ed0, 0x000001a62f5f83e0,
0x000001a62f5f88f0, 0x000001a62f5f9310, 0x000001a62f5f9820, 0x000001a62fbf74d0
}

Java Threads: ( => current thread )
  0x000001a6147231a0 JavaThread "main" [_thread_in_Java, id=12124, stack(0x00000072c5c00000,0x00000072c5d00000)]
  0x000001a6285ad010 JavaThread "Reference Handler" daemon [_thread_blocked, id=2604, stack(0x00000072c5f00000,0x00000072c6000000)]
  0x000001a6285ae8f0 JavaThread "Finalizer" daemon [_thread_blocked, id=10236, stack(0x00000072c6000000,0x00000072c6100000)]
  0x000001a62d6c7f30 JavaThread "Signal Dispatcher" daemon [_thread_blocked, id=21224, stack(0x00000072c6100000,0x00000072c6200000)]
  0x000001a62d6c8800 JavaThread "Attach Listener" daemon [_thread_blocked, id=5956, stack(0x00000072c6200000,0x00000072c6300000)]
  0x000001a62d6c9870 JavaThread "Service Thread" daemon [_thread_blocked, id=9816, stack(0x00000072c6300000,0x00000072c6400000)]
  0x000001a62d6cbf00 JavaThread "Monitor Deflation Thread" daemon [_thread_blocked, id=6104, stack(0x00000072c6400000,0x00000072c6500000)]
  0x000001a62d6d07a0 JavaThread "C2 CompilerThread0" daemon [_thread_in_native, id=11784, stack(0x00000072c6500000,0x00000072c6600000)]
  0x000001a62d6d20e0 JavaThread "C1 CompilerThread0" daemon [_thread_blocked, id=15928, stack(0x00000072c6600000,0x00000072c6700000)]
  0x000001a62d6da9e0 JavaThread "Sweeper thread" daemon [_thread_blocked, id=11004, stack(0x00000072c6700000,0x00000072c6800000)]
  0x000001a62d7fd040 JavaThread "Common-Cleaner" daemon [_thread_blocked, id=19668, stack(0x00000072c6800000,0x00000072c6900000)]
  0x000001a62da01790 JavaThread "Notification Thread" daemon [_thread_blocked, id=15036, stack(0x00000072c6900000,0x00000072c6a00000)]
  0x000001a62e8d7e40 JavaThread "Active Thread: Equinox Container: 3f3f7025-554b-418d-bcf0-482004a8a5e0" [_thread_blocked, id=1984, stack(0x00000072c6c00000,0x00000072c6d00000)]
  0x000001a62e8d6a00 JavaThread "Framework Event Dispatcher: Equinox Container: 3f3f7025-554b-418d-bcf0-482004a8a5e0" daemon [_thread_blocked, id=8648, stack(0x00000072c7300000,0x00000072c7400000)]
  0x000001a62e8d8d70 JavaThread "Start Level: Equinox Container: 3f3f7025-554b-418d-bcf0-482004a8a5e0" daemon [_thread_blocked, id=7748, stack(0x00000072c7400000,0x00000072c7500000)]
  0x000001a62e8d9280 JavaThread "Bundle File Closer" daemon [_thread_blocked, id=3864, stack(0x00000072c7700000,0x00000072c7800000)]
  0x000001a62e8d8350 JavaThread "SCR Component Actor" daemon [_thread_blocked, id=19624, stack(0x00000072c7500000,0x00000072c7600000)]
  0x000001a62e8d5ad0 JavaThread "SCR Component Registry" daemon [_thread_blocked, id=1840, stack(0x00000072c7800000,0x00000072c7900000)]
  0x000001a62e8d64f0 JavaThread "Worker-JM" [_thread_blocked, id=1520, stack(0x00000072c6b00000,0x00000072c6c00000)]
  0x000001a62e8d7420 JavaThread "Worker-0: Updating Maven Dependencies" [_thread_blocked, id=14648, stack(0x00000072c7b00000,0x00000072c7c00000)]
  0x000001a62e8d7930 JavaThread "Worker-1: Repository registry initialization" [_thread_blocked, id=8756, stack(0x00000072c7c00000,0x00000072c7d00000)]
=>0x000001a62fbf64e0 JavaThread "C2 CompilerThread1" daemon [_thread_in_native, id=6688, stack(0x00000072c7900000,0x00000072c7a00000)]
  0x000001a62f5f7ed0 JavaThread "Java indexing" daemon [_thread_blocked, id=16088, stack(0x00000072c7a00000,0x00000072c7b00000)]
  0x000001a62f5f83e0 JavaThread "JNA Cleaner" daemon [_thread_blocked, id=18428, stack(0x00000072c7d00000,0x00000072c7e00000)]
  0x000001a62f5f88f0 JavaThread "Worker-2" [_thread_blocked, id=5908, stack(0x00000072c7e00000,0x00000072c7f00000)]
  0x000001a62f5f9310 JavaThread "Worker-3" [_thread_blocked, id=7668, stack(0x00000072c7f00000,0x00000072c8000000)]
  0x000001a62f5f9820 JavaThread "pool-2-thread-1" [_thread_blocked, id=9136, stack(0x00000072c8000000,0x00000072c8100000)]
  0x000001a62fbf74d0 JavaThread "C2 CompilerThread2" daemon [_thread_in_native, id=21252, stack(0x00000072c8100000,0x00000072c8200000)]

Other Threads:
  0x000001a62d6a14b0 VMThread "VM Thread" [stack: 0x00000072c5e00000,0x00000072c5f00000] [id=20688]
  0x000001a62da01c70 WatcherThread [stack: 0x00000072c6a00000,0x00000072c6b00000] [id=20156]
  0x000001a614737c30 GCTaskThread "GC Thread#0" [stack: 0x00000072c5d00000,0x00000072c5e00000] [id=6584]
  0x000001a62f083a40 GCTaskThread "GC Thread#1" [stack: 0x00000072c6d00000,0x00000072c6e00000] [id=7724]
  0x000001a62f08b680 GCTaskThread "GC Thread#2" [stack: 0x00000072c6e00000,0x00000072c6f00000] [id=16204]
  0x000001a62f08b940 GCTaskThread "GC Thread#3" [stack: 0x00000072c6f00000,0x00000072c7000000] [id=16312]
  0x000001a62f09eda0 GCTaskThread "GC Thread#4" [stack: 0x00000072c7000000,0x00000072c7100000] [id=10260]
  0x000001a62f09f060 GCTaskThread "GC Thread#5" [stack: 0x00000072c7100000,0x00000072c7200000] [id=748]
  0x000001a62f09f320 GCTaskThread "GC Thread#6" [stack: 0x00000072c7200000,0x00000072c7300000] [id=15456]
  0x000001a62f4b8200 GCTaskThread "GC Thread#7" [stack: 0x00000072c7600000,0x00000072c7700000] [id=13964]

Threads with active compile tasks:
C2 CompilerThread0     5312 3796       4       java.io.WinNTFileSystem::normalize (143 bytes)
C1 CompilerThread0     5312 3912       3       sun.reflect.generics.tree.ClassTypeSignature::accept (8 bytes)
C2 CompilerThread1     5312 3767   !   4       org.eclipse.osgi.internal.loader.classpath.ClasspathManager::findClassImpl (308 bytes)
C2 CompilerThread2     5312 3795       4       java.util.HashSet::contains (9 bytes)

VM state: not at safepoint (normal execution)

VM Mutex/Monitor currently owned by a thread: None

Heap address: 0x00000000c0000000, size: 1024 MB, Compressed Oops mode: 32-bit

CDS archive(s) not mapped
Compressed class space mapped at: 0x0000000100000000-0x0000000140000000, reserved size: 1073741824
Narrow klass base: 0x0000000000000000, Narrow klass shift: 3, Narrow klass range: 0x140000000

GC Precious Log:
 CPUs: 8 total, 8 available
 Memory: 7987M
 Large Page Support: Disabled
 NUMA Support: Disabled
 Compressed Oops: Enabled (32-bit)
 Alignments: Space 512K, Generation 512K, Heap 2M
 Heap Min Capacity: 100M
 Heap Initial Capacity: 100M
 Heap Max Capacity: 1G
 Pre-touch: Disabled
 Parallel Workers: 8

Heap:
 PSYoungGen      total 24576K, used 7504K [0x00000000eab00000, 0x00000000ec800000, 0x0000000100000000)
  eden space 23040K, 27% used [0x00000000eab00000,0x00000000eb129a60,0x00000000ec180000)
  from space 1536K, 77% used [0x00000000ec200000,0x00000000ec32a648,0x00000000ec380000)
  to   space 2560K, 0% used [0x00000000ec580000,0x00000000ec580000,0x00000000ec800000)
 ParOldGen       total 68608K, used 15639K [0x00000000c0000000, 0x00000000c4300000, 0x00000000eab00000)
  object space 68608K, 22% used [0x00000000c0000000,0x00000000c0f45c40,0x00000000c4300000)
 Metaspace       used 39032K, committed 39936K, reserved 1114112K
  class space    used 3988K, committed 4352K, reserved 1048576K

Card table byte_map: [0x000001a6140b0000,0x000001a6142c0000] _byte_map_base: 0x000001a613ab0000

Marking Bits: (ParMarkBitMap*) 0x00007ffa4ed5d7d0
 Begin Bits: [0x000001a6263b0000, 0x000001a6273b0000)
 End Bits:   [0x000001a6273b0000, 0x000001a6283b0000)

Polling page: 0x000001a6125c0000

Metaspace:

Usage:
  Non-class:     34.22 MB used.
      Class:      3.90 MB used.
       Both:     38.12 MB used.

Virtual space:
  Non-class space:       64.00 MB reserved,      34.75 MB ( 54%) committed,  1 nodes.
      Class space:        1.00 GB reserved,       4.25 MB ( <1%) committed,  1 nodes.
             Both:        1.06 GB reserved,      39.00 MB (  4%) committed. 

Chunk freelists:
   Non-Class:  12.75 MB
       Class:  11.67 MB
        Both:  24.42 MB

MaxMetaspaceSize: unlimited
CompressedClassSpaceSize: 1.00 GB
Initial GC threshold: 21.00 MB
Current GC threshold: 58.38 MB
CDS: off
MetaspaceReclaimPolicy: balanced
 - commit_granule_bytes: 65536.
 - commit_granule_words: 8192.
 - virtual_space_node_default_size: 8388608.
 - enlarge_chunks_in_place: 1.
 - new_chunks_are_fully_committed: 0.
 - uncommit_free_chunks: 1.
 - use_allocation_guard: 0.
 - handle_deallocations: 1.


Internal statistics:

num_allocs_failed_limit: 8.
num_arena_births: 408.
num_arena_deaths: 14.
num_vsnodes_births: 2.
num_vsnodes_deaths: 0.
num_space_committed: 624.
num_space_uncommitted: 0.
num_chunks_returned_to_freelist: 22.
num_chunks_taken_from_freelist: 1678.
num_chunk_merges: 13.
num_chunk_splits: 1094.
num_chunks_enlarged: 725.
num_inconsistent_stats: 0.

CodeHeap 'non-profiled nmethods': size=120000Kb used=1778Kb max_used=1778Kb free=118221Kb
 bounds [0x000001a61ee80000, 0x000001a61f0f0000, 0x000001a6263b0000]
CodeHeap 'profiled nmethods': size=120000Kb used=8197Kb max_used=8197Kb free=111802Kb
 bounds [0x000001a6173b0000, 0x000001a617bc0000, 0x000001a61e8e0000]
CodeHeap 'non-nmethods': size=5760Kb used=1282Kb max_used=1325Kb free=4477Kb
 bounds [0x000001a61e8e0000, 0x000001a61eb50000, 0x000001a61ee80000]
 total_blobs=4498 nmethods=3906 adapters=506
 compilation: enabled
              stopped_count=0, restarted_count=0
 full_count=0

Compilation events (20 events):
Event: 5.265 Thread 0x000001a62d6d20e0 3867       1       sun.reflect.generics.tree.SimpleClassTypeSignature::getName (5 bytes)
Event: 5.265 Thread 0x000001a62d6d20e0 nmethod 3867 0x000001a61f039b10 code [0x000001a61f039ca0, 0x000001a61f039d78]
Event: 5.265 Thread 0x000001a62d6d20e0 3868       1       sun.reflect.generics.tree.SimpleClassTypeSignature::getDollar (5 bytes)
Event: 5.265 Thread 0x000001a62d6d20e0 nmethod 3868 0x000001a61f039e10 code [0x000001a61f039fa0, 0x000001a61f03a078]
Event: 5.265 Thread 0x000001a62d6d20e0 3869       3       java.lang.Class::getConstructor0 (83 bytes)
Event: 5.266 Thread 0x000001a62d6d20e0 nmethod 3869 0x000001a617b9c490 code [0x000001a617b9c700, 0x000001a617b9d118]
Event: 5.266 Thread 0x000001a62d6d20e0 3870       3       java.lang.reflect.AccessibleObject::checkCanSetAccessible (9 bytes)
Event: 5.266 Thread 0x000001a62d6d20e0 nmethod 3870 0x000001a617b9d610 code [0x000001a617b9d7a0, 0x000001a617b9d8e8]
Event: 5.266 Thread 0x000001a62d6d20e0 3871       3       java.lang.reflect.AccessibleObject::checkCanSetAccessible (368 bytes)
Event: 5.271 Thread 0x000001a62d6d20e0 nmethod 3871 0x000001a617b9d990 code [0x000001a617b9e0c0, 0x000001a617ba19e8]
Event: 5.271 Thread 0x000001a62d6d20e0 3877       3       jdk.internal.org.objectweb.asm.FieldWriter::putFieldInfo (269 bytes)
Event: 5.272 Thread 0x000001a62d6d20e0 nmethod 3877 0x000001a617ba2d90 code [0x000001a617ba3000, 0x000001a617ba3948]
Event: 5.273 Thread 0x000001a62d6d20e0 3876       3       jdk.internal.org.objectweb.asm.FieldWriter::computeFieldInfoSize (86 bytes)
Event: 5.273 Thread 0x000001a62d6d20e0 nmethod 3876 0x000001a617ba3d10 code [0x000001a617ba3ee0, 0x000001a617ba41b8]
Event: 5.273 Thread 0x000001a62d6d20e0 3873       3       java.nio.ByteBuffer::limit (6 bytes)
Event: 5.273 Thread 0x000001a62d6d20e0 nmethod 3873 0x000001a617ba4310 code [0x000001a617ba44c0, 0x000001a617ba4688]
Event: 5.273 Thread 0x000001a62d6d20e0 3872       3       java.lang.reflect.AccessibleObject::setAccessible0 (7 bytes)
Event: 5.273 Thread 0x000001a62d6d20e0 nmethod 3872 0x000001a617ba4710 code [0x000001a617ba48a0, 0x000001a617ba49b8]
Event: 5.274 Thread 0x000001a62d6d20e0 3875       1       java.lang.Class::getAnnotationType (5 bytes)
Event: 5.274 Thread 0x000001a62d6d20e0 nmethod 3875 0x000001a61f03a510 code [0x000001a61f03a6a0, 0x000001a61f03a778]

GC Heap History (20 events):
Event: 2.919 GC heap before
{Heap before GC invocations=4 (full 0):
 PSYoungGen      total 29696K, used 29694K [0x00000000eab00000, 0x00000000ecc00000, 0x0000000100000000)
  eden space 25600K, 100% used [0x00000000eab00000,0x00000000ec400000,0x00000000ec400000)
  from space 4096K, 99% used [0x00000000ec400000,0x00000000ec7ffa88,0x00000000ec800000)
  to   space 4096K, 0% used [0x00000000ec800000,0x00000000ec800000,0x00000000ecc00000)
 ParOldGen       total 68608K, used 5189K [0x00000000c0000000, 0x00000000c4300000, 0x00000000eab00000)
  object space 68608K, 7% used [0x00000000c0000000,0x00000000c0511710,0x00000000c4300000)
 Metaspace       used 20850K, committed 21248K, reserved 1114112K
  class space    used 2116K, committed 2240K, reserved 1048576K
}
Event: 2.922 GC heap after
{Heap after GC invocations=4 (full 0):
 PSYoungGen      total 29696K, used 4077K [0x00000000eab00000, 0x00000000ecc00000, 0x0000000100000000)
  eden space 25600K, 0% used [0x00000000eab00000,0x00000000eab00000,0x00000000ec400000)
  from space 4096K, 99% used [0x00000000ec800000,0x00000000ecbfb730,0x00000000ecc00000)
  to   space 4096K, 0% used [0x00000000ec400000,0x00000000ec400000,0x00000000ec800000)
 ParOldGen       total 68608K, used 6480K [0x00000000c0000000, 0x00000000c4300000, 0x00000000eab00000)
  object space 68608K, 9% used [0x00000000c0000000,0x00000000c0654258,0x00000000c4300000)
 Metaspace       used 20850K, committed 21248K, reserved 1114112K
  class space    used 2116K, committed 2240K, reserved 1048576K
}
Event: 2.946 GC heap before
{Heap before GC invocations=5 (full 0):
 PSYoungGen      total 29696K, used 5803K [0x00000000eab00000, 0x00000000ecc00000, 0x0000000100000000)
  eden space 25600K, 6% used [0x00000000eab00000,0x00000000eacaf6f8,0x00000000ec400000)
  from space 4096K, 99% used [0x00000000ec800000,0x00000000ecbfb730,0x00000000ecc00000)
  to   space 4096K, 0% used [0x00000000ec400000,0x00000000ec400000,0x00000000ec800000)
 ParOldGen       total 68608K, used 6480K [0x00000000c0000000, 0x00000000c4300000, 0x00000000eab00000)
  object space 68608K, 9% used [0x00000000c0000000,0x00000000c0654258,0x00000000c4300000)
 Metaspace       used 21099K, committed 21504K, reserved 1114112K
  class space    used 2138K, committed 2304K, reserved 1048576K
}
Event: 2.949 GC heap after
{Heap after GC invocations=5 (full 0):
 PSYoungGen      total 29696K, used 4077K [0x00000000eab00000, 0x00000000ece00000, 0x0000000100000000)
  eden space 25600K, 0% used [0x00000000eab00000,0x00000000eab00000,0x00000000ec400000)
  from space 4096K, 99% used [0x00000000ec400000,0x00000000ec7fb6b8,0x00000000ec800000)
  to   space 5120K, 0% used [0x00000000ec900000,0x00000000ec900000,0x00000000ece00000)
 ParOldGen       total 68608K, used 6662K [0x00000000c0000000, 0x00000000c4300000, 0x00000000eab00000)
  object space 68608K, 9% used [0x00000000c0000000,0x00000000c0681bc8,0x00000000c4300000)
 Metaspace       used 21099K, committed 21504K, reserved 1114112K
  class space    used 2138K, committed 2304K, reserved 1048576K
}
Event: 2.949 GC heap before
{Heap before GC invocations=6 (full 1):
 PSYoungGen      total 29696K, used 4077K [0x00000000eab00000, 0x00000000ece00000, 0x0000000100000000)
  eden space 25600K, 0% used [0x00000000eab00000,0x00000000eab00000,0x00000000ec400000)
  from space 4096K, 99% used [0x00000000ec400000,0x00000000ec7fb6b8,0x00000000ec800000)
  to   space 5120K, 0% used [0x00000000ec900000,0x00000000ec900000,0x00000000ece00000)
 ParOldGen       total 68608K, used 6662K [0x00000000c0000000, 0x00000000c4300000, 0x00000000eab00000)
  object space 68608K, 9% used [0x00000000c0000000,0x00000000c0681bc8,0x00000000c4300000)
 Metaspace       used 21099K, committed 21504K, reserved 1114112K
  class space    used 2138K, committed 2304K, reserved 1048576K
}
Event: 2.975 GC heap after
{Heap after GC invocations=6 (full 1):
 PSYoungGen      total 29696K, used 0K [0x00000000eab00000, 0x00000000ece00000, 0x0000000100000000)
  eden space 25600K, 0% used [0x00000000eab00000,0x00000000eab00000,0x00000000ec400000)
  from space 4096K, 0% used [0x00000000ec400000,0x00000000ec400000,0x00000000ec800000)
  to   space 5120K, 0% used [0x00000000ec900000,0x00000000ec900000,0x00000000ece00000)
 ParOldGen       total 68608K, used 10429K [0x00000000c0000000, 0x00000000c4300000, 0x00000000eab00000)
  object space 68608K, 15% used [0x00000000c0000000,0x00000000c0a2f6a8,0x00000000c4300000)
 Metaspace       used 21086K, committed 21504K, reserved 1114112K
  class space    used 2134K, committed 2304K, reserved 1048576K
}
Event: 3.452 GC heap before
{Heap before GC invocations=7 (full 1):
 PSYoungGen      total 29696K, used 25600K [0x00000000eab00000, 0x00000000ece00000, 0x0000000100000000)
  eden space 25600K, 100% used [0x00000000eab00000,0x00000000ec400000,0x00000000ec400000)
  from space 4096K, 0% used [0x00000000ec400000,0x00000000ec400000,0x00000000ec800000)
  to   space 5120K, 0% used [0x00000000ec900000,0x00000000ec900000,0x00000000ece00000)
 ParOldGen       total 68608K, used 10429K [0x00000000c0000000, 0x00000000c4300000, 0x00000000eab00000)
  object space 68608K, 15% used [0x00000000c0000000,0x00000000c0a2f6a8,0x00000000c4300000)
 Metaspace       used 24240K, committed 24832K, reserved 1114112K
  class space    used 2467K, committed 2752K, reserved 1048576K
}
Event: 3.454 GC heap after
{Heap after GC invocations=7 (full 1):
 PSYoungGen      total 27136K, used 1713K [0x00000000eab00000, 0x00000000ecb00000, 0x0000000100000000)
  eden space 25088K, 0% used [0x00000000eab00000,0x00000000eab00000,0x00000000ec380000)
  from space 2048K, 83% used [0x00000000ec900000,0x00000000ecaac538,0x00000000ecb00000)
  to   space 3072K, 0% used [0x00000000ec500000,0x00000000ec500000,0x00000000ec800000)
 ParOldGen       total 68608K, used 10437K [0x00000000c0000000, 0x00000000c4300000, 0x00000000eab00000)
  object space 68608K, 15% used [0x00000000c0000000,0x00000000c0a316a8,0x00000000c4300000)
 Metaspace       used 24240K, committed 24832K, reserved 1114112K
  class space    used 2467K, committed 2752K, reserved 1048576K
}
Event: 3.845 GC heap before
{Heap before GC invocations=8 (full 1):
 PSYoungGen      total 27136K, used 26801K [0x00000000eab00000, 0x00000000ecb00000, 0x0000000100000000)
  eden space 25088K, 100% used [0x00000000eab00000,0x00000000ec380000,0x00000000ec380000)
  from space 2048K, 83% used [0x00000000ec900000,0x00000000ecaac538,0x00000000ecb00000)
  to   space 3072K, 0% used [0x00000000ec500000,0x00000000ec500000,0x00000000ec800000)
 ParOldGen       total 68608K, used 10437K [0x00000000c0000000, 0x00000000c4300000, 0x00000000eab00000)
  object space 68608K, 15% used [0x00000000c0000000,0x00000000c0a316a8,0x00000000c4300000)
 Metaspace       used 27246K, committed 27904K, reserved 1114112K
  class space    used 2790K, committed 3072K, reserved 1048576K
}
Event: 3.847 GC heap after
{Heap after GC invocations=8 (full 1):
 PSYoungGen      total 27648K, used 3045K [0x00000000eab00000, 0x00000000ecd00000, 0x0000000100000000)
  eden space 24576K, 0% used [0x00000000eab00000,0x00000000eab00000,0x00000000ec300000)
  from space 3072K, 99% used [0x00000000ec500000,0x00000000ec7f9518,0x00000000ec800000)
  to   space 5120K, 0% used [0x00000000ec800000,0x00000000ec800000,0x00000000ecd00000)
 ParOldGen       total 68608K, used 11636K [0x00000000c0000000, 0x00000000c4300000, 0x00000000eab00000)
  object space 68608K, 16% used [0x00000000c0000000,0x00000000c0b5d278,0x00000000c4300000)
 Metaspace       used 27246K, committed 27904K, reserved 1114112K
  class space    used 2790K, committed 3072K, reserved 1048576K
}
Event: 4.109 GC heap before
{Heap before GC invocations=9 (full 1):
 PSYoungGen      total 27648K, used 27621K [0x00000000eab00000, 0x00000000ecd00000, 0x0000000100000000)
  eden space 24576K, 100% used [0x00000000eab00000,0x00000000ec300000,0x00000000ec300000)
  from space 3072K, 99% used [0x00000000ec500000,0x00000000ec7f9518,0x00000000ec800000)
  to   space 5120K, 0% used [0x00000000ec800000,0x00000000ec800000,0x00000000ecd00000)
 ParOldGen       total 68608K, used 11636K [0x00000000c0000000, 0x00000000c4300000, 0x00000000eab00000)
  object space 68608K, 16% used [0x00000000c0000000,0x00000000c0b5d278,0x00000000c4300000)
 Metaspace       used 30129K, committed 30784K, reserved 1114112K
  class space    used 2979K, committed 3264K, reserved 1048576K
}
Event: 4.110 GC heap after
{Heap after GC invocations=9 (full 1):
 PSYoungGen      total 27136K, used 2976K [0x00000000eab00000, 0x00000000ecb00000, 0x0000000100000000)
  eden space 24064K, 0% used [0x00000000eab00000,0x00000000eab00000,0x00000000ec280000)
  from space 3072K, 96% used [0x00000000ec800000,0x00000000ecae83d8,0x00000000ecb00000)
  to   space 3584K, 0% used [0x00000000ec400000,0x00000000ec400000,0x00000000ec780000)
 ParOldGen       total 68608K, used 11644K [0x00000000c0000000, 0x00000000c4300000, 0x00000000eab00000)
  object space 68608K, 16% used [0x00000000c0000000,0x00000000c0b5f278,0x00000000c4300000)
 Metaspace       used 30129K, committed 30784K, reserved 1114112K
  class space    used 2979K, committed 3264K, reserved 1048576K
}
Event: 4.247 GC heap before
{Heap before GC invocations=10 (full 1):
 PSYoungGen      total 27136K, used 27040K [0x00000000eab00000, 0x00000000ecb00000, 0x0000000100000000)
  eden space 24064K, 100% used [0x00000000eab00000,0x00000000ec280000,0x00000000ec280000)
  from space 3072K, 96% used [0x00000000ec800000,0x00000000ecae83d8,0x00000000ecb00000)
  to   space 3584K, 0% used [0x00000000ec400000,0x00000000ec400000,0x00000000ec780000)
 ParOldGen       total 68608K, used 11644K [0x00000000c0000000, 0x00000000c4300000, 0x00000000eab00000)
  object space 68608K, 16% used [0x00000000c0000000,0x00000000c0b5f278,0x00000000c4300000)
 Metaspace       used 31993K, committed 32576K, reserved 1114112K
  class space    used 3120K, committed 3392K, reserved 1048576K
}
Event: 4.250 GC heap after
{Heap after GC invocations=10 (full 1):
 PSYoungGen      total 27136K, used 3473K [0x00000000eab00000, 0x00000000ec900000, 0x0000000100000000)
  eden space 23552K, 0% used [0x00000000eab00000,0x00000000eab00000,0x00000000ec200000)
  from space 3584K, 96% used [0x00000000ec400000,0x00000000ec764428,0x00000000ec780000)
  to   space 1536K, 0% used [0x00000000ec780000,0x00000000ec780000,0x00000000ec900000)
 ParOldGen       total 68608K, used 13067K [0x00000000c0000000, 0x00000000c4300000, 0x00000000eab00000)
  object space 68608K, 19% used [0x00000000c0000000,0x00000000c0cc2c00,0x00000000c4300000)
 Metaspace       used 31993K, committed 32576K, reserved 1114112K
  class space    used 3120K, committed 3392K, reserved 1048576K
}
Event: 4.786 GC heap before
{Heap before GC invocations=11 (full 1):
 PSYoungGen      total 27136K, used 21534K [0x00000000eab00000, 0x00000000ec900000, 0x0000000100000000)
  eden space 23552K, 76% used [0x00000000eab00000,0x00000000ebca3768,0x00000000ec200000)
  from space 3584K, 96% used [0x00000000ec400000,0x00000000ec764428,0x00000000ec780000)
  to   space 1536K, 0% used [0x00000000ec780000,0x00000000ec780000,0x00000000ec900000)
 ParOldGen       total 68608K, used 13067K [0x00000000c0000000, 0x00000000c4300000, 0x00000000eab00000)
  object space 68608K, 19% used [0x00000000c0000000,0x00000000c0cc2c00,0x00000000c4300000)
 Metaspace       used 35118K, committed 35840K, reserved 1114112K
  class space    used 3471K, committed 3776K, reserved 1048576K
}
Event: 4.790 GC heap after
{Heap after GC invocations=11 (full 1):
 PSYoungGen      total 25088K, used 1520K [0x00000000eab00000, 0x00000000ecc00000, 0x0000000100000000)
  eden space 23552K, 0% used [0x00000000eab00000,0x00000000eab00000,0x00000000ec200000)
  from space 1536K, 98% used [0x00000000ec780000,0x00000000ec8fc068,0x00000000ec900000)
  to   space 5120K, 0% used [0x00000000ec200000,0x00000000ec200000,0x00000000ec700000)
 ParOldGen       total 68608K, used 16321K [0x00000000c0000000, 0x00000000c4300000, 0x00000000eab00000)
  object space 68608K, 23% used [0x00000000c0000000,0x00000000c0ff0760,0x00000000c4300000)
 Metaspace       used 35118K, committed 35840K, reserved 1114112K
  class space    used 3471K, committed 3776K, reserved 1048576K
}
Event: 4.790 GC heap before
{Heap before GC invocations=12 (full 2):
 PSYoungGen      total 25088K, used 1520K [0x00000000eab00000, 0x00000000ecc00000, 0x0000000100000000)
  eden space 23552K, 0% used [0x00000000eab00000,0x00000000eab00000,0x00000000ec200000)
  from space 1536K, 98% used [0x00000000ec780000,0x00000000ec8fc068,0x00000000ec900000)
  to   space 5120K, 0% used [0x00000000ec200000,0x00000000ec200000,0x00000000ec700000)
 ParOldGen       total 68608K, used 16321K [0x00000000c0000000, 0x00000000c4300000, 0x00000000eab00000)
  object space 68608K, 23% used [0x00000000c0000000,0x00000000c0ff0760,0x00000000c4300000)
 Metaspace       used 35118K, committed 35840K, reserved 1114112K
  class space    used 3471K, committed 3776K, reserved 1048576K
}
Event: 4.822 GC heap after
{Heap after GC invocations=12 (full 2):
 PSYoungGen      total 25088K, used 0K [0x00000000eab00000, 0x00000000ecc00000, 0x0000000100000000)
  eden space 23552K, 0% used [0x00000000eab00000,0x00000000eab00000,0x00000000ec200000)
  from space 1536K, 0% used [0x00000000ec780000,0x00000000ec780000,0x00000000ec900000)
  to   space 5120K, 0% used [0x00000000ec200000,0x00000000ec200000,0x00000000ec700000)
 ParOldGen       total 68608K, used 15631K [0x00000000c0000000, 0x00000000c4300000, 0x00000000eab00000)
  object space 68608K, 22% used [0x00000000c0000000,0x00000000c0f43c40,0x00000000c4300000)
 Metaspace       used 35118K, committed 35840K, reserved 1114112K
  class space    used 3471K, committed 3776K, reserved 1048576K
}
Event: 5.218 GC heap before
{Heap before GC invocations=13 (full 2):
 PSYoungGen      total 25088K, used 23552K [0x00000000eab00000, 0x00000000ecc00000, 0x0000000100000000)
  eden space 23552K, 100% used [0x00000000eab00000,0x00000000ec200000,0x00000000ec200000)
  from space 1536K, 0% used [0x00000000ec780000,0x00000000ec780000,0x00000000ec900000)
  to   space 5120K, 0% used [0x00000000ec200000,0x00000000ec200000,0x00000000ec700000)
 ParOldGen       total 68608K, used 15631K [0x00000000c0000000, 0x00000000c4300000, 0x00000000eab00000)
  object space 68608K, 22% used [0x00000000c0000000,0x00000000c0f43c40,0x00000000c4300000)
 Metaspace       used 38259K, committed 39168K, reserved 1114112K
  class space    used 3875K, committed 4224K, reserved 1048576K
}
Event: 5.220 GC heap after
{Heap after GC invocations=13 (full 2):
 PSYoungGen      total 24576K, used 1193K [0x00000000eab00000, 0x00000000ec800000, 0x0000000100000000)
  eden space 23040K, 0% used [0x00000000eab00000,0x00000000eab00000,0x00000000ec180000)
  from space 1536K, 77% used [0x00000000ec200000,0x00000000ec32a648,0x00000000ec380000)
  to   space 2560K, 0% used [0x00000000ec580000,0x00000000ec580000,0x00000000ec800000)
 ParOldGen       total 68608K, used 15639K [0x00000000c0000000, 0x00000000c4300000, 0x00000000eab00000)
  object space 68608K, 22% used [0x00000000c0000000,0x00000000c0f45c40,0x00000000c4300000)
 Metaspace       used 38259K, committed 39168K, reserved 1114112K
  class space    used 3875K, committed 4224K, reserved 1048576K
}

Dll operation events (10 events):
Event: 0.009 Loaded shared library c:\Users\Kiet\.vscode\extensions\redhat.java-1.28.1-win32-x64\jre\17.0.10-win32-x86_64\bin\java.dll
Event: 0.174 Loaded shared library c:\Users\Kiet\.vscode\extensions\redhat.java-1.28.1-win32-x64\jre\17.0.10-win32-x86_64\bin\zip.dll
Event: 0.177 Loaded shared library C:\Users\Kiet\.vscode\extensions\redhat.java-1.28.1-win32-x64\jre\17.0.10-win32-x86_64\bin\instrument.dll
Event: 0.193 Loaded shared library C:\Users\Kiet\.vscode\extensions\redhat.java-1.28.1-win32-x64\jre\17.0.10-win32-x86_64\bin\net.dll
Event: 0.195 Loaded shared library C:\Users\Kiet\.vscode\extensions\redhat.java-1.28.1-win32-x64\jre\17.0.10-win32-x86_64\bin\nio.dll
Event: 0.205 Loaded shared library C:\Users\Kiet\.vscode\extensions\redhat.java-1.28.1-win32-x64\jre\17.0.10-win32-x86_64\bin\zip.dll
Event: 0.230 Loaded shared library C:\Users\Kiet\.vscode\extensions\redhat.java-1.28.1-win32-x64\jre\17.0.10-win32-x86_64\bin\jimage.dll
Event: 0.325 Loaded shared library c:\Users\Kiet\.vscode\extensions\redhat.java-1.28.1-win32-x64\jre\17.0.10-win32-x86_64\bin\verify.dll
Event: 1.756 Loaded shared library C:\Users\Kiet\AppData\Roaming\Code\User\globalStorage\redhat.java\1.28.1\config_win\org.eclipse.equinox.launcher\org.eclipse.equinox.launcher.win32.win32.x86_64_1.2.900.v20240129-1338\eclipse_11900.dll
Event: 4.731 Loaded shared library C:\Users\Kiet\AppData\Local\Temp\jna-2338477\jna179066890726835423.dll

Deoptimization events (20 events):
Event: 4.920 Thread 0x000001a62e8d6a00 DEOPT PACKING pc=0x000001a6175e79a9 sp=0x00000072c73ff3a0
Event: 4.920 Thread 0x000001a62e8d6a00 DEOPT UNPACKING pc=0x000001a61e93a9e3 sp=0x00000072c73fe7f8 mode 3
Event: 4.955 Thread 0x000001a6147231a0 Uncommon trap: trap_request=0xffffffbe fr.pc=0x000001a61effb500 relative=0x0000000000000b60
Event: 4.955 Thread 0x000001a6147231a0 Uncommon trap: reason=profile_predicate action=maybe_recompile pc=0x000001a61effb500 method=java.util.TreeMap.put(Ljava/lang/Object;Ljava/lang/Object;Z)Ljava/lang/Object; @ 27 c2
Event: 4.955 Thread 0x000001a6147231a0 DEOPT PACKING pc=0x000001a61effb500 sp=0x00000072c5cfdf40
Event: 4.955 Thread 0x000001a6147231a0 DEOPT UNPACKING pc=0x000001a61e939ea3 sp=0x00000072c5cfdee0 mode 2
Event: 4.955 Thread 0x000001a6147231a0 Uncommon trap: trap_request=0xffffffbe fr.pc=0x000001a61effb500 relative=0x0000000000000b60
Event: 4.955 Thread 0x000001a6147231a0 Uncommon trap: reason=profile_predicate action=maybe_recompile pc=0x000001a61effb500 method=java.util.TreeMap.put(Ljava/lang/Object;Ljava/lang/Object;Z)Ljava/lang/Object; @ 27 c2
Event: 4.955 Thread 0x000001a6147231a0 DEOPT PACKING pc=0x000001a61effb500 sp=0x00000072c5cfdf40
Event: 4.955 Thread 0x000001a6147231a0 DEOPT UNPACKING pc=0x000001a61e939ea3 sp=0x00000072c5cfdee0 mode 2
Event: 4.955 Thread 0x000001a6147231a0 Uncommon trap: trap_request=0xffffffbe fr.pc=0x000001a61effb500 relative=0x0000000000000b60
Event: 4.955 Thread 0x000001a6147231a0 Uncommon trap: reason=profile_predicate action=maybe_recompile pc=0x000001a61effb500 method=java.util.TreeMap.put(Ljava/lang/Object;Ljava/lang/Object;Z)Ljava/lang/Object; @ 27 c2
Event: 4.955 Thread 0x000001a6147231a0 DEOPT PACKING pc=0x000001a61effb500 sp=0x00000072c5cfdf40
Event: 4.955 Thread 0x000001a6147231a0 DEOPT UNPACKING pc=0x000001a61e939ea3 sp=0x00000072c5cfdee0 mode 2
Event: 5.009 Thread 0x000001a6147231a0 Uncommon trap: trap_request=0xffffff45 fr.pc=0x000001a61efeeab4 relative=0x0000000000000f74
Event: 5.009 Thread 0x000001a6147231a0 Uncommon trap: reason=unstable_if action=reinterpret pc=0x000001a61efeeab4 method=java.util.Properties.loadConvert([CIILjava/lang/StringBuilder;)Ljava/lang/String; @ 463 c2
Event: 5.009 Thread 0x000001a6147231a0 DEOPT PACKING pc=0x000001a61efeeab4 sp=0x00000072c5cf7ac0
Event: 5.009 Thread 0x000001a6147231a0 DEOPT UNPACKING pc=0x000001a61e939ea3 sp=0x00000072c5cf7ab0 mode 2
Event: 5.072 Thread 0x000001a6147231a0 DEOPT PACKING pc=0x000001a6177da288 sp=0x00000072c5cf9850
Event: 5.072 Thread 0x000001a6147231a0 DEOPT UNPACKING pc=0x000001a61e93a9e3 sp=0x00000072c5cf8d58 mode 0

Classes unloaded (7 events):
Event: 2.952 Thread 0x000001a62d6a14b0 Unloading class 0x0000000100249400 'java/lang/invoke/LambdaForm$MH+0x0000000100249400'
Event: 2.952 Thread 0x000001a62d6a14b0 Unloading class 0x0000000100249000 'java/lang/invoke/LambdaForm$MH+0x0000000100249000'
Event: 2.952 Thread 0x000001a62d6a14b0 Unloading class 0x0000000100248c00 'java/lang/invoke/LambdaForm$MH+0x0000000100248c00'
Event: 2.952 Thread 0x000001a62d6a14b0 Unloading class 0x0000000100248800 'java/lang/invoke/LambdaForm$MH+0x0000000100248800'
Event: 2.952 Thread 0x000001a62d6a14b0 Unloading class 0x0000000100248400 'java/lang/invoke/LambdaForm$BMH+0x0000000100248400'
Event: 2.952 Thread 0x000001a62d6a14b0 Unloading class 0x0000000100248000 'java/lang/invoke/LambdaForm$DMH+0x0000000100248000'
Event: 2.952 Thread 0x000001a62d6a14b0 Unloading class 0x0000000100244400 'java/lang/invoke/LambdaForm$DMH+0x0000000100244400'

Classes redefined (0 events):
No events

Internal exceptions (20 events):
Event: 3.504 Thread 0x000001a62e8d8d70 Exception <a 'java/lang/NoSuchMethodError'{0x00000000eafa2ac0}: 'java.lang.Object java.lang.invoke.DirectMethodHandle$Holder.newInvokeSpecial(java.lang.Object, int, java.lang.Object, java.lang.Object)'> (0x00000000eafa2ac0) 
thrown [s\src\hotspot\share\interpreter\linkResolver.cpp, line 759]
Event: 3.668 Thread 0x000001a62e8d8d70 Exception <a 'java/lang/NoSuchMethodError'{0x00000000eb780180}: 'void java.lang.invoke.DirectMethodHandle$Holder.invokeSpecial(java.lang.Object, java.lang.Object, java.lang.Object, int)'> (0x00000000eb780180) 
thrown [s\src\hotspot\share\interpreter\linkResolver.cpp, line 759]
Event: 4.264 Thread 0x000001a62e8d8d70 Exception <a 'java/lang/ClassNotFoundException'{0x00000000eabcbe88}: com/sun/org/apache/xerces/internal/impl/msg/spi/DOMMessagesProvider> (0x00000000eabcbe88) 
thrown [s\src\hotspot\share\classfile\systemDictionary.cpp, line 256]
Event: 4.265 Thread 0x000001a62e8d8d70 Exception <a 'java/lang/ClassNotFoundException'{0x00000000eabdd610}: com/sun/org/apache/xerces/internal/impl/msg/spi/XMLSerializerMessagesProvider> (0x00000000eabdd610) 
thrown [s\src\hotspot\share\classfile\systemDictionary.cpp, line 256]
Event: 4.265 Thread 0x000001a62e8d8d70 Exception <a 'java/lang/ClassNotFoundException'{0x00000000eabeaa88}: com/sun/org/apache/xerces/internal/impl/msg/spi/XMLMessagesProvider> (0x00000000eabeaa88) 
thrown [s\src\hotspot\share\classfile\systemDictionary.cpp, line 256]
Event: 4.324 Thread 0x000001a62e8d8d70 Exception <a 'java/lang/NoSuchMethodError'{0x00000000eb043bc0}: 'java.lang.Object java.lang.invoke.DirectMethodHandle$Holder.invokeStaticInit(java.lang.Object, int, int, int, int)'> (0x00000000eb043bc0) 
thrown [s\src\hotspot\share\interpreter\linkResolver.cpp, line 759]
Event: 4.392 Thread 0x000001a62e8d8d70 Exception <a 'java/lang/NoSuchMethodError'{0x00000000eb0ff830}: 'java.lang.Object java.lang.invoke.DirectMethodHandle$Holder.invokeStaticInit(java.lang.Object, java.lang.Object, int, int, int, int)'> (0x00000000eb0ff830) 
thrown [s\src\hotspot\share\interpreter\linkResolver.cpp, line 759]
Event: 4.494 Thread 0x000001a62e8d8d70 Exception <a 'java/lang/ClassNotFoundException'{0x00000000eb4d17d8}: com/sun/org/apache/xml/internal/serializer/spi/XMLEntitiesProvider> (0x00000000eb4d17d8) 
thrown [s\src\hotspot\share\classfile\systemDictionary.cpp, line 256]
Event: 4.599 Thread 0x000001a62e8d8d70 Exception <a 'java/io/FileNotFoundException'{0x00000000eb873d50}> (0x00000000eb873d50) 
thrown [s\src\hotspot\share\prims\jni.cpp, line 516]
Event: 4.776 Thread 0x000001a62e8d7420 Exception <a 'java/lang/NoSuchMethodError'{0x00000000eae55b60}: 'void java.lang.invoke.DirectMethodHandle$Holder.invokeStatic(java.lang.Object, java.lang.Object, java.lang.Object, java.lang.Object)'> (0x00000000eae55b60) 
thrown [s\src\hotspot\share\interpreter\linkResolver.cpp, line 759]
Event: 4.779 Thread 0x000001a62e8d8d70 Exception <a 'java/lang/UnsatisfiedLinkError'{0x00000000ebba8610}: The specified procedure could not be found.
> (0x00000000ebba8610) 
thrown [s\src\hotspot\share\prims\jni.cpp, line 535]
Event: 4.828 Thread 0x000001a62e8d8d70 Exception <a 'java/io/FileNotFoundException'{0x00000000eab0a9a8}> (0x00000000eab0a9a8) 
thrown [s\src\hotspot\share\prims\jni.cpp, line 516]
Event: 4.843 Thread 0x000001a62e8d8d70 Exception <a 'java/io/FileNotFoundException'{0x00000000eac4ce30}> (0x00000000eac4ce30) 
thrown [s\src\hotspot\share\prims\jni.cpp, line 516]
Event: 4.866 Thread 0x000001a62e8d7930 Exception <a 'java/lang/NoSuchMethodError'{0x00000000eade2578}: 'java.lang.Object java.lang.invoke.DirectMethodHandle$Holder.invokeSpecialIFC(java.lang.Object, java.lang.Object, java.lang.Object, java.lang.Object)'> (0x00000000eade2578) 
thrown [s\src\hotspot\share\interpreter\linkResolver.cpp, line 759]
Event: 4.874 Thread 0x000001a62e8d8d70 Exception <a 'java/lang/UnsatisfiedLinkError'{0x00000000ead60500}: The specified procedure could not be found.
> (0x00000000ead60500) 
thrown [s\src\hotspot\share\prims\jni.cpp, line 535]
Event: 4.931 Thread 0x000001a6147231a0 Exception <a 'sun/nio/fs/WindowsException'{0x00000000eb0be480}> (0x00000000eb0be480) 
thrown [s\src\hotspot\share\prims\jni.cpp, line 516]
Event: 5.120 Thread 0x000001a6147231a0 Exception <a 'java/lang/NoSuchMethodError'{0x00000000ebe41d08}: 'java.lang.Object java.lang.invoke.DirectMethodHandle$Holder.invokeStatic(java.lang.Object, java.lang.Object, long, java.lang.Object)'> (0x00000000ebe41d08) 
thrown [s\src\hotspot\share\interpreter\linkResolver.cpp, line 759]
Event: 5.121 Thread 0x000001a6147231a0 Exception <a 'java/lang/NoSuchMethodError'{0x00000000ebe457a0}: 'java.lang.Object java.lang.invoke.DirectMethodHandle$Holder.invokeStaticInit(java.lang.Object, java.lang.Object, long, java.lang.Object)'> (0x00000000ebe457a0) 
thrown [s\src\hotspot\share\interpreter\linkResolver.cpp, line 759]
Event: 5.122 Thread 0x000001a6147231a0 Exception <a 'java/lang/NoSuchMethodError'{0x00000000ebe4c258}: 'java.lang.Object java.lang.invoke.DirectMethodHandle$Holder.newInvokeSpecial(java.lang.Object, java.lang.Object, long)'> (0x00000000ebe4c258) 
thrown [s\src\hotspot\share\interpreter\linkResolver.cpp, line 759]
Event: 5.158 Thread 0x000001a62e8d7930 Exception <a 'java/lang/NoSuchMethodError'{0x00000000ebf342e8}: 'int java.lang.invoke.DirectMethodHandle$Holder.invokeSpecialIFC(java.lang.Object, java.lang.Object, java.lang.Object, java.lang.Object, java.lang.Object)'> (0x00000000ebf342e8) 
thrown [s\src\hotspot\share\interpreter\linkResolver.cpp, line 759]

VM Operations (20 events):
Event: 4.309 Executing VM operation: HandshakeAllThreads
Event: 4.309 Executing VM operation: HandshakeAllThreads done
Event: 4.387 Executing VM operation: HandshakeAllThreads
Event: 4.387 Executing VM operation: HandshakeAllThreads done
Event: 4.462 Executing VM operation: HandshakeAllThreads
Event: 4.462 Executing VM operation: HandshakeAllThreads done
Event: 4.531 Executing VM operation: HandshakeAllThreads
Event: 4.531 Executing VM operation: HandshakeAllThreads done
Event: 4.750 Executing VM operation: HandshakeAllThreads
Event: 4.750 Executing VM operation: HandshakeAllThreads done
Event: 4.784 Executing VM operation: HandshakeAllThreads
Event: 4.786 Executing VM operation: HandshakeAllThreads done
Event: 4.786 Executing VM operation: CollectForMetadataAllocation
Event: 4.822 Executing VM operation: CollectForMetadataAllocation done
Event: 4.823 Executing VM operation: CollectForMetadataAllocation
Event: 4.824 Executing VM operation: CollectForMetadataAllocation done
Event: 4.883 Executing VM operation: HandshakeAllThreads
Event: 4.883 Executing VM operation: HandshakeAllThreads done
Event: 5.217 Executing VM operation: ParallelGCFailedAllocation
Event: 5.220 Executing VM operation: ParallelGCFailedAllocation done

Events (20 events):
Event: 5.216 loading class sun/reflect/generics/repository/ConstructorRepository done
Event: 5.216 loading class sun/reflect/generics/repository/MethodRepository done
Event: 5.216 loading class sun/reflect/generics/tree/MethodTypeSignature
Event: 5.216 loading class sun/reflect/generics/tree/MethodTypeSignature done
Event: 5.217 loading class sun/reflect/generics/reflectiveObjects/ParameterizedTypeImpl
Event: 5.217 loading class java/lang/reflect/ParameterizedType
Event: 5.217 loading class java/lang/reflect/ParameterizedType done
Event: 5.217 loading class sun/reflect/generics/reflectiveObjects/ParameterizedTypeImpl done
Event: 5.217 loading class sun/reflect/generics/tree/TypeVariableSignature
Event: 5.217 loading class sun/reflect/generics/tree/TypeVariableSignature done
Event: 5.217 loading class sun/reflect/generics/reflectiveObjects/TypeVariableImpl
Event: 5.221 loading class sun/reflect/generics/reflectiveObjects/LazyReflectiveObjectGenerator
Event: 5.221 loading class sun/reflect/generics/reflectiveObjects/LazyReflectiveObjectGenerator done
Event: 5.221 loading class sun/reflect/generics/reflectiveObjects/TypeVariableImpl done
Event: 5.254 loading class java/lang/Deprecated
Event: 5.254 loading class java/lang/Deprecated done
Event: 5.254 loading class java/lang/annotation/ElementType
Event: 5.255 loading class java/lang/annotation/ElementType done
Event: 5.256 loading class jdk/internal/vm/annotation/IntrinsicCandidate
Event: 5.256 loading class jdk/internal/vm/annotation/IntrinsicCandidate done


Dynamic libraries:
0x00007ff6c29f0000 - 0x00007ff6c29fe000 	c:\Users\Kiet\.vscode\extensions\redhat.java-1.28.1-win32-x64\jre\17.0.10-win32-x86_64\bin\java.exe
0x00007ffa93c10000 - 0x00007ffa93e27000 	C:\WINDOWS\SYSTEM32\ntdll.dll
0x00007ffa91ce0000 - 0x00007ffa91da4000 	C:\WINDOWS\System32\KERNEL32.DLL
0x00007ffa90fc0000 - 0x00007ffa91366000 	C:\WINDOWS\System32\KERNELBASE.dll
0x00007ffa915d0000 - 0x00007ffa916e1000 	C:\WINDOWS\System32\ucrtbase.dll
0x00007ffa89d90000 - 0x00007ffa89da7000 	c:\Users\Kiet\.vscode\extensions\redhat.java-1.28.1-win32-x64\jre\17.0.10-win32-x86_64\bin\jli.dll
0x00007ffa89c90000 - 0x00007ffa89cab000 	c:\Users\Kiet\.vscode\extensions\redhat.java-1.28.1-win32-x64\jre\17.0.10-win32-x86_64\bin\VCRUNTIME140.dll
0x00007ffa919e0000 - 0x00007ffa91b8e000 	C:\WINDOWS\System32\USER32.dll
0x00007ffa91900000 - 0x00007ffa91926000 	C:\WINDOWS\System32\win32u.dll
0x00007ffa7d060000 - 0x00007ffa7d2f3000 	C:\WINDOWS\WinSxS\amd64_microsoft.windows.common-controls_6595b64144ccf1df_6.0.22621.2506_none_270c5ae97388e100\COMCTL32.dll
0x00007ffa939a0000 - 0x00007ffa939c9000 	C:\WINDOWS\System32\GDI32.dll
0x00007ffa932d0000 - 0x00007ffa93377000 	C:\WINDOWS\System32\msvcrt.dll
0x00007ffa913f0000 - 0x00007ffa91508000 	C:\WINDOWS\System32\gdi32full.dll
0x00007ffa91860000 - 0x00007ffa918fa000 	C:\WINDOWS\System32\msvcp_win.dll
0x00007ffa93460000 - 0x00007ffa93491000 	C:\WINDOWS\System32\IMM32.DLL
0x00007ffa8c0e0000 - 0x00007ffa8c0ec000 	c:\Users\Kiet\.vscode\extensions\redhat.java-1.28.1-win32-x64\jre\17.0.10-win32-x86_64\bin\vcruntime140_1.dll
0x00007ffa7e000000 - 0x00007ffa7e08d000 	c:\Users\Kiet\.vscode\extensions\redhat.java-1.28.1-win32-x64\jre\17.0.10-win32-x86_64\bin\msvcp140.dll
0x00007ffa4e1c0000 - 0x00007ffa4ee22000 	c:\Users\Kiet\.vscode\extensions\redhat.java-1.28.1-win32-x64\jre\17.0.10-win32-x86_64\bin\server\jvm.dll
0x00007ffa93600000 - 0x00007ffa936b3000 	C:\WINDOWS\System32\ADVAPI32.dll
0x00007ffa92920000 - 0x00007ffa929c8000 	C:\WINDOWS\System32\sechost.dll
0x00007ffa91930000 - 0x00007ffa91958000 	C:\WINDOWS\System32\bcrypt.dll
0x00007ffa925c0000 - 0x00007ffa926d7000 	C:\WINDOWS\System32\RPCRT4.dll
0x00007ffa8bfe0000 - 0x00007ffa8bfe9000 	C:\WINDOWS\SYSTEM32\WSOCK32.dll
0x00007ffa90e20000 - 0x00007ffa90e6d000 	C:\WINDOWS\SYSTEM32\POWRPROF.dll
0x00007ffa899e0000 - 0x00007ffa89a14000 	C:\WINDOWS\SYSTEM32\WINMM.dll
0x00007ffa91960000 - 0x00007ffa919d1000 	C:\WINDOWS\System32\WS2_32.dll
0x00007ffa87910000 - 0x00007ffa8791a000 	C:\WINDOWS\SYSTEM32\VERSION.dll
0x00007ffa90e00000 - 0x00007ffa90e13000 	C:\WINDOWS\SYSTEM32\UMPDC.dll
0x00007ffa8ff90000 - 0x00007ffa8ffa8000 	C:\WINDOWS\SYSTEM32\kernel.appcore.dll
0x00007ffa8b320000 - 0x00007ffa8b32a000 	c:\Users\Kiet\.vscode\extensions\redhat.java-1.28.1-win32-x64\jre\17.0.10-win32-x86_64\bin\jimage.dll
0x00007ffa8e830000 - 0x00007ffa8ea63000 	C:\WINDOWS\SYSTEM32\DBGHELP.DLL
0x00007ffa92230000 - 0x00007ffa925b9000 	C:\WINDOWS\System32\combase.dll
0x00007ffa92840000 - 0x00007ffa92917000 	C:\WINDOWS\System32\OLEAUT32.dll
0x00007ffa7a430000 - 0x00007ffa7a462000 	C:\WINDOWS\SYSTEM32\dbgcore.DLL
0x00007ffa91370000 - 0x00007ffa913ea000 	C:\WINDOWS\System32\bcryptPrimitives.dll
0x00007ffa8b0d0000 - 0x00007ffa8b0de000 	c:\Users\Kiet\.vscode\extensions\redhat.java-1.28.1-win32-x64\jre\17.0.10-win32-x86_64\bin\instrument.dll
0x00007ffa803c0000 - 0x00007ffa803e5000 	c:\Users\Kiet\.vscode\extensions\redhat.java-1.28.1-win32-x64\jre\17.0.10-win32-x86_64\bin\java.dll
0x00007ffa84c90000 - 0x00007ffa84ca8000 	c:\Users\Kiet\.vscode\extensions\redhat.java-1.28.1-win32-x64\jre\17.0.10-win32-x86_64\bin\zip.dll
0x00007ffa929d0000 - 0x00007ffa9322b000 	C:\WINDOWS\System32\SHELL32.dll
0x00007ffa8eeb0000 - 0x00007ffa8f7a6000 	C:\WINDOWS\SYSTEM32\windows.storage.dll
0x00007ffa8ed70000 - 0x00007ffa8eeae000 	C:\WINDOWS\SYSTEM32\wintypes.dll
0x00007ffa93500000 - 0x00007ffa935f3000 	C:\WINDOWS\System32\SHCORE.dll
0x00007ffa93270000 - 0x00007ffa932ce000 	C:\WINDOWS\System32\shlwapi.dll
0x00007ffa90e80000 - 0x00007ffa90ea6000 	C:\WINDOWS\SYSTEM32\profapi.dll
0x00007ffa84ba0000 - 0x00007ffa84bb9000 	C:\Users\Kiet\.vscode\extensions\redhat.java-1.28.1-win32-x64\jre\17.0.10-win32-x86_64\bin\net.dll
0x00007ffa8ac90000 - 0x00007ffa8adc7000 	C:\WINDOWS\SYSTEM32\WINHTTP.dll
0x00007ffa90410000 - 0x00007ffa90479000 	C:\WINDOWS\system32\mswsock.dll
0x00007ffa80690000 - 0x00007ffa806a6000 	C:\Users\Kiet\.vscode\extensions\redhat.java-1.28.1-win32-x64\jre\17.0.10-win32-x86_64\bin\nio.dll
0x00007ffa879f0000 - 0x00007ffa87a00000 	c:\Users\Kiet\.vscode\extensions\redhat.java-1.28.1-win32-x64\jre\17.0.10-win32-x86_64\bin\verify.dll
0x00007ffa7eee0000 - 0x00007ffa7ef1e000 	C:\Users\Kiet\AppData\Roaming\Code\User\globalStorage\redhat.java\1.28.1\config_win\org.eclipse.equinox.launcher\org.eclipse.equinox.launcher.win32.win32.x86_64_1.2.900.v20240129-1338\eclipse_11900.dll
0x00007ffa93800000 - 0x00007ffa939a0000 	C:\WINDOWS\System32\ole32.dll
0x00007ffa90660000 - 0x00007ffa9067b000 	C:\WINDOWS\SYSTEM32\CRYPTSP.dll
0x00007ffa8fef0000 - 0x00007ffa8ff25000 	C:\WINDOWS\system32\rsaenh.dll
0x00007ffa90500000 - 0x00007ffa9052c000 	C:\WINDOWS\SYSTEM32\USERENV.dll
0x00007ffa90680000 - 0x00007ffa9068c000 	C:\WINDOWS\SYSTEM32\CRYPTBASE.dll
0x00007ffa8fa10000 - 0x00007ffa8fa3d000 	C:\WINDOWS\SYSTEM32\IPHLPAPI.DLL
0x00007ffa93240000 - 0x00007ffa93249000 	C:\WINDOWS\System32\NSI.dll
0x00007ffa8a7c0000 - 0x00007ffa8a7d9000 	C:\WINDOWS\SYSTEM32\dhcpcsvc6.DLL
0x00007ffa8a7a0000 - 0x00007ffa8a7bf000 	C:\WINDOWS\SYSTEM32\dhcpcsvc.DLL
0x00007ffa8fa80000 - 0x00007ffa8fb79000 	C:\WINDOWS\SYSTEM32\DNSAPI.dll
0x00007ffa7cd00000 - 0x00007ffa7cd45000 	C:\Users\Kiet\AppData\Local\Temp\jna-2338477\jna179066890726835423.dll
0x00007ffa93230000 - 0x00007ffa93238000 	C:\WINDOWS\System32\PSAPI.DLL

dbghelp: loaded successfully - version: 4.0.5 - missing functions: none
symbol engine: initialized successfully - sym options: 0x614 - pdb path: .;c:\Users\Kiet\.vscode\extensions\redhat.java-1.28.1-win32-x64\jre\17.0.10-win32-x86_64\bin;C:\WINDOWS\SYSTEM32;C:\WINDOWS\WinSxS\amd64_microsoft.windows.common-controls_6595b64144ccf1df_6.0.22621.2506_none_270c5ae97388e100;c:\Users\Kiet\.vscode\extensions\redhat.java-1.28.1-win32-x64\jre\17.0.10-win32-x86_64\bin\server;C:\Users\Kiet\AppData\Roaming\Code\User\globalStorage\redhat.java\1.28.1\config_win\org.eclipse.equinox.launcher\org.eclipse.equinox.launcher.win32.win32.x86_64_1.2.900.v20240129-1338;C:\Users\Kiet\AppData\Local\Temp\jna-2338477

VM Arguments:
jvm_args: --add-modules=ALL-SYSTEM --add-opens=java.base/java.util=ALL-UNNAMED --add-opens=java.base/java.lang=ALL-UNNAMED --add-opens=java.base/sun.nio.fs=ALL-UNNAMED -Declipse.application=org.eclipse.jdt.ls.core.id1 -Dosgi.bundles.defaultStartLevel=4 -Declipse.product=org.eclipse.jdt.ls.core.product -Djava.import.generatesMetadataFilesAtProjectRoot=false -DDetectVMInstallationsJob.disabled=true -Dfile.encoding=utf8 -XX:+UseParallelGC -XX:GCTimeRatio=4 -XX:AdaptiveSizePolicyWeight=90 -Dsun.zip.disableMemoryMapping=true -Xmx1G -Xms100m -Xlog:disable -javaagent:c:\Users\Kiet\.vscode\extensions\redhat.java-1.28.1-win32-x64\lombok\lombok-1.18.31.jar -XX:+HeapDumpOnOutOfMemoryError -XX:HeapDumpPath=c:\Users\Kiet\AppData\Roaming\Code\User\workspaceStorage\794778fa6a47f198356234ad77415c6f\redhat.java -Daether.dependencyCollector.impl=bf 
java_command: c:\Users\Kiet\.vscode\extensions\redhat.java-1.28.1-win32-x64\server\plugins\org.eclipse.equinox.launcher_1.6.700.v20231214-2017.jar -configuration c:\Users\Kiet\AppData\Roaming\Code\User\globalStorage\redhat.java\1.28.1\config_win -data c:\Users\Kiet\AppData\Roaming\Code\User\workspaceStorage\794778fa6a47f198356234ad77415c6f\redhat.java\jdt_ws --stdio
java_class_path (initial): c:\Users\Kiet\.vscode\extensions\redhat.java-1.28.1-win32-x64\server\plugins\org.eclipse.equinox.launcher_1.6.700.v20231214-2017.jar
Launcher Type: SUN_STANDARD

[Global flags]
    uintx AdaptiveSizePolicyWeight                 = 90                                        {product} {command line}
     intx CICompilerCount                          = 4                                         {product} {ergonomic}
    uintx GCTimeRatio                              = 4                                         {product} {command line}
     bool HeapDumpOnOutOfMemoryError               = true                                   {manageable} {command line}
    ccstr HeapDumpPath                             = c:\Users\Kiet\AppData\Roaming\Code\User\workspaceStorage\794778fa6a47f198356234ad77415c6f\redhat.java         {manageable} {command line}
   size_t InitialHeapSize                          = 104857600                                 {product} {command line}
   size_t MaxHeapSize                              = 1073741824                                {product} {command line}
   size_t MaxNewSize                               = 357564416                                 {product} {ergonomic}
   size_t MinHeapDeltaBytes                        = 524288                                    {product} {ergonomic}
   size_t MinHeapSize                              = 104857600                                 {product} {command line}
   size_t NewSize                                  = 34603008                                  {product} {ergonomic}
    uintx NonNMethodCodeHeapSize                   = 5839372                                {pd product} {ergonomic}
    uintx NonProfiledCodeHeapSize                  = 122909434                              {pd product} {ergonomic}
   size_t OldSize                                  = 70254592                                  {product} {ergonomic}
    uintx ProfiledCodeHeapSize                     = 122909434                              {pd product} {ergonomic}
    uintx ReservedCodeCacheSize                    = 251658240                              {pd product} {ergonomic}
     bool SegmentedCodeCache                       = true                                      {product} {ergonomic}
   size_t SoftMaxHeapSize                          = 1073741824                             {manageable} {ergonomic}
     bool UseCompressedClassPointers               = true                           {product lp64_product} {ergonomic}
     bool UseCompressedOops                        = true                           {product lp64_product} {ergonomic}
     bool UseLargePagesIndividualAllocation        = false                                  {pd product} {ergonomic}
     bool UseParallelGC                            = true                                      {product} {command line}

Logging:
Log output configuration:
 #0: stdout all=off uptime,level,tags
 #1: stderr all=off uptime,level,tags

Environment Variables:
PATH=C:\Program Files\Common Files\Oracle\Java\javapath;C:\Program Files (x86)\Common Files\Oracle\Java\javapath;C:\WINDOWS\system32;C:\WINDOWS;C:\WINDOWS\System32\Wbem;C:\WINDOWS\System32\WindowsPowerShell\v1.0\;C:\WINDOWS\System32\OpenSSH\;C:\Program Files\dotnet\;C:\Program Files\Common Files\Oracle\Java\javapath;C:\Program Files\Java\jdk-11\bin;C:\Program Files (x86)\Microsoft SQL Server\160\Tools\Binn\;C:\Program Files\Microsoft SQL Server\160\Tools\Binn\;C:\Program Files\Microsoft SQL Server\Client SDK\ODBC\170\Tools\Binn\;C:\Program Files\Microsoft SQL Server\160\DTS\Binn\;C:\Program Files (x86)\Microsoft SQL Server\160\DTS\Binn\;C:\Program Files\Azure Data Studio\bin;C:\Program Files\apache-maven-3.9.6\bin;C:\Program Files\Git\cmd;C:\Program Files\nodejs\;C:\Users\Kiet\AppData\Local\Microsoft\WindowsApps;C:\Users\Kiet\AppData\Local\Programs\Microsoft VS Code\bin;C:\Users\Kiet\AppData\Local\GitHubDesktop\bin;C:\Users\Kiet\.dotnet\tools;C:\Program Files\Azure Data Studio\bin;C:\Users\Kiet\AppData\Roaming\npm
USERNAME=Kiet
OS=Windows_NT
PROCESSOR_IDENTIFIER=Intel64 Family 6 Model 126 Stepping 5, GenuineIntel
TMP=C:\Users\Kiet\AppData\Local\Temp
TEMP=C:\Users\Kiet\AppData\Local\Temp



Periodic native trim disabled


---------------  S Y S T E M  ---------------

OS:
 Windows 11 , 64 bit Build 22621 (10.0.22621.3085)
OS uptime: 8 days 8:09 hours

CPU: total 8 (initial active 8) (4 cores per cpu, 2 threads per core) family 6 model 126 stepping 5 microcode 0xa6, cx8, cmov, fxsr, ht, mmx, 3dnowpref, sse, sse2, sse3, ssse3, sse4.1, sse4.2, popcnt, lzcnt, tsc, tscinvbit, avx, avx2, aes, erms, clmul, bmi1, bmi2, adx, avx512f, avx512dq, avx512cd, avx512bw, avx512vl, sha, fma, vzeroupper, avx512_vpopcntdq, avx512_vpclmulqdq, avx512_vaes, avx512_vnni, clflush, clflushopt, avx512_vbmi2, avx512_vbmi
Processor Information for all 8 processors :
  Max Mhz: 1190, Current Mhz: 991, Mhz Limit: 987

Memory: 4k page, system-wide physical 7987M (631M free)
TotalPageFile size 10035M (AvailPageFile size 4M)
current process WorkingSet (physical memory assigned to process): 180M, peak: 180M
current process commit charge ("private bytes"): 275M, peak: 276M

vm_info: OpenJDK 64-Bit Server VM (17.0.10+7) for windows-amd64 JRE (17.0.10+7), built on Jan 16 2024 23:25:11 by "admin" with MS VC++ 16.10 / 16.11 (VS2019)

END.
