#
# There is insufficient memory for the Java Runtime Environment to continue.
# Native memory allocation (malloc) failed to allocate 231776 bytes for Chunk::new
# Possible reasons:
#   The system is out of physical RAM or swap space
#   The process is running with CompressedOops enabled, and the Java Heap may be blocking the growth of the native heap
# Possible solutions:
#   Reduce memory load on the system
#   Increase physical memory or swap space
#   Check if swap backing store is full
#   Decrease Java heap size (-Xmx/-Xms)
#   Decrease number of Java threads
#   Decrease Java thread stack sizes (-Xss)
#   Set larger code cache with -XX:ReservedCodeCacheSize=
#   JVM is running with Unscaled Compressed Oops mode in which the Java heap is
#     placed in the first 4GB address space. The Java Heap base address is the
#     maximum limit for the native heap growth. Please use -XX:HeapBaseMinAddress
#     to set the Java Heap base and to place the Java Heap above 4GB virtual address.
# This output file may be truncated or incomplete.
#
#  Out of Memory Error (arena.cpp:191), pid=1576, tid=11712
#
# JRE version: OpenJDK Runtime Environment Temurin-17.0.10+7 (17.0.10+7) (build 17.0.10+7)
# Java VM: OpenJDK 64-Bit Server VM Temurin-17.0.10+7 (17.0.10+7, mixed mode, tiered, compressed oops, compressed class ptrs, parallel gc, windows-amd64)
# No core dump will be written. Minidumps are not enabled by default on client versions of Windows
#

---------------  S U M M A R Y ------------

Command Line: --add-modules=ALL-SYSTEM --add-opens=java.base/java.util=ALL-UNNAMED --add-opens=java.base/java.lang=ALL-UNNAMED --add-opens=java.base/sun.nio.fs=ALL-UNNAMED -Declipse.application=org.eclipse.jdt.ls.core.id1 -Dosgi.bundles.defaultStartLevel=4 -Declipse.product=org.eclipse.jdt.ls.core.product -Djava.import.generatesMetadataFilesAtProjectRoot=false -DDetectVMInstallationsJob.disabled=true -Dfile.encoding=utf8 -XX:+UseParallelGC -XX:GCTimeRatio=4 -XX:AdaptiveSizePolicyWeight=90 -Dsun.zip.disableMemoryMapping=true -Xmx1G -Xms100m -Xlog:disable -javaagent:c:\Users\Kiet\.vscode\extensions\redhat.java-1.28.1-win32-x64\lombok\lombok-1.18.31.jar -XX:+HeapDumpOnOutOfMemoryError -XX:HeapDumpPath=c:\Users\Kiet\AppData\Roaming\Code\User\workspaceStorage\794778fa6a47f198356234ad77415c6f\redhat.java -Daether.dependencyCollector.impl=bf c:\Users\Kiet\.vscode\extensions\redhat.java-1.28.1-win32-x64\server\plugins\org.eclipse.equinox.launcher_1.6.700.v20231214-2017.jar -configuration c:\Users\Kiet\AppData\Roaming\Code\User\globalStorage\redhat.java\1.28.1\config_win -data c:\Users\Kiet\AppData\Roaming\Code\User\workspaceStorage\794778fa6a47f198356234ad77415c6f\redhat.java\jdt_ws --stdio

Host: Intel(R) Core(TM) i5-1035G1 CPU @ 1.00GHz, 8 cores, 7G,  Windows 11 , 64 bit Build 22621 (10.0.22621.3235)
Time: Tue Mar 19 22:40:40 2024 SE Asia Standard Time elapsed time: 1.247968 seconds (0d 0h 0m 1s)

---------------  T H R E A D  ---------------

Current thread (0x000001f8a39c8ba0):  JavaThread "C2 CompilerThread2" daemon [_thread_in_native, id=11712, stack(0x00000070a9500000,0x00000070a9600000)]


Current CompileTask:
C2:   1248  706   !   4       java.util.jar.Attributes::read (498 bytes)

Stack: [0x00000070a9500000,0x00000070a9600000]
Native frames: (J=compiled Java code, j=interpreted, Vv=VM code, C=native code)
V  [jvm.dll+0x67d2c9]
V  [jvm.dll+0x834afa]
V  [jvm.dll+0x8365be]
V  [jvm.dll+0x836c23]
V  [jvm.dll+0x2477ff]
V  [jvm.dll+0xac514]
V  [jvm.dll+0xacb5c]
V  [jvm.dll+0x2aed1f]
V  [jvm.dll+0x584b67]
V  [jvm.dll+0x2228a2]
V  [jvm.dll+0x222c8f]
V  [jvm.dll+0x21bdb6]
V  [jvm.dll+0x219201]
V  [jvm.dll+0x1a502d]
V  [jvm.dll+0x2290de]
V  [jvm.dll+0x2272ac]
V  [jvm.dll+0x7e9bb7]
V  [jvm.dll+0x7e3fba]
V  [jvm.dll+0x67c1b5]
C  [ucrtbase.dll+0x29363]
C  [KERNEL32.DLL+0x1257d]
C  [ntdll.dll+0x5aa58]


---------------  P R O C E S S  ---------------

Threads class SMR info:
_java_thread_list=0x000001f8a3b58d60, length=14, elements={
0x000001f88a87fe50, 0x000001f89e708020, 0x000001f89e70a1a0, 0x000001f8a37f9320,
0x000001f8a37f9cf0, 0x000001f8a37fa7c0, 0x000001f8a37fb290, 0x000001f8a37fc140,
0x000001f88a92d680, 0x000001f8a3872c90, 0x000001f8a38e1700, 0x000001f8a39c6670,
0x000001f8a3ac1350, 0x000001f8a39c8ba0
}

Java Threads: ( => current thread )
  0x000001f88a87fe50 JavaThread "main" [_thread_in_Java, id=19388, stack(0x00000070a8500000,0x00000070a8600000)]
  0x000001f89e708020 JavaThread "Reference Handler" daemon [_thread_blocked, id=9276, stack(0x00000070a8800000,0x00000070a8900000)]
  0x000001f89e70a1a0 JavaThread "Finalizer" daemon [_thread_blocked, id=13488, stack(0x00000070a8900000,0x00000070a8a00000)]
  0x000001f8a37f9320 JavaThread "Signal Dispatcher" daemon [_thread_blocked, id=15848, stack(0x00000070a8a00000,0x00000070a8b00000)]
  0x000001f8a37f9cf0 JavaThread "Attach Listener" daemon [_thread_blocked, id=18592, stack(0x00000070a8b00000,0x00000070a8c00000)]
  0x000001f8a37fa7c0 JavaThread "Service Thread" daemon [_thread_blocked, id=3620, stack(0x00000070a8c00000,0x00000070a8d00000)]
  0x000001f8a37fb290 JavaThread "Monitor Deflation Thread" daemon [_thread_blocked, id=16712, stack(0x00000070a8d00000,0x00000070a8e00000)]
  0x000001f8a37fc140 JavaThread "C2 CompilerThread0" daemon [_thread_blocked, id=11104, stack(0x00000070a8e00000,0x00000070a8f00000)]
  0x000001f88a92d680 JavaThread "C1 CompilerThread0" daemon [_thread_blocked, id=7352, stack(0x00000070a8f00000,0x00000070a9000000)]
  0x000001f8a3872c90 JavaThread "Sweeper thread" daemon [_thread_blocked, id=17320, stack(0x00000070a9000000,0x00000070a9100000)]
  0x000001f8a38e1700 JavaThread "Common-Cleaner" daemon [_thread_blocked, id=10184, stack(0x00000070a9100000,0x00000070a9200000)]
  0x000001f8a39c6670 JavaThread "C2 CompilerThread1" daemon [_thread_in_native, id=10740, stack(0x00000070a9200000,0x00000070a9300000)]
  0x000001f8a3ac1350 JavaThread "Notification Thread" daemon [_thread_blocked, id=636, stack(0x00000070a9300000,0x00000070a9400000)]
=>0x000001f8a39c8ba0 JavaThread "C2 CompilerThread2" daemon [_thread_in_native, id=11712, stack(0x00000070a9500000,0x00000070a9600000)]

Other Threads:
  0x000001f88a928a30 VMThread "VM Thread" [stack: 0x00000070a8700000,0x00000070a8800000] [id=14680]
  0x000001f8a3b33d30 WatcherThread [stack: 0x00000070a9400000,0x00000070a9500000] [id=13420]
  0x000001f88a896af0 GCTaskThread "GC Thread#0" [stack: 0x00000070a8600000,0x00000070a8700000] [id=11344]

Threads with active compile tasks:
C2 CompilerThread1     1301  738       4       sun.security.provider.SHA2::implCompress0 (490 bytes)
C2 CompilerThread2     1301  706   !   4       java.util.jar.Attributes::read (498 bytes)

VM state: not at safepoint (normal execution)

VM Mutex/Monitor currently owned by a thread: None

Heap address: 0x00000000c0000000, size: 1024 MB, Compressed Oops mode: 32-bit

CDS archive(s) not mapped
Compressed class space mapped at: 0x0000000100000000-0x0000000140000000, reserved size: 1073741824
Narrow klass base: 0x0000000000000000, Narrow klass shift: 3, Narrow klass range: 0x140000000

GC Precious Log:
 CPUs: 8 total, 8 available
 Memory: 7987M
 Large Page Support: Disabled
 NUMA Support: Disabled
 Compressed Oops: Enabled (32-bit)
 Alignments: Space 512K, Generation 512K, Heap 2M
 Heap Min Capacity: 100M
 Heap Initial Capacity: 100M
 Heap Max Capacity: 1G
 Pre-touch: Disabled
 Parallel Workers: 8

Heap:
 PSYoungGen      total 29696K, used 17409K [0x00000000eab00000, 0x00000000ecc00000, 0x0000000100000000)
  eden space 25600K, 68% used [0x00000000eab00000,0x00000000ebc00690,0x00000000ec400000)
  from space 4096K, 0% used [0x00000000ec800000,0x00000000ec800000,0x00000000ecc00000)
  to   space 4096K, 0% used [0x00000000ec400000,0x00000000ec400000,0x00000000ec800000)
 ParOldGen       total 68608K, used 0K [0x00000000c0000000, 0x00000000c4300000, 0x00000000eab00000)
  object space 68608K, 0% used [0x00000000c0000000,0x00000000c0000000,0x00000000c4300000)
 Metaspace       used 9272K, committed 9408K, reserved 1114112K
  class space    used 913K, committed 960K, reserved 1048576K

Card table byte_map: [0x000001f88a240000,0x000001f88a450000] _byte_map_base: 0x000001f889c40000

Marking Bits: (ParMarkBitMap*) 0x00007ffe2d25d7d0
 Begin Bits: [0x000001f89c510000, 0x000001f89d510000)
 End Bits:   [0x000001f89d510000, 0x000001f89e510000)

Polling page: 0x000001f88a030000

Metaspace:

Usage:
  Non-class:      8.17 MB used.
      Class:    914.48 KB used.
       Both:      9.06 MB used.

Virtual space:
  Non-class space:       64.00 MB reserved,       8.25 MB ( 13%) committed,  1 nodes.
      Class space:        1.00 GB reserved,     960.00 KB ( <1%) committed,  1 nodes.
             Both:        1.06 GB reserved,       9.19 MB ( <1%) committed. 

Chunk freelists:
   Non-Class:  6.92 MB
       Class:  15.08 MB
        Both:  22.00 MB

MaxMetaspaceSize: unlimited
CompressedClassSpaceSize: 1.00 GB
Initial GC threshold: 21.00 MB
Current GC threshold: 21.00 MB
CDS: off
MetaspaceReclaimPolicy: balanced
 - commit_granule_bytes: 65536.
 - commit_granule_words: 8192.
 - virtual_space_node_default_size: 8388608.
 - enlarge_chunks_in_place: 1.
 - new_chunks_are_fully_committed: 0.
 - uncommit_free_chunks: 1.
 - use_allocation_guard: 0.
 - handle_deallocations: 1.


Internal statistics:

num_allocs_failed_limit: 0.
num_arena_births: 10.
num_arena_deaths: 0.
num_vsnodes_births: 2.
num_vsnodes_deaths: 0.
num_space_committed: 147.
num_space_uncommitted: 0.
num_chunks_returned_to_freelist: 0.
num_chunks_taken_from_freelist: 46.
num_chunk_merges: 0.
num_chunk_splits: 27.
num_chunks_enlarged: 25.
num_inconsistent_stats: 0.

CodeHeap 'non-profiled nmethods': size=120000Kb used=312Kb max_used=312Kb free=119687Kb
 bounds [0x000001f894fe0000, 0x000001f895250000, 0x000001f89c510000]
CodeHeap 'profiled nmethods': size=120000Kb used=1187Kb max_used=1187Kb free=118812Kb
 bounds [0x000001f88d510000, 0x000001f88d780000, 0x000001f894a40000]
CodeHeap 'non-nmethods': size=5760Kb used=1146Kb max_used=1173Kb free=4613Kb
 bounds [0x000001f894a40000, 0x000001f894cb0000, 0x000001f894fe0000]
 total_blobs=1170 nmethods=746 adapters=339
 compilation: enabled
              stopped_count=0, restarted_count=0
 full_count=0

Compilation events (20 events):
Event: 1.221 Thread 0x000001f8a39c6670 nmethod 725 0x000001f89502b510 code [0x000001f89502b680, 0x000001f89502b738]
Event: 1.222 Thread 0x000001f8a37fc140 nmethod 726 0x000001f89502b810 code [0x000001f89502b980, 0x000001f89502b9f8]
Event: 1.222 Thread 0x000001f88a92d680  727       3       sun.security.provider.SHA5::implCompress0 (346 bytes)
Event: 1.222 Thread 0x000001f8a39c6670  728       4       sun.security.provider.SHA5::lf_delta0 (20 bytes)
Event: 1.222 Thread 0x000001f8a39c6670 nmethod 728 0x000001f89502bb10 code [0x000001f89502bc80, 0x000001f89502bcf8]
Event: 1.223 Thread 0x000001f88a92d680 nmethod 727 0x000001f88d627e90 code [0x000001f88d6280e0, 0x000001f88d628b08]
Event: 1.223 Thread 0x000001f88a92d680  729       3       sun.security.provider.ByteArrayAccess::b2lBig128 (232 bytes)
Event: 1.224 Thread 0x000001f8a37fc140  732       4       jdk.internal.misc.Unsafe::getLongUnaligned (12 bytes)
Event: 1.224 Thread 0x000001f8a39c6670  733       4       java.lang.invoke.VarHandleGuards::guard_LI_J (78 bytes)
Event: 1.225 Thread 0x000001f8a37fc140 nmethod 732 0x000001f89502be10 code [0x000001f89502bf80, 0x000001f89502c038]
Event: 1.225 Thread 0x000001f8a37fc140  735 %     4       sun.security.provider.SHA5::implCompress0 @ 157 (346 bytes)
Event: 1.240 Thread 0x000001f8a39c6670 nmethod 733 0x000001f89502c110 code [0x000001f89502c2c0, 0x000001f89502c5e8]
Event: 1.240 Thread 0x000001f8a39c6670  734       4       java.lang.invoke.VarHandleByteArrayAsLongs$ArrayHandle::get (36 bytes)
Event: 1.241 Thread 0x000001f8a39c6670 nmethod 734 0x000001f89502ca10 code [0x000001f89502cba0, 0x000001f89502ccd8]
Event: 1.243 Thread 0x000001f88a92d680 nmethod 729 0x000001f88d629210 code [0x000001f88d629ce0, 0x000001f88d6300b8]
Event: 1.243 Thread 0x000001f88a92d680  730       3       sun.security.provider.SHA5::implCompress (13 bytes)
Event: 1.243 Thread 0x000001f88a92d680 nmethod 730 0x000001f88d631e10 code [0x000001f88d632000, 0x000001f88d632468]
Event: 1.243 Thread 0x000001f88a92d680  731       3       sun.security.provider.SHA5::implCompressCheck (28 bytes)
Event: 1.243 Thread 0x000001f88a92d680 nmethod 731 0x000001f88d632690 code [0x000001f88d632860, 0x000001f88d632c18]
Event: 1.246 Thread 0x000001f88a92d680  736       3       java.util.regex.ASCII::toLower (16 bytes)

GC Heap History (0 events):
No events

Dll operation events (8 events):
Event: 0.032 Loaded shared library c:\Users\Kiet\.vscode\extensions\redhat.java-1.28.1-win32-x64\jre\17.0.10-win32-x86_64\bin\java.dll
Event: 0.262 Loaded shared library c:\Users\Kiet\.vscode\extensions\redhat.java-1.28.1-win32-x64\jre\17.0.10-win32-x86_64\bin\zip.dll
Event: 0.266 Loaded shared library C:\Users\Kiet\.vscode\extensions\redhat.java-1.28.1-win32-x64\jre\17.0.10-win32-x86_64\bin\instrument.dll
Event: 0.306 Loaded shared library C:\Users\Kiet\.vscode\extensions\redhat.java-1.28.1-win32-x64\jre\17.0.10-win32-x86_64\bin\net.dll
Event: 0.309 Loaded shared library C:\Users\Kiet\.vscode\extensions\redhat.java-1.28.1-win32-x64\jre\17.0.10-win32-x86_64\bin\nio.dll
Event: 0.322 Loaded shared library C:\Users\Kiet\.vscode\extensions\redhat.java-1.28.1-win32-x64\jre\17.0.10-win32-x86_64\bin\zip.dll
Event: 0.367 Loaded shared library C:\Users\Kiet\.vscode\extensions\redhat.java-1.28.1-win32-x64\jre\17.0.10-win32-x86_64\bin\jimage.dll
Event: 0.549 Loaded shared library c:\Users\Kiet\.vscode\extensions\redhat.java-1.28.1-win32-x64\jre\17.0.10-win32-x86_64\bin\verify.dll

Deoptimization events (20 events):
Event: 0.999 Thread 0x000001f88a87fe50 Uncommon trap: trap_request=0xffffff45 fr.pc=0x000001f894ff5458 relative=0x00000000000002d8
Event: 0.999 Thread 0x000001f88a87fe50 Uncommon trap: reason=unstable_if action=reinterpret pc=0x000001f894ff5458 method=java.lang.StringUTF16.compress([CI[BII)I @ 20 c2
Event: 0.999 Thread 0x000001f88a87fe50 DEOPT PACKING pc=0x000001f894ff5458 sp=0x00000070a85fbe60
Event: 0.999 Thread 0x000001f88a87fe50 DEOPT UNPACKING pc=0x000001f894a99ea3 sp=0x00000070a85fbde0 mode 2
Event: 1.015 Thread 0x000001f88a87fe50 Uncommon trap: trap_request=0xffffff6e fr.pc=0x000001f895014b64 relative=0x00000000000001e4
Event: 1.015 Thread 0x000001f88a87fe50 Uncommon trap: reason=loop_limit_check action=maybe_recompile pc=0x000001f895014b64 method=java.math.BigInteger.implMulAdd([I[IIII)I @ 26 c2
Event: 1.015 Thread 0x000001f88a87fe50 DEOPT PACKING pc=0x000001f895014b64 sp=0x00000070a85fdc00
Event: 1.015 Thread 0x000001f88a87fe50 DEOPT UNPACKING pc=0x000001f894a99ea3 sp=0x00000070a85fdb50 mode 2
Event: 1.119 Thread 0x000001f88a87fe50 Uncommon trap: trap_request=0xffffff45 fr.pc=0x000001f89501c9f4 relative=0x0000000000000074
Event: 1.119 Thread 0x000001f88a87fe50 Uncommon trap: reason=unstable_if action=reinterpret pc=0x000001f89501c9f4 method=jdk.internal.misc.Unsafe.convEndian(ZI)I @ 4 c2
Event: 1.119 Thread 0x000001f88a87fe50 DEOPT PACKING pc=0x000001f89501c9f4 sp=0x00000070a85fdda0
Event: 1.119 Thread 0x000001f88a87fe50 DEOPT UNPACKING pc=0x000001f894a99ea3 sp=0x00000070a85fdcd0 mode 2
Event: 1.122 Thread 0x000001f88a87fe50 Uncommon trap: trap_request=0xffffff45 fr.pc=0x000001f895005600 relative=0x00000000000005c0
Event: 1.122 Thread 0x000001f88a87fe50 Uncommon trap: reason=unstable_if action=reinterpret pc=0x000001f895005600 method=java.lang.AbstractStringBuilder.append(Ljava/lang/String;)Ljava/lang/AbstractStringBuilder; @ 1 c2
Event: 1.122 Thread 0x000001f88a87fe50 DEOPT PACKING pc=0x000001f895005600 sp=0x00000070a85fe120
Event: 1.123 Thread 0x000001f88a87fe50 DEOPT UNPACKING pc=0x000001f894a99ea3 sp=0x00000070a85fe0a0 mode 2
Event: 1.132 Thread 0x000001f88a87fe50 DEOPT PACKING pc=0x000001f88d54758c sp=0x00000070a85fe9f0
Event: 1.132 Thread 0x000001f88a87fe50 DEOPT UNPACKING pc=0x000001f894a9a9e3 sp=0x00000070a85fde80 mode 0
Event: 1.137 Thread 0x000001f88a87fe50 DEOPT PACKING pc=0x000001f88d54758c sp=0x00000070a85fe9f0
Event: 1.137 Thread 0x000001f88a87fe50 DEOPT UNPACKING pc=0x000001f894a9a9e3 sp=0x00000070a85fde80 mode 0

Classes unloaded (0 events):
No events

Classes redefined (0 events):
No events

Internal exceptions (9 events):
Event: 0.225 Thread 0x000001f88a87fe50 Exception <a 'java/lang/NoSuchMethodError'{0x00000000eacb5010}: 'void java.lang.invoke.DirectMethodHandle$Holder.invokeStatic(java.lang.Object, java.lang.Object, java.lang.Object)'> (0x00000000eacb5010) 
thrown [s\src\hotspot\share\interpreter\linkResolver.cpp, line 759]
Event: 0.613 Thread 0x000001f88a87fe50 Exception <a 'java/lang/reflect/InvocationTargetException'{0x00000000eafe6e90}> (0x00000000eafe6e90) 
thrown [s\src\hotspot\share\runtime\reflection.cpp, line 1121]
Event: 1.047 Thread 0x000001f88a87fe50 Exception <a 'java/lang/ClassNotFoundException'{0x00000000eb8547d8}: sun/net/www/protocol/c/Handler> (0x00000000eb8547d8) 
thrown [s\src\hotspot\share\classfile\systemDictionary.cpp, line 256]
Event: 1.115 Thread 0x000001f88a87fe50 Exception <a 'java/io/FileNotFoundException'{0x00000000eb86f838}> (0x00000000eb86f838) 
thrown [s\src\hotspot\share\prims\jni.cpp, line 516]
Event: 1.116 Thread 0x000001f88a87fe50 Exception <a 'java/io/FileNotFoundException'{0x00000000eb870548}> (0x00000000eb870548) 
thrown [s\src\hotspot\share\prims\jni.cpp, line 516]
Event: 1.116 Thread 0x000001f88a87fe50 Exception <a 'java/io/FileNotFoundException'{0x00000000eb871238}> (0x00000000eb871238) 
thrown [s\src\hotspot\share\prims\jni.cpp, line 516]
Event: 1.117 Thread 0x000001f88a87fe50 Exception <a 'java/io/FileNotFoundException'{0x00000000eb871ef8}> (0x00000000eb871ef8) 
thrown [s\src\hotspot\share\prims\jni.cpp, line 516]
Event: 1.122 Thread 0x000001f88a87fe50 Implicit null exception at 0x000001f895005072 to 0x000001f8950055e8
Event: 1.126 Thread 0x000001f88a87fe50 Exception <a 'java/io/FileNotFoundException'{0x00000000eb8aaf38}> (0x00000000eb8aaf38) 
thrown [s\src\hotspot\share\prims\jni.cpp, line 516]

VM Operations (8 events):
Event: 0.236 Executing VM operation: HandshakeAllThreads
Event: 0.236 Executing VM operation: HandshakeAllThreads done
Event: 0.414 Executing VM operation: HandshakeAllThreads
Event: 0.414 Executing VM operation: HandshakeAllThreads done
Event: 1.023 Executing VM operation: HandshakeAllThreads
Event: 1.023 Executing VM operation: HandshakeAllThreads done
Event: 1.041 Executing VM operation: HandshakeAllThreads
Event: 1.042 Executing VM operation: HandshakeAllThreads done

Events (20 events):
Event: 1.147 loading class sun/nio/fs/WindowsFileSystemProvider$1
Event: 1.147 loading class sun/nio/fs/WindowsFileSystemProvider$1 done
Event: 1.147 loading class sun/nio/fs/WindowsLinkSupport
Event: 1.147 loading class sun/nio/fs/WindowsLinkSupport done
Event: 1.147 loading class sun/nio/fs/WindowsAclFileAttributeView
Event: 1.148 loading class sun/nio/fs/AbstractAclFileAttributeView
Event: 1.148 loading class java/nio/file/attribute/AclFileAttributeView
Event: 1.148 loading class java/nio/file/attribute/FileOwnerAttributeView
Event: 1.148 loading class java/nio/file/attribute/FileOwnerAttributeView done
Event: 1.148 loading class java/nio/file/attribute/AclFileAttributeView done
Event: 1.148 loading class sun/nio/fs/AbstractAclFileAttributeView done
Event: 1.148 loading class sun/nio/fs/WindowsAclFileAttributeView done
Event: 1.148 loading class sun/nio/fs/WindowsSecurity
Event: 1.148 loading class sun/nio/fs/WindowsSecurity done
Event: 1.149 loading class sun/nio/fs/WindowsFileStore
Event: 1.149 loading class java/nio/file/FileStore
Event: 1.149 loading class java/nio/file/FileStore done
Event: 1.149 loading class sun/nio/fs/WindowsFileStore done
Event: 1.156 loading class java/net/URLClassLoader$1
Event: 1.156 loading class java/net/URLClassLoader$1 done


Dynamic libraries:
0x00007ff62f2c0000 - 0x00007ff62f2ce000 	c:\Users\Kiet\.vscode\extensions\redhat.java-1.28.1-win32-x64\jre\17.0.10-win32-x86_64\bin\java.exe
0x00007ffe72250000 - 0x00007ffe72466000 	C:\WINDOWS\SYSTEM32\ntdll.dll
0x00007ffe70910000 - 0x00007ffe709d4000 	C:\WINDOWS\System32\KERNEL32.DLL
0x00007ffe6f720000 - 0x00007ffe6fac6000 	C:\WINDOWS\System32\KERNELBASE.dll
0x00007ffe6fe80000 - 0x00007ffe6ff91000 	C:\WINDOWS\System32\ucrtbase.dll
0x00007ffe5bdd0000 - 0x00007ffe5bde7000 	c:\Users\Kiet\.vscode\extensions\redhat.java-1.28.1-win32-x64\jre\17.0.10-win32-x86_64\bin\jli.dll
0x00007ffe67470000 - 0x00007ffe6748b000 	c:\Users\Kiet\.vscode\extensions\redhat.java-1.28.1-win32-x64\jre\17.0.10-win32-x86_64\bin\VCRUNTIME140.dll
0x00007ffe70650000 - 0x00007ffe707fd000 	C:\WINDOWS\System32\USER32.dll
0x00007ffe6f590000 - 0x00007ffe6f5b6000 	C:\WINDOWS\System32\win32u.dll
0x00007ffe5e1e0000 - 0x00007ffe5e473000 	C:\WINDOWS\WinSxS\amd64_microsoft.windows.common-controls_6595b64144ccf1df_6.0.22621.3235_none_270f74e173860f98\COMCTL32.dll
0x00007ffe70540000 - 0x00007ffe705e7000 	C:\WINDOWS\System32\msvcrt.dll
0x00007ffe71150000 - 0x00007ffe71179000 	C:\WINDOWS\System32\GDI32.dll
0x00007ffe6fd60000 - 0x00007ffe6fe78000 	C:\WINDOWS\System32\gdi32full.dll
0x00007ffe6fcc0000 - 0x00007ffe6fd5a000 	C:\WINDOWS\System32\msvcp_win.dll
0x00007ffe70800000 - 0x00007ffe70831000 	C:\WINDOWS\System32\IMM32.DLL
0x00007ffe677a0000 - 0x00007ffe677ac000 	c:\Users\Kiet\.vscode\extensions\redhat.java-1.28.1-win32-x64\jre\17.0.10-win32-x86_64\bin\vcruntime140_1.dll
0x00007ffe41830000 - 0x00007ffe418bd000 	c:\Users\Kiet\.vscode\extensions\redhat.java-1.28.1-win32-x64\jre\17.0.10-win32-x86_64\bin\msvcp140.dll
0x00007ffe2c6c0000 - 0x00007ffe2d322000 	c:\Users\Kiet\.vscode\extensions\redhat.java-1.28.1-win32-x64\jre\17.0.10-win32-x86_64\bin\server\jvm.dll
0x00007ffe72150000 - 0x00007ffe72202000 	C:\WINDOWS\System32\ADVAPI32.dll
0x00007ffe70330000 - 0x00007ffe703d8000 	C:\WINDOWS\System32\sechost.dll
0x00007ffe6f6f0000 - 0x00007ffe6f718000 	C:\WINDOWS\System32\bcrypt.dll
0x00007ffe71e80000 - 0x00007ffe71f95000 	C:\WINDOWS\System32\RPCRT4.dll
0x00007ffe6f460000 - 0x00007ffe6f4ad000 	C:\WINDOWS\SYSTEM32\POWRPROF.dll
0x00007ffe64fc0000 - 0x00007ffe64fc9000 	C:\WINDOWS\SYSTEM32\WSOCK32.dll
0x00007ffe710d0000 - 0x00007ffe71141000 	C:\WINDOWS\System32\WS2_32.dll
0x00007ffe69550000 - 0x00007ffe69584000 	C:\WINDOWS\SYSTEM32\WINMM.dll
0x00007ffe68430000 - 0x00007ffe6843a000 	C:\WINDOWS\SYSTEM32\VERSION.dll
0x00007ffe6f440000 - 0x00007ffe6f453000 	C:\WINDOWS\SYSTEM32\UMPDC.dll
0x00007ffe6e5d0000 - 0x00007ffe6e5e8000 	C:\WINDOWS\SYSTEM32\kernel.appcore.dll
0x00007ffe62220000 - 0x00007ffe6222a000 	c:\Users\Kiet\.vscode\extensions\redhat.java-1.28.1-win32-x64\jre\17.0.10-win32-x86_64\bin\jimage.dll
0x00007ffe6ce20000 - 0x00007ffe6d053000 	C:\WINDOWS\SYSTEM32\DBGHELP.DLL
0x00007ffe6ffa0000 - 0x00007ffe70328000 	C:\WINDOWS\System32\combase.dll
0x00007ffe71180000 - 0x00007ffe71257000 	C:\WINDOWS\System32\OLEAUT32.dll
0x00007ffe68a70000 - 0x00007ffe68aa2000 	C:\WINDOWS\SYSTEM32\dbgcore.DLL
0x00007ffe6fad0000 - 0x00007ffe6fb4a000 	C:\WINDOWS\System32\bcryptPrimitives.dll
0x00007ffe61aa0000 - 0x00007ffe61aae000 	c:\Users\Kiet\.vscode\extensions\redhat.java-1.28.1-win32-x64\jre\17.0.10-win32-x86_64\bin\instrument.dll
0x00007ffe4c810000 - 0x00007ffe4c835000 	c:\Users\Kiet\.vscode\extensions\redhat.java-1.28.1-win32-x64\jre\17.0.10-win32-x86_64\bin\java.dll
0x00007ffe57790000 - 0x00007ffe577a8000 	c:\Users\Kiet\.vscode\extensions\redhat.java-1.28.1-win32-x64\jre\17.0.10-win32-x86_64\bin\zip.dll
0x00007ffe71510000 - 0x00007ffe71d6d000 	C:\WINDOWS\System32\SHELL32.dll
0x00007ffe6d4f0000 - 0x00007ffe6dde8000 	C:\WINDOWS\SYSTEM32\windows.storage.dll
0x00007ffe6d3b0000 - 0x00007ffe6d4ee000 	C:\WINDOWS\SYSTEM32\wintypes.dll
0x00007ffe71fb0000 - 0x00007ffe720a3000 	C:\WINDOWS\System32\SHCORE.dll
0x00007ffe71e20000 - 0x00007ffe71e7e000 	C:\WINDOWS\System32\shlwapi.dll
0x00007ffe6f4c0000 - 0x00007ffe6f4e6000 	C:\WINDOWS\SYSTEM32\profapi.dll
0x00007ffe4e500000 - 0x00007ffe4e519000 	C:\Users\Kiet\.vscode\extensions\redhat.java-1.28.1-win32-x64\jre\17.0.10-win32-x86_64\bin\net.dll
0x00007ffe69c40000 - 0x00007ffe69d77000 	C:\WINDOWS\SYSTEM32\WINHTTP.dll
0x00007ffe6ea50000 - 0x00007ffe6eab9000 	C:\WINDOWS\system32\mswsock.dll
0x00007ffe4e2a0000 - 0x00007ffe4e2b6000 	C:\Users\Kiet\.vscode\extensions\redhat.java-1.28.1-win32-x64\jre\17.0.10-win32-x86_64\bin\nio.dll
0x00007ffe5e5b0000 - 0x00007ffe5e5c0000 	c:\Users\Kiet\.vscode\extensions\redhat.java-1.28.1-win32-x64\jre\17.0.10-win32-x86_64\bin\verify.dll

dbghelp: loaded successfully - version: 4.0.5 - missing functions: none
symbol engine: initialized successfully - sym options: 0x614 - pdb path: .;c:\Users\Kiet\.vscode\extensions\redhat.java-1.28.1-win32-x64\jre\17.0.10-win32-x86_64\bin;C:\WINDOWS\SYSTEM32;C:\WINDOWS\WinSxS\amd64_microsoft.windows.common-controls_6595b64144ccf1df_6.0.22621.3235_none_270f74e173860f98;c:\Users\Kiet\.vscode\extensions\redhat.java-1.28.1-win32-x64\jre\17.0.10-win32-x86_64\bin\server

VM Arguments:
jvm_args: --add-modules=ALL-SYSTEM --add-opens=java.base/java.util=ALL-UNNAMED --add-opens=java.base/java.lang=ALL-UNNAMED --add-opens=java.base/sun.nio.fs=ALL-UNNAMED -Declipse.application=org.eclipse.jdt.ls.core.id1 -Dosgi.bundles.defaultStartLevel=4 -Declipse.product=org.eclipse.jdt.ls.core.product -Djava.import.generatesMetadataFilesAtProjectRoot=false -DDetectVMInstallationsJob.disabled=true -Dfile.encoding=utf8 -XX:+UseParallelGC -XX:GCTimeRatio=4 -XX:AdaptiveSizePolicyWeight=90 -Dsun.zip.disableMemoryMapping=true -Xmx1G -Xms100m -Xlog:disable -javaagent:c:\Users\Kiet\.vscode\extensions\redhat.java-1.28.1-win32-x64\lombok\lombok-1.18.31.jar -XX:+HeapDumpOnOutOfMemoryError -XX:HeapDumpPath=c:\Users\Kiet\AppData\Roaming\Code\User\workspaceStorage\794778fa6a47f198356234ad77415c6f\redhat.java -Daether.dependencyCollector.impl=bf 
java_command: c:\Users\Kiet\.vscode\extensions\redhat.java-1.28.1-win32-x64\server\plugins\org.eclipse.equinox.launcher_1.6.700.v20231214-2017.jar -configuration c:\Users\Kiet\AppData\Roaming\Code\User\globalStorage\redhat.java\1.28.1\config_win -data c:\Users\Kiet\AppData\Roaming\Code\User\workspaceStorage\794778fa6a47f198356234ad77415c6f\redhat.java\jdt_ws --stdio
java_class_path (initial): c:\Users\Kiet\.vscode\extensions\redhat.java-1.28.1-win32-x64\server\plugins\org.eclipse.equinox.launcher_1.6.700.v20231214-2017.jar
Launcher Type: SUN_STANDARD

[Global flags]
    uintx AdaptiveSizePolicyWeight                 = 90                                        {product} {command line}
     intx CICompilerCount                          = 4                                         {product} {ergonomic}
    uintx GCTimeRatio                              = 4                                         {product} {command line}
     bool HeapDumpOnOutOfMemoryError               = true                                   {manageable} {command line}
    ccstr HeapDumpPath                             = c:\Users\Kiet\AppData\Roaming\Code\User\workspaceStorage\794778fa6a47f198356234ad77415c6f\redhat.java         {manageable} {command line}
   size_t InitialHeapSize                          = 104857600                                 {product} {command line}
   size_t MaxHeapSize                              = 1073741824                                {product} {command line}
   size_t MaxNewSize                               = 357564416                                 {product} {ergonomic}
   size_t MinHeapDeltaBytes                        = 524288                                    {product} {ergonomic}
   size_t MinHeapSize                              = 104857600                                 {product} {command line}
   size_t NewSize                                  = 34603008                                  {product} {ergonomic}
    uintx NonNMethodCodeHeapSize                   = 5839372                                {pd product} {ergonomic}
    uintx NonProfiledCodeHeapSize                  = 122909434                              {pd product} {ergonomic}
   size_t OldSize                                  = 70254592                                  {product} {ergonomic}
    uintx ProfiledCodeHeapSize                     = 122909434                              {pd product} {ergonomic}
    uintx ReservedCodeCacheSize                    = 251658240                              {pd product} {ergonomic}
     bool SegmentedCodeCache                       = true                                      {product} {ergonomic}
   size_t SoftMaxHeapSize                          = 1073741824                             {manageable} {ergonomic}
     bool UseCompressedClassPointers               = true                           {product lp64_product} {ergonomic}
     bool UseCompressedOops                        = true                           {product lp64_product} {ergonomic}
     bool UseLargePagesIndividualAllocation        = false                                  {pd product} {ergonomic}
     bool UseParallelGC                            = true                                      {product} {command line}

Logging:
Log output configuration:
 #0: stdout all=off uptime,level,tags
 #1: stderr all=off uptime,level,tags

Environment Variables:
PATH=C:\Program Files\Common Files\Oracle\Java\javapath;C:\Program Files (x86)\Common Files\Oracle\Java\javapath;C:\WINDOWS\system32;C:\WINDOWS;C:\WINDOWS\System32\Wbem;C:\WINDOWS\System32\WindowsPowerShell\v1.0\;C:\WINDOWS\System32\OpenSSH\;C:\Program Files\dotnet\;C:\Program Files\Common Files\Oracle\Java\javapath;C:\Program Files\Java\jdk-11\bin;C:\Program Files (x86)\Microsoft SQL Server\160\Tools\Binn\;C:\Program Files\Microsoft SQL Server\160\Tools\Binn\;C:\Program Files\Microsoft SQL Server\Client SDK\ODBC\170\Tools\Binn\;C:\Program Files\Microsoft SQL Server\160\DTS\Binn\;C:\Program Files (x86)\Microsoft SQL Server\160\DTS\Binn\;C:\Program Files\Azure Data Studio\bin;C:\Program Files\apache-maven-3.9.6\bin;C:\Program Files\Git\cmd;C:\Program Files\nodejs\;C:\Users\Kiet\AppData\Local\Microsoft\WindowsApps;C:\Users\Kiet\AppData\Local\Programs\Microsoft VS Code\bin;C:\Users\Kiet\AppData\Local\GitHubDesktop\bin;C:\Users\Kiet\.dotnet\tools;C:\Program Files\Azure Data Studio\bin;C:\Users\Kiet\AppData\Roaming\npm
USERNAME=Kiet
OS=Windows_NT
PROCESSOR_IDENTIFIER=Intel64 Family 6 Model 126 Stepping 5, GenuineIntel
TMP=C:\Users\Kiet\AppData\Local\Temp
TEMP=C:\Users\Kiet\AppData\Local\Temp



Periodic native trim disabled


---------------  S Y S T E M  ---------------

OS:
 Windows 11 , 64 bit Build 22621 (10.0.22621.3235)
OS uptime: 3 days 8:23 hours

CPU: total 8 (initial active 8) (4 cores per cpu, 2 threads per core) family 6 model 126 stepping 5 microcode 0xa6, cx8, cmov, fxsr, ht, mmx, 3dnowpref, sse, sse2, sse3, ssse3, sse4.1, sse4.2, popcnt, lzcnt, tsc, tscinvbit, avx, avx2, aes, erms, clmul, bmi1, bmi2, adx, avx512f, avx512dq, avx512cd, avx512bw, avx512vl, sha, fma, vzeroupper, avx512_vpopcntdq, avx512_vpclmulqdq, avx512_vaes, avx512_vnni, clflush, clflushopt, avx512_vbmi2, avx512_vbmi
Processor Information for all 8 processors :
  Max Mhz: 1190, Current Mhz: 991, Mhz Limit: 987

Memory: 4k page, system-wide physical 7987M (841M free)
TotalPageFile size 10035M (AvailPageFile size 5M)
current process WorkingSet (physical memory assigned to process): 62M, peak: 62M
current process commit charge ("private bytes"): 198M, peak: 199M

vm_info: OpenJDK 64-Bit Server VM (17.0.10+7) for windows-amd64 JRE (17.0.10+7), built on Jan 16 2024 23:25:11 by "admin" with MS VC++ 16.10 / 16.11 (VS2019)

END.
