#
# There is insufficient memory for the Java Runtime Environment to continue.
# Native memory allocation (malloc) failed to allocate 366656 bytes for Chunk::new
# Possible reasons:
#   The system is out of physical RAM or swap space
#   The process is running with CompressedOops enabled, and the Java Heap may be blocking the growth of the native heap
# Possible solutions:
#   Reduce memory load on the system
#   Increase physical memory or swap space
#   Check if swap backing store is full
#   Decrease Java heap size (-Xmx/-Xms)
#   Decrease number of Java threads
#   Decrease Java thread stack sizes (-Xss)
#   Set larger code cache with -XX:ReservedCodeCacheSize=
#   JVM is running with Unscaled Compressed Oops mode in which the Java heap is
#     placed in the first 4GB address space. The Java Heap base address is the
#     maximum limit for the native heap growth. Please use -XX:HeapBaseMinAddress
#     to set the Java Heap base and to place the Java Heap above 4GB virtual address.
# This output file may be truncated or incomplete.
#
#  Out of Memory Error (arena.cpp:168), pid=10836, tid=19448
#
# JRE version: Java(TM) SE Runtime Environment (21.0.2+13) (build 21.0.2+13-LTS-58)
# Java VM: Java HotSpot(TM) 64-Bit Server VM (21.0.2+13-LTS-58, mixed mode, sharing, tiered, compressed oops, compressed class ptrs, g1 gc, windows-amd64)
# No core dump will be written. Minidumps are not enabled by default on client versions of Windows
#

---------------  S U M M A R Y ------------

Command Line: -XX:+ShowCodeDetailsInExceptionMessages GUI.LogIn

Host: Intel(R) Core(TM) i5-1035G1 CPU @ 1.00GHz, 8 cores, 7G,  Windows 11 , 64 bit Build 22621 (10.0.22621.3374)
Time: Sat May 11 19:13:40 2024 SE Asia Standard Time elapsed time: 1.252762 seconds (0d 0h 0m 1s)

---------------  T H R E A D  ---------------

Current thread (0x0000027d4a2f9530):  JavaThread "C2 CompilerThread1" daemon [_thread_in_native, id=19448, stack(0x00000083e3d00000,0x00000083e3e00000) (1024K)]


Current CompileTask:
C2:   1252 1908       4       com.sun.org.apache.xerces.internal.impl.io.UTF8Reader::read (1443 bytes)

Stack: [0x00000083e3d00000,0x00000083e3e00000]
Native frames: (J=compiled Java code, j=interpreted, Vv=VM code, C=native code)
V  [jvm.dll+0x6cade9]
V  [jvm.dll+0x8569c1]
V  [jvm.dll+0x858d2e]
V  [jvm.dll+0x859413]
V  [jvm.dll+0x280e56]
V  [jvm.dll+0xc3f3d]
V  [jvm.dll+0xc4473]
V  [jvm.dll+0x2f437f]
V  [jvm.dll+0x5f5056]
V  [jvm.dll+0x252d7f]
V  [jvm.dll+0x25315f]
V  [jvm.dll+0x24b8e0]
V  [jvm.dll+0x2490a3]
V  [jvm.dll+0x1c9634]
V  [jvm.dll+0x258859]
V  [jvm.dll+0x256e3a]
V  [jvm.dll+0x3ef6c6]
V  [jvm.dll+0x7ff568]
V  [jvm.dll+0x6c953d]
C  [ucrtbase.dll+0x29333]
C  [KERNEL32.DLL+0x1257d]
C  [ntdll.dll+0x5aa48]


---------------  P R O C E S S  ---------------

Threads class SMR info:
_java_thread_list=0x0000027d4b813e60, length=17, elements={
0x0000027d04f6d4f0, 0x0000027d04f6ea20, 0x0000027d04f710b0, 0x0000027d04f74fd0,
0x0000027d04f774b0, 0x0000027d04f77f10, 0x0000027d04f78ca0, 0x0000027d04f84170,
0x0000027d4a28d2a0, 0x0000027d4a292740, 0x0000027d4a2f9530, 0x0000027d4a4fe460,
0x0000027d4acfe870, 0x0000027d4a803b10, 0x0000027d4b4baa40, 0x0000027d4b3a0640,
0x0000027d68599230
}

Java Threads: ( => current thread )
  0x0000027d04f6d4f0 JavaThread "Reference Handler"          daemon [_thread_blocked, id=528, stack(0x00000083e3300000,0x00000083e3400000) (1024K)]
  0x0000027d04f6ea20 JavaThread "Finalizer"                  daemon [_thread_blocked, id=6432, stack(0x00000083e3400000,0x00000083e3500000) (1024K)]
  0x0000027d04f710b0 JavaThread "Signal Dispatcher"          daemon [_thread_blocked, id=16500, stack(0x00000083e3500000,0x00000083e3600000) (1024K)]
  0x0000027d04f74fd0 JavaThread "Attach Listener"            daemon [_thread_blocked, id=10884, stack(0x00000083e3600000,0x00000083e3700000) (1024K)]
  0x0000027d04f774b0 JavaThread "Service Thread"             daemon [_thread_blocked, id=17232, stack(0x00000083e3700000,0x00000083e3800000) (1024K)]
  0x0000027d04f77f10 JavaThread "Monitor Deflation Thread"   daemon [_thread_blocked, id=5712, stack(0x00000083e3800000,0x00000083e3900000) (1024K)]
  0x0000027d04f78ca0 JavaThread "C2 CompilerThread0"         daemon [_thread_in_native, id=19800, stack(0x00000083e3900000,0x00000083e3a00000) (1024K)]
  0x0000027d04f84170 JavaThread "C1 CompilerThread0"         daemon [_thread_blocked, id=18584, stack(0x00000083e3a00000,0x00000083e3b00000) (1024K)]
  0x0000027d4a28d2a0 JavaThread "Notification Thread"        daemon [_thread_blocked, id=16256, stack(0x00000083e3b00000,0x00000083e3c00000) (1024K)]
  0x0000027d4a292740 JavaThread "Common-Cleaner"             daemon [_thread_blocked, id=7264, stack(0x00000083e3c00000,0x00000083e3d00000) (1024K)]
=>0x0000027d4a2f9530 JavaThread "C2 CompilerThread1"         daemon [_thread_in_native, id=19448, stack(0x00000083e3d00000,0x00000083e3e00000) (1024K)]
  0x0000027d4a4fe460 JavaThread "Java2D Disposer"            daemon [_thread_blocked, id=19720, stack(0x00000083e3e00000,0x00000083e3f00000) (1024K)]
  0x0000027d4acfe870 JavaThread "AWT-Shutdown"                      [_thread_blocked, id=19404, stack(0x00000083e3f00000,0x00000083e4000000) (1024K)]
  0x0000027d4a803b10 JavaThread "AWT-Windows"                daemon [_thread_in_native, id=17664, stack(0x00000083e4000000,0x00000083e4100000) (1024K)]
  0x0000027d4b4baa40 JavaThread "C2 CompilerThread2"         daemon [_thread_in_native, id=19248, stack(0x00000083e4700000,0x00000083e4800000) (1024K)]
  0x0000027d4b3a0640 JavaThread "AWT-EventQueue-0"                  [_thread_in_vm, id=13756, stack(0x00000083e4800000,0x00000083e4900000) (1024K)]
  0x0000027d68599230 JavaThread "DestroyJavaVM"                     [_thread_blocked, id=8420, stack(0x00000083e2b00000,0x00000083e2c00000) (1024K)]
Total: 17

Other Threads:
  0x0000027d04f4dba0 VMThread "VM Thread"                           [id=18648, stack(0x00000083e3200000,0x00000083e3300000) (1024K)]
  0x0000027d04f376a0 WatcherThread "VM Periodic Task Thread"        [id=12088, stack(0x00000083e3100000,0x00000083e3200000) (1024K)]
  0x0000027d685f6c80 WorkerThread "GC Thread#0"                     [id=6468, stack(0x00000083e2c00000,0x00000083e2d00000) (1024K)]
  0x0000027d4b72a260 WorkerThread "GC Thread#1"                     [id=16160, stack(0x00000083e4100000,0x00000083e4200000) (1024K)]
  0x0000027d4b72a600 WorkerThread "GC Thread#2"                     [id=13076, stack(0x00000083e4200000,0x00000083e4300000) (1024K)]
  0x0000027d4b72a9a0 WorkerThread "GC Thread#3"                     [id=18460, stack(0x00000083e4300000,0x00000083e4400000) (1024K)]
  0x0000027d4b7a8ae0 WorkerThread "GC Thread#4"                     [id=16620, stack(0x00000083e4400000,0x00000083e4500000) (1024K)]
  0x0000027d4b7a9a90 WorkerThread "GC Thread#5"                     [id=12224, stack(0x00000083e4500000,0x00000083e4600000) (1024K)]
  0x0000027d4b7a9e30 WorkerThread "GC Thread#6"                     [id=13344, stack(0x00000083e4600000,0x00000083e4700000) (1024K)]
  0x0000027d68607e30 ConcurrentGCThread "G1 Main Marker"            [id=2436, stack(0x00000083e2d00000,0x00000083e2e00000) (1024K)]
  0x0000027d68608ae0 WorkerThread "G1 Conc#0"                       [id=9728, stack(0x00000083e2e00000,0x00000083e2f00000) (1024K)]
  0x0000027d04e08a80 ConcurrentGCThread "G1 Refine#0"               [id=15588, stack(0x00000083e2f00000,0x00000083e3000000) (1024K)]
  0x0000027d04e095f0 ConcurrentGCThread "G1 Service"                [id=17520, stack(0x00000083e3000000,0x00000083e3100000) (1024K)]
Total: 13

Threads with active compile tasks:
C2 CompilerThread0     1275 1985       4       java.awt.geom.Path2D$Float$CopyIterator::currentSegment (57 bytes)
C2 CompilerThread1     1275 1908       4       com.sun.org.apache.xerces.internal.impl.io.UTF8Reader::read (1443 bytes)
C2 CompilerThread2     1275 1973       4       com.kitfox.svg.SVGElement::buildPath (87 bytes)
Total: 3

VM state: not at safepoint (normal execution)

VM Mutex/Monitor currently owned by a thread: None

Heap address: 0x0000000083200000, size: 1998 MB, Compressed Oops mode: 32-bit

CDS archive(s) mapped at: [0x0000027d05000000-0x0000027d05c90000-0x0000027d05c90000), size 13172736, SharedBaseAddress: 0x0000027d05000000, ArchiveRelocationMode: 1.
Compressed class space mapped at: 0x0000027d06000000-0x0000027d46000000, reserved size: 1073741824
Narrow klass base: 0x0000027d05000000, Narrow klass shift: 0, Narrow klass range: 0x100000000

GC Precious Log:
 CardTable entry size: 512
 Card Set container configuration: InlinePtr #cards 5 size 8 Array Of Cards #cards 12 size 40 Howl #buckets 4 coarsen threshold 1843 Howl Bitmap #cards 512 size 80 coarsen threshold 460 Card regions per heap region 1 cards per card region 2048
 CPUs: 8 total, 8 available
 Memory: 7987M
 Large Page Support: Disabled
 NUMA Support: Disabled
 Compressed Oops: Enabled (32-bit)
 Heap Region Size: 1M
 Heap Min Capacity: 8M
 Heap Initial Capacity: 126M
 Heap Max Capacity: 1998M
 Pre-touch: Disabled
 Parallel Workers: 8
 Concurrent Workers: 2
 Concurrent Refinement Workers: 8
 Periodic GC: Disabled

Heap:
 garbage-first heap   total 129024K, used 41184K [0x0000000083200000, 0x0000000100000000)
  region size 1024K, 31 young (31744K), 3 survivors (3072K)
 Metaspace       used 13515K, committed 13760K, reserved 1114112K
  class space    used 1463K, committed 1600K, reserved 1048576K

Heap Regions: E=young(eden), S=young(survivor), O=old, HS=humongous(starts), HC=humongous(continues), CS=collection set, F=free, TAMS=top-at-mark-start, PB=parsable bottom
|   0|0x0000000083200000, 0x0000000083300000, 0x0000000083300000|100%|HS|  |TAMS 0x0000000083200000| PB 0x0000000083200000| Complete 
|   1|0x0000000083300000, 0x0000000083400000, 0x0000000083400000|100%|HC|  |TAMS 0x0000000083300000| PB 0x0000000083300000| Complete 
|   2|0x0000000083400000, 0x0000000083500000, 0x0000000083500000|100%|HS|  |TAMS 0x0000000083400000| PB 0x0000000083400000| Complete 
|   3|0x0000000083500000, 0x0000000083600000, 0x0000000083600000|100%| O|  |TAMS 0x0000000083500000| PB 0x0000000083500000| Untracked 
|   4|0x0000000083600000, 0x0000000083700000, 0x0000000083700000|100%| O|  |TAMS 0x0000000083600000| PB 0x0000000083600000| Untracked 
|   5|0x0000000083700000, 0x0000000083800000, 0x0000000083800000|100%| O|  |TAMS 0x0000000083700000| PB 0x0000000083700000| Untracked 
|   6|0x0000000083800000, 0x0000000083900000, 0x0000000083900000|100%| O|  |TAMS 0x0000000083800000| PB 0x0000000083800000| Untracked 
|   7|0x0000000083900000, 0x0000000083938000, 0x0000000083a00000| 21%| O|  |TAMS 0x0000000083900000| PB 0x0000000083900000| Untracked 
|   8|0x0000000083a00000, 0x0000000083b00000, 0x0000000083b00000|100%|HS|  |TAMS 0x0000000083a00000| PB 0x0000000083a00000| Complete 
|   9|0x0000000083b00000, 0x0000000083c00000, 0x0000000083c00000|100%|HC|  |TAMS 0x0000000083b00000| PB 0x0000000083b00000| Complete 
|  10|0x0000000083c00000, 0x0000000083d00000, 0x0000000083d00000|100%|HC|  |TAMS 0x0000000083c00000| PB 0x0000000083c00000| Complete 
|  11|0x0000000083d00000, 0x0000000083d00000, 0x0000000083e00000|  0%| F|  |TAMS 0x0000000083d00000| PB 0x0000000083d00000| Untracked 
|  12|0x0000000083e00000, 0x0000000083e00000, 0x0000000083f00000|  0%| F|  |TAMS 0x0000000083e00000| PB 0x0000000083e00000| Untracked 
|  13|0x0000000083f00000, 0x0000000083f00000, 0x0000000084000000|  0%| F|  |TAMS 0x0000000083f00000| PB 0x0000000083f00000| Untracked 
|  14|0x0000000084000000, 0x0000000084000000, 0x0000000084100000|  0%| F|  |TAMS 0x0000000084000000| PB 0x0000000084000000| Untracked 
|  15|0x0000000084100000, 0x0000000084100000, 0x0000000084200000|  0%| F|  |TAMS 0x0000000084100000| PB 0x0000000084100000| Untracked 
|  16|0x0000000084200000, 0x0000000084200000, 0x0000000084300000|  0%| F|  |TAMS 0x0000000084200000| PB 0x0000000084200000| Untracked 
|  17|0x0000000084300000, 0x0000000084300000, 0x0000000084400000|  0%| F|  |TAMS 0x0000000084300000| PB 0x0000000084300000| Untracked 
|  18|0x0000000084400000, 0x0000000084400000, 0x0000000084500000|  0%| F|  |TAMS 0x0000000084400000| PB 0x0000000084400000| Untracked 
|  19|0x0000000084500000, 0x0000000084500000, 0x0000000084600000|  0%| F|  |TAMS 0x0000000084500000| PB 0x0000000084500000| Untracked 
|  20|0x0000000084600000, 0x0000000084600000, 0x0000000084700000|  0%| F|  |TAMS 0x0000000084600000| PB 0x0000000084600000| Untracked 
|  21|0x0000000084700000, 0x0000000084700000, 0x0000000084800000|  0%| F|  |TAMS 0x0000000084700000| PB 0x0000000084700000| Untracked 
|  22|0x0000000084800000, 0x0000000084800000, 0x0000000084900000|  0%| F|  |TAMS 0x0000000084800000| PB 0x0000000084800000| Untracked 
|  23|0x0000000084900000, 0x0000000084900000, 0x0000000084a00000|  0%| F|  |TAMS 0x0000000084900000| PB 0x0000000084900000| Untracked 
|  24|0x0000000084a00000, 0x0000000084a00000, 0x0000000084b00000|  0%| F|  |TAMS 0x0000000084a00000| PB 0x0000000084a00000| Untracked 
|  25|0x0000000084b00000, 0x0000000084b00000, 0x0000000084c00000|  0%| F|  |TAMS 0x0000000084b00000| PB 0x0000000084b00000| Untracked 
|  26|0x0000000084c00000, 0x0000000084c00000, 0x0000000084d00000|  0%| F|  |TAMS 0x0000000084c00000| PB 0x0000000084c00000| Untracked 
|  27|0x0000000084d00000, 0x0000000084d00000, 0x0000000084e00000|  0%| F|  |TAMS 0x0000000084d00000| PB 0x0000000084d00000| Untracked 
|  28|0x0000000084e00000, 0x0000000084e00000, 0x0000000084f00000|  0%| F|  |TAMS 0x0000000084e00000| PB 0x0000000084e00000| Untracked 
|  29|0x0000000084f00000, 0x0000000084f00000, 0x0000000085000000|  0%| F|  |TAMS 0x0000000084f00000| PB 0x0000000084f00000| Untracked 
|  30|0x0000000085000000, 0x0000000085000000, 0x0000000085100000|  0%| F|  |TAMS 0x0000000085000000| PB 0x0000000085000000| Untracked 
|  31|0x0000000085100000, 0x0000000085100000, 0x0000000085200000|  0%| F|  |TAMS 0x0000000085100000| PB 0x0000000085100000| Untracked 
|  32|0x0000000085200000, 0x0000000085200000, 0x0000000085300000|  0%| F|  |TAMS 0x0000000085200000| PB 0x0000000085200000| Untracked 
|  33|0x0000000085300000, 0x0000000085300000, 0x0000000085400000|  0%| F|  |TAMS 0x0000000085300000| PB 0x0000000085300000| Untracked 
|  34|0x0000000085400000, 0x0000000085400000, 0x0000000085500000|  0%| F|  |TAMS 0x0000000085400000| PB 0x0000000085400000| Untracked 
|  35|0x0000000085500000, 0x0000000085500000, 0x0000000085600000|  0%| F|  |TAMS 0x0000000085500000| PB 0x0000000085500000| Untracked 
|  36|0x0000000085600000, 0x0000000085600000, 0x0000000085700000|  0%| F|  |TAMS 0x0000000085600000| PB 0x0000000085600000| Untracked 
|  37|0x0000000085700000, 0x0000000085700000, 0x0000000085800000|  0%| F|  |TAMS 0x0000000085700000| PB 0x0000000085700000| Untracked 
|  38|0x0000000085800000, 0x0000000085800000, 0x0000000085900000|  0%| F|  |TAMS 0x0000000085800000| PB 0x0000000085800000| Untracked 
|  39|0x0000000085900000, 0x0000000085900000, 0x0000000085a00000|  0%| F|  |TAMS 0x0000000085900000| PB 0x0000000085900000| Untracked 
|  40|0x0000000085a00000, 0x0000000085a00000, 0x0000000085b00000|  0%| F|  |TAMS 0x0000000085a00000| PB 0x0000000085a00000| Untracked 
|  41|0x0000000085b00000, 0x0000000085b00000, 0x0000000085c00000|  0%| F|  |TAMS 0x0000000085b00000| PB 0x0000000085b00000| Untracked 
|  42|0x0000000085c00000, 0x0000000085c00000, 0x0000000085d00000|  0%| F|  |TAMS 0x0000000085c00000| PB 0x0000000085c00000| Untracked 
|  43|0x0000000085d00000, 0x0000000085d00000, 0x0000000085e00000|  0%| F|  |TAMS 0x0000000085d00000| PB 0x0000000085d00000| Untracked 
|  44|0x0000000085e00000, 0x0000000085e00000, 0x0000000085f00000|  0%| F|  |TAMS 0x0000000085e00000| PB 0x0000000085e00000| Untracked 
|  45|0x0000000085f00000, 0x0000000085f00000, 0x0000000086000000|  0%| F|  |TAMS 0x0000000085f00000| PB 0x0000000085f00000| Untracked 
|  46|0x0000000086000000, 0x0000000086000000, 0x0000000086100000|  0%| F|  |TAMS 0x0000000086000000| PB 0x0000000086000000| Untracked 
|  47|0x0000000086100000, 0x0000000086100000, 0x0000000086200000|  0%| F|  |TAMS 0x0000000086100000| PB 0x0000000086100000| Untracked 
|  48|0x0000000086200000, 0x0000000086200000, 0x0000000086300000|  0%| F|  |TAMS 0x0000000086200000| PB 0x0000000086200000| Untracked 
|  49|0x0000000086300000, 0x0000000086300000, 0x0000000086400000|  0%| F|  |TAMS 0x0000000086300000| PB 0x0000000086300000| Untracked 
|  50|0x0000000086400000, 0x0000000086400000, 0x0000000086500000|  0%| F|  |TAMS 0x0000000086400000| PB 0x0000000086400000| Untracked 
|  51|0x0000000086500000, 0x0000000086500000, 0x0000000086600000|  0%| F|  |TAMS 0x0000000086500000| PB 0x0000000086500000| Untracked 
|  52|0x0000000086600000, 0x0000000086600000, 0x0000000086700000|  0%| F|  |TAMS 0x0000000086600000| PB 0x0000000086600000| Untracked 
|  53|0x0000000086700000, 0x0000000086700000, 0x0000000086800000|  0%| F|  |TAMS 0x0000000086700000| PB 0x0000000086700000| Untracked 
|  54|0x0000000086800000, 0x0000000086800000, 0x0000000086900000|  0%| F|  |TAMS 0x0000000086800000| PB 0x0000000086800000| Untracked 
|  55|0x0000000086900000, 0x0000000086900000, 0x0000000086a00000|  0%| F|  |TAMS 0x0000000086900000| PB 0x0000000086900000| Untracked 
|  56|0x0000000086a00000, 0x0000000086a00000, 0x0000000086b00000|  0%| F|  |TAMS 0x0000000086a00000| PB 0x0000000086a00000| Untracked 
|  57|0x0000000086b00000, 0x0000000086b00000, 0x0000000086c00000|  0%| F|  |TAMS 0x0000000086b00000| PB 0x0000000086b00000| Untracked 
|  58|0x0000000086c00000, 0x0000000086c00000, 0x0000000086d00000|  0%| F|  |TAMS 0x0000000086c00000| PB 0x0000000086c00000| Untracked 
|  59|0x0000000086d00000, 0x0000000086d00000, 0x0000000086e00000|  0%| F|  |TAMS 0x0000000086d00000| PB 0x0000000086d00000| Untracked 
|  60|0x0000000086e00000, 0x0000000086e00000, 0x0000000086f00000|  0%| F|  |TAMS 0x0000000086e00000| PB 0x0000000086e00000| Untracked 
|  61|0x0000000086f00000, 0x0000000086f00000, 0x0000000087000000|  0%| F|  |TAMS 0x0000000086f00000| PB 0x0000000086f00000| Untracked 
|  62|0x0000000087000000, 0x0000000087000000, 0x0000000087100000|  0%| F|  |TAMS 0x0000000087000000| PB 0x0000000087000000| Untracked 
|  63|0x0000000087100000, 0x0000000087100000, 0x0000000087200000|  0%| F|  |TAMS 0x0000000087100000| PB 0x0000000087100000| Untracked 
|  64|0x0000000087200000, 0x0000000087200000, 0x0000000087300000|  0%| F|  |TAMS 0x0000000087200000| PB 0x0000000087200000| Untracked 
|  65|0x0000000087300000, 0x0000000087300000, 0x0000000087400000|  0%| F|  |TAMS 0x0000000087300000| PB 0x0000000087300000| Untracked 
|  66|0x0000000087400000, 0x0000000087400000, 0x0000000087500000|  0%| F|  |TAMS 0x0000000087400000| PB 0x0000000087400000| Untracked 
|  67|0x0000000087500000, 0x0000000087500000, 0x0000000087600000|  0%| F|  |TAMS 0x0000000087500000| PB 0x0000000087500000| Untracked 
|  68|0x0000000087600000, 0x0000000087600000, 0x0000000087700000|  0%| F|  |TAMS 0x0000000087600000| PB 0x0000000087600000| Untracked 
|  69|0x0000000087700000, 0x0000000087700000, 0x0000000087800000|  0%| F|  |TAMS 0x0000000087700000| PB 0x0000000087700000| Untracked 
|  70|0x0000000087800000, 0x0000000087800000, 0x0000000087900000|  0%| F|  |TAMS 0x0000000087800000| PB 0x0000000087800000| Untracked 
|  71|0x0000000087900000, 0x0000000087900000, 0x0000000087a00000|  0%| F|  |TAMS 0x0000000087900000| PB 0x0000000087900000| Untracked 
|  72|0x0000000087a00000, 0x0000000087a00000, 0x0000000087b00000|  0%| F|  |TAMS 0x0000000087a00000| PB 0x0000000087a00000| Untracked 
|  73|0x0000000087b00000, 0x0000000087b00000, 0x0000000087c00000|  0%| F|  |TAMS 0x0000000087b00000| PB 0x0000000087b00000| Untracked 
|  74|0x0000000087c00000, 0x0000000087c00000, 0x0000000087d00000|  0%| F|  |TAMS 0x0000000087c00000| PB 0x0000000087c00000| Untracked 
|  75|0x0000000087d00000, 0x0000000087d00000, 0x0000000087e00000|  0%| F|  |TAMS 0x0000000087d00000| PB 0x0000000087d00000| Untracked 
|  76|0x0000000087e00000, 0x0000000087e00000, 0x0000000087f00000|  0%| F|  |TAMS 0x0000000087e00000| PB 0x0000000087e00000| Untracked 
|  77|0x0000000087f00000, 0x0000000087f00000, 0x0000000088000000|  0%| F|  |TAMS 0x0000000087f00000| PB 0x0000000087f00000| Untracked 
|  78|0x0000000088000000, 0x0000000088000000, 0x0000000088100000|  0%| F|  |TAMS 0x0000000088000000| PB 0x0000000088000000| Untracked 
|  79|0x0000000088100000, 0x0000000088100000, 0x0000000088200000|  0%| F|  |TAMS 0x0000000088100000| PB 0x0000000088100000| Untracked 
|  80|0x0000000088200000, 0x0000000088200000, 0x0000000088300000|  0%| F|  |TAMS 0x0000000088200000| PB 0x0000000088200000| Untracked 
|  81|0x0000000088300000, 0x0000000088300000, 0x0000000088400000|  0%| F|  |TAMS 0x0000000088300000| PB 0x0000000088300000| Untracked 
|  82|0x0000000088400000, 0x0000000088400000, 0x0000000088500000|  0%| F|  |TAMS 0x0000000088400000| PB 0x0000000088400000| Untracked 
|  83|0x0000000088500000, 0x0000000088500000, 0x0000000088600000|  0%| F|  |TAMS 0x0000000088500000| PB 0x0000000088500000| Untracked 
|  84|0x0000000088600000, 0x0000000088600000, 0x0000000088700000|  0%| F|  |TAMS 0x0000000088600000| PB 0x0000000088600000| Untracked 
|  85|0x0000000088700000, 0x0000000088700000, 0x0000000088800000|  0%| F|  |TAMS 0x0000000088700000| PB 0x0000000088700000| Untracked 
|  86|0x0000000088800000, 0x0000000088800000, 0x0000000088900000|  0%| F|  |TAMS 0x0000000088800000| PB 0x0000000088800000| Untracked 
|  87|0x0000000088900000, 0x0000000088900000, 0x0000000088a00000|  0%| F|  |TAMS 0x0000000088900000| PB 0x0000000088900000| Untracked 
|  88|0x0000000088a00000, 0x0000000088a00000, 0x0000000088b00000|  0%| F|  |TAMS 0x0000000088a00000| PB 0x0000000088a00000| Untracked 
|  89|0x0000000088b00000, 0x0000000088b00000, 0x0000000088c00000|  0%| F|  |TAMS 0x0000000088b00000| PB 0x0000000088b00000| Untracked 
|  90|0x0000000088c00000, 0x0000000088c00000, 0x0000000088d00000|  0%| F|  |TAMS 0x0000000088c00000| PB 0x0000000088c00000| Untracked 
|  91|0x0000000088d00000, 0x0000000088d00000, 0x0000000088e00000|  0%| F|  |TAMS 0x0000000088d00000| PB 0x0000000088d00000| Untracked 
|  92|0x0000000088e00000, 0x0000000088e00000, 0x0000000088f00000|  0%| F|  |TAMS 0x0000000088e00000| PB 0x0000000088e00000| Untracked 
|  93|0x0000000088f00000, 0x0000000088f00000, 0x0000000089000000|  0%| F|  |TAMS 0x0000000088f00000| PB 0x0000000088f00000| Untracked 
|  94|0x0000000089000000, 0x0000000089000000, 0x0000000089100000|  0%| F|  |TAMS 0x0000000089000000| PB 0x0000000089000000| Untracked 
|  95|0x0000000089100000, 0x00000000891b6048, 0x0000000089200000| 71%| E|  |TAMS 0x0000000089100000| PB 0x0000000089100000| Complete 
|  96|0x0000000089200000, 0x0000000089300000, 0x0000000089300000|100%| E|CS|TAMS 0x0000000089200000| PB 0x0000000089200000| Complete 
|  97|0x0000000089300000, 0x0000000089400000, 0x0000000089400000|100%| E|CS|TAMS 0x0000000089300000| PB 0x0000000089300000| Complete 
|  98|0x0000000089400000, 0x0000000089500000, 0x0000000089500000|100%| E|CS|TAMS 0x0000000089400000| PB 0x0000000089400000| Complete 
|  99|0x0000000089500000, 0x0000000089600000, 0x0000000089600000|100%| E|CS|TAMS 0x0000000089500000| PB 0x0000000089500000| Complete 
| 100|0x0000000089600000, 0x0000000089700000, 0x0000000089700000|100%| S|CS|TAMS 0x0000000089600000| PB 0x0000000089600000| Complete 
| 101|0x0000000089700000, 0x0000000089800000, 0x0000000089800000|100%| S|CS|TAMS 0x0000000089700000| PB 0x0000000089700000| Complete 
| 102|0x0000000089800000, 0x0000000089900000, 0x0000000089900000|100%| S|CS|TAMS 0x0000000089800000| PB 0x0000000089800000| Complete 
| 103|0x0000000089900000, 0x0000000089a00000, 0x0000000089a00000|100%| E|CS|TAMS 0x0000000089900000| PB 0x0000000089900000| Complete 
| 104|0x0000000089a00000, 0x0000000089b00000, 0x0000000089b00000|100%| E|CS|TAMS 0x0000000089a00000| PB 0x0000000089a00000| Complete 
| 105|0x0000000089b00000, 0x0000000089c00000, 0x0000000089c00000|100%| E|CS|TAMS 0x0000000089b00000| PB 0x0000000089b00000| Complete 
| 106|0x0000000089c00000, 0x0000000089d00000, 0x0000000089d00000|100%| E|CS|TAMS 0x0000000089c00000| PB 0x0000000089c00000| Complete 
| 107|0x0000000089d00000, 0x0000000089e00000, 0x0000000089e00000|100%| E|CS|TAMS 0x0000000089d00000| PB 0x0000000089d00000| Complete 
| 108|0x0000000089e00000, 0x0000000089f00000, 0x0000000089f00000|100%| E|CS|TAMS 0x0000000089e00000| PB 0x0000000089e00000| Complete 
| 109|0x0000000089f00000, 0x000000008a000000, 0x000000008a000000|100%| E|CS|TAMS 0x0000000089f00000| PB 0x0000000089f00000| Complete 
| 110|0x000000008a000000, 0x000000008a100000, 0x000000008a100000|100%| E|CS|TAMS 0x000000008a000000| PB 0x000000008a000000| Complete 
| 111|0x000000008a100000, 0x000000008a200000, 0x000000008a200000|100%| E|CS|TAMS 0x000000008a100000| PB 0x000000008a100000| Complete 
| 112|0x000000008a200000, 0x000000008a300000, 0x000000008a300000|100%| E|CS|TAMS 0x000000008a200000| PB 0x000000008a200000| Complete 
| 113|0x000000008a300000, 0x000000008a400000, 0x000000008a400000|100%| E|CS|TAMS 0x000000008a300000| PB 0x000000008a300000| Complete 
| 114|0x000000008a400000, 0x000000008a500000, 0x000000008a500000|100%| E|CS|TAMS 0x000000008a400000| PB 0x000000008a400000| Complete 
| 115|0x000000008a500000, 0x000000008a600000, 0x000000008a600000|100%| E|CS|TAMS 0x000000008a500000| PB 0x000000008a500000| Complete 
| 116|0x000000008a600000, 0x000000008a700000, 0x000000008a700000|100%| E|CS|TAMS 0x000000008a600000| PB 0x000000008a600000| Complete 
| 117|0x000000008a700000, 0x000000008a800000, 0x000000008a800000|100%| E|CS|TAMS 0x000000008a700000| PB 0x000000008a700000| Complete 
| 118|0x000000008a800000, 0x000000008a900000, 0x000000008a900000|100%| E|CS|TAMS 0x000000008a800000| PB 0x000000008a800000| Complete 
| 119|0x000000008a900000, 0x000000008aa00000, 0x000000008aa00000|100%| E|CS|TAMS 0x000000008a900000| PB 0x000000008a900000| Complete 
| 120|0x000000008aa00000, 0x000000008ab00000, 0x000000008ab00000|100%| E|CS|TAMS 0x000000008aa00000| PB 0x000000008aa00000| Complete 
| 121|0x000000008ab00000, 0x000000008ac00000, 0x000000008ac00000|100%| E|CS|TAMS 0x000000008ab00000| PB 0x000000008ab00000| Complete 
| 122|0x000000008ac00000, 0x000000008ad00000, 0x000000008ad00000|100%| E|CS|TAMS 0x000000008ac00000| PB 0x000000008ac00000| Complete 
| 123|0x000000008ad00000, 0x000000008ae00000, 0x000000008ae00000|100%| E|CS|TAMS 0x000000008ad00000| PB 0x000000008ad00000| Complete 
| 124|0x000000008ae00000, 0x000000008af00000, 0x000000008af00000|100%| E|CS|TAMS 0x000000008ae00000| PB 0x000000008ae00000| Complete 
| 125|0x000000008af00000, 0x000000008b000000, 0x000000008b000000|100%| E|CS|TAMS 0x000000008af00000| PB 0x000000008af00000| Complete 

Card table byte_map: [0x0000027d003f0000,0x0000027d007e0000] _byte_map_base: 0x0000027cfffd7000

Marking Bits: (CMBitMap*) 0x0000027d685f7380
 Bits: [0x0000027d007e0000, 0x0000027d02718000)

Polling page: 0x0000027d67d60000

Metaspace:

Usage:
  Non-class:     11.78 MB used.
      Class:      1.43 MB used.
       Both:     13.21 MB used.

Virtual space:
  Non-class space:       64.00 MB reserved,      11.94 MB ( 19%) committed,  1 nodes.
      Class space:        1.00 GB reserved,       1.56 MB ( <1%) committed,  1 nodes.
             Both:        1.06 GB reserved,      13.50 MB (  1%) committed. 

Chunk freelists:
   Non-Class:  4.02 MB
       Class:  14.48 MB
        Both:  18.49 MB

MaxMetaspaceSize: unlimited
CompressedClassSpaceSize: 1.00 GB
Initial GC threshold: 21.00 MB
Current GC threshold: 21.00 MB
CDS: on
 - commit_granule_bytes: 65536.
 - commit_granule_words: 8192.
 - virtual_space_node_default_size: 8388608.
 - enlarge_chunks_in_place: 1.
 - use_allocation_guard: 0.


Internal statistics:

num_allocs_failed_limit: 0.
num_arena_births: 246.
num_arena_deaths: 0.
num_vsnodes_births: 2.
num_vsnodes_deaths: 0.
num_space_committed: 216.
num_space_uncommitted: 0.
num_chunks_returned_to_freelist: 0.
num_chunks_taken_from_freelist: 388.
num_chunk_merges: 0.
num_chunk_splits: 234.
num_chunks_enlarged: 131.
num_inconsistent_stats: 0.

CodeHeap 'non-profiled nmethods': size=120000Kb used=796Kb max_used=796Kb free=119203Kb
 bounds [0x0000027d784d0000, 0x0000027d78740000, 0x0000027d7fa00000]
CodeHeap 'profiled nmethods': size=120000Kb used=3940Kb max_used=3940Kb free=116059Kb
 bounds [0x0000027d70a00000, 0x0000027d70de0000, 0x0000027d77f30000]
CodeHeap 'non-nmethods': size=5760Kb used=1878Kb max_used=1894Kb free=3881Kb
 bounds [0x0000027d77f30000, 0x0000027d781a0000, 0x0000027d784d0000]
 total_blobs=2707 nmethods=1989 adapters=623
 compilation: enabled
              stopped_count=0, restarted_count=0
 full_count=0

Compilation events (20 events):
Event: 1.245 Thread 0x0000027d04f84170 nmethod 1932 0x0000027d70db1e90 code [0x0000027d70db2060, 0x0000027d70db23e8]
Event: 1.245 Thread 0x0000027d04f84170 1939       3       java.util.LinkedList::linkLast (59 bytes)
Event: 1.245 Thread 0x0000027d04f84170 nmethod 1939 0x0000027d70db2510 code [0x0000027d70db26e0, 0x0000027d70db2b38]
Event: 1.245 Thread 0x0000027d04f84170 1940       3       java.util.LinkedList$Node::<init> (20 bytes)
Event: 1.245 Thread 0x0000027d04f84170 nmethod 1940 0x0000027d70db2c90 code [0x0000027d70db2e40, 0x0000027d70db30c0]
Event: 1.245 Thread 0x0000027d04f84170 1941       3       java.util.LinkedList::<init> (10 bytes)
Event: 1.245 Thread 0x0000027d04f84170 nmethod 1941 0x0000027d70db3190 code [0x0000027d70db3340, 0x0000027d70db35d0]
Event: 1.245 Thread 0x0000027d04f84170 1942       3       java.util.AbstractSequentialList::<init> (5 bytes)
Event: 1.246 Thread 0x0000027d04f84170 nmethod 1942 0x0000027d70db3710 code [0x0000027d70db38c0, 0x0000027d70db3af0]
Event: 1.246 Thread 0x0000027d04f84170 1936       3       com.kitfox.svg.TransformableElement::<init> (10 bytes)
Event: 1.246 Thread 0x0000027d04f84170 nmethod 1936 0x0000027d70db3c10 code [0x0000027d70db3dc0, 0x0000027d70db3fb8]
Event: 1.246 Thread 0x0000027d04f84170 1937       3       com.kitfox.svg.ShapeElement::<init> (10 bytes)
Event: 1.246 Thread 0x0000027d04f84170 nmethod 1937 0x0000027d70db4090 code [0x0000027d70db4260, 0x0000027d70db4590]
Event: 1.246 Thread 0x0000027d04f84170 1934       3       java.util.regex.Pattern$BmpCharProperty::<init> (6 bytes)
Event: 1.246 Thread 0x0000027d04f84170 nmethod 1934 0x0000027d70db4690 code [0x0000027d70db4840, 0x0000027d70db4b30]
Event: 1.247 Thread 0x0000027d04f78ca0 nmethod 1931 0x0000027d78590990 code [0x0000027d78590b80, 0x0000027d78590f28]
Event: 1.247 Thread 0x0000027d04f78ca0 1943       4       com.sun.org.apache.xerces.internal.impl.XMLEntityScanner::scanLiteral (398 bytes)
Event: 1.248 Thread 0x0000027d04f84170 1946       3       com.kitfox.svg.xml.XMLParseUtil::parseStyle (129 bytes)
Event: 1.250 Thread 0x0000027d04f84170 nmethod 1946 0x0000027d70db4c10 code [0x0000027d70db4f40, 0x0000027d70db5f40]
Event: 1.250 Thread 0x0000027d04f84170 1948       3       java.util.regex.Pattern::split (325 bytes)

GC Heap History (2 events):
Event: 0.586 GC heap before
{Heap before GC invocations=0 (full 0):
 garbage-first heap   total 129024K, used 26624K [0x0000000083200000, 0x0000000100000000)
  region size 1024K, 23 young (23552K), 0 survivors (0K)
 Metaspace       used 5557K, committed 5824K, reserved 1114112K
  class space    used 520K, committed 640K, reserved 1048576K
}
Event: 0.591 GC heap after
{Heap after GC invocations=1 (full 0):
 garbage-first heap   total 129024K, used 10464K [0x0000000083200000, 0x0000000100000000)
  region size 1024K, 3 young (3072K), 3 survivors (3072K)
 Metaspace       used 5557K, committed 5824K, reserved 1114112K
  class space    used 520K, committed 640K, reserved 1048576K
}

Dll operation events (11 events):
Event: 0.005 Loaded shared library C:\Program Files\Java\jdk-21\bin\java.dll
Event: 0.035 Loaded shared library C:\Program Files\Java\jdk-21\bin\jsvml.dll
Event: 0.079 Loaded shared library C:\Program Files\Java\jdk-21\bin\jimage.dll
Event: 0.084 Loaded shared library C:\Program Files\Java\jdk-21\bin\net.dll
Event: 0.086 Loaded shared library C:\Program Files\Java\jdk-21\bin\nio.dll
Event: 0.088 Loaded shared library C:\Program Files\Java\jdk-21\bin\zip.dll
Event: 0.177 Loaded shared library C:\Program Files\Java\jdk-21\bin\awt.dll
Event: 0.268 Loaded shared library C:\Program Files\Java\jdk-21\bin\freetype.dll
Event: 0.268 Loaded shared library C:\Program Files\Java\jdk-21\bin\fontmanager.dll
Event: 0.710 Loaded shared library C:\Users\Kiet\AppData\Local\Temp\flatlaf.temp\flatlaf-windows-x86_64-866536620744000.dll
Event: 0.739 Loaded shared library C:\Program Files\Java\jdk-21\bin\verify.dll

Deoptimization events (20 events):
Event: 1.243 Thread 0x0000027d4b3a0640 Uncommon trap: trap_request=0xffffff6e fr.pc=0x0000027d785905f8 relative=0x0000000000000238
Event: 1.243 Thread 0x0000027d4b3a0640 Uncommon trap: reason=loop_limit_check action=maybe_recompile pc=0x0000027d785905f8 method=java.util.regex.Pattern$Start.match(Ljava/util/regex/Matcher;ILjava/lang/CharSequence;)Z @ 34 c2
Event: 1.243 Thread 0x0000027d4b3a0640 DEOPT PACKING pc=0x0000027d785905f8 sp=0x00000083e48fc840
Event: 1.243 Thread 0x0000027d4b3a0640 DEOPT UNPACKING pc=0x0000027d77f87da2 sp=0x00000083e48fc780 mode 2
Event: 1.244 Thread 0x0000027d4b3a0640 DEOPT PACKING pc=0x0000027d70d9d891 sp=0x00000083e48fc9d0
Event: 1.244 Thread 0x0000027d4b3a0640 DEOPT UNPACKING pc=0x0000027d77f888e2 sp=0x00000083e48fbe98 mode 0
Event: 1.244 Thread 0x0000027d4b3a0640 DEOPT PACKING pc=0x0000027d70d10b68 sp=0x00000083e48fc840
Event: 1.244 Thread 0x0000027d4b3a0640 DEOPT UNPACKING pc=0x0000027d77f888e2 sp=0x00000083e48fbd00 mode 0
Event: 1.245 Thread 0x0000027d4b3a0640 DEOPT PACKING pc=0x0000027d70d9d891 sp=0x00000083e48fc9a0
Event: 1.245 Thread 0x0000027d4b3a0640 DEOPT UNPACKING pc=0x0000027d77f888e2 sp=0x00000083e48fbe68 mode 0
Event: 1.246 Thread 0x0000027d4b3a0640 DEOPT PACKING pc=0x0000027d70d10b68 sp=0x00000083e48fc810
Event: 1.246 Thread 0x0000027d4b3a0640 DEOPT UNPACKING pc=0x0000027d77f888e2 sp=0x00000083e48fbcd0 mode 0
Event: 1.247 Thread 0x0000027d4b3a0640 DEOPT PACKING pc=0x0000027d70d9d891 sp=0x00000083e48fc9a0
Event: 1.247 Thread 0x0000027d4b3a0640 DEOPT UNPACKING pc=0x0000027d77f888e2 sp=0x00000083e48fbe68 mode 0
Event: 1.248 Thread 0x0000027d4b3a0640 DEOPT PACKING pc=0x0000027d70d10b68 sp=0x00000083e48fc810
Event: 1.248 Thread 0x0000027d4b3a0640 DEOPT UNPACKING pc=0x0000027d77f888e2 sp=0x00000083e48fbcd0 mode 0
Event: 1.249 Thread 0x0000027d4b3a0640 DEOPT PACKING pc=0x0000027d70d9d891 sp=0x00000083e48fc9a0
Event: 1.249 Thread 0x0000027d4b3a0640 DEOPT UNPACKING pc=0x0000027d77f888e2 sp=0x00000083e48fbe68 mode 0
Event: 1.250 Thread 0x0000027d4b3a0640 DEOPT PACKING pc=0x0000027d70d10b68 sp=0x00000083e48fc810
Event: 1.250 Thread 0x0000027d4b3a0640 DEOPT UNPACKING pc=0x0000027d77f888e2 sp=0x00000083e48fbcd0 mode 0

Classes loaded (20 events):
Event: 1.224 Loading class sun/awt/geom/ChainEnd
Event: 1.224 Loading class sun/awt/geom/ChainEnd done
Event: 1.224 Loading class java/util/Vector$1
Event: 1.224 Loading class java/util/Vector$1 done
Event: 1.224 Loading class sun/awt/geom/Edge
Event: 1.224 Loading class sun/awt/geom/Edge done
Event: 1.224 Loading class java/lang/FdLibm$Acos
Event: 1.225 Loading class java/lang/FdLibm$Acos done
Event: 1.225 Loading class java/lang/FdLibm
Event: 1.225 Loading class java/lang/FdLibm done
Event: 1.225 Loading class sun/awt/geom/Order1
Event: 1.225 Loading class sun/awt/geom/Order1 done
Event: 1.225 Loading class sun/awt/geom/AreaOp$NZWindOp
Event: 1.225 Loading class sun/awt/geom/AreaOp$NZWindOp done
Event: 1.225 Loading class sun/awt/geom/AreaOp$SubOp
Event: 1.225 Loading class sun/awt/geom/AreaOp$CAGOp
Event: 1.225 Loading class sun/awt/geom/AreaOp$CAGOp done
Event: 1.225 Loading class sun/awt/geom/AreaOp$SubOp done
Event: 1.225 Loading class java/awt/geom/AreaIterator
Event: 1.225 Loading class java/awt/geom/AreaIterator done

Classes unloaded (0 events):
No events

Classes redefined (0 events):
No events

Internal exceptions (20 events):
Event: 0.569 Thread 0x0000027d68599230 Exception <a 'java/lang/ClassNotFoundException'{0x0000000089972978}: com/sun/swing/internal/plaf/basic/resources/spi/basicProvider> (0x0000000089972978) 
thrown [s\open\src\hotspot\share\classfile\systemDictionary.cpp, line 312]
Event: 0.573 Thread 0x0000027d68599230 Exception <a 'java/lang/NoSuchMethodError'{0x0000000089995140}: 'int java.lang.invoke.DirectMethodHandle$Holder.invokeStatic(java.lang.Object)'> (0x0000000089995140) 
thrown [s\open\src\hotspot\share\interpreter\linkResolver.cpp, line 773]
Event: 0.672 Thread 0x0000027d68599230 Exception <a 'java/lang/NoSuchMethodError'{0x000000008ad351e0}: 'java.lang.Object java.lang.invoke.Invokers$Holder.invokeExact_MT(java.lang.Object, java.lang.Object, java.lang.Object, java.lang.Object, java.lang.Object, java.lang.Object)'> (0x000000008ad351e0) 
thrown [s\open\src\hotspot\share\interpreter\linkResolver.cpp, line 773]
Event: 0.681 Thread 0x0000027d68599230 Implicit null exception at 0x0000027d7850fc66 to 0x0000027d7850fd0a
Event: 0.681 Thread 0x0000027d68599230 Implicit null exception at 0x0000027d78539bba to 0x0000027d78539e30
Event: 0.681 Thread 0x0000027d68599230 Implicit null exception at 0x0000027d784fddbd to 0x0000027d784fde41
Event: 0.693 Thread 0x0000027d68599230 Exception <a 'java/lang/NoSuchMethodError'{0x000000008adc7a10}: 'int java.lang.invoke.Invokers$Holder.invokeExact_MT(java.lang.Object, java.lang.Object)'> (0x000000008adc7a10) 
thrown [s\open\src\hotspot\share\interpreter\linkResolver.cpp, line 773]
Event: 0.702 Thread 0x0000027d68599230 Exception <a 'sun/nio/fs/WindowsException'{0x000000008adeccc8}> (0x000000008adeccc8) 
thrown [s\open\src\hotspot\share\prims\jni.cpp, line 520]
Event: 0.757 Thread 0x0000027d68599230 Exception <a 'java/lang/NoSuchMethodError'{0x000000008acdabb8}: 'java.lang.Object java.lang.invoke.DirectMethodHandle$Holder.invokeVirtual(java.lang.Object, java.lang.Object, java.lang.Object, java.lang.Object)'> (0x000000008acdabb8) 
thrown [s\open\src\hotspot\share\interpreter\linkResolver.cpp, line 773]
Event: 0.802 Thread 0x0000027d68599230 Exception <a 'java/lang/NoSuchMethodError'{0x000000008aba8780}: 'int java.lang.invoke.DirectMethodHandle$Holder.invokeVirtual(java.lang.Object, java.lang.Object)'> (0x000000008aba8780) 
thrown [s\open\src\hotspot\share\interpreter\linkResolver.cpp, line 773]
Event: 0.802 Thread 0x0000027d68599230 Exception <a 'java/lang/NoSuchMethodError'{0x000000008abac900}: 'int java.lang.invoke.DirectMethodHandle$Holder.invokeSpecial(java.lang.Object, java.lang.Object, java.lang.Object)'> (0x000000008abac900) 
thrown [s\open\src\hotspot\share\interpreter\linkResolver.cpp, line 773]
Event: 0.803 Thread 0x0000027d68599230 Exception <a 'java/lang/NoSuchMethodError'{0x000000008abb7218}: 'void java.lang.invoke.DirectMethodHandle$Holder.invokeVirtual(java.lang.Object, java.lang.Object, int)'> (0x000000008abb7218) 
thrown [s\open\src\hotspot\share\interpreter\linkResolver.cpp, line 773]
Event: 0.804 Thread 0x0000027d68599230 Exception <a 'java/lang/NoSuchMethodError'{0x000000008abbb4e0}: 'int java.lang.invoke.DirectMethodHandle$Holder.invokeSpecial(java.lang.Object, java.lang.Object, java.lang.Object, int)'> (0x000000008abbb4e0) 
thrown [s\open\src\hotspot\share\interpreter\linkResolver.cpp, line 773]
Event: 0.805 Thread 0x0000027d68599230 Exception <a 'java/lang/NoSuchMethodError'{0x000000008abcdad0}: 'java.lang.Object java.lang.invoke.DirectMethodHandle$Holder.invokeStatic(java.lang.Object, java.lang.Object, java.lang.Object, java.lang.Object, int)'> (0x000000008abcdad0) 
thrown [s\open\src\hotspot\share\interpreter\linkResolver.cpp, line 773]
Event: 0.805 Thread 0x0000027d68599230 Exception <a 'java/lang/NoSuchMethodError'{0x000000008abd88f8}: 'void java.lang.invoke.DelegatingMethodHandle$Holder.reinvoke_L(java.lang.Object, java.lang.Object, int)'> (0x000000008abd88f8) 
thrown [s\open\src\hotspot\share\interpreter\linkResolver.cpp, line 773]
Event: 0.818 Thread 0x0000027d68599230 Exception <a 'java/lang/NoSuchMethodError'{0x000000008aa06d68}: 'void java.lang.invoke.Invokers$Holder.invokeExact_MT(java.lang.Object, java.lang.Object, java.lang.Object, java.lang.Object)'> (0x000000008aa06d68) 
thrown [s\open\src\hotspot\share\interpreter\linkResolver.cpp, line 773]
Event: 0.826 Thread 0x0000027d68599230 Exception <a 'java/lang/NoSuchMethodError'{0x000000008aa1f2d8}: 'void java.lang.invoke.DirectMethodHandle$Holder.invokeSpecial(java.lang.Object, java.lang.Object, java.lang.Object, java.lang.Object, java.lang.Object)'> (0x000000008aa1f2d8) 
thrown [s\open\src\hotspot\share\interpreter\linkResolver.cpp, line 773]
Event: 0.831 Thread 0x0000027d68599230 Exception <a 'java/lang/NoSuchMethodError'{0x000000008aa2d148}: 'int java.lang.invoke.Invokers$Holder.invokeExact_MT(java.lang.Object, java.lang.Object, java.lang.Object)'> (0x000000008aa2d148) 
thrown [s\open\src\hotspot\share\interpreter\linkResolver.cpp, line 773]
Event: 0.856 Thread 0x0000027d4a803b10 Exception <a 'java/lang/NoSuchMethodError'{0x000000008aa92f48}: 'void java.lang.invoke.DirectMethodHandle$Holder.invokeVirtual(java.lang.Object, java.lang.Object)'> (0x000000008aa92f48) 
thrown [s\open\src\hotspot\share\interpreter\linkResolver.cpp, line 773]
Event: 0.872 Thread 0x0000027d68599230 Exception <a 'java/lang/NoSuchMethodError'{0x000000008aa5e258}: 'void java.lang.invoke.DirectMethodHandle$Holder.invokeStaticInit(java.lang.Object)'> (0x000000008aa5e258) 
thrown [s\open\src\hotspot\share\interpreter\linkResolver.cpp, line 773]

ZGC Phase Switch (0 events):
No events

VM Operations (20 events):
Event: 0.205 Executing VM operation: HandshakeAllThreads (Deoptimize)
Event: 0.205 Executing VM operation: HandshakeAllThreads (Deoptimize) done
Event: 0.518 Executing VM operation: HandshakeAllThreads (Deoptimize)
Event: 0.518 Executing VM operation: HandshakeAllThreads (Deoptimize) done
Event: 0.578 Executing VM operation: HandshakeAllThreads (Deoptimize)
Event: 0.578 Executing VM operation: HandshakeAllThreads (Deoptimize) done
Event: 0.586 Executing VM operation: G1CollectForAllocation (G1 Evacuation Pause)
Event: 0.591 Executing VM operation: G1CollectForAllocation (G1 Evacuation Pause) done
Event: 0.669 Executing VM operation: HandshakeAllThreads (Deoptimize)
Event: 0.669 Executing VM operation: HandshakeAllThreads (Deoptimize) done
Event: 0.707 Executing VM operation: HandshakeAllThreads (Deoptimize)
Event: 0.707 Executing VM operation: HandshakeAllThreads (Deoptimize) done
Event: 0.842 Executing VM operation: HandshakeAllThreads (Deoptimize)
Event: 0.842 Executing VM operation: HandshakeAllThreads (Deoptimize) done
Event: 0.842 Executing VM operation: HandshakeAllThreads (Deoptimize)
Event: 0.842 Executing VM operation: HandshakeAllThreads (Deoptimize) done
Event: 0.972 Executing VM operation: HandshakeAllThreads (Deoptimize)
Event: 0.972 Executing VM operation: HandshakeAllThreads (Deoptimize) done
Event: 1.143 Executing VM operation: HandshakeAllThreads (Deoptimize)
Event: 1.143 Executing VM operation: HandshakeAllThreads (Deoptimize) done

Events (19 events):
Event: 0.019 Thread 0x0000027d68599230 Thread added: 0x0000027d68599230
Event: 0.032 Thread 0x0000027d04f6d4f0 Thread added: 0x0000027d04f6d4f0
Event: 0.032 Thread 0x0000027d04f6ea20 Thread added: 0x0000027d04f6ea20
Event: 0.032 Thread 0x0000027d04f710b0 Thread added: 0x0000027d04f710b0
Event: 0.032 Thread 0x0000027d04f74fd0 Thread added: 0x0000027d04f74fd0
Event: 0.032 Thread 0x0000027d04f774b0 Thread added: 0x0000027d04f774b0
Event: 0.032 Thread 0x0000027d04f77f10 Thread added: 0x0000027d04f77f10
Event: 0.033 Thread 0x0000027d04f78ca0 Thread added: 0x0000027d04f78ca0
Event: 0.033 Thread 0x0000027d04f84170 Thread added: 0x0000027d04f84170
Event: 0.059 Thread 0x0000027d4a28d2a0 Thread added: 0x0000027d4a28d2a0
Event: 0.063 Thread 0x0000027d4a292740 Thread added: 0x0000027d4a292740
Event: 0.100 Thread 0x0000027d4a2f9530 Thread added: 0x0000027d4a2f9530
Event: 0.273 Thread 0x0000027d4a4fe460 Thread added: 0x0000027d4a4fe460
Event: 0.526 Thread 0x0000027d4acfe870 Thread added: 0x0000027d4acfe870
Event: 0.527 Thread 0x0000027d4a803b10 Thread added: 0x0000027d4a803b10
Event: 0.617 Thread 0x0000027d4b4baa40 Thread added: 0x0000027d4b4baa40
Event: 0.847 Thread 0x0000027d4b3a0640 Thread added: 0x0000027d4b3a0640
Event: 1.163 Thread 0x0000027d68599230 Thread exited: 0x0000027d68599230
Event: 1.163 Thread 0x0000027d68599230 Thread added: 0x0000027d68599230


Dynamic libraries:
0x00007ff655d10000 - 0x00007ff655d20000 	C:\Program Files\Java\jdk-21\bin\java.exe
0x00007fff4ae10000 - 0x00007fff4b026000 	C:\WINDOWS\SYSTEM32\ntdll.dll
0x00007fff49db0000 - 0x00007fff49e74000 	C:\WINDOWS\System32\KERNEL32.DLL
0x00007fff48480000 - 0x00007fff48827000 	C:\WINDOWS\System32\KERNELBASE.dll
0x00007fff48980000 - 0x00007fff48a91000 	C:\WINDOWS\System32\ucrtbase.dll
0x00007fff41080000 - 0x00007fff4109b000 	C:\Program Files\Java\jdk-21\bin\VCRUNTIME140.dll
0x00007fff42bf0000 - 0x00007fff42c09000 	C:\Program Files\Java\jdk-21\bin\jli.dll
0x00007fff49ec0000 - 0x00007fff49f72000 	C:\WINDOWS\System32\ADVAPI32.dll
0x00007fff4a6a0000 - 0x00007fff4a747000 	C:\WINDOWS\System32\msvcrt.dll
0x00007fff4a780000 - 0x00007fff4a828000 	C:\WINDOWS\System32\sechost.dll
0x00007fff48950000 - 0x00007fff48978000 	C:\WINDOWS\System32\bcrypt.dll
0x00007fff4a280000 - 0x00007fff4a395000 	C:\WINDOWS\System32\RPCRT4.dll
0x00007fff4a830000 - 0x00007fff4a9de000 	C:\WINDOWS\System32\USER32.dll
0x00007fff47400000 - 0x00007fff47693000 	C:\WINDOWS\WinSxS\amd64_microsoft.windows.common-controls_6595b64144ccf1df_6.0.22621.3235_none_270f74e173860f98\COMCTL32.dll
0x00007fff48aa0000 - 0x00007fff48ac6000 	C:\WINDOWS\System32\win32u.dll
0x00007fff49e90000 - 0x00007fff49eb9000 	C:\WINDOWS\System32\GDI32.dll
0x00007fff48830000 - 0x00007fff48949000 	C:\WINDOWS\System32\gdi32full.dll
0x00007fff483e0000 - 0x00007fff4847a000 	C:\WINDOWS\System32\msvcp_win.dll
0x00007fff3f170000 - 0x00007fff3f17a000 	C:\WINDOWS\SYSTEM32\VERSION.dll
0x00007fff4ad90000 - 0x00007fff4adc1000 	C:\WINDOWS\System32\IMM32.DLL
0x00007fff41930000 - 0x00007fff4193c000 	C:\Program Files\Java\jdk-21\bin\vcruntime140_1.dll
0x00007fff136e0000 - 0x00007fff1376e000 	C:\Program Files\Java\jdk-21\bin\msvcp140.dll
0x00007fff02320000 - 0x00007fff03037000 	C:\Program Files\Java\jdk-21\bin\server\jvm.dll
0x00007fff4a620000 - 0x00007fff4a691000 	C:\WINDOWS\System32\WS2_32.dll
0x00007fff40af0000 - 0x00007fff40b24000 	C:\WINDOWS\SYSTEM32\WINMM.dll
0x00007fff48000000 - 0x00007fff4804d000 	C:\WINDOWS\SYSTEM32\POWRPROF.dll
0x00007fff47fe0000 - 0x00007fff47ff3000 	C:\WINDOWS\SYSTEM32\UMPDC.dll
0x00007fff46a90000 - 0x00007fff46aa8000 	C:\WINDOWS\SYSTEM32\kernel.appcore.dll
0x00007fff41920000 - 0x00007fff4192a000 	C:\Program Files\Java\jdk-21\bin\jimage.dll
0x00007fff479c0000 - 0x00007fff47bf3000 	C:\WINDOWS\SYSTEM32\DBGHELP.DLL
0x00007fff4a9e0000 - 0x00007fff4ad68000 	C:\WINDOWS\System32\combase.dll
0x00007fff48bc0000 - 0x00007fff48c97000 	C:\WINDOWS\System32\OLEAUT32.dll
0x00007fff47880000 - 0x00007fff478b2000 	C:\WINDOWS\SYSTEM32\dbgcore.DLL
0x00007fff48360000 - 0x00007fff483d9000 	C:\WINDOWS\System32\bcryptPrimitives.dll
0x00007fff41060000 - 0x00007fff4107f000 	C:\Program Files\Java\jdk-21\bin\java.dll
0x00007fff490d0000 - 0x00007fff4992c000 	C:\WINDOWS\System32\SHELL32.dll
0x00007fff456b0000 - 0x00007fff45fa9000 	C:\WINDOWS\SYSTEM32\windows.storage.dll
0x00007fff45570000 - 0x00007fff456ae000 	C:\WINDOWS\SYSTEM32\wintypes.dll
0x00007fff4a170000 - 0x00007fff4a263000 	C:\WINDOWS\System32\SHCORE.dll
0x00007fff4a3a0000 - 0x00007fff4a3fe000 	C:\WINDOWS\System32\shlwapi.dll
0x00007fff48060000 - 0x00007fff48081000 	C:\WINDOWS\SYSTEM32\profapi.dll
0x00007fff38ee0000 - 0x00007fff38fb7000 	C:\Program Files\Java\jdk-21\bin\jsvml.dll
0x00007fff398f0000 - 0x00007fff39900000 	C:\Program Files\Java\jdk-21\bin\net.dll
0x00007fff413a0000 - 0x00007fff414d6000 	C:\WINDOWS\SYSTEM32\WINHTTP.dll
0x00007fff46ec0000 - 0x00007fff46f29000 	C:\WINDOWS\system32\mswsock.dll
0x00007fff38ec0000 - 0x00007fff38ed6000 	C:\Program Files\Java\jdk-21\bin\nio.dll
0x00007fff381a0000 - 0x00007fff381b8000 	C:\Program Files\Java\jdk-21\bin\zip.dll
0x00007fff0d080000 - 0x00007fff0d20f000 	C:\Program Files\Java\jdk-21\bin\awt.dll
0x00007fff445e0000 - 0x00007fff44677000 	C:\WINDOWS\SYSTEM32\apphelp.dll
0x00007fff47ce0000 - 0x00007fff47cfb000 	C:\WINDOWS\SYSTEM32\CRYPTSP.dll
0x00007fff46890000 - 0x00007fff468c5000 	C:\WINDOWS\system32\rsaenh.dll
0x00007fff47150000 - 0x00007fff47178000 	C:\WINDOWS\SYSTEM32\USERENV.dll
0x00007fff47180000 - 0x00007fff4718c000 	C:\WINDOWS\SYSTEM32\CRYPTBASE.dll
0x00007fff46370000 - 0x00007fff4639d000 	C:\WINDOWS\SYSTEM32\IPHLPAPI.DLL
0x00007fff4a270000 - 0x00007fff4a279000 	C:\WINDOWS\System32\NSI.dll
0x00007fff12f80000 - 0x00007fff13007000 	C:\Program Files\Java\jdk-21\bin\freetype.dll
0x00007fff0c960000 - 0x00007fff0ca42000 	C:\Program Files\Java\jdk-21\bin\fontmanager.dll
0x00007fff45020000 - 0x00007fff4504b000 	C:\WINDOWS\system32\DWMAPI.DLL
0x00007fff447a0000 - 0x00007fff4484b000 	C:\WINDOWS\system32\uxtheme.dll
0x00007fff49f80000 - 0x00007fff4a0d3000 	C:\WINDOWS\System32\MSCTF.dll
0x00007fff48f20000 - 0x00007fff490c5000 	C:\WINDOWS\System32\ole32.dll
0x00007fff2df70000 - 0x00007fff2e070000 	C:\WINDOWS\system32\opengl32.dll
0x00007fff37440000 - 0x00007fff3746d000 	C:\WINDOWS\SYSTEM32\GLU32.dll
0x00007fff44960000 - 0x00007fff44999000 	C:\WINDOWS\SYSTEM32\dxcore.dll
0x00007fff42bb0000 - 0x00007fff42bb6000 	C:\Users\Kiet\AppData\Local\Temp\flatlaf.temp\flatlaf-windows-x86_64-866536620744000.dll
0x00007fff398e0000 - 0x00007fff398f0000 	C:\Program Files\Java\jdk-21\bin\verify.dll
0x00007fff48e60000 - 0x00007fff48f10000 	C:\WINDOWS\System32\clbcatq.dll
0x00007fff429b0000 - 0x00007fff42b60000 	C:\WINDOWS\SYSTEM32\WindowsCodecs.dll
0x00007fff26ba0000 - 0x00007fff26bfe000 	C:\WINDOWS\system32\dataexchange.dll
0x00007fff3ebe0000 - 0x00007fff3ee6e000 	C:\WINDOWS\system32\twinapi.appcore.dll
0x00007fff36ad0000 - 0x00007fff36ad7000 	C:\Program Files\Java\jdk-21\bin\jawt.dll
0x00007fff38550000 - 0x00007fff3869a000 	C:\WINDOWS\SYSTEM32\textinputframework.dll

dbghelp: loaded successfully - version: 4.0.5 - missing functions: none
symbol engine: initialized successfully - sym options: 0x614 - pdb path: .;C:\Program Files\Java\jdk-21\bin;C:\WINDOWS\SYSTEM32;C:\WINDOWS\WinSxS\amd64_microsoft.windows.common-controls_6595b64144ccf1df_6.0.22621.3235_none_270f74e173860f98;C:\Program Files\Java\jdk-21\bin\server;C:\Users\Kiet\AppData\Local\Temp\flatlaf.temp

VM Arguments:
jvm_args: -XX:+ShowCodeDetailsInExceptionMessages 
java_command: GUI.LogIn
java_class_path (initial): C:\Users\Kiet\AppData\Roaming\Code\User\workspaceStorage\b3b38d78d4b70df6aa0616a4b888d3ad\redhat.java\jdt_ws\DoAnJavaa_c8713cb1\bin;c:\Users\Kiet\Desktop\DoAnJavaa\lib\lib\commons-codec-1.15.jar;c:\Users\Kiet\Desktop\DoAnJavaa\lib\lib\log4j-api-2.18.0.jar;c:\Users\Kiet\Desktop\DoAnJavaa\lib\mysql-connector.jar;c:\Users\Kiet\Desktop\DoAnJavaa\lib\kotlin-stdlib-common-1.4.0.jar;c:\Users\Kiet\Desktop\DoAnJavaa\lib\poi-ooxml-3.17.jar;c:\Users\Kiet\Desktop\DoAnJavaa\lib\lib\commons-compress-1.21.jar;c:\Users\Kiet\Desktop\DoAnJavaa\lib\poi-3.17.jar;c:\Users\Kiet\Desktop\DoAnJavaa\lib\lib\poi-ooxml-full-5.2.3.jar;c:\Users\Kiet\Desktop\DoAnJavaa\lib\lib\commons-collections4-4.4.jar;c:\Users\Kiet\Desktop\DoAnJavaa\lib\lib\poi-excelant-5.2.3.jar;c:\Users\Kiet\Desktop\DoAnJavaa\lib\lib\poi-ooxml-lite-5.2.3.jar;c:\Users\Kiet\Desktop\DoAnJavaa\lib\mssql-jdbc-8.4.1.jre14.jar;c:\Users\Kiet\Desktop\DoAnJavaa\lib\mysql-connector-java-8.0.30.jar;c:\Users\Kiet\Desktop\DoAnJavaa\lib\zxing-1.7-javase.jar;c:\Users\Kiet\Desktop\DoAnJavaa\lib\xmlbeans-xmlpublic-2.0-dev-2.jar;c:\Users\Kiet\Desktop\DoAnJavaa\lib\jcalendar-1.4.jar;c:\Users\Kiet\Desktop\DoAnJavaa\lib\log4j-core-2.20.0.jar;c:\Users\Kiet\Desktop\DoAnJavaa\lib\flatlaf-extras-3.1.jar;c:\Users\Kiet\Desktop\DoAnJavaa\lib\svgSalamander-1.1.4.jar;c:\Users\Kiet\Desktop\DoAnJavaa\lib\zxing-core-2.0.jar;c:\Users\Kiet\Desktop\DoAnJavaa\lib\slf4j-api-1.7.2.jar;c:\Users\Kiet\Desktop\DoAnJavaa\lib\swingx-1.6.1.jar;c:\Users\Kiet\Desktop\DoAnJavaa\lib\lib\poi-examples-5.2.3.jar;c:\Users\Kiet\Desktop\DoAnJavaa\lib\slf4j-simple-1.7.25.jar;c:\Users\Kiet\Desktop\DoAnJavaa\lib\lib\poi-javadoc-5.2.3.jar;c:\Users\Kiet\Desktop\DoAnJavaa\lib\slf4j-api-1.7.25.jar;c:\Users\Kiet\Desktop\DoAnJavaa\lib\swingx-all-1.6.4.jar;c:\Users\Kiet\Desktop\DoAnJavaa\lib\TimingFramework-0.55.jar;c:\Users\Kiet\Desktop\DoAnJavaa\lib\lib\curvesapi-1.07.jar;c:\Users\Kiet\Desktop\DoAnJavaa\lib\lib\xmlbeans-5.1.1.jar;c:\Users\Kiet\Desktop\DoAnJavaa\lib\mssql-jdbc-9.4.0.jre11.jar;c:\Users\Kiet\Desktop\DoAnJavaa\lib\lib\jakarta.activation-2.0.1.jar;c:\Users\Kiet\Desktop\DoAnJavaa\lib\flatlaf-3.3.jar;c:\Users\Kiet\Desktop\DoAnJavaa\lib\java-dotenv-5.1.3.jar;c:\Users\Kiet\Desktop\DoAnJavaa\lib\filters-2.0.235.jar;c:\Users\Kiet\Desktop\DoAnJavaa\lib\activation.jar;c:\Users\Kiet\Desktop\DoAnJavaa\lib\kotlin-runtime-1.2.71.jar;c:\Users\Kiet\Desktop\DoAnJavaa\lib\lib\jakarta.xml.bind-api-3.0.1.jar;c:\Users\Kiet\Desktop\DoAnJavaa\lib\kotlin-stdlib-1.4.0.jar;c:\Users\Kiet\Desktop\DoAnJavaa\lib\java-dotenv-5.2.2.jar;c:\Users\Kiet\Desktop\DoAnJavaa\lib\bridj-0.7.0.jar;c:\Users\Kiet\Desktop\DoAnJavaa\lib\lib\commons-io-2.11.0.jar;c:\Users\Kiet\Desktop\DoAnJavaa\lib\xmlbeans-3.1.0.jar;c:\Users\Kiet\Desktop\DoAnJavaa\lib\lib\SparseBitSet-1.2.jar;c:\Users\Kiet\Desktop\DoAnJavaa\lib\miglayout-4.0.jar;c:\Users\Kiet\Desktop\DoAnJavaa\lib\com.sun.net.ssl.jar;c:\Users\Kiet\Desktop\DoAnJavaa\lib\lib\poi-ooxml-5.2.3.jar;c:\Users\Kiet\Desktop\DoAnJavaa\lib\javase-3.3.0.jar;c:\Users\Kiet\Desktop\DoAnJavaa\lib\lib\commons-logging-1.2.jar;c:\Users\Kiet\Desktop\DoAnJavaa\lib\xmlbeans-2.3.0.jar;c:\Users\Kiet\Desktop\DoAnJavaa\lib\webcam-capture-0.3.12.jar;c:\Users\Kiet\Desktop\DoAnJavaa\lib\core-3.3.0.jar;c:\Users\Kiet\Desktop\DoAnJavaa\lib\lib\commons-math3-3.6.1.jar;c:\Users\Kiet\Desktop\DoAnJavaa\lib\lib\slf4j-api-1.7.36.jar;c:\Users\Kiet\Desktop\DoAnJavaa\lib\lib\poi-5.2.3.jar;c:\Users\Kiet\Desktop\DoAnJavaa\lib\flatlaf-fonts-roboto-2.137.jar;c:\Users\Kiet\Desktop\DoAnJavaa\lib\swing-worker-1.1.jar;c:\Users\Kiet\Desktop\DoAnJavaa\lib\kotlin-stdlib-1.5.31.jar;c:\Users\Kiet\Desktop\DoAnJavaa\lib\lib\poi-scratchpad-5.2.3.jar;c:\Users\Kiet\Desktop\DoAnJavaa\lib\javax.activation-1.2.0.jar;c:\Users\Kiet\Desktop\DoAnJavaa\lib\itextpdf-5.5.12.jar;c:\Users\Kiet\Desktop\DoAnJavaa\lib\javax.mail.jar
Launcher Type: SUN_STANDARD

[Global flags]
     intx CICompilerCount                          = 4                                         {product} {ergonomic}
     uint ConcGCThreads                            = 2                                         {product} {ergonomic}
     uint G1ConcRefinementThreads                  = 8                                         {product} {ergonomic}
   size_t G1HeapRegionSize                         = 1048576                                   {product} {ergonomic}
    uintx GCDrainStackTargetSize                   = 64                                        {product} {ergonomic}
   size_t InitialHeapSize                          = 132120576                                 {product} {ergonomic}
   size_t MarkStackSize                            = 4194304                                   {product} {ergonomic}
   size_t MaxHeapSize                              = 2095054848                                {product} {ergonomic}
   size_t MaxNewSize                               = 1256194048                                {product} {ergonomic}
   size_t MinHeapDeltaBytes                        = 1048576                                   {product} {ergonomic}
   size_t MinHeapSize                              = 8388608                                   {product} {ergonomic}
    uintx NonNMethodCodeHeapSize                   = 5839372                                {pd product} {ergonomic}
    uintx NonProfiledCodeHeapSize                  = 122909434                              {pd product} {ergonomic}
    uintx ProfiledCodeHeapSize                     = 122909434                              {pd product} {ergonomic}
    uintx ReservedCodeCacheSize                    = 251658240                              {pd product} {ergonomic}
     bool SegmentedCodeCache                       = true                                      {product} {ergonomic}
     bool ShowCodeDetailsInExceptionMessages       = true                                   {manageable} {command line}
   size_t SoftMaxHeapSize                          = 2095054848                             {manageable} {ergonomic}
     bool UseCompressedOops                        = true                           {product lp64_product} {ergonomic}
     bool UseG1GC                                  = true                                      {product} {ergonomic}
     bool UseLargePagesIndividualAllocation        = false                                  {pd product} {ergonomic}

Logging:
Log output configuration:
 #0: stdout all=warning uptime,level,tags foldmultilines=false
 #1: stderr all=off uptime,level,tags foldmultilines=false

Environment Variables:
PATH=C:\Program Files\Common Files\Oracle\Java\javapath;C:\Program Files (x86)\Common Files\Oracle\Java\javapath;C:\WINDOWS\system32;C:\WINDOWS;C:\WINDOWS\System32\Wbem;C:\WINDOWS\System32\WindowsPowerShell\v1.0\;C:\WINDOWS\System32\OpenSSH\;C:\Program Files\dotnet\;C:\Program Files\Common Files\Oracle\Java\javapath;C:\Program Files\Java\jdk-11\bin;C:\Program Files (x86)\Microsoft SQL Server\160\Tools\Binn\;C:\Program Files\Microsoft SQL Server\160\Tools\Binn\;C:\Program Files\Microsoft SQL Server\Client SDK\ODBC\170\Tools\Binn\;C:\Program Files\Microsoft SQL Server\160\DTS\Binn\;C:\Program Files (x86)\Microsoft SQL Server\160\DTS\Binn\;C:\Program Files\Azure Data Studio\bin;C:\Program Files\apache-maven-3.9.6\bin;C:\Program Files\Git\cmd;C:\Program Files\nodejs\;C:\Program Files\Java\jdk-21\bin;C:\Users\Kiet\AppData\Local\Microsoft\WindowsApps;C:\Users\Kiet\AppData\Local\Programs\Microsoft VS Code\bin;C:\Users\Kiet\AppData\Local\GitHubDesktop\bin;C:\Users\Kiet\.dotnet\tools;C:\Program Files\Azure Data Studio\bin;C:\Users\Kiet\AppData\Roaming\npm
USERNAME=Kiet
LANG=en_US.UTF-8
OS=Windows_NT
PROCESSOR_IDENTIFIER=Intel64 Family 6 Model 126 Stepping 5, GenuineIntel
TMP=C:\Users\Kiet\AppData\Local\Temp
TEMP=C:\Users\Kiet\AppData\Local\Temp




Periodic native trim disabled

---------------  S Y S T E M  ---------------

OS:
 Windows 11 , 64 bit Build 22621 (10.0.22621.3374)
OS uptime: 1 days 0:04 hours

CPU: total 8 (initial active 8) (4 cores per cpu, 2 threads per core) family 6 model 126 stepping 5 microcode 0xa6, cx8, cmov, fxsr, ht, mmx, 3dnowpref, sse, sse2, sse3, ssse3, sse4.1, sse4.2, popcnt, lzcnt, tsc, tscinvbit, avx, avx2, aes, erms, clmul, bmi1, bmi2, adx, avx512f, avx512dq, avx512cd, avx512bw, avx512vl, sha, fma, vzeroupper, avx512_vpopcntdq, avx512_vpclmulqdq, avx512_vaes, avx512_vnni, clflush, clflushopt, avx512_vbmi2, avx512_vbmi, rdtscp, rdpid, fsrm, gfni, avx512_bitalg, f16c, pku, avx512_ifma
Processor Information for all 8 processors :
  Max Mhz: 1190, Current Mhz: 991, Mhz Limit: 987

Memory: 4k page, system-wide physical 7987M (725M free)
TotalPageFile size 10035M (AvailPageFile size 4M)
current process WorkingSet (physical memory assigned to process): 119M, peak: 119M
current process commit charge ("private bytes"): 242M, peak: 242M

vm_info: Java HotSpot(TM) 64-Bit Server VM (21.0.2+13-LTS-58) for windows-amd64 JRE (21.0.2+13-LTS-58), built on 2024-01-05T18:32:24Z by "mach5one" with MS VC++ 17.1 (VS2022)

END.
