#
# There is insufficient memory for the Java Runtime Environment to continue.
# Native memory allocation (mmap) failed to map 65536 bytes for Failed to commit metaspace.
# Possible reasons:
#   The system is out of physical RAM or swap space
#   The process is running with CompressedOops enabled, and the Java Heap may be blocking the growth of the native heap
# Possible solutions:
#   Reduce memory load on the system
#   Increase physical memory or swap space
#   Check if swap backing store is full
#   Decrease Java heap size (-Xmx/-Xms)
#   Decrease number of Java threads
#   Decrease Java thread stack sizes (-Xss)
#   Set larger code cache with -XX:ReservedCodeCacheSize=
#   JVM is running with Unscaled Compressed Oops mode in which the Java heap is
#     placed in the first 4GB address space. The Java Heap base address is the
#     maximum limit for the native heap growth. Please use -XX:HeapBaseMinAddress
#     to set the Java Heap base and to place the Java Heap above 4GB virtual address.
# This output file may be truncated or incomplete.
#
#  Out of Memory Error (virtualSpaceNode.cpp:110), pid=11020, tid=7680
#
# JRE version: OpenJDK Runtime Environment Temurin-17.0.10+7 (17.0.10+7) (build 17.0.10+7)
# Java VM: OpenJDK 64-Bit Server VM Temurin-17.0.10+7 (17.0.10+7, mixed mode, tiered, compressed oops, compressed class ptrs, parallel gc, windows-amd64)
# No core dump will be written. Minidumps are not enabled by default on client versions of Windows
#

---------------  S U M M A R Y ------------

Command Line: --add-modules=ALL-SYSTEM --add-opens=java.base/java.util=ALL-UNNAMED --add-opens=java.base/java.lang=ALL-UNNAMED --add-opens=java.base/sun.nio.fs=ALL-UNNAMED -Declipse.application=org.eclipse.jdt.ls.core.id1 -Dosgi.bundles.defaultStartLevel=4 -Declipse.product=org.eclipse.jdt.ls.core.product -Djava.import.generatesMetadataFilesAtProjectRoot=false -DDetectVMInstallationsJob.disabled=true -Dfile.encoding=utf8 -XX:+UseParallelGC -XX:GCTimeRatio=4 -XX:AdaptiveSizePolicyWeight=90 -Dsun.zip.disableMemoryMapping=true -Xmx1G -Xms100m -Xlog:disable -javaagent:c:\Users\Kiet\.vscode\extensions\redhat.java-1.28.1-win32-x64\lombok\lombok-1.18.31.jar c:\Users\Kiet\.vscode\extensions\redhat.java-1.28.1-win32-x64\server\plugins\org.eclipse.equinox.launcher_1.6.700.v20231214-2017.jar -configuration c:\Users\Kiet\AppData\Roaming\Code\User\globalStorage\redhat.java\1.28.1\config_ss_win -data c:\Users\Kiet\AppData\Roaming\Code\User\workspaceStorage\794778fa6a47f198356234ad77415c6f\redhat.java\ss_ws --stdio

Host: Intel(R) Core(TM) i5-1035G1 CPU @ 1.00GHz, 8 cores, 7G,  Windows 11 , 64 bit Build 22621 (10.0.22621.3235)
Time: Tue Mar 19 22:33:49 2024 SE Asia Standard Time elapsed time: 0.707901 seconds (0d 0h 0m 0s)

---------------  T H R E A D  ---------------

Current thread (0x000001f56ce10240):  JavaThread "main" [_thread_in_vm, id=7680, stack(0x000000e0ebb00000,0x000000e0ebc00000)]

Stack: [0x000000e0ebb00000,0x000000e0ebc00000]
Native frames: (J=compiled Java code, j=interpreted, Vv=VM code, C=native code)
V  [jvm.dll+0x67d2c9]
V  [jvm.dll+0x834afa]
V  [jvm.dll+0x8365be]
V  [jvm.dll+0x836c23]
V  [jvm.dll+0x2477ff]
V  [jvm.dll+0x8307bb]
V  [jvm.dll+0x621d16]
V  [jvm.dll+0x621d7a]
V  [jvm.dll+0x6245aa]
V  [jvm.dll+0x6226b6]
V  [jvm.dll+0x23bd4f]
V  [jvm.dll+0x62c565]
V  [jvm.dll+0x1eb80b]
V  [jvm.dll+0x1ebd45]
V  [jvm.dll+0x1ec800]
V  [jvm.dll+0x1e1c01]
V  [jvm.dll+0x5427ce]
V  [jvm.dll+0x1f2647]
V  [jvm.dll+0x7adf9b]
V  [jvm.dll+0x7af36c]
V  [jvm.dll+0x7af6b8]
V  [jvm.dll+0x23face]
V  [jvm.dll+0x23fd1f]
V  [jvm.dll+0x560aa8]
V  [jvm.dll+0x5639a7]
V  [jvm.dll+0x386672]
V  [jvm.dll+0x385cdf]
C  0x000001f576fe9ca3

The last pc belongs to invokestatic (printed below).
Java frames: (J=compiled Java code, j=interpreted, Vv=VM code)
j  java.security.cert.CertificateFactory.getInstance(Ljava/lang/String;)Ljava/security/cert/CertificateFactory;+12 java.base@17.0.10
j  sun.security.pkcs.PKCS7.parseSignedData(Lsun/security/util/DerValue;)V+131 java.base@17.0.10
j  sun.security.pkcs.PKCS7.parse(Lsun/security/util/DerInputStream;Z)V+40 java.base@17.0.10
j  sun.security.pkcs.PKCS7.parse(Lsun/security/util/DerInputStream;)V+11 java.base@17.0.10
j  sun.security.pkcs.PKCS7.<init>([B)V+50 java.base@17.0.10
j  sun.security.util.SignatureFileVerifier.<init>(Ljava/util/ArrayList;Lsun/security/util/ManifestDigester;Ljava/lang/String;[B)V+40 java.base@17.0.10
j  java.util.jar.JarVerifier.processEntry(Lsun/security/util/ManifestEntryVerifier;)V+322 java.base@17.0.10
j  java.util.jar.JarVerifier.update(I[BIILsun/security/util/ManifestEntryVerifier;)V+39 java.base@17.0.10
j  java.util.jar.JarFile.initializeVerifier()V+163 java.base@17.0.10
j  java.util.jar.JarFile.ensureInitialization()V+41 java.base@17.0.10
j  java.util.jar.JavaUtilJarAccessImpl.ensureInitialization(Ljava/util/jar/JarFile;)V+1 java.base@17.0.10
j  jdk.internal.loader.URLClassPath$JarLoader$2.getManifest()Ljava/util/jar/Manifest;+10 java.base@17.0.10
j  jdk.internal.loader.BuiltinClassLoader.defineClass(Ljava/lang/String;Ljdk/internal/loader/Resource;)Ljava/lang/Class;+29 java.base@17.0.10
j  jdk.internal.loader.BuiltinClassLoader.findClassOnClassPathOrNull(Ljava/lang/String;)Ljava/lang/Class;+37 java.base@17.0.10
j  jdk.internal.loader.BuiltinClassLoader.loadClassOrNull(Ljava/lang/String;Z)Ljava/lang/Class;+111 java.base@17.0.10
j  jdk.internal.loader.BuiltinClassLoader.loadClass(Ljava/lang/String;Z)Ljava/lang/Class;+3 java.base@17.0.10
j  jdk.internal.loader.ClassLoaders$AppClassLoader.loadClass(Ljava/lang/String;Z)Ljava/lang/Class;+36 java.base@17.0.10
j  java.lang.ClassLoader.loadClass(Ljava/lang/String;)Ljava/lang/Class;+3 java.base@17.0.10
v  ~StubRoutines::call_stub
j  java.lang.Class.forName0(Ljava/lang/String;ZLjava/lang/ClassLoader;Ljava/lang/Class;)Ljava/lang/Class;+0 java.base@17.0.10
j  java.lang.Class.forName(Ljava/lang/String;ZLjava/lang/ClassLoader;)Ljava/lang/Class;+43 java.base@17.0.10
j  sun.launcher.LauncherHelper.loadMainClass(ILjava/lang/String;)Ljava/lang/Class;+95 java.base@17.0.10
j  sun.launcher.LauncherHelper.checkAndLoadMain(ZILjava/lang/String;)Ljava/lang/Class;+42 java.base@17.0.10
v  ~StubRoutines::call_stub
invokestatic  184 invokestatic  [0x000001f576fe9c00, 0x000001f576fe9ec0]  704 bytes
[MachCode]
  0x000001f576fe9c00: 4883 ec08 | c5fa 1104 | 24eb 1f48 | 83ec 10c5 | fb11 0424 | eb14 4883 | ec10 4889 | 0424 48c7 
  0x000001f576fe9c20: 4424 0800 | 0000 00eb | 0150 4c89 | 6dc0 410f | b755 0148 | 8b4d d0c1 | e202 8b5c | d120 c1eb 
  0x000001f576fe9c40: 1081 e3ff | 0000 0081 | fbb8 0000 | 000f 84b6 | 0000 00bb | b800 0000 | e805 0000 | 00e9 9b00 
  0x000001f576fe9c60: 0000 488b | d348 8d44 | 2408 4c89 | 6dc0 498b | cfc5 f877 | 4989 afa8 | 0200 0049 | 8987 9802 
  0x000001f576fe9c80: 0000 4883 | ec20 f7c4 | 0f00 0000 | 0f84 1a00 | 0000 4883 | ec08 49ba | 705c a42c | fe7f 0000 
  0x000001f576fe9ca0: 41ff d248 | 83c4 08e9 | 0d00 0000 | 49ba 705c | a42c fe7f | 0000 41ff | d248 83c4 | 2049 c787 
  0x000001f576fe9cc0: 9802 0000 | 0000 0000 | 49c7 87a8 | 0200 0000 | 0000 0049 | c787 a002 | 0000 0000 | 0000 c5f8 
  0x000001f576fe9ce0: 7749 817f | 0800 0000 | 000f 8405 | 0000 00e9 | 0c72 feff | 4c8b 6dc0 | 4c8b 75c8 | c341 0fb7 
  0x000001f576fe9d00: 5501 488b | 4dd0 c1e2 | 0248 8b5c | d128 488b | 5b08 488b | 5b08 488b | 5b18 80bb | 3301 0000 
  0x000001f576fe9d20: 040f 840d | 0000 004c | 3bbb 3801 | 0000 0f85 | 1fff ffff | 488b 5cd1 | 288b 54d1 | 38c1 ea1c 
  0x000001f576fe9d40: 49ba a060 | 262d fe7f | 0000 498b | 14d2 5248 | 8b45 d848 | 85c0 0f84 | 1200 0000 | 4883 4008 
  0x000001f576fe9d60: 0148 8358 | 0800 4883 | c010 4889 | 45d8 488b | 45d8 4885 | c00f 8423 | 0100 0080 | 78f0 0a0f 
  0x000001f576fe9d80: 8519 0100 | 0048 83c0 | 084c 8b68 | f841 83ed | 0041 83fd | 020f 8cf8 | 0000 004c | 8b6b 0845 
  0x000001f576fe9da0: 0fb7 6d2c | 4c2b 2841 | 83ed 014e | 8b6c ec08 | 4d85 ed75 | 0748 8348 | 0801 eb4a | 458b 6d08 
  0x000001f576fe9dc0: 49c1 e503 | 4c33 6808 | 49f7 c5fc | ffff ff74 | 3549 f7c5 | 0200 0000 | 752c 4881 | 7808 0000 
  0x000001f576fe9de0: 0000 741e | 4881 7808 | 0100 0000 | 7414 4c33 | 6808 49f7 | c5fc ffff | ff74 0b48 | 8348 0802 
  0x000001f576fe9e00: eb04 4c89 | 6808 4883 | c010 4c8b | 68e8 4183 | ed02 4183 | fd02 0f8c | 7700 0000 | 4c8b 6b08 
  0x000001f576fe9e20: 450f b76d | 2c4c 2b28 | 4183 ed01 | 4e8b 6cec | 084d 85ed | 7507 4883 | 4808 01eb | 4a45 8b6d 
  0x000001f576fe9e40: 0849 c1e5 | 034c 3368 | 0849 f7c5 | fcff ffff | 7435 49f7 | c502 0000 | 0075 2c48 | 8178 0800 
  0x000001f576fe9e60: 0000 0074 | 1e48 8178 | 0801 0000 | 0074 144c | 3368 0849 | f7c5 fcff | ffff 740b | 4883 4808 
  0x000001f576fe9e80: 02eb 044c | 8968 0848 | 83c0 104c | 8b68 d841 | 83ed 0441 | c1e5 0349 | 03c5 4889 | 45d8 4c8d 
  0x000001f576fe9ea0: 6c24 084c | 896d f0ff | 6350 660f | 1f44 0000 | 0000 0000 | 0000 0000 | 0000 0000 | 0000 0000 
[/MachCode]

---------------  P R O C E S S  ---------------

Threads class SMR info:
_java_thread_list=0x000001f506ea2a30, length=13, elements={
0x000001f56ce10240, 0x000001f57ec97020, 0x000001f57ec98090, 0x000001f506054920,
0x000001f506072520, 0x000001f506072ef0, 0x000001f506074200, 0x000001f5060772c0,
0x000001f5060afbe0, 0x000001f5060c5080, 0x000001f5060f8520, 0x000001f5063f73b0,
0x000001f5062c6740
}

Java Threads: ( => current thread )
=>0x000001f56ce10240 JavaThread "main" [_thread_in_vm, id=7680, stack(0x000000e0ebb00000,0x000000e0ebc00000)]
  0x000001f57ec97020 JavaThread "Reference Handler" daemon [_thread_blocked, id=17376, stack(0x000000e0ebe00000,0x000000e0ebf00000)]
  0x000001f57ec98090 JavaThread "Finalizer" daemon [_thread_blocked, id=19344, stack(0x000000e0ebf00000,0x000000e0ec000000)]
  0x000001f506054920 JavaThread "Signal Dispatcher" daemon [_thread_blocked, id=1964, stack(0x000000e0ec000000,0x000000e0ec100000)]
  0x000001f506072520 JavaThread "Attach Listener" daemon [_thread_blocked, id=7432, stack(0x000000e0ec100000,0x000000e0ec200000)]
  0x000001f506072ef0 JavaThread "Service Thread" daemon [_thread_blocked, id=18236, stack(0x000000e0ec200000,0x000000e0ec300000)]
  0x000001f506074200 JavaThread "Monitor Deflation Thread" daemon [_thread_blocked, id=10712, stack(0x000000e0ec300000,0x000000e0ec400000)]
  0x000001f5060772c0 JavaThread "C2 CompilerThread0" daemon [_thread_blocked, id=5576, stack(0x000000e0ec400000,0x000000e0ec500000)]
  0x000001f5060afbe0 JavaThread "C1 CompilerThread0" daemon [_thread_in_vm, id=16024, stack(0x000000e0ec500000,0x000000e0ec600000)]
  0x000001f5060c5080 JavaThread "Sweeper thread" daemon [_thread_blocked, id=18272, stack(0x000000e0ec600000,0x000000e0ec700000)]
  0x000001f5060f8520 JavaThread "Common-Cleaner" daemon [_thread_blocked, id=16524, stack(0x000000e0ec700000,0x000000e0ec800000)]
  0x000001f5063f73b0 JavaThread "Notification Thread" daemon [_thread_blocked, id=10596, stack(0x000000e0ec800000,0x000000e0ec900000)]
  0x000001f5062c6740 JavaThread "C2 CompilerThread1" daemon [_thread_blocked, id=10028, stack(0x000000e0eca00000,0x000000e0ecb00000)]

Other Threads:
  0x000001f56ceb6860 VMThread "VM Thread" [stack: 0x000000e0ebd00000,0x000000e0ebe00000] [id=11408]
  0x000001f5063a4fa0 WatcherThread [stack: 0x000000e0ec900000,0x000000e0eca00000] [id=10092]
  0x000001f56ce24ed0 GCTaskThread "GC Thread#0" [stack: 0x000000e0ebc00000,0x000000e0ebd00000] [id=17684]

Threads with active compile tasks:
C1 CompilerThread0      727  466       3       java.lang.Integer::parseInt (7 bytes)

VM state: not at safepoint (normal execution)

VM Mutex/Monitor currently owned by a thread:  ([mutex/lock_event])
[0x000001f56ce0ac00] Metaspace_lock - owner thread: 0x000001f56ce10240
[0x000001f56ce0c3f0] MethodData_lock - owner thread: 0x000001f5060afbe0

Heap address: 0x00000000c0000000, size: 1024 MB, Compressed Oops mode: 32-bit

CDS archive(s) not mapped
Compressed class space mapped at: 0x0000000100000000-0x0000000140000000, reserved size: 1073741824
Narrow klass base: 0x0000000000000000, Narrow klass shift: 3, Narrow klass range: 0x140000000

GC Precious Log:
 CPUs: 8 total, 8 available
 Memory: 7987M
 Large Page Support: Disabled
 NUMA Support: Disabled
 Compressed Oops: Enabled (32-bit)
 Alignments: Space 512K, Generation 512K, Heap 2M
 Heap Min Capacity: 100M
 Heap Initial Capacity: 100M
 Heap Max Capacity: 1G
 Pre-touch: Disabled
 Parallel Workers: 8

Heap:
 PSYoungGen      total 29696K, used 9286K [0x00000000eab00000, 0x00000000ecc00000, 0x0000000100000000)
  eden space 25600K, 36% used [0x00000000eab00000,0x00000000eb411810,0x00000000ec400000)
  from space 4096K, 0% used [0x00000000ec800000,0x00000000ec800000,0x00000000ecc00000)
  to   space 4096K, 0% used [0x00000000ec400000,0x00000000ec400000,0x00000000ec800000)
 ParOldGen       total 68608K, used 0K [0x00000000c0000000, 0x00000000c4300000, 0x00000000eab00000)
  object space 68608K, 0% used [0x00000000c0000000,0x00000000c0000000,0x00000000c4300000)
 Metaspace       used 6853K, committed 6912K, reserved 1114112K
  class space    used 665K, committed 704K, reserved 1048576K

Card table byte_map: [0x000001f56c7d0000,0x000001f56c9e0000] _byte_map_base: 0x000001f56c1d0000

Marking Bits: (ParMarkBitMap*) 0x00007ffe2d25d7d0
 Begin Bits: [0x000001f500000000, 0x000001f501000000)
 End Bits:   [0x000001f501000000, 0x000001f502000000)

Polling page: 0x000001f56c5c0000

Metaspace:

Usage:
  Non-class:      6.04 MB used.
      Class:    665.59 KB used.
       Both:      6.69 MB used.

Virtual space:
  Non-class space:       64.00 MB reserved,       6.06 MB (  9%) committed,  1 nodes.
      Class space:        1.00 GB reserved,     704.00 KB ( <1%) committed,  1 nodes.
             Both:        1.06 GB reserved,       6.75 MB ( <1%) committed. 

Chunk freelists:
   Non-Class:  9.00 MB
       Class:  15.21 MB
        Both:  24.21 MB

MaxMetaspaceSize: unlimited
CompressedClassSpaceSize: 1.00 GB
Initial GC threshold: 21.00 MB
Current GC threshold: 21.00 MB
CDS: off
MetaspaceReclaimPolicy: balanced
 - commit_granule_bytes: 65536.
 - commit_granule_words: 8192.
 - virtual_space_node_default_size: 8388608.
 - enlarge_chunks_in_place: 1.
 - new_chunks_are_fully_committed: 0.
 - uncommit_free_chunks: 1.
 - use_allocation_guard: 0.
 - handle_deallocations: 1.


Internal statistics:

num_allocs_failed_limit: 0.
num_arena_births: 10.
num_arena_deaths: 0.
num_vsnodes_births: 2.
num_vsnodes_deaths: 0.
num_space_committed: 108.
num_space_uncommitted: 0.
num_chunks_returned_to_freelist: 0.
num_chunks_taken_from_freelist: 40.
num_chunk_merges: 0.
num_chunk_splits: 23.
num_chunks_enlarged: 21.
num_inconsistent_stats: 0.

CodeHeap 'non-profiled nmethods': size=120000Kb used=149Kb max_used=149Kb free=119850Kb
 bounds [0x000001f577570000, 0x000001f5777e0000, 0x000001f57eaa0000]
CodeHeap 'profiled nmethods': size=120000Kb used=662Kb max_used=662Kb free=119337Kb
 bounds [0x000001f56faa0000, 0x000001f56fd10000, 0x000001f576fd0000]
CodeHeap 'non-nmethods': size=5760Kb used=1114Kb max_used=1143Kb free=4645Kb
 bounds [0x000001f576fd0000, 0x000001f577240000, 0x000001f577570000]
 total_blobs=849 nmethods=465 adapters=299
 compilation: enabled
              stopped_count=0, restarted_count=0
 full_count=0

Compilation events (20 events):
Event: 0.702 Thread 0x000001f5062c6740 nmethod 441 0x000001f577593d10 code [0x000001f577593ea0, 0x000001f577594318]
Event: 0.702 Thread 0x000001f5060afbe0 nmethod 455 0x000001f56fb39090 code [0x000001f56fb399a0, 0x000001f56fb3df18]
Event: 0.702 Thread 0x000001f5060afbe0  456       3       java.util.HashMap::putVal (300 bytes)
Event: 0.703 Thread 0x000001f5060afbe0 nmethod 456 0x000001f56fb3f790 code [0x000001f56fb3fa40, 0x000001f56fb40b58]
Event: 0.703 Thread 0x000001f5060afbe0  454       3       java.util.Objects::nonNull (10 bytes)
Event: 0.703 Thread 0x000001f5060afbe0 nmethod 454 0x000001f56fb41010 code [0x000001f56fb411a0, 0x000001f56fb412f8]
Event: 0.703 Thread 0x000001f5060afbe0  459       3       java.lang.ref.Reference::<init> (25 bytes)
Event: 0.703 Thread 0x000001f5060afbe0 nmethod 459 0x000001f56fb41390 code [0x000001f56fb41520, 0x000001f56fb41718]
Event: 0.705 Thread 0x000001f5060afbe0  460       3       java.lang.Number::<init> (5 bytes)
Event: 0.705 Thread 0x000001f5060afbe0 nmethod 460 0x000001f56fb41810 code [0x000001f56fb419a0, 0x000001f56fb41af8]
Event: 0.705 Thread 0x000001f5062c6740  461       4       java.lang.String::charAt (25 bytes)
Event: 0.705 Thread 0x000001f5060afbe0  462       3       java.lang.Character::digit (6 bytes)
Event: 0.706 Thread 0x000001f5060afbe0 nmethod 462 0x000001f56fb41b90 code [0x000001f56fb41d40, 0x000001f56fb41f78]
Event: 0.706 Thread 0x000001f5060afbe0  463       3       java.lang.Character::digit (10 bytes)
Event: 0.706 Thread 0x000001f5060afbe0 nmethod 463 0x000001f56fb42090 code [0x000001f56fb42240, 0x000001f56fb42438]
Event: 0.706 Thread 0x000001f5060afbe0  464       3       java.lang.CharacterDataLatin1::digit (32 bytes)
Event: 0.706 Thread 0x000001f5060afbe0 nmethod 464 0x000001f56fb42510 code [0x000001f56fb426c0, 0x000001f56fb42918]
Event: 0.706 Thread 0x000001f5060afbe0  465       3       java.lang.Integer::parseInt (264 bytes)
Event: 0.707 Thread 0x000001f5062c6740 nmethod 461 0x000001f577594590 code [0x000001f577594720, 0x000001f577594808]
Event: 0.707 Thread 0x000001f5060772c0 nmethod 458 0x000001f577594910 code [0x000001f577594ac0, 0x000001f5775950e8]

GC Heap History (0 events):
No events

Dll operation events (8 events):
Event: 0.038 Loaded shared library c:\Users\Kiet\.vscode\extensions\redhat.java-1.28.1-win32-x64\jre\17.0.10-win32-x86_64\bin\java.dll
Event: 0.315 Loaded shared library c:\Users\Kiet\.vscode\extensions\redhat.java-1.28.1-win32-x64\jre\17.0.10-win32-x86_64\bin\zip.dll
Event: 0.320 Loaded shared library C:\Users\Kiet\.vscode\extensions\redhat.java-1.28.1-win32-x64\jre\17.0.10-win32-x86_64\bin\instrument.dll
Event: 0.355 Loaded shared library C:\Users\Kiet\.vscode\extensions\redhat.java-1.28.1-win32-x64\jre\17.0.10-win32-x86_64\bin\net.dll
Event: 0.358 Loaded shared library C:\Users\Kiet\.vscode\extensions\redhat.java-1.28.1-win32-x64\jre\17.0.10-win32-x86_64\bin\nio.dll
Event: 0.368 Loaded shared library C:\Users\Kiet\.vscode\extensions\redhat.java-1.28.1-win32-x64\jre\17.0.10-win32-x86_64\bin\zip.dll
Event: 0.396 Loaded shared library C:\Users\Kiet\.vscode\extensions\redhat.java-1.28.1-win32-x64\jre\17.0.10-win32-x86_64\bin\jimage.dll
Event: 0.500 Loaded shared library c:\Users\Kiet\.vscode\extensions\redhat.java-1.28.1-win32-x64\jre\17.0.10-win32-x86_64\bin\verify.dll

Deoptimization events (20 events):
Event: 0.499 Thread 0x000001f56ce10240 DEOPT PACKING pc=0x000001f577585dcc sp=0x000000e0ebbfcac0
Event: 0.499 Thread 0x000001f56ce10240 DEOPT UNPACKING pc=0x000001f577029ea3 sp=0x000000e0ebbfc950 mode 2
Event: 0.642 Thread 0x000001f56ce10240 Uncommon trap: trap_request=0xffffff45 fr.pc=0x000001f57757acdc relative=0x000000000000005c
Event: 0.642 Thread 0x000001f56ce10240 Uncommon trap: reason=unstable_if action=reinterpret pc=0x000001f57757acdc method=java.lang.String.isLatin1()Z @ 10 c2
Event: 0.642 Thread 0x000001f56ce10240 DEOPT PACKING pc=0x000001f57757acdc sp=0x000000e0ebbfe3c0
Event: 0.642 Thread 0x000001f56ce10240 DEOPT UNPACKING pc=0x000001f577029ea3 sp=0x000000e0ebbfe350 mode 2
Event: 0.643 Thread 0x000001f56ce10240 Uncommon trap: trap_request=0xffffff45 fr.pc=0x000001f57757f0f4 relative=0x0000000000000074
Event: 0.643 Thread 0x000001f56ce10240 Uncommon trap: reason=unstable_if action=reinterpret pc=0x000001f57757f0f4 method=java.lang.String.isLatin1()Z @ 10 c2
Event: 0.643 Thread 0x000001f56ce10240 DEOPT PACKING pc=0x000001f57757f0f4 sp=0x000000e0ebbfedd0
Event: 0.643 Thread 0x000001f56ce10240 DEOPT UNPACKING pc=0x000001f577029ea3 sp=0x000000e0ebbfed10 mode 2
Event: 0.691 Thread 0x000001f56ce10240 DEOPT PACKING pc=0x000001f56faba280 sp=0x000000e0ebbfac50
Event: 0.691 Thread 0x000001f56ce10240 DEOPT UNPACKING pc=0x000001f57702a9e3 sp=0x000000e0ebbfa110 mode 0
Event: 0.694 Thread 0x000001f56ce10240 DEOPT PACKING pc=0x000001f56faba280 sp=0x000000e0ebbfac90
Event: 0.694 Thread 0x000001f56ce10240 DEOPT UNPACKING pc=0x000001f57702a9e3 sp=0x000000e0ebbfa150 mode 0
Event: 0.699 Thread 0x000001f56ce10240 Uncommon trap: trap_request=0xffffff45 fr.pc=0x000001f57757d868 relative=0x0000000000000588
Event: 0.699 Thread 0x000001f56ce10240 Uncommon trap: reason=unstable_if action=reinterpret pc=0x000001f57757d868 method=java.util.HashMap.putVal(ILjava/lang/Object;Ljava/lang/Object;ZZ)Ljava/lang/Object; @ 181 c2
Event: 0.699 Thread 0x000001f56ce10240 DEOPT PACKING pc=0x000001f57757d868 sp=0x000000e0ebbfdc20
Event: 0.699 Thread 0x000001f56ce10240 DEOPT UNPACKING pc=0x000001f577029ea3 sp=0x000000e0ebbfdb90 mode 2
Event: 0.700 Thread 0x000001f56ce10240 DEOPT PACKING pc=0x000001f56faba280 sp=0x000000e0ebbfba80
Event: 0.700 Thread 0x000001f56ce10240 DEOPT UNPACKING pc=0x000001f57702a9e3 sp=0x000000e0ebbfaf40 mode 0

Classes unloaded (0 events):
No events

Classes redefined (0 events):
No events

Internal exceptions (2 events):
Event: 0.230 Thread 0x000001f56ce10240 Exception <a 'java/lang/NoSuchMethodError'{0x00000000eacb4f50}: 'void java.lang.invoke.DirectMethodHandle$Holder.invokeStatic(java.lang.Object, java.lang.Object, java.lang.Object)'> (0x00000000eacb4f50) 
thrown [s\src\hotspot\share\interpreter\linkResolver.cpp, line 759]
Event: 0.523 Thread 0x000001f56ce10240 Exception <a 'java/lang/reflect/InvocationTargetException'{0x00000000eafe57d8}> (0x00000000eafe57d8) 
thrown [s\src\hotspot\share\runtime\reflection.cpp, line 1121]

VM Operations (4 events):
Event: 0.235 Executing VM operation: HandshakeAllThreads
Event: 0.235 Executing VM operation: HandshakeAllThreads done
Event: 0.421 Executing VM operation: HandshakeAllThreads
Event: 0.421 Executing VM operation: HandshakeAllThreads done

Events (20 events):
Event: 0.703 loading class sun/security/util/ObjectIdentifier done
Event: 0.703 loading class sun/security/util/DerValue
Event: 0.703 loading class sun/security/util/DerValue done
Event: 0.703 loading class sun/security/util/DerOutputStream
Event: 0.704 loading class sun/security/util/DerEncoder
Event: 0.704 loading class sun/security/util/DerEncoder done
Event: 0.704 loading class sun/security/util/DerOutputStream done
Event: 0.704 loading class sun/security/util/ByteArrayLexOrder
Event: 0.704 loading class sun/security/util/ByteArrayLexOrder done
Event: 0.704 loading class sun/security/util/ByteArrayTagOrder
Event: 0.704 loading class sun/security/util/ByteArrayTagOrder done
Event: 0.704 loading class java/math/BigInteger
Event: 0.705 loading class java/math/BigInteger done
Event: 0.705 loading class sun/security/x509/AlgorithmId
Event: 0.705 loading class sun/security/x509/AlgorithmId done
Event: 0.706 loading class java/security/cert/CertificateFactory
Event: 0.706 loading class java/security/cert/CertificateFactory done
Event: 0.706 loading class java/security/cert/CertificateFactorySpi
Event: 0.706 loading class java/security/cert/CertificateFactorySpi done
Event: 0.706 loading class sun/security/jca/GetInstance


Dynamic libraries:
0x00007ff7eaba0000 - 0x00007ff7eabae000 	c:\Users\Kiet\.vscode\extensions\redhat.java-1.28.1-win32-x64\jre\17.0.10-win32-x86_64\bin\java.exe
0x00007ffe72250000 - 0x00007ffe72466000 	C:\WINDOWS\SYSTEM32\ntdll.dll
0x00007ffe70910000 - 0x00007ffe709d4000 	C:\WINDOWS\System32\KERNEL32.DLL
0x00007ffe6f720000 - 0x00007ffe6fac6000 	C:\WINDOWS\System32\KERNELBASE.dll
0x00007ffe6fe80000 - 0x00007ffe6ff91000 	C:\WINDOWS\System32\ucrtbase.dll
0x00007ffe67470000 - 0x00007ffe67487000 	c:\Users\Kiet\.vscode\extensions\redhat.java-1.28.1-win32-x64\jre\17.0.10-win32-x86_64\bin\jli.dll
0x00007ffe5bdd0000 - 0x00007ffe5bdeb000 	c:\Users\Kiet\.vscode\extensions\redhat.java-1.28.1-win32-x64\jre\17.0.10-win32-x86_64\bin\VCRUNTIME140.dll
0x00007ffe70650000 - 0x00007ffe707fd000 	C:\WINDOWS\System32\USER32.dll
0x00007ffe6f590000 - 0x00007ffe6f5b6000 	C:\WINDOWS\System32\win32u.dll
0x00007ffe5e1e0000 - 0x00007ffe5e473000 	C:\WINDOWS\WinSxS\amd64_microsoft.windows.common-controls_6595b64144ccf1df_6.0.22621.3235_none_270f74e173860f98\COMCTL32.dll
0x00007ffe71150000 - 0x00007ffe71179000 	C:\WINDOWS\System32\GDI32.dll
0x00007ffe70540000 - 0x00007ffe705e7000 	C:\WINDOWS\System32\msvcrt.dll
0x00007ffe6fd60000 - 0x00007ffe6fe78000 	C:\WINDOWS\System32\gdi32full.dll
0x00007ffe6fcc0000 - 0x00007ffe6fd5a000 	C:\WINDOWS\System32\msvcp_win.dll
0x00007ffe70800000 - 0x00007ffe70831000 	C:\WINDOWS\System32\IMM32.DLL
0x00007ffe64fc0000 - 0x00007ffe64fcc000 	c:\Users\Kiet\.vscode\extensions\redhat.java-1.28.1-win32-x64\jre\17.0.10-win32-x86_64\bin\vcruntime140_1.dll
0x00007ffe3d670000 - 0x00007ffe3d6fd000 	c:\Users\Kiet\.vscode\extensions\redhat.java-1.28.1-win32-x64\jre\17.0.10-win32-x86_64\bin\msvcp140.dll
0x00007ffe2c6c0000 - 0x00007ffe2d322000 	c:\Users\Kiet\.vscode\extensions\redhat.java-1.28.1-win32-x64\jre\17.0.10-win32-x86_64\bin\server\jvm.dll
0x00007ffe72150000 - 0x00007ffe72202000 	C:\WINDOWS\System32\ADVAPI32.dll
0x00007ffe70330000 - 0x00007ffe703d8000 	C:\WINDOWS\System32\sechost.dll
0x00007ffe6f6f0000 - 0x00007ffe6f718000 	C:\WINDOWS\System32\bcrypt.dll
0x00007ffe71e80000 - 0x00007ffe71f95000 	C:\WINDOWS\System32\RPCRT4.dll
0x00007ffe6f460000 - 0x00007ffe6f4ad000 	C:\WINDOWS\SYSTEM32\POWRPROF.dll
0x00007ffe62220000 - 0x00007ffe62229000 	C:\WINDOWS\SYSTEM32\WSOCK32.dll
0x00007ffe710d0000 - 0x00007ffe71141000 	C:\WINDOWS\System32\WS2_32.dll
0x00007ffe69550000 - 0x00007ffe69584000 	C:\WINDOWS\SYSTEM32\WINMM.dll
0x00007ffe68430000 - 0x00007ffe6843a000 	C:\WINDOWS\SYSTEM32\VERSION.dll
0x00007ffe6f440000 - 0x00007ffe6f453000 	C:\WINDOWS\SYSTEM32\UMPDC.dll
0x00007ffe6e5d0000 - 0x00007ffe6e5e8000 	C:\WINDOWS\SYSTEM32\kernel.appcore.dll
0x00007ffe61aa0000 - 0x00007ffe61aaa000 	c:\Users\Kiet\.vscode\extensions\redhat.java-1.28.1-win32-x64\jre\17.0.10-win32-x86_64\bin\jimage.dll
0x00007ffe6ce20000 - 0x00007ffe6d053000 	C:\WINDOWS\SYSTEM32\DBGHELP.DLL
0x00007ffe6ffa0000 - 0x00007ffe70328000 	C:\WINDOWS\System32\combase.dll
0x00007ffe71180000 - 0x00007ffe71257000 	C:\WINDOWS\System32\OLEAUT32.dll
0x00007ffe68a70000 - 0x00007ffe68aa2000 	C:\WINDOWS\SYSTEM32\dbgcore.DLL
0x00007ffe6fad0000 - 0x00007ffe6fb4a000 	C:\WINDOWS\System32\bcryptPrimitives.dll
0x00007ffe5e5b0000 - 0x00007ffe5e5be000 	c:\Users\Kiet\.vscode\extensions\redhat.java-1.28.1-win32-x64\jre\17.0.10-win32-x86_64\bin\instrument.dll
0x00007ffe4ac60000 - 0x00007ffe4ac85000 	c:\Users\Kiet\.vscode\extensions\redhat.java-1.28.1-win32-x64\jre\17.0.10-win32-x86_64\bin\java.dll
0x00007ffe57790000 - 0x00007ffe577a8000 	c:\Users\Kiet\.vscode\extensions\redhat.java-1.28.1-win32-x64\jre\17.0.10-win32-x86_64\bin\zip.dll
0x00007ffe71510000 - 0x00007ffe71d6d000 	C:\WINDOWS\System32\SHELL32.dll
0x00007ffe6d4f0000 - 0x00007ffe6dde8000 	C:\WINDOWS\SYSTEM32\windows.storage.dll
0x00007ffe6d3b0000 - 0x00007ffe6d4ee000 	C:\WINDOWS\SYSTEM32\wintypes.dll
0x00007ffe71fb0000 - 0x00007ffe720a3000 	C:\WINDOWS\System32\SHCORE.dll
0x00007ffe71e20000 - 0x00007ffe71e7e000 	C:\WINDOWS\System32\shlwapi.dll
0x00007ffe6f4c0000 - 0x00007ffe6f4e6000 	C:\WINDOWS\SYSTEM32\profapi.dll
0x00007ffe4ee00000 - 0x00007ffe4ee19000 	C:\Users\Kiet\.vscode\extensions\redhat.java-1.28.1-win32-x64\jre\17.0.10-win32-x86_64\bin\net.dll
0x00007ffe69c40000 - 0x00007ffe69d77000 	C:\WINDOWS\SYSTEM32\WINHTTP.dll
0x00007ffe6ea50000 - 0x00007ffe6eab9000 	C:\WINDOWS\system32\mswsock.dll
0x00007ffe4e500000 - 0x00007ffe4e516000 	C:\Users\Kiet\.vscode\extensions\redhat.java-1.28.1-win32-x64\jre\17.0.10-win32-x86_64\bin\nio.dll
0x00007ffe5be10000 - 0x00007ffe5be20000 	c:\Users\Kiet\.vscode\extensions\redhat.java-1.28.1-win32-x64\jre\17.0.10-win32-x86_64\bin\verify.dll

dbghelp: loaded successfully - version: 4.0.5 - missing functions: none
symbol engine: initialized successfully - sym options: 0x614 - pdb path: .;c:\Users\Kiet\.vscode\extensions\redhat.java-1.28.1-win32-x64\jre\17.0.10-win32-x86_64\bin;C:\WINDOWS\SYSTEM32;C:\WINDOWS\WinSxS\amd64_microsoft.windows.common-controls_6595b64144ccf1df_6.0.22621.3235_none_270f74e173860f98;c:\Users\Kiet\.vscode\extensions\redhat.java-1.28.1-win32-x64\jre\17.0.10-win32-x86_64\bin\server

VM Arguments:
jvm_args: --add-modules=ALL-SYSTEM --add-opens=java.base/java.util=ALL-UNNAMED --add-opens=java.base/java.lang=ALL-UNNAMED --add-opens=java.base/sun.nio.fs=ALL-UNNAMED -Declipse.application=org.eclipse.jdt.ls.core.id1 -Dosgi.bundles.defaultStartLevel=4 -Declipse.product=org.eclipse.jdt.ls.core.product -Djava.import.generatesMetadataFilesAtProjectRoot=false -DDetectVMInstallationsJob.disabled=true -Dfile.encoding=utf8 -XX:+UseParallelGC -XX:GCTimeRatio=4 -XX:AdaptiveSizePolicyWeight=90 -Dsun.zip.disableMemoryMapping=true -Xmx1G -Xms100m -Xlog:disable -javaagent:c:\Users\Kiet\.vscode\extensions\redhat.java-1.28.1-win32-x64\lombok\lombok-1.18.31.jar 
java_command: c:\Users\Kiet\.vscode\extensions\redhat.java-1.28.1-win32-x64\server\plugins\org.eclipse.equinox.launcher_1.6.700.v20231214-2017.jar -configuration c:\Users\Kiet\AppData\Roaming\Code\User\globalStorage\redhat.java\1.28.1\config_ss_win -data c:\Users\Kiet\AppData\Roaming\Code\User\workspaceStorage\794778fa6a47f198356234ad77415c6f\redhat.java\ss_ws --stdio
java_class_path (initial): c:\Users\Kiet\.vscode\extensions\redhat.java-1.28.1-win32-x64\server\plugins\org.eclipse.equinox.launcher_1.6.700.v20231214-2017.jar
Launcher Type: SUN_STANDARD

[Global flags]
    uintx AdaptiveSizePolicyWeight                 = 90                                        {product} {command line}
     intx CICompilerCount                          = 4                                         {product} {ergonomic}
    uintx GCTimeRatio                              = 4                                         {product} {command line}
   size_t InitialHeapSize                          = 104857600                                 {product} {command line}
   size_t MaxHeapSize                              = 1073741824                                {product} {command line}
   size_t MaxNewSize                               = 357564416                                 {product} {ergonomic}
   size_t MinHeapDeltaBytes                        = 524288                                    {product} {ergonomic}
   size_t MinHeapSize                              = 104857600                                 {product} {command line}
   size_t NewSize                                  = 34603008                                  {product} {ergonomic}
    uintx NonNMethodCodeHeapSize                   = 5839372                                {pd product} {ergonomic}
    uintx NonProfiledCodeHeapSize                  = 122909434                              {pd product} {ergonomic}
   size_t OldSize                                  = 70254592                                  {product} {ergonomic}
    uintx ProfiledCodeHeapSize                     = 122909434                              {pd product} {ergonomic}
    uintx ReservedCodeCacheSize                    = 251658240                              {pd product} {ergonomic}
     bool SegmentedCodeCache                       = true                                      {product} {ergonomic}
   size_t SoftMaxHeapSize                          = 1073741824                             {manageable} {ergonomic}
     bool UseCompressedClassPointers               = true                           {product lp64_product} {ergonomic}
     bool UseCompressedOops                        = true                           {product lp64_product} {ergonomic}
     bool UseLargePagesIndividualAllocation        = false                                  {pd product} {ergonomic}
     bool UseParallelGC                            = true                                      {product} {command line}

Logging:
Log output configuration:
 #0: stdout all=off uptime,level,tags
 #1: stderr all=off uptime,level,tags

Environment Variables:
PATH=C:\Program Files\Common Files\Oracle\Java\javapath;C:\Program Files (x86)\Common Files\Oracle\Java\javapath;C:\WINDOWS\system32;C:\WINDOWS;C:\WINDOWS\System32\Wbem;C:\WINDOWS\System32\WindowsPowerShell\v1.0\;C:\WINDOWS\System32\OpenSSH\;C:\Program Files\dotnet\;C:\Program Files\Common Files\Oracle\Java\javapath;C:\Program Files\Java\jdk-11\bin;C:\Program Files (x86)\Microsoft SQL Server\160\Tools\Binn\;C:\Program Files\Microsoft SQL Server\160\Tools\Binn\;C:\Program Files\Microsoft SQL Server\Client SDK\ODBC\170\Tools\Binn\;C:\Program Files\Microsoft SQL Server\160\DTS\Binn\;C:\Program Files (x86)\Microsoft SQL Server\160\DTS\Binn\;C:\Program Files\Azure Data Studio\bin;C:\Program Files\apache-maven-3.9.6\bin;C:\Program Files\Git\cmd;C:\Program Files\nodejs\;C:\Users\Kiet\AppData\Local\Microsoft\WindowsApps;C:\Users\Kiet\AppData\Local\Programs\Microsoft VS Code\bin;C:\Users\Kiet\AppData\Local\GitHubDesktop\bin;C:\Users\Kiet\.dotnet\tools;C:\Program Files\Azure Data Studio\bin;C:\Users\Kiet\AppData\Roaming\npm
USERNAME=Kiet
OS=Windows_NT
PROCESSOR_IDENTIFIER=Intel64 Family 6 Model 126 Stepping 5, GenuineIntel
TMP=C:\Users\Kiet\AppData\Local\Temp
TEMP=C:\Users\Kiet\AppData\Local\Temp



Periodic native trim disabled


---------------  S Y S T E M  ---------------

OS:
 Windows 11 , 64 bit Build 22621 (10.0.22621.3235)
OS uptime: 3 days 8:16 hours

CPU: total 8 (initial active 8) (4 cores per cpu, 2 threads per core) family 6 model 126 stepping 5 microcode 0xa6, cx8, cmov, fxsr, ht, mmx, 3dnowpref, sse, sse2, sse3, ssse3, sse4.1, sse4.2, popcnt, lzcnt, tsc, tscinvbit, avx, avx2, aes, erms, clmul, bmi1, bmi2, adx, avx512f, avx512dq, avx512cd, avx512bw, avx512vl, sha, fma, vzeroupper, avx512_vpopcntdq, avx512_vpclmulqdq, avx512_vaes, avx512_vnni, clflush, clflushopt, avx512_vbmi2, avx512_vbmi
Processor Information for all 8 processors :
  Max Mhz: 1190, Current Mhz: 991, Mhz Limit: 987

Memory: 4k page, system-wide physical 7987M (724M free)
TotalPageFile size 10035M (AvailPageFile size 183M)
current process WorkingSet (physical memory assigned to process): 45M, peak: 45M
current process commit charge ("private bytes"): 189M, peak: 189M

vm_info: OpenJDK 64-Bit Server VM (17.0.10+7) for windows-amd64 JRE (17.0.10+7), built on Jan 16 2024 23:25:11 by "admin" with MS VC++ 16.10 / 16.11 (VS2019)

END.
