#
# There is insufficient memory for the Java Runtime Environment to continue.
# Native memory allocation (malloc) failed to allocate 1077616 bytes for Chunk::new
# Possible reasons:
#   The system is out of physical RAM or swap space
#   The process is running with CompressedOops enabled, and the Java Heap may be blocking the growth of the native heap
# Possible solutions:
#   Reduce memory load on the system
#   Increase physical memory or swap space
#   Check if swap backing store is full
#   Decrease Java heap size (-Xmx/-Xms)
#   Decrease number of Java threads
#   Decrease Java thread stack sizes (-Xss)
#   Set larger code cache with -XX:ReservedCodeCacheSize=
#   JVM is running with Unscaled Compressed Oops mode in which the Java heap is
#     placed in the first 4GB address space. The Java Heap base address is the
#     maximum limit for the native heap growth. Please use -XX:HeapBaseMinAddress
#     to set the Java Heap base and to place the Java Heap above 4GB virtual address.
# This output file may be truncated or incomplete.
#
#  Out of Memory Error (arena.cpp:168), pid=8748, tid=10552
#
# JRE version: Java(TM) SE Runtime Environment (21.0.2+13) (build 21.0.2+13-LTS-58)
# Java VM: Java HotSpot(TM) 64-Bit Server VM (21.0.2+13-LTS-58, mixed mode, sharing, tiered, compressed oops, compressed class ptrs, g1 gc, windows-amd64)
# No core dump will be written. Minidumps are not enabled by default on client versions of Windows
#

---------------  S U M M A R Y ------------

Command Line: -XX:+ShowCodeDetailsInExceptionMessages GUI.LogIn

Host: Intel(R) Core(TM) i5-1035G1 CPU @ 1.00GHz, 8 cores, 7G,  Windows 11 , 64 bit Build 22621 (10.0.22621.3374)
Time: Sun Apr 28 13:19:25 2024 SE Asia Standard Time elapsed time: 2.904373 seconds (0d 0h 0m 2s)

---------------  T H R E A D  ---------------

Current thread (0x0000023ca67982a0):  JavaThread "C2 CompilerThread0" daemon [_thread_in_native, id=10552, stack(0x000000478fb00000,0x000000478fc00000) (1024K)]


Current CompileTask:
C2:   2904 2333 %     4       sun.java2d.marlin.Renderer::_endRendering @ 1815 (2646 bytes)

Stack: [0x000000478fb00000,0x000000478fc00000]
Native frames: (J=compiled Java code, j=interpreted, Vv=VM code, C=native code)
V  [jvm.dll+0x6cade9]
V  [jvm.dll+0x8569c1]
V  [jvm.dll+0x858d2e]
V  [jvm.dll+0x859413]
V  [jvm.dll+0x280e56]
V  [jvm.dll+0xc3f3d]
V  [jvm.dll+0xc4473]
V  [jvm.dll+0x3b5bf2]
V  [jvm.dll+0x1e2209]
V  [jvm.dll+0x249d22]
V  [jvm.dll+0x2491b1]
V  [jvm.dll+0x1c9634]
V  [jvm.dll+0x258859]
V  [jvm.dll+0x256e3a]
V  [jvm.dll+0x3ef6c6]
V  [jvm.dll+0x7ff568]
V  [jvm.dll+0x6c953d]
C  [ucrtbase.dll+0x29333]
C  [KERNEL32.DLL+0x1257d]
C  [ntdll.dll+0x5aa48]


---------------  P R O C E S S  ---------------

Threads class SMR info:
_java_thread_list=0x0000023cec79a2f0, length=16, elements={
0x0000023ca6318e00, 0x0000023ca631afd0, 0x0000023ca631bc30, 0x0000023ca631e7a0,
0x0000023ca6321490, 0x0000023ca6322100, 0x0000023ca67982a0, 0x0000023ca6327430,
0x0000023ca692b430, 0x0000023ca6927fb0, 0x0000023ca6928640, 0x0000023ca6928cd0,
0x0000023ca6929360, 0x0000023ca692a710, 0x0000023ca692a080, 0x0000023cecee3c10
}

Java Threads: ( => current thread )
  0x0000023ca6318e00 JavaThread "Reference Handler"          daemon [_thread_blocked, id=2032, stack(0x000000478f500000,0x000000478f600000) (1024K)]
  0x0000023ca631afd0 JavaThread "Finalizer"                  daemon [_thread_blocked, id=6888, stack(0x000000478f600000,0x000000478f700000) (1024K)]
  0x0000023ca631bc30 JavaThread "Signal Dispatcher"          daemon [_thread_blocked, id=8356, stack(0x000000478f700000,0x000000478f800000) (1024K)]
  0x0000023ca631e7a0 JavaThread "Attach Listener"            daemon [_thread_blocked, id=19852, stack(0x000000478f800000,0x000000478f900000) (1024K)]
  0x0000023ca6321490 JavaThread "Service Thread"             daemon [_thread_blocked, id=16180, stack(0x000000478f900000,0x000000478fa00000) (1024K)]
  0x0000023ca6322100 JavaThread "Monitor Deflation Thread"   daemon [_thread_blocked, id=9844, stack(0x000000478fa00000,0x000000478fb00000) (1024K)]
=>0x0000023ca67982a0 JavaThread "C2 CompilerThread0"         daemon [_thread_in_native, id=10552, stack(0x000000478fb00000,0x000000478fc00000) (1024K)]
  0x0000023ca6327430 JavaThread "C1 CompilerThread0"         daemon [_thread_blocked, id=18348, stack(0x000000478fc00000,0x000000478fd00000) (1024K)]
  0x0000023ca692b430 JavaThread "Notification Thread"        daemon [_thread_blocked, id=3544, stack(0x000000478fd00000,0x000000478fe00000) (1024K)]
  0x0000023ca6927fb0 JavaThread "Common-Cleaner"             daemon [_thread_blocked, id=2844, stack(0x000000478fe00000,0x000000478ff00000) (1024K)]
  0x0000023ca6928640 JavaThread "Java2D Disposer"            daemon [_thread_blocked, id=14364, stack(0x0000004790000000,0x0000004790100000) (1024K)]
  0x0000023ca6928cd0 JavaThread "AWT-Shutdown"                      [_thread_blocked, id=3676, stack(0x0000004790100000,0x0000004790200000) (1024K)]
  0x0000023ca6929360 JavaThread "AWT-Windows"                daemon [_thread_in_native, id=19744, stack(0x0000004790200000,0x0000004790300000) (1024K)]
  0x0000023ca692a710 JavaThread "AWT-EventQueue-0"                  [_thread_blocked, id=13220, stack(0x0000004790900000,0x0000004790a00000) (1024K)]
  0x0000023ca692a080 JavaThread "DestroyJavaVM"                     [_thread_blocked, id=18136, stack(0x000000478ed00000,0x000000478ee00000) (1024K)]
  0x0000023cecee3c10 JavaThread "TimerQueue"                 daemon [_thread_blocked, id=4000, stack(0x0000004790f00000,0x0000004791000000) (1024K)]
Total: 16

Other Threads:
  0x0000023ca62f8f80 VMThread "VM Thread"                           [id=1636, stack(0x000000478f400000,0x000000478f500000) (1024K)]
  0x0000023ca62e2bf0 WatcherThread "VM Periodic Task Thread"        [id=19696, stack(0x000000478f300000,0x000000478f400000) (1024K)]
  0x0000023c89d88ce0 WorkerThread "GC Thread#0"                     [id=4648, stack(0x000000478ee00000,0x000000478ef00000) (1024K)]
  0x0000023cec6f6790 WorkerThread "GC Thread#1"                     [id=3108, stack(0x0000004790300000,0x0000004790400000) (1024K)]
  0x0000023cec51c890 WorkerThread "GC Thread#2"                     [id=15340, stack(0x0000004790400000,0x0000004790500000) (1024K)]
  0x0000023cec49a090 WorkerThread "GC Thread#3"                     [id=1472, stack(0x0000004790500000,0x0000004790600000) (1024K)]
  0x0000023cec49b070 WorkerThread "GC Thread#4"                     [id=5900, stack(0x0000004790600000,0x0000004790700000) (1024K)]
  0x0000023cec24b6b0 WorkerThread "GC Thread#5"                     [id=16296, stack(0x0000004790700000,0x0000004790800000) (1024K)]
  0x0000023cec24ba50 WorkerThread "GC Thread#6"                     [id=19128, stack(0x0000004790800000,0x0000004790900000) (1024K)]
  0x0000023cecbd87a0 WorkerThread "GC Thread#7"                     [id=7452, stack(0x0000004790e00000,0x0000004790f00000) (1024K)]
  0x0000023c89dd7010 ConcurrentGCThread "G1 Main Marker"            [id=11860, stack(0x000000478ef00000,0x000000478f000000) (1024K)]
  0x0000023c89dd99e0 WorkerThread "G1 Conc#0"                       [id=5952, stack(0x000000478f000000,0x000000478f100000) (1024K)]
  0x0000023ca61afff0 ConcurrentGCThread "G1 Refine#0"               [id=1496, stack(0x000000478f100000,0x000000478f200000) (1024K)]
  0x0000023ca61b0a70 ConcurrentGCThread "G1 Service"                [id=16928, stack(0x000000478f200000,0x000000478f300000) (1024K)]
Total: 14

Threads with active compile tasks:
C2 CompilerThread0     2929 2333 %     4       sun.java2d.marlin.Renderer::_endRendering @ 1815 (2646 bytes)
Total: 1

VM state: not at safepoint (normal execution)

VM Mutex/Monitor currently owned by a thread: None

Heap address: 0x0000000083200000, size: 1998 MB, Compressed Oops mode: 32-bit

CDS archive(s) mapped at: [0x0000023ca7000000-0x0000023ca7c90000-0x0000023ca7c90000), size 13172736, SharedBaseAddress: 0x0000023ca7000000, ArchiveRelocationMode: 1.
Compressed class space mapped at: 0x0000023ca8000000-0x0000023ce8000000, reserved size: 1073741824
Narrow klass base: 0x0000023ca7000000, Narrow klass shift: 0, Narrow klass range: 0x100000000

GC Precious Log:
 CardTable entry size: 512
 Card Set container configuration: InlinePtr #cards 5 size 8 Array Of Cards #cards 12 size 40 Howl #buckets 4 coarsen threshold 1843 Howl Bitmap #cards 512 size 80 coarsen threshold 460 Card regions per heap region 1 cards per card region 2048
 CPUs: 8 total, 8 available
 Memory: 7987M
 Large Page Support: Disabled
 NUMA Support: Disabled
 Compressed Oops: Enabled (32-bit)
 Heap Region Size: 1M
 Heap Min Capacity: 8M
 Heap Initial Capacity: 126M
 Heap Max Capacity: 1998M
 Pre-touch: Disabled
 Parallel Workers: 8
 Concurrent Workers: 2
 Concurrent Refinement Workers: 8
 Periodic GC: Disabled

Heap:
 garbage-first heap   total 129024K, used 21166K [0x0000000083200000, 0x0000000100000000)
  region size 1024K, 8 young (8192K), 3 survivors (3072K)
 Metaspace       used 13971K, committed 14336K, reserved 1114112K
  class space    used 1482K, committed 1664K, reserved 1048576K

Heap Regions: E=young(eden), S=young(survivor), O=old, HS=humongous(starts), HC=humongous(continues), CS=collection set, F=free, TAMS=top-at-mark-start, PB=parsable bottom
|   0|0x0000000083200000, 0x0000000083300000, 0x0000000083300000|100%|HS|  |TAMS 0x0000000083200000| PB 0x0000000083200000| Complete 
|   1|0x0000000083300000, 0x0000000083400000, 0x0000000083400000|100%|HC|  |TAMS 0x0000000083300000| PB 0x0000000083300000| Complete 
|   2|0x0000000083400000, 0x0000000083500000, 0x0000000083500000|100%|HS|  |TAMS 0x0000000083400000| PB 0x0000000083400000| Complete 
|   3|0x0000000083500000, 0x0000000083600000, 0x0000000083600000|100%| O|  |TAMS 0x0000000083500000| PB 0x0000000083500000| Untracked 
|   4|0x0000000083600000, 0x0000000083700000, 0x0000000083700000|100%| O|  |TAMS 0x0000000083600000| PB 0x0000000083600000| Untracked 
|   5|0x0000000083700000, 0x0000000083800000, 0x0000000083800000|100%| O|  |TAMS 0x0000000083700000| PB 0x0000000083700000| Untracked 
|   6|0x0000000083800000, 0x0000000083900000, 0x0000000083900000|100%| O|  |TAMS 0x0000000083800000| PB 0x0000000083800000| Untracked 
|   7|0x0000000083900000, 0x0000000083a00000, 0x0000000083a00000|100%| O|  |TAMS 0x0000000083900000| PB 0x0000000083900000| Untracked 
|   8|0x0000000083a00000, 0x0000000083b00000, 0x0000000083b00000|100%|HS|  |TAMS 0x0000000083a00000| PB 0x0000000083a00000| Complete 
|   9|0x0000000083b00000, 0x0000000083c00000, 0x0000000083c00000|100%|HC|  |TAMS 0x0000000083b00000| PB 0x0000000083b00000| Complete 
|  10|0x0000000083c00000, 0x0000000083d00000, 0x0000000083d00000|100%|HC|  |TAMS 0x0000000083c00000| PB 0x0000000083c00000| Complete 
|  11|0x0000000083d00000, 0x0000000083e00000, 0x0000000083e00000|100%| O|  |TAMS 0x0000000083d00000| PB 0x0000000083d00000| Untracked 
|  12|0x0000000083e00000, 0x0000000083f00000, 0x0000000083f00000|100%| O|  |TAMS 0x0000000083e00000| PB 0x0000000083e00000| Untracked 
|  13|0x0000000083f00000, 0x0000000083fdca38, 0x0000000084000000| 86%| O|  |TAMS 0x0000000083f00000| PB 0x0000000083f00000| Untracked 
|  14|0x0000000084000000, 0x0000000084000000, 0x0000000084100000|  0%| F|  |TAMS 0x0000000084000000| PB 0x0000000084000000| Untracked 
|  15|0x0000000084100000, 0x0000000084100000, 0x0000000084200000|  0%| F|  |TAMS 0x0000000084100000| PB 0x0000000084100000| Untracked 
|  16|0x0000000084200000, 0x0000000084200000, 0x0000000084300000|  0%| F|  |TAMS 0x0000000084200000| PB 0x0000000084200000| Untracked 
|  17|0x0000000084300000, 0x0000000084300000, 0x0000000084400000|  0%| F|  |TAMS 0x0000000084300000| PB 0x0000000084300000| Untracked 
|  18|0x0000000084400000, 0x0000000084400000, 0x0000000084500000|  0%| F|  |TAMS 0x0000000084400000| PB 0x0000000084400000| Untracked 
|  19|0x0000000084500000, 0x0000000084500000, 0x0000000084600000|  0%| F|  |TAMS 0x0000000084500000| PB 0x0000000084500000| Untracked 
|  20|0x0000000084600000, 0x0000000084600000, 0x0000000084700000|  0%| F|  |TAMS 0x0000000084600000| PB 0x0000000084600000| Untracked 
|  21|0x0000000084700000, 0x0000000084700000, 0x0000000084800000|  0%| F|  |TAMS 0x0000000084700000| PB 0x0000000084700000| Untracked 
|  22|0x0000000084800000, 0x0000000084800000, 0x0000000084900000|  0%| F|  |TAMS 0x0000000084800000| PB 0x0000000084800000| Untracked 
|  23|0x0000000084900000, 0x0000000084900000, 0x0000000084a00000|  0%| F|  |TAMS 0x0000000084900000| PB 0x0000000084900000| Untracked 
|  24|0x0000000084a00000, 0x0000000084a00000, 0x0000000084b00000|  0%| F|  |TAMS 0x0000000084a00000| PB 0x0000000084a00000| Untracked 
|  25|0x0000000084b00000, 0x0000000084b00000, 0x0000000084c00000|  0%| F|  |TAMS 0x0000000084b00000| PB 0x0000000084b00000| Untracked 
|  26|0x0000000084c00000, 0x0000000084c00000, 0x0000000084d00000|  0%| F|  |TAMS 0x0000000084c00000| PB 0x0000000084c00000| Untracked 
|  27|0x0000000084d00000, 0x0000000084d00000, 0x0000000084e00000|  0%| F|  |TAMS 0x0000000084d00000| PB 0x0000000084d00000| Untracked 
|  28|0x0000000084e00000, 0x0000000084e00000, 0x0000000084f00000|  0%| F|  |TAMS 0x0000000084e00000| PB 0x0000000084e00000| Untracked 
|  29|0x0000000084f00000, 0x0000000084f00000, 0x0000000085000000|  0%| F|  |TAMS 0x0000000084f00000| PB 0x0000000084f00000| Untracked 
|  30|0x0000000085000000, 0x0000000085000000, 0x0000000085100000|  0%| F|  |TAMS 0x0000000085000000| PB 0x0000000085000000| Untracked 
|  31|0x0000000085100000, 0x0000000085100000, 0x0000000085200000|  0%| F|  |TAMS 0x0000000085100000| PB 0x0000000085100000| Untracked 
|  32|0x0000000085200000, 0x0000000085200000, 0x0000000085300000|  0%| F|  |TAMS 0x0000000085200000| PB 0x0000000085200000| Untracked 
|  33|0x0000000085300000, 0x0000000085300000, 0x0000000085400000|  0%| F|  |TAMS 0x0000000085300000| PB 0x0000000085300000| Untracked 
|  34|0x0000000085400000, 0x0000000085400000, 0x0000000085500000|  0%| F|  |TAMS 0x0000000085400000| PB 0x0000000085400000| Untracked 
|  35|0x0000000085500000, 0x0000000085500000, 0x0000000085600000|  0%| F|  |TAMS 0x0000000085500000| PB 0x0000000085500000| Untracked 
|  36|0x0000000085600000, 0x0000000085600000, 0x0000000085700000|  0%| F|  |TAMS 0x0000000085600000| PB 0x0000000085600000| Untracked 
|  37|0x0000000085700000, 0x0000000085700000, 0x0000000085800000|  0%| F|  |TAMS 0x0000000085700000| PB 0x0000000085700000| Untracked 
|  38|0x0000000085800000, 0x0000000085800000, 0x0000000085900000|  0%| F|  |TAMS 0x0000000085800000| PB 0x0000000085800000| Untracked 
|  39|0x0000000085900000, 0x0000000085900000, 0x0000000085a00000|  0%| F|  |TAMS 0x0000000085900000| PB 0x0000000085900000| Untracked 
|  40|0x0000000085a00000, 0x0000000085a00000, 0x0000000085b00000|  0%| F|  |TAMS 0x0000000085a00000| PB 0x0000000085a00000| Untracked 
|  41|0x0000000085b00000, 0x0000000085b00000, 0x0000000085c00000|  0%| F|  |TAMS 0x0000000085b00000| PB 0x0000000085b00000| Untracked 
|  42|0x0000000085c00000, 0x0000000085c00000, 0x0000000085d00000|  0%| F|  |TAMS 0x0000000085c00000| PB 0x0000000085c00000| Untracked 
|  43|0x0000000085d00000, 0x0000000085d00000, 0x0000000085e00000|  0%| F|  |TAMS 0x0000000085d00000| PB 0x0000000085d00000| Untracked 
|  44|0x0000000085e00000, 0x0000000085e00000, 0x0000000085f00000|  0%| F|  |TAMS 0x0000000085e00000| PB 0x0000000085e00000| Untracked 
|  45|0x0000000085f00000, 0x0000000085f00000, 0x0000000086000000|  0%| F|  |TAMS 0x0000000085f00000| PB 0x0000000085f00000| Untracked 
|  46|0x0000000086000000, 0x0000000086000000, 0x0000000086100000|  0%| F|  |TAMS 0x0000000086000000| PB 0x0000000086000000| Untracked 
|  47|0x0000000086100000, 0x0000000086100000, 0x0000000086200000|  0%| F|  |TAMS 0x0000000086100000| PB 0x0000000086100000| Untracked 
|  48|0x0000000086200000, 0x0000000086200000, 0x0000000086300000|  0%| F|  |TAMS 0x0000000086200000| PB 0x0000000086200000| Untracked 
|  49|0x0000000086300000, 0x0000000086300000, 0x0000000086400000|  0%| F|  |TAMS 0x0000000086300000| PB 0x0000000086300000| Untracked 
|  50|0x0000000086400000, 0x0000000086400000, 0x0000000086500000|  0%| F|  |TAMS 0x0000000086400000| PB 0x0000000086400000| Untracked 
|  51|0x0000000086500000, 0x0000000086500000, 0x0000000086600000|  0%| F|  |TAMS 0x0000000086500000| PB 0x0000000086500000| Untracked 
|  52|0x0000000086600000, 0x0000000086600000, 0x0000000086700000|  0%| F|  |TAMS 0x0000000086600000| PB 0x0000000086600000| Untracked 
|  53|0x0000000086700000, 0x0000000086700000, 0x0000000086800000|  0%| F|  |TAMS 0x0000000086700000| PB 0x0000000086700000| Untracked 
|  54|0x0000000086800000, 0x0000000086800000, 0x0000000086900000|  0%| F|  |TAMS 0x0000000086800000| PB 0x0000000086800000| Untracked 
|  55|0x0000000086900000, 0x0000000086900000, 0x0000000086a00000|  0%| F|  |TAMS 0x0000000086900000| PB 0x0000000086900000| Untracked 
|  56|0x0000000086a00000, 0x0000000086a00000, 0x0000000086b00000|  0%| F|  |TAMS 0x0000000086a00000| PB 0x0000000086a00000| Untracked 
|  57|0x0000000086b00000, 0x0000000086b00000, 0x0000000086c00000|  0%| F|  |TAMS 0x0000000086b00000| PB 0x0000000086b00000| Untracked 
|  58|0x0000000086c00000, 0x0000000086c00000, 0x0000000086d00000|  0%| F|  |TAMS 0x0000000086c00000| PB 0x0000000086c00000| Untracked 
|  59|0x0000000086d00000, 0x0000000086d00000, 0x0000000086e00000|  0%| F|  |TAMS 0x0000000086d00000| PB 0x0000000086d00000| Untracked 
|  60|0x0000000086e00000, 0x0000000086e00000, 0x0000000086f00000|  0%| F|  |TAMS 0x0000000086e00000| PB 0x0000000086e00000| Untracked 
|  61|0x0000000086f00000, 0x0000000086f00000, 0x0000000087000000|  0%| F|  |TAMS 0x0000000086f00000| PB 0x0000000086f00000| Untracked 
|  62|0x0000000087000000, 0x0000000087000000, 0x0000000087100000|  0%| F|  |TAMS 0x0000000087000000| PB 0x0000000087000000| Untracked 
|  63|0x0000000087100000, 0x0000000087100000, 0x0000000087200000|  0%| F|  |TAMS 0x0000000087100000| PB 0x0000000087100000| Untracked 
|  64|0x0000000087200000, 0x0000000087200000, 0x0000000087300000|  0%| F|  |TAMS 0x0000000087200000| PB 0x0000000087200000| Untracked 
|  65|0x0000000087300000, 0x0000000087300000, 0x0000000087400000|  0%| F|  |TAMS 0x0000000087300000| PB 0x0000000087300000| Untracked 
|  66|0x0000000087400000, 0x0000000087400000, 0x0000000087500000|  0%| F|  |TAMS 0x0000000087400000| PB 0x0000000087400000| Untracked 
|  67|0x0000000087500000, 0x0000000087500000, 0x0000000087600000|  0%| F|  |TAMS 0x0000000087500000| PB 0x0000000087500000| Untracked 
|  68|0x0000000087600000, 0x0000000087600000, 0x0000000087700000|  0%| F|  |TAMS 0x0000000087600000| PB 0x0000000087600000| Untracked 
|  69|0x0000000087700000, 0x0000000087700000, 0x0000000087800000|  0%| F|  |TAMS 0x0000000087700000| PB 0x0000000087700000| Untracked 
|  70|0x0000000087800000, 0x0000000087800000, 0x0000000087900000|  0%| F|  |TAMS 0x0000000087800000| PB 0x0000000087800000| Untracked 
|  71|0x0000000087900000, 0x0000000087900000, 0x0000000087a00000|  0%| F|  |TAMS 0x0000000087900000| PB 0x0000000087900000| Untracked 
|  72|0x0000000087a00000, 0x0000000087a00000, 0x0000000087b00000|  0%| F|  |TAMS 0x0000000087a00000| PB 0x0000000087a00000| Untracked 
|  73|0x0000000087b00000, 0x0000000087b00000, 0x0000000087c00000|  0%| F|  |TAMS 0x0000000087b00000| PB 0x0000000087b00000| Untracked 
|  74|0x0000000087c00000, 0x0000000087c00000, 0x0000000087d00000|  0%| F|  |TAMS 0x0000000087c00000| PB 0x0000000087c00000| Untracked 
|  75|0x0000000087d00000, 0x0000000087d00000, 0x0000000087e00000|  0%| F|  |TAMS 0x0000000087d00000| PB 0x0000000087d00000| Untracked 
|  76|0x0000000087e00000, 0x0000000087e00000, 0x0000000087f00000|  0%| F|  |TAMS 0x0000000087e00000| PB 0x0000000087e00000| Untracked 
|  77|0x0000000087f00000, 0x0000000087f00000, 0x0000000088000000|  0%| F|  |TAMS 0x0000000087f00000| PB 0x0000000087f00000| Untracked 
|  78|0x0000000088000000, 0x0000000088000000, 0x0000000088100000|  0%| F|  |TAMS 0x0000000088000000| PB 0x0000000088000000| Untracked 
|  79|0x0000000088100000, 0x0000000088100000, 0x0000000088200000|  0%| F|  |TAMS 0x0000000088100000| PB 0x0000000088100000| Untracked 
|  80|0x0000000088200000, 0x0000000088200000, 0x0000000088300000|  0%| F|  |TAMS 0x0000000088200000| PB 0x0000000088200000| Untracked 
|  81|0x0000000088300000, 0x0000000088300000, 0x0000000088400000|  0%| F|  |TAMS 0x0000000088300000| PB 0x0000000088300000| Untracked 
|  82|0x0000000088400000, 0x0000000088400000, 0x0000000088500000|  0%| F|  |TAMS 0x0000000088400000| PB 0x0000000088400000| Untracked 
|  83|0x0000000088500000, 0x0000000088500000, 0x0000000088600000|  0%| F|  |TAMS 0x0000000088500000| PB 0x0000000088500000| Untracked 
|  84|0x0000000088600000, 0x0000000088600000, 0x0000000088700000|  0%| F|  |TAMS 0x0000000088600000| PB 0x0000000088600000| Untracked 
|  85|0x0000000088700000, 0x0000000088700000, 0x0000000088800000|  0%| F|  |TAMS 0x0000000088700000| PB 0x0000000088700000| Untracked 
|  86|0x0000000088800000, 0x0000000088800000, 0x0000000088900000|  0%| F|  |TAMS 0x0000000088800000| PB 0x0000000088800000| Untracked 
|  87|0x0000000088900000, 0x0000000088900000, 0x0000000088a00000|  0%| F|  |TAMS 0x0000000088900000| PB 0x0000000088900000| Untracked 
|  88|0x0000000088a00000, 0x0000000088a00000, 0x0000000088b00000|  0%| F|  |TAMS 0x0000000088a00000| PB 0x0000000088a00000| Untracked 
|  89|0x0000000088b00000, 0x0000000088b00000, 0x0000000088c00000|  0%| F|  |TAMS 0x0000000088b00000| PB 0x0000000088b00000| Untracked 
|  90|0x0000000088c00000, 0x0000000088c00000, 0x0000000088d00000|  0%| F|  |TAMS 0x0000000088c00000| PB 0x0000000088c00000| Untracked 
|  91|0x0000000088d00000, 0x0000000088d00000, 0x0000000088e00000|  0%| F|  |TAMS 0x0000000088d00000| PB 0x0000000088d00000| Untracked 
|  92|0x0000000088e00000, 0x0000000088ecefe0, 0x0000000088f00000| 80%| S|CS|TAMS 0x0000000088e00000| PB 0x0000000088e00000| Complete 
|  93|0x0000000088f00000, 0x0000000089000000, 0x0000000089000000|100%| S|CS|TAMS 0x0000000088f00000| PB 0x0000000088f00000| Complete 
|  94|0x0000000089000000, 0x0000000089100000, 0x0000000089100000|100%| S|CS|TAMS 0x0000000089000000| PB 0x0000000089000000| Complete 
|  95|0x0000000089100000, 0x0000000089100000, 0x0000000089200000|  0%| F|  |TAMS 0x0000000089100000| PB 0x0000000089100000| Untracked 
|  96|0x0000000089200000, 0x0000000089200000, 0x0000000089300000|  0%| F|  |TAMS 0x0000000089200000| PB 0x0000000089200000| Untracked 
|  97|0x0000000089300000, 0x0000000089300000, 0x0000000089400000|  0%| F|  |TAMS 0x0000000089300000| PB 0x0000000089300000| Untracked 
|  98|0x0000000089400000, 0x0000000089400000, 0x0000000089500000|  0%| F|  |TAMS 0x0000000089400000| PB 0x0000000089400000| Untracked 
|  99|0x0000000089500000, 0x0000000089500000, 0x0000000089600000|  0%| F|  |TAMS 0x0000000089500000| PB 0x0000000089500000| Untracked 
| 100|0x0000000089600000, 0x0000000089600000, 0x0000000089700000|  0%| F|  |TAMS 0x0000000089600000| PB 0x0000000089600000| Untracked 
| 101|0x0000000089700000, 0x0000000089700000, 0x0000000089800000|  0%| F|  |TAMS 0x0000000089700000| PB 0x0000000089700000| Untracked 
| 102|0x0000000089800000, 0x0000000089800000, 0x0000000089900000|  0%| F|  |TAMS 0x0000000089800000| PB 0x0000000089800000| Untracked 
| 103|0x0000000089900000, 0x0000000089900000, 0x0000000089a00000|  0%| F|  |TAMS 0x0000000089900000| PB 0x0000000089900000| Untracked 
| 104|0x0000000089a00000, 0x0000000089a00000, 0x0000000089b00000|  0%| F|  |TAMS 0x0000000089a00000| PB 0x0000000089a00000| Untracked 
| 105|0x0000000089b00000, 0x0000000089b00000, 0x0000000089c00000|  0%| F|  |TAMS 0x0000000089b00000| PB 0x0000000089b00000| Untracked 
| 106|0x0000000089c00000, 0x0000000089c00000, 0x0000000089d00000|  0%| F|  |TAMS 0x0000000089c00000| PB 0x0000000089c00000| Untracked 
| 107|0x0000000089d00000, 0x0000000089d00000, 0x0000000089e00000|  0%| F|  |TAMS 0x0000000089d00000| PB 0x0000000089d00000| Untracked 
| 108|0x0000000089e00000, 0x0000000089e00000, 0x0000000089f00000|  0%| F|  |TAMS 0x0000000089e00000| PB 0x0000000089e00000| Untracked 
| 109|0x0000000089f00000, 0x0000000089f00000, 0x000000008a000000|  0%| F|  |TAMS 0x0000000089f00000| PB 0x0000000089f00000| Untracked 
| 110|0x000000008a000000, 0x000000008a000000, 0x000000008a100000|  0%| F|  |TAMS 0x000000008a000000| PB 0x000000008a000000| Untracked 
| 111|0x000000008a100000, 0x000000008a100000, 0x000000008a200000|  0%| F|  |TAMS 0x000000008a100000| PB 0x000000008a100000| Untracked 
| 112|0x000000008a200000, 0x000000008a200000, 0x000000008a300000|  0%| F|  |TAMS 0x000000008a200000| PB 0x000000008a200000| Untracked 
| 113|0x000000008a300000, 0x000000008a300000, 0x000000008a400000|  0%| F|  |TAMS 0x000000008a300000| PB 0x000000008a300000| Untracked 
| 114|0x000000008a400000, 0x000000008a400000, 0x000000008a500000|  0%| F|  |TAMS 0x000000008a400000| PB 0x000000008a400000| Untracked 
| 115|0x000000008a500000, 0x000000008a500000, 0x000000008a600000|  0%| F|  |TAMS 0x000000008a500000| PB 0x000000008a500000| Untracked 
| 116|0x000000008a600000, 0x000000008a600000, 0x000000008a700000|  0%| F|  |TAMS 0x000000008a600000| PB 0x000000008a600000| Untracked 
| 117|0x000000008a700000, 0x000000008a700000, 0x000000008a800000|  0%| F|  |TAMS 0x000000008a700000| PB 0x000000008a700000| Untracked 
| 118|0x000000008a800000, 0x000000008a800000, 0x000000008a900000|  0%| F|  |TAMS 0x000000008a800000| PB 0x000000008a800000| Untracked 
| 119|0x000000008a900000, 0x000000008a900000, 0x000000008aa00000|  0%| F|  |TAMS 0x000000008a900000| PB 0x000000008a900000| Untracked 
| 120|0x000000008aa00000, 0x000000008aa00000, 0x000000008ab00000|  0%| F|  |TAMS 0x000000008aa00000| PB 0x000000008aa00000| Untracked 
| 121|0x000000008ab00000, 0x000000008ab7f5c8, 0x000000008ac00000| 49%| E|  |TAMS 0x000000008ab00000| PB 0x000000008ab00000| Complete 
| 122|0x000000008ac00000, 0x000000008ad00000, 0x000000008ad00000|100%| E|CS|TAMS 0x000000008ac00000| PB 0x000000008ac00000| Complete 
| 123|0x000000008ad00000, 0x000000008ae00000, 0x000000008ae00000|100%| E|CS|TAMS 0x000000008ad00000| PB 0x000000008ad00000| Complete 
| 124|0x000000008ae00000, 0x000000008af00000, 0x000000008af00000|100%| E|CS|TAMS 0x000000008ae00000| PB 0x000000008ae00000| Complete 
| 125|0x000000008af00000, 0x000000008b000000, 0x000000008b000000|100%| E|CS|TAMS 0x000000008af00000| PB 0x000000008af00000| Complete 

Card table byte_map: [0x0000023ca18b0000,0x0000023ca1ca0000] _byte_map_base: 0x0000023ca1497000

Marking Bits: (CMBitMap*) 0x0000023c89d892f0
 Bits: [0x0000023ca1ca0000, 0x0000023ca3bd8000)

Polling page: 0x0000023c894f0000

Metaspace:

Usage:
  Non-class:     12.20 MB used.
      Class:      1.45 MB used.
       Both:     13.64 MB used.

Virtual space:
  Non-class space:       64.00 MB reserved,      12.38 MB ( 19%) committed,  1 nodes.
      Class space:        1.00 GB reserved,       1.62 MB ( <1%) committed,  1 nodes.
             Both:        1.06 GB reserved,      14.00 MB (  1%) committed. 

Chunk freelists:
   Non-Class:  2.98 MB
       Class:  14.23 MB
        Both:  17.21 MB

MaxMetaspaceSize: unlimited
CompressedClassSpaceSize: 1.00 GB
Initial GC threshold: 21.00 MB
Current GC threshold: 21.00 MB
CDS: on
 - commit_granule_bytes: 65536.
 - commit_granule_words: 8192.
 - virtual_space_node_default_size: 8388608.
 - enlarge_chunks_in_place: 1.
 - use_allocation_guard: 0.


Internal statistics:

num_allocs_failed_limit: 0.
num_arena_births: 246.
num_arena_deaths: 0.
num_vsnodes_births: 2.
num_vsnodes_deaths: 0.
num_space_committed: 224.
num_space_uncommitted: 0.
num_chunks_returned_to_freelist: 0.
num_chunks_taken_from_freelist: 397.
num_chunk_merges: 0.
num_chunk_splits: 237.
num_chunks_enlarged: 129.
num_inconsistent_stats: 0.

CodeHeap 'non-profiled nmethods': size=120000Kb used=1047Kb max_used=1047Kb free=118952Kb
 bounds [0x0000023c99c60000, 0x0000023c99ed0000, 0x0000023ca1190000]
CodeHeap 'profiled nmethods': size=120000Kb used=4787Kb max_used=4787Kb free=115212Kb
 bounds [0x0000023c92190000, 0x0000023c92640000, 0x0000023c996c0000]
CodeHeap 'non-nmethods': size=5760Kb used=1883Kb max_used=1940Kb free=3876Kb
 bounds [0x0000023c996c0000, 0x0000023c99930000, 0x0000023c99c60000]
 total_blobs=3053 nmethods=2332 adapters=626
 compilation: enabled
              stopped_count=0, restarted_count=0
 full_count=0

Compilation events (20 events):
Event: 2.315 Thread 0x0000023ca6327430 nmethod 2323 0x0000023c9263a910 code [0x0000023c9263aaa0, 0x0000023c9263abc0]
Event: 2.315 Thread 0x0000023ca6327430 2324       3       javax.swing.JComponent::getY (5 bytes)
Event: 2.315 Thread 0x0000023ca6327430 nmethod 2324 0x0000023c9263ac90 code [0x0000023c9263ae20, 0x0000023c9263af40]
Event: 2.315 Thread 0x0000023ca6327430 2325       1       javax.swing.JComponent::getBorder (5 bytes)
Event: 2.315 Thread 0x0000023ca6327430 nmethod 2325 0x0000023c99d65710 code [0x0000023c99d658a0, 0x0000023c99d65970]
Event: 2.316 Thread 0x0000023ca6327430 2326       3       java.awt.geom.AffineTransform::hashCode (87 bytes)
Event: 2.316 Thread 0x0000023ca6327430 nmethod 2326 0x0000023c9263b010 code [0x0000023c9263b200, 0x0000023c9263b4c0]
Event: 2.316 Thread 0x0000023ca6327430 2327       3       sun.font.FontDesignMetrics::getLatinCharWidth (29 bytes)
Event: 2.316 Thread 0x0000023ca6327430 nmethod 2327 0x0000023c9263b610 code [0x0000023c9263b800, 0x0000023c9263bb10]
Event: 2.824 Thread 0x0000023ca6327430 2328       3       java.awt.Component::isDisplayable (13 bytes)
Event: 2.824 Thread 0x0000023ca6327430 nmethod 2328 0x0000023c9263bc90 code [0x0000023c9263be20, 0x0000023c9263bf88]
Event: 2.824 Thread 0x0000023ca6327430 2329       3       java.awt.Rectangle::clip (39 bytes)
Event: 2.825 Thread 0x0000023ca6327430 nmethod 2329 0x0000023c9263c010 code [0x0000023c9263c220, 0x0000023c9263c598]
Event: 2.825 Thread 0x0000023ca6327430 2330       1       java.awt.geom.AffineTransform::getScaleX (5 bytes)
Event: 2.825 Thread 0x0000023ca6327430 nmethod 2330 0x0000023c99d65a10 code [0x0000023c99d65ba0, 0x0000023c99d65c68]
Event: 2.825 Thread 0x0000023ca6327430 2331       3       java.lang.Enum::equals (11 bytes)
Event: 2.825 Thread 0x0000023ca67982a0 2333 %     4       sun.java2d.marlin.Renderer::_endRendering @ 1815 (2646 bytes)
Event: 2.825 Thread 0x0000023ca6327430 nmethod 2331 0x0000023c9263c690 code [0x0000023c9263c820, 0x0000023c9263c988]
Event: 2.825 Thread 0x0000023ca6327430 2332       3       java.awt.geom.Rectangle2D$Float::getWidth (6 bytes)
Event: 2.825 Thread 0x0000023ca6327430 nmethod 2332 0x0000023c9263ca10 code [0x0000023c9263cba0, 0x0000023c9263ccb8]

GC Heap History (4 events):
Event: 0.766 GC heap before
{Heap before GC invocations=0 (full 0):
 garbage-first heap   total 129024K, used 26624K [0x0000000083200000, 0x0000000100000000)
  region size 1024K, 23 young (23552K), 0 survivors (0K)
 Metaspace       used 5547K, committed 5760K, reserved 1114112K
  class space    used 520K, committed 640K, reserved 1048576K
}
Event: 0.771 GC heap after
{Heap after GC invocations=1 (full 0):
 garbage-first heap   total 129024K, used 10664K [0x0000000083200000, 0x0000000100000000)
  region size 1024K, 3 young (3072K), 3 survivors (3072K)
 Metaspace       used 5547K, committed 5760K, reserved 1114112K
  class space    used 520K, committed 640K, reserved 1048576K
}
Event: 1.651 GC heap before
{Heap before GC invocations=1 (full 0):
 garbage-first heap   total 129024K, used 42408K [0x0000000083200000, 0x0000000100000000)
  region size 1024K, 31 young (31744K), 3 survivors (3072K)
 Metaspace       used 13560K, committed 13824K, reserved 1114112K
  class space    used 1458K, committed 1600K, reserved 1048576K
}
Event: 1.656 GC heap after
{Heap after GC invocations=2 (full 0):
 garbage-first heap   total 129024K, used 17070K [0x0000000083200000, 0x0000000100000000)
  region size 1024K, 3 young (3072K), 3 survivors (3072K)
 Metaspace       used 13560K, committed 13824K, reserved 1114112K
  class space    used 1458K, committed 1600K, reserved 1048576K
}

Dll operation events (11 events):
Event: 0.007 Loaded shared library C:\Program Files\Java\jdk-21\bin\java.dll
Event: 0.040 Loaded shared library C:\Program Files\Java\jdk-21\bin\jsvml.dll
Event: 0.091 Loaded shared library C:\Program Files\Java\jdk-21\bin\jimage.dll
Event: 0.099 Loaded shared library C:\Program Files\Java\jdk-21\bin\net.dll
Event: 0.100 Loaded shared library C:\Program Files\Java\jdk-21\bin\nio.dll
Event: 0.103 Loaded shared library C:\Program Files\Java\jdk-21\bin\zip.dll
Event: 0.178 Loaded shared library C:\Program Files\Java\jdk-21\bin\awt.dll
Event: 0.281 Loaded shared library C:\Program Files\Java\jdk-21\bin\freetype.dll
Event: 0.281 Loaded shared library C:\Program Files\Java\jdk-21\bin\fontmanager.dll
Event: 0.888 Loaded shared library C:\Users\Kiet\AppData\Local\Temp\flatlaf.temp\flatlaf-windows-x86_64-764652650531000.dll
Event: 0.918 Loaded shared library C:\Program Files\Java\jdk-21\bin\verify.dll

Deoptimization events (20 events):
Event: 1.776 Thread 0x0000023ca692a710 DEOPT PACKING pc=0x0000023c925c49e6 sp=0x00000047909fc8f0
Event: 1.776 Thread 0x0000023ca692a710 DEOPT UNPACKING pc=0x0000023c997188e2 sp=0x00000047909fbd30 mode 0
Event: 1.790 Thread 0x0000023ca692a710 DEOPT PACKING pc=0x0000023c925c49ad sp=0x00000047909fcac0
Event: 1.790 Thread 0x0000023ca692a710 DEOPT UNPACKING pc=0x0000023c997188e2 sp=0x00000047909fbf00 mode 0
Event: 1.791 Thread 0x0000023ca692a710 DEOPT PACKING pc=0x0000023c925b97e1 sp=0x00000047909fc8a0
Event: 1.791 Thread 0x0000023ca692a710 DEOPT UNPACKING pc=0x0000023c997188e2 sp=0x00000047909fbc80 mode 0
Event: 1.792 Thread 0x0000023ca692a710 DEOPT PACKING pc=0x0000023c925c49ad sp=0x00000047909fc9a0
Event: 1.792 Thread 0x0000023ca692a710 DEOPT UNPACKING pc=0x0000023c997188e2 sp=0x00000047909fbde0 mode 0
Event: 1.794 Thread 0x0000023ca692a710 DEOPT PACKING pc=0x0000023c925c49e6 sp=0x00000047909fcac0
Event: 1.794 Thread 0x0000023ca692a710 DEOPT UNPACKING pc=0x0000023c997188e2 sp=0x00000047909fbf00 mode 0
Event: 1.795 Thread 0x0000023ca692a710 DEOPT PACKING pc=0x0000023c9257240a sp=0x00000047909fc940
Event: 1.795 Thread 0x0000023ca692a710 DEOPT UNPACKING pc=0x0000023c997188e2 sp=0x00000047909fbd40 mode 0
Event: 1.816 Thread 0x0000023ca692a710 Uncommon trap: trap_request=0xffffff45 fr.pc=0x0000023c99d54834 relative=0x00000000000003b4
Event: 1.816 Thread 0x0000023ca692a710 Uncommon trap: reason=unstable_if action=reinterpret pc=0x0000023c99d54834 method=sun.java2d.marlin.FloatMath.ceil_int(D)I @ 7 c2
Event: 1.816 Thread 0x0000023ca692a710 DEOPT PACKING pc=0x0000023c99d54834 sp=0x00000047909fd180
Event: 1.816 Thread 0x0000023ca692a710 DEOPT UNPACKING pc=0x0000023c99717da2 sp=0x00000047909fcfe0 mode 2
Event: 1.816 Thread 0x0000023ca692a710 Uncommon trap: trap_request=0xffffff45 fr.pc=0x0000023c99d38aa4 relative=0x0000000000000084
Event: 1.816 Thread 0x0000023ca692a710 Uncommon trap: reason=unstable_if action=reinterpret pc=0x0000023c99d38aa4 method=sun.java2d.marlin.FloatMath.ceil_int(D)I @ 7 c2
Event: 1.816 Thread 0x0000023ca692a710 DEOPT PACKING pc=0x0000023c99d38aa4 sp=0x00000047909fd150
Event: 1.816 Thread 0x0000023ca692a710 DEOPT UNPACKING pc=0x0000023c99717da2 sp=0x00000047909fd0e8 mode 2

Classes loaded (20 events):
Event: 1.811 Loading class java/text/AttributedString$AttributedStringIterator
Event: 1.811 Loading class java/text/AttributedCharacterIterator
Event: 1.811 Loading class java/text/AttributedCharacterIterator done
Event: 1.811 Loading class java/text/AttributedString$AttributedStringIterator done
Event: 1.812 Loading class javax/swing/TimerQueue
Event: 1.812 Loading class javax/swing/TimerQueue done
Event: 1.812 Loading class java/util/concurrent/DelayQueue
Event: 1.812 Loading class java/util/concurrent/BlockingQueue
Event: 1.812 Loading class java/util/concurrent/BlockingQueue done
Event: 1.812 Loading class java/util/concurrent/DelayQueue done
Event: 1.812 Loading class java/util/PriorityQueue
Event: 1.812 Loading class java/util/PriorityQueue done
Event: 1.813 Loading class javax/swing/TimerQueue$DelayedTimer
Event: 1.814 Loading class java/util/concurrent/Delayed
Event: 1.814 Loading class java/util/concurrent/Delayed done
Event: 1.814 Loading class javax/swing/TimerQueue$DelayedTimer done
Event: 1.814 Loading class java/awt/TextComponent
Event: 1.814 Loading class java/awt/TextComponent done
Event: 2.314 Loading class javax/swing/Timer$1
Event: 2.314 Loading class javax/swing/Timer$1 done

Classes unloaded (0 events):
No events

Classes redefined (0 events):
No events

Internal exceptions (20 events):
Event: 0.747 Thread 0x0000023c87abcb00 Exception <a 'java/lang/ClassNotFoundException'{0x000000008994cdd8}: com/sun/swing/internal/plaf/basic/resources/spi/basicProvider> (0x000000008994cdd8) 
thrown [s\open\src\hotspot\share\classfile\systemDictionary.cpp, line 312]
Event: 0.751 Thread 0x0000023c87abcb00 Exception <a 'java/lang/NoSuchMethodError'{0x000000008996f350}: 'int java.lang.invoke.DirectMethodHandle$Holder.invokeStatic(java.lang.Object)'> (0x000000008996f350) 
thrown [s\open\src\hotspot\share\interpreter\linkResolver.cpp, line 773]
Event: 0.859 Thread 0x0000023c87abcb00 Exception <a 'java/lang/NoSuchMethodError'{0x000000008aedbd28}: 'java.lang.Object java.lang.invoke.Invokers$Holder.invokeExact_MT(java.lang.Object, java.lang.Object, java.lang.Object, java.lang.Object, java.lang.Object, java.lang.Object)'> (0x000000008aedbd28) 
thrown [s\open\src\hotspot\share\interpreter\linkResolver.cpp, line 773]
Event: 0.869 Thread 0x0000023c87abcb00 Implicit null exception at 0x0000023c99ca05e6 to 0x0000023c99ca068a
Event: 0.870 Thread 0x0000023c87abcb00 Implicit null exception at 0x0000023c99cc923a to 0x0000023c99cc94ac
Event: 0.870 Thread 0x0000023c87abcb00 Implicit null exception at 0x0000023c99c8d3bd to 0x0000023c99c8d441
Event: 0.879 Thread 0x0000023c87abcb00 Exception <a 'java/lang/NoSuchMethodError'{0x000000008ad6e358}: 'int java.lang.invoke.Invokers$Holder.invokeExact_MT(java.lang.Object, java.lang.Object)'> (0x000000008ad6e358) 
thrown [s\open\src\hotspot\share\interpreter\linkResolver.cpp, line 773]
Event: 0.883 Thread 0x0000023c87abcb00 Exception <a 'sun/nio/fs/WindowsException'{0x000000008ad932d8}> (0x000000008ad932d8) 
thrown [s\open\src\hotspot\share\prims\jni.cpp, line 520]
Event: 0.938 Thread 0x0000023c87abcb00 Exception <a 'java/lang/NoSuchMethodError'{0x000000008ac83c70}: 'java.lang.Object java.lang.invoke.DirectMethodHandle$Holder.invokeVirtual(java.lang.Object, java.lang.Object, java.lang.Object, java.lang.Object)'> (0x000000008ac83c70) 
thrown [s\open\src\hotspot\share\interpreter\linkResolver.cpp, line 773]
Event: 0.983 Thread 0x0000023c87abcb00 Exception <a 'java/lang/NoSuchMethodError'{0x000000008ab51fd0}: 'int java.lang.invoke.DirectMethodHandle$Holder.invokeVirtual(java.lang.Object, java.lang.Object)'> (0x000000008ab51fd0) 
thrown [s\open\src\hotspot\share\interpreter\linkResolver.cpp, line 773]
Event: 0.983 Thread 0x0000023c87abcb00 Exception <a 'java/lang/NoSuchMethodError'{0x000000008ab56150}: 'int java.lang.invoke.DirectMethodHandle$Holder.invokeSpecial(java.lang.Object, java.lang.Object, java.lang.Object)'> (0x000000008ab56150) 
thrown [s\open\src\hotspot\share\interpreter\linkResolver.cpp, line 773]
Event: 0.985 Thread 0x0000023c87abcb00 Exception <a 'java/lang/NoSuchMethodError'{0x000000008ab60a68}: 'void java.lang.invoke.DirectMethodHandle$Holder.invokeVirtual(java.lang.Object, java.lang.Object, int)'> (0x000000008ab60a68) 
thrown [s\open\src\hotspot\share\interpreter\linkResolver.cpp, line 773]
Event: 0.985 Thread 0x0000023c87abcb00 Exception <a 'java/lang/NoSuchMethodError'{0x000000008ab64d30}: 'int java.lang.invoke.DirectMethodHandle$Holder.invokeSpecial(java.lang.Object, java.lang.Object, java.lang.Object, int)'> (0x000000008ab64d30) 
thrown [s\open\src\hotspot\share\interpreter\linkResolver.cpp, line 773]
Event: 0.986 Thread 0x0000023c87abcb00 Exception <a 'java/lang/NoSuchMethodError'{0x000000008ab77578}: 'java.lang.Object java.lang.invoke.DirectMethodHandle$Holder.invokeStatic(java.lang.Object, java.lang.Object, java.lang.Object, java.lang.Object, int)'> (0x000000008ab77578) 
thrown [s\open\src\hotspot\share\interpreter\linkResolver.cpp, line 773]
Event: 0.987 Thread 0x0000023c87abcb00 Exception <a 'java/lang/NoSuchMethodError'{0x000000008ab82140}: 'void java.lang.invoke.DelegatingMethodHandle$Holder.reinvoke_L(java.lang.Object, java.lang.Object, int)'> (0x000000008ab82140) 
thrown [s\open\src\hotspot\share\interpreter\linkResolver.cpp, line 773]
Event: 0.993 Thread 0x0000023c87abcb00 Exception <a 'java/lang/NoSuchMethodError'{0x000000008abb00f8}: 'void java.lang.invoke.Invokers$Holder.invokeExact_MT(java.lang.Object, java.lang.Object, java.lang.Object, java.lang.Object)'> (0x000000008abb00f8) 
thrown [s\open\src\hotspot\share\interpreter\linkResolver.cpp, line 773]
Event: 0.998 Thread 0x0000023c87abcb00 Exception <a 'java/lang/NoSuchMethodError'{0x000000008abc8668}: 'void java.lang.invoke.DirectMethodHandle$Holder.invokeSpecial(java.lang.Object, java.lang.Object, java.lang.Object, java.lang.Object, java.lang.Object)'> (0x000000008abc8668) 
thrown [s\open\src\hotspot\share\interpreter\linkResolver.cpp, line 773]
Event: 1.000 Thread 0x0000023c87abcb00 Exception <a 'java/lang/NoSuchMethodError'{0x000000008abd6718}: 'int java.lang.invoke.Invokers$Holder.invokeExact_MT(java.lang.Object, java.lang.Object, java.lang.Object)'> (0x000000008abd6718) 
thrown [s\open\src\hotspot\share\interpreter\linkResolver.cpp, line 773]
Event: 1.015 Thread 0x0000023ca6929360 Exception <a 'java/lang/NoSuchMethodError'{0x000000008aa2c888}: 'void java.lang.invoke.DirectMethodHandle$Holder.invokeVirtual(java.lang.Object, java.lang.Object)'> (0x000000008aa2c888) 
thrown [s\open\src\hotspot\share\interpreter\linkResolver.cpp, line 773]
Event: 1.027 Thread 0x0000023c87abcb00 Exception <a 'java/lang/NoSuchMethodError'{0x000000008aa5f420}: 'void java.lang.invoke.DirectMethodHandle$Holder.invokeStaticInit(java.lang.Object)'> (0x000000008aa5f420) 
thrown [s\open\src\hotspot\share\interpreter\linkResolver.cpp, line 773]

ZGC Phase Switch (0 events):
No events

VM Operations (20 events):
Event: 0.857 Executing VM operation: HandshakeAllThreads (Deoptimize)
Event: 0.857 Executing VM operation: HandshakeAllThreads (Deoptimize) done
Event: 0.886 Executing VM operation: HandshakeAllThreads (Deoptimize)
Event: 0.886 Executing VM operation: HandshakeAllThreads (Deoptimize) done
Event: 1.006 Executing VM operation: HandshakeAllThreads (Deoptimize)
Event: 1.006 Executing VM operation: HandshakeAllThreads (Deoptimize) done
Event: 1.006 Executing VM operation: HandshakeAllThreads (Deoptimize)
Event: 1.006 Executing VM operation: HandshakeAllThreads (Deoptimize) done
Event: 1.129 Executing VM operation: HandshakeAllThreads (Deoptimize)
Event: 1.129 Executing VM operation: HandshakeAllThreads (Deoptimize) done
Event: 1.468 Executing VM operation: ICBufferFull
Event: 1.468 Executing VM operation: ICBufferFull done
Event: 1.651 Executing VM operation: G1CollectForAllocation (G1 Evacuation Pause)
Event: 1.656 Executing VM operation: G1CollectForAllocation (G1 Evacuation Pause) done
Event: 1.721 Executing VM operation: HandshakeAllThreads (Deoptimize)
Event: 1.721 Executing VM operation: HandshakeAllThreads (Deoptimize) done
Event: 1.815 Executing VM operation: ICBufferFull
Event: 1.815 Executing VM operation: ICBufferFull done
Event: 2.824 Executing VM operation: Cleanup
Event: 2.824 Executing VM operation: Cleanup done

Events (20 events):
Event: 0.038 Thread 0x0000023ca631afd0 Thread added: 0x0000023ca631afd0
Event: 0.039 Thread 0x0000023ca631bc30 Thread added: 0x0000023ca631bc30
Event: 0.039 Thread 0x0000023ca631e7a0 Thread added: 0x0000023ca631e7a0
Event: 0.039 Thread 0x0000023ca6321490 Thread added: 0x0000023ca6321490
Event: 0.039 Thread 0x0000023ca6322100 Thread added: 0x0000023ca6322100
Event: 0.039 Thread 0x0000023ca67982a0 Thread added: 0x0000023ca67982a0
Event: 0.039 Thread 0x0000023ca6327430 Thread added: 0x0000023ca6327430
Event: 0.071 Thread 0x0000023ca692b430 Thread added: 0x0000023ca692b430
Event: 0.074 Thread 0x0000023ca6927fb0 Thread added: 0x0000023ca6927fb0
Event: 0.118 Thread 0x0000023ca69964c0 Thread added: 0x0000023ca69964c0
Event: 0.289 Thread 0x0000023ca6928640 Thread added: 0x0000023ca6928640
Event: 0.671 Thread 0x0000023ca6928cd0 Thread added: 0x0000023ca6928cd0
Event: 0.673 Thread 0x0000023ca6929360 Thread added: 0x0000023ca6929360
Event: 1.008 Thread 0x0000023ca692a710 Thread added: 0x0000023ca692a710
Event: 1.255 Thread 0x0000023cecb820a0 Thread added: 0x0000023cecb820a0
Event: 1.364 Thread 0x0000023c87abcb00 Thread exited: 0x0000023c87abcb00
Event: 1.364 Thread 0x0000023ca692a080 Thread added: 0x0000023ca692a080
Event: 1.813 Thread 0x0000023cecee3c10 Thread added: 0x0000023cecee3c10
Event: 2.315 Thread 0x0000023cecb820a0 Thread exited: 0x0000023cecb820a0
Event: 2.315 Thread 0x0000023ca69964c0 Thread exited: 0x0000023ca69964c0


Dynamic libraries:
0x00007ff6cc800000 - 0x00007ff6cc810000 	C:\Program Files\Java\jdk-21\bin\java.exe
0x00007fff9c990000 - 0x00007fff9cba6000 	C:\WINDOWS\SYSTEM32\ntdll.dll
0x00007fff9b380000 - 0x00007fff9b444000 	C:\WINDOWS\System32\KERNEL32.DLL
0x00007fff99fd0000 - 0x00007fff9a377000 	C:\WINDOWS\System32\KERNELBASE.dll
0x00007fff9a480000 - 0x00007fff9a591000 	C:\WINDOWS\System32\ucrtbase.dll
0x00007fff92cf0000 - 0x00007fff92d0b000 	C:\Program Files\Java\jdk-21\bin\VCRUNTIME140.dll
0x00007fff91c70000 - 0x00007fff91c89000 	C:\Program Files\Java\jdk-21\bin\jli.dll
0x00007fff9c4f0000 - 0x00007fff9c5a2000 	C:\WINDOWS\System32\ADVAPI32.dll
0x00007fff9c5b0000 - 0x00007fff9c657000 	C:\WINDOWS\System32\msvcrt.dll
0x00007fff9b450000 - 0x00007fff9b4f8000 	C:\WINDOWS\System32\sechost.dll
0x00007fff9a450000 - 0x00007fff9a478000 	C:\WINDOWS\System32\bcrypt.dll
0x00007fff9b870000 - 0x00007fff9b985000 	C:\WINDOWS\System32\RPCRT4.dll
0x00007fff9ba00000 - 0x00007fff9bbae000 	C:\WINDOWS\System32\USER32.dll
0x00007fff80180000 - 0x00007fff80413000 	C:\WINDOWS\WinSxS\amd64_microsoft.windows.common-controls_6595b64144ccf1df_6.0.22621.3235_none_270f74e173860f98\COMCTL32.dll
0x00007fff9a420000 - 0x00007fff9a446000 	C:\WINDOWS\System32\win32u.dll
0x00007fff9b9a0000 - 0x00007fff9b9c9000 	C:\WINDOWS\System32\GDI32.dll
0x00007fff9a5a0000 - 0x00007fff9a6b9000 	C:\WINDOWS\System32\gdi32full.dll
0x00007fff9a380000 - 0x00007fff9a41a000 	C:\WINDOWS\System32\msvcp_win.dll
0x00007fff8e680000 - 0x00007fff8e68a000 	C:\WINDOWS\SYSTEM32\VERSION.dll
0x00007fff9ac60000 - 0x00007fff9ac91000 	C:\WINDOWS\System32\IMM32.DLL
0x00007fff969f0000 - 0x00007fff969fc000 	C:\Program Files\Java\jdk-21\bin\vcruntime140_1.dll
0x00007fff91aa0000 - 0x00007fff91b2e000 	C:\Program Files\Java\jdk-21\bin\msvcp140.dll
0x00007fff5f5a0000 - 0x00007fff602b7000 	C:\Program Files\Java\jdk-21\bin\server\jvm.dll
0x00007fff9c8c0000 - 0x00007fff9c931000 	C:\WINDOWS\System32\WS2_32.dll
0x00007fff99b80000 - 0x00007fff99bcd000 	C:\WINDOWS\SYSTEM32\POWRPROF.dll
0x00007fff91a00000 - 0x00007fff91a34000 	C:\WINDOWS\SYSTEM32\WINMM.dll
0x00007fff99b60000 - 0x00007fff99b73000 	C:\WINDOWS\SYSTEM32\UMPDC.dll
0x00007fff98cf0000 - 0x00007fff98d08000 	C:\WINDOWS\SYSTEM32\kernel.appcore.dll
0x00007fff94cb0000 - 0x00007fff94cba000 	C:\Program Files\Java\jdk-21\bin\jimage.dll
0x00007fff97540000 - 0x00007fff97773000 	C:\WINDOWS\SYSTEM32\DBGHELP.DLL
0x00007fff9a8d0000 - 0x00007fff9ac58000 	C:\WINDOWS\System32\combase.dll
0x00007fff9ae20000 - 0x00007fff9aef7000 	C:\WINDOWS\System32\OLEAUT32.dll
0x00007fff85450000 - 0x00007fff85482000 	C:\WINDOWS\SYSTEM32\dbgcore.DLL
0x00007fff99f50000 - 0x00007fff99fc9000 	C:\WINDOWS\System32\bcryptPrimitives.dll
0x00007fff8f8f0000 - 0x00007fff8f90f000 	C:\Program Files\Java\jdk-21\bin\java.dll
0x00007fff9bc90000 - 0x00007fff9c4ec000 	C:\WINDOWS\System32\SHELL32.dll
0x00007fff97c10000 - 0x00007fff98509000 	C:\WINDOWS\SYSTEM32\windows.storage.dll
0x00007fff97ad0000 - 0x00007fff97c0e000 	C:\WINDOWS\SYSTEM32\wintypes.dll
0x00007fff9aca0000 - 0x00007fff9ad93000 	C:\WINDOWS\System32\SHCORE.dll
0x00007fff9a6c0000 - 0x00007fff9a71e000 	C:\WINDOWS\System32\shlwapi.dll
0x00007fff99be0000 - 0x00007fff99c01000 	C:\WINDOWS\SYSTEM32\profapi.dll
0x00007fff885b0000 - 0x00007fff88687000 	C:\Program Files\Java\jdk-21\bin\jsvml.dll
0x00007fff93c60000 - 0x00007fff93c70000 	C:\Program Files\Java\jdk-21\bin\net.dll
0x00007fff92fd0000 - 0x00007fff93106000 	C:\WINDOWS\SYSTEM32\WINHTTP.dll
0x00007fff99160000 - 0x00007fff991c9000 	C:\WINDOWS\system32\mswsock.dll
0x00007fff8a150000 - 0x00007fff8a166000 	C:\Program Files\Java\jdk-21\bin\nio.dll
0x00007fff8a070000 - 0x00007fff8a088000 	C:\Program Files\Java\jdk-21\bin\zip.dll
0x00007fff73410000 - 0x00007fff7359f000 	C:\Program Files\Java\jdk-21\bin\awt.dll
0x00007fff96bd0000 - 0x00007fff96c67000 	C:\WINDOWS\SYSTEM32\apphelp.dll
0x00007fff993c0000 - 0x00007fff993db000 	C:\WINDOWS\SYSTEM32\CRYPTSP.dll
0x00007fff98c50000 - 0x00007fff98c85000 	C:\WINDOWS\system32\rsaenh.dll
0x00007fff99260000 - 0x00007fff99288000 	C:\WINDOWS\SYSTEM32\USERENV.dll
0x00007fff993e0000 - 0x00007fff993ec000 	C:\WINDOWS\SYSTEM32\CRYPTBASE.dll
0x00007fff98770000 - 0x00007fff9879d000 	C:\WINDOWS\SYSTEM32\IPHLPAPI.DLL
0x00007fff9b990000 - 0x00007fff9b999000 	C:\WINDOWS\System32\NSI.dll
0x00007fff880f0000 - 0x00007fff88177000 	C:\Program Files\Java\jdk-21\bin\freetype.dll
0x00007fff732d0000 - 0x00007fff733b2000 	C:\Program Files\Java\jdk-21\bin\fontmanager.dll
0x00007fff970e0000 - 0x00007fff9710b000 	C:\WINDOWS\system32\DWMAPI.DLL
0x00007fff96d70000 - 0x00007fff96e1b000 	C:\WINDOWS\system32\uxtheme.dll
0x00007fff9c760000 - 0x00007fff9c8b3000 	C:\WINDOWS\System32\MSCTF.dll
0x00007fff9a720000 - 0x00007fff9a8c5000 	C:\WINDOWS\System32\ole32.dll
0x00007fff75b50000 - 0x00007fff75c50000 	C:\WINDOWS\system32\opengl32.dll
0x00007fff84c50000 - 0x00007fff84c7d000 	C:\WINDOWS\SYSTEM32\GLU32.dll
0x00007fff96ea0000 - 0x00007fff96ed9000 	C:\WINDOWS\SYSTEM32\dxcore.dll
0x00007fff93310000 - 0x00007fff93316000 	C:\Users\Kiet\AppData\Local\Temp\flatlaf.temp\flatlaf-windows-x86_64-764652650531000.dll
0x00007fff931f0000 - 0x00007fff93200000 	C:\Program Files\Java\jdk-21\bin\verify.dll
0x00007fff9b6c0000 - 0x00007fff9b770000 	C:\WINDOWS\System32\clbcatq.dll
0x00007fff954e0000 - 0x00007fff95690000 	C:\WINDOWS\SYSTEM32\WindowsCodecs.dll
0x00007fff6ec20000 - 0x00007fff6ec7e000 	C:\WINDOWS\system32\dataexchange.dll
0x00007fff901f0000 - 0x00007fff9047e000 	C:\WINDOWS\system32\twinapi.appcore.dll
0x00007fff93120000 - 0x00007fff93127000 	C:\Program Files\Java\jdk-21\bin\jawt.dll
0x00007fff77ca0000 - 0x00007fff77dea000 	C:\WINDOWS\SYSTEM32\textinputframework.dll

dbghelp: loaded successfully - version: 4.0.5 - missing functions: none
symbol engine: initialized successfully - sym options: 0x614 - pdb path: .;C:\Program Files\Java\jdk-21\bin;C:\WINDOWS\SYSTEM32;C:\WINDOWS\WinSxS\amd64_microsoft.windows.common-controls_6595b64144ccf1df_6.0.22621.3235_none_270f74e173860f98;C:\Program Files\Java\jdk-21\bin\server;C:\Users\Kiet\AppData\Local\Temp\flatlaf.temp

VM Arguments:
jvm_args: -XX:+ShowCodeDetailsInExceptionMessages 
java_command: GUI.LogIn
java_class_path (initial): C:\Users\Kiet\AppData\Roaming\Code\User\workspaceStorage\b3b38d78d4b70df6aa0616a4b888d3ad\redhat.java\jdt_ws\DoAnJavaa_c8713cb1\bin;c:\Users\Kiet\Desktop\DoAnJavaa\lib\lib\commons-codec-1.15.jar;c:\Users\Kiet\Desktop\DoAnJavaa\lib\lib\log4j-api-2.18.0.jar;c:\Users\Kiet\Desktop\DoAnJavaa\lib\mysql-connector.jar;c:\Users\Kiet\Desktop\DoAnJavaa\lib\kotlin-stdlib-common-1.4.0.jar;c:\Users\Kiet\Desktop\DoAnJavaa\lib\poi-ooxml-3.17.jar;c:\Users\Kiet\Desktop\DoAnJavaa\lib\lib\commons-compress-1.21.jar;c:\Users\Kiet\Desktop\DoAnJavaa\lib\poi-3.17.jar;c:\Users\Kiet\Desktop\DoAnJavaa\lib\lib\poi-ooxml-full-5.2.3.jar;c:\Users\Kiet\Desktop\DoAnJavaa\lib\lib\commons-collections4-4.4.jar;c:\Users\Kiet\Desktop\DoAnJavaa\lib\lib\poi-excelant-5.2.3.jar;c:\Users\Kiet\Desktop\DoAnJavaa\lib\lib\poi-ooxml-lite-5.2.3.jar;c:\Users\Kiet\Desktop\DoAnJavaa\lib\mssql-jdbc-8.4.1.jre14.jar;c:\Users\Kiet\Desktop\DoAnJavaa\lib\mysql-connector-java-8.0.30.jar;c:\Users\Kiet\Desktop\DoAnJavaa\lib\zxing-1.7-javase.jar;c:\Users\Kiet\Desktop\DoAnJavaa\lib\xmlbeans-xmlpublic-2.0-dev-2.jar;c:\Users\Kiet\Desktop\DoAnJavaa\lib\jcalendar-1.4.jar;c:\Users\Kiet\Desktop\DoAnJavaa\lib\log4j-core-2.20.0.jar;c:\Users\Kiet\Desktop\DoAnJavaa\lib\flatlaf-extras-3.1.jar;c:\Users\Kiet\Desktop\DoAnJavaa\lib\svgSalamander-1.1.4.jar;c:\Users\Kiet\Desktop\DoAnJavaa\lib\zxing-core-2.0.jar;c:\Users\Kiet\Desktop\DoAnJavaa\lib\slf4j-api-1.7.2.jar;c:\Users\Kiet\Desktop\DoAnJavaa\lib\swingx-1.6.1.jar;c:\Users\Kiet\Desktop\DoAnJavaa\lib\lib\poi-examples-5.2.3.jar;c:\Users\Kiet\Desktop\DoAnJavaa\lib\slf4j-simple-1.7.25.jar;c:\Users\Kiet\Desktop\DoAnJavaa\lib\lib\poi-javadoc-5.2.3.jar;c:\Users\Kiet\Desktop\DoAnJavaa\lib\slf4j-api-1.7.25.jar;c:\Users\Kiet\Desktop\DoAnJavaa\lib\swingx-all-1.6.4.jar;c:\Users\Kiet\Desktop\DoAnJavaa\lib\TimingFramework-0.55.jar;c:\Users\Kiet\Desktop\DoAnJavaa\lib\lib\curvesapi-1.07.jar;c:\Users\Kiet\Desktop\DoAnJavaa\lib\lib\xmlbeans-5.1.1.jar;c:\Users\Kiet\Desktop\DoAnJavaa\lib\mssql-jdbc-9.4.0.jre11.jar;c:\Users\Kiet\Desktop\DoAnJavaa\lib\lib\jakarta.activation-2.0.1.jar;c:\Users\Kiet\Desktop\DoAnJavaa\lib\flatlaf-3.3.jar;c:\Users\Kiet\Desktop\DoAnJavaa\lib\java-dotenv-5.1.3.jar;c:\Users\Kiet\Desktop\DoAnJavaa\lib\filters-2.0.235.jar;c:\Users\Kiet\Desktop\DoAnJavaa\lib\activation.jar;c:\Users\Kiet\Desktop\DoAnJavaa\lib\kotlin-runtime-1.2.71.jar;c:\Users\Kiet\Desktop\DoAnJavaa\lib\lib\jakarta.xml.bind-api-3.0.1.jar;c:\Users\Kiet\Desktop\DoAnJavaa\lib\kotlin-stdlib-1.4.0.jar;c:\Users\Kiet\Desktop\DoAnJavaa\lib\java-dotenv-5.2.2.jar;c:\Users\Kiet\Desktop\DoAnJavaa\lib\bridj-0.7.0.jar;c:\Users\Kiet\Desktop\DoAnJavaa\lib\lib\commons-io-2.11.0.jar;c:\Users\Kiet\Desktop\DoAnJavaa\lib\xmlbeans-3.1.0.jar;c:\Users\Kiet\Desktop\DoAnJavaa\lib\lib\SparseBitSet-1.2.jar;c:\Users\Kiet\Desktop\DoAnJavaa\lib\miglayout-4.0.jar;c:\Users\Kiet\Desktop\DoAnJavaa\lib\com.sun.net.ssl.jar;c:\Users\Kiet\Desktop\DoAnJavaa\lib\lib\poi-ooxml-5.2.3.jar;c:\Users\Kiet\Desktop\DoAnJavaa\lib\javase-3.3.0.jar;c:\Users\Kiet\Desktop\DoAnJavaa\lib\lib\commons-logging-1.2.jar;c:\Users\Kiet\Desktop\DoAnJavaa\lib\xmlbeans-2.3.0.jar;c:\Users\Kiet\Desktop\DoAnJavaa\lib\webcam-capture-0.3.12.jar;c:\Users\Kiet\Desktop\DoAnJavaa\lib\core-3.3.0.jar;c:\Users\Kiet\Desktop\DoAnJavaa\lib\lib\commons-math3-3.6.1.jar;c:\Users\Kiet\Desktop\DoAnJavaa\lib\lib\slf4j-api-1.7.36.jar;c:\Users\Kiet\Desktop\DoAnJavaa\lib\lib\poi-5.2.3.jar;c:\Users\Kiet\Desktop\DoAnJavaa\lib\flatlaf-fonts-roboto-2.137.jar;c:\Users\Kiet\Desktop\DoAnJavaa\lib\swing-worker-1.1.jar;c:\Users\Kiet\Desktop\DoAnJavaa\lib\kotlin-stdlib-1.5.31.jar;c:\Users\Kiet\Desktop\DoAnJavaa\lib\lib\poi-scratchpad-5.2.3.jar;c:\Users\Kiet\Desktop\DoAnJavaa\lib\javax.activation-1.2.0.jar;c:\Users\Kiet\Desktop\DoAnJavaa\lib\itextpdf-5.5.12.jar;c:\Users\Kiet\Desktop\DoAnJavaa\lib\javax.mail.jar
Launcher Type: SUN_STANDARD

[Global flags]
     intx CICompilerCount                          = 4                                         {product} {ergonomic}
     uint ConcGCThreads                            = 2                                         {product} {ergonomic}
     uint G1ConcRefinementThreads                  = 8                                         {product} {ergonomic}
   size_t G1HeapRegionSize                         = 1048576                                   {product} {ergonomic}
    uintx GCDrainStackTargetSize                   = 64                                        {product} {ergonomic}
   size_t InitialHeapSize                          = 132120576                                 {product} {ergonomic}
   size_t MarkStackSize                            = 4194304                                   {product} {ergonomic}
   size_t MaxHeapSize                              = 2095054848                                {product} {ergonomic}
   size_t MaxNewSize                               = 1256194048                                {product} {ergonomic}
   size_t MinHeapDeltaBytes                        = 1048576                                   {product} {ergonomic}
   size_t MinHeapSize                              = 8388608                                   {product} {ergonomic}
    uintx NonNMethodCodeHeapSize                   = 5839372                                {pd product} {ergonomic}
    uintx NonProfiledCodeHeapSize                  = 122909434                              {pd product} {ergonomic}
    uintx ProfiledCodeHeapSize                     = 122909434                              {pd product} {ergonomic}
    uintx ReservedCodeCacheSize                    = 251658240                              {pd product} {ergonomic}
     bool SegmentedCodeCache                       = true                                      {product} {ergonomic}
     bool ShowCodeDetailsInExceptionMessages       = true                                   {manageable} {command line}
   size_t SoftMaxHeapSize                          = 2095054848                             {manageable} {ergonomic}
     bool UseCompressedOops                        = true                           {product lp64_product} {ergonomic}
     bool UseG1GC                                  = true                                      {product} {ergonomic}
     bool UseLargePagesIndividualAllocation        = false                                  {pd product} {ergonomic}

Logging:
Log output configuration:
 #0: stdout all=warning uptime,level,tags foldmultilines=false
 #1: stderr all=off uptime,level,tags foldmultilines=false

Environment Variables:
PATH=C:\Program Files\Common Files\Oracle\Java\javapath;C:\Program Files (x86)\Common Files\Oracle\Java\javapath;C:\WINDOWS\system32;C:\WINDOWS;C:\WINDOWS\System32\Wbem;C:\WINDOWS\System32\WindowsPowerShell\v1.0\;C:\WINDOWS\System32\OpenSSH\;C:\Program Files\dotnet\;C:\Program Files\Common Files\Oracle\Java\javapath;C:\Program Files\Java\jdk-11\bin;C:\Program Files (x86)\Microsoft SQL Server\160\Tools\Binn\;C:\Program Files\Microsoft SQL Server\160\Tools\Binn\;C:\Program Files\Microsoft SQL Server\Client SDK\ODBC\170\Tools\Binn\;C:\Program Files\Microsoft SQL Server\160\DTS\Binn\;C:\Program Files (x86)\Microsoft SQL Server\160\DTS\Binn\;C:\Program Files\Azure Data Studio\bin;C:\Program Files\apache-maven-3.9.6\bin;C:\Program Files\Git\cmd;C:\Program Files\nodejs\;C:\Program Files\Java\jdk-21\bin;C:\Users\Kiet\AppData\Local\Microsoft\WindowsApps;C:\Users\Kiet\AppData\Local\Programs\Microsoft VS Code\bin;C:\Users\Kiet\AppData\Local\GitHubDesktop\bin;C:\Users\Kiet\.dotnet\tools;C:\Program Files\Azure Data Studio\bin;C:\Users\Kiet\AppData\Roaming\npm
USERNAME=Kiet
LANG=en_US.UTF-8
OS=Windows_NT
PROCESSOR_IDENTIFIER=Intel64 Family 6 Model 126 Stepping 5, GenuineIntel
TMP=C:\Users\Kiet\AppData\Local\Temp
TEMP=C:\Users\Kiet\AppData\Local\Temp




Periodic native trim disabled

---------------  S Y S T E M  ---------------

OS:
 Windows 11 , 64 bit Build 22621 (10.0.22621.3374)
OS uptime: 0 days 21:14 hours

CPU: total 8 (initial active 8) (4 cores per cpu, 2 threads per core) family 6 model 126 stepping 5 microcode 0xa6, cx8, cmov, fxsr, ht, mmx, 3dnowpref, sse, sse2, sse3, ssse3, sse4.1, sse4.2, popcnt, lzcnt, tsc, tscinvbit, avx, avx2, aes, erms, clmul, bmi1, bmi2, adx, avx512f, avx512dq, avx512cd, avx512bw, avx512vl, sha, fma, vzeroupper, avx512_vpopcntdq, avx512_vpclmulqdq, avx512_vaes, avx512_vnni, clflush, clflushopt, avx512_vbmi2, avx512_vbmi, rdtscp, rdpid, fsrm, gfni, avx512_bitalg, f16c, pku, avx512_ifma
Processor Information for all 8 processors :
  Max Mhz: 1190, Current Mhz: 991, Mhz Limit: 987

Memory: 4k page, system-wide physical 7987M (739M free)
TotalPageFile size 10035M (AvailPageFile size 13M)
current process WorkingSet (physical memory assigned to process): 139M, peak: 140M
current process commit charge ("private bytes"): 256M, peak: 258M

vm_info: Java HotSpot(TM) 64-Bit Server VM (21.0.2+13-LTS-58) for windows-amd64 JRE (21.0.2+13-LTS-58), built on 2024-01-05T18:32:24Z by "mach5one" with MS VC++ 17.1 (VS2022)

END.
