#
# There is insufficient memory for the Java Runtime Environment to continue.
# Native memory allocation (malloc) failed to allocate 916816 bytes for Chunk::new
# Possible reasons:
#   The system is out of physical RAM or swap space
#   The process is running with CompressedOops enabled, and the Java Heap may be blocking the growth of the native heap
# Possible solutions:
#   Reduce memory load on the system
#   Increase physical memory or swap space
#   Check if swap backing store is full
#   Decrease Java heap size (-Xmx/-Xms)
#   Decrease number of Java threads
#   Decrease Java thread stack sizes (-Xss)
#   Set larger code cache with -XX:ReservedCodeCacheSize=
#   JVM is running with Unscaled Compressed Oops mode in which the Java heap is
#     placed in the first 4GB address space. The Java Heap base address is the
#     maximum limit for the native heap growth. Please use -XX:HeapBaseMinAddress
#     to set the Java Heap base and to place the Java Heap above 4GB virtual address.
# This output file may be truncated or incomplete.
#
#  Out of Memory Error (arena.cpp:168), pid=10672, tid=18580
#
# JRE version: Java(TM) SE Runtime Environment (21.0.2+13) (build 21.0.2+13-LTS-58)
# Java VM: Java HotSpot(TM) 64-Bit Server VM (21.0.2+13-LTS-58, mixed mode, sharing, tiered, compressed oops, compressed class ptrs, g1 gc, windows-amd64)
# No core dump will be written. Minidumps are not enabled by default on client versions of Windows
#

---------------  S U M M A R Y ------------

Command Line: -XX:+ShowCodeDetailsInExceptionMessages GUI.LogIn

Host: Intel(R) Core(TM) i5-1035G1 CPU @ 1.00GHz, 8 cores, 7G,  Windows 11 , 64 bit Build 22621 (10.0.22621.3374)
Time: Sat May  4 21:38:17 2024 SE Asia Standard Time elapsed time: 30.642548 seconds (0d 0h 0m 30s)

---------------  T H R E A D  ---------------

Current thread (0x000001b824984690):  JavaThread "C2 CompilerThread0" daemon [_thread_in_native, id=18580, stack(0x0000005d1f900000,0x0000005d1fa00000) (1024K)]


Current CompileTask:
C2:  30642 3465       4       sun.java2d.marlin.Renderer::_endRendering (2646 bytes)

Stack: [0x0000005d1f900000,0x0000005d1fa00000]
Native frames: (J=compiled Java code, j=interpreted, Vv=VM code, C=native code)
V  [jvm.dll+0x6cade9]
V  [jvm.dll+0x8569c1]
V  [jvm.dll+0x858d2e]
V  [jvm.dll+0x859413]
V  [jvm.dll+0x280e56]
V  [jvm.dll+0xc3f3d]
V  [jvm.dll+0xc4473]
V  [jvm.dll+0x3b5bf2]
V  [jvm.dll+0x1e2209]
V  [jvm.dll+0x249d22]
V  [jvm.dll+0x2491b1]
V  [jvm.dll+0x1c9634]
V  [jvm.dll+0x258859]
V  [jvm.dll+0x256e3a]
V  [jvm.dll+0x3ef6c6]
V  [jvm.dll+0x7ff568]
V  [jvm.dll+0x6c953d]
C  [ucrtbase.dll+0x29333]
C  [KERNEL32.DLL+0x1257d]
C  [ntdll.dll+0x5aa48]


---------------  P R O C E S S  ---------------

Threads class SMR info:
_java_thread_list=0x000001b86bc63930, length=17, elements={
0x000001b8249758c0, 0x000001b824976ae0, 0x000001b82497a010, 0x000001b82497dfe0,
0x000001b824983680, 0x000001b824983cf0, 0x000001b824984690, 0x000001b8249884a0,
0x000001b824c50c60, 0x000001b824c5b8c0, 0x000001b86a1c2540, 0x000001b86a7fe8f0,
0x000001b86b689df0, 0x000001b86a62b420, 0x000001b805ed21f0, 0x000001b86b5f0490,
0x000001b86b3d9940
}

Java Threads: ( => current thread )
  0x000001b8249758c0 JavaThread "Reference Handler"          daemon [_thread_blocked, id=13688, stack(0x0000005d1f300000,0x0000005d1f400000) (1024K)]
  0x000001b824976ae0 JavaThread "Finalizer"                  daemon [_thread_blocked, id=7020, stack(0x0000005d1f400000,0x0000005d1f500000) (1024K)]
  0x000001b82497a010 JavaThread "Signal Dispatcher"          daemon [_thread_blocked, id=18752, stack(0x0000005d1f500000,0x0000005d1f600000) (1024K)]
  0x000001b82497dfe0 JavaThread "Attach Listener"            daemon [_thread_blocked, id=12100, stack(0x0000005d1f600000,0x0000005d1f700000) (1024K)]
  0x000001b824983680 JavaThread "Service Thread"             daemon [_thread_blocked, id=18780, stack(0x0000005d1f700000,0x0000005d1f800000) (1024K)]
  0x000001b824983cf0 JavaThread "Monitor Deflation Thread"   daemon [_thread_blocked, id=16700, stack(0x0000005d1f800000,0x0000005d1f900000) (1024K)]
=>0x000001b824984690 JavaThread "C2 CompilerThread0"         daemon [_thread_in_native, id=18580, stack(0x0000005d1f900000,0x0000005d1fa00000) (1024K)]
  0x000001b8249884a0 JavaThread "C1 CompilerThread0"         daemon [_thread_blocked, id=13764, stack(0x0000005d1fa00000,0x0000005d1fb00000) (1024K)]
  0x000001b824c50c60 JavaThread "Notification Thread"        daemon [_thread_blocked, id=1336, stack(0x0000005d1fb00000,0x0000005d1fc00000) (1024K)]
  0x000001b824c5b8c0 JavaThread "Common-Cleaner"             daemon [_thread_blocked, id=14604, stack(0x0000005d1fc00000,0x0000005d1fd00000) (1024K)]
  0x000001b86a1c2540 JavaThread "Java2D Disposer"            daemon [_thread_blocked, id=2300, stack(0x0000005d1fe00000,0x0000005d1ff00000) (1024K)]
  0x000001b86a7fe8f0 JavaThread "AWT-Shutdown"                      [_thread_blocked, id=12872, stack(0x0000005d1ff00000,0x0000005d20000000) (1024K)]
  0x000001b86b689df0 JavaThread "AWT-Windows"                daemon [_thread_in_native, id=18400, stack(0x0000005d20000000,0x0000005d20100000) (1024K)]
  0x000001b86a62b420 JavaThread "AWT-EventQueue-0"                  [_thread_blocked, id=16832, stack(0x0000005d20800000,0x0000005d20900000) (1024K)]
  0x000001b805ed21f0 JavaThread "DestroyJavaVM"                     [_thread_blocked, id=8604, stack(0x0000005d1eb00000,0x0000005d1ec00000) (1024K)]
  0x000001b86b5f0490 JavaThread "TimerQueue"                 daemon [_thread_blocked, id=7500, stack(0x0000005d20d00000,0x0000005d20e00000) (1024K)]
  0x000001b86b3d9940 JavaThread "mysql-cj-abandoned-connection-cleanup" daemon [_thread_blocked, id=6480, stack(0x0000005d1fd00000,0x0000005d1fe00000) (1024K)]
Total: 17

Other Threads:
  0x000001b8249585c0 VMThread "VM Thread"                           [id=3832, stack(0x0000005d1f200000,0x0000005d1f300000) (1024K)]
  0x000001b8249408a0 WatcherThread "VM Periodic Task Thread"        [id=2640, stack(0x0000005d1f100000,0x0000005d1f200000) (1024K)]
  0x000001b8080f6a40 WorkerThread "GC Thread#0"                     [id=1312, stack(0x0000005d1ec00000,0x0000005d1ed00000) (1024K)]
  0x000001b86a4b8120 WorkerThread "GC Thread#1"                     [id=17484, stack(0x0000005d20100000,0x0000005d20200000) (1024K)]
  0x000001b86afabf00 WorkerThread "GC Thread#2"                     [id=11988, stack(0x0000005d20200000,0x0000005d20300000) (1024K)]
  0x000001b86a645810 WorkerThread "GC Thread#3"                     [id=18924, stack(0x0000005d20300000,0x0000005d20400000) (1024K)]
  0x000001b86b1da540 WorkerThread "GC Thread#4"                     [id=8496, stack(0x0000005d20400000,0x0000005d20500000) (1024K)]
  0x000001b86a227420 WorkerThread "GC Thread#5"                     [id=13556, stack(0x0000005d20500000,0x0000005d20600000) (1024K)]
  0x000001b86a5fc710 WorkerThread "GC Thread#6"                     [id=18320, stack(0x0000005d20600000,0x0000005d20700000) (1024K)]
  0x000001b86a5ed5d0 WorkerThread "GC Thread#7"                     [id=17336, stack(0x0000005d20c00000,0x0000005d20d00000) (1024K)]
  0x000001b808107590 ConcurrentGCThread "G1 Main Marker"            [id=10984, stack(0x0000005d1ed00000,0x0000005d1ee00000) (1024K)]
  0x000001b8081088a0 WorkerThread "G1 Conc#0"                       [id=14112, stack(0x0000005d1ee00000,0x0000005d1ef00000) (1024K)]
  0x000001b86a5ed230 WorkerThread "G1 Conc#1"                       [id=18820, stack(0x0000005d20e00000,0x0000005d20f00000) (1024K)]
  0x000001b80815e2f0 ConcurrentGCThread "G1 Refine#0"               [id=7492, stack(0x0000005d1ef00000,0x0000005d1f000000) (1024K)]
  0x000001b824811660 ConcurrentGCThread "G1 Service"                [id=11932, stack(0x0000005d1f000000,0x0000005d1f100000) (1024K)]
Total: 15

Threads with active compile tasks:
C2 CompilerThread0    30666 3465       4       sun.java2d.marlin.Renderer::_endRendering (2646 bytes)
Total: 1

VM state: not at safepoint (normal execution)

VM Mutex/Monitor currently owned by a thread: None

Heap address: 0x0000000083200000, size: 1998 MB, Compressed Oops mode: 32-bit

CDS archive(s) mapped at: [0x000001b825000000-0x000001b825c90000-0x000001b825c90000), size 13172736, SharedBaseAddress: 0x000001b825000000, ArchiveRelocationMode: 1.
Compressed class space mapped at: 0x000001b826000000-0x000001b866000000, reserved size: 1073741824
Narrow klass base: 0x000001b825000000, Narrow klass shift: 0, Narrow klass range: 0x100000000

GC Precious Log:
 CardTable entry size: 512
 Card Set container configuration: InlinePtr #cards 5 size 8 Array Of Cards #cards 12 size 40 Howl #buckets 4 coarsen threshold 1843 Howl Bitmap #cards 512 size 80 coarsen threshold 460 Card regions per heap region 1 cards per card region 2048
 CPUs: 8 total, 8 available
 Memory: 7987M
 Large Page Support: Disabled
 NUMA Support: Disabled
 Compressed Oops: Enabled (32-bit)
 Heap Region Size: 1M
 Heap Min Capacity: 8M
 Heap Initial Capacity: 126M
 Heap Max Capacity: 1998M
 Pre-touch: Disabled
 Parallel Workers: 8
 Concurrent Workers: 2
 Concurrent Refinement Workers: 8
 Periodic GC: Disabled

Heap:
 garbage-first heap   total 75776K, used 45515K [0x0000000083200000, 0x0000000100000000)
  region size 1024K, 24 young (24576K), 6 survivors (6144K)
 Metaspace       used 21664K, committed 22016K, reserved 1114112K
  class space    used 2331K, committed 2496K, reserved 1048576K

Heap Regions: E=young(eden), S=young(survivor), O=old, HS=humongous(starts), HC=humongous(continues), CS=collection set, F=free, TAMS=top-at-mark-start, PB=parsable bottom
|   0|0x0000000083200000, 0x0000000083300000, 0x0000000083300000|100%|HS|  |TAMS 0x0000000083200000| PB 0x0000000083200000| Complete 
|   1|0x0000000083300000, 0x0000000083400000, 0x0000000083400000|100%|HC|  |TAMS 0x0000000083300000| PB 0x0000000083300000| Complete 
|   2|0x0000000083400000, 0x0000000083500000, 0x0000000083500000|100%|HS|  |TAMS 0x0000000083400000| PB 0x0000000083400000| Complete 
|   3|0x0000000083500000, 0x0000000083600000, 0x0000000083600000|100%| O|  |TAMS 0x0000000083500000| PB 0x0000000083500000| Untracked 
|   4|0x0000000083600000, 0x0000000083700000, 0x0000000083700000|100%| O|  |TAMS 0x0000000083600000| PB 0x0000000083600000| Untracked 
|   5|0x0000000083700000, 0x0000000083800000, 0x0000000083800000|100%| O|  |TAMS 0x0000000083700000| PB 0x0000000083700000| Untracked 
|   6|0x0000000083800000, 0x0000000083900000, 0x0000000083900000|100%| O|  |TAMS 0x0000000083800000| PB 0x0000000083800000| Untracked 
|   7|0x0000000083900000, 0x0000000083a00000, 0x0000000083a00000|100%| O|  |TAMS 0x0000000083900000| PB 0x0000000083900000| Untracked 
|   8|0x0000000083a00000, 0x0000000083b00000, 0x0000000083b00000|100%|HS|  |TAMS 0x0000000083a00000| PB 0x0000000083a00000| Complete 
|   9|0x0000000083b00000, 0x0000000083c00000, 0x0000000083c00000|100%|HC|  |TAMS 0x0000000083b00000| PB 0x0000000083b00000| Complete 
|  10|0x0000000083c00000, 0x0000000083d00000, 0x0000000083d00000|100%|HC|  |TAMS 0x0000000083c00000| PB 0x0000000083c00000| Complete 
|  11|0x0000000083d00000, 0x0000000083e00000, 0x0000000083e00000|100%| O|  |TAMS 0x0000000083d00000| PB 0x0000000083d00000| Untracked 
|  12|0x0000000083e00000, 0x0000000083f00000, 0x0000000083f00000|100%| O|  |TAMS 0x0000000083e00000| PB 0x0000000083e00000| Untracked 
|  13|0x0000000083f00000, 0x0000000083f72e18, 0x0000000084000000| 44%| O|Cm|TAMS 0x0000000083f00000| PB 0x0000000083f00000| Complete 
|  14|0x0000000084000000, 0x0000000084100000, 0x0000000084100000|100%|HS|  |TAMS 0x0000000084000000| PB 0x0000000084000000| Complete 
|  15|0x0000000084100000, 0x0000000084200000, 0x0000000084200000|100%|HC|  |TAMS 0x0000000084100000| PB 0x0000000084100000| Complete 
|  16|0x0000000084200000, 0x0000000084300000, 0x0000000084300000|100%|HC|  |TAMS 0x0000000084200000| PB 0x0000000084200000| Complete 
|  17|0x0000000084300000, 0x0000000084400000, 0x0000000084400000|100%|HC|  |TAMS 0x0000000084300000| PB 0x0000000084300000| Complete 
|  18|0x0000000084400000, 0x0000000084500000, 0x0000000084500000|100%|HC|  |TAMS 0x0000000084400000| PB 0x0000000084400000| Complete 
|  19|0x0000000084500000, 0x0000000084600000, 0x0000000084600000|100%|HC|  |TAMS 0x0000000084500000| PB 0x0000000084500000| Complete 
|  20|0x0000000084600000, 0x0000000084700000, 0x0000000084700000|100%|HC|  |TAMS 0x0000000084600000| PB 0x0000000084600000| Complete 
|  21|0x0000000084700000, 0x0000000084800000, 0x0000000084800000|100%|HC|  |TAMS 0x0000000084700000| PB 0x0000000084700000| Complete 
|  22|0x0000000084800000, 0x0000000084800000, 0x0000000084900000|  0%| F|  |TAMS 0x0000000084800000| PB 0x0000000084800000| Untracked 
|  23|0x0000000084900000, 0x0000000084900000, 0x0000000084a00000|  0%| F|  |TAMS 0x0000000084900000| PB 0x0000000084900000| Untracked 
|  24|0x0000000084a00000, 0x0000000084a00000, 0x0000000084b00000|  0%| F|  |TAMS 0x0000000084a00000| PB 0x0000000084a00000| Untracked 
|  25|0x0000000084b00000, 0x0000000084b00000, 0x0000000084c00000|  0%| F|  |TAMS 0x0000000084b00000| PB 0x0000000084b00000| Untracked 
|  26|0x0000000084c00000, 0x0000000084c00000, 0x0000000084d00000|  0%| F|  |TAMS 0x0000000084c00000| PB 0x0000000084c00000| Untracked 
|  27|0x0000000084d00000, 0x0000000084d00000, 0x0000000084e00000|  0%| F|  |TAMS 0x0000000084d00000| PB 0x0000000084d00000| Untracked 
|  28|0x0000000084e00000, 0x0000000084e00000, 0x0000000084f00000|  0%| F|  |TAMS 0x0000000084e00000| PB 0x0000000084e00000| Untracked 
|  29|0x0000000084f00000, 0x0000000084f00000, 0x0000000085000000|  0%| F|  |TAMS 0x0000000084f00000| PB 0x0000000084f00000| Untracked 
|  30|0x0000000085000000, 0x0000000085000000, 0x0000000085100000|  0%| F|  |TAMS 0x0000000085000000| PB 0x0000000085000000| Untracked 
|  31|0x0000000085100000, 0x0000000085100000, 0x0000000085200000|  0%| F|  |TAMS 0x0000000085100000| PB 0x0000000085100000| Untracked 
|  32|0x0000000085200000, 0x0000000085200000, 0x0000000085300000|  0%| F|  |TAMS 0x0000000085200000| PB 0x0000000085200000| Untracked 
|  33|0x0000000085300000, 0x0000000085300000, 0x0000000085400000|  0%| F|  |TAMS 0x0000000085300000| PB 0x0000000085300000| Untracked 
|  34|0x0000000085400000, 0x0000000085400000, 0x0000000085500000|  0%| F|  |TAMS 0x0000000085400000| PB 0x0000000085400000| Untracked 
|  35|0x0000000085500000, 0x0000000085500000, 0x0000000085600000|  0%| F|  |TAMS 0x0000000085500000| PB 0x0000000085500000| Untracked 
|  36|0x0000000085600000, 0x0000000085600000, 0x0000000085700000|  0%| F|  |TAMS 0x0000000085600000| PB 0x0000000085600000| Untracked 
|  37|0x0000000085700000, 0x0000000085700000, 0x0000000085800000|  0%| F|  |TAMS 0x0000000085700000| PB 0x0000000085700000| Untracked 
|  38|0x0000000085800000, 0x0000000085800000, 0x0000000085900000|  0%| F|  |TAMS 0x0000000085800000| PB 0x0000000085800000| Untracked 
|  39|0x0000000085900000, 0x0000000085900000, 0x0000000085a00000|  0%| F|  |TAMS 0x0000000085900000| PB 0x0000000085900000| Untracked 
|  40|0x0000000085a00000, 0x0000000085a00000, 0x0000000085b00000|  0%| F|  |TAMS 0x0000000085a00000| PB 0x0000000085a00000| Untracked 
|  41|0x0000000085b00000, 0x0000000085b00000, 0x0000000085c00000|  0%| F|  |TAMS 0x0000000085b00000| PB 0x0000000085b00000| Untracked 
|  42|0x0000000085c00000, 0x0000000085c00000, 0x0000000085d00000|  0%| F|  |TAMS 0x0000000085c00000| PB 0x0000000085c00000| Untracked 
|  43|0x0000000085d00000, 0x0000000085d00000, 0x0000000085e00000|  0%| F|  |TAMS 0x0000000085d00000| PB 0x0000000085d00000| Untracked 
|  44|0x0000000085e00000, 0x0000000085e00000, 0x0000000085f00000|  0%| F|  |TAMS 0x0000000085e00000| PB 0x0000000085e00000| Untracked 
|  45|0x0000000085f00000, 0x0000000085f00000, 0x0000000086000000|  0%| F|  |TAMS 0x0000000085f00000| PB 0x0000000085f00000| Untracked 
|  46|0x0000000086000000, 0x0000000086000000, 0x0000000086100000|  0%| F|  |TAMS 0x0000000086000000| PB 0x0000000086000000| Untracked 
|  47|0x0000000086100000, 0x0000000086100000, 0x0000000086200000|  0%| F|  |TAMS 0x0000000086100000| PB 0x0000000086100000| Untracked 
|  48|0x0000000086200000, 0x0000000086200000, 0x0000000086300000|  0%| F|  |TAMS 0x0000000086200000| PB 0x0000000086200000| Untracked 
|  49|0x0000000086300000, 0x0000000086300000, 0x0000000086400000|  0%| F|  |TAMS 0x0000000086300000| PB 0x0000000086300000| Untracked 
|  50|0x0000000086400000, 0x00000000864773b8, 0x0000000086500000| 46%| E|  |TAMS 0x0000000086400000| PB 0x0000000086400000| Complete 
|  51|0x0000000086500000, 0x0000000086600000, 0x0000000086600000|100%| E|CS|TAMS 0x0000000086500000| PB 0x0000000086500000| Complete 
|  52|0x0000000086600000, 0x0000000086700000, 0x0000000086700000|100%| E|CS|TAMS 0x0000000086600000| PB 0x0000000086600000| Complete 
|  53|0x0000000086700000, 0x0000000086800000, 0x0000000086800000|100%| E|CS|TAMS 0x0000000086700000| PB 0x0000000086700000| Complete 
|  54|0x0000000086800000, 0x0000000086900000, 0x0000000086900000|100%| E|CS|TAMS 0x0000000086800000| PB 0x0000000086800000| Complete 
|  55|0x0000000086900000, 0x0000000086a00000, 0x0000000086a00000|100%| E|CS|TAMS 0x0000000086900000| PB 0x0000000086900000| Complete 
|  56|0x0000000086a00000, 0x0000000086b00000, 0x0000000086b00000|100%| E|CS|TAMS 0x0000000086a00000| PB 0x0000000086a00000| Complete 
|  57|0x0000000086b00000, 0x0000000086c00000, 0x0000000086c00000|100%| E|CS|TAMS 0x0000000086b00000| PB 0x0000000086b00000| Complete 
|  58|0x0000000086c00000, 0x0000000086d00000, 0x0000000086d00000|100%| E|CS|TAMS 0x0000000086c00000| PB 0x0000000086c00000| Complete 
|  59|0x0000000086d00000, 0x0000000086e00000, 0x0000000086e00000|100%| E|CS|TAMS 0x0000000086d00000| PB 0x0000000086d00000| Complete 
|  60|0x0000000086e00000, 0x0000000086f00000, 0x0000000086f00000|100%| E|CS|TAMS 0x0000000086e00000| PB 0x0000000086e00000| Complete 
|  61|0x0000000086f00000, 0x0000000087000000, 0x0000000087000000|100%| E|CS|TAMS 0x0000000086f00000| PB 0x0000000086f00000| Complete 
|  62|0x0000000087000000, 0x0000000087100000, 0x0000000087100000|100%| E|CS|TAMS 0x0000000087000000| PB 0x0000000087000000| Complete 
|  63|0x0000000087100000, 0x0000000087200000, 0x0000000087200000|100%| E|CS|TAMS 0x0000000087100000| PB 0x0000000087100000| Complete 
|  64|0x0000000087200000, 0x0000000087300000, 0x0000000087300000|100%| E|CS|TAMS 0x0000000087200000| PB 0x0000000087200000| Complete 
|  65|0x0000000087300000, 0x0000000087400000, 0x0000000087400000|100%| E|CS|TAMS 0x0000000087300000| PB 0x0000000087300000| Complete 
|  90|0x0000000088c00000, 0x0000000088d00000, 0x0000000088d00000|100%| S|CS|TAMS 0x0000000088c00000| PB 0x0000000088c00000| Complete 
|  91|0x0000000088d00000, 0x0000000088e00000, 0x0000000088e00000|100%| S|CS|TAMS 0x0000000088d00000| PB 0x0000000088d00000| Complete 
|  92|0x0000000088e00000, 0x0000000088f00000, 0x0000000088f00000|100%| S|CS|TAMS 0x0000000088e00000| PB 0x0000000088e00000| Complete 
|  96|0x0000000089200000, 0x0000000089300000, 0x0000000089300000|100%| S|CS|TAMS 0x0000000089200000| PB 0x0000000089200000| Complete 
|  97|0x0000000089300000, 0x0000000089400000, 0x0000000089400000|100%| S|CS|TAMS 0x0000000089300000| PB 0x0000000089300000| Complete 
|  98|0x0000000089400000, 0x0000000089500000, 0x0000000089500000|100%| S|CS|TAMS 0x0000000089400000| PB 0x0000000089400000| Complete 
| 124|0x000000008ae00000, 0x000000008af00000, 0x000000008af00000|100%| E|CS|TAMS 0x000000008ae00000| PB 0x000000008ae00000| Complete 
| 125|0x000000008af00000, 0x000000008b000000, 0x000000008b000000|100%| E|CS|TAMS 0x000000008af00000| PB 0x000000008af00000| Complete 

Card table byte_map: [0x000001b81fc20000,0x000001b820010000] _byte_map_base: 0x000001b81f807000

Marking Bits: (CMBitMap*) 0x000001b8080f7140
 Bits: [0x000001b820010000, 0x000001b821f48000)

Polling page: 0x000001b807860000

Metaspace:

Usage:
  Non-class:     18.88 MB used.
      Class:      2.28 MB used.
       Both:     21.16 MB used.

Virtual space:
  Non-class space:       64.00 MB reserved,      19.06 MB ( 30%) committed,  1 nodes.
      Class space:        1.00 GB reserved,       2.44 MB ( <1%) committed,  1 nodes.
             Both:        1.06 GB reserved,      21.50 MB (  2%) committed. 

Chunk freelists:
   Non-Class:  12.73 MB
       Class:  13.52 MB
        Both:  26.25 MB

MaxMetaspaceSize: unlimited
CompressedClassSpaceSize: 1.00 GB
Initial GC threshold: 21.00 MB
Current GC threshold: 35.12 MB
CDS: on
 - commit_granule_bytes: 65536.
 - commit_granule_words: 8192.
 - virtual_space_node_default_size: 8388608.
 - enlarge_chunks_in_place: 1.
 - use_allocation_guard: 0.


Internal statistics:

num_allocs_failed_limit: 3.
num_arena_births: 280.
num_arena_deaths: 0.
num_vsnodes_births: 2.
num_vsnodes_deaths: 0.
num_space_committed: 344.
num_space_uncommitted: 0.
num_chunks_returned_to_freelist: 3.
num_chunks_taken_from_freelist: 594.
num_chunk_merges: 0.
num_chunk_splits: 375.
num_chunks_enlarged: 245.
num_inconsistent_stats: 0.

CodeHeap 'non-profiled nmethods': size=120000Kb used=1780Kb max_used=1780Kb free=118219Kb
 bounds [0x000001b817fd0000, 0x000001b818240000, 0x000001b81f500000]
CodeHeap 'profiled nmethods': size=120000Kb used=7509Kb max_used=7509Kb free=112490Kb
 bounds [0x000001b810500000, 0x000001b810c60000, 0x000001b817a30000]
CodeHeap 'non-nmethods': size=5760Kb used=2009Kb max_used=2050Kb free=3751Kb
 bounds [0x000001b817a30000, 0x000001b817ca0000, 0x000001b817fd0000]
 total_blobs=4267 nmethods=3465 adapters=706
 compilation: enabled
              stopped_count=0, restarted_count=0
 full_count=0

Compilation events (20 events):
Event: 30.174 Thread 0x000001b824984690 nmethod 3453 0x000001b818180090 code [0x000001b818180320, 0x000001b8181812e8]
Event: 30.174 Thread 0x000001b824984690 3456 %     4       sun.java2d.marlin.Renderer::_endRendering @ 808 (2646 bytes)
Event: 30.443 Thread 0x000001b824984690 nmethod 3456% 0x000001b818181a10 code [0x000001b818181dc0, 0x000001b818188be0]
Event: 30.451 Thread 0x000001b8249884a0 3457   !   3       java.awt.Container::dispatchEventImpl (129 bytes)
Event: 30.451 Thread 0x000001b8249884a0 nmethod 3457 0x000001b810c4c510 code [0x000001b810c4c760, 0x000001b810c4d0a8]
Event: 30.458 Thread 0x000001b8249884a0 3458       3       java.awt.event.InvocationEvent::<init> (47 bytes)
Event: 30.459 Thread 0x000001b8249884a0 nmethod 3458 0x000001b810c4d390 code [0x000001b810c4d560, 0x000001b810c4d880]
Event: 30.466 Thread 0x000001b8249884a0 3459       3       java.awt.event.MouseEvent::<init> (211 bytes)
Event: 30.467 Thread 0x000001b8249884a0 nmethod 3459 0x000001b810c4d990 code [0x000001b810c4dca0, 0x000001b810c4ef28]
Event: 30.468 Thread 0x000001b8249884a0 3460       3       java.awt.event.InputEvent::<init> (26 bytes)
Event: 30.468 Thread 0x000001b8249884a0 nmethod 3460 0x000001b810c4f510 code [0x000001b810c4f6e0, 0x000001b810c4f8e8]
Event: 30.468 Thread 0x000001b8249884a0 3461   !   3       java.awt.event.InputEvent::canAccessSystemClipboard (57 bytes)
Event: 30.468 Thread 0x000001b8249884a0 nmethod 3461 0x000001b810c4fa10 code [0x000001b810c4fc40, 0x000001b810c50390]
Event: 30.514 Thread 0x000001b8249884a0 3462       3       java.awt.event.InvocationEvent::<init> (13 bytes)
Event: 30.514 Thread 0x000001b8249884a0 nmethod 3462 0x000001b810c50690 code [0x000001b810c50840, 0x000001b810c509a0]
Event: 30.550 Thread 0x000001b8249884a0 3463   !   3       java.util.concurrent.locks.AbstractQueuedSynchronizer::acquire (424 bytes)
Event: 30.552 Thread 0x000001b8249884a0 nmethod 3463 0x000001b810c50a90 code [0x000001b810c50e40, 0x000001b810c52758]
Event: 30.566 Thread 0x000001b8249884a0 3464       3       java.awt.EventQueue::coalesceEvent (86 bytes)
Event: 30.567 Thread 0x000001b8249884a0 nmethod 3464 0x000001b810c52f90 code [0x000001b810c53200, 0x000001b810c53f30]
Event: 30.570 Thread 0x000001b824984690 3465       4       sun.java2d.marlin.Renderer::_endRendering (2646 bytes)

GC Heap History (6 events):
Event: 0.636 GC heap before
{Heap before GC invocations=0 (full 0):
 garbage-first heap   total 129024K, used 26624K [0x0000000083200000, 0x0000000100000000)
  region size 1024K, 23 young (23552K), 0 survivors (0K)
 Metaspace       used 5673K, committed 5888K, reserved 1114112K
  class space    used 535K, committed 640K, reserved 1048576K
}
Event: 0.641 GC heap after
{Heap after GC invocations=1 (full 0):
 garbage-first heap   total 129024K, used 10624K [0x0000000083200000, 0x0000000100000000)
  region size 1024K, 3 young (3072K), 3 survivors (3072K)
 Metaspace       used 5673K, committed 5888K, reserved 1114112K
  class space    used 535K, committed 640K, reserved 1048576K
}
Event: 1.150 GC heap before
{Heap before GC invocations=1 (full 0):
 garbage-first heap   total 129024K, used 41344K [0x0000000083200000, 0x0000000100000000)
  region size 1024K, 30 young (30720K), 3 survivors (3072K)
 Metaspace       used 13458K, committed 13760K, reserved 1114112K
  class space    used 1457K, committed 1600K, reserved 1048576K
}
Event: 1.155 GC heap after
{Heap after GC invocations=2 (full 0):
 garbage-first heap   total 129024K, used 16536K [0x0000000083200000, 0x0000000100000000)
  region size 1024K, 3 young (3072K), 3 survivors (3072K)
 Metaspace       used 13458K, committed 13760K, reserved 1114112K
  class space    used 1457K, committed 1600K, reserved 1048576K
}
Event: 4.312 GC heap before
{Heap before GC invocations=2 (full 0):
 garbage-first heap   total 129024K, used 42136K [0x0000000083200000, 0x0000000100000000)
  region size 1024K, 30 young (30720K), 3 survivors (3072K)
 Metaspace       used 21241K, committed 21504K, reserved 1114112K
  class space    used 2310K, committed 2432K, reserved 1048576K
}
Event: 4.316 GC heap after
{Heap after GC invocations=3 (full 0):
 garbage-first heap   total 129024K, used 19915K [0x0000000083200000, 0x0000000100000000)
  region size 1024K, 6 young (6144K), 6 survivors (6144K)
 Metaspace       used 21241K, committed 21504K, reserved 1114112K
  class space    used 2310K, committed 2432K, reserved 1048576K
}

Dll operation events (12 events):
Event: 0.009 Loaded shared library C:\Program Files\Java\jdk-21\bin\java.dll
Event: 0.041 Loaded shared library C:\Program Files\Java\jdk-21\bin\jsvml.dll
Event: 0.095 Loaded shared library C:\Program Files\Java\jdk-21\bin\jimage.dll
Event: 0.100 Loaded shared library C:\Program Files\Java\jdk-21\bin\net.dll
Event: 0.102 Loaded shared library C:\Program Files\Java\jdk-21\bin\nio.dll
Event: 0.115 Loaded shared library C:\Program Files\Java\jdk-21\bin\zip.dll
Event: 0.199 Loaded shared library C:\Program Files\Java\jdk-21\bin\awt.dll
Event: 0.273 Loaded shared library C:\Program Files\Java\jdk-21\bin\freetype.dll
Event: 0.274 Loaded shared library C:\Program Files\Java\jdk-21\bin\fontmanager.dll
Event: 0.717 Loaded shared library C:\Users\Kiet\AppData\Local\Temp\flatlaf.temp\flatlaf-windows-x86_64-57838825073000.dll
Event: 0.738 Loaded shared library C:\Program Files\Java\jdk-21\bin\verify.dll
Event: 3.969 Loaded shared library C:\Program Files\Java\jdk-21\bin\extnet.dll

Deoptimization events (20 events):
Event: 4.598 Thread 0x000001b86a62b420 DEOPT PACKING pc=0x000001b810b91856 sp=0x0000005d208fcf90
Event: 4.598 Thread 0x000001b86a62b420 DEOPT UNPACKING pc=0x000001b817a888e2 sp=0x0000005d208fc438 mode 0
Event: 4.598 Thread 0x000001b86a62b420 DEOPT PACKING pc=0x000001b810b91856 sp=0x0000005d208fcf90
Event: 4.598 Thread 0x000001b86a62b420 DEOPT UNPACKING pc=0x000001b817a888e2 sp=0x0000005d208fc438 mode 0
Event: 4.598 Thread 0x000001b86a62b420 DEOPT PACKING pc=0x000001b810b91856 sp=0x0000005d208fcf90
Event: 4.598 Thread 0x000001b86a62b420 DEOPT UNPACKING pc=0x000001b817a888e2 sp=0x0000005d208fc438 mode 0
Event: 4.598 Thread 0x000001b86a62b420 DEOPT PACKING pc=0x000001b810b91856 sp=0x0000005d208fcf90
Event: 4.598 Thread 0x000001b86a62b420 DEOPT UNPACKING pc=0x000001b817a888e2 sp=0x0000005d208fc438 mode 0
Event: 4.599 Thread 0x000001b86a62b420 DEOPT PACKING pc=0x000001b810b91856 sp=0x0000005d208fcf90
Event: 4.599 Thread 0x000001b86a62b420 DEOPT UNPACKING pc=0x000001b817a888e2 sp=0x0000005d208fc438 mode 0
Event: 4.599 Thread 0x000001b86a62b420 DEOPT PACKING pc=0x000001b810b91856 sp=0x0000005d208fcf90
Event: 4.599 Thread 0x000001b86a62b420 DEOPT UNPACKING pc=0x000001b817a888e2 sp=0x0000005d208fc438 mode 0
Event: 4.600 Thread 0x000001b86a62b420 DEOPT PACKING pc=0x000001b810b91856 sp=0x0000005d208fcfd0
Event: 4.600 Thread 0x000001b86a62b420 DEOPT UNPACKING pc=0x000001b817a888e2 sp=0x0000005d208fc418 mode 0
Event: 4.885 Thread 0x000001b86a62b420 Uncommon trap: trap_request=0xffffff6e fr.pc=0x000001b81816c2e4 relative=0x0000000000000544
Event: 4.885 Thread 0x000001b86a62b420 Uncommon trap: reason=loop_limit_check action=maybe_recompile pc=0x000001b81816c2e4 method=java.awt.geom.AffineTransform.transform([FI[DII)V @ 548 c2
Event: 4.885 Thread 0x000001b86a62b420 DEOPT PACKING pc=0x000001b81816c2e4 sp=0x0000005d208fc7b0
Event: 4.885 Thread 0x000001b86a62b420 DEOPT UNPACKING pc=0x000001b817a87da2 sp=0x0000005d208fc6d0 mode 2
Event: 30.570 Thread 0x000001b86a62b420 DEOPT PACKING pc=0x000001b810bc7d0d sp=0x0000005d208fd050
Event: 30.570 Thread 0x000001b86a62b420 DEOPT UNPACKING pc=0x000001b817a888e2 sp=0x0000005d208fc430 mode 0

Classes loaded (20 events):
Event: 4.393 Loading class javax/swing/plaf/TreeUI
Event: 4.393 Loading class javax/swing/plaf/TreeUI done
Event: 4.395 Loading class java/awt/GradientPaint
Event: 4.396 Loading class java/awt/GradientPaint done
Event: 4.397 Loading class java/awt/GradientPaintContext
Event: 4.397 Loading class java/awt/PaintContext
Event: 4.397 Loading class java/awt/PaintContext done
Event: 4.397 Loading class java/awt/GradientPaintContext done
Event: 4.397 Loading class sun/java2d/pipe/AlphaPaintPipe$TileContext
Event: 4.397 Loading class sun/java2d/pipe/AlphaPaintPipe$TileContext done
Event: 4.402 Loading class java/awt/geom/Line2D$Float
Event: 4.403 Loading class java/awt/geom/Line2D$Float done
Event: 4.403 Loading class java/awt/geom/LineIterator
Event: 4.403 Loading class java/awt/geom/LineIterator done
Event: 4.416 Loading class java/awt/geom/Arc2D
Event: 4.416 Loading class java/awt/geom/Arc2D done
Event: 4.416 Loading class java/awt/geom/Arc2D$Double
Event: 4.417 Loading class java/awt/geom/Arc2D$Double done
Event: 4.418 Loading class java/awt/geom/ArcIterator
Event: 4.418 Loading class java/awt/geom/ArcIterator done

Classes unloaded (0 events):
No events

Classes redefined (0 events):
No events

Internal exceptions (20 events):
Event: 0.698 Thread 0x000001b805ed21f0 Implicit null exception at 0x000001b817ffd63d to 0x000001b817ffd6c1
Event: 0.706 Thread 0x000001b805ed21f0 Exception <a 'java/lang/NoSuchMethodError'{0x000000008ad2a400}: 'int java.lang.invoke.Invokers$Holder.invokeExact_MT(java.lang.Object, java.lang.Object)'> (0x000000008ad2a400) 
thrown [s\open\src\hotspot\share\interpreter\linkResolver.cpp, line 773]
Event: 0.711 Thread 0x000001b805ed21f0 Exception <a 'sun/nio/fs/WindowsException'{0x000000008ad4f380}> (0x000000008ad4f380) 
thrown [s\open\src\hotspot\share\prims\jni.cpp, line 520]
Event: 0.753 Thread 0x000001b805ed21f0 Exception <a 'java/lang/NoSuchMethodError'{0x000000008ac3e450}: 'java.lang.Object java.lang.invoke.DirectMethodHandle$Holder.invokeVirtual(java.lang.Object, java.lang.Object, java.lang.Object, java.lang.Object)'> (0x000000008ac3e450) 
thrown [s\open\src\hotspot\share\interpreter\linkResolver.cpp, line 773]
Event: 0.783 Thread 0x000001b805ed21f0 Exception <a 'java/lang/NoSuchMethodError'{0x000000008ab0d810}: 'int java.lang.invoke.DirectMethodHandle$Holder.invokeVirtual(java.lang.Object, java.lang.Object)'> (0x000000008ab0d810) 
thrown [s\open\src\hotspot\share\interpreter\linkResolver.cpp, line 773]
Event: 0.783 Thread 0x000001b805ed21f0 Exception <a 'java/lang/NoSuchMethodError'{0x000000008ab11990}: 'int java.lang.invoke.DirectMethodHandle$Holder.invokeSpecial(java.lang.Object, java.lang.Object, java.lang.Object)'> (0x000000008ab11990) 
thrown [s\open\src\hotspot\share\interpreter\linkResolver.cpp, line 773]
Event: 0.784 Thread 0x000001b805ed21f0 Exception <a 'java/lang/NoSuchMethodError'{0x000000008ab1c2a8}: 'void java.lang.invoke.DirectMethodHandle$Holder.invokeVirtual(java.lang.Object, java.lang.Object, int)'> (0x000000008ab1c2a8) 
thrown [s\open\src\hotspot\share\interpreter\linkResolver.cpp, line 773]
Event: 0.785 Thread 0x000001b805ed21f0 Exception <a 'java/lang/NoSuchMethodError'{0x000000008ab20570}: 'int java.lang.invoke.DirectMethodHandle$Holder.invokeSpecial(java.lang.Object, java.lang.Object, java.lang.Object, int)'> (0x000000008ab20570) 
thrown [s\open\src\hotspot\share\interpreter\linkResolver.cpp, line 773]
Event: 0.786 Thread 0x000001b805ed21f0 Exception <a 'java/lang/NoSuchMethodError'{0x000000008ab32b60}: 'java.lang.Object java.lang.invoke.DirectMethodHandle$Holder.invokeStatic(java.lang.Object, java.lang.Object, java.lang.Object, java.lang.Object, int)'> (0x000000008ab32b60) 
thrown [s\open\src\hotspot\share\interpreter\linkResolver.cpp, line 773]
Event: 0.787 Thread 0x000001b805ed21f0 Exception <a 'java/lang/NoSuchMethodError'{0x000000008ab3d728}: 'void java.lang.invoke.DelegatingMethodHandle$Holder.reinvoke_L(java.lang.Object, java.lang.Object, int)'> (0x000000008ab3d728) 
thrown [s\open\src\hotspot\share\interpreter\linkResolver.cpp, line 773]
Event: 0.793 Thread 0x000001b805ed21f0 Exception <a 'java/lang/NoSuchMethodError'{0x000000008ab6ba20}: 'void java.lang.invoke.Invokers$Holder.invokeExact_MT(java.lang.Object, java.lang.Object, java.lang.Object, java.lang.Object)'> (0x000000008ab6ba20) 
thrown [s\open\src\hotspot\share\interpreter\linkResolver.cpp, line 773]
Event: 0.796 Thread 0x000001b805ed21f0 Exception <a 'java/lang/NoSuchMethodError'{0x000000008ab83f90}: 'void java.lang.invoke.DirectMethodHandle$Holder.invokeSpecial(java.lang.Object, java.lang.Object, java.lang.Object, java.lang.Object, java.lang.Object)'> (0x000000008ab83f90) 
thrown [s\open\src\hotspot\share\interpreter\linkResolver.cpp, line 773]
Event: 0.799 Thread 0x000001b805ed21f0 Exception <a 'java/lang/NoSuchMethodError'{0x000000008ab91e00}: 'int java.lang.invoke.Invokers$Holder.invokeExact_MT(java.lang.Object, java.lang.Object, java.lang.Object)'> (0x000000008ab91e00) 
thrown [s\open\src\hotspot\share\interpreter\linkResolver.cpp, line 773]
Event: 0.817 Thread 0x000001b86b689df0 Exception <a 'java/lang/NoSuchMethodError'{0x000000008abf8158}: 'void java.lang.invoke.DirectMethodHandle$Holder.invokeVirtual(java.lang.Object, java.lang.Object)'> (0x000000008abf8158) 
thrown [s\open\src\hotspot\share\interpreter\linkResolver.cpp, line 773]
Event: 0.829 Thread 0x000001b805ed21f0 Exception <a 'java/lang/NoSuchMethodError'{0x000000008abc2f10}: 'void java.lang.invoke.DirectMethodHandle$Holder.invokeStaticInit(java.lang.Object)'> (0x000000008abc2f10) 
thrown [s\open\src\hotspot\share\interpreter\linkResolver.cpp, line 773]
Event: 3.820 Thread 0x000001b86a62b420 Exception <a 'java/lang/NoSuchMethodError'{0x000000008a5c42a8}: 'java.lang.Object java.lang.invoke.DirectMethodHandle$Holder.invokeInterface(java.lang.Object, java.lang.Object)'> (0x000000008a5c42a8) 
thrown [s\open\src\hotspot\share\interpreter\linkResolver.cpp, line 773]
Event: 3.892 Thread 0x000001b86a62b420 Exception <a 'java/lang/NoSuchMethodError'{0x000000008a299e90}: 'void java.lang.invoke.DirectMethodHandle$Holder.invokeStatic(java.lang.Object, java.lang.Object, java.lang.Object)'> (0x000000008a299e90) 
thrown [s\open\src\hotspot\share\interpreter\linkResolver.cpp, line 773]
Event: 3.894 Thread 0x000001b86a62b420 Exception <a 'java/lang/NoSuchMethodError'{0x000000008a2a2ff8}: 'java.lang.Object java.lang.invoke.DirectMethodHandle$Holder.invokeVirtual(java.lang.Object, java.lang.Object, java.lang.Object)'> (0x000000008a2a2ff8) 
thrown [s\open\src\hotspot\share\interpreter\linkResolver.cpp, line 773]
Event: 4.026 Thread 0x000001b86a62b420 Implicit null exception at 0x000001b81800cd87 to 0x000001b81800ce30
Event: 4.096 Thread 0x000001b86a62b420 Exception <a 'java/lang/NoSuchMethodError'{0x0000000089906688}: 'void java.lang.invoke.DirectMethodHandle$Holder.invokeStaticInit(java.lang.Object, java.lang.Object)'> (0x0000000089906688) 
thrown [s\open\src\hotspot\share\interpreter\linkResolver.cpp, line 773]

ZGC Phase Switch (0 events):
No events

VM Operations (20 events):
Event: 3.852 Executing VM operation: HandshakeAllThreads (Deoptimize)
Event: 3.852 Executing VM operation: HandshakeAllThreads (Deoptimize) done
Event: 4.010 Executing VM operation: HandshakeAllThreads (Deoptimize)
Event: 4.010 Executing VM operation: HandshakeAllThreads (Deoptimize) done
Event: 4.017 Executing VM operation: HandshakeAllThreads (Deoptimize)
Event: 4.017 Executing VM operation: HandshakeAllThreads (Deoptimize) done
Event: 4.172 Executing VM operation: ICBufferFull
Event: 4.173 Executing VM operation: ICBufferFull done
Event: 4.294 Executing VM operation: HandshakeAllThreads (Deoptimize)
Event: 4.295 Executing VM operation: HandshakeAllThreads (Deoptimize) done
Event: 4.312 Executing VM operation: CollectForMetadataAllocation (Metadata GC Threshold)
Event: 4.316 Executing VM operation: CollectForMetadataAllocation (Metadata GC Threshold) done
Event: 4.323 Executing VM operation: G1PauseRemark
Event: 4.324 Executing VM operation: G1PauseRemark done
Event: 4.326 Executing VM operation: G1PauseCleanup
Event: 4.327 Executing VM operation: G1PauseCleanup done
Event: 5.327 Executing VM operation: Cleanup
Event: 5.327 Executing VM operation: Cleanup done
Event: 30.542 Executing VM operation: Cleanup
Event: 30.542 Executing VM operation: Cleanup done

Events (20 events):
Event: 0.038 Thread 0x000001b824984690 Thread added: 0x000001b824984690
Event: 0.038 Thread 0x000001b8249884a0 Thread added: 0x000001b8249884a0
Event: 0.068 Thread 0x000001b824c50c60 Thread added: 0x000001b824c50c60
Event: 0.073 Thread 0x000001b824c5b8c0 Thread added: 0x000001b824c5b8c0
Event: 0.148 Thread 0x000001b824c5d440 Thread added: 0x000001b824c5d440
Event: 0.279 Thread 0x000001b86a1c2540 Thread added: 0x000001b86a1c2540
Event: 0.559 Thread 0x000001b86a7fe8f0 Thread added: 0x000001b86a7fe8f0
Event: 0.560 Thread 0x000001b86b689df0 Thread added: 0x000001b86b689df0
Event: 0.642 Thread 0x000001b86a155a40 Thread added: 0x000001b86a155a40
Event: 0.810 Thread 0x000001b86a62b420 Thread added: 0x000001b86a62b420
Event: 1.048 Thread 0x000001b805ed21f0 Thread exited: 0x000001b805ed21f0
Event: 1.048 Thread 0x000001b805ed21f0 Thread added: 0x000001b805ed21f0
Event: 1.351 Thread 0x000001b86b5f0490 Thread added: 0x000001b86b5f0490
Event: 1.869 Thread 0x000001b86a155a40 Thread exited: 0x000001b86a155a40
Event: 1.869 Thread 0x000001b824c5d440 Thread exited: 0x000001b824c5d440
Event: 3.699 Thread 0x000001b86b3d9940 Thread added: 0x000001b86b3d9940
Event: 3.705 Thread 0x000001b86bcb3930 Thread added: 0x000001b86bcb3930
Event: 4.438 Thread 0x000001b86cf6ebc0 Thread added: 0x000001b86cf6ebc0
Event: 4.883 Thread 0x000001b86cf6ebc0 Thread exited: 0x000001b86cf6ebc0
Event: 4.883 Thread 0x000001b86bcb3930 Thread exited: 0x000001b86bcb3930


Dynamic libraries:
0x00007ff76db00000 - 0x00007ff76db10000 	C:\Program Files\Java\jdk-21\bin\java.exe
0x00007ffca3af0000 - 0x00007ffca3d06000 	C:\WINDOWS\SYSTEM32\ntdll.dll
0x00007ffca2d60000 - 0x00007ffca2e24000 	C:\WINDOWS\System32\KERNEL32.DLL
0x00007ffca1260000 - 0x00007ffca1607000 	C:\WINDOWS\System32\KERNELBASE.dll
0x00007ffca0f80000 - 0x00007ffca1091000 	C:\WINDOWS\System32\ucrtbase.dll
0x00007ffc91820000 - 0x00007ffc9183b000 	C:\Program Files\Java\jdk-21\bin\VCRUNTIME140.dll
0x00007ffc90c60000 - 0x00007ffc90c79000 	C:\Program Files\Java\jdk-21\bin\jli.dll
0x00007ffca1d30000 - 0x00007ffca1de2000 	C:\WINDOWS\System32\ADVAPI32.dll
0x00007ffca2170000 - 0x00007ffca2217000 	C:\WINDOWS\System32\msvcrt.dll
0x00007ffca2450000 - 0x00007ffca24f8000 	C:\WINDOWS\System32\sechost.dll
0x00007ffca17f0000 - 0x00007ffca1818000 	C:\WINDOWS\System32\bcrypt.dll
0x00007ffca3490000 - 0x00007ffca35a5000 	C:\WINDOWS\System32\RPCRT4.dll
0x00007ffca1e00000 - 0x00007ffca1fae000 	C:\WINDOWS\System32\USER32.dll
0x00007ffca1750000 - 0x00007ffca1776000 	C:\WINDOWS\System32\win32u.dll
0x00007ffc87d30000 - 0x00007ffc87fc3000 	C:\WINDOWS\WinSxS\amd64_microsoft.windows.common-controls_6595b64144ccf1df_6.0.22621.3235_none_270f74e173860f98\COMCTL32.dll
0x00007ffca3830000 - 0x00007ffca3859000 	C:\WINDOWS\System32\GDI32.dll
0x00007ffca10a0000 - 0x00007ffca11b9000 	C:\WINDOWS\System32\gdi32full.dll
0x00007ffca11c0000 - 0x00007ffca125a000 	C:\WINDOWS\System32\msvcp_win.dll
0x00007ffc97bf0000 - 0x00007ffc97bfa000 	C:\WINDOWS\SYSTEM32\VERSION.dll
0x00007ffca2e90000 - 0x00007ffca2ec1000 	C:\WINDOWS\System32\IMM32.DLL
0x00007ffc9ac40000 - 0x00007ffc9ac4c000 	C:\Program Files\Java\jdk-21\bin\vcruntime140_1.dll
0x00007ffc90a80000 - 0x00007ffc90b0e000 	C:\Program Files\Java\jdk-21\bin\msvcp140.dll
0x00007ffc3c980000 - 0x00007ffc3d697000 	C:\Program Files\Java\jdk-21\bin\server\jvm.dll
0x00007ffca37b0000 - 0x00007ffca3821000 	C:\WINDOWS\System32\WS2_32.dll
0x00007ffca0ce0000 - 0x00007ffca0d2d000 	C:\WINDOWS\SYSTEM32\POWRPROF.dll
0x00007ffc990f0000 - 0x00007ffc99124000 	C:\WINDOWS\SYSTEM32\WINMM.dll
0x00007ffca0cc0000 - 0x00007ffca0cd3000 	C:\WINDOWS\SYSTEM32\UMPDC.dll
0x00007ffc9fe50000 - 0x00007ffc9fe68000 	C:\WINDOWS\SYSTEM32\kernel.appcore.dll
0x00007ffc90c50000 - 0x00007ffc90c5a000 	C:\Program Files\Java\jdk-21\bin\jimage.dll
0x00007ffc9e6a0000 - 0x00007ffc9e8d3000 	C:\WINDOWS\SYSTEM32\DBGHELP.DLL
0x00007ffca3100000 - 0x00007ffca3488000 	C:\WINDOWS\System32\combase.dll
0x00007ffca2010000 - 0x00007ffca20e7000 	C:\WINDOWS\System32\OLEAUT32.dll
0x00007ffc8e710000 - 0x00007ffc8e742000 	C:\WINDOWS\SYSTEM32\dbgcore.DLL
0x00007ffca16d0000 - 0x00007ffca1749000 	C:\WINDOWS\System32\bcryptPrimitives.dll
0x00007ffc90c30000 - 0x00007ffc90c4f000 	C:\Program Files\Java\jdk-21\bin\java.dll
0x00007ffca2500000 - 0x00007ffca2d5c000 	C:\WINDOWS\System32\SHELL32.dll
0x00007ffc9ed70000 - 0x00007ffc9f669000 	C:\WINDOWS\SYSTEM32\windows.storage.dll
0x00007ffc9ec30000 - 0x00007ffc9ed6e000 	C:\WINDOWS\SYSTEM32\wintypes.dll
0x00007ffca35b0000 - 0x00007ffca36a3000 	C:\WINDOWS\System32\SHCORE.dll
0x00007ffca3090000 - 0x00007ffca30ee000 	C:\WINDOWS\System32\shlwapi.dll
0x00007ffca0d40000 - 0x00007ffca0d61000 	C:\WINDOWS\SYSTEM32\profapi.dll
0x00007ffc67a50000 - 0x00007ffc67b27000 	C:\Program Files\Java\jdk-21\bin\jsvml.dll
0x00007ffc90c20000 - 0x00007ffc90c30000 	C:\Program Files\Java\jdk-21\bin\net.dll
0x00007ffc9aff0000 - 0x00007ffc9b126000 	C:\WINDOWS\SYSTEM32\WINHTTP.dll
0x00007ffca02c0000 - 0x00007ffca0329000 	C:\WINDOWS\system32\mswsock.dll
0x00007ffc90c00000 - 0x00007ffc90c16000 	C:\Program Files\Java\jdk-21\bin\nio.dll
0x00007ffc90a60000 - 0x00007ffc90a78000 	C:\Program Files\Java\jdk-21\bin\zip.dll
0x00007ffc678c0000 - 0x00007ffc67a4f000 	C:\Program Files\Java\jdk-21\bin\awt.dll
0x00007ffc9dd30000 - 0x00007ffc9ddc7000 	C:\WINDOWS\SYSTEM32\apphelp.dll
0x00007ffca0520000 - 0x00007ffca053b000 	C:\WINDOWS\SYSTEM32\CRYPTSP.dll
0x00007ffc9fdb0000 - 0x00007ffc9fde5000 	C:\WINDOWS\system32\rsaenh.dll
0x00007ffca03c0000 - 0x00007ffca03e8000 	C:\WINDOWS\SYSTEM32\USERENV.dll
0x00007ffca0540000 - 0x00007ffca054c000 	C:\WINDOWS\SYSTEM32\CRYPTBASE.dll
0x00007ffc9f8d0000 - 0x00007ffc9f8fd000 	C:\WINDOWS\SYSTEM32\IPHLPAPI.DLL
0x00007ffca1fb0000 - 0x00007ffca1fb9000 	C:\WINDOWS\System32\NSI.dll
0x00007ffc90610000 - 0x00007ffc90697000 	C:\Program Files\Java\jdk-21\bin\freetype.dll
0x00007ffc674f0000 - 0x00007ffc675d2000 	C:\Program Files\Java\jdk-21\bin\fontmanager.dll
0x00007ffc9e330000 - 0x00007ffc9e35b000 	C:\WINDOWS\system32\DWMAPI.DLL
0x00007ffc9df00000 - 0x00007ffc9dfab000 	C:\WINDOWS\system32\uxtheme.dll
0x00007ffca3880000 - 0x00007ffca39d3000 	C:\WINDOWS\System32\MSCTF.dll
0x00007ffca22a0000 - 0x00007ffca2445000 	C:\WINDOWS\System32\ole32.dll
0x00007ffc7e760000 - 0x00007ffc7e860000 	C:\WINDOWS\system32\opengl32.dll
0x00007ffc7e6d0000 - 0x00007ffc7e6fd000 	C:\WINDOWS\SYSTEM32\GLU32.dll
0x00007ffc9e010000 - 0x00007ffc9e049000 	C:\WINDOWS\SYSTEM32\dxcore.dll
0x00007ffc90600000 - 0x00007ffc90606000 	C:\Users\Kiet\AppData\Local\Temp\flatlaf.temp\flatlaf-windows-x86_64-57838825073000.dll
0x00007ffc905f0000 - 0x00007ffc90600000 	C:\Program Files\Java\jdk-21\bin\verify.dll
0x00007ffca3a00000 - 0x00007ffca3ab0000 	C:\WINDOWS\System32\clbcatq.dll
0x00007ffc9c640000 - 0x00007ffc9c7f0000 	C:\WINDOWS\SYSTEM32\WindowsCodecs.dll
0x00007ffc72680000 - 0x00007ffc726de000 	C:\WINDOWS\system32\dataexchange.dll
0x00007ffc983f0000 - 0x00007ffc9867e000 	C:\WINDOWS\system32\twinapi.appcore.dll
0x00007ffc8fff0000 - 0x00007ffc8fff7000 	C:\Program Files\Java\jdk-21\bin\jawt.dll
0x00007ffc91a80000 - 0x00007ffc91bca000 	C:\WINDOWS\SYSTEM32\textinputframework.dll
0x00007ffc9d540000 - 0x00007ffc9d674000 	C:\WINDOWS\SYSTEM32\CoreMessaging.dll
0x00007ffc9a010000 - 0x00007ffc9a37c000 	C:\WINDOWS\SYSTEM32\CoreUIComponents.dll
0x00007ffc9f940000 - 0x00007ffc9fa39000 	C:\WINDOWS\SYSTEM32\DNSAPI.dll
0x00007ffc96660000 - 0x00007ffc9666a000 	C:\Windows\System32\rasadhlp.dll
0x00007ffc99060000 - 0x00007ffc990e3000 	C:\WINDOWS\System32\fwpuclnt.dll
0x00007ffc8ffe0000 - 0x00007ffc8ffe9000 	C:\Program Files\Java\jdk-21\bin\extnet.dll

dbghelp: loaded successfully - version: 4.0.5 - missing functions: none
symbol engine: initialized successfully - sym options: 0x614 - pdb path: .;C:\Program Files\Java\jdk-21\bin;C:\WINDOWS\SYSTEM32;C:\WINDOWS\WinSxS\amd64_microsoft.windows.common-controls_6595b64144ccf1df_6.0.22621.3235_none_270f74e173860f98;C:\Program Files\Java\jdk-21\bin\server;C:\Users\Kiet\AppData\Local\Temp\flatlaf.temp

VM Arguments:
jvm_args: -XX:+ShowCodeDetailsInExceptionMessages 
java_command: GUI.LogIn
java_class_path (initial): C:\Users\Kiet\AppData\Roaming\Code\User\workspaceStorage\b3b38d78d4b70df6aa0616a4b888d3ad\redhat.java\jdt_ws\DoAnJavaa_c8713cb1\bin;c:\Users\Kiet\Desktop\DoAnJavaa\lib\lib\commons-codec-1.15.jar;c:\Users\Kiet\Desktop\DoAnJavaa\lib\lib\log4j-api-2.18.0.jar;c:\Users\Kiet\Desktop\DoAnJavaa\lib\mysql-connector.jar;c:\Users\Kiet\Desktop\DoAnJavaa\lib\kotlin-stdlib-common-1.4.0.jar;c:\Users\Kiet\Desktop\DoAnJavaa\lib\poi-ooxml-3.17.jar;c:\Users\Kiet\Desktop\DoAnJavaa\lib\lib\commons-compress-1.21.jar;c:\Users\Kiet\Desktop\DoAnJavaa\lib\poi-3.17.jar;c:\Users\Kiet\Desktop\DoAnJavaa\lib\lib\poi-ooxml-full-5.2.3.jar;c:\Users\Kiet\Desktop\DoAnJavaa\lib\lib\commons-collections4-4.4.jar;c:\Users\Kiet\Desktop\DoAnJavaa\lib\lib\poi-excelant-5.2.3.jar;c:\Users\Kiet\Desktop\DoAnJavaa\lib\lib\poi-ooxml-lite-5.2.3.jar;c:\Users\Kiet\Desktop\DoAnJavaa\lib\mssql-jdbc-8.4.1.jre14.jar;c:\Users\Kiet\Desktop\DoAnJavaa\lib\mysql-connector-java-8.0.30.jar;c:\Users\Kiet\Desktop\DoAnJavaa\lib\zxing-1.7-javase.jar;c:\Users\Kiet\Desktop\DoAnJavaa\lib\xmlbeans-xmlpublic-2.0-dev-2.jar;c:\Users\Kiet\Desktop\DoAnJavaa\lib\jcalendar-1.4.jar;c:\Users\Kiet\Desktop\DoAnJavaa\lib\log4j-core-2.20.0.jar;c:\Users\Kiet\Desktop\DoAnJavaa\lib\flatlaf-extras-3.1.jar;c:\Users\Kiet\Desktop\DoAnJavaa\lib\svgSalamander-1.1.4.jar;c:\Users\Kiet\Desktop\DoAnJavaa\lib\zxing-core-2.0.jar;c:\Users\Kiet\Desktop\DoAnJavaa\lib\slf4j-api-1.7.2.jar;c:\Users\Kiet\Desktop\DoAnJavaa\lib\swingx-1.6.1.jar;c:\Users\Kiet\Desktop\DoAnJavaa\lib\lib\poi-examples-5.2.3.jar;c:\Users\Kiet\Desktop\DoAnJavaa\lib\slf4j-simple-1.7.25.jar;c:\Users\Kiet\Desktop\DoAnJavaa\lib\lib\poi-javadoc-5.2.3.jar;c:\Users\Kiet\Desktop\DoAnJavaa\lib\slf4j-api-1.7.25.jar;c:\Users\Kiet\Desktop\DoAnJavaa\lib\swingx-all-1.6.4.jar;c:\Users\Kiet\Desktop\DoAnJavaa\lib\TimingFramework-0.55.jar;c:\Users\Kiet\Desktop\DoAnJavaa\lib\lib\curvesapi-1.07.jar;c:\Users\Kiet\Desktop\DoAnJavaa\lib\lib\xmlbeans-5.1.1.jar;c:\Users\Kiet\Desktop\DoAnJavaa\lib\mssql-jdbc-9.4.0.jre11.jar;c:\Users\Kiet\Desktop\DoAnJavaa\lib\lib\jakarta.activation-2.0.1.jar;c:\Users\Kiet\Desktop\DoAnJavaa\lib\flatlaf-3.3.jar;c:\Users\Kiet\Desktop\DoAnJavaa\lib\java-dotenv-5.1.3.jar;c:\Users\Kiet\Desktop\DoAnJavaa\lib\filters-2.0.235.jar;c:\Users\Kiet\Desktop\DoAnJavaa\lib\activation.jar;c:\Users\Kiet\Desktop\DoAnJavaa\lib\kotlin-runtime-1.2.71.jar;c:\Users\Kiet\Desktop\DoAnJavaa\lib\lib\jakarta.xml.bind-api-3.0.1.jar;c:\Users\Kiet\Desktop\DoAnJavaa\lib\kotlin-stdlib-1.4.0.jar;c:\Users\Kiet\Desktop\DoAnJavaa\lib\java-dotenv-5.2.2.jar;c:\Users\Kiet\Desktop\DoAnJavaa\lib\bridj-0.7.0.jar;c:\Users\Kiet\Desktop\DoAnJavaa\lib\lib\commons-io-2.11.0.jar;c:\Users\Kiet\Desktop\DoAnJavaa\lib\xmlbeans-3.1.0.jar;c:\Users\Kiet\Desktop\DoAnJavaa\lib\lib\SparseBitSet-1.2.jar;c:\Users\Kiet\Desktop\DoAnJavaa\lib\miglayout-4.0.jar;c:\Users\Kiet\Desktop\DoAnJavaa\lib\com.sun.net.ssl.jar;c:\Users\Kiet\Desktop\DoAnJavaa\lib\lib\poi-ooxml-5.2.3.jar;c:\Users\Kiet\Desktop\DoAnJavaa\lib\javase-3.3.0.jar;c:\Users\Kiet\Desktop\DoAnJavaa\lib\lib\commons-logging-1.2.jar;c:\Users\Kiet\Desktop\DoAnJavaa\lib\xmlbeans-2.3.0.jar;c:\Users\Kiet\Desktop\DoAnJavaa\lib\webcam-capture-0.3.12.jar;c:\Users\Kiet\Desktop\DoAnJavaa\lib\core-3.3.0.jar;c:\Users\Kiet\Desktop\DoAnJavaa\lib\lib\commons-math3-3.6.1.jar;c:\Users\Kiet\Desktop\DoAnJavaa\lib\lib\slf4j-api-1.7.36.jar;c:\Users\Kiet\Desktop\DoAnJavaa\lib\lib\poi-5.2.3.jar;c:\Users\Kiet\Desktop\DoAnJavaa\lib\flatlaf-fonts-roboto-2.137.jar;c:\Users\Kiet\Desktop\DoAnJavaa\lib\swing-worker-1.1.jar;c:\Users\Kiet\Desktop\DoAnJavaa\lib\kotlin-stdlib-1.5.31.jar;c:\Users\Kiet\Desktop\DoAnJavaa\lib\lib\poi-scratchpad-5.2.3.jar;c:\Users\Kiet\Desktop\DoAnJavaa\lib\javax.activation-1.2.0.jar;c:\Users\Kiet\Desktop\DoAnJavaa\lib\itextpdf-5.5.12.jar;c:\Users\Kiet\Desktop\DoAnJavaa\lib\javax.mail.jar
Launcher Type: SUN_STANDARD

[Global flags]
     intx CICompilerCount                          = 4                                         {product} {ergonomic}
     uint ConcGCThreads                            = 2                                         {product} {ergonomic}
     uint G1ConcRefinementThreads                  = 8                                         {product} {ergonomic}
   size_t G1HeapRegionSize                         = 1048576                                   {product} {ergonomic}
    uintx GCDrainStackTargetSize                   = 64                                        {product} {ergonomic}
   size_t InitialHeapSize                          = 132120576                                 {product} {ergonomic}
   size_t MarkStackSize                            = 4194304                                   {product} {ergonomic}
   size_t MaxHeapSize                              = 2095054848                                {product} {ergonomic}
   size_t MaxNewSize                               = 1256194048                                {product} {ergonomic}
   size_t MinHeapDeltaBytes                        = 1048576                                   {product} {ergonomic}
   size_t MinHeapSize                              = 8388608                                   {product} {ergonomic}
    uintx NonNMethodCodeHeapSize                   = 5839372                                {pd product} {ergonomic}
    uintx NonProfiledCodeHeapSize                  = 122909434                              {pd product} {ergonomic}
    uintx ProfiledCodeHeapSize                     = 122909434                              {pd product} {ergonomic}
    uintx ReservedCodeCacheSize                    = 251658240                              {pd product} {ergonomic}
     bool SegmentedCodeCache                       = true                                      {product} {ergonomic}
     bool ShowCodeDetailsInExceptionMessages       = true                                   {manageable} {command line}
   size_t SoftMaxHeapSize                          = 2095054848                             {manageable} {ergonomic}
     bool UseCompressedOops                        = true                           {product lp64_product} {ergonomic}
     bool UseG1GC                                  = true                                      {product} {ergonomic}
     bool UseLargePagesIndividualAllocation        = false                                  {pd product} {ergonomic}

Logging:
Log output configuration:
 #0: stdout all=warning uptime,level,tags foldmultilines=false
 #1: stderr all=off uptime,level,tags foldmultilines=false

Environment Variables:
PATH=C:\Program Files\Common Files\Oracle\Java\javapath;C:\Program Files (x86)\Common Files\Oracle\Java\javapath;C:\WINDOWS\system32;C:\WINDOWS;C:\WINDOWS\System32\Wbem;C:\WINDOWS\System32\WindowsPowerShell\v1.0\;C:\WINDOWS\System32\OpenSSH\;C:\Program Files\dotnet\;C:\Program Files\Common Files\Oracle\Java\javapath;C:\Program Files\Java\jdk-11\bin;C:\Program Files (x86)\Microsoft SQL Server\160\Tools\Binn\;C:\Program Files\Microsoft SQL Server\160\Tools\Binn\;C:\Program Files\Microsoft SQL Server\Client SDK\ODBC\170\Tools\Binn\;C:\Program Files\Microsoft SQL Server\160\DTS\Binn\;C:\Program Files (x86)\Microsoft SQL Server\160\DTS\Binn\;C:\Program Files\Azure Data Studio\bin;C:\Program Files\apache-maven-3.9.6\bin;C:\Program Files\Git\cmd;C:\Program Files\nodejs\;C:\Program Files\Java\jdk-21\bin;C:\Users\Kiet\AppData\Local\Microsoft\WindowsApps;C:\Users\Kiet\AppData\Local\Programs\Microsoft VS Code\bin;C:\Users\Kiet\AppData\Local\GitHubDesktop\bin;C:\Users\Kiet\.dotnet\tools;C:\Program Files\Azure Data Studio\bin;C:\Users\Kiet\AppData\Roaming\npm
USERNAME=Kiet
LANG=en_US.UTF-8
OS=Windows_NT
PROCESSOR_IDENTIFIER=Intel64 Family 6 Model 126 Stepping 5, GenuineIntel
TMP=C:\Users\Kiet\AppData\Local\Temp
TEMP=C:\Users\Kiet\AppData\Local\Temp




Periodic native trim disabled

---------------  S Y S T E M  ---------------

OS:
 Windows 11 , 64 bit Build 22621 (10.0.22621.3374)
OS uptime: 0 days 1:36 hours

CPU: total 8 (initial active 8) (4 cores per cpu, 2 threads per core) family 6 model 126 stepping 5 microcode 0xa6, cx8, cmov, fxsr, ht, mmx, 3dnowpref, sse, sse2, sse3, ssse3, sse4.1, sse4.2, popcnt, lzcnt, tsc, tscinvbit, avx, avx2, aes, erms, clmul, bmi1, bmi2, adx, avx512f, avx512dq, avx512cd, avx512bw, avx512vl, sha, fma, vzeroupper, avx512_vpopcntdq, avx512_vpclmulqdq, avx512_vaes, avx512_vnni, clflush, clflushopt, avx512_vbmi2, avx512_vbmi, rdtscp, rdpid, fsrm, gfni, avx512_bitalg, f16c, pku, avx512_ifma
Processor Information for all 8 processors :
  Max Mhz: 1190, Current Mhz: 991, Mhz Limit: 987

Memory: 4k page, system-wide physical 7987M (788M free)
TotalPageFile size 10035M (AvailPageFile size 6M)
current process WorkingSet (physical memory assigned to process): 147M, peak: 155M
current process commit charge ("private bytes"): 209M, peak: 269M

vm_info: Java HotSpot(TM) 64-Bit Server VM (21.0.2+13-LTS-58) for windows-amd64 JRE (21.0.2+13-LTS-58), built on 2024-01-05T18:32:24Z by "mach5one" with MS VC++ 17.1 (VS2022)

END.
