#
# A fatal error has been detected by the Java Runtime Environment:
#
#  Internal Error (generateOopMap.cpp:2165), pid=12804, tid=5976
#  fatal error: Cannot reserve enough memory to analyze this method in method _endRendering
#
# JRE version: Java(TM) SE Runtime Environment (21.0.2+13) (build 21.0.2+13-LTS-58)
# Java VM: Java HotSpot(TM) 64-Bit Server VM (21.0.2+13-LTS-58, mixed mode, sharing, tiered, compressed oops, compressed class ptrs, g1 gc, windows-amd64)
# No core dump will be written. Minidumps are not enabled by default on client versions of Windows
#
# If you would like to submit a bug report, please visit:
#   https://bugreport.java.com/bugreport/crash.jsp
#

---------------  S U M M A R Y ------------

Command Line: -XX:+ShowCodeDetailsInExceptionMessages GUI.LogIn

Host: Intel(R) Core(TM) i5-1035G1 CPU @ 1.00GHz, 8 cores, 7G,  Windows 11 , 64 bit Build 22621 (10.0.22621.3374)
Time: Mon Apr 22 15:15:56 2024 SE Asia Standard Time elapsed time: 1.154456 seconds (0d 0h 0m 1s)

---------------  T H R E A D  ---------------

Current thread (0x0000025fd4d663a0):  JavaThread "C1 CompilerThread0" daemon [_thread_in_vm, id=5976, stack(0x0000007dc0400000,0x0000007dc0500000) (1024K)]


Current CompileTask:
C1:   1154 2062 %     3       sun.java2d.marlin.Renderer::_endRendering @ 808 (2646 bytes)

Stack: [0x0000007dc0400000,0x0000007dc0500000]
Native frames: (J=compiled Java code, j=interpreted, Vv=VM code, C=native code)
V  [jvm.dll+0x6cade9]
V  [jvm.dll+0x8569c1]
V  [jvm.dll+0x858d2e]
V  [jvm.dll+0x280c41]
V  [jvm.dll+0x38e45c]
V  [jvm.dll+0x38b1ce]
V  [jvm.dll+0x38a29d]
V  [jvm.dll+0x3895cf]
V  [jvm.dll+0x6b8e42]
V  [jvm.dll+0x6b8b13]
V  [jvm.dll+0x1f6718]
V  [jvm.dll+0x164c0b]
V  [jvm.dll+0x15ec08]
V  [jvm.dll+0x1589ce]
V  [jvm.dll+0x168576]
V  [jvm.dll+0x153e00]
V  [jvm.dll+0x154183]
V  [jvm.dll+0x154444]
V  [jvm.dll+0x153886]
V  [jvm.dll+0x1555ed]
V  [jvm.dll+0x258859]
V  [jvm.dll+0x256e3a]
V  [jvm.dll+0x3ef6c6]
V  [jvm.dll+0x7ff568]
V  [jvm.dll+0x6c953d]
C  [ucrtbase.dll+0x29333]
C  [KERNEL32.DLL+0x1257d]
C  [ntdll.dll+0x5aa48]


---------------  P R O C E S S  ---------------

Threads class SMR info:
_java_thread_list=0x000002601a5b0700, length=17, elements={
0x0000025fd4d4f440, 0x0000025fd4d50160, 0x0000025fd4d51d30, 0x0000025fd4d538d0,
0x0000025fd4d58b80, 0x0000025fd4d56ab0, 0x0000025fd4d638f0, 0x0000025fd4d663a0,
0x0000025fd4d598a0, 0x0000025fd4d59210, 0x000002601a1b31f0, 0x0000025fd4d584f0,
0x0000025fd4d59f30, 0x0000025fd4d57140, 0x0000025fd4d57e60, 0x000002601b53acc0,
0x0000025fd4d577d0
}

Java Threads: ( => current thread )
  0x0000025fd4d4f440 JavaThread "Reference Handler"          daemon [_thread_blocked, id=16816, stack(0x0000007dbfd00000,0x0000007dbfe00000) (1024K)]
  0x0000025fd4d50160 JavaThread "Finalizer"                  daemon [_thread_blocked, id=3568, stack(0x0000007dbfe00000,0x0000007dbff00000) (1024K)]
  0x0000025fd4d51d30 JavaThread "Signal Dispatcher"          daemon [_thread_blocked, id=9164, stack(0x0000007dbff00000,0x0000007dc0000000) (1024K)]
  0x0000025fd4d538d0 JavaThread "Attach Listener"            daemon [_thread_blocked, id=13788, stack(0x0000007dc0000000,0x0000007dc0100000) (1024K)]
  0x0000025fd4d58b80 JavaThread "Service Thread"             daemon [_thread_blocked, id=13724, stack(0x0000007dc0100000,0x0000007dc0200000) (1024K)]
  0x0000025fd4d56ab0 JavaThread "Monitor Deflation Thread"   daemon [_thread_blocked, id=15276, stack(0x0000007dc0200000,0x0000007dc0300000) (1024K)]
  0x0000025fd4d638f0 JavaThread "C2 CompilerThread0"         daemon [_thread_in_native, id=4648, stack(0x0000007dc0300000,0x0000007dc0400000) (1024K)]
=>0x0000025fd4d663a0 JavaThread "C1 CompilerThread0"         daemon [_thread_in_vm, id=5976, stack(0x0000007dc0400000,0x0000007dc0500000) (1024K)]
  0x0000025fd4d598a0 JavaThread "Notification Thread"        daemon [_thread_blocked, id=18064, stack(0x0000007dc0500000,0x0000007dc0600000) (1024K)]
  0x0000025fd4d59210 JavaThread "Common-Cleaner"             daemon [_thread_blocked, id=13892, stack(0x0000007dc0600000,0x0000007dc0700000) (1024K)]
  0x000002601a1b31f0 JavaThread "C2 CompilerThread1"         daemon [_thread_in_native, id=14084, stack(0x0000007dc0700000,0x0000007dc0800000) (1024K)]
  0x0000025fd4d584f0 JavaThread "Java2D Disposer"            daemon [_thread_blocked, id=4788, stack(0x0000007dc0800000,0x0000007dc0900000) (1024K)]
  0x0000025fd4d59f30 JavaThread "AWT-Shutdown"                      [_thread_blocked, id=12872, stack(0x0000007dc0900000,0x0000007dc0a00000) (1024K)]
  0x0000025fd4d57140 JavaThread "AWT-Windows"                daemon [_thread_in_native, id=14000, stack(0x0000007dc0a00000,0x0000007dc0b00000) (1024K)]
  0x0000025fd4d57e60 JavaThread "AWT-EventQueue-0"                  [_thread_in_Java, id=7276, stack(0x0000007dc1100000,0x0000007dc1200000) (1024K)]
  0x000002601b53acc0 JavaThread "C2 CompilerThread2"         daemon [_thread_blocked, id=10620, stack(0x0000007dc1500000,0x0000007dc1600000) (1024K)]
  0x0000025fd4d577d0 JavaThread "DestroyJavaVM"                     [_thread_blocked, id=17428, stack(0x0000007dbf500000,0x0000007dbf600000) (1024K)]
Total: 17

Other Threads:
  0x0000025fd4d2d910 VMThread "VM Thread"                           [id=16948, stack(0x0000007dbfc00000,0x0000007dbfd00000) (1024K)]
  0x0000025fd4d17cf0 WatcherThread "VM Periodic Task Thread"        [id=12404, stack(0x0000007dbfb00000,0x0000007dbfc00000) (1024K)]
  0x0000025fb849b530 WorkerThread "GC Thread#0"                     [id=9308, stack(0x0000007dbf600000,0x0000007dbf700000) (1024K)]
  0x000002601a661da0 WorkerThread "GC Thread#1"                     [id=18592, stack(0x0000007dc0b00000,0x0000007dc0c00000) (1024K)]
  0x000002601a662140 WorkerThread "GC Thread#2"                     [id=14792, stack(0x0000007dc0c00000,0x0000007dc0d00000) (1024K)]
  0x000002601b361020 WorkerThread "GC Thread#3"                     [id=15332, stack(0x0000007dc0d00000,0x0000007dc0e00000) (1024K)]
  0x000002601ab060d0 WorkerThread "GC Thread#4"                     [id=12580, stack(0x0000007dc0e00000,0x0000007dc0f00000) (1024K)]
  0x000002601ab06470 WorkerThread "GC Thread#5"                     [id=1200, stack(0x0000007dc0f00000,0x0000007dc1000000) (1024K)]
  0x000002601b0b1fd0 WorkerThread "GC Thread#6"                     [id=18576, stack(0x0000007dc1000000,0x0000007dc1100000) (1024K)]
  0x000002601b11a6c0 WorkerThread "GC Thread#7"                     [id=16992, stack(0x0000007dc1600000,0x0000007dc1700000) (1024K)]
  0x0000025fb84abe50 ConcurrentGCThread "G1 Main Marker"            [id=11024, stack(0x0000007dbf700000,0x0000007dbf800000) (1024K)]
  0x0000025fb84ad210 WorkerThread "G1 Conc#0"                       [id=2816, stack(0x0000007dbf800000,0x0000007dbf900000) (1024K)]
  0x0000025fd4bea0d0 ConcurrentGCThread "G1 Refine#0"               [id=5660, stack(0x0000007dbf900000,0x0000007dbfa00000) (1024K)]
  0x0000025fd4beab40 ConcurrentGCThread "G1 Service"                [id=3032, stack(0x0000007dbfa00000,0x0000007dbfb00000) (1024K)]
Total: 14

Threads with active compile tasks:
C2 CompilerThread0     1181 2034       4       com.kitfox.svg.SVGElement::getStyle (246 bytes)
C1 CompilerThread0     1181 2062 %     3       sun.java2d.marlin.Renderer::_endRendering @ 808 (2646 bytes)
C2 CompilerThread1     1181 2059 %     4       sun.java2d.marlin.MarlinTileGenerator::getAlphaRLE @ 1001 (1749 bytes)
Total: 3

VM state: not at safepoint (normal execution)

VM Mutex/Monitor currently owned by a thread: None

Heap address: 0x0000000083200000, size: 1998 MB, Compressed Oops mode: 32-bit

CDS archive(s) mapped at: [0x0000025fd5000000-0x0000025fd5c90000-0x0000025fd5c90000), size 13172736, SharedBaseAddress: 0x0000025fd5000000, ArchiveRelocationMode: 1.
Compressed class space mapped at: 0x0000025fd6000000-0x0000026016000000, reserved size: 1073741824
Narrow klass base: 0x0000025fd5000000, Narrow klass shift: 0, Narrow klass range: 0x100000000

GC Precious Log:
 CardTable entry size: 512
 Card Set container configuration: InlinePtr #cards 5 size 8 Array Of Cards #cards 12 size 40 Howl #buckets 4 coarsen threshold 1843 Howl Bitmap #cards 512 size 80 coarsen threshold 460 Card regions per heap region 1 cards per card region 2048
 CPUs: 8 total, 8 available
 Memory: 7987M
 Large Page Support: Disabled
 NUMA Support: Disabled
 Compressed Oops: Enabled (32-bit)
 Heap Region Size: 1M
 Heap Min Capacity: 8M
 Heap Initial Capacity: 126M
 Heap Max Capacity: 1998M
 Pre-touch: Disabled
 Parallel Workers: 8
 Concurrent Workers: 2
 Concurrent Refinement Workers: 8
 Periodic GC: Disabled

Heap:
 garbage-first heap   total 129024K, used 17680K [0x0000000083200000, 0x0000000100000000)
  region size 1024K, 5 young (5120K), 3 survivors (3072K)
 Metaspace       used 13534K, committed 13824K, reserved 1114112K
  class space    used 1459K, committed 1600K, reserved 1048576K

Heap Regions: E=young(eden), S=young(survivor), O=old, HS=humongous(starts), HC=humongous(continues), CS=collection set, F=free, TAMS=top-at-mark-start, PB=parsable bottom
|   0|0x0000000083200000, 0x0000000083300000, 0x0000000083300000|100%|HS|  |TAMS 0x0000000083200000| PB 0x0000000083200000| Complete 
|   1|0x0000000083300000, 0x0000000083400000, 0x0000000083400000|100%|HS|  |TAMS 0x0000000083300000| PB 0x0000000083300000| Complete 
|   2|0x0000000083400000, 0x0000000083500000, 0x0000000083500000|100%|HC|  |TAMS 0x0000000083400000| PB 0x0000000083400000| Complete 
|   3|0x0000000083500000, 0x0000000083600000, 0x0000000083600000|100%| O|  |TAMS 0x0000000083500000| PB 0x0000000083500000| Untracked 
|   4|0x0000000083600000, 0x0000000083700000, 0x0000000083700000|100%| O|  |TAMS 0x0000000083600000| PB 0x0000000083600000| Untracked 
|   5|0x0000000083700000, 0x0000000083800000, 0x0000000083800000|100%| O|  |TAMS 0x0000000083700000| PB 0x0000000083700000| Untracked 
|   6|0x0000000083800000, 0x0000000083900000, 0x0000000083900000|100%| O|  |TAMS 0x0000000083800000| PB 0x0000000083800000| Untracked 
|   7|0x0000000083900000, 0x0000000083a00000, 0x0000000083a00000|100%| O|  |TAMS 0x0000000083900000| PB 0x0000000083900000| Untracked 
|   8|0x0000000083a00000, 0x0000000083b00000, 0x0000000083b00000|100%|HS|  |TAMS 0x0000000083a00000| PB 0x0000000083a00000| Complete 
|   9|0x0000000083b00000, 0x0000000083c00000, 0x0000000083c00000|100%|HC|  |TAMS 0x0000000083b00000| PB 0x0000000083b00000| Complete 
|  10|0x0000000083c00000, 0x0000000083d00000, 0x0000000083d00000|100%|HC|  |TAMS 0x0000000083c00000| PB 0x0000000083c00000| Complete 
|  11|0x0000000083d00000, 0x0000000083e00000, 0x0000000083e00000|100%| O|  |TAMS 0x0000000083d00000| PB 0x0000000083d00000| Untracked 
|  12|0x0000000083e00000, 0x0000000083f00000, 0x0000000083f00000|100%| O|  |TAMS 0x0000000083e00000| PB 0x0000000083e00000| Untracked 
|  13|0x0000000083f00000, 0x0000000083f98418, 0x0000000084000000| 59%| O|  |TAMS 0x0000000083f00000| PB 0x0000000083f00000| Untracked 
|  14|0x0000000084000000, 0x0000000084000000, 0x0000000084100000|  0%| F|  |TAMS 0x0000000084000000| PB 0x0000000084000000| Untracked 
|  15|0x0000000084100000, 0x0000000084100000, 0x0000000084200000|  0%| F|  |TAMS 0x0000000084100000| PB 0x0000000084100000| Untracked 
|  16|0x0000000084200000, 0x0000000084200000, 0x0000000084300000|  0%| F|  |TAMS 0x0000000084200000| PB 0x0000000084200000| Untracked 
|  17|0x0000000084300000, 0x0000000084300000, 0x0000000084400000|  0%| F|  |TAMS 0x0000000084300000| PB 0x0000000084300000| Untracked 
|  18|0x0000000084400000, 0x0000000084400000, 0x0000000084500000|  0%| F|  |TAMS 0x0000000084400000| PB 0x0000000084400000| Untracked 
|  19|0x0000000084500000, 0x0000000084500000, 0x0000000084600000|  0%| F|  |TAMS 0x0000000084500000| PB 0x0000000084500000| Untracked 
|  20|0x0000000084600000, 0x0000000084600000, 0x0000000084700000|  0%| F|  |TAMS 0x0000000084600000| PB 0x0000000084600000| Untracked 
|  21|0x0000000084700000, 0x0000000084700000, 0x0000000084800000|  0%| F|  |TAMS 0x0000000084700000| PB 0x0000000084700000| Untracked 
|  22|0x0000000084800000, 0x0000000084800000, 0x0000000084900000|  0%| F|  |TAMS 0x0000000084800000| PB 0x0000000084800000| Untracked 
|  23|0x0000000084900000, 0x0000000084900000, 0x0000000084a00000|  0%| F|  |TAMS 0x0000000084900000| PB 0x0000000084900000| Untracked 
|  24|0x0000000084a00000, 0x0000000084a00000, 0x0000000084b00000|  0%| F|  |TAMS 0x0000000084a00000| PB 0x0000000084a00000| Untracked 
|  25|0x0000000084b00000, 0x0000000084b00000, 0x0000000084c00000|  0%| F|  |TAMS 0x0000000084b00000| PB 0x0000000084b00000| Untracked 
|  26|0x0000000084c00000, 0x0000000084c00000, 0x0000000084d00000|  0%| F|  |TAMS 0x0000000084c00000| PB 0x0000000084c00000| Untracked 
|  27|0x0000000084d00000, 0x0000000084d00000, 0x0000000084e00000|  0%| F|  |TAMS 0x0000000084d00000| PB 0x0000000084d00000| Untracked 
|  28|0x0000000084e00000, 0x0000000084e00000, 0x0000000084f00000|  0%| F|  |TAMS 0x0000000084e00000| PB 0x0000000084e00000| Untracked 
|  29|0x0000000084f00000, 0x0000000084f00000, 0x0000000085000000|  0%| F|  |TAMS 0x0000000084f00000| PB 0x0000000084f00000| Untracked 
|  30|0x0000000085000000, 0x0000000085000000, 0x0000000085100000|  0%| F|  |TAMS 0x0000000085000000| PB 0x0000000085000000| Untracked 
|  31|0x0000000085100000, 0x0000000085100000, 0x0000000085200000|  0%| F|  |TAMS 0x0000000085100000| PB 0x0000000085100000| Untracked 
|  32|0x0000000085200000, 0x0000000085200000, 0x0000000085300000|  0%| F|  |TAMS 0x0000000085200000| PB 0x0000000085200000| Untracked 
|  33|0x0000000085300000, 0x0000000085300000, 0x0000000085400000|  0%| F|  |TAMS 0x0000000085300000| PB 0x0000000085300000| Untracked 
|  34|0x0000000085400000, 0x0000000085400000, 0x0000000085500000|  0%| F|  |TAMS 0x0000000085400000| PB 0x0000000085400000| Untracked 
|  35|0x0000000085500000, 0x0000000085500000, 0x0000000085600000|  0%| F|  |TAMS 0x0000000085500000| PB 0x0000000085500000| Untracked 
|  36|0x0000000085600000, 0x0000000085600000, 0x0000000085700000|  0%| F|  |TAMS 0x0000000085600000| PB 0x0000000085600000| Untracked 
|  37|0x0000000085700000, 0x0000000085700000, 0x0000000085800000|  0%| F|  |TAMS 0x0000000085700000| PB 0x0000000085700000| Untracked 
|  38|0x0000000085800000, 0x0000000085800000, 0x0000000085900000|  0%| F|  |TAMS 0x0000000085800000| PB 0x0000000085800000| Untracked 
|  39|0x0000000085900000, 0x0000000085900000, 0x0000000085a00000|  0%| F|  |TAMS 0x0000000085900000| PB 0x0000000085900000| Untracked 
|  40|0x0000000085a00000, 0x0000000085a00000, 0x0000000085b00000|  0%| F|  |TAMS 0x0000000085a00000| PB 0x0000000085a00000| Untracked 
|  41|0x0000000085b00000, 0x0000000085b00000, 0x0000000085c00000|  0%| F|  |TAMS 0x0000000085b00000| PB 0x0000000085b00000| Untracked 
|  42|0x0000000085c00000, 0x0000000085c00000, 0x0000000085d00000|  0%| F|  |TAMS 0x0000000085c00000| PB 0x0000000085c00000| Untracked 
|  43|0x0000000085d00000, 0x0000000085d00000, 0x0000000085e00000|  0%| F|  |TAMS 0x0000000085d00000| PB 0x0000000085d00000| Untracked 
|  44|0x0000000085e00000, 0x0000000085e00000, 0x0000000085f00000|  0%| F|  |TAMS 0x0000000085e00000| PB 0x0000000085e00000| Untracked 
|  45|0x0000000085f00000, 0x0000000085f00000, 0x0000000086000000|  0%| F|  |TAMS 0x0000000085f00000| PB 0x0000000085f00000| Untracked 
|  46|0x0000000086000000, 0x0000000086000000, 0x0000000086100000|  0%| F|  |TAMS 0x0000000086000000| PB 0x0000000086000000| Untracked 
|  47|0x0000000086100000, 0x0000000086100000, 0x0000000086200000|  0%| F|  |TAMS 0x0000000086100000| PB 0x0000000086100000| Untracked 
|  48|0x0000000086200000, 0x0000000086200000, 0x0000000086300000|  0%| F|  |TAMS 0x0000000086200000| PB 0x0000000086200000| Untracked 
|  49|0x0000000086300000, 0x0000000086300000, 0x0000000086400000|  0%| F|  |TAMS 0x0000000086300000| PB 0x0000000086300000| Untracked 
|  50|0x0000000086400000, 0x0000000086400000, 0x0000000086500000|  0%| F|  |TAMS 0x0000000086400000| PB 0x0000000086400000| Untracked 
|  51|0x0000000086500000, 0x0000000086500000, 0x0000000086600000|  0%| F|  |TAMS 0x0000000086500000| PB 0x0000000086500000| Untracked 
|  52|0x0000000086600000, 0x0000000086600000, 0x0000000086700000|  0%| F|  |TAMS 0x0000000086600000| PB 0x0000000086600000| Untracked 
|  53|0x0000000086700000, 0x0000000086700000, 0x0000000086800000|  0%| F|  |TAMS 0x0000000086700000| PB 0x0000000086700000| Untracked 
|  54|0x0000000086800000, 0x0000000086800000, 0x0000000086900000|  0%| F|  |TAMS 0x0000000086800000| PB 0x0000000086800000| Untracked 
|  55|0x0000000086900000, 0x0000000086900000, 0x0000000086a00000|  0%| F|  |TAMS 0x0000000086900000| PB 0x0000000086900000| Untracked 
|  56|0x0000000086a00000, 0x0000000086a00000, 0x0000000086b00000|  0%| F|  |TAMS 0x0000000086a00000| PB 0x0000000086a00000| Untracked 
|  57|0x0000000086b00000, 0x0000000086b00000, 0x0000000086c00000|  0%| F|  |TAMS 0x0000000086b00000| PB 0x0000000086b00000| Untracked 
|  58|0x0000000086c00000, 0x0000000086c00000, 0x0000000086d00000|  0%| F|  |TAMS 0x0000000086c00000| PB 0x0000000086c00000| Untracked 
|  59|0x0000000086d00000, 0x0000000086d00000, 0x0000000086e00000|  0%| F|  |TAMS 0x0000000086d00000| PB 0x0000000086d00000| Untracked 
|  60|0x0000000086e00000, 0x0000000086e00000, 0x0000000086f00000|  0%| F|  |TAMS 0x0000000086e00000| PB 0x0000000086e00000| Untracked 
|  61|0x0000000086f00000, 0x0000000086f00000, 0x0000000087000000|  0%| F|  |TAMS 0x0000000086f00000| PB 0x0000000086f00000| Untracked 
|  62|0x0000000087000000, 0x0000000087000000, 0x0000000087100000|  0%| F|  |TAMS 0x0000000087000000| PB 0x0000000087000000| Untracked 
|  63|0x0000000087100000, 0x0000000087100000, 0x0000000087200000|  0%| F|  |TAMS 0x0000000087100000| PB 0x0000000087100000| Untracked 
|  64|0x0000000087200000, 0x0000000087200000, 0x0000000087300000|  0%| F|  |TAMS 0x0000000087200000| PB 0x0000000087200000| Untracked 
|  65|0x0000000087300000, 0x0000000087300000, 0x0000000087400000|  0%| F|  |TAMS 0x0000000087300000| PB 0x0000000087300000| Untracked 
|  66|0x0000000087400000, 0x0000000087400000, 0x0000000087500000|  0%| F|  |TAMS 0x0000000087400000| PB 0x0000000087400000| Untracked 
|  67|0x0000000087500000, 0x0000000087500000, 0x0000000087600000|  0%| F|  |TAMS 0x0000000087500000| PB 0x0000000087500000| Untracked 
|  68|0x0000000087600000, 0x0000000087600000, 0x0000000087700000|  0%| F|  |TAMS 0x0000000087600000| PB 0x0000000087600000| Untracked 
|  69|0x0000000087700000, 0x0000000087700000, 0x0000000087800000|  0%| F|  |TAMS 0x0000000087700000| PB 0x0000000087700000| Untracked 
|  70|0x0000000087800000, 0x0000000087800000, 0x0000000087900000|  0%| F|  |TAMS 0x0000000087800000| PB 0x0000000087800000| Untracked 
|  71|0x0000000087900000, 0x0000000087900000, 0x0000000087a00000|  0%| F|  |TAMS 0x0000000087900000| PB 0x0000000087900000| Untracked 
|  72|0x0000000087a00000, 0x0000000087a00000, 0x0000000087b00000|  0%| F|  |TAMS 0x0000000087a00000| PB 0x0000000087a00000| Untracked 
|  73|0x0000000087b00000, 0x0000000087b00000, 0x0000000087c00000|  0%| F|  |TAMS 0x0000000087b00000| PB 0x0000000087b00000| Untracked 
|  74|0x0000000087c00000, 0x0000000087c00000, 0x0000000087d00000|  0%| F|  |TAMS 0x0000000087c00000| PB 0x0000000087c00000| Untracked 
|  75|0x0000000087d00000, 0x0000000087d00000, 0x0000000087e00000|  0%| F|  |TAMS 0x0000000087d00000| PB 0x0000000087d00000| Untracked 
|  76|0x0000000087e00000, 0x0000000087e00000, 0x0000000087f00000|  0%| F|  |TAMS 0x0000000087e00000| PB 0x0000000087e00000| Untracked 
|  77|0x0000000087f00000, 0x0000000087f00000, 0x0000000088000000|  0%| F|  |TAMS 0x0000000087f00000| PB 0x0000000087f00000| Untracked 
|  78|0x0000000088000000, 0x0000000088000000, 0x0000000088100000|  0%| F|  |TAMS 0x0000000088000000| PB 0x0000000088000000| Untracked 
|  79|0x0000000088100000, 0x0000000088100000, 0x0000000088200000|  0%| F|  |TAMS 0x0000000088100000| PB 0x0000000088100000| Untracked 
|  80|0x0000000088200000, 0x0000000088200000, 0x0000000088300000|  0%| F|  |TAMS 0x0000000088200000| PB 0x0000000088200000| Untracked 
|  81|0x0000000088300000, 0x0000000088300000, 0x0000000088400000|  0%| F|  |TAMS 0x0000000088300000| PB 0x0000000088300000| Untracked 
|  82|0x0000000088400000, 0x0000000088400000, 0x0000000088500000|  0%| F|  |TAMS 0x0000000088400000| PB 0x0000000088400000| Untracked 
|  83|0x0000000088500000, 0x0000000088500000, 0x0000000088600000|  0%| F|  |TAMS 0x0000000088500000| PB 0x0000000088500000| Untracked 
|  84|0x0000000088600000, 0x0000000088600000, 0x0000000088700000|  0%| F|  |TAMS 0x0000000088600000| PB 0x0000000088600000| Untracked 
|  85|0x0000000088700000, 0x0000000088700000, 0x0000000088800000|  0%| F|  |TAMS 0x0000000088700000| PB 0x0000000088700000| Untracked 
|  86|0x0000000088800000, 0x0000000088800000, 0x0000000088900000|  0%| F|  |TAMS 0x0000000088800000| PB 0x0000000088800000| Untracked 
|  87|0x0000000088900000, 0x0000000088900000, 0x0000000088a00000|  0%| F|  |TAMS 0x0000000088900000| PB 0x0000000088900000| Untracked 
|  88|0x0000000088a00000, 0x0000000088a00000, 0x0000000088b00000|  0%| F|  |TAMS 0x0000000088a00000| PB 0x0000000088a00000| Untracked 
|  89|0x0000000088b00000, 0x0000000088b00000, 0x0000000088c00000|  0%| F|  |TAMS 0x0000000088b00000| PB 0x0000000088b00000| Untracked 
|  90|0x0000000088c00000, 0x0000000088c00000, 0x0000000088d00000|  0%| F|  |TAMS 0x0000000088c00000| PB 0x0000000088c00000| Untracked 
|  91|0x0000000088d00000, 0x0000000088d00000, 0x0000000088e00000|  0%| F|  |TAMS 0x0000000088d00000| PB 0x0000000088d00000| Untracked 
|  92|0x0000000088e00000, 0x0000000088e00000, 0x0000000088f00000|  0%| F|  |TAMS 0x0000000088e00000| PB 0x0000000088e00000| Untracked 
|  93|0x0000000088f00000, 0x0000000088fabce8, 0x0000000089000000| 67%| S|CS|TAMS 0x0000000088f00000| PB 0x0000000088f00000| Complete 
|  94|0x0000000089000000, 0x0000000089100000, 0x0000000089100000|100%| S|CS|TAMS 0x0000000089000000| PB 0x0000000089000000| Complete 
|  95|0x0000000089100000, 0x0000000089200000, 0x0000000089200000|100%| S|CS|TAMS 0x0000000089100000| PB 0x0000000089100000| Complete 
|  96|0x0000000089200000, 0x0000000089200000, 0x0000000089300000|  0%| F|  |TAMS 0x0000000089200000| PB 0x0000000089200000| Untracked 
|  97|0x0000000089300000, 0x0000000089300000, 0x0000000089400000|  0%| F|  |TAMS 0x0000000089300000| PB 0x0000000089300000| Untracked 
|  98|0x0000000089400000, 0x0000000089400000, 0x0000000089500000|  0%| F|  |TAMS 0x0000000089400000| PB 0x0000000089400000| Untracked 
|  99|0x0000000089500000, 0x0000000089500000, 0x0000000089600000|  0%| F|  |TAMS 0x0000000089500000| PB 0x0000000089500000| Untracked 
| 100|0x0000000089600000, 0x0000000089600000, 0x0000000089700000|  0%| F|  |TAMS 0x0000000089600000| PB 0x0000000089600000| Untracked 
| 101|0x0000000089700000, 0x0000000089700000, 0x0000000089800000|  0%| F|  |TAMS 0x0000000089700000| PB 0x0000000089700000| Untracked 
| 102|0x0000000089800000, 0x0000000089800000, 0x0000000089900000|  0%| F|  |TAMS 0x0000000089800000| PB 0x0000000089800000| Untracked 
| 103|0x0000000089900000, 0x0000000089900000, 0x0000000089a00000|  0%| F|  |TAMS 0x0000000089900000| PB 0x0000000089900000| Untracked 
| 104|0x0000000089a00000, 0x0000000089a00000, 0x0000000089b00000|  0%| F|  |TAMS 0x0000000089a00000| PB 0x0000000089a00000| Untracked 
| 105|0x0000000089b00000, 0x0000000089b00000, 0x0000000089c00000|  0%| F|  |TAMS 0x0000000089b00000| PB 0x0000000089b00000| Untracked 
| 106|0x0000000089c00000, 0x0000000089c00000, 0x0000000089d00000|  0%| F|  |TAMS 0x0000000089c00000| PB 0x0000000089c00000| Untracked 
| 107|0x0000000089d00000, 0x0000000089d00000, 0x0000000089e00000|  0%| F|  |TAMS 0x0000000089d00000| PB 0x0000000089d00000| Untracked 
| 108|0x0000000089e00000, 0x0000000089e00000, 0x0000000089f00000|  0%| F|  |TAMS 0x0000000089e00000| PB 0x0000000089e00000| Untracked 
| 109|0x0000000089f00000, 0x0000000089f00000, 0x000000008a000000|  0%| F|  |TAMS 0x0000000089f00000| PB 0x0000000089f00000| Untracked 
| 110|0x000000008a000000, 0x000000008a000000, 0x000000008a100000|  0%| F|  |TAMS 0x000000008a000000| PB 0x000000008a000000| Untracked 
| 111|0x000000008a100000, 0x000000008a100000, 0x000000008a200000|  0%| F|  |TAMS 0x000000008a100000| PB 0x000000008a100000| Untracked 
| 112|0x000000008a200000, 0x000000008a200000, 0x000000008a300000|  0%| F|  |TAMS 0x000000008a200000| PB 0x000000008a200000| Untracked 
| 113|0x000000008a300000, 0x000000008a300000, 0x000000008a400000|  0%| F|  |TAMS 0x000000008a300000| PB 0x000000008a300000| Untracked 
| 114|0x000000008a400000, 0x000000008a400000, 0x000000008a500000|  0%| F|  |TAMS 0x000000008a400000| PB 0x000000008a400000| Untracked 
| 115|0x000000008a500000, 0x000000008a500000, 0x000000008a600000|  0%| F|  |TAMS 0x000000008a500000| PB 0x000000008a500000| Untracked 
| 116|0x000000008a600000, 0x000000008a600000, 0x000000008a700000|  0%| F|  |TAMS 0x000000008a600000| PB 0x000000008a600000| Untracked 
| 117|0x000000008a700000, 0x000000008a700000, 0x000000008a800000|  0%| F|  |TAMS 0x000000008a700000| PB 0x000000008a700000| Untracked 
| 118|0x000000008a800000, 0x000000008a800000, 0x000000008a900000|  0%| F|  |TAMS 0x000000008a800000| PB 0x000000008a800000| Untracked 
| 119|0x000000008a900000, 0x000000008a900000, 0x000000008aa00000|  0%| F|  |TAMS 0x000000008a900000| PB 0x000000008a900000| Untracked 
| 120|0x000000008aa00000, 0x000000008aa00000, 0x000000008ab00000|  0%| F|  |TAMS 0x000000008aa00000| PB 0x000000008aa00000| Untracked 
| 121|0x000000008ab00000, 0x000000008ab00000, 0x000000008ac00000|  0%| F|  |TAMS 0x000000008ab00000| PB 0x000000008ab00000| Untracked 
| 122|0x000000008ac00000, 0x000000008ac00000, 0x000000008ad00000|  0%| F|  |TAMS 0x000000008ac00000| PB 0x000000008ac00000| Untracked 
| 123|0x000000008ad00000, 0x000000008ad00000, 0x000000008ae00000|  0%| F|  |TAMS 0x000000008ad00000| PB 0x000000008ad00000| Untracked 
| 124|0x000000008ae00000, 0x000000008aefaf70, 0x000000008af00000| 98%| E|  |TAMS 0x000000008ae00000| PB 0x000000008ae00000| Complete 
| 125|0x000000008af00000, 0x000000008b000000, 0x000000008b000000|100%| E|CS|TAMS 0x000000008af00000| PB 0x000000008af00000| Complete 

Card table byte_map: [0x0000025fcffc0000,0x0000025fd03b0000] _byte_map_base: 0x0000025fcfba7000

Marking Bits: (CMBitMap*) 0x0000025fb849bb30
 Bits: [0x0000025fd03b0000, 0x0000025fd22e8000)

Polling page: 0x0000025fb6400000

Metaspace:

Usage:
  Non-class:     11.79 MB used.
      Class:      1.42 MB used.
       Both:     13.22 MB used.

Virtual space:
  Non-class space:       64.00 MB reserved,      11.94 MB ( 19%) committed,  1 nodes.
      Class space:        1.00 GB reserved,       1.56 MB ( <1%) committed,  1 nodes.
             Both:        1.06 GB reserved,      13.50 MB (  1%) committed. 

Chunk freelists:
   Non-Class:  4.01 MB
       Class:  14.48 MB
        Both:  18.49 MB

MaxMetaspaceSize: unlimited
CompressedClassSpaceSize: 1.00 GB
Initial GC threshold: 21.00 MB
Current GC threshold: 21.00 MB
CDS: on
 - commit_granule_bytes: 65536.
 - commit_granule_words: 8192.
 - virtual_space_node_default_size: 8388608.
 - enlarge_chunks_in_place: 1.
 - use_allocation_guard: 0.


Internal statistics:

num_allocs_failed_limit: 0.
num_arena_births: 246.
num_arena_deaths: 0.
num_vsnodes_births: 2.
num_vsnodes_deaths: 0.
num_space_committed: 216.
num_space_uncommitted: 0.
num_chunks_returned_to_freelist: 0.
num_chunks_taken_from_freelist: 390.
num_chunk_merges: 0.
num_chunk_splits: 235.
num_chunks_enlarged: 131.
num_inconsistent_stats: 0.

CodeHeap 'non-profiled nmethods': size=120000Kb used=855Kb max_used=855Kb free=119144Kb
 bounds [0x0000025fc8370000, 0x0000025fc85e0000, 0x0000025fcf8a0000]
CodeHeap 'profiled nmethods': size=120000Kb used=4049Kb max_used=4049Kb free=115951Kb
 bounds [0x0000025fc08a0000, 0x0000025fc0ca0000, 0x0000025fc7dd0000]
CodeHeap 'non-nmethods': size=5760Kb used=1879Kb max_used=1908Kb free=3880Kb
 bounds [0x0000025fc7dd0000, 0x0000025fc8040000, 0x0000025fc8370000]
 total_blobs=2782 nmethods=2064 adapters=623
 compilation: enabled
              stopped_count=0, restarted_count=0
 full_count=0

Compilation events (20 events):
Event: 1.135 Thread 0x0000025fd4d663a0 nmethod 2026 0x0000025fc0c87f10 code [0x0000025fc0c880c0, 0x0000025fc0c88278]
Event: 1.135 Thread 0x0000025fd4d663a0 2050 %     3       sun.java2d.marlin.Renderer::_endRendering @ 2093 (2646 bytes)
Event: 1.143 Thread 0x000002601a1b31f0 nmethod 2048 0x0000025fc843fd10 code [0x0000025fc843ff00, 0x0000025fc8440388]
Event: 1.143 Thread 0x000002601a1b31f0 2051       4       java.util.Arrays::fill (28 bytes)
Event: 1.145 Thread 0x000002601a1b31f0 nmethod 2051 0x0000025fc8440710 code [0x0000025fc84408a0, 0x0000025fc8440a28]
Event: 1.145 Thread 0x000002601a1b31f0 2059 %     4       sun.java2d.marlin.MarlinTileGenerator::getAlphaRLE @ 1001 (1749 bytes)
Event: 1.147 Thread 0x0000025fd4d663a0 nmethod 2050% 0x0000025fc0c88310 code [0x0000025fc0c88920, 0x0000025fc0c8e028]
Event: 1.147 Thread 0x0000025fd4d663a0 2061       3       java.awt.geom.AffineTransform::transform (629 bytes)
Event: 1.148 Thread 0x0000025fd4d663a0 nmethod 2061 0x0000025fc0c91b10 code [0x0000025fc0c91e00, 0x0000025fc0c92e60]
Event: 1.148 Thread 0x0000025fd4d663a0 2058       3       java.util.regex.Pattern::accept (43 bytes)
Event: 1.148 Thread 0x0000025fd4d663a0 nmethod 2058 0x0000025fc0c93890 code [0x0000025fc0c93a60, 0x0000025fc0c93d68]
Event: 1.148 Thread 0x0000025fd4d663a0 2053       3       java.util.regex.Pattern$CharPropertyGreedy::study (45 bytes)
Event: 1.149 Thread 0x0000025fd4d663a0 nmethod 2053 0x0000025fc0c93f10 code [0x0000025fc0c940c0, 0x0000025fc0c942f8]
Event: 1.149 Thread 0x0000025fd4d663a0 2057       1       sun.awt.geom.Order1::getOrder (2 bytes)
Event: 1.149 Thread 0x0000025fd4d663a0 nmethod 2057 0x0000025fc8440b90 code [0x0000025fc8440d20, 0x0000025fc8440de8]
Event: 1.149 Thread 0x0000025fd4d663a0 2054       1       sun.java2d.pipe.Region::getLoX (5 bytes)
Event: 1.149 Thread 0x0000025fd4d663a0 nmethod 2054 0x0000025fc8440e90 code [0x0000025fc8441020, 0x0000025fc84410e8]
Event: 1.149 Thread 0x0000025fd4d663a0 2055       1       sun.java2d.pipe.Region::getLoY (5 bytes)
Event: 1.149 Thread 0x0000025fd4d663a0 nmethod 2055 0x0000025fc8441190 code [0x0000025fc8441320, 0x0000025fc84413e8]
Event: 1.149 Thread 0x0000025fd4d663a0 2062 %     3       sun.java2d.marlin.Renderer::_endRendering @ 808 (2646 bytes)

GC Heap History (4 events):
Event: 0.593 GC heap before
{Heap before GC invocations=0 (full 0):
 garbage-first heap   total 129024K, used 25600K [0x0000000083200000, 0x0000000100000000)
  region size 1024K, 23 young (23552K), 0 survivors (0K)
 Metaspace       used 5617K, committed 5824K, reserved 1114112K
  class space    used 535K, committed 640K, reserved 1048576K
}
Event: 0.599 GC heap after
{Heap after GC invocations=1 (full 0):
 garbage-first heap   total 129024K, used 11104K [0x0000000083200000, 0x0000000100000000)
  region size 1024K, 3 young (3072K), 3 survivors (3072K)
 Metaspace       used 5617K, committed 5824K, reserved 1114112K
  class space    used 535K, committed 640K, reserved 1048576K
}
Event: 1.099 GC heap before
{Heap before GC invocations=1 (full 0):
 garbage-first heap   total 129024K, used 41824K [0x0000000083200000, 0x0000000100000000)
  region size 1024K, 30 young (30720K), 3 survivors (3072K)
 Metaspace       used 13428K, committed 13696K, reserved 1114112K
  class space    used 1457K, committed 1600K, reserved 1048576K
}
Event: 1.104 GC heap after
{Heap after GC invocations=2 (full 0):
 garbage-first heap   total 129024K, used 16656K [0x0000000083200000, 0x0000000100000000)
  region size 1024K, 3 young (3072K), 3 survivors (3072K)
 Metaspace       used 13428K, committed 13696K, reserved 1114112K
  class space    used 1457K, committed 1600K, reserved 1048576K
}

Dll operation events (11 events):
Event: 0.007 Loaded shared library C:\Program Files\Java\jdk-21\bin\java.dll
Event: 0.032 Loaded shared library C:\Program Files\Java\jdk-21\bin\jsvml.dll
Event: 0.076 Loaded shared library C:\Program Files\Java\jdk-21\bin\jimage.dll
Event: 0.082 Loaded shared library C:\Program Files\Java\jdk-21\bin\net.dll
Event: 0.084 Loaded shared library C:\Program Files\Java\jdk-21\bin\nio.dll
Event: 0.088 Loaded shared library C:\Program Files\Java\jdk-21\bin\zip.dll
Event: 0.150 Loaded shared library C:\Program Files\Java\jdk-21\bin\awt.dll
Event: 0.231 Loaded shared library C:\Program Files\Java\jdk-21\bin\freetype.dll
Event: 0.231 Loaded shared library C:\Program Files\Java\jdk-21\bin\fontmanager.dll
Event: 0.674 Loaded shared library C:\Users\Kiet\AppData\Local\Temp\flatlaf.temp\flatlaf-windows-x86_64-1120846084593000.dll
Event: 0.695 Loaded shared library C:\Program Files\Java\jdk-21\bin\verify.dll

Deoptimization events (20 events):
Event: 1.083 Thread 0x0000025fd4d57e60 DEOPT PACKING pc=0x0000025fc0c18191 sp=0x0000007dc11fc7f0
Event: 1.083 Thread 0x0000025fd4d57e60 DEOPT UNPACKING pc=0x0000025fc7e288e2 sp=0x0000007dc11fbcb8 mode 0
Event: 1.083 Thread 0x0000025fd4d57e60 DEOPT PACKING pc=0x0000025fc0c15be8 sp=0x0000007dc11fc660
Event: 1.083 Thread 0x0000025fd4d57e60 DEOPT UNPACKING pc=0x0000025fc7e288e2 sp=0x0000007dc11fbb20 mode 0
Event: 1.083 Thread 0x0000025fd4d57e60 DEOPT PACKING pc=0x0000025fc0c18191 sp=0x0000007dc11fc7f0
Event: 1.083 Thread 0x0000025fd4d57e60 DEOPT UNPACKING pc=0x0000025fc7e288e2 sp=0x0000007dc11fbcb8 mode 0
Event: 1.105 Thread 0x0000025fd4d57e60 Uncommon trap: trap_request=0xffffffde fr.pc=0x0000025fc843264c relative=0x000000000000024c
Event: 1.105 Thread 0x0000025fd4d57e60 Uncommon trap: reason=class_check action=maybe_recompile pc=0x0000025fc843264c method=java.util.regex.Pattern$BmpCharProperty.match(Ljava/util/regex/Matcher;ILjava/lang/CharSequence;)Z @ 36 c2
Event: 1.105 Thread 0x0000025fd4d57e60 DEOPT PACKING pc=0x0000025fc843264c sp=0x0000007dc11fc7d0
Event: 1.105 Thread 0x0000025fd4d57e60 DEOPT UNPACKING pc=0x0000025fc7e27da2 sp=0x0000007dc11fc778 mode 2
Event: 1.105 Thread 0x0000025fd4d57e60 Uncommon trap: trap_request=0xffffffde fr.pc=0x0000025fc843264c relative=0x000000000000024c
Event: 1.105 Thread 0x0000025fd4d57e60 Uncommon trap: reason=class_check action=maybe_recompile pc=0x0000025fc843264c method=java.util.regex.Pattern$BmpCharProperty.match(Ljava/util/regex/Matcher;ILjava/lang/CharSequence;)Z @ 36 c2
Event: 1.105 Thread 0x0000025fd4d57e60 DEOPT PACKING pc=0x0000025fc843264c sp=0x0000007dc11fc320
Event: 1.105 Thread 0x0000025fd4d57e60 DEOPT UNPACKING pc=0x0000025fc7e27da2 sp=0x0000007dc11fc2c8 mode 2
Event: 1.135 Thread 0x0000025fd4d57e60 DEOPT PACKING pc=0x0000025fc0c62d84 sp=0x0000007dc11fc830
Event: 1.135 Thread 0x0000025fd4d57e60 DEOPT UNPACKING pc=0x0000025fc7e288e2 sp=0x0000007dc11fbbb8 mode 0
Event: 1.142 Thread 0x0000025fd4d57e60 DEOPT PACKING pc=0x0000025fc0c4dc4d sp=0x0000007dc11fcb70
Event: 1.142 Thread 0x0000025fd4d57e60 DEOPT UNPACKING pc=0x0000025fc7e288e2 sp=0x0000007dc11fc020 mode 0
Event: 1.149 Thread 0x0000025fd4d57e60 DEOPT PACKING pc=0x0000025fc0c62d84 sp=0x0000007dc11fc6c0
Event: 1.149 Thread 0x0000025fd4d57e60 DEOPT UNPACKING pc=0x0000025fc7e288e2 sp=0x0000007dc11fba48 mode 0

Classes loaded (20 events):
Event: 1.053 Loading class sun/awt/geom/AreaOp$SubOp
Event: 1.053 Loading class sun/awt/geom/AreaOp$CAGOp
Event: 1.053 Loading class sun/awt/geom/AreaOp$CAGOp done
Event: 1.053 Loading class sun/awt/geom/AreaOp$SubOp done
Event: 1.053 Loading class java/awt/geom/AreaIterator
Event: 1.053 Loading class java/awt/geom/AreaIterator done
Event: 1.097 Loading class sun/awt/geom/AreaOp$IntOp
Event: 1.098 Loading class sun/awt/geom/AreaOp$IntOp done
Event: 1.098 Loading class sun/java2d/pipe/ShapeSpanIterator
Event: 1.098 Loading class sun/java2d/pipe/SpanIterator
Event: 1.098 Loading class sun/java2d/pipe/SpanIterator done
Event: 1.098 Loading class sun/awt/geom/PathConsumer2D
Event: 1.098 Loading class sun/awt/geom/PathConsumer2D done
Event: 1.098 Loading class sun/java2d/pipe/ShapeSpanIterator done
Event: 1.104 Loading class java/util/regex/Pattern$SliceI
Event: 1.104 Loading class java/util/regex/Pattern$SliceI done
Event: 1.110 Loading class java/lang/FdLibm$Cbrt
Event: 1.110 Loading class java/lang/FdLibm$Cbrt done
Event: 1.124 Loading class sun/java2d/pipe/SpanClipRenderer$SCRcontext
Event: 1.124 Loading class sun/java2d/pipe/SpanClipRenderer$SCRcontext done

Classes unloaded (0 events):
No events

Classes redefined (0 events):
No events

Internal exceptions (20 events):
Event: 0.564 Thread 0x0000025fb619f8d0 Exception <a 'java/lang/NoSuchMethodError'{0x0000000089afbdf0}: 'int java.lang.invoke.DirectMethodHandle$Holder.invokeStatic(java.lang.Object)'> (0x0000000089afbdf0) 
thrown [s\open\src\hotspot\share\interpreter\linkResolver.cpp, line 773]
Event: 0.649 Thread 0x0000025fb619f8d0 Exception <a 'java/lang/NoSuchMethodError'{0x000000008ae72ca0}: 'java.lang.Object java.lang.invoke.Invokers$Holder.invokeExact_MT(java.lang.Object, java.lang.Object, java.lang.Object, java.lang.Object, java.lang.Object, java.lang.Object)'> (0x000000008ae72ca0) 
thrown [s\open\src\hotspot\share\interpreter\linkResolver.cpp, line 773]
Event: 0.656 Thread 0x0000025fb619f8d0 Implicit null exception at 0x0000025fc83b0a66 to 0x0000025fc83b0b0a
Event: 0.656 Thread 0x0000025fb619f8d0 Implicit null exception at 0x0000025fc83d5db8 to 0x0000025fc83d600c
Event: 0.657 Thread 0x0000025fb619f8d0 Implicit null exception at 0x0000025fc839bcbd to 0x0000025fc839bd41
Event: 0.664 Thread 0x0000025fb619f8d0 Exception <a 'java/lang/NoSuchMethodError'{0x000000008ad09a28}: 'int java.lang.invoke.Invokers$Holder.invokeExact_MT(java.lang.Object, java.lang.Object)'> (0x000000008ad09a28) 
thrown [s\open\src\hotspot\share\interpreter\linkResolver.cpp, line 773]
Event: 0.668 Thread 0x0000025fb619f8d0 Exception <a 'sun/nio/fs/WindowsException'{0x000000008ad31768}> (0x000000008ad31768) 
thrown [s\open\src\hotspot\share\prims\jni.cpp, line 520]
Event: 0.710 Thread 0x0000025fb619f8d0 Exception <a 'java/lang/NoSuchMethodError'{0x000000008ac28730}: 'java.lang.Object java.lang.invoke.DirectMethodHandle$Holder.invokeVirtual(java.lang.Object, java.lang.Object, java.lang.Object, java.lang.Object)'> (0x000000008ac28730) 
thrown [s\open\src\hotspot\share\interpreter\linkResolver.cpp, line 773]
Event: 0.742 Thread 0x0000025fb619f8d0 Exception <a 'java/lang/NoSuchMethodError'{0x000000008acfc848}: 'int java.lang.invoke.DirectMethodHandle$Holder.invokeVirtual(java.lang.Object, java.lang.Object)'> (0x000000008acfc848) 
thrown [s\open\src\hotspot\share\interpreter\linkResolver.cpp, line 773]
Event: 0.742 Thread 0x0000025fb619f8d0 Exception <a 'java/lang/NoSuchMethodError'{0x000000008ab00e78}: 'int java.lang.invoke.DirectMethodHandle$Holder.invokeSpecial(java.lang.Object, java.lang.Object, java.lang.Object)'> (0x000000008ab00e78) 
thrown [s\open\src\hotspot\share\interpreter\linkResolver.cpp, line 773]
Event: 0.743 Thread 0x0000025fb619f8d0 Exception <a 'java/lang/NoSuchMethodError'{0x000000008ab0b790}: 'void java.lang.invoke.DirectMethodHandle$Holder.invokeVirtual(java.lang.Object, java.lang.Object, int)'> (0x000000008ab0b790) 
thrown [s\open\src\hotspot\share\interpreter\linkResolver.cpp, line 773]
Event: 0.743 Thread 0x0000025fb619f8d0 Exception <a 'java/lang/NoSuchMethodError'{0x000000008ab0fa58}: 'int java.lang.invoke.DirectMethodHandle$Holder.invokeSpecial(java.lang.Object, java.lang.Object, java.lang.Object, int)'> (0x000000008ab0fa58) 
thrown [s\open\src\hotspot\share\interpreter\linkResolver.cpp, line 773]
Event: 0.745 Thread 0x0000025fb619f8d0 Exception <a 'java/lang/NoSuchMethodError'{0x000000008ab22048}: 'java.lang.Object java.lang.invoke.DirectMethodHandle$Holder.invokeStatic(java.lang.Object, java.lang.Object, java.lang.Object, java.lang.Object, int)'> (0x000000008ab22048) 
thrown [s\open\src\hotspot\share\interpreter\linkResolver.cpp, line 773]
Event: 0.746 Thread 0x0000025fb619f8d0 Exception <a 'java/lang/NoSuchMethodError'{0x000000008ab2cc10}: 'void java.lang.invoke.DelegatingMethodHandle$Holder.reinvoke_L(java.lang.Object, java.lang.Object, int)'> (0x000000008ab2cc10) 
thrown [s\open\src\hotspot\share\interpreter\linkResolver.cpp, line 773]
Event: 0.750 Thread 0x0000025fb619f8d0 Exception <a 'java/lang/NoSuchMethodError'{0x000000008ab5b368}: 'void java.lang.invoke.Invokers$Holder.invokeExact_MT(java.lang.Object, java.lang.Object, java.lang.Object, java.lang.Object)'> (0x000000008ab5b368) 
thrown [s\open\src\hotspot\share\interpreter\linkResolver.cpp, line 773]
Event: 0.752 Thread 0x0000025fb619f8d0 Exception <a 'java/lang/NoSuchMethodError'{0x000000008ab73b28}: 'void java.lang.invoke.DirectMethodHandle$Holder.invokeSpecial(java.lang.Object, java.lang.Object, java.lang.Object, java.lang.Object, java.lang.Object)'> (0x000000008ab73b28) 
thrown [s\open\src\hotspot\share\interpreter\linkResolver.cpp, line 773]
Event: 0.754 Thread 0x0000025fb619f8d0 Exception <a 'java/lang/NoSuchMethodError'{0x000000008ab821b0}: 'int java.lang.invoke.Invokers$Holder.invokeExact_MT(java.lang.Object, java.lang.Object, java.lang.Object)'> (0x000000008ab821b0) 
thrown [s\open\src\hotspot\share\interpreter\linkResolver.cpp, line 773]
Event: 0.770 Thread 0x0000025fd4d57140 Exception <a 'java/lang/NoSuchMethodError'{0x000000008abf8110}: 'void java.lang.invoke.DirectMethodHandle$Holder.invokeVirtual(java.lang.Object, java.lang.Object)'> (0x000000008abf8110) 
thrown [s\open\src\hotspot\share\interpreter\linkResolver.cpp, line 773]
Event: 0.781 Thread 0x0000025fb619f8d0 Exception <a 'java/lang/NoSuchMethodError'{0x000000008abb3328}: 'void java.lang.invoke.DirectMethodHandle$Holder.invokeStaticInit(java.lang.Object)'> (0x000000008abb3328) 
thrown [s\open\src\hotspot\share\interpreter\linkResolver.cpp, line 773]
Event: 1.024 Thread 0x0000025fd4d57e60 Implicit null exception at 0x0000025fc83b4687 to 0x0000025fc83b4768

ZGC Phase Switch (0 events):
No events

VM Operations (20 events):
Event: 0.170 Executing VM operation: HandshakeAllThreads (Deoptimize)
Event: 0.170 Executing VM operation: HandshakeAllThreads (Deoptimize) done
Event: 0.519 Executing VM operation: HandshakeAllThreads (Deoptimize)
Event: 0.519 Executing VM operation: HandshakeAllThreads (Deoptimize) done
Event: 0.569 Executing VM operation: HandshakeAllThreads (Deoptimize)
Event: 0.569 Executing VM operation: HandshakeAllThreads (Deoptimize) done
Event: 0.593 Executing VM operation: G1CollectForAllocation (G1 Evacuation Pause)
Event: 0.599 Executing VM operation: G1CollectForAllocation (G1 Evacuation Pause) done
Event: 0.647 Executing VM operation: HandshakeAllThreads (Deoptimize)
Event: 0.647 Executing VM operation: HandshakeAllThreads (Deoptimize) done
Event: 0.671 Executing VM operation: HandshakeAllThreads (Deoptimize)
Event: 0.671 Executing VM operation: HandshakeAllThreads (Deoptimize) done
Event: 0.759 Executing VM operation: HandshakeAllThreads (Deoptimize)
Event: 0.759 Executing VM operation: HandshakeAllThreads (Deoptimize) done
Event: 0.759 Executing VM operation: HandshakeAllThreads (Deoptimize)
Event: 0.759 Executing VM operation: HandshakeAllThreads (Deoptimize) done
Event: 0.854 Executing VM operation: HandshakeAllThreads (Deoptimize)
Event: 0.854 Executing VM operation: HandshakeAllThreads (Deoptimize) done
Event: 1.099 Executing VM operation: G1CollectForAllocation (G1 Evacuation Pause)
Event: 1.104 Executing VM operation: G1CollectForAllocation (G1 Evacuation Pause) done

Events (19 events):
Event: 0.019 Thread 0x0000025fb619f8d0 Thread added: 0x0000025fb619f8d0
Event: 0.030 Thread 0x0000025fd4d4f440 Thread added: 0x0000025fd4d4f440
Event: 0.030 Thread 0x0000025fd4d50160 Thread added: 0x0000025fd4d50160
Event: 0.031 Thread 0x0000025fd4d51d30 Thread added: 0x0000025fd4d51d30
Event: 0.031 Thread 0x0000025fd4d538d0 Thread added: 0x0000025fd4d538d0
Event: 0.031 Thread 0x0000025fd4d58b80 Thread added: 0x0000025fd4d58b80
Event: 0.031 Thread 0x0000025fd4d56ab0 Thread added: 0x0000025fd4d56ab0
Event: 0.031 Thread 0x0000025fd4d638f0 Thread added: 0x0000025fd4d638f0
Event: 0.031 Thread 0x0000025fd4d663a0 Thread added: 0x0000025fd4d663a0
Event: 0.055 Thread 0x0000025fd4d598a0 Thread added: 0x0000025fd4d598a0
Event: 0.058 Thread 0x0000025fd4d59210 Thread added: 0x0000025fd4d59210
Event: 0.098 Thread 0x000002601a1b31f0 Thread added: 0x000002601a1b31f0
Event: 0.236 Thread 0x0000025fd4d584f0 Thread added: 0x0000025fd4d584f0
Event: 0.524 Thread 0x0000025fd4d59f30 Thread added: 0x0000025fd4d59f30
Event: 0.525 Thread 0x0000025fd4d57140 Thread added: 0x0000025fd4d57140
Event: 0.763 Thread 0x0000025fd4d57e60 Thread added: 0x0000025fd4d57e60
Event: 0.949 Thread 0x000002601b53acc0 Thread added: 0x000002601b53acc0
Event: 1.001 Thread 0x0000025fb619f8d0 Thread exited: 0x0000025fb619f8d0
Event: 1.001 Thread 0x0000025fd4d577d0 Thread added: 0x0000025fd4d577d0


Dynamic libraries:
0x00007ff72bc50000 - 0x00007ff72bc60000 	C:\Program Files\Java\jdk-21\bin\java.exe
0x00007fff41bd0000 - 0x00007fff41de6000 	C:\WINDOWS\SYSTEM32\ntdll.dll
0x00007fff3fbb0000 - 0x00007fff3fc74000 	C:\WINDOWS\System32\KERNEL32.DLL
0x00007fff3f370000 - 0x00007fff3f717000 	C:\WINDOWS\System32\KERNELBASE.dll
0x00007fff3f100000 - 0x00007fff3f211000 	C:\WINDOWS\System32\ucrtbase.dll
0x00007fff37cf0000 - 0x00007fff37d0b000 	C:\Program Files\Java\jdk-21\bin\VCRUNTIME140.dll
0x00007fff37cb0000 - 0x00007fff37cc9000 	C:\Program Files\Java\jdk-21\bin\jli.dll
0x00007fff3f9f0000 - 0x00007fff3faa2000 	C:\WINDOWS\System32\ADVAPI32.dll
0x00007fff3f900000 - 0x00007fff3f9a7000 	C:\WINDOWS\System32\msvcrt.dll
0x00007fff40560000 - 0x00007fff40608000 	C:\WINDOWS\System32\sechost.dll
0x00007fff3f0d0000 - 0x00007fff3f0f8000 	C:\WINDOWS\System32\bcrypt.dll
0x00007fff41120000 - 0x00007fff41235000 	C:\WINDOWS\System32\RPCRT4.dll
0x00007fff400a0000 - 0x00007fff4024e000 	C:\WINDOWS\System32\USER32.dll
0x00007fff3f220000 - 0x00007fff3f246000 	C:\WINDOWS\System32\win32u.dll
0x00007fff41240000 - 0x00007fff41269000 	C:\WINDOWS\System32\GDI32.dll
0x00007fff3f7e0000 - 0x00007fff3f8f9000 	C:\WINDOWS\System32\gdi32full.dll
0x00007fff3f2d0000 - 0x00007fff3f36a000 	C:\WINDOWS\System32\msvcp_win.dll
0x00007fff26a90000 - 0x00007fff26d23000 	C:\WINDOWS\WinSxS\amd64_microsoft.windows.common-controls_6595b64144ccf1df_6.0.22621.3235_none_270f74e173860f98\COMCTL32.dll
0x00007fff36bf0000 - 0x00007fff36bfa000 	C:\WINDOWS\SYSTEM32\VERSION.dll
0x00007fff3f9b0000 - 0x00007fff3f9e1000 	C:\WINDOWS\System32\IMM32.DLL
0x00007fff3bdb0000 - 0x00007fff3bdbc000 	C:\Program Files\Java\jdk-21\bin\vcruntime140_1.dll
0x00007fff209d0000 - 0x00007fff20a5e000 	C:\Program Files\Java\jdk-21\bin\msvcp140.dll
0x00007ffef7480000 - 0x00007ffef8197000 	C:\Program Files\Java\jdk-21\bin\server\jvm.dll
0x00007fff41090000 - 0x00007fff41101000 	C:\WINDOWS\System32\WS2_32.dll
0x00007fff3edc0000 - 0x00007fff3ee0d000 	C:\WINDOWS\SYSTEM32\POWRPROF.dll
0x00007fff37b60000 - 0x00007fff37b94000 	C:\WINDOWS\SYSTEM32\WINMM.dll
0x00007fff3eda0000 - 0x00007fff3edb3000 	C:\WINDOWS\SYSTEM32\UMPDC.dll
0x00007fff3ded0000 - 0x00007fff3dee8000 	C:\WINDOWS\SYSTEM32\kernel.appcore.dll
0x00007fff390a0000 - 0x00007fff390aa000 	C:\Program Files\Java\jdk-21\bin\jimage.dll
0x00007fff3c770000 - 0x00007fff3c9a3000 	C:\WINDOWS\SYSTEM32\DBGHELP.DLL
0x00007fff3fd10000 - 0x00007fff40098000 	C:\WINDOWS\System32\combase.dll
0x00007fff40770000 - 0x00007fff40847000 	C:\WINDOWS\System32\OLEAUT32.dll
0x00007fff2c850000 - 0x00007fff2c882000 	C:\WINDOWS\SYSTEM32\dbgcore.DLL
0x00007fff3f250000 - 0x00007fff3f2c9000 	C:\WINDOWS\System32\bcryptPrimitives.dll
0x00007fff37c90000 - 0x00007fff37caf000 	C:\Program Files\Java\jdk-21\bin\java.dll
0x00007fff41330000 - 0x00007fff41b8c000 	C:\WINDOWS\System32\SHELL32.dll
0x00007fff3ce50000 - 0x00007fff3d749000 	C:\WINDOWS\SYSTEM32\windows.storage.dll
0x00007fff3cd10000 - 0x00007fff3ce4e000 	C:\WINDOWS\SYSTEM32\wintypes.dll
0x00007fff40ce0000 - 0x00007fff40dd3000 	C:\WINDOWS\System32\SHCORE.dll
0x00007fff404a0000 - 0x00007fff404fe000 	C:\WINDOWS\System32\shlwapi.dll
0x00007fff3ee20000 - 0x00007fff3ee41000 	C:\WINDOWS\SYSTEM32\profapi.dll
0x00007fff1a0c0000 - 0x00007fff1a197000 	C:\Program Files\Java\jdk-21\bin\jsvml.dll
0x00007fff38f70000 - 0x00007fff38f80000 	C:\Program Files\Java\jdk-21\bin\net.dll
0x00007fff38e20000 - 0x00007fff38f56000 	C:\WINDOWS\SYSTEM32\WINHTTP.dll
0x00007fff3e3a0000 - 0x00007fff3e409000 	C:\WINDOWS\system32\mswsock.dll
0x00007fff2f980000 - 0x00007fff2f996000 	C:\Program Files\Java\jdk-21\bin\nio.dll
0x00007fff2f8b0000 - 0x00007fff2f8c8000 	C:\Program Files\Java\jdk-21\bin\zip.dll
0x00007fff19f30000 - 0x00007fff1a0bf000 	C:\Program Files\Java\jdk-21\bin\awt.dll
0x00007fff3be10000 - 0x00007fff3bea7000 	C:\WINDOWS\SYSTEM32\apphelp.dll
0x00007fff3e600000 - 0x00007fff3e61b000 	C:\WINDOWS\SYSTEM32\CRYPTSP.dll
0x00007fff3de90000 - 0x00007fff3dec5000 	C:\WINDOWS\system32\rsaenh.dll
0x00007fff3e4a0000 - 0x00007fff3e4c8000 	C:\WINDOWS\SYSTEM32\USERENV.dll
0x00007fff3e620000 - 0x00007fff3e62c000 	C:\WINDOWS\SYSTEM32\CRYPTBASE.dll
0x00007fff3d9f0000 - 0x00007fff3da1d000 	C:\WINDOWS\SYSTEM32\IPHLPAPI.DLL
0x00007fff40cd0000 - 0x00007fff40cd9000 	C:\WINDOWS\System32\NSI.dll
0x00007fff1a580000 - 0x00007fff1a607000 	C:\Program Files\Java\jdk-21\bin\freetype.dll
0x00007fff19e40000 - 0x00007fff19f22000 	C:\Program Files\Java\jdk-21\bin\fontmanager.dll
0x00007fff3c240000 - 0x00007fff3c26b000 	C:\WINDOWS\system32\DWMAPI.DLL
0x00007fff3bf80000 - 0x00007fff3c02b000 	C:\WINDOWS\system32\uxtheme.dll
0x00007fff40610000 - 0x00007fff40763000 	C:\WINDOWS\System32\MSCTF.dll
0x00007fff40ee0000 - 0x00007fff41085000 	C:\WINDOWS\System32\ole32.dll
0x00007fff28880000 - 0x00007fff28980000 	C:\WINDOWS\system32\opengl32.dll
0x00007fff30050000 - 0x00007fff3007d000 	C:\WINDOWS\SYSTEM32\GLU32.dll
0x00007fff3c0e0000 - 0x00007fff3c119000 	C:\WINDOWS\SYSTEM32\dxcore.dll
0x00007fff2f970000 - 0x00007fff2f976000 	C:\Users\Kiet\AppData\Local\Temp\flatlaf.temp\flatlaf-windows-x86_64-1120846084593000.dll
0x00007fff2fcc0000 - 0x00007fff2fcd0000 	C:\Program Files\Java\jdk-21\bin\verify.dll
0x00007fff40de0000 - 0x00007fff40e90000 	C:\WINDOWS\System32\clbcatq.dll
0x00007fff3a720000 - 0x00007fff3a8d0000 	C:\WINDOWS\SYSTEM32\WindowsCodecs.dll
0x00007fff1f320000 - 0x00007fff1f37e000 	C:\WINDOWS\system32\dataexchange.dll
0x00007fff36440000 - 0x00007fff366ce000 	C:\WINDOWS\system32\twinapi.appcore.dll
0x00007fff2fc90000 - 0x00007fff2fc97000 	C:\Program Files\Java\jdk-21\bin\jawt.dll
0x00007fff2e240000 - 0x00007fff2e38a000 	C:\WINDOWS\SYSTEM32\textinputframework.dll

dbghelp: loaded successfully - version: 4.0.5 - missing functions: none
symbol engine: initialized successfully - sym options: 0x614 - pdb path: .;C:\Program Files\Java\jdk-21\bin;C:\WINDOWS\SYSTEM32;C:\WINDOWS\WinSxS\amd64_microsoft.windows.common-controls_6595b64144ccf1df_6.0.22621.3235_none_270f74e173860f98;C:\Program Files\Java\jdk-21\bin\server;C:\Users\Kiet\AppData\Local\Temp\flatlaf.temp

VM Arguments:
jvm_args: -XX:+ShowCodeDetailsInExceptionMessages 
java_command: GUI.LogIn
java_class_path (initial): C:\Users\Kiet\AppData\Roaming\Code\User\workspaceStorage\9f0ec90a7e62ad64397c1cc3a6503a33\redhat.java\jdt_ws\quanlilaptop_745c0c1e\bin;c:\Users\Kiet\Desktop\quanlilaptop\lib\lib\commons-compress-1.21.jar;c:\Users\Kiet\Desktop\quanlilaptop\lib\mssql-jdbc-9.4.0.jre11.jar;c:\Users\Kiet\Desktop\quanlilaptop\lib\TimingFramework-0.55.jar;c:\Users\Kiet\Desktop\quanlilaptop\lib\poi-ooxml-3.17.jar;c:\Users\Kiet\Desktop\quanlilaptop\lib\lib\poi-javadoc-5.2.3.jar;c:\Users\Kiet\Desktop\quanlilaptop\lib\slf4j-simple-1.7.25.jar;c:\Users\Kiet\Desktop\quanlilaptop\lib\mysql-connector-java-8.0.30.jar;c:\Users\Kiet\Desktop\quanlilaptop\lib\kotlin-stdlib-1.4.0.jar;c:\Users\Kiet\Desktop\quanlilaptop\lib\lib\poi-ooxml-lite-5.2.3.jar;c:\Users\Kiet\Desktop\quanlilaptop\lib\java-dotenv-5.1.3.jar;c:\Users\Kiet\Desktop\quanlilaptop\lib\lib\poi-ooxml-full-5.2.3.jar;c:\Users\Kiet\Desktop\quanlilaptop\lib\lib\slf4j-api-1.7.36.jar;c:\Users\Kiet\Desktop\quanlilaptop\lib\javax.mail.jar;c:\Users\Kiet\Desktop\quanlilaptop\lib\lib\commons-collections4-4.4.jar;c:\Users\Kiet\Desktop\quanlilaptop\lib\lib\commons-math3-3.6.1.jar;c:\Users\Kiet\Desktop\quanlilaptop\lib\lib\poi-examples-5.2.3.jar;c:\Users\Kiet\Desktop\quanlilaptop\lib\jcalendar-1.4.jar;c:\Users\Kiet\Desktop\quanlilaptop\lib\log4j-core-2.20.0.jar;c:\Users\Kiet\Desktop\quanlilaptop\lib\lib\jakarta.activation-2.0.1.jar;c:\Users\Kiet\Desktop\quanlilaptop\lib\mysql-connector.jar;c:\Users\Kiet\Desktop\quanlilaptop\lib\core-3.3.0.jar;c:\Users\Kiet\Desktop\quanlilaptop\lib\swingx-1.6.1.jar;c:\Users\Kiet\Desktop\quanlilaptop\lib\xmlbeans-2.3.0.jar;c:\Users\Kiet\Desktop\quanlilaptop\lib\mssql-jdbc-8.4.1.jre14.jar;c:\Users\Kiet\Desktop\quanlilaptop\lib\lib\xmlbeans-5.1.1.jar;c:\Users\Kiet\Desktop\quanlilaptop\lib\swing-worker-1.1.jar;c:\Users\Kiet\Desktop\quanlilaptop\lib\filters-2.0.235.jar;c:\Users\Kiet\Desktop\quanlilaptop\lib\flatlaf-extras-3.1.jar;c:\Users\Kiet\Desktop\quanlilaptop\lib\xmlbeans-3.1.0.jar;c:\Users\Kiet\Desktop\quanlilaptop\lib\lib\commons-codec-1.15.jar;c:\Users\Kiet\Desktop\quanlilaptop\lib\swingx-all-1.6.4.jar;c:\Users\Kiet\Desktop\quanlilaptop\lib\zxing-core-2.0.jar;c:\Users\Kiet\Desktop\quanlilaptop\lib\miglayout-4.0.jar;c:\Users\Kiet\Desktop\quanlilaptop\lib\kotlin-stdlib-1.5.31.jar;c:\Users\Kiet\Desktop\quanlilaptop\lib\lib\poi-excelant-5.2.3.jar;c:\Users\Kiet\Desktop\quanlilaptop\lib\zxing-1.7-javase.jar;c:\Users\Kiet\Desktop\quanlilaptop\lib\javax.activation-1.2.0.jar;c:\Users\Kiet\Desktop\quanlilaptop\lib\lib\log4j-api-2.18.0.jar;c:\Users\Kiet\Desktop\quanlilaptop\lib\itextpdf-5.5.12.jar;c:\Users\Kiet\Desktop\quanlilaptop\lib\lib\SparseBitSet-1.2.jar;c:\Users\Kiet\Desktop\quanlilaptop\lib\activation.jar;c:\Users\Kiet\Desktop\quanlilaptop\lib\webcam-capture-0.3.12.jar;c:\Users\Kiet\Desktop\quanlilaptop\lib\lib\poi-5.2.3.jar;c:\Users\Kiet\Desktop\quanlilaptop\lib\flatlaf-fonts-roboto-2.137.jar;c:\Users\Kiet\Desktop\quanlilaptop\lib\slf4j-api-1.7.2.jar;c:\Users\Kiet\Desktop\quanlilaptop\lib\svgSalamander-1.1.4.jar;c:\Users\Kiet\Desktop\quanlilaptop\lib\xmlbeans-xmlpublic-2.0-dev-2.jar;c:\Users\Kiet\Desktop\quanlilaptop\lib\kotlin-stdlib-common-1.4.0.jar;c:\Users\Kiet\Desktop\quanlilaptop\lib\poi-3.17.jar;c:\Users\Kiet\Desktop\quanlilaptop\lib\lib\poi-ooxml-5.2.3.jar;c:\Users\Kiet\Desktop\quanlilaptop\lib\lib\poi-scratchpad-5.2.3.jar;c:\Users\Kiet\Desktop\quanlilaptop\lib\kotlin-runtime-1.2.71.jar;c:\Users\Kiet\Desktop\quanlilaptop\lib\bridj-0.7.0.jar;c:\Users\Kiet\Desktop\quanlilaptop\lib\lib\jakarta.xml.bind-api-3.0.1.jar;c:\Users\Kiet\Desktop\quanlilaptop\lib\lib\commons-io-2.11.0.jar;c:\Users\Kiet\Desktop\quanlilaptop\lib\flatlaf-3.3.jar;c:\Users\Kiet\Desktop\quanlilaptop\lib\com.sun.net.ssl.jar;c:\Users\Kiet\Desktop\quanlilaptop\lib\java-dotenv-5.2.2.jar;c:\Users\Kiet\Desktop\quanlilaptop\lib\lib\commons-logging-1.2.jar;c:\Users\Kiet\Desktop\quanlilaptop\lib\javase-3.3.0.jar;c:\Users\Kiet\Desktop\quanlilaptop\lib\lib\curvesapi-1.07.jar;c:\Users\Kiet\Desktop\quanlilaptop\lib\slf4j-api-1.7.25.jar
Launcher Type: SUN_STANDARD

[Global flags]
     intx CICompilerCount                          = 4                                         {product} {ergonomic}
     uint ConcGCThreads                            = 2                                         {product} {ergonomic}
     uint G1ConcRefinementThreads                  = 8                                         {product} {ergonomic}
   size_t G1HeapRegionSize                         = 1048576                                   {product} {ergonomic}
    uintx GCDrainStackTargetSize                   = 64                                        {product} {ergonomic}
   size_t InitialHeapSize                          = 132120576                                 {product} {ergonomic}
   size_t MarkStackSize                            = 4194304                                   {product} {ergonomic}
   size_t MaxHeapSize                              = 2095054848                                {product} {ergonomic}
   size_t MaxNewSize                               = 1256194048                                {product} {ergonomic}
   size_t MinHeapDeltaBytes                        = 1048576                                   {product} {ergonomic}
   size_t MinHeapSize                              = 8388608                                   {product} {ergonomic}
    uintx NonNMethodCodeHeapSize                   = 5839372                                {pd product} {ergonomic}
    uintx NonProfiledCodeHeapSize                  = 122909434                              {pd product} {ergonomic}
    uintx ProfiledCodeHeapSize                     = 122909434                              {pd product} {ergonomic}
    uintx ReservedCodeCacheSize                    = 251658240                              {pd product} {ergonomic}
     bool SegmentedCodeCache                       = true                                      {product} {ergonomic}
     bool ShowCodeDetailsInExceptionMessages       = true                                   {manageable} {command line}
   size_t SoftMaxHeapSize                          = 2095054848                             {manageable} {ergonomic}
     bool UseCompressedOops                        = true                           {product lp64_product} {ergonomic}
     bool UseG1GC                                  = true                                      {product} {ergonomic}
     bool UseLargePagesIndividualAllocation        = false                                  {pd product} {ergonomic}

Logging:
Log output configuration:
 #0: stdout all=warning uptime,level,tags foldmultilines=false
 #1: stderr all=off uptime,level,tags foldmultilines=false

Environment Variables:
PATH=C:\Program Files\Common Files\Oracle\Java\javapath;C:\Program Files (x86)\Common Files\Oracle\Java\javapath;C:\WINDOWS\system32;C:\WINDOWS;C:\WINDOWS\System32\Wbem;C:\WINDOWS\System32\WindowsPowerShell\v1.0\;C:\WINDOWS\System32\OpenSSH\;C:\Program Files\dotnet\;C:\Program Files\Common Files\Oracle\Java\javapath;C:\Program Files\Java\jdk-11\bin;C:\Program Files (x86)\Microsoft SQL Server\160\Tools\Binn\;C:\Program Files\Microsoft SQL Server\160\Tools\Binn\;C:\Program Files\Microsoft SQL Server\Client SDK\ODBC\170\Tools\Binn\;C:\Program Files\Microsoft SQL Server\160\DTS\Binn\;C:\Program Files (x86)\Microsoft SQL Server\160\DTS\Binn\;C:\Program Files\Azure Data Studio\bin;C:\Program Files\apache-maven-3.9.6\bin;C:\Program Files\Git\cmd;C:\Program Files\nodejs\;C:\Program Files\Java\jdk-21\bin;C:\Users\Kiet\AppData\Local\Microsoft\WindowsApps;C:\Users\Kiet\AppData\Local\Programs\Microsoft VS Code\bin;C:\Users\Kiet\AppData\Local\GitHubDesktop\bin;C:\Users\Kiet\.dotnet\tools;C:\Program Files\Azure Data Studio\bin;C:\Users\Kiet\AppData\Roaming\npm
USERNAME=Kiet
LANG=en_US.UTF-8
OS=Windows_NT
PROCESSOR_IDENTIFIER=Intel64 Family 6 Model 126 Stepping 5, GenuineIntel
TMP=C:\Users\Kiet\AppData\Local\Temp
TEMP=C:\Users\Kiet\AppData\Local\Temp




Periodic native trim disabled

---------------  S Y S T E M  ---------------

OS:
 Windows 11 , 64 bit Build 22621 (10.0.22621.3374)
OS uptime: 1 days 7:07 hours

CPU: total 8 (initial active 8) (4 cores per cpu, 2 threads per core) family 6 model 126 stepping 5 microcode 0xa6, cx8, cmov, fxsr, ht, mmx, 3dnowpref, sse, sse2, sse3, ssse3, sse4.1, sse4.2, popcnt, lzcnt, tsc, tscinvbit, avx, avx2, aes, erms, clmul, bmi1, bmi2, adx, avx512f, avx512dq, avx512cd, avx512bw, avx512vl, sha, fma, vzeroupper, avx512_vpopcntdq, avx512_vpclmulqdq, avx512_vaes, avx512_vnni, clflush, clflushopt, avx512_vbmi2, avx512_vbmi, rdtscp, rdpid, fsrm, gfni, avx512_bitalg, f16c, pku, avx512_ifma
Processor Information for all 8 processors :
  Max Mhz: 1190, Current Mhz: 991, Mhz Limit: 987

Memory: 4k page, system-wide physical 7987M (798M free)
TotalPageFile size 10035M (AvailPageFile size 4M)
current process WorkingSet (physical memory assigned to process): 123M, peak: 123M
current process commit charge ("private bytes"): 242M, peak: 242M

vm_info: Java HotSpot(TM) 64-Bit Server VM (21.0.2+13-LTS-58) for windows-amd64 JRE (21.0.2+13-LTS-58), built on 2024-01-05T18:32:24Z by "mach5one" with MS VC++ 17.1 (VS2022)

END.
