#
# There is insufficient memory for the Java Runtime Environment to continue.
# Native memory allocation (malloc) failed to allocate 126208 bytes for Chunk::new
# Possible reasons:
#   The system is out of physical RAM or swap space
#   The process is running with CompressedOops enabled, and the Java Heap may be blocking the growth of the native heap
# Possible solutions:
#   Reduce memory load on the system
#   Increase physical memory or swap space
#   Check if swap backing store is full
#   Decrease Java heap size (-Xmx/-Xms)
#   Decrease number of Java threads
#   Decrease Java thread stack sizes (-Xss)
#   Set larger code cache with -XX:ReservedCodeCacheSize=
#   JVM is running with Unscaled Compressed Oops mode in which the Java heap is
#     placed in the first 4GB address space. The Java Heap base address is the
#     maximum limit for the native heap growth. Please use -XX:HeapBaseMinAddress
#     to set the Java Heap base and to place the Java Heap above 4GB virtual address.
# This output file may be truncated or incomplete.
#
#  Out of Memory Error (arena.cpp:191), pid=12948, tid=3588
#
# JRE version: OpenJDK Runtime Environment Temurin-17.0.10+7 (17.0.10+7) (build 17.0.10+7)
# Java VM: OpenJDK 64-Bit Server VM Temurin-17.0.10+7 (17.0.10+7, mixed mode, tiered, compressed oops, compressed class ptrs, parallel gc, windows-amd64)
# No core dump will be written. Minidumps are not enabled by default on client versions of Windows
#

---------------  S U M M A R Y ------------

Command Line: --add-modules=ALL-SYSTEM --add-opens=java.base/java.util=ALL-UNNAMED --add-opens=java.base/java.lang=ALL-UNNAMED --add-opens=java.base/sun.nio.fs=ALL-UNNAMED -Declipse.application=org.eclipse.jdt.ls.core.id1 -Dosgi.bundles.defaultStartLevel=4 -Declipse.product=org.eclipse.jdt.ls.core.product -Djava.import.generatesMetadataFilesAtProjectRoot=false -DDetectVMInstallationsJob.disabled=true -Dfile.encoding=utf8 -XX:+UseParallelGC -XX:GCTimeRatio=4 -XX:AdaptiveSizePolicyWeight=90 -Dsun.zip.disableMemoryMapping=true -Xmx1G -Xms100m -Xlog:disable -javaagent:c:\Users\Kiet\.vscode\extensions\redhat.java-1.30.0-win32-x64\lombok\lombok-1.18.32.jar c:\Users\Kiet\.vscode\extensions\redhat.java-1.30.0-win32-x64\server\plugins\org.eclipse.equinox.launcher_1.6.800.v20240330-1250.jar -configuration c:\Users\Kiet\AppData\Roaming\Code\User\globalStorage\redhat.java\1.30.0\config_ss_win -data c:\Users\Kiet\AppData\Roaming\Code\User\workspaceStorage\b3b38d78d4b70df6aa0616a4b888d3ad\redhat.java\ss_ws --pipe=\\.\pipe\lsp-9aaa6a7bf24a5eed16867a4e12cc4a11-sock

Host: Intel(R) Core(TM) i5-1035G1 CPU @ 1.00GHz, 8 cores, 7G,  Windows 11 , 64 bit Build 22621 (10.0.22621.3374)
Time: Sat May  4 19:50:56 2024 SE Asia Standard Time elapsed time: 4.996608 seconds (0d 0h 0m 4s)

---------------  T H R E A D  ---------------

Current thread (0x000001da2334f230):  JavaThread "C2 CompilerThread2" daemon [_thread_in_native, id=3588, stack(0x0000001047300000,0x0000001047400000)]


Current CompileTask:
C2:   4996 2855       4       java.util.TreeMap::fixAfterInsertion (267 bytes)

Stack: [0x0000001047300000,0x0000001047400000]
Native frames: (J=compiled Java code, j=interpreted, Vv=VM code, C=native code)
V  [jvm.dll+0x67d2c9]
V  [jvm.dll+0x834afa]
V  [jvm.dll+0x8365be]
V  [jvm.dll+0x836c23]
V  [jvm.dll+0x2477ff]
V  [jvm.dll+0xac514]
V  [jvm.dll+0xacb5c]
V  [jvm.dll+0x3667d7]
V  [jvm.dll+0x330bfa]
V  [jvm.dll+0x33009a]
V  [jvm.dll+0x219ef1]
V  [jvm.dll+0x219311]
V  [jvm.dll+0x1a502d]
V  [jvm.dll+0x2290de]
V  [jvm.dll+0x2272ac]
V  [jvm.dll+0x7e9bb7]
V  [jvm.dll+0x7e3fba]
V  [jvm.dll+0x67c1b5]
C  [ucrtbase.dll+0x29333]
C  [KERNEL32.DLL+0x1257d]
C  [ntdll.dll+0x5aa48]


---------------  P R O C E S S  ---------------

Threads class SMR info:
_java_thread_list=0x000001da249423c0, length=22, elements={
0x000001da06522820, 0x000001da1c32ba40, 0x000001da1c32e3c0, 0x000001da215bb3f0,
0x000001da215bbcc0, 0x000001da215bd070, 0x000001da215be3d0, 0x000001da215c6ed0,
0x000001da215cb8e0, 0x000001da215df280, 0x000001da216c9d10, 0x000001da218b0880,
0x000001da22cf5b90, 0x000001da22e02070, 0x000001da22c69620, 0x000001da22bcb720,
0x000001da22c67940, 0x000001da22e8c9f0, 0x000001da22e8cf00, 0x000001da22e8a680,
0x000001da236e4020, 0x000001da2334f230
}

Java Threads: ( => current thread )
  0x000001da06522820 JavaThread "main" [_thread_blocked, id=10012, stack(0x0000001045400000,0x0000001045500000)]
  0x000001da1c32ba40 JavaThread "Reference Handler" daemon [_thread_blocked, id=308, stack(0x0000001045700000,0x0000001045800000)]
  0x000001da1c32e3c0 JavaThread "Finalizer" daemon [_thread_blocked, id=17636, stack(0x0000001045800000,0x0000001045900000)]
  0x000001da215bb3f0 JavaThread "Signal Dispatcher" daemon [_thread_blocked, id=16548, stack(0x0000001045900000,0x0000001045a00000)]
  0x000001da215bbcc0 JavaThread "Attach Listener" daemon [_thread_blocked, id=11240, stack(0x0000001045a00000,0x0000001045b00000)]
  0x000001da215bd070 JavaThread "Service Thread" daemon [_thread_blocked, id=11340, stack(0x0000001045b00000,0x0000001045c00000)]
  0x000001da215be3d0 JavaThread "Monitor Deflation Thread" daemon [_thread_blocked, id=10164, stack(0x0000001045c00000,0x0000001045d00000)]
  0x000001da215c6ed0 JavaThread "C2 CompilerThread0" daemon [_thread_in_native, id=10168, stack(0x0000001045d00000,0x0000001045e00000)]
  0x000001da215cb8e0 JavaThread "C1 CompilerThread0" daemon [_thread_blocked, id=16612, stack(0x0000001045e00000,0x0000001045f00000)]
  0x000001da215df280 JavaThread "Sweeper thread" daemon [_thread_blocked, id=14288, stack(0x0000001045f00000,0x0000001046000000)]
  0x000001da216c9d10 JavaThread "Common-Cleaner" daemon [_thread_blocked, id=19116, stack(0x0000001046000000,0x0000001046100000)]
  0x000001da218b0880 JavaThread "Notification Thread" daemon [_thread_blocked, id=18672, stack(0x0000001046100000,0x0000001046200000)]
  0x000001da22cf5b90 JavaThread "Active Thread: Equinox Container: 8f04af83-ea7f-4a62-b47a-47bb51ad5850" [_thread_blocked, id=15608, stack(0x0000001046a00000,0x0000001046b00000)]
  0x000001da22e02070 JavaThread "Framework Event Dispatcher: Equinox Container: 8f04af83-ea7f-4a62-b47a-47bb51ad5850" daemon [_thread_blocked, id=18840, stack(0x0000001046b00000,0x0000001046c00000)]
  0x000001da22c69620 JavaThread "Start Level: Equinox Container: 8f04af83-ea7f-4a62-b47a-47bb51ad5850" daemon [_thread_in_vm, id=12128, stack(0x0000001046c00000,0x0000001046d00000)]
  0x000001da22bcb720 JavaThread "SCR Component Actor" daemon [_thread_blocked, id=8708, stack(0x0000001046d00000,0x0000001046e00000)]
  0x000001da22c67940 JavaThread "SCR Component Registry" daemon [_thread_blocked, id=2116, stack(0x0000001046f00000,0x0000001047000000)]
  0x000001da22e8c9f0 JavaThread "Worker-JM" [_thread_blocked, id=19232, stack(0x0000001047000000,0x0000001047100000)]
  0x000001da22e8cf00 JavaThread "Worker-0" [_thread_blocked, id=17504, stack(0x0000001047100000,0x0000001047200000)]
  0x000001da22e8a680 JavaThread "Worker-1" [_thread_blocked, id=17676, stack(0x0000001047200000,0x0000001047300000)]
  0x000001da236e4020 JavaThread "C2 CompilerThread1" daemon [_thread_in_native, id=14080, stack(0x0000001046900000,0x0000001046a00000)]
=>0x000001da2334f230 JavaThread "C2 CompilerThread2" daemon [_thread_in_native, id=3588, stack(0x0000001047300000,0x0000001047400000)]

Other Threads:
  0x000001da21570c20 VMThread "VM Thread" [stack: 0x0000001045600000,0x0000001045700000] [id=5004]
  0x000001da217c0540 WatcherThread [stack: 0x0000001046200000,0x0000001046300000] [id=13820]
  0x000001da06537c80 GCTaskThread "GC Thread#0" [stack: 0x0000001045500000,0x0000001045600000] [id=17540]
  0x000001da21896400 GCTaskThread "GC Thread#1" [stack: 0x0000001046300000,0x0000001046400000] [id=13360]
  0x000001da22b88330 GCTaskThread "GC Thread#2" [stack: 0x0000001046400000,0x0000001046500000] [id=3592]
  0x000001da22b885f0 GCTaskThread "GC Thread#3" [stack: 0x0000001046500000,0x0000001046600000] [id=4496]
  0x000001da22a73290 GCTaskThread "GC Thread#4" [stack: 0x0000001046600000,0x0000001046700000] [id=19332]
  0x000001da22a73550 GCTaskThread "GC Thread#5" [stack: 0x0000001046700000,0x0000001046800000] [id=796]
  0x000001da22a73810 GCTaskThread "GC Thread#6" [stack: 0x0000001046800000,0x0000001046900000] [id=14032]
  0x000001da230ab8a0 GCTaskThread "GC Thread#7" [stack: 0x0000001046e00000,0x0000001046f00000] [id=3776]

Threads with active compile tasks:
C2 CompilerThread0     5025 2815       4       java.lang.String$CaseInsensitiveComparator::compare (68 bytes)
C2 CompilerThread1     5025 2800       4       org.eclipse.core.internal.watson.ElementTreeIterator::requestPath (100 bytes)
C2 CompilerThread2     5025 2855       4       java.util.TreeMap::fixAfterInsertion (267 bytes)

VM state: not at safepoint (normal execution)

VM Mutex/Monitor currently owned by a thread: None

Heap address: 0x00000000c0000000, size: 1024 MB, Compressed Oops mode: 32-bit

CDS archive(s) not mapped
Compressed class space mapped at: 0x0000000100000000-0x0000000140000000, reserved size: 1073741824
Narrow klass base: 0x0000000000000000, Narrow klass shift: 3, Narrow klass range: 0x140000000

GC Precious Log:
 CPUs: 8 total, 8 available
 Memory: 7987M
 Large Page Support: Disabled
 NUMA Support: Disabled
 Compressed Oops: Enabled (32-bit)
 Alignments: Space 512K, Generation 512K, Heap 2M
 Heap Min Capacity: 100M
 Heap Initial Capacity: 100M
 Heap Max Capacity: 1G
 Pre-touch: Disabled
 Parallel Workers: 8

Heap:
 PSYoungGen      total 27136K, used 13342K [0x00000000eab00000, 0x00000000ecc80000, 0x0000000100000000)
  eden space 24064K, 42% used [0x00000000eab00000,0x00000000eb5095f0,0x00000000ec280000)
  from space 3072K, 99% used [0x00000000ec300000,0x00000000ec5fe298,0x00000000ec600000)
  to   space 5120K, 0% used [0x00000000ec780000,0x00000000ec780000,0x00000000ecc80000)
 ParOldGen       total 68608K, used 8466K [0x00000000c0000000, 0x00000000c4300000, 0x00000000eab00000)
  object space 68608K, 12% used [0x00000000c0000000,0x00000000c0844980,0x00000000c4300000)
 Metaspace       used 31553K, committed 32128K, reserved 1114112K
  class space    used 3067K, committed 3328K, reserved 1048576K

Card table byte_map: [0x000001da19bc0000,0x000001da19dd0000] _byte_map_base: 0x000001da195c0000

Marking Bits: (ParMarkBitMap*) 0x00007ffebce7d7d0
 Begin Bits: [0x000001da19f30000, 0x000001da1af30000)
 End Bits:   [0x000001da1af30000, 0x000001da1bf30000)

Polling page: 0x000001da065d0000

Metaspace:

Usage:
  Non-class:     27.82 MB used.
      Class:      3.00 MB used.
       Both:     30.81 MB used.

Virtual space:
  Non-class space:       64.00 MB reserved,      28.12 MB ( 44%) committed,  1 nodes.
      Class space:        1.00 GB reserved,       3.25 MB ( <1%) committed,  1 nodes.
             Both:        1.06 GB reserved,      31.38 MB (  3%) committed. 

Chunk freelists:
   Non-Class:  3.81 MB
       Class:  12.63 MB
        Both:  16.44 MB

MaxMetaspaceSize: unlimited
CompressedClassSpaceSize: 1.00 GB
Initial GC threshold: 21.00 MB
Current GC threshold: 35.00 MB
CDS: off
MetaspaceReclaimPolicy: balanced
 - commit_granule_bytes: 65536.
 - commit_granule_words: 8192.
 - virtual_space_node_default_size: 8388608.
 - enlarge_chunks_in_place: 1.
 - new_chunks_are_fully_committed: 0.
 - uncommit_free_chunks: 1.
 - use_allocation_guard: 0.
 - handle_deallocations: 1.


Internal statistics:

num_allocs_failed_limit: 3.
num_arena_births: 328.
num_arena_deaths: 14.
num_vsnodes_births: 2.
num_vsnodes_deaths: 0.
num_space_committed: 502.
num_space_uncommitted: 0.
num_chunks_returned_to_freelist: 17.
num_chunks_taken_from_freelist: 1218.
num_chunk_merges: 8.
num_chunk_splits: 788.
num_chunks_enlarged: 527.
num_inconsistent_stats: 0.

CodeHeap 'non-profiled nmethods': size=120000Kb used=1312Kb max_used=1312Kb free=118688Kb
 bounds [0x000001da124b0000, 0x000001da12720000, 0x000001da199e0000]
CodeHeap 'profiled nmethods': size=120000Kb used=5830Kb max_used=5830Kb free=114169Kb
 bounds [0x000001da0a9e0000, 0x000001da0afa0000, 0x000001da11f10000]
CodeHeap 'non-nmethods': size=5760Kb used=1258Kb max_used=1304Kb free=4501Kb
 bounds [0x000001da11f10000, 0x000001da12180000, 0x000001da124b0000]
 total_blobs=3440 nmethods=2877 adapters=477
 compilation: enabled
              stopped_count=0, restarted_count=0
 full_count=0

Compilation events (20 events):
Event: 4.972 Thread 0x000001da215cb8e0 nmethod 2853 0x000001da0af7c310 code [0x000001da0af7c4a0, 0x000001da0af7c618]
Event: 4.972 Thread 0x000001da215cb8e0 2852       1       com.sun.org.apache.xerces.internal.dom.AttrImpl::getNodeType (2 bytes)
Event: 4.972 Thread 0x000001da215cb8e0 nmethod 2852 0x000001da125f3b10 code [0x000001da125f3ca0, 0x000001da125f3d78]
Event: 4.973 Thread 0x000001da215c6ed0 nmethod 2823 0x000001da125f3e10 code [0x000001da125f3fc0, 0x000001da125f46d8]
Event: 4.973 Thread 0x000001da215c6ed0 2824       4       java.util.TreeMap::put (221 bytes)
Event: 4.982 Thread 0x000001da215cb8e0 2860       3       java.util.Arrays$ArrayList::toArray (15 bytes)
Event: 4.982 Thread 0x000001da215cb8e0 nmethod 2860 0x000001da0af7c690 code [0x000001da0af7c840, 0x000001da0af7c988]
Event: 4.984 Thread 0x000001da215cb8e0 2863       3       jdk.internal.reflect.ClassFileAssembler::setStack (25 bytes)
Event: 4.984 Thread 0x000001da2334f230 2855       4       java.util.TreeMap::fixAfterInsertion (267 bytes)
Event: 4.984 Thread 0x000001da215cb8e0 nmethod 2863 0x000001da0af7ca90 code [0x000001da0af7cc20, 0x000001da0af7cd78]
Event: 4.984 Thread 0x000001da215cb8e0 2861       3       com.sun.org.apache.xerces.internal.impl.XMLScanner::setProperty (94 bytes)
Event: 4.984 Thread 0x000001da215cb8e0 nmethod 2861 0x000001da0af7ce10 code [0x000001da0af7d080, 0x000001da0af7db78]
Event: 4.985 Thread 0x000001da215cb8e0 2864       3       com.sun.org.apache.xerces.internal.util.ParserConfigurationSettings::checkProperty (51 bytes)
Event: 4.985 Thread 0x000001da215cb8e0 nmethod 2864 0x000001da0af7de90 code [0x000001da0af7e080, 0x000001da0af7e4f8]
Event: 4.985 Thread 0x000001da215cb8e0 2865  s!   3       jdk.internal.loader.URLClassPath::getLoader (196 bytes)
Event: 4.987 Thread 0x000001da215cb8e0 nmethod 2865 0x000001da0af7e690 code [0x000001da0af7e980, 0x000001da0af7fbe8]
Event: 4.988 Thread 0x000001da215cb8e0 2866       3       com.sun.org.apache.xerces.internal.dom.DeferredDocumentImpl::setChunkIndex (67 bytes)
Event: 4.989 Thread 0x000001da215cb8e0 nmethod 2866 0x000001da0af80390 code [0x000001da0af80560, 0x000001da0af80878]
Event: 4.989 Thread 0x000001da215cb8e0 2867       3       com.sun.org.apache.xerces.internal.dom.DeferredDocumentImpl::getChunkIndex (16 bytes)
Event: 4.990 Thread 0x000001da215cb8e0 nmethod 2867 0x000001da0af80a10 code [0x000001da0af80bc0, 0x000001da0af80d98]

GC Heap History (16 events):
Event: 1.124 GC heap before
{Heap before GC invocations=1 (full 0):
 PSYoungGen      total 29696K, used 25600K [0x00000000eab00000, 0x00000000ecc00000, 0x0000000100000000)
  eden space 25600K, 100% used [0x00000000eab00000,0x00000000ec400000,0x00000000ec400000)
  from space 4096K, 0% used [0x00000000ec800000,0x00000000ec800000,0x00000000ecc00000)
  to   space 4096K, 0% used [0x00000000ec400000,0x00000000ec400000,0x00000000ec800000)
 ParOldGen       total 68608K, used 0K [0x00000000c0000000, 0x00000000c4300000, 0x00000000eab00000)
  object space 68608K, 0% used [0x00000000c0000000,0x00000000c0000000,0x00000000c4300000)
 Metaspace       used 11005K, committed 11200K, reserved 1114112K
  class space    used 1096K, committed 1216K, reserved 1048576K
}
Event: 1.131 GC heap after
{Heap after GC invocations=1 (full 0):
 PSYoungGen      total 29696K, used 3220K [0x00000000eab00000, 0x00000000ecc00000, 0x0000000100000000)
  eden space 25600K, 0% used [0x00000000eab00000,0x00000000eab00000,0x00000000ec400000)
  from space 4096K, 78% used [0x00000000ec400000,0x00000000ec725278,0x00000000ec800000)
  to   space 4096K, 0% used [0x00000000ec800000,0x00000000ec800000,0x00000000ecc00000)
 ParOldGen       total 68608K, used 16K [0x00000000c0000000, 0x00000000c4300000, 0x00000000eab00000)
  object space 68608K, 0% used [0x00000000c0000000,0x00000000c0004000,0x00000000c4300000)
 Metaspace       used 11005K, committed 11200K, reserved 1114112K
  class space    used 1096K, committed 1216K, reserved 1048576K
}
Event: 1.766 GC heap before
{Heap before GC invocations=2 (full 0):
 PSYoungGen      total 29696K, used 28819K [0x00000000eab00000, 0x00000000ecc00000, 0x0000000100000000)
  eden space 25600K, 99% used [0x00000000eab00000,0x00000000ec3ff9c8,0x00000000ec400000)
  from space 4096K, 78% used [0x00000000ec400000,0x00000000ec725278,0x00000000ec800000)
  to   space 4096K, 0% used [0x00000000ec800000,0x00000000ec800000,0x00000000ecc00000)
 ParOldGen       total 68608K, used 16K [0x00000000c0000000, 0x00000000c4300000, 0x00000000eab00000)
  object space 68608K, 0% used [0x00000000c0000000,0x00000000c0004000,0x00000000c4300000)
 Metaspace       used 14920K, committed 15168K, reserved 1114112K
  class space    used 1513K, committed 1664K, reserved 1048576K
}
Event: 1.770 GC heap after
{Heap after GC invocations=2 (full 0):
 PSYoungGen      total 29696K, used 4089K [0x00000000eab00000, 0x00000000ecc00000, 0x0000000100000000)
  eden space 25600K, 0% used [0x00000000eab00000,0x00000000eab00000,0x00000000ec400000)
  from space 4096K, 99% used [0x00000000ec800000,0x00000000ecbfe778,0x00000000ecc00000)
  to   space 4096K, 0% used [0x00000000ec400000,0x00000000ec400000,0x00000000ec800000)
 ParOldGen       total 68608K, used 732K [0x00000000c0000000, 0x00000000c4300000, 0x00000000eab00000)
  object space 68608K, 1% used [0x00000000c0000000,0x00000000c00b7360,0x00000000c4300000)
 Metaspace       used 14920K, committed 15168K, reserved 1114112K
  class space    used 1513K, committed 1664K, reserved 1048576K
}
Event: 2.571 GC heap before
{Heap before GC invocations=3 (full 0):
 PSYoungGen      total 29696K, used 29689K [0x00000000eab00000, 0x00000000ecc00000, 0x0000000100000000)
  eden space 25600K, 100% used [0x00000000eab00000,0x00000000ec400000,0x00000000ec400000)
  from space 4096K, 99% used [0x00000000ec800000,0x00000000ecbfe778,0x00000000ecc00000)
  to   space 4096K, 0% used [0x00000000ec400000,0x00000000ec400000,0x00000000ec800000)
 ParOldGen       total 68608K, used 732K [0x00000000c0000000, 0x00000000c4300000, 0x00000000eab00000)
  object space 68608K, 1% used [0x00000000c0000000,0x00000000c00b7360,0x00000000c4300000)
 Metaspace       used 19869K, committed 20288K, reserved 1114112K
  class space    used 2029K, committed 2176K, reserved 1048576K
}
Event: 2.577 GC heap after
{Heap after GC invocations=3 (full 0):
 PSYoungGen      total 29696K, used 4073K [0x00000000eab00000, 0x00000000ecc00000, 0x0000000100000000)
  eden space 25600K, 0% used [0x00000000eab00000,0x00000000eab00000,0x00000000ec400000)
  from space 4096K, 99% used [0x00000000ec400000,0x00000000ec7fa778,0x00000000ec800000)
  to   space 4096K, 0% used [0x00000000ec800000,0x00000000ec800000,0x00000000ecc00000)
 ParOldGen       total 68608K, used 2446K [0x00000000c0000000, 0x00000000c4300000, 0x00000000eab00000)
  object space 68608K, 3% used [0x00000000c0000000,0x00000000c0263be0,0x00000000c4300000)
 Metaspace       used 19869K, committed 20288K, reserved 1114112K
  class space    used 2029K, committed 2176K, reserved 1048576K
}
Event: 2.940 GC heap before
{Heap before GC invocations=4 (full 0):
 PSYoungGen      total 29696K, used 11725K [0x00000000eab00000, 0x00000000ecc00000, 0x0000000100000000)
  eden space 25600K, 29% used [0x00000000eab00000,0x00000000eb279070,0x00000000ec400000)
  from space 4096K, 99% used [0x00000000ec400000,0x00000000ec7fa778,0x00000000ec800000)
  to   space 4096K, 0% used [0x00000000ec800000,0x00000000ec800000,0x00000000ecc00000)
 ParOldGen       total 68608K, used 2446K [0x00000000c0000000, 0x00000000c4300000, 0x00000000eab00000)
  object space 68608K, 3% used [0x00000000c0000000,0x00000000c0263be0,0x00000000c4300000)
 Metaspace       used 20996K, committed 21504K, reserved 1114112K
  class space    used 2148K, committed 2368K, reserved 1048576K
}
Event: 2.943 GC heap after
{Heap after GC invocations=4 (full 0):
 PSYoungGen      total 29696K, used 4074K [0x00000000eab00000, 0x00000000ecc00000, 0x0000000100000000)
  eden space 25600K, 0% used [0x00000000eab00000,0x00000000eab00000,0x00000000ec400000)
  from space 4096K, 99% used [0x00000000ec800000,0x00000000ecbfab00,0x00000000ecc00000)
  to   space 4096K, 0% used [0x00000000ec400000,0x00000000ec400000,0x00000000ec800000)
 ParOldGen       total 68608K, used 3235K [0x00000000c0000000, 0x00000000c4300000, 0x00000000eab00000)
  object space 68608K, 4% used [0x00000000c0000000,0x00000000c0328c30,0x00000000c4300000)
 Metaspace       used 20996K, committed 21504K, reserved 1114112K
  class space    used 2148K, committed 2368K, reserved 1048576K
}
Event: 2.943 GC heap before
{Heap before GC invocations=5 (full 1):
 PSYoungGen      total 29696K, used 4074K [0x00000000eab00000, 0x00000000ecc00000, 0x0000000100000000)
  eden space 25600K, 0% used [0x00000000eab00000,0x00000000eab00000,0x00000000ec400000)
  from space 4096K, 99% used [0x00000000ec800000,0x00000000ecbfab00,0x00000000ecc00000)
  to   space 4096K, 0% used [0x00000000ec400000,0x00000000ec400000,0x00000000ec800000)
 ParOldGen       total 68608K, used 3235K [0x00000000c0000000, 0x00000000c4300000, 0x00000000eab00000)
  object space 68608K, 4% used [0x00000000c0000000,0x00000000c0328c30,0x00000000c4300000)
 Metaspace       used 20996K, committed 21504K, reserved 1114112K
  class space    used 2148K, committed 2368K, reserved 1048576K
}
Event: 2.966 GC heap after
{Heap after GC invocations=5 (full 1):
 PSYoungGen      total 29696K, used 0K [0x00000000eab00000, 0x00000000ecc00000, 0x0000000100000000)
  eden space 25600K, 0% used [0x00000000eab00000,0x00000000eab00000,0x00000000ec400000)
  from space 4096K, 0% used [0x00000000ec800000,0x00000000ec800000,0x00000000ecc00000)
  to   space 4096K, 0% used [0x00000000ec400000,0x00000000ec400000,0x00000000ec800000)
 ParOldGen       total 68608K, used 7111K [0x00000000c0000000, 0x00000000c4300000, 0x00000000eab00000)
  object space 68608K, 10% used [0x00000000c0000000,0x00000000c06f1cf8,0x00000000c4300000)
 Metaspace       used 20983K, committed 21504K, reserved 1114112K
  class space    used 2145K, committed 2368K, reserved 1048576K
}
Event: 3.436 GC heap before
{Heap before GC invocations=6 (full 1):
 PSYoungGen      total 29696K, used 25600K [0x00000000eab00000, 0x00000000ecc00000, 0x0000000100000000)
  eden space 25600K, 100% used [0x00000000eab00000,0x00000000ec400000,0x00000000ec400000)
  from space 4096K, 0% used [0x00000000ec800000,0x00000000ec800000,0x00000000ecc00000)
  to   space 4096K, 0% used [0x00000000ec400000,0x00000000ec400000,0x00000000ec800000)
 ParOldGen       total 68608K, used 7111K [0x00000000c0000000, 0x00000000c4300000, 0x00000000eab00000)
  object space 68608K, 10% used [0x00000000c0000000,0x00000000c06f1cf8,0x00000000c4300000)
 Metaspace       used 24047K, committed 24576K, reserved 1114112K
  class space    used 2355K, committed 2560K, reserved 1048576K
}
Event: 3.438 GC heap after
{Heap after GC invocations=6 (full 1):
 PSYoungGen      total 26112K, used 749K [0x00000000eab00000, 0x00000000ec880000, 0x0000000100000000)
  eden space 25088K, 0% used [0x00000000eab00000,0x00000000eab00000,0x00000000ec380000)
  from space 1024K, 73% used [0x00000000ec400000,0x00000000ec4bb500,0x00000000ec500000)
  to   space 2560K, 0% used [0x00000000ec600000,0x00000000ec600000,0x00000000ec880000)
 ParOldGen       total 68608K, used 7119K [0x00000000c0000000, 0x00000000c4300000, 0x00000000eab00000)
  object space 68608K, 10% used [0x00000000c0000000,0x00000000c06f3cf8,0x00000000c4300000)
 Metaspace       used 24047K, committed 24576K, reserved 1114112K
  class space    used 2355K, committed 2560K, reserved 1048576K
}
Event: 3.858 GC heap before
{Heap before GC invocations=7 (full 1):
 PSYoungGen      total 26112K, used 25837K [0x00000000eab00000, 0x00000000ec880000, 0x0000000100000000)
  eden space 25088K, 100% used [0x00000000eab00000,0x00000000ec380000,0x00000000ec380000)
  from space 1024K, 73% used [0x00000000ec400000,0x00000000ec4bb500,0x00000000ec500000)
  to   space 2560K, 0% used [0x00000000ec600000,0x00000000ec600000,0x00000000ec880000)
 ParOldGen       total 68608K, used 7119K [0x00000000c0000000, 0x00000000c4300000, 0x00000000eab00000)
  object space 68608K, 10% used [0x00000000c0000000,0x00000000c06f3cf8,0x00000000c4300000)
 Metaspace       used 26748K, committed 27264K, reserved 1114112K
  class space    used 2574K, committed 2816K, reserved 1048576K
}
Event: 3.859 GC heap after
{Heap after GC invocations=7 (full 1):
 PSYoungGen      total 27136K, used 2550K [0x00000000eab00000, 0x00000000ec900000, 0x0000000100000000)
  eden space 24576K, 0% used [0x00000000eab00000,0x00000000eab00000,0x00000000ec300000)
  from space 2560K, 99% used [0x00000000ec600000,0x00000000ec87db08,0x00000000ec880000)
  to   space 3072K, 0% used [0x00000000ec300000,0x00000000ec300000,0x00000000ec600000)
 ParOldGen       total 68608K, used 7127K [0x00000000c0000000, 0x00000000c4300000, 0x00000000eab00000)
  object space 68608K, 10% used [0x00000000c0000000,0x00000000c06f5cf8,0x00000000c4300000)
 Metaspace       used 26748K, committed 27264K, reserved 1114112K
  class space    used 2574K, committed 2816K, reserved 1048576K
}
Event: 4.844 GC heap before
{Heap before GC invocations=8 (full 1):
 PSYoungGen      total 27136K, used 27126K [0x00000000eab00000, 0x00000000ec900000, 0x0000000100000000)
  eden space 24576K, 100% used [0x00000000eab00000,0x00000000ec300000,0x00000000ec300000)
  from space 2560K, 99% used [0x00000000ec600000,0x00000000ec87db08,0x00000000ec880000)
  to   space 3072K, 0% used [0x00000000ec300000,0x00000000ec300000,0x00000000ec600000)
 ParOldGen       total 68608K, used 7127K [0x00000000c0000000, 0x00000000c4300000, 0x00000000eab00000)
  object space 68608K, 10% used [0x00000000c0000000,0x00000000c06f5cf8,0x00000000c4300000)
 Metaspace       used 30372K, committed 30976K, reserved 1114112K
  class space    used 2935K, committed 3200K, reserved 1048576K
}
Event: 4.846 GC heap after
{Heap after GC invocations=8 (full 1):
 PSYoungGen      total 27136K, used 3064K [0x00000000eab00000, 0x00000000ecc80000, 0x0000000100000000)
  eden space 24064K, 0% used [0x00000000eab00000,0x00000000eab00000,0x00000000ec280000)
  from space 3072K, 99% used [0x00000000ec300000,0x00000000ec5fe298,0x00000000ec600000)
  to   space 5120K, 0% used [0x00000000ec780000,0x00000000ec780000,0x00000000ecc80000)
 ParOldGen       total 68608K, used 8466K [0x00000000c0000000, 0x00000000c4300000, 0x00000000eab00000)
  object space 68608K, 12% used [0x00000000c0000000,0x00000000c0844980,0x00000000c4300000)
 Metaspace       used 30372K, committed 30976K, reserved 1114112K
  class space    used 2935K, committed 3200K, reserved 1048576K
}

Dll operation events (9 events):
Event: 0.008 Loaded shared library c:\Users\Kiet\.vscode\extensions\redhat.java-1.30.0-win32-x64\jre\17.0.10-win32-x86_64\bin\java.dll
Event: 0.210 Loaded shared library c:\Users\Kiet\.vscode\extensions\redhat.java-1.30.0-win32-x64\jre\17.0.10-win32-x86_64\bin\zip.dll
Event: 0.214 Loaded shared library C:\Users\Kiet\.vscode\extensions\redhat.java-1.30.0-win32-x64\jre\17.0.10-win32-x86_64\bin\instrument.dll
Event: 0.228 Loaded shared library C:\Users\Kiet\.vscode\extensions\redhat.java-1.30.0-win32-x64\jre\17.0.10-win32-x86_64\bin\net.dll
Event: 0.230 Loaded shared library C:\Users\Kiet\.vscode\extensions\redhat.java-1.30.0-win32-x64\jre\17.0.10-win32-x86_64\bin\nio.dll
Event: 0.236 Loaded shared library C:\Users\Kiet\.vscode\extensions\redhat.java-1.30.0-win32-x64\jre\17.0.10-win32-x86_64\bin\zip.dll
Event: 0.257 Loaded shared library C:\Users\Kiet\.vscode\extensions\redhat.java-1.30.0-win32-x64\jre\17.0.10-win32-x86_64\bin\jimage.dll
Event: 0.328 Loaded shared library c:\Users\Kiet\.vscode\extensions\redhat.java-1.30.0-win32-x64\jre\17.0.10-win32-x86_64\bin\verify.dll
Event: 1.633 Loaded shared library C:\Users\Kiet\AppData\Roaming\Code\User\globalStorage\redhat.java\1.30.0\config_ss_win\org.eclipse.equinox.launcher\org.eclipse.equinox.launcher.win32.win32.x86_64_1.2.900.v20240213-1244\eclipse_11900.dll

Deoptimization events (20 events):
Event: 4.266 Thread 0x000001da22c69620 Uncommon trap: trap_request=0xffffffc6 fr.pc=0x000001da12540fac relative=0x000000000000096c
Event: 4.266 Thread 0x000001da22c69620 Uncommon trap: reason=bimorphic_or_optimized_type_check action=maybe_recompile pc=0x000001da12540fac method=java.util.HashMap.putVal(ILjava/lang/Object;Ljava/lang/Object;ZZ)Ljava/lang/Object; @ 56 c2
Event: 4.266 Thread 0x000001da22c69620 DEOPT PACKING pc=0x000001da12540fac sp=0x0000001046cfdc20
Event: 4.266 Thread 0x000001da22c69620 DEOPT UNPACKING pc=0x000001da11f69ea3 sp=0x0000001046cfdb78 mode 2
Event: 4.266 Thread 0x000001da22c69620 Uncommon trap: trap_request=0xffffffc6 fr.pc=0x000001da12540fac relative=0x000000000000096c
Event: 4.266 Thread 0x000001da22c69620 Uncommon trap: reason=bimorphic_or_optimized_type_check action=maybe_recompile pc=0x000001da12540fac method=java.util.HashMap.putVal(ILjava/lang/Object;Ljava/lang/Object;ZZ)Ljava/lang/Object; @ 56 c2
Event: 4.266 Thread 0x000001da22c69620 DEOPT PACKING pc=0x000001da12540fac sp=0x0000001046cfdc20
Event: 4.266 Thread 0x000001da22c69620 DEOPT UNPACKING pc=0x000001da11f69ea3 sp=0x0000001046cfdb78 mode 2
Event: 4.842 Thread 0x000001da22e8cf00 Uncommon trap: trap_request=0xffffff45 fr.pc=0x000001da125c2e60 relative=0x0000000000000fc0
Event: 4.842 Thread 0x000001da22e8cf00 Uncommon trap: reason=unstable_if action=reinterpret pc=0x000001da125c2e60 method=java.util.Properties.loadConvert([CIILjava/lang/StringBuilder;)Ljava/lang/String; @ 477 c2
Event: 4.842 Thread 0x000001da22e8cf00 DEOPT PACKING pc=0x000001da125c2e60 sp=0x00000010471fd110
Event: 4.842 Thread 0x000001da22e8cf00 DEOPT UNPACKING pc=0x000001da11f69ea3 sp=0x00000010471fd0f0 mode 2
Event: 4.927 Thread 0x000001da22e8cf00 DEOPT PACKING pc=0x000001da0aec989e sp=0x00000010471fd7e0
Event: 4.927 Thread 0x000001da22e8cf00 DEOPT UNPACKING pc=0x000001da11f6a9e3 sp=0x00000010471fccd8 mode 0
Event: 4.935 Thread 0x000001da22e8cf00 DEOPT PACKING pc=0x000001da0aec989e sp=0x00000010471fd7e0
Event: 4.935 Thread 0x000001da22e8cf00 DEOPT UNPACKING pc=0x000001da11f6a9e3 sp=0x00000010471fccd8 mode 0
Event: 4.960 Thread 0x000001da22e8cf00 Uncommon trap: trap_request=0xffffffcc fr.pc=0x000001da125eb054 relative=0x0000000000000334
Event: 4.960 Thread 0x000001da22e8cf00 Uncommon trap: reason=intrinsic_or_type_checked_inlining action=make_not_entrant pc=0x000001da125eb054 method=java.util.Arrays.copyOf([Ljava/lang/Object;ILjava/lang/Class;)[Ljava/lang/Object; @ 35 c2
Event: 4.960 Thread 0x000001da22e8cf00 DEOPT PACKING pc=0x000001da125eb054 sp=0x00000010471fc5f0
Event: 4.960 Thread 0x000001da22e8cf00 DEOPT UNPACKING pc=0x000001da11f69ea3 sp=0x00000010471fc580 mode 2

Classes unloaded (7 events):
Event: 2.946 Thread 0x000001da21570c20 Unloading class 0x0000000100216400 'java/lang/invoke/LambdaForm$MH+0x0000000100216400'
Event: 2.946 Thread 0x000001da21570c20 Unloading class 0x0000000100216000 'java/lang/invoke/LambdaForm$MH+0x0000000100216000'
Event: 2.946 Thread 0x000001da21570c20 Unloading class 0x0000000100215c00 'java/lang/invoke/LambdaForm$MH+0x0000000100215c00'
Event: 2.946 Thread 0x000001da21570c20 Unloading class 0x0000000100215800 'java/lang/invoke/LambdaForm$MH+0x0000000100215800'
Event: 2.946 Thread 0x000001da21570c20 Unloading class 0x0000000100215400 'java/lang/invoke/LambdaForm$BMH+0x0000000100215400'
Event: 2.946 Thread 0x000001da21570c20 Unloading class 0x0000000100215000 'java/lang/invoke/LambdaForm$DMH+0x0000000100215000'
Event: 2.946 Thread 0x000001da21570c20 Unloading class 0x0000000100210400 'java/lang/invoke/LambdaForm$DMH+0x0000000100210400'

Classes redefined (0 events):
No events

Internal exceptions (20 events):
Event: 2.900 Thread 0x000001da22c69620 Exception <a 'java/lang/NoSuchMethodError'{0x00000000eb0ddf40}: 'java.lang.Object java.lang.invoke.DirectMethodHandle$Holder.invokeSpecial(java.lang.Object, java.lang.Object, java.lang.Object, java.lang.Object, long)'> (0x00000000eb0ddf40) 
thrown [s\src\hotspot\share\interpreter\linkResolver.cpp, line 759]
Event: 2.901 Thread 0x000001da22c69620 Exception <a 'java/lang/NoSuchMethodError'{0x00000000eb0e1db8}: 'java.lang.Object java.lang.invoke.Invokers$Holder.linkToTargetMethod(java.lang.Object, java.lang.Object, long, java.lang.Object)'> (0x00000000eb0e1db8) 
thrown [s\src\hotspot\share\interpreter\linkResolver.cpp, line 759]
Event: 2.919 Thread 0x000001da22c69620 Exception <a 'java/lang/NoSuchMethodError'{0x00000000eb163190}: 'int java.lang.invoke.DirectMethodHandle$Holder.invokeStaticInit(java.lang.Object, java.lang.Object, java.lang.Object)'> (0x00000000eb163190) 
thrown [s\src\hotspot\share\interpreter\linkResolver.cpp, line 759]
Event: 2.929 Thread 0x000001da22c69620 Exception <a 'java/lang/IncompatibleClassChangeError'{0x00000000eb1e6b68}: Found class java.lang.Object, but interface was expected> (0x00000000eb1e6b68) 
thrown [s\src\hotspot\share\interpreter\linkResolver.cpp, line 826]
Event: 2.934 Thread 0x000001da22c69620 Exception <a 'java/lang/NoSuchMethodError'{0x00000000eb1f9aa0}: 'java.lang.Object java.lang.invoke.DirectMethodHandle$Holder.invokeSpecial(java.lang.Object, java.lang.Object, java.lang.Object, int, java.lang.Object, java.lang.Object)'> (0x00000000eb1f9aa0) 
thrown [s\src\hotspot\share\interpreter\linkResolver.cpp, line 759]
Event: 2.935 Thread 0x000001da22c69620 Exception <a 'java/lang/NoSuchMethodError'{0x00000000eb202228}: 'java.lang.Object java.lang.invoke.DirectMethodHandle$Holder.newInvokeSpecial(java.lang.Object, java.lang.Object, java.lang.Object, int, java.lang.Object)'> (0x00000000eb202228) 
thrown [s\src\hotspot\share\interpreter\linkResolver.cpp, line 759]
Event: 2.936 Thread 0x000001da22c69620 Exception <a 'java/lang/NoSuchMethodError'{0x00000000eb206680}: 'java.lang.Object java.lang.invoke.DirectMethodHandle$Holder.invokeSpecial(java.lang.Object, java.lang.Object, java.lang.Object, java.lang.Object, int, java.lang.Object)'> (0x00000000eb206680) 
thrown [s\src\hotspot\share\interpreter\linkResolver.cpp, line 759]
Event: 2.937 Thread 0x000001da22e8cf00 Exception <a 'java/lang/NoSuchMethodError'{0x00000000eb10f098}: 'java.lang.Object java.lang.invoke.DirectMethodHandle$Holder.invokeSpecial(java.lang.Object, java.lang.Object, int, java.lang.Object, java.lang.Object)'> (0x00000000eb10f098) 
thrown [s\src\hotspot\share\interpreter\linkResolver.cpp, line 759]
Event: 2.938 Thread 0x000001da22e8cf00 Exception <a 'java/lang/NoSuchMethodError'{0x00000000eb116768}: 'java.lang.Object java.lang.invoke.DirectMethodHandle$Holder.newInvokeSpecial(java.lang.Object, java.lang.Object, int, java.lang.Object)'> (0x00000000eb116768) 
thrown [s\src\hotspot\share\interpreter\linkResolver.cpp, line 759]
Event: 2.939 Thread 0x000001da22e8cf00 Exception <a 'java/lang/NoSuchMethodError'{0x00000000eb11a278}: 'java.lang.Object java.lang.invoke.DirectMethodHandle$Holder.invokeSpecial(java.lang.Object, java.lang.Object, java.lang.Object, int, java.lang.Object)'> (0x00000000eb11a278) 
thrown [s\src\hotspot\share\interpreter\linkResolver.cpp, line 759]
Event: 3.730 Thread 0x000001da22c69620 Implicit null exception at 0x000001da125a8d48 to 0x000001da125a8e34
Event: 4.116 Thread 0x000001da22c69620 Exception <a 'java/lang/ClassNotFoundException'{0x00000000eb4d7c38}: com/sun/org/apache/xerces/internal/impl/msg/spi/DOMMessagesProvider> (0x00000000eb4d7c38) 
thrown [s\src\hotspot\share\classfile\systemDictionary.cpp, line 256]
Event: 4.120 Thread 0x000001da22c69620 Implicit null exception at 0x000001da125836f8 to 0x000001da125843b4
Event: 4.122 Thread 0x000001da22c69620 Exception <a 'java/lang/ClassNotFoundException'{0x00000000eb504ec0}: com/sun/org/apache/xerces/internal/impl/msg/spi/XMLSerializerMessagesProvider> (0x00000000eb504ec0) 
thrown [s\src\hotspot\share\classfile\systemDictionary.cpp, line 256]
Event: 4.124 Thread 0x000001da22c69620 Exception <a 'java/lang/ClassNotFoundException'{0x00000000eb5123d8}: com/sun/org/apache/xerces/internal/impl/msg/spi/XMLMessagesProvider> (0x00000000eb5123d8) 
thrown [s\src\hotspot\share\classfile\systemDictionary.cpp, line 256]
Event: 4.167 Thread 0x000001da22c69620 Exception <a 'java/lang/NoSuchMethodError'{0x00000000eb741d60}: 'java.lang.Object java.lang.invoke.DirectMethodHandle$Holder.newInvokeSpecial(java.lang.Object, int, java.lang.Object, java.lang.Object)'> (0x00000000eb741d60) 
thrown [s\src\hotspot\share\interpreter\linkResolver.cpp, line 759]
Event: 4.659 Thread 0x000001da22c69620 Exception <a 'java/lang/NoSuchMethodError'{0x00000000ebb5ef90}: 'java.lang.Object java.lang.invoke.DirectMethodHandle$Holder.invokeStaticInit(java.lang.Object, int, int, int, int)'> (0x00000000ebb5ef90) 
thrown [s\src\hotspot\share\interpreter\linkResolver.cpp, line 759]
Event: 4.716 Thread 0x000001da22c69620 Exception <a 'java/lang/NoSuchMethodError'{0x00000000ebc23390}: 'java.lang.Object java.lang.invoke.DirectMethodHandle$Holder.invokeStaticInit(java.lang.Object, java.lang.Object, int, int, int, int)'> (0x00000000ebc23390) 
thrown [s\src\hotspot\share\interpreter\linkResolver.cpp, line 759]
Event: 4.775 Thread 0x000001da22c69620 Exception <a 'sun/nio/fs/WindowsException'{0x00000000ebed5b48}> (0x00000000ebed5b48) 
thrown [s\src\hotspot\share\prims\jni.cpp, line 516]
Event: 4.869 Thread 0x000001da22c69620 Exception <a 'java/lang/ClassNotFoundException'{0x00000000eacc0e90}: com/sun/org/apache/xml/internal/serializer/spi/XMLEntitiesProvider> (0x00000000eacc0e90) 
thrown [s\src\hotspot\share\classfile\systemDictionary.cpp, line 256]

VM Operations (20 events):
Event: 3.436 Executing VM operation: ParallelGCFailedAllocation
Event: 3.438 Executing VM operation: ParallelGCFailedAllocation done
Event: 3.857 Executing VM operation: ParallelGCFailedAllocation
Event: 3.859 Executing VM operation: ParallelGCFailedAllocation done
Event: 4.063 Executing VM operation: HandshakeAllThreads
Event: 4.063 Executing VM operation: HandshakeAllThreads done
Event: 4.185 Executing VM operation: HandshakeAllThreads
Event: 4.185 Executing VM operation: HandshakeAllThreads done
Event: 4.256 Executing VM operation: HandshakeAllThreads
Event: 4.256 Executing VM operation: HandshakeAllThreads done
Event: 4.261 Executing VM operation: HandshakeAllThreads
Event: 4.261 Executing VM operation: HandshakeAllThreads done
Event: 4.265 Executing VM operation: HandshakeAllThreads
Event: 4.265 Executing VM operation: HandshakeAllThreads done
Event: 4.731 Executing VM operation: HandshakeAllThreads
Event: 4.731 Executing VM operation: HandshakeAllThreads done
Event: 4.844 Executing VM operation: ParallelGCFailedAllocation
Event: 4.846 Executing VM operation: ParallelGCFailedAllocation done
Event: 4.939 Executing VM operation: HandshakeAllThreads
Event: 4.939 Executing VM operation: HandshakeAllThreads done

Events (20 events):
Event: 4.943 loading class sun/nio/cs/MS1250 done
Event: 4.945 loading class sun/nio/cs/ISO_8859_2
Event: 4.945 loading class sun/nio/cs/ISO_8859_2 done
Event: 4.954 loading class java/io/UncheckedIOException
Event: 4.954 loading class java/io/UncheckedIOException done
Event: 4.961 loading class sun/nio/cs/ISO_8859_4
Event: 4.962 loading class sun/nio/cs/ISO_8859_4 done
Event: 4.964 loading class sun/nio/cs/ISO_8859_5
Event: 4.965 loading class sun/nio/cs/ISO_8859_5 done
Event: 4.966 loading class sun/nio/cs/ISO_8859_9
Event: 4.966 loading class sun/nio/cs/ISO_8859_9 done
Event: 4.967 loading class sun/nio/cs/ISO_8859_7
Event: 4.968 loading class sun/nio/cs/ISO_8859_7 done
Event: 4.968 loading class sun/nio/cs/IBM850
Event: 4.969 loading class sun/nio/cs/IBM850 done
Event: 4.974 loading class sun/nio/cs/SJIS
Event: 4.975 loading class sun/nio/cs/SJIS done
Event: 4.982 Thread 0x000001da2334f230 Thread added: 0x000001da2334f230
Event: 4.985 loading class sun/nio/cs/KOI8_R
Event: 4.985 loading class sun/nio/cs/KOI8_R done


Dynamic libraries:
0x00007ff7dcb10000 - 0x00007ff7dcb1e000 	c:\Users\Kiet\.vscode\extensions\redhat.java-1.30.0-win32-x64\jre\17.0.10-win32-x86_64\bin\java.exe
0x00007ffefa050000 - 0x00007ffefa266000 	C:\WINDOWS\SYSTEM32\ntdll.dll
0x00007ffef88b0000 - 0x00007ffef8974000 	C:\WINDOWS\System32\KERNEL32.DLL
0x00007ffef7640000 - 0x00007ffef79e7000 	C:\WINDOWS\System32\KERNELBASE.dll
0x00007ffef7520000 - 0x00007ffef7631000 	C:\WINDOWS\System32\ucrtbase.dll
0x00007ffef1530000 - 0x00007ffef154b000 	c:\Users\Kiet\.vscode\extensions\redhat.java-1.30.0-win32-x64\jre\17.0.10-win32-x86_64\bin\VCRUNTIME140.dll
0x00007ffeec950000 - 0x00007ffeec967000 	c:\Users\Kiet\.vscode\extensions\redhat.java-1.30.0-win32-x64\jre\17.0.10-win32-x86_64\bin\jli.dll
0x00007ffef8fe0000 - 0x00007ffef918e000 	C:\WINDOWS\System32\USER32.dll
0x00007ffee8000000 - 0x00007ffee8293000 	C:\WINDOWS\WinSxS\amd64_microsoft.windows.common-controls_6595b64144ccf1df_6.0.22621.3235_none_270f74e173860f98\COMCTL32.dll
0x00007ffef7a20000 - 0x00007ffef7a46000 	C:\WINDOWS\System32\win32u.dll
0x00007ffef8650000 - 0x00007ffef86f7000 	C:\WINDOWS\System32\msvcrt.dll
0x00007ffef8730000 - 0x00007ffef8759000 	C:\WINDOWS\System32\GDI32.dll
0x00007ffef7a50000 - 0x00007ffef7b69000 	C:\WINDOWS\System32\gdi32full.dll
0x00007ffef7b70000 - 0x00007ffef7c0a000 	C:\WINDOWS\System32\msvcp_win.dll
0x00007ffef9d00000 - 0x00007ffef9d31000 	C:\WINDOWS\System32\IMM32.DLL
0x00007ffef41f0000 - 0x00007ffef41fc000 	c:\Users\Kiet\.vscode\extensions\redhat.java-1.30.0-win32-x64\jre\17.0.10-win32-x86_64\bin\vcruntime140_1.dll
0x00007ffed2710000 - 0x00007ffed279d000 	c:\Users\Kiet\.vscode\extensions\redhat.java-1.30.0-win32-x64\jre\17.0.10-win32-x86_64\bin\msvcp140.dll
0x00007ffebc2e0000 - 0x00007ffebcf42000 	c:\Users\Kiet\.vscode\extensions\redhat.java-1.30.0-win32-x64\jre\17.0.10-win32-x86_64\bin\server\jvm.dll
0x00007ffef9360000 - 0x00007ffef9412000 	C:\WINDOWS\System32\ADVAPI32.dll
0x00007ffef8d10000 - 0x00007ffef8db8000 	C:\WINDOWS\System32\sechost.dll
0x00007ffef79f0000 - 0x00007ffef7a18000 	C:\WINDOWS\System32\bcrypt.dll
0x00007ffef8ec0000 - 0x00007ffef8fd5000 	C:\WINDOWS\System32\RPCRT4.dll
0x00007ffeef910000 - 0x00007ffeef944000 	C:\WINDOWS\SYSTEM32\WINMM.dll
0x00007ffef7240000 - 0x00007ffef728d000 	C:\WINDOWS\SYSTEM32\POWRPROF.dll
0x00007ffef22d0000 - 0x00007ffef22d9000 	C:\WINDOWS\SYSTEM32\WSOCK32.dll
0x00007ffef8370000 - 0x00007ffef83e1000 	C:\WINDOWS\System32\WS2_32.dll
0x00007ffeef450000 - 0x00007ffeef45a000 	C:\WINDOWS\SYSTEM32\VERSION.dll
0x00007ffef7220000 - 0x00007ffef7233000 	C:\WINDOWS\SYSTEM32\UMPDC.dll
0x00007ffef63b0000 - 0x00007ffef63c8000 	C:\WINDOWS\SYSTEM32\kernel.appcore.dll
0x00007ffef1520000 - 0x00007ffef152a000 	c:\Users\Kiet\.vscode\extensions\redhat.java-1.30.0-win32-x64\jre\17.0.10-win32-x86_64\bin\jimage.dll
0x00007ffef4c00000 - 0x00007ffef4e33000 	C:\WINDOWS\SYSTEM32\DBGHELP.DLL
0x00007ffef8980000 - 0x00007ffef8d08000 	C:\WINDOWS\System32\combase.dll
0x00007ffef8290000 - 0x00007ffef8367000 	C:\WINDOWS\System32\OLEAUT32.dll
0x00007ffee1050000 - 0x00007ffee1082000 	C:\WINDOWS\SYSTEM32\dbgcore.DLL
0x00007ffef7430000 - 0x00007ffef74a9000 	C:\WINDOWS\System32\bcryptPrimitives.dll
0x00007ffeec820000 - 0x00007ffeec82e000 	c:\Users\Kiet\.vscode\extensions\redhat.java-1.30.0-win32-x64\jre\17.0.10-win32-x86_64\bin\instrument.dll
0x00007ffee6790000 - 0x00007ffee67b5000 	c:\Users\Kiet\.vscode\extensions\redhat.java-1.30.0-win32-x64\jre\17.0.10-win32-x86_64\bin\java.dll
0x00007ffee8500000 - 0x00007ffee8518000 	c:\Users\Kiet\.vscode\extensions\redhat.java-1.30.0-win32-x64\jre\17.0.10-win32-x86_64\bin\zip.dll
0x00007ffef9420000 - 0x00007ffef9c7c000 	C:\WINDOWS\System32\SHELL32.dll
0x00007ffef52d0000 - 0x00007ffef5bc9000 	C:\WINDOWS\SYSTEM32\windows.storage.dll
0x00007ffef5190000 - 0x00007ffef52ce000 	C:\WINDOWS\SYSTEM32\wintypes.dll
0x00007ffef8dc0000 - 0x00007ffef8eb3000 	C:\WINDOWS\System32\SHCORE.dll
0x00007ffef9fb0000 - 0x00007ffefa00e000 	C:\WINDOWS\System32\shlwapi.dll
0x00007ffef72a0000 - 0x00007ffef72c1000 	C:\WINDOWS\SYSTEM32\profapi.dll
0x00007ffee66f0000 - 0x00007ffee6709000 	C:\Users\Kiet\.vscode\extensions\redhat.java-1.30.0-win32-x64\jre\17.0.10-win32-x86_64\bin\net.dll
0x00007ffef0820000 - 0x00007ffef0956000 	C:\WINDOWS\SYSTEM32\WINHTTP.dll
0x00007ffef6820000 - 0x00007ffef6889000 	C:\WINDOWS\system32\mswsock.dll
0x00007ffee66d0000 - 0x00007ffee66e6000 	C:\Users\Kiet\.vscode\extensions\redhat.java-1.30.0-win32-x64\jre\17.0.10-win32-x86_64\bin\nio.dll
0x00007ffeec810000 - 0x00007ffeec820000 	c:\Users\Kiet\.vscode\extensions\redhat.java-1.30.0-win32-x64\jre\17.0.10-win32-x86_64\bin\verify.dll
0x00007ffee6300000 - 0x00007ffee633e000 	C:\Users\Kiet\AppData\Roaming\Code\User\globalStorage\redhat.java\1.30.0\config_ss_win\org.eclipse.equinox.launcher\org.eclipse.equinox.launcher.win32.win32.x86_64_1.2.900.v20240213-1244\eclipse_11900.dll
0x00007ffef9190000 - 0x00007ffef9335000 	C:\WINDOWS\System32\ole32.dll
0x00007ffef6a80000 - 0x00007ffef6a9b000 	C:\WINDOWS\SYSTEM32\CRYPTSP.dll
0x00007ffef6310000 - 0x00007ffef6345000 	C:\WINDOWS\system32\rsaenh.dll
0x00007ffef6920000 - 0x00007ffef6948000 	C:\WINDOWS\SYSTEM32\USERENV.dll
0x00007ffef6aa0000 - 0x00007ffef6aac000 	C:\WINDOWS\SYSTEM32\CRYPTBASE.dll
0x00007ffef5e30000 - 0x00007ffef5e5d000 	C:\WINDOWS\SYSTEM32\IPHLPAPI.DLL
0x00007ffef9cf0000 - 0x00007ffef9cf9000 	C:\WINDOWS\System32\NSI.dll
0x00007ffef06f0000 - 0x00007ffef0709000 	C:\WINDOWS\SYSTEM32\dhcpcsvc6.DLL
0x00007ffef06d0000 - 0x00007ffef06ef000 	C:\WINDOWS\SYSTEM32\dhcpcsvc.DLL
0x00007ffef5ea0000 - 0x00007ffef5f99000 	C:\WINDOWS\SYSTEM32\DNSAPI.dll

dbghelp: loaded successfully - version: 4.0.5 - missing functions: none
symbol engine: initialized successfully - sym options: 0x614 - pdb path: .;c:\Users\Kiet\.vscode\extensions\redhat.java-1.30.0-win32-x64\jre\17.0.10-win32-x86_64\bin;C:\WINDOWS\SYSTEM32;C:\WINDOWS\WinSxS\amd64_microsoft.windows.common-controls_6595b64144ccf1df_6.0.22621.3235_none_270f74e173860f98;c:\Users\Kiet\.vscode\extensions\redhat.java-1.30.0-win32-x64\jre\17.0.10-win32-x86_64\bin\server;C:\Users\Kiet\AppData\Roaming\Code\User\globalStorage\redhat.java\1.30.0\config_ss_win\org.eclipse.equinox.launcher\org.eclipse.equinox.launcher.win32.win32.x86_64_1.2.900.v20240213-1244

VM Arguments:
jvm_args: --add-modules=ALL-SYSTEM --add-opens=java.base/java.util=ALL-UNNAMED --add-opens=java.base/java.lang=ALL-UNNAMED --add-opens=java.base/sun.nio.fs=ALL-UNNAMED -Declipse.application=org.eclipse.jdt.ls.core.id1 -Dosgi.bundles.defaultStartLevel=4 -Declipse.product=org.eclipse.jdt.ls.core.product -Djava.import.generatesMetadataFilesAtProjectRoot=false -DDetectVMInstallationsJob.disabled=true -Dfile.encoding=utf8 -XX:+UseParallelGC -XX:GCTimeRatio=4 -XX:AdaptiveSizePolicyWeight=90 -Dsun.zip.disableMemoryMapping=true -Xmx1G -Xms100m -Xlog:disable -javaagent:c:\Users\Kiet\.vscode\extensions\redhat.java-1.30.0-win32-x64\lombok\lombok-1.18.32.jar 
java_command: c:\Users\Kiet\.vscode\extensions\redhat.java-1.30.0-win32-x64\server\plugins\org.eclipse.equinox.launcher_1.6.800.v20240330-1250.jar -configuration c:\Users\Kiet\AppData\Roaming\Code\User\globalStorage\redhat.java\1.30.0\config_ss_win -data c:\Users\Kiet\AppData\Roaming\Code\User\workspaceStorage\b3b38d78d4b70df6aa0616a4b888d3ad\redhat.java\ss_ws --pipe=\\.\pipe\lsp-9aaa6a7bf24a5eed16867a4e12cc4a11-sock
java_class_path (initial): c:\Users\Kiet\.vscode\extensions\redhat.java-1.30.0-win32-x64\server\plugins\org.eclipse.equinox.launcher_1.6.800.v20240330-1250.jar
Launcher Type: SUN_STANDARD

[Global flags]
    uintx AdaptiveSizePolicyWeight                 = 90                                        {product} {command line}
     intx CICompilerCount                          = 4                                         {product} {ergonomic}
    uintx GCTimeRatio                              = 4                                         {product} {command line}
   size_t InitialHeapSize                          = 104857600                                 {product} {command line}
   size_t MaxHeapSize                              = 1073741824                                {product} {command line}
   size_t MaxNewSize                               = 357564416                                 {product} {ergonomic}
   size_t MinHeapDeltaBytes                        = 524288                                    {product} {ergonomic}
   size_t MinHeapSize                              = 104857600                                 {product} {command line}
   size_t NewSize                                  = 34603008                                  {product} {ergonomic}
    uintx NonNMethodCodeHeapSize                   = 5839372                                {pd product} {ergonomic}
    uintx NonProfiledCodeHeapSize                  = 122909434                              {pd product} {ergonomic}
   size_t OldSize                                  = 70254592                                  {product} {ergonomic}
    uintx ProfiledCodeHeapSize                     = 122909434                              {pd product} {ergonomic}
    uintx ReservedCodeCacheSize                    = 251658240                              {pd product} {ergonomic}
     bool SegmentedCodeCache                       = true                                      {product} {ergonomic}
   size_t SoftMaxHeapSize                          = 1073741824                             {manageable} {ergonomic}
     bool UseCompressedClassPointers               = true                           {product lp64_product} {ergonomic}
     bool UseCompressedOops                        = true                           {product lp64_product} {ergonomic}
     bool UseLargePagesIndividualAllocation        = false                                  {pd product} {ergonomic}
     bool UseParallelGC                            = true                                      {product} {command line}

Logging:
Log output configuration:
 #0: stdout all=off uptime,level,tags
 #1: stderr all=off uptime,level,tags

Environment Variables:
PATH=C:\Program Files\Common Files\Oracle\Java\javapath;C:\Program Files (x86)\Common Files\Oracle\Java\javapath;C:\WINDOWS\system32;C:\WINDOWS;C:\WINDOWS\System32\Wbem;C:\WINDOWS\System32\WindowsPowerShell\v1.0\;C:\WINDOWS\System32\OpenSSH\;C:\Program Files\dotnet\;C:\Program Files\Common Files\Oracle\Java\javapath;C:\Program Files\Java\jdk-11\bin;C:\Program Files (x86)\Microsoft SQL Server\160\Tools\Binn\;C:\Program Files\Microsoft SQL Server\160\Tools\Binn\;C:\Program Files\Microsoft SQL Server\Client SDK\ODBC\170\Tools\Binn\;C:\Program Files\Microsoft SQL Server\160\DTS\Binn\;C:\Program Files (x86)\Microsoft SQL Server\160\DTS\Binn\;C:\Program Files\Azure Data Studio\bin;C:\Program Files\apache-maven-3.9.6\bin;C:\Program Files\Git\cmd;C:\Program Files\nodejs\;C:\Program Files\Java\jdk-21\bin;C:\Users\Kiet\AppData\Local\Microsoft\WindowsApps;C:\Users\Kiet\AppData\Local\Programs\Microsoft VS Code\bin;C:\Users\Kiet\AppData\Local\GitHubDesktop\bin;C:\Users\Kiet\.dotnet\tools;C:\Program Files\Azure Data Studio\bin;C:\Users\Kiet\AppData\Roaming\npm
USERNAME=Kiet
OS=Windows_NT
PROCESSOR_IDENTIFIER=Intel64 Family 6 Model 126 Stepping 5, GenuineIntel
TMP=C:\Users\Kiet\AppData\Local\Temp
TEMP=C:\Users\Kiet\AppData\Local\Temp



Periodic native trim disabled


---------------  S Y S T E M  ---------------

OS:
 Windows 11 , 64 bit Build 22621 (10.0.22621.3374)
OS uptime: 0 days 6:04 hours

CPU: total 8 (initial active 8) (4 cores per cpu, 2 threads per core) family 6 model 126 stepping 5 microcode 0xa6, cx8, cmov, fxsr, ht, mmx, 3dnowpref, sse, sse2, sse3, ssse3, sse4.1, sse4.2, popcnt, lzcnt, tsc, tscinvbit, avx, avx2, aes, erms, clmul, bmi1, bmi2, adx, avx512f, avx512dq, avx512cd, avx512bw, avx512vl, sha, fma, vzeroupper, avx512_vpopcntdq, avx512_vpclmulqdq, avx512_vaes, avx512_vnni, clflush, clflushopt, avx512_vbmi2, avx512_vbmi
Processor Information for all 8 processors :
  Max Mhz: 1190, Current Mhz: 991, Mhz Limit: 987

Memory: 4k page, system-wide physical 7987M (907M free)
TotalPageFile size 10035M (AvailPageFile size 19M)
current process WorkingSet (physical memory assigned to process): 143M, peak: 143M
current process commit charge ("private bytes"): 251M, peak: 252M

vm_info: OpenJDK 64-Bit Server VM (17.0.10+7) for windows-amd64 JRE (17.0.10+7), built on Jan 16 2024 23:25:11 by "admin" with MS VC++ 16.10 / 16.11 (VS2019)

END.
