#
# There is insufficient memory for the Java Runtime Environment to continue.
# Native memory allocation (mmap) failed to map 65536 bytes for Failed to commit metaspace.
# Possible reasons:
#   The system is out of physical RAM or swap space
#   The process is running with CompressedOops enabled, and the Java Heap may be blocking the growth of the native heap
# Possible solutions:
#   Reduce memory load on the system
#   Increase physical memory or swap space
#   Check if swap backing store is full
#   Decrease Java heap size (-Xmx/-Xms)
#   Decrease number of Java threads
#   Decrease Java thread stack sizes (-Xss)
#   Set larger code cache with -XX:ReservedCodeCacheSize=
#   JVM is running with Unscaled Compressed Oops mode in which the Java heap is
#     placed in the first 4GB address space. The Java Heap base address is the
#     maximum limit for the native heap growth. Please use -XX:HeapBaseMinAddress
#     to set the Java Heap base and to place the Java Heap above 4GB virtual address.
# This output file may be truncated or incomplete.
#
#  Out of Memory Error (virtualSpaceNode.cpp:112), pid=21152, tid=16016
#
# JRE version: Java(TM) SE Runtime Environment (21.0.2+13) (build 21.0.2+13-LTS-58)
# Java VM: Java HotSpot(TM) 64-Bit Server VM (21.0.2+13-LTS-58, mixed mode, sharing, tiered, compressed oops, compressed class ptrs, g1 gc, windows-amd64)
# No core dump will be written. Minidumps are not enabled by default on client versions of Windows
#

---------------  S U M M A R Y ------------

Command Line: -XX:+ShowCodeDetailsInExceptionMessages GUI.LogIn

Host: Intel(R) Core(TM) i5-1035G1 CPU @ 1.00GHz, 8 cores, 7G,  Windows 11 , 64 bit Build 22621 (10.0.22621.3374)
Time: Sun May 12 13:44:59 2024 SE Asia Standard Time elapsed time: 1.077927 seconds (0d 0h 0m 1s)

---------------  T H R E A D  ---------------

Current thread (0x000002d4ef6eec00):  JavaThread "main"             [_thread_in_vm, id=16016, stack(0x000000dfd6200000,0x000000dfd6300000) (1024K)]

Stack: [0x000000dfd6200000,0x000000dfd6300000]
Native frames: (J=compiled Java code, j=interpreted, Vv=VM code, C=native code)
V  [jvm.dll+0x6cade9]
V  [jvm.dll+0x8569c1]
V  [jvm.dll+0x858d2e]
V  [jvm.dll+0x859413]
V  [jvm.dll+0x280e56]
V  [jvm.dll+0x8526ee]
V  [jvm.dll+0x66e705]
V  [jvm.dll+0x66e76a]
V  [jvm.dll+0x670f96]
V  [jvm.dll+0x670e62]
V  [jvm.dll+0x66f0de]
V  [jvm.dll+0x26b931]
V  [jvm.dll+0x217c33]
V  [jvm.dll+0x2180b5]
V  [jvm.dll+0x218ad1]
V  [jvm.dll+0x20dd9e]
V  [jvm.dll+0x5ad3dc]
V  [jvm.dll+0x21f76a]
V  [jvm.dll+0x7cec21]
V  [jvm.dll+0x7cfc85]
V  [jvm.dll+0x7d022f]
V  [jvm.dll+0x7cfed8]
V  [jvm.dll+0x26ed7b]
V  [jvm.dll+0x26efaa]
V  [jvm.dll+0x5d0147]
V  [jvm.dll+0x5d30ff]
V  [jvm.dll+0x3d7870]
V  [jvm.dll+0x3d6eed]
C  0x000002d487549fe0

The last pc belongs to invokestatic (printed below).
Java frames: (J=compiled Java code, j=interpreted, Vv=VM code)
j  com.sun.org.apache.xerces.internal.impl.XMLEntityScanner.skipDeclSpaces()Z+42 java.xml@21.0.2
j  com.sun.org.apache.xerces.internal.impl.XMLVersionDetector.determineDocVersion(Lcom/sun/org/apache/xerces/internal/xni/parser/XMLInputSource;)S+56 java.xml@21.0.2
j  com.sun.org.apache.xerces.internal.parsers.XML11Configuration.parse(Z)Z+43 java.xml@21.0.2
j  com.sun.org.apache.xerces.internal.parsers.XML11Configuration.parse(Lcom/sun/org/apache/xerces/internal/xni/parser/XMLInputSource;)V+30 java.xml@21.0.2
j  com.sun.org.apache.xerces.internal.parsers.XMLParser.parse(Lcom/sun/org/apache/xerces/internal/xni/parser/XMLInputSource;)V+76 java.xml@21.0.2
j  com.sun.org.apache.xerces.internal.parsers.AbstractSAXParser.parse(Lorg/xml/sax/InputSource;)V+44 java.xml@21.0.2
j  com.sun.org.apache.xerces.internal.jaxp.SAXParserImpl$JAXPSAXParser.parse(Lorg/xml/sax/InputSource;)V+53 java.xml@21.0.2
j  com.kitfox.svg.SVGUniverse.loadSVG(Ljava/net/URI;Lorg/xml/sax/InputSource;)Ljava/net/URI;+65
j  com.kitfox.svg.SVGUniverse.loadSVG(Ljava/net/URL;Z)Ljava/net/URI;+50
j  com.kitfox.svg.SVGUniverse.getDiagram(Ljava/net/URI;Z)Lcom/kitfox/svg/SVGDiagram;+83
j  com.kitfox.svg.SVGUniverse.getDiagram(Ljava/net/URI;)Lcom/kitfox/svg/SVGDiagram;+3
j  com.formdev.flatlaf.extras.FlatSVGIcon.loadSVG(Ljava/net/URI;)Lcom/kitfox/svg/SVGDiagram;+21
j  com.formdev.flatlaf.extras.FlatSVGIcon.update()V+150
j  com.formdev.flatlaf.extras.FlatSVGIcon.getIconWidth()I+17
j  javax.swing.SwingUtilities.layoutCompoundLabelImpl(Ljavax/swing/JComponent;Ljava/awt/FontMetrics;Ljava/lang/String;Ljavax/swing/Icon;IIIILjava/awt/Rectangle;Ljava/awt/Rectangle;Ljava/awt/Rectangle;I)Ljava/lang/String;+7 java.desktop@21.0.2
j  javax.swing.SwingUtilities.layoutCompoundLabel(Ljavax/swing/JComponent;Ljava/awt/FontMetrics;Ljava/lang/String;Ljavax/swing/Icon;IIIILjava/awt/Rectangle;Ljava/awt/Rectangle;Ljava/awt/Rectangle;I)Ljava/lang/String;+159 java.desktop@21.0.2
j  com.formdev.flatlaf.ui.FlatLabelUI.layoutCL(Ljavax/swing/JLabel;Ljava/awt/FontMetrics;Ljava/lang/String;Ljavax/swing/Icon;Ljava/awt/Rectangle;Ljava/awt/Rectangle;Ljava/awt/Rectangle;)Ljava/lang/String;+34
j  javax.swing.plaf.basic.BasicLabelUI.getPreferredSize(Ljavax/swing/JComponent;)Ljava/awt/Dimension;+265 java.desktop@21.0.2
j  javax.swing.JComponent.getPreferredSize()Ljava/awt/Dimension;+26 java.desktop@21.0.2
j  java.awt.FlowLayout.layoutContainer(Ljava/awt/Container;)V+127 java.desktop@21.0.2
j  java.awt.Container.layout()V+11 java.desktop@21.0.2
j  java.awt.Container.doLayout()V+1 java.desktop@21.0.2
j  java.awt.Container.validateTree()V+47 java.desktop@21.0.2
j  java.awt.Container.validateTree()V+110 java.desktop@21.0.2
j  java.awt.Container.validateTree()V+110 java.desktop@21.0.2
j  java.awt.Container.validateTree()V+110 java.desktop@21.0.2
j  java.awt.Container.validateTree()V+110 java.desktop@21.0.2
j  java.awt.Container.validate()V+60 java.desktop@21.0.2
j  java.awt.Container.validateUnconditionally()V+14 java.desktop@21.0.2
j  java.awt.Window.show()V+12 java.desktop@21.0.2
j  java.awt.Component.show(Z)V+5 java.desktop@21.0.2
j  java.awt.Component.setVisible(Z)V+2 java.desktop@21.0.2
j  java.awt.Window.setVisible(Z)V+2 java.desktop@21.0.2
j  GUI.LogIn.main([Ljava/lang/String;)V+62
v  ~StubRoutines::call_stub 0x000002d4875310e7
invokestatic  184 invokestatic  [0x000002d487549f40, 0x000002d48754a1e8]  680 bytes
[MachCode]
  0x000002d487549f40: 4883 ec08 | c5fa 1104 | 24eb 1f48 | 83ec 10c5 | fb11 0424 | eb14 4883 | ec10 4889 | 0424 48c7 
  0x000002d487549f60: 4424 0800 | 0000 00eb | 0150 4c89 | 6dc0 410f | b755 0148 | 8b4d d0c1 | e202 8b5c | d138 c1eb 
  0x000002d487549f80: 1081 e3ff | 0000 0081 | fbb8 0000 | 000f 84b4 | 0000 00bb | b800 0000 | e805 0000 | 00e9 9900 
  0x000002d487549fa0: 0000 488b | d348 8d44 | 2408 4c89 | 6dc0 498b | cfc5 f877 | 4989 afa8 | 0300 0049 | 8987 9803 
  0x000002d487549fc0: 0000 4883 | ec20 40f6 | c40f 0f84 | 1900 0000 | 4883 ec08 | 48b8 806e | 7a05 ff7f | 0000 ffd0 
  0x000002d487549fe0: 4883 c408 | e90c 0000 | 0048 b880 | 6e7a 05ff | 7f00 00ff | d048 83c4 | 2049 c787 | 9803 0000 
  0x000002d48754a000: 0000 0000 | 49c7 87a8 | 0300 0000 | 0000 0049 | c787 a003 | 0000 0000 | 0000 c5f8 | 7749 837f 
  0x000002d48754a020: 0800 0f84 | 0500 0000 | e9d3 6efe | ff4c 8b6d | c04c 8b75 | c84e 8d74 | f500 c341 | 0fb7 5501 
  0x000002d48754a040: 488b 4dd0 | c1e2 0248 | 8b5c d140 | 488b 5b08 | 488b 5b08 | 488b 5b18 | 80bb 2001 | 0000 050f 
  0x000002d48754a060: 840d 0000 | 004c 3bbb | 3001 0000 | 0f85 21ff | ffff 488b | 5cd1 408b | 54d1 50c1 | ea1c 49ba 
  0x000002d48754a080: 10c6 0106 | ff7f 0000 | 498b 14d2 | 5248 8b45 | d848 85c0 | 0f84 1200 | 0000 4883 | 4008 0148 
  0x000002d48754a0a0: 8358 0800 | 4883 c010 | 4889 45d8 | 488b 45d8 | 4885 c00f | 8423 0100 | 0080 78f0 | 0a0f 8519 
  0x000002d48754a0c0: 0100 0048 | 83c0 084c | 8b68 f841 | 83ed 0041 | 83fd 020f | 8cf8 0000 | 004c 8b6b | 0845 0fb7 
  0x000002d48754a0e0: 6d2e 4c2b | 2841 83ed | 014e 8b6c | ec08 4d85 | ed75 0748 | 8348 0801 | eb4a 458b | 6d08 49ba 
  0x000002d48754a100: 0000 008f | d402 0000 | 4d03 ea4c | 3368 0849 | f7c5 fcff | ffff 742c | 41f6 c502 | 7526 4883 
  0x000002d48754a120: 7808 0074 | 1b48 8378 | 0801 7414 | 4c33 6808 | 49f7 c5fc | ffff ff74 | 0b48 8348 | 0802 eb04 
  0x000002d48754a140: 4c89 6808 | 4883 c010 | 4c8b 68e8 | 4183 ed02 | 4183 fd02 | 0f8c 7700 | 0000 4c8b | 6b08 450f 
  0x000002d48754a160: b76d 2e4c | 2b28 4183 | ed01 4e8b | 6cec 084d | 85ed 7507 | 4883 4808 | 01eb 4a45 | 8b6d 0849 
  0x000002d48754a180: ba00 0000 | 8fd4 0200 | 004d 03ea | 4c33 6808 | 49f7 c5fc | ffff ff74 | 2c41 f6c5 | 0275 2648 
  0x000002d48754a1a0: 8378 0800 | 741b 4883 | 7808 0174 | 144c 3368 | 0849 f7c5 | fcff ffff | 740b 4883 | 4808 02eb 
  0x000002d48754a1c0: 044c 8968 | 0848 83c0 | 104c 8b68 | d841 83ed | 0441 c1e5 | 0349 03c5 | 4889 45d8 | 4c8d 6c24 
  0x000002d48754a1e0: 084c 896d | f0ff 6350 
[/MachCode]

---------------  P R O C E S S  ---------------

Threads class SMR info:
_java_thread_list=0x000002d4ffb9f580, length=16, elements={
0x000002d4ef6eec00, 0x000002d4ff229600, 0x000002d4ff22ccd0, 0x000002d4ff230970,
0x000002d4ff233e50, 0x000002d4ff237060, 0x000002d4ff2384c0, 0x000002d4ff23f030,
0x000002d4ff2432b0, 0x000002d4ff4e3a20, 0x000002d4ff5067c0, 0x000002d4ff572100,
0x000002d4ff97d5b0, 0x000002d4ff9c4730, 0x000002d4ffa52960, 0x000002d4d46a52a0
}

Java Threads: ( => current thread )
=>0x000002d4ef6eec00 JavaThread "main"                              [_thread_in_vm, id=16016, stack(0x000000dfd6200000,0x000000dfd6300000) (1024K)]
  0x000002d4ff229600 JavaThread "Reference Handler"          daemon [_thread_blocked, id=19580, stack(0x000000dfd6a00000,0x000000dfd6b00000) (1024K)]
  0x000002d4ff22ccd0 JavaThread "Finalizer"                  daemon [_thread_blocked, id=15468, stack(0x000000dfd6b00000,0x000000dfd6c00000) (1024K)]
  0x000002d4ff230970 JavaThread "Signal Dispatcher"          daemon [_thread_blocked, id=17788, stack(0x000000dfd6c00000,0x000000dfd6d00000) (1024K)]
  0x000002d4ff233e50 JavaThread "Attach Listener"            daemon [_thread_blocked, id=17464, stack(0x000000dfd6d00000,0x000000dfd6e00000) (1024K)]
  0x000002d4ff237060 JavaThread "Service Thread"             daemon [_thread_blocked, id=20344, stack(0x000000dfd6e00000,0x000000dfd6f00000) (1024K)]
  0x000002d4ff2384c0 JavaThread "Monitor Deflation Thread"   daemon [_thread_blocked, id=7260, stack(0x000000dfd6f00000,0x000000dfd7000000) (1024K)]
  0x000002d4ff23f030 JavaThread "C2 CompilerThread0"         daemon [_thread_blocked, id=13328, stack(0x000000dfd7000000,0x000000dfd7100000) (1024K)]
  0x000002d4ff2432b0 JavaThread "C1 CompilerThread0"         daemon [_thread_blocked, id=5512, stack(0x000000dfd7100000,0x000000dfd7200000) (1024K)]
  0x000002d4ff4e3a20 JavaThread "Notification Thread"        daemon [_thread_blocked, id=9740, stack(0x000000dfd7200000,0x000000dfd7300000) (1024K)]
  0x000002d4ff5067c0 JavaThread "Common-Cleaner"             daemon [_thread_blocked, id=772, stack(0x000000dfd7300000,0x000000dfd7400000) (1024K)]
  0x000002d4ff572100 JavaThread "C2 CompilerThread1"         daemon [_thread_blocked, id=3440, stack(0x000000dfd7400000,0x000000dfd7500000) (1024K)]
  0x000002d4ff97d5b0 JavaThread "Java2D Disposer"            daemon [_thread_blocked, id=5772, stack(0x000000dfd7500000,0x000000dfd7600000) (1024K)]
  0x000002d4ff9c4730 JavaThread "AWT-Shutdown"                      [_thread_blocked, id=18584, stack(0x000000dfd7700000,0x000000dfd7800000) (1024K)]
  0x000002d4ffa52960 JavaThread "AWT-Windows"                daemon [_thread_in_native, id=19148, stack(0x000000dfd7800000,0x000000dfd7900000) (1024K)]
  0x000002d4d46a52a0 JavaThread "AWT-EventQueue-0"                  [_thread_blocked, id=2416, stack(0x000000dfd7600000,0x000000dfd7700000) (1024K)]
Total: 16

Other Threads:
  0x000002d4ff209300 VMThread "VM Thread"                           [id=11608, stack(0x000000dfd6900000,0x000000dfd6a00000) (1024K)]
  0x000002d4ff1ee1d0 WatcherThread "VM Periodic Task Thread"        [id=3056, stack(0x000000dfd6800000,0x000000dfd6900000) (1024K)]
  0x000002d4f1988390 WorkerThread "GC Thread#0"                     [id=5412, stack(0x000000dfd6300000,0x000000dfd6400000) (1024K)]
  0x000002d4ff2096a0 WorkerThread "GC Thread#1"                     [id=16104, stack(0x000000dfd7900000,0x000000dfd7a00000) (1024K)]
  0x000002d4ff209a40 WorkerThread "GC Thread#2"                     [id=18980, stack(0x000000dfd7a00000,0x000000dfd7b00000) (1024K)]
  0x000002d4ff208bc0 WorkerThread "GC Thread#3"                     [id=5016, stack(0x000000dfd7b00000,0x000000dfd7c00000) (1024K)]
  0x000002d4ff2080e0 WorkerThread "GC Thread#4"                     [id=12012, stack(0x000000dfd7c00000,0x000000dfd7d00000) (1024K)]
  0x000002d4ff208480 WorkerThread "GC Thread#5"                     [id=4688, stack(0x000000dfd7d00000,0x000000dfd7e00000) (1024K)]
  0x000002d4ff208820 WorkerThread "GC Thread#6"                     [id=1316, stack(0x000000dfd7e00000,0x000000dfd7f00000) (1024K)]
  0x000002d4f1998c40 ConcurrentGCThread "G1 Main Marker"            [id=9536, stack(0x000000dfd6400000,0x000000dfd6500000) (1024K)]
  0x000002d4f199a010 WorkerThread "G1 Conc#0"                       [id=9528, stack(0x000000dfd6500000,0x000000dfd6600000) (1024K)]
  0x000002d4f19ee530 ConcurrentGCThread "G1 Refine#0"               [id=11788, stack(0x000000dfd6600000,0x000000dfd6700000) (1024K)]
  0x000002d4ff0c0150 ConcurrentGCThread "G1 Service"                [id=10340, stack(0x000000dfd6700000,0x000000dfd6800000) (1024K)]
Total: 13

Threads with active compile tasks:
Total: 0

VM state: not at safepoint (normal execution)

VM Mutex/Monitor currently owned by a thread:  ([mutex/lock_event])
[0x00007fff0600ace8] Metaspace_lock - owner thread: 0x000002d4ef6eec00

Heap address: 0x0000000083200000, size: 1998 MB, Compressed Oops mode: 32-bit

CDS archive(s) mapped at: [0x000002d48f000000-0x000002d48fc90000-0x000002d48fc90000), size 13172736, SharedBaseAddress: 0x000002d48f000000, ArchiveRelocationMode: 1.
Compressed class space mapped at: 0x000002d490000000-0x000002d4d0000000, reserved size: 1073741824
Narrow klass base: 0x000002d48f000000, Narrow klass shift: 0, Narrow klass range: 0x100000000

GC Precious Log:
 CardTable entry size: 512
 Card Set container configuration: InlinePtr #cards 5 size 8 Array Of Cards #cards 12 size 40 Howl #buckets 4 coarsen threshold 1843 Howl Bitmap #cards 512 size 80 coarsen threshold 460 Card regions per heap region 1 cards per card region 2048
 CPUs: 8 total, 8 available
 Memory: 7987M
 Large Page Support: Disabled
 NUMA Support: Disabled
 Compressed Oops: Enabled (32-bit)
 Heap Region Size: 1M
 Heap Min Capacity: 8M
 Heap Initial Capacity: 126M
 Heap Max Capacity: 1998M
 Pre-touch: Disabled
 Parallel Workers: 8
 Concurrent Workers: 2
 Concurrent Refinement Workers: 8
 Periodic GC: Disabled

Heap:
 garbage-first heap   total 129024K, used 17888K [0x0000000083200000, 0x0000000100000000)
  region size 1024K, 11 young (11264K), 3 survivors (3072K)
 Metaspace       used 11775K, committed 11968K, reserved 1114112K
  class space    used 1303K, committed 1408K, reserved 1048576K

Heap Regions: E=young(eden), S=young(survivor), O=old, HS=humongous(starts), HC=humongous(continues), CS=collection set, F=free, TAMS=top-at-mark-start, PB=parsable bottom
|   0|0x0000000083200000, 0x0000000083300000, 0x0000000083300000|100%|HS|  |TAMS 0x0000000083200000| PB 0x0000000083200000| Complete 
|   1|0x0000000083300000, 0x0000000083400000, 0x0000000083400000|100%|HC|  |TAMS 0x0000000083300000| PB 0x0000000083300000| Complete 
|   2|0x0000000083400000, 0x0000000083500000, 0x0000000083500000|100%|HS|  |TAMS 0x0000000083400000| PB 0x0000000083400000| Complete 
|   3|0x0000000083500000, 0x0000000083600000, 0x0000000083600000|100%| O|  |TAMS 0x0000000083500000| PB 0x0000000083500000| Untracked 
|   4|0x0000000083600000, 0x0000000083700000, 0x0000000083700000|100%| O|  |TAMS 0x0000000083600000| PB 0x0000000083600000| Untracked 
|   5|0x0000000083700000, 0x0000000083800000, 0x0000000083800000|100%| O|  |TAMS 0x0000000083700000| PB 0x0000000083700000| Untracked 
|   6|0x0000000083800000, 0x0000000083900000, 0x0000000083900000|100%| O|  |TAMS 0x0000000083800000| PB 0x0000000083800000| Untracked 
|   7|0x0000000083900000, 0x0000000083978000, 0x0000000083a00000| 46%| O|  |TAMS 0x0000000083900000| PB 0x0000000083900000| Untracked 
|   8|0x0000000083a00000, 0x0000000083a00000, 0x0000000083b00000|  0%| F|  |TAMS 0x0000000083a00000| PB 0x0000000083a00000| Untracked 
|   9|0x0000000083b00000, 0x0000000083b00000, 0x0000000083c00000|  0%| F|  |TAMS 0x0000000083b00000| PB 0x0000000083b00000| Untracked 
|  10|0x0000000083c00000, 0x0000000083c00000, 0x0000000083d00000|  0%| F|  |TAMS 0x0000000083c00000| PB 0x0000000083c00000| Untracked 
|  11|0x0000000083d00000, 0x0000000083d00000, 0x0000000083e00000|  0%| F|  |TAMS 0x0000000083d00000| PB 0x0000000083d00000| Untracked 
|  12|0x0000000083e00000, 0x0000000083e00000, 0x0000000083f00000|  0%| F|  |TAMS 0x0000000083e00000| PB 0x0000000083e00000| Untracked 
|  13|0x0000000083f00000, 0x0000000083f00000, 0x0000000084000000|  0%| F|  |TAMS 0x0000000083f00000| PB 0x0000000083f00000| Untracked 
|  14|0x0000000084000000, 0x0000000084000000, 0x0000000084100000|  0%| F|  |TAMS 0x0000000084000000| PB 0x0000000084000000| Untracked 
|  15|0x0000000084100000, 0x0000000084100000, 0x0000000084200000|  0%| F|  |TAMS 0x0000000084100000| PB 0x0000000084100000| Untracked 
|  16|0x0000000084200000, 0x0000000084200000, 0x0000000084300000|  0%| F|  |TAMS 0x0000000084200000| PB 0x0000000084200000| Untracked 
|  17|0x0000000084300000, 0x0000000084300000, 0x0000000084400000|  0%| F|  |TAMS 0x0000000084300000| PB 0x0000000084300000| Untracked 
|  18|0x0000000084400000, 0x0000000084400000, 0x0000000084500000|  0%| F|  |TAMS 0x0000000084400000| PB 0x0000000084400000| Untracked 
|  19|0x0000000084500000, 0x0000000084500000, 0x0000000084600000|  0%| F|  |TAMS 0x0000000084500000| PB 0x0000000084500000| Untracked 
|  20|0x0000000084600000, 0x0000000084600000, 0x0000000084700000|  0%| F|  |TAMS 0x0000000084600000| PB 0x0000000084600000| Untracked 
|  21|0x0000000084700000, 0x0000000084700000, 0x0000000084800000|  0%| F|  |TAMS 0x0000000084700000| PB 0x0000000084700000| Untracked 
|  22|0x0000000084800000, 0x0000000084800000, 0x0000000084900000|  0%| F|  |TAMS 0x0000000084800000| PB 0x0000000084800000| Untracked 
|  23|0x0000000084900000, 0x0000000084900000, 0x0000000084a00000|  0%| F|  |TAMS 0x0000000084900000| PB 0x0000000084900000| Untracked 
|  24|0x0000000084a00000, 0x0000000084a00000, 0x0000000084b00000|  0%| F|  |TAMS 0x0000000084a00000| PB 0x0000000084a00000| Untracked 
|  25|0x0000000084b00000, 0x0000000084b00000, 0x0000000084c00000|  0%| F|  |TAMS 0x0000000084b00000| PB 0x0000000084b00000| Untracked 
|  26|0x0000000084c00000, 0x0000000084c00000, 0x0000000084d00000|  0%| F|  |TAMS 0x0000000084c00000| PB 0x0000000084c00000| Untracked 
|  27|0x0000000084d00000, 0x0000000084d00000, 0x0000000084e00000|  0%| F|  |TAMS 0x0000000084d00000| PB 0x0000000084d00000| Untracked 
|  28|0x0000000084e00000, 0x0000000084e00000, 0x0000000084f00000|  0%| F|  |TAMS 0x0000000084e00000| PB 0x0000000084e00000| Untracked 
|  29|0x0000000084f00000, 0x0000000084f00000, 0x0000000085000000|  0%| F|  |TAMS 0x0000000084f00000| PB 0x0000000084f00000| Untracked 
|  30|0x0000000085000000, 0x0000000085000000, 0x0000000085100000|  0%| F|  |TAMS 0x0000000085000000| PB 0x0000000085000000| Untracked 
|  31|0x0000000085100000, 0x0000000085100000, 0x0000000085200000|  0%| F|  |TAMS 0x0000000085100000| PB 0x0000000085100000| Untracked 
|  32|0x0000000085200000, 0x0000000085200000, 0x0000000085300000|  0%| F|  |TAMS 0x0000000085200000| PB 0x0000000085200000| Untracked 
|  33|0x0000000085300000, 0x0000000085300000, 0x0000000085400000|  0%| F|  |TAMS 0x0000000085300000| PB 0x0000000085300000| Untracked 
|  34|0x0000000085400000, 0x0000000085400000, 0x0000000085500000|  0%| F|  |TAMS 0x0000000085400000| PB 0x0000000085400000| Untracked 
|  35|0x0000000085500000, 0x0000000085500000, 0x0000000085600000|  0%| F|  |TAMS 0x0000000085500000| PB 0x0000000085500000| Untracked 
|  36|0x0000000085600000, 0x0000000085600000, 0x0000000085700000|  0%| F|  |TAMS 0x0000000085600000| PB 0x0000000085600000| Untracked 
|  37|0x0000000085700000, 0x0000000085700000, 0x0000000085800000|  0%| F|  |TAMS 0x0000000085700000| PB 0x0000000085700000| Untracked 
|  38|0x0000000085800000, 0x0000000085800000, 0x0000000085900000|  0%| F|  |TAMS 0x0000000085800000| PB 0x0000000085800000| Untracked 
|  39|0x0000000085900000, 0x0000000085900000, 0x0000000085a00000|  0%| F|  |TAMS 0x0000000085900000| PB 0x0000000085900000| Untracked 
|  40|0x0000000085a00000, 0x0000000085a00000, 0x0000000085b00000|  0%| F|  |TAMS 0x0000000085a00000| PB 0x0000000085a00000| Untracked 
|  41|0x0000000085b00000, 0x0000000085b00000, 0x0000000085c00000|  0%| F|  |TAMS 0x0000000085b00000| PB 0x0000000085b00000| Untracked 
|  42|0x0000000085c00000, 0x0000000085c00000, 0x0000000085d00000|  0%| F|  |TAMS 0x0000000085c00000| PB 0x0000000085c00000| Untracked 
|  43|0x0000000085d00000, 0x0000000085d00000, 0x0000000085e00000|  0%| F|  |TAMS 0x0000000085d00000| PB 0x0000000085d00000| Untracked 
|  44|0x0000000085e00000, 0x0000000085e00000, 0x0000000085f00000|  0%| F|  |TAMS 0x0000000085e00000| PB 0x0000000085e00000| Untracked 
|  45|0x0000000085f00000, 0x0000000085f00000, 0x0000000086000000|  0%| F|  |TAMS 0x0000000085f00000| PB 0x0000000085f00000| Untracked 
|  46|0x0000000086000000, 0x0000000086000000, 0x0000000086100000|  0%| F|  |TAMS 0x0000000086000000| PB 0x0000000086000000| Untracked 
|  47|0x0000000086100000, 0x0000000086100000, 0x0000000086200000|  0%| F|  |TAMS 0x0000000086100000| PB 0x0000000086100000| Untracked 
|  48|0x0000000086200000, 0x0000000086200000, 0x0000000086300000|  0%| F|  |TAMS 0x0000000086200000| PB 0x0000000086200000| Untracked 
|  49|0x0000000086300000, 0x0000000086300000, 0x0000000086400000|  0%| F|  |TAMS 0x0000000086300000| PB 0x0000000086300000| Untracked 
|  50|0x0000000086400000, 0x0000000086400000, 0x0000000086500000|  0%| F|  |TAMS 0x0000000086400000| PB 0x0000000086400000| Untracked 
|  51|0x0000000086500000, 0x0000000086500000, 0x0000000086600000|  0%| F|  |TAMS 0x0000000086500000| PB 0x0000000086500000| Untracked 
|  52|0x0000000086600000, 0x0000000086600000, 0x0000000086700000|  0%| F|  |TAMS 0x0000000086600000| PB 0x0000000086600000| Untracked 
|  53|0x0000000086700000, 0x0000000086700000, 0x0000000086800000|  0%| F|  |TAMS 0x0000000086700000| PB 0x0000000086700000| Untracked 
|  54|0x0000000086800000, 0x0000000086800000, 0x0000000086900000|  0%| F|  |TAMS 0x0000000086800000| PB 0x0000000086800000| Untracked 
|  55|0x0000000086900000, 0x0000000086900000, 0x0000000086a00000|  0%| F|  |TAMS 0x0000000086900000| PB 0x0000000086900000| Untracked 
|  56|0x0000000086a00000, 0x0000000086a00000, 0x0000000086b00000|  0%| F|  |TAMS 0x0000000086a00000| PB 0x0000000086a00000| Untracked 
|  57|0x0000000086b00000, 0x0000000086b00000, 0x0000000086c00000|  0%| F|  |TAMS 0x0000000086b00000| PB 0x0000000086b00000| Untracked 
|  58|0x0000000086c00000, 0x0000000086c00000, 0x0000000086d00000|  0%| F|  |TAMS 0x0000000086c00000| PB 0x0000000086c00000| Untracked 
|  59|0x0000000086d00000, 0x0000000086d00000, 0x0000000086e00000|  0%| F|  |TAMS 0x0000000086d00000| PB 0x0000000086d00000| Untracked 
|  60|0x0000000086e00000, 0x0000000086e00000, 0x0000000086f00000|  0%| F|  |TAMS 0x0000000086e00000| PB 0x0000000086e00000| Untracked 
|  61|0x0000000086f00000, 0x0000000086f00000, 0x0000000087000000|  0%| F|  |TAMS 0x0000000086f00000| PB 0x0000000086f00000| Untracked 
|  62|0x0000000087000000, 0x0000000087000000, 0x0000000087100000|  0%| F|  |TAMS 0x0000000087000000| PB 0x0000000087000000| Untracked 
|  63|0x0000000087100000, 0x0000000087100000, 0x0000000087200000|  0%| F|  |TAMS 0x0000000087100000| PB 0x0000000087100000| Untracked 
|  64|0x0000000087200000, 0x0000000087200000, 0x0000000087300000|  0%| F|  |TAMS 0x0000000087200000| PB 0x0000000087200000| Untracked 
|  65|0x0000000087300000, 0x0000000087300000, 0x0000000087400000|  0%| F|  |TAMS 0x0000000087300000| PB 0x0000000087300000| Untracked 
|  66|0x0000000087400000, 0x0000000087400000, 0x0000000087500000|  0%| F|  |TAMS 0x0000000087400000| PB 0x0000000087400000| Untracked 
|  67|0x0000000087500000, 0x0000000087500000, 0x0000000087600000|  0%| F|  |TAMS 0x0000000087500000| PB 0x0000000087500000| Untracked 
|  68|0x0000000087600000, 0x0000000087600000, 0x0000000087700000|  0%| F|  |TAMS 0x0000000087600000| PB 0x0000000087600000| Untracked 
|  69|0x0000000087700000, 0x0000000087700000, 0x0000000087800000|  0%| F|  |TAMS 0x0000000087700000| PB 0x0000000087700000| Untracked 
|  70|0x0000000087800000, 0x0000000087800000, 0x0000000087900000|  0%| F|  |TAMS 0x0000000087800000| PB 0x0000000087800000| Untracked 
|  71|0x0000000087900000, 0x0000000087900000, 0x0000000087a00000|  0%| F|  |TAMS 0x0000000087900000| PB 0x0000000087900000| Untracked 
|  72|0x0000000087a00000, 0x0000000087a00000, 0x0000000087b00000|  0%| F|  |TAMS 0x0000000087a00000| PB 0x0000000087a00000| Untracked 
|  73|0x0000000087b00000, 0x0000000087b00000, 0x0000000087c00000|  0%| F|  |TAMS 0x0000000087b00000| PB 0x0000000087b00000| Untracked 
|  74|0x0000000087c00000, 0x0000000087c00000, 0x0000000087d00000|  0%| F|  |TAMS 0x0000000087c00000| PB 0x0000000087c00000| Untracked 
|  75|0x0000000087d00000, 0x0000000087d00000, 0x0000000087e00000|  0%| F|  |TAMS 0x0000000087d00000| PB 0x0000000087d00000| Untracked 
|  76|0x0000000087e00000, 0x0000000087e00000, 0x0000000087f00000|  0%| F|  |TAMS 0x0000000087e00000| PB 0x0000000087e00000| Untracked 
|  77|0x0000000087f00000, 0x0000000087f00000, 0x0000000088000000|  0%| F|  |TAMS 0x0000000087f00000| PB 0x0000000087f00000| Untracked 
|  78|0x0000000088000000, 0x0000000088000000, 0x0000000088100000|  0%| F|  |TAMS 0x0000000088000000| PB 0x0000000088000000| Untracked 
|  79|0x0000000088100000, 0x0000000088100000, 0x0000000088200000|  0%| F|  |TAMS 0x0000000088100000| PB 0x0000000088100000| Untracked 
|  80|0x0000000088200000, 0x0000000088200000, 0x0000000088300000|  0%| F|  |TAMS 0x0000000088200000| PB 0x0000000088200000| Untracked 
|  81|0x0000000088300000, 0x0000000088300000, 0x0000000088400000|  0%| F|  |TAMS 0x0000000088300000| PB 0x0000000088300000| Untracked 
|  82|0x0000000088400000, 0x0000000088400000, 0x0000000088500000|  0%| F|  |TAMS 0x0000000088400000| PB 0x0000000088400000| Untracked 
|  83|0x0000000088500000, 0x0000000088500000, 0x0000000088600000|  0%| F|  |TAMS 0x0000000088500000| PB 0x0000000088500000| Untracked 
|  84|0x0000000088600000, 0x0000000088600000, 0x0000000088700000|  0%| F|  |TAMS 0x0000000088600000| PB 0x0000000088600000| Untracked 
|  85|0x0000000088700000, 0x0000000088700000, 0x0000000088800000|  0%| F|  |TAMS 0x0000000088700000| PB 0x0000000088700000| Untracked 
|  86|0x0000000088800000, 0x0000000088800000, 0x0000000088900000|  0%| F|  |TAMS 0x0000000088800000| PB 0x0000000088800000| Untracked 
|  87|0x0000000088900000, 0x0000000088900000, 0x0000000088a00000|  0%| F|  |TAMS 0x0000000088900000| PB 0x0000000088900000| Untracked 
|  88|0x0000000088a00000, 0x0000000088a00000, 0x0000000088b00000|  0%| F|  |TAMS 0x0000000088a00000| PB 0x0000000088a00000| Untracked 
|  89|0x0000000088b00000, 0x0000000088b00000, 0x0000000088c00000|  0%| F|  |TAMS 0x0000000088b00000| PB 0x0000000088b00000| Untracked 
|  90|0x0000000088c00000, 0x0000000088c00000, 0x0000000088d00000|  0%| F|  |TAMS 0x0000000088c00000| PB 0x0000000088c00000| Untracked 
|  91|0x0000000088d00000, 0x0000000088d00000, 0x0000000088e00000|  0%| F|  |TAMS 0x0000000088d00000| PB 0x0000000088d00000| Untracked 
|  92|0x0000000088e00000, 0x0000000088e00000, 0x0000000088f00000|  0%| F|  |TAMS 0x0000000088e00000| PB 0x0000000088e00000| Untracked 
|  93|0x0000000088f00000, 0x0000000088f00000, 0x0000000089000000|  0%| F|  |TAMS 0x0000000088f00000| PB 0x0000000088f00000| Untracked 
|  94|0x0000000089000000, 0x0000000089000000, 0x0000000089100000|  0%| F|  |TAMS 0x0000000089000000| PB 0x0000000089000000| Untracked 
|  95|0x0000000089100000, 0x0000000089100000, 0x0000000089200000|  0%| F|  |TAMS 0x0000000089100000| PB 0x0000000089100000| Untracked 
|  96|0x0000000089200000, 0x0000000089200000, 0x0000000089300000|  0%| F|  |TAMS 0x0000000089200000| PB 0x0000000089200000| Untracked 
|  97|0x0000000089300000, 0x0000000089300000, 0x0000000089400000|  0%| F|  |TAMS 0x0000000089300000| PB 0x0000000089300000| Untracked 
|  98|0x0000000089400000, 0x0000000089400000, 0x0000000089500000|  0%| F|  |TAMS 0x0000000089400000| PB 0x0000000089400000| Untracked 
|  99|0x0000000089500000, 0x0000000089500000, 0x0000000089600000|  0%| F|  |TAMS 0x0000000089500000| PB 0x0000000089500000| Untracked 
| 100|0x0000000089600000, 0x0000000089700000, 0x0000000089700000|100%| S|CS|TAMS 0x0000000089600000| PB 0x0000000089600000| Complete 
| 101|0x0000000089700000, 0x0000000089800000, 0x0000000089800000|100%| S|CS|TAMS 0x0000000089700000| PB 0x0000000089700000| Complete 
| 102|0x0000000089800000, 0x0000000089900000, 0x0000000089900000|100%| S|CS|TAMS 0x0000000089800000| PB 0x0000000089800000| Complete 
| 103|0x0000000089900000, 0x0000000089900000, 0x0000000089a00000|  0%| F|  |TAMS 0x0000000089900000| PB 0x0000000089900000| Untracked 
| 104|0x0000000089a00000, 0x0000000089a00000, 0x0000000089b00000|  0%| F|  |TAMS 0x0000000089a00000| PB 0x0000000089a00000| Untracked 
| 105|0x0000000089b00000, 0x0000000089b00000, 0x0000000089c00000|  0%| F|  |TAMS 0x0000000089b00000| PB 0x0000000089b00000| Untracked 
| 106|0x0000000089c00000, 0x0000000089c00000, 0x0000000089d00000|  0%| F|  |TAMS 0x0000000089c00000| PB 0x0000000089c00000| Untracked 
| 107|0x0000000089d00000, 0x0000000089d00000, 0x0000000089e00000|  0%| F|  |TAMS 0x0000000089d00000| PB 0x0000000089d00000| Untracked 
| 108|0x0000000089e00000, 0x0000000089e00000, 0x0000000089f00000|  0%| F|  |TAMS 0x0000000089e00000| PB 0x0000000089e00000| Untracked 
| 109|0x0000000089f00000, 0x0000000089f00000, 0x000000008a000000|  0%| F|  |TAMS 0x0000000089f00000| PB 0x0000000089f00000| Untracked 
| 110|0x000000008a000000, 0x000000008a000000, 0x000000008a100000|  0%| F|  |TAMS 0x000000008a000000| PB 0x000000008a000000| Untracked 
| 111|0x000000008a100000, 0x000000008a100000, 0x000000008a200000|  0%| F|  |TAMS 0x000000008a100000| PB 0x000000008a100000| Untracked 
| 112|0x000000008a200000, 0x000000008a200000, 0x000000008a300000|  0%| F|  |TAMS 0x000000008a200000| PB 0x000000008a200000| Untracked 
| 113|0x000000008a300000, 0x000000008a300000, 0x000000008a400000|  0%| F|  |TAMS 0x000000008a300000| PB 0x000000008a300000| Untracked 
| 114|0x000000008a400000, 0x000000008a400000, 0x000000008a500000|  0%| F|  |TAMS 0x000000008a400000| PB 0x000000008a400000| Untracked 
| 115|0x000000008a500000, 0x000000008a500000, 0x000000008a600000|  0%| F|  |TAMS 0x000000008a500000| PB 0x000000008a500000| Untracked 
| 116|0x000000008a600000, 0x000000008a600000, 0x000000008a700000|  0%| F|  |TAMS 0x000000008a600000| PB 0x000000008a600000| Untracked 
| 117|0x000000008a700000, 0x000000008a700000, 0x000000008a800000|  0%| F|  |TAMS 0x000000008a700000| PB 0x000000008a700000| Untracked 
| 118|0x000000008a800000, 0x000000008a8d1398, 0x000000008a900000| 81%| E|  |TAMS 0x000000008a800000| PB 0x000000008a800000| Complete 
| 119|0x000000008a900000, 0x000000008aa00000, 0x000000008aa00000|100%| E|CS|TAMS 0x000000008a900000| PB 0x000000008a900000| Complete 
| 120|0x000000008aa00000, 0x000000008ab00000, 0x000000008ab00000|100%| E|CS|TAMS 0x000000008aa00000| PB 0x000000008aa00000| Complete 
| 121|0x000000008ab00000, 0x000000008ac00000, 0x000000008ac00000|100%| E|CS|TAMS 0x000000008ab00000| PB 0x000000008ab00000| Complete 
| 122|0x000000008ac00000, 0x000000008ad00000, 0x000000008ad00000|100%| E|CS|TAMS 0x000000008ac00000| PB 0x000000008ac00000| Complete 
| 123|0x000000008ad00000, 0x000000008ae00000, 0x000000008ae00000|100%| E|CS|TAMS 0x000000008ad00000| PB 0x000000008ad00000| Complete 
| 124|0x000000008ae00000, 0x000000008af00000, 0x000000008af00000|100%| E|CS|TAMS 0x000000008ae00000| PB 0x000000008ae00000| Complete 
| 125|0x000000008af00000, 0x000000008b000000, 0x000000008b000000|100%| E|CS|TAMS 0x000000008af00000| PB 0x000000008af00000| Complete 

Card table byte_map: [0x000002d4fa4c0000,0x000002d4fa8b0000] _byte_map_base: 0x000002d4fa0a7000

Marking Bits: (CMBitMap*) 0x000002d4f19889a0
 Bits: [0x000002d4fa8b0000, 0x000002d4fc7e8000)

Polling page: 0x000002d4f10f0000

Metaspace:

Usage:
  Non-class:     10.23 MB used.
      Class:      1.27 MB used.
       Both:     11.50 MB used.

Virtual space:
  Non-class space:       64.00 MB reserved,      10.31 MB ( 16%) committed,  1 nodes.
      Class space:        1.00 GB reserved,       1.38 MB ( <1%) committed,  1 nodes.
             Both:        1.06 GB reserved,      11.69 MB (  1%) committed. 

Chunk freelists:
   Non-Class:  5.00 MB
       Class:  14.64 MB
        Both:  19.64 MB

MaxMetaspaceSize: unlimited
CompressedClassSpaceSize: 1.00 GB
Initial GC threshold: 21.00 MB
Current GC threshold: 21.00 MB
CDS: on
 - commit_granule_bytes: 65536.
 - commit_granule_words: 8192.
 - virtual_space_node_default_size: 8388608.
 - enlarge_chunks_in_place: 1.
 - use_allocation_guard: 0.


Internal statistics:

num_allocs_failed_limit: 0.
num_arena_births: 228.
num_arena_deaths: 0.
num_vsnodes_births: 2.
num_vsnodes_deaths: 0.
num_space_committed: 187.
num_space_uncommitted: 0.
num_chunks_returned_to_freelist: 0.
num_chunks_taken_from_freelist: 353.
num_chunk_merges: 0.
num_chunk_splits: 215.
num_chunks_enlarged: 117.
num_inconsistent_stats: 0.

CodeHeap 'non-profiled nmethods': size=120000Kb used=617Kb max_used=617Kb free=119382Kb
 bounds [0x000002d487ad0000, 0x000002d487d40000, 0x000002d48f000000]
CodeHeap 'profiled nmethods': size=120000Kb used=2971Kb max_used=2971Kb free=117028Kb
 bounds [0x000002d480000000, 0x000002d4802f0000, 0x000002d487530000]
CodeHeap 'non-nmethods': size=5760Kb used=1776Kb max_used=1790Kb free=3983Kb
 bounds [0x000002d487530000, 0x000002d4877a0000, 0x000002d487ad0000]
 total_blobs=2285 nmethods=1634 adapters=556
 compilation: enabled
              stopped_count=0, restarted_count=0
 full_count=0

Compilation events (20 events):
Event: 1.060 Thread 0x000002d4ff2432b0 1625       3       java.lang.invoke.InvokerBytecodeGenerator::emitStoreResult (27 bytes)
Event: 1.060 Thread 0x000002d4ff2432b0 nmethod 1625 0x000002d4802e3590 code [0x000002d4802e3740, 0x000002d4802e3920]
Event: 1.060 Thread 0x000002d4ff2432b0 1626       3       java.lang.invoke.LambdaForm$NamedFunction::intrinsicName (21 bytes)
Event: 1.060 Thread 0x000002d4ff2432b0 nmethod 1626 0x000002d4802e3a10 code [0x000002d4802e3bc0, 0x000002d4802e3e10]
Event: 1.060 Thread 0x000002d4ff2432b0 1628       3       jdk.internal.misc.CDS::isDumpingArchive (4 bytes)
Event: 1.060 Thread 0x000002d4ff2432b0 nmethod 1628 0x000002d4802e3f10 code [0x000002d4802e40a0, 0x000002d4802e4190]
Event: 1.060 Thread 0x000002d4ff2432b0 1627       1       java.lang.invoke.DirectMethodHandle::isCrackable (5 bytes)
Event: 1.060 Thread 0x000002d4ff2432b0 nmethod 1627 0x000002d487b67f10 code [0x000002d487b680a0, 0x000002d487b68170]
Event: 1.060 Thread 0x000002d4ff2432b0 1629       3       java.util.Arrays::hashCode (56 bytes)
Event: 1.061 Thread 0x000002d4ff2432b0 nmethod 1629 0x000002d4802e4210 code [0x000002d4802e43e0, 0x000002d4802e4738]
Event: 1.061 Thread 0x000002d4ff2432b0 1630       3       java.lang.invoke.TypeConvertingMethodAdapter::descriptorToName (36 bytes)
Event: 1.061 Thread 0x000002d4ff2432b0 nmethod 1630 0x000002d4802e4890 code [0x000002d4802e4b20, 0x000002d4802e56e0]
Event: 1.062 Thread 0x000002d4ff2432b0 1631       3       java.lang.invoke.Invokers$Holder::linkToTargetMethod (9 bytes)
Event: 1.062 Thread 0x000002d4ff2432b0 nmethod 1631 0x000002d4802e5b90 code [0x000002d4802e5d60, 0x000002d4802e5fd0]
Event: 1.062 Thread 0x000002d4ff2432b0 1632       3       java.security.AccessController::executePrivileged (65 bytes)
Event: 1.062 Thread 0x000002d4ff2432b0 nmethod 1632 0x000002d4802e6090 code [0x000002d4802e6260, 0x000002d4802e6568]
Event: 1.065 Thread 0x000002d4ff2432b0 1633       3       java.security.AccessController::doPrivileged (9 bytes)
Event: 1.065 Thread 0x000002d4ff2432b0 nmethod 1633 0x000002d4802e6710 code [0x000002d4802e68e0, 0x000002d4802e6c18]
Event: 1.067 Thread 0x000002d4ff572100 nmethod 1606 0x000002d487b68210 code [0x000002d487b68480, 0x000002d487b695b0]
Event: 1.074 Thread 0x000002d4ff23f030 1634       4       java.util.ArrayList::indexOfRange (71 bytes)

GC Heap History (2 events):
Event: 0.667 GC heap before
{Heap before GC invocations=0 (full 0):
 garbage-first heap   total 129024K, used 26624K [0x0000000083200000, 0x0000000100000000)
  region size 1024K, 23 young (23552K), 0 survivors (0K)
 Metaspace       used 5549K, committed 5760K, reserved 1114112K
  class space    used 520K, committed 640K, reserved 1048576K
}
Event: 0.671 GC heap after
{Heap after GC invocations=1 (full 0):
 garbage-first heap   total 129024K, used 10720K [0x0000000083200000, 0x0000000100000000)
  region size 1024K, 3 young (3072K), 3 survivors (3072K)
 Metaspace       used 5549K, committed 5760K, reserved 1114112K
  class space    used 520K, committed 640K, reserved 1048576K
}

Dll operation events (11 events):
Event: 0.007 Loaded shared library C:\Program Files\Java\jdk-21\bin\java.dll
Event: 0.041 Loaded shared library C:\Program Files\Java\jdk-21\bin\jsvml.dll
Event: 0.099 Loaded shared library C:\Program Files\Java\jdk-21\bin\jimage.dll
Event: 0.105 Loaded shared library C:\Program Files\Java\jdk-21\bin\net.dll
Event: 0.106 Loaded shared library C:\Program Files\Java\jdk-21\bin\nio.dll
Event: 0.109 Loaded shared library C:\Program Files\Java\jdk-21\bin\zip.dll
Event: 0.185 Loaded shared library C:\Program Files\Java\jdk-21\bin\awt.dll
Event: 0.282 Loaded shared library C:\Program Files\Java\jdk-21\bin\freetype.dll
Event: 0.282 Loaded shared library C:\Program Files\Java\jdk-21\bin\fontmanager.dll
Event: 0.831 Loaded shared library C:\Users\Kiet\AppData\Local\Temp\flatlaf.temp\flatlaf-windows-x86_64-1533356764759000.dll
Event: 0.857 Loaded shared library C:\Program Files\Java\jdk-21\bin\verify.dll

Deoptimization events (20 events):
Event: 0.954 Thread 0x000002d4ef6eec00 Uncommon trap: trap_request=0xffffff45 fr.pc=0x000002d487af6478 relative=0x0000000000000198
Event: 0.954 Thread 0x000002d4ef6eec00 Uncommon trap: reason=unstable_if action=reinterpret pc=0x000002d487af6478 method=java.lang.invoke.VarHandle.checkAccessModeThenIsDirect(Ljava/lang/invoke/VarHandle$AccessDescriptor;)Z @ 4 c2
Event: 0.954 Thread 0x000002d4ef6eec00 DEOPT PACKING pc=0x000002d487af6478 sp=0x000000dfd62fe8f0
Event: 0.954 Thread 0x000002d4ef6eec00 DEOPT UNPACKING pc=0x000002d487587da2 sp=0x000000dfd62fe828 mode 2
Event: 1.044 Thread 0x000002d4ef6eec00 DEOPT PACKING pc=0x000002d48009c5fc sp=0x000000dfd62fd310
Event: 1.044 Thread 0x000002d4ef6eec00 DEOPT UNPACKING pc=0x000002d4875888e2 sp=0x000000dfd62fc748 mode 0
Event: 1.057 Thread 0x000002d4ef6eec00 Uncommon trap: trap_request=0xffffff45 fr.pc=0x000002d487b0ea20 relative=0x0000000000000100
Event: 1.057 Thread 0x000002d4ef6eec00 Uncommon trap: reason=unstable_if action=reinterpret pc=0x000002d487b0ea20 method=java.lang.ThreadLocal$ThreadLocalMap.getEntry(Ljava/lang/ThreadLocal;)Ljava/lang/ThreadLocal$ThreadLocalMap$Entry; @ 21 c2
Event: 1.057 Thread 0x000002d4ef6eec00 DEOPT PACKING pc=0x000002d487b0ea20 sp=0x000000dfd62fe270
Event: 1.057 Thread 0x000002d4ef6eec00 DEOPT UNPACKING pc=0x000002d487587da2 sp=0x000000dfd62fe210 mode 2
Event: 1.059 Thread 0x000002d4ef6eec00 Uncommon trap: trap_request=0xffffffde fr.pc=0x000002d487b39a74 relative=0x0000000000000c74
Event: 1.059 Thread 0x000002d4ef6eec00 Uncommon trap: reason=class_check action=maybe_recompile pc=0x000002d487b39a74 method=java.util.Properties$LineReader.readLine()I @ 70 c2
Event: 1.059 Thread 0x000002d4ef6eec00 DEOPT PACKING pc=0x000002d487b39a74 sp=0x000000dfd62fdfb0
Event: 1.059 Thread 0x000002d4ef6eec00 DEOPT UNPACKING pc=0x000002d487587da2 sp=0x000000dfd62fdf30 mode 2
Event: 1.059 Thread 0x000002d4ef6eec00 Uncommon trap: trap_request=0xffffffde fr.pc=0x000002d487b39a74 relative=0x0000000000000c74
Event: 1.059 Thread 0x000002d4ef6eec00 Uncommon trap: reason=class_check action=maybe_recompile pc=0x000002d487b39a74 method=java.util.Properties$LineReader.readLine()I @ 70 c2
Event: 1.059 Thread 0x000002d4ef6eec00 DEOPT PACKING pc=0x000002d487b39a74 sp=0x000000dfd62fdfb0
Event: 1.059 Thread 0x000002d4ef6eec00 DEOPT UNPACKING pc=0x000002d487587da2 sp=0x000000dfd62fdf30 mode 2
Event: 1.074 Thread 0x000002d4ef6eec00 DEOPT PACKING pc=0x000002d4800db7f0 sp=0x000000dfd62fdea0
Event: 1.074 Thread 0x000002d4ef6eec00 DEOPT UNPACKING pc=0x000002d4875888e2 sp=0x000000dfd62fd328 mode 0

Classes loaded (20 events):
Event: 1.074 Loading class com/sun/org/apache/xerces/internal/impl/ExternalSubsetResolver done
Event: 1.074 Loading class com/sun/org/apache/xerces/internal/xni/parser/XMLInputSource
Event: 1.074 Loading class com/sun/org/apache/xerces/internal/xni/parser/XMLInputSource done
Event: 1.075 Loading class com/sun/org/apache/xerces/internal/utils/XMLLimitAnalyzer
Event: 1.075 Loading class com/sun/org/apache/xerces/internal/utils/XMLLimitAnalyzer done
Event: 1.075 Loading class com/sun/org/apache/xerces/internal/impl/XMLEntityManager$RewindableInputStream
Event: 1.075 Loading class com/sun/org/apache/xerces/internal/impl/XMLEntityManager$RewindableInputStream done
Event: 1.075 Loading class com/sun/org/apache/xerces/internal/impl/XMLEntityManager$EncodingInfo
Event: 1.075 Loading class com/sun/org/apache/xerces/internal/impl/XMLEntityManager$EncodingInfo done
Event: 1.075 Loading class com/sun/org/apache/xerces/internal/impl/io/UTF8Reader
Event: 1.075 Loading class com/sun/org/apache/xerces/internal/impl/io/UTF8Reader done
Event: 1.075 Loading class com/sun/xml/internal/stream/util/ThreadLocalBufferAllocator
Event: 1.075 Loading class com/sun/xml/internal/stream/util/ThreadLocalBufferAllocator done
Event: 1.075 Loading class com/sun/xml/internal/stream/util/BufferAllocator
Event: 1.075 Loading class com/sun/xml/internal/stream/util/BufferAllocator done
Event: 1.075 Loading class com/sun/xml/internal/stream/Entity$ScannedEntity
Event: 1.075 Loading class com/sun/xml/internal/stream/Entity
Event: 1.075 Loading class com/sun/xml/internal/stream/Entity done
Event: 1.075 Loading class com/sun/xml/internal/stream/Entity$ScannedEntity done
Event: 1.075 Loading class com/sun/org/apache/xerces/internal/util/XMLChar

Classes unloaded (0 events):
No events

Classes redefined (0 events):
No events

Internal exceptions (20 events):
Event: 0.656 Thread 0x000002d4ef6eec00 Exception <a 'java/lang/NoSuchMethodError'{0x00000000899a8048}: 'int java.lang.invoke.DirectMethodHandle$Holder.invokeStatic(java.lang.Object)'> (0x00000000899a8048) 
thrown [s\open\src\hotspot\share\interpreter\linkResolver.cpp, line 773]
Event: 0.754 Thread 0x000002d4ef6eec00 Exception <a 'java/lang/NoSuchMethodError'{0x000000008aee4da0}: 'java.lang.Object java.lang.invoke.Invokers$Holder.invokeExact_MT(java.lang.Object, java.lang.Object, java.lang.Object, java.lang.Object, java.lang.Object, java.lang.Object)'> (0x000000008aee4da0) 
thrown [s\open\src\hotspot\share\interpreter\linkResolver.cpp, line 773]
Event: 0.766 Thread 0x000002d4ef6eec00 Implicit null exception at 0x000002d487b11166 to 0x000002d487b1120a
Event: 0.766 Thread 0x000002d4ef6eec00 Implicit null exception at 0x000002d487b3673a to 0x000002d487b369ac
Event: 0.767 Thread 0x000002d4ef6eec00 Implicit null exception at 0x000002d487afdebd to 0x000002d487afdf41
Event: 0.782 Thread 0x000002d4ef6eec00 Exception <a 'java/lang/NoSuchMethodError'{0x000000008ad77d50}: 'int java.lang.invoke.Invokers$Holder.invokeExact_MT(java.lang.Object, java.lang.Object)'> (0x000000008ad77d50) 
thrown [s\open\src\hotspot\share\interpreter\linkResolver.cpp, line 773]
Event: 0.792 Thread 0x000002d4ef6eec00 Exception <a 'sun/nio/fs/WindowsException'{0x000000008ad9ccb0}> (0x000000008ad9ccb0) 
thrown [s\open\src\hotspot\share\prims\jni.cpp, line 520]
Event: 0.876 Thread 0x000002d4ef6eec00 Exception <a 'java/lang/NoSuchMethodError'{0x000000008ac8c5a8}: 'java.lang.Object java.lang.invoke.DirectMethodHandle$Holder.invokeVirtual(java.lang.Object, java.lang.Object, java.lang.Object, java.lang.Object)'> (0x000000008ac8c5a8) 
thrown [s\open\src\hotspot\share\interpreter\linkResolver.cpp, line 773]
Event: 0.924 Thread 0x000002d4ef6eec00 Exception <a 'java/lang/NoSuchMethodError'{0x000000008ab5a088}: 'int java.lang.invoke.DirectMethodHandle$Holder.invokeVirtual(java.lang.Object, java.lang.Object)'> (0x000000008ab5a088) 
thrown [s\open\src\hotspot\share\interpreter\linkResolver.cpp, line 773]
Event: 0.924 Thread 0x000002d4ef6eec00 Exception <a 'java/lang/NoSuchMethodError'{0x000000008ab5e208}: 'int java.lang.invoke.DirectMethodHandle$Holder.invokeSpecial(java.lang.Object, java.lang.Object, java.lang.Object)'> (0x000000008ab5e208) 
thrown [s\open\src\hotspot\share\interpreter\linkResolver.cpp, line 773]
Event: 0.925 Thread 0x000002d4ef6eec00 Exception <a 'java/lang/NoSuchMethodError'{0x000000008ab68d60}: 'void java.lang.invoke.DirectMethodHandle$Holder.invokeVirtual(java.lang.Object, java.lang.Object, int)'> (0x000000008ab68d60) 
thrown [s\open\src\hotspot\share\interpreter\linkResolver.cpp, line 773]
Event: 0.926 Thread 0x000002d4ef6eec00 Exception <a 'java/lang/NoSuchMethodError'{0x000000008ab6d028}: 'int java.lang.invoke.DirectMethodHandle$Holder.invokeSpecial(java.lang.Object, java.lang.Object, java.lang.Object, int)'> (0x000000008ab6d028) 
thrown [s\open\src\hotspot\share\interpreter\linkResolver.cpp, line 773]
Event: 0.927 Thread 0x000002d4ef6eec00 Exception <a 'java/lang/NoSuchMethodError'{0x000000008ab7f618}: 'java.lang.Object java.lang.invoke.DirectMethodHandle$Holder.invokeStatic(java.lang.Object, java.lang.Object, java.lang.Object, java.lang.Object, int)'> (0x000000008ab7f618) 
thrown [s\open\src\hotspot\share\interpreter\linkResolver.cpp, line 773]
Event: 0.929 Thread 0x000002d4ef6eec00 Exception <a 'java/lang/NoSuchMethodError'{0x000000008ab8a1e0}: 'void java.lang.invoke.DelegatingMethodHandle$Holder.reinvoke_L(java.lang.Object, java.lang.Object, int)'> (0x000000008ab8a1e0) 
thrown [s\open\src\hotspot\share\interpreter\linkResolver.cpp, line 773]
Event: 0.937 Thread 0x000002d4ef6eec00 Exception <a 'java/lang/NoSuchMethodError'{0x000000008abb8198}: 'void java.lang.invoke.Invokers$Holder.invokeExact_MT(java.lang.Object, java.lang.Object, java.lang.Object, java.lang.Object)'> (0x000000008abb8198) 
thrown [s\open\src\hotspot\share\interpreter\linkResolver.cpp, line 773]
Event: 0.941 Thread 0x000002d4ef6eec00 Exception <a 'java/lang/NoSuchMethodError'{0x000000008abd0a88}: 'void java.lang.invoke.DirectMethodHandle$Holder.invokeSpecial(java.lang.Object, java.lang.Object, java.lang.Object, java.lang.Object, java.lang.Object)'> (0x000000008abd0a88) 
thrown [s\open\src\hotspot\share\interpreter\linkResolver.cpp, line 773]
Event: 0.943 Thread 0x000002d4ef6eec00 Exception <a 'java/lang/NoSuchMethodError'{0x000000008abde8f8}: 'int java.lang.invoke.Invokers$Holder.invokeExact_MT(java.lang.Object, java.lang.Object, java.lang.Object)'> (0x000000008abde8f8) 
thrown [s\open\src\hotspot\share\interpreter\linkResolver.cpp, line 773]
Event: 0.965 Thread 0x000002d4ffa52960 Exception <a 'java/lang/NoSuchMethodError'{0x000000008aa2c8a8}: 'void java.lang.invoke.DirectMethodHandle$Holder.invokeVirtual(java.lang.Object, java.lang.Object)'> (0x000000008aa2c8a8) 
thrown [s\open\src\hotspot\share\interpreter\linkResolver.cpp, line 773]
Event: 0.976 Thread 0x000002d4ef6eec00 Exception <a 'java/lang/NoSuchMethodError'{0x000000008aa67650}: 'void java.lang.invoke.DirectMethodHandle$Holder.invokeStaticInit(java.lang.Object)'> (0x000000008aa67650) 
thrown [s\open\src\hotspot\share\interpreter\linkResolver.cpp, line 773]
Event: 1.057 Thread 0x000002d4ef6eec00 Implicit null exception at 0x000002d487b0e97e to 0x000002d487b0ea08

ZGC Phase Switch (0 events):
No events

VM Operations (20 events):
Event: 0.110 Executing VM operation: HandshakeAllThreads (Deoptimize)
Event: 0.110 Executing VM operation: HandshakeAllThreads (Deoptimize) done
Event: 0.207 Executing VM operation: HandshakeAllThreads (Deoptimize)
Event: 0.207 Executing VM operation: HandshakeAllThreads (Deoptimize) done
Event: 0.598 Executing VM operation: HandshakeAllThreads (Deoptimize)
Event: 0.598 Executing VM operation: HandshakeAllThreads (Deoptimize) done
Event: 0.661 Executing VM operation: HandshakeAllThreads (Deoptimize)
Event: 0.661 Executing VM operation: HandshakeAllThreads (Deoptimize) done
Event: 0.667 Executing VM operation: G1CollectForAllocation (G1 Evacuation Pause)
Event: 0.671 Executing VM operation: G1CollectForAllocation (G1 Evacuation Pause) done
Event: 0.752 Executing VM operation: HandshakeAllThreads (Deoptimize)
Event: 0.752 Executing VM operation: HandshakeAllThreads (Deoptimize) done
Event: 0.798 Executing VM operation: HandshakeAllThreads (Deoptimize)
Event: 0.798 Executing VM operation: HandshakeAllThreads (Deoptimize) done
Event: 0.952 Executing VM operation: HandshakeAllThreads (Deoptimize)
Event: 0.952 Executing VM operation: HandshakeAllThreads (Deoptimize) done
Event: 0.952 Executing VM operation: HandshakeAllThreads (Deoptimize)
Event: 0.952 Executing VM operation: HandshakeAllThreads (Deoptimize) done
Event: 1.067 Executing VM operation: HandshakeAllThreads (Deoptimize)
Event: 1.067 Executing VM operation: HandshakeAllThreads (Deoptimize) done

Events (18 events):
Event: 0.022 Thread 0x000002d4ef6eec00 Thread added: 0x000002d4ef6eec00
Event: 0.038 Thread 0x000002d4ff229600 Thread added: 0x000002d4ff229600
Event: 0.039 Thread 0x000002d4ff22ccd0 Thread added: 0x000002d4ff22ccd0
Event: 0.039 Thread 0x000002d4ff230970 Thread added: 0x000002d4ff230970
Event: 0.039 Thread 0x000002d4ff233e50 Thread added: 0x000002d4ff233e50
Event: 0.039 Thread 0x000002d4ff237060 Thread added: 0x000002d4ff237060
Event: 0.039 Thread 0x000002d4ff2384c0 Thread added: 0x000002d4ff2384c0
Event: 0.039 Thread 0x000002d4ff23f030 Thread added: 0x000002d4ff23f030
Event: 0.039 Thread 0x000002d4ff2432b0 Thread added: 0x000002d4ff2432b0
Event: 0.077 Thread 0x000002d4ff4e3a20 Thread added: 0x000002d4ff4e3a20
Event: 0.082 Thread 0x000002d4ff5067c0 Thread added: 0x000002d4ff5067c0
Event: 0.123 Thread 0x000002d4ff572100 Thread added: 0x000002d4ff572100
Event: 0.287 Thread 0x000002d4ff97d5b0 Thread added: 0x000002d4ff97d5b0
Event: 0.572 Thread 0x000002d4d4a50030 Thread added: 0x000002d4d4a50030
Event: 0.604 Thread 0x000002d4ff9c4730 Thread added: 0x000002d4ff9c4730
Event: 0.605 Thread 0x000002d4ffa52960 Thread added: 0x000002d4ffa52960
Event: 0.854 Thread 0x000002d4d4a50030 Thread exited: 0x000002d4d4a50030
Event: 0.956 Thread 0x000002d4d46a52a0 Thread added: 0x000002d4d46a52a0


Dynamic libraries:
0x00007ff76d7d0000 - 0x00007ff76d7e0000 	C:\Program Files\Java\jdk-21\bin\java.exe
0x00007fff4ae10000 - 0x00007fff4b026000 	C:\WINDOWS\SYSTEM32\ntdll.dll
0x00007fff49db0000 - 0x00007fff49e74000 	C:\WINDOWS\System32\KERNEL32.DLL
0x00007fff48480000 - 0x00007fff48827000 	C:\WINDOWS\System32\KERNELBASE.dll
0x00007fff48980000 - 0x00007fff48a91000 	C:\WINDOWS\System32\ucrtbase.dll
0x00007fff41c80000 - 0x00007fff41c9b000 	C:\Program Files\Java\jdk-21\bin\VCRUNTIME140.dll
0x00007fff41050000 - 0x00007fff41069000 	C:\Program Files\Java\jdk-21\bin\jli.dll
0x00007fff49ec0000 - 0x00007fff49f72000 	C:\WINDOWS\System32\ADVAPI32.dll
0x00007fff4a6a0000 - 0x00007fff4a747000 	C:\WINDOWS\System32\msvcrt.dll
0x00007fff4a780000 - 0x00007fff4a828000 	C:\WINDOWS\System32\sechost.dll
0x00007fff48950000 - 0x00007fff48978000 	C:\WINDOWS\System32\bcrypt.dll
0x00007fff4a280000 - 0x00007fff4a395000 	C:\WINDOWS\System32\RPCRT4.dll
0x00007fff4a830000 - 0x00007fff4a9de000 	C:\WINDOWS\System32\USER32.dll
0x00007fff47400000 - 0x00007fff47693000 	C:\WINDOWS\WinSxS\amd64_microsoft.windows.common-controls_6595b64144ccf1df_6.0.22621.3235_none_270f74e173860f98\COMCTL32.dll
0x00007fff48aa0000 - 0x00007fff48ac6000 	C:\WINDOWS\System32\win32u.dll
0x00007fff49e90000 - 0x00007fff49eb9000 	C:\WINDOWS\System32\GDI32.dll
0x00007fff48830000 - 0x00007fff48949000 	C:\WINDOWS\System32\gdi32full.dll
0x00007fff483e0000 - 0x00007fff4847a000 	C:\WINDOWS\System32\msvcp_win.dll
0x00007fff3f170000 - 0x00007fff3f17a000 	C:\WINDOWS\SYSTEM32\VERSION.dll
0x00007fff4ad90000 - 0x00007fff4adc1000 	C:\WINDOWS\System32\IMM32.DLL
0x00007fff42820000 - 0x00007fff4282c000 	C:\Program Files\Java\jdk-21\bin\vcruntime140_1.dll
0x00007fff131f0000 - 0x00007fff1327e000 	C:\Program Files\Java\jdk-21\bin\msvcp140.dll
0x00007fff053d0000 - 0x00007fff060e7000 	C:\Program Files\Java\jdk-21\bin\server\jvm.dll
0x00007fff4a620000 - 0x00007fff4a691000 	C:\WINDOWS\System32\WS2_32.dll
0x00007fff48000000 - 0x00007fff4804d000 	C:\WINDOWS\SYSTEM32\POWRPROF.dll
0x00007fff40af0000 - 0x00007fff40b24000 	C:\WINDOWS\SYSTEM32\WINMM.dll
0x00007fff47fe0000 - 0x00007fff47ff3000 	C:\WINDOWS\SYSTEM32\UMPDC.dll
0x00007fff46a90000 - 0x00007fff46aa8000 	C:\WINDOWS\SYSTEM32\kernel.appcore.dll
0x00007fff42780000 - 0x00007fff4278a000 	C:\Program Files\Java\jdk-21\bin\jimage.dll
0x00007fff479c0000 - 0x00007fff47bf3000 	C:\WINDOWS\SYSTEM32\DBGHELP.DLL
0x00007fff4a9e0000 - 0x00007fff4ad68000 	C:\WINDOWS\System32\combase.dll
0x00007fff48bc0000 - 0x00007fff48c97000 	C:\WINDOWS\System32\OLEAUT32.dll
0x00007fff47880000 - 0x00007fff478b2000 	C:\WINDOWS\SYSTEM32\dbgcore.DLL
0x00007fff48360000 - 0x00007fff483d9000 	C:\WINDOWS\System32\bcryptPrimitives.dll
0x00007fff408b0000 - 0x00007fff408cf000 	C:\Program Files\Java\jdk-21\bin\java.dll
0x00007fff490d0000 - 0x00007fff4992c000 	C:\WINDOWS\System32\SHELL32.dll
0x00007fff456b0000 - 0x00007fff45fa9000 	C:\WINDOWS\SYSTEM32\windows.storage.dll
0x00007fff45570000 - 0x00007fff456ae000 	C:\WINDOWS\SYSTEM32\wintypes.dll
0x00007fff4a170000 - 0x00007fff4a263000 	C:\WINDOWS\System32\SHCORE.dll
0x00007fff4a3a0000 - 0x00007fff4a3fe000 	C:\WINDOWS\System32\shlwapi.dll
0x00007fff48060000 - 0x00007fff48081000 	C:\WINDOWS\SYSTEM32\profapi.dll
0x00007fff0dcf0000 - 0x00007fff0ddc7000 	C:\Program Files\Java\jdk-21\bin\jsvml.dll
0x00007fff42710000 - 0x00007fff42720000 	C:\Program Files\Java\jdk-21\bin\net.dll
0x00007fff413a0000 - 0x00007fff414d6000 	C:\WINDOWS\SYSTEM32\WINHTTP.dll
0x00007fff46ec0000 - 0x00007fff46f29000 	C:\WINDOWS\system32\mswsock.dll
0x00007fff37670000 - 0x00007fff37686000 	C:\Program Files\Java\jdk-21\bin\nio.dll
0x00007fff369d0000 - 0x00007fff369e8000 	C:\Program Files\Java\jdk-21\bin\zip.dll
0x00007fff0b420000 - 0x00007fff0b5af000 	C:\Program Files\Java\jdk-21\bin\awt.dll
0x00007fff445e0000 - 0x00007fff44677000 	C:\WINDOWS\SYSTEM32\apphelp.dll
0x00007fff47ce0000 - 0x00007fff47cfb000 	C:\WINDOWS\SYSTEM32\CRYPTSP.dll
0x00007fff46890000 - 0x00007fff468c5000 	C:\WINDOWS\system32\rsaenh.dll
0x00007fff47150000 - 0x00007fff47178000 	C:\WINDOWS\SYSTEM32\USERENV.dll
0x00007fff47180000 - 0x00007fff4718c000 	C:\WINDOWS\SYSTEM32\CRYPTBASE.dll
0x00007fff46370000 - 0x00007fff4639d000 	C:\WINDOWS\SYSTEM32\IPHLPAPI.DLL
0x00007fff4a270000 - 0x00007fff4a279000 	C:\WINDOWS\System32\NSI.dll
0x00007fff1e800000 - 0x00007fff1e887000 	C:\Program Files\Java\jdk-21\bin\freetype.dll
0x00007fff15de0000 - 0x00007fff15ec2000 	C:\Program Files\Java\jdk-21\bin\fontmanager.dll
0x00007fff45020000 - 0x00007fff4504b000 	C:\WINDOWS\system32\DWMAPI.DLL
0x00007fff447a0000 - 0x00007fff4484b000 	C:\WINDOWS\system32\uxtheme.dll
0x00007fff49f80000 - 0x00007fff4a0d3000 	C:\WINDOWS\System32\MSCTF.dll
0x00007fff48f20000 - 0x00007fff490c5000 	C:\WINDOWS\System32\ole32.dll
0x00007fff36af0000 - 0x00007fff36bf0000 	C:\WINDOWS\system32\opengl32.dll
0x00007fff41c40000 - 0x00007fff41c6d000 	C:\WINDOWS\SYSTEM32\GLU32.dll
0x00007fff44960000 - 0x00007fff44999000 	C:\WINDOWS\SYSTEM32\dxcore.dll
0x00007fff47940000 - 0x00007fff47946000 	C:\Users\Kiet\AppData\Local\Temp\flatlaf.temp\flatlaf-windows-x86_64-1533356764759000.dll
0x00007fff408a0000 - 0x00007fff408b0000 	C:\Program Files\Java\jdk-21\bin\verify.dll
0x00007fff48e60000 - 0x00007fff48f10000 	C:\WINDOWS\System32\clbcatq.dll
0x00007fff429b0000 - 0x00007fff42b60000 	C:\WINDOWS\SYSTEM32\WindowsCodecs.dll
0x00007fff37760000 - 0x00007fff377be000 	C:\WINDOWS\system32\dataexchange.dll
0x00007fff3ebe0000 - 0x00007fff3ee6e000 	C:\WINDOWS\system32\twinapi.appcore.dll
0x00007fff44590000 - 0x00007fff44597000 	C:\Program Files\Java\jdk-21\bin\jawt.dll

dbghelp: loaded successfully - version: 4.0.5 - missing functions: none
symbol engine: initialized successfully - sym options: 0x614 - pdb path: .;C:\Program Files\Java\jdk-21\bin;C:\WINDOWS\SYSTEM32;C:\WINDOWS\WinSxS\amd64_microsoft.windows.common-controls_6595b64144ccf1df_6.0.22621.3235_none_270f74e173860f98;C:\Program Files\Java\jdk-21\bin\server;C:\Users\Kiet\AppData\Local\Temp\flatlaf.temp

VM Arguments:
jvm_args: -XX:+ShowCodeDetailsInExceptionMessages 
java_command: GUI.LogIn
java_class_path (initial): C:\Users\Kiet\AppData\Roaming\Code\User\workspaceStorage\b3b38d78d4b70df6aa0616a4b888d3ad\redhat.java\jdt_ws\DoAnJavaa_c8713cb1\bin;c:\Users\Kiet\Desktop\DoAnJavaa\lib\lib\commons-codec-1.15.jar;c:\Users\Kiet\Desktop\DoAnJavaa\lib\lib\log4j-api-2.18.0.jar;c:\Users\Kiet\Desktop\DoAnJavaa\lib\mysql-connector.jar;c:\Users\Kiet\Desktop\DoAnJavaa\lib\kotlin-stdlib-common-1.4.0.jar;c:\Users\Kiet\Desktop\DoAnJavaa\lib\poi-ooxml-3.17.jar;c:\Users\Kiet\Desktop\DoAnJavaa\lib\lib\commons-compress-1.21.jar;c:\Users\Kiet\Desktop\DoAnJavaa\lib\poi-3.17.jar;c:\Users\Kiet\Desktop\DoAnJavaa\lib\lib\poi-ooxml-full-5.2.3.jar;c:\Users\Kiet\Desktop\DoAnJavaa\lib\lib\commons-collections4-4.4.jar;c:\Users\Kiet\Desktop\DoAnJavaa\lib\lib\poi-excelant-5.2.3.jar;c:\Users\Kiet\Desktop\DoAnJavaa\lib\lib\poi-ooxml-lite-5.2.3.jar;c:\Users\Kiet\Desktop\DoAnJavaa\lib\mssql-jdbc-8.4.1.jre14.jar;c:\Users\Kiet\Desktop\DoAnJavaa\lib\mysql-connector-java-8.0.30.jar;c:\Users\Kiet\Desktop\DoAnJavaa\lib\zxing-1.7-javase.jar;c:\Users\Kiet\Desktop\DoAnJavaa\lib\xmlbeans-xmlpublic-2.0-dev-2.jar;c:\Users\Kiet\Desktop\DoAnJavaa\lib\jcalendar-1.4.jar;c:\Users\Kiet\Desktop\DoAnJavaa\lib\log4j-core-2.20.0.jar;c:\Users\Kiet\Desktop\DoAnJavaa\lib\flatlaf-extras-3.1.jar;c:\Users\Kiet\Desktop\DoAnJavaa\lib\svgSalamander-1.1.4.jar;c:\Users\Kiet\Desktop\DoAnJavaa\lib\zxing-core-2.0.jar;c:\Users\Kiet\Desktop\DoAnJavaa\lib\slf4j-api-1.7.2.jar;c:\Users\Kiet\Desktop\DoAnJavaa\lib\swingx-1.6.1.jar;c:\Users\Kiet\Desktop\DoAnJavaa\lib\lib\poi-examples-5.2.3.jar;c:\Users\Kiet\Desktop\DoAnJavaa\lib\slf4j-simple-1.7.25.jar;c:\Users\Kiet\Desktop\DoAnJavaa\lib\lib\poi-javadoc-5.2.3.jar;c:\Users\Kiet\Desktop\DoAnJavaa\lib\slf4j-api-1.7.25.jar;c:\Users\Kiet\Desktop\DoAnJavaa\lib\swingx-all-1.6.4.jar;c:\Users\Kiet\Desktop\DoAnJavaa\lib\TimingFramework-0.55.jar;c:\Users\Kiet\Desktop\DoAnJavaa\lib\lib\curvesapi-1.07.jar;c:\Users\Kiet\Desktop\DoAnJavaa\lib\lib\xmlbeans-5.1.1.jar;c:\Users\Kiet\Desktop\DoAnJavaa\lib\mssql-jdbc-9.4.0.jre11.jar;c:\Users\Kiet\Desktop\DoAnJavaa\lib\lib\jakarta.activation-2.0.1.jar;c:\Users\Kiet\Desktop\DoAnJavaa\lib\flatlaf-3.3.jar;c:\Users\Kiet\Desktop\DoAnJavaa\lib\java-dotenv-5.1.3.jar;c:\Users\Kiet\Desktop\DoAnJavaa\lib\filters-2.0.235.jar;c:\Users\Kiet\Desktop\DoAnJavaa\lib\activation.jar;c:\Users\Kiet\Desktop\DoAnJavaa\lib\kotlin-runtime-1.2.71.jar;c:\Users\Kiet\Desktop\DoAnJavaa\lib\lib\jakarta.xml.bind-api-3.0.1.jar;c:\Users\Kiet\Desktop\DoAnJavaa\lib\kotlin-stdlib-1.4.0.jar;c:\Users\Kiet\Desktop\DoAnJavaa\lib\java-dotenv-5.2.2.jar;c:\Users\Kiet\Desktop\DoAnJavaa\lib\bridj-0.7.0.jar;c:\Users\Kiet\Desktop\DoAnJavaa\lib\lib\commons-io-2.11.0.jar;c:\Users\Kiet\Desktop\DoAnJavaa\lib\xmlbeans-3.1.0.jar;c:\Users\Kiet\Desktop\DoAnJavaa\lib\lib\SparseBitSet-1.2.jar;c:\Users\Kiet\Desktop\DoAnJavaa\lib\miglayout-4.0.jar;c:\Users\Kiet\Desktop\DoAnJavaa\lib\com.sun.net.ssl.jar;c:\Users\Kiet\Desktop\DoAnJavaa\lib\lib\poi-ooxml-5.2.3.jar;c:\Users\Kiet\Desktop\DoAnJavaa\lib\javase-3.3.0.jar;c:\Users\Kiet\Desktop\DoAnJavaa\lib\lib\commons-logging-1.2.jar;c:\Users\Kiet\Desktop\DoAnJavaa\lib\xmlbeans-2.3.0.jar;c:\Users\Kiet\Desktop\DoAnJavaa\lib\webcam-capture-0.3.12.jar;c:\Users\Kiet\Desktop\DoAnJavaa\lib\core-3.3.0.jar;c:\Users\Kiet\Desktop\DoAnJavaa\lib\lib\commons-math3-3.6.1.jar;c:\Users\Kiet\Desktop\DoAnJavaa\lib\lib\slf4j-api-1.7.36.jar;c:\Users\Kiet\Desktop\DoAnJavaa\lib\lib\poi-5.2.3.jar;c:\Users\Kiet\Desktop\DoAnJavaa\lib\flatlaf-fonts-roboto-2.137.jar;c:\Users\Kiet\Desktop\DoAnJavaa\lib\swing-worker-1.1.jar;c:\Users\Kiet\Desktop\DoAnJavaa\lib\kotlin-stdlib-1.5.31.jar;c:\Users\Kiet\Desktop\DoAnJavaa\lib\lib\poi-scratchpad-5.2.3.jar;c:\Users\Kiet\Desktop\DoAnJavaa\lib\javax.activation-1.2.0.jar;c:\Users\Kiet\Desktop\DoAnJavaa\lib\itextpdf-5.5.12.jar;c:\Users\Kiet\Desktop\DoAnJavaa\lib\javax.mail.jar
Launcher Type: SUN_STANDARD

[Global flags]
     intx CICompilerCount                          = 4                                         {product} {ergonomic}
     uint ConcGCThreads                            = 2                                         {product} {ergonomic}
     uint G1ConcRefinementThreads                  = 8                                         {product} {ergonomic}
   size_t G1HeapRegionSize                         = 1048576                                   {product} {ergonomic}
    uintx GCDrainStackTargetSize                   = 64                                        {product} {ergonomic}
   size_t InitialHeapSize                          = 132120576                                 {product} {ergonomic}
   size_t MarkStackSize                            = 4194304                                   {product} {ergonomic}
   size_t MaxHeapSize                              = 2095054848                                {product} {ergonomic}
   size_t MaxNewSize                               = 1256194048                                {product} {ergonomic}
   size_t MinHeapDeltaBytes                        = 1048576                                   {product} {ergonomic}
   size_t MinHeapSize                              = 8388608                                   {product} {ergonomic}
    uintx NonNMethodCodeHeapSize                   = 5839372                                {pd product} {ergonomic}
    uintx NonProfiledCodeHeapSize                  = 122909434                              {pd product} {ergonomic}
    uintx ProfiledCodeHeapSize                     = 122909434                              {pd product} {ergonomic}
    uintx ReservedCodeCacheSize                    = 251658240                              {pd product} {ergonomic}
     bool SegmentedCodeCache                       = true                                      {product} {ergonomic}
     bool ShowCodeDetailsInExceptionMessages       = true                                   {manageable} {command line}
   size_t SoftMaxHeapSize                          = 2095054848                             {manageable} {ergonomic}
     bool UseCompressedOops                        = true                           {product lp64_product} {ergonomic}
     bool UseG1GC                                  = true                                      {product} {ergonomic}
     bool UseLargePagesIndividualAllocation        = false                                  {pd product} {ergonomic}

Logging:
Log output configuration:
 #0: stdout all=warning uptime,level,tags foldmultilines=false
 #1: stderr all=off uptime,level,tags foldmultilines=false

Environment Variables:
PATH=C:\Program Files\Common Files\Oracle\Java\javapath;C:\Program Files (x86)\Common Files\Oracle\Java\javapath;C:\WINDOWS\system32;C:\WINDOWS;C:\WINDOWS\System32\Wbem;C:\WINDOWS\System32\WindowsPowerShell\v1.0\;C:\WINDOWS\System32\OpenSSH\;C:\Program Files\dotnet\;C:\Program Files\Common Files\Oracle\Java\javapath;C:\Program Files\Java\jdk-11\bin;C:\Program Files (x86)\Microsoft SQL Server\160\Tools\Binn\;C:\Program Files\Microsoft SQL Server\160\Tools\Binn\;C:\Program Files\Microsoft SQL Server\Client SDK\ODBC\170\Tools\Binn\;C:\Program Files\Microsoft SQL Server\160\DTS\Binn\;C:\Program Files (x86)\Microsoft SQL Server\160\DTS\Binn\;C:\Program Files\Azure Data Studio\bin;C:\Program Files\apache-maven-3.9.6\bin;C:\Program Files\Git\cmd;C:\Program Files\nodejs\;C:\Program Files\Java\jdk-21\bin;C:\Users\Kiet\AppData\Local\Microsoft\WindowsApps;C:\Users\Kiet\AppData\Local\Programs\Microsoft VS Code\bin;C:\Users\Kiet\AppData\Local\GitHubDesktop\bin;C:\Users\Kiet\.dotnet\tools;C:\Program Files\Azure Data Studio\bin;C:\Users\Kiet\AppData\Roaming\npm
USERNAME=Kiet
LANG=en_US.UTF-8
OS=Windows_NT
PROCESSOR_IDENTIFIER=Intel64 Family 6 Model 126 Stepping 5, GenuineIntel
TMP=C:\Users\Kiet\AppData\Local\Temp
TEMP=C:\Users\Kiet\AppData\Local\Temp




Periodic native trim disabled

---------------  S Y S T E M  ---------------

OS:
 Windows 11 , 64 bit Build 22621 (10.0.22621.3374)
OS uptime: 1 days 18:35 hours

CPU: total 8 (initial active 8) (4 cores per cpu, 2 threads per core) family 6 model 126 stepping 5 microcode 0xa6, cx8, cmov, fxsr, ht, mmx, 3dnowpref, sse, sse2, sse3, ssse3, sse4.1, sse4.2, popcnt, lzcnt, tsc, tscinvbit, avx, avx2, aes, erms, clmul, bmi1, bmi2, adx, avx512f, avx512dq, avx512cd, avx512bw, avx512vl, sha, fma, vzeroupper, avx512_vpopcntdq, avx512_vpclmulqdq, avx512_vaes, avx512_vnni, clflush, clflushopt, avx512_vbmi2, avx512_vbmi, rdtscp, rdpid, fsrm, gfni, avx512_bitalg, f16c, pku, avx512_ifma
Processor Information for all 8 processors :
  Max Mhz: 1190, Current Mhz: 991, Mhz Limit: 987

Memory: 4k page, system-wide physical 7987M (1113M free)
TotalPageFile size 10035M (AvailPageFile size 5M)
current process WorkingSet (physical memory assigned to process): 105M, peak: 105M
current process commit charge ("private bytes"): 236M, peak: 236M

vm_info: Java HotSpot(TM) 64-Bit Server VM (21.0.2+13-LTS-58) for windows-amd64 JRE (21.0.2+13-LTS-58), built on 2024-01-05T18:32:24Z by "mach5one" with MS VC++ 17.1 (VS2022)

END.
