#
# There is insufficient memory for the Java Runtime Environment to continue.
# Native memory allocation (mmap) failed to map 65536 bytes for Failed to commit metaspace.
# Possible reasons:
#   The system is out of physical RAM or swap space
#   The process is running with CompressedOops enabled, and the Java Heap may be blocking the growth of the native heap
# Possible solutions:
#   Reduce memory load on the system
#   Increase physical memory or swap space
#   Check if swap backing store is full
#   Decrease Java heap size (-Xmx/-Xms)
#   Decrease number of Java threads
#   Decrease Java thread stack sizes (-Xss)
#   Set larger code cache with -XX:ReservedCodeCacheSize=
#   JVM is running with Unscaled Compressed Oops mode in which the Java heap is
#     placed in the first 4GB address space. The Java Heap base address is the
#     maximum limit for the native heap growth. Please use -XX:HeapBaseMinAddress
#     to set the Java Heap base and to place the Java Heap above 4GB virtual address.
# This output file may be truncated or incomplete.
#
#  Out of Memory Error (virtualSpaceNode.cpp:112), pid=12672, tid=10084
#
# JRE version: Java(TM) SE Runtime Environment (21.0.2+13) (build 21.0.2+13-LTS-58)
# Java VM: Java HotSpot(TM) 64-Bit Server VM (21.0.2+13-LTS-58, mixed mode, sharing, tiered, compressed oops, compressed class ptrs, g1 gc, windows-amd64)
# No core dump will be written. Minidumps are not enabled by default on client versions of Windows
#

---------------  S U M M A R Y ------------

Command Line: -XX:+ShowCodeDetailsInExceptionMessages GUI.LogIn

Host: Intel(R) Core(TM) i5-1035G1 CPU @ 1.00GHz, 8 cores, 7G,  Windows 11 , 64 bit Build 22621 (10.0.22621.3374)
Time: Sat May 11 18:56:10 2024 SE Asia Standard Time elapsed time: 1.681768 seconds (0d 0h 0m 1s)

---------------  T H R E A D  ---------------

Current thread (0x00000196a5174bc0):  JavaThread "C1 CompilerThread0" daemon [_thread_in_vm, id=10084, stack(0x00000091c9200000,0x00000091c9300000) (1024K)]


Current CompileTask:
C1:   1681 1981   !   3       java.lang.Class::newInstance (134 bytes)

Stack: [0x00000091c9200000,0x00000091c9300000]
Native frames: (J=compiled Java code, j=interpreted, Vv=VM code, C=native code)
V  [jvm.dll+0x6cade9]
V  [jvm.dll+0x8569c1]
V  [jvm.dll+0x858d2e]
V  [jvm.dll+0x859413]
V  [jvm.dll+0x280e56]
V  [jvm.dll+0x8526ee]
V  [jvm.dll+0x66e705]
V  [jvm.dll+0x66e76a]
V  [jvm.dll+0x670f96]
V  [jvm.dll+0x670e62]
V  [jvm.dll+0x66f0de]
V  [jvm.dll+0x68038a]
V  [jvm.dll+0x679622]
V  [jvm.dll+0x1f44e0]
V  [jvm.dll+0x1f46c8]
V  [jvm.dll+0x166a66]
V  [jvm.dll+0x1668b6]
V  [jvm.dll+0x15e3d8]
V  [jvm.dll+0x16064d]
V  [jvm.dll+0x15ec75]
V  [jvm.dll+0x1589ce]
V  [jvm.dll+0x168576]
V  [jvm.dll+0x153e00]
V  [jvm.dll+0x154183]
V  [jvm.dll+0x154444]
V  [jvm.dll+0x153886]
V  [jvm.dll+0x1555ed]
V  [jvm.dll+0x258859]
V  [jvm.dll+0x256e3a]
V  [jvm.dll+0x3ef6c6]
V  [jvm.dll+0x7ff568]
V  [jvm.dll+0x6c953d]
C  [ucrtbase.dll+0x29333]
C  [KERNEL32.DLL+0x1257d]
C  [ntdll.dll+0x5aa48]


---------------  P R O C E S S  ---------------

Threads class SMR info:
_java_thread_list=0x00000196ebb4f510, length=16, elements={
0x00000196a5163a60, 0x00000196a5164a70, 0x00000196a51670d0, 0x00000196a5168200,
0x00000196a5171770, 0x00000196a51721d0, 0x00000196a5173980, 0x00000196a5174bc0,
0x00000196a544aa10, 0x00000196a5455260, 0x00000196a594fef0, 0x00000196a5eb9840,
0x00000196eb8ba540, 0x00000196a5c9aaa0, 0x000001968671f780, 0x00000196ebaa2800
}

Java Threads: ( => current thread )
  0x00000196a5163a60 JavaThread "Reference Handler"          daemon [_thread_blocked, id=13860, stack(0x00000091c8b00000,0x00000091c8c00000) (1024K)]
  0x00000196a5164a70 JavaThread "Finalizer"                  daemon [_thread_blocked, id=5680, stack(0x00000091c8c00000,0x00000091c8d00000) (1024K)]
  0x00000196a51670d0 JavaThread "Signal Dispatcher"          daemon [_thread_blocked, id=10636, stack(0x00000091c8d00000,0x00000091c8e00000) (1024K)]
  0x00000196a5168200 JavaThread "Attach Listener"            daemon [_thread_blocked, id=5472, stack(0x00000091c8e00000,0x00000091c8f00000) (1024K)]
  0x00000196a5171770 JavaThread "Service Thread"             daemon [_thread_blocked, id=6824, stack(0x00000091c8f00000,0x00000091c9000000) (1024K)]
  0x00000196a51721d0 JavaThread "Monitor Deflation Thread"   daemon [_thread_blocked, id=15580, stack(0x00000091c9000000,0x00000091c9100000) (1024K)]
  0x00000196a5173980 JavaThread "C2 CompilerThread0"         daemon [_thread_blocked, id=1160, stack(0x00000091c9100000,0x00000091c9200000) (1024K)]
=>0x00000196a5174bc0 JavaThread "C1 CompilerThread0"         daemon [_thread_in_vm, id=10084, stack(0x00000091c9200000,0x00000091c9300000) (1024K)]
  0x00000196a544aa10 JavaThread "Notification Thread"        daemon [_thread_blocked, id=9408, stack(0x00000091c9300000,0x00000091c9400000) (1024K)]
  0x00000196a5455260 JavaThread "Common-Cleaner"             daemon [_thread_blocked, id=18424, stack(0x00000091c9400000,0x00000091c9500000) (1024K)]
  0x00000196a594fef0 JavaThread "Java2D Disposer"            daemon [_thread_blocked, id=16076, stack(0x00000091c9600000,0x00000091c9700000) (1024K)]
  0x00000196a5eb9840 JavaThread "AWT-Shutdown"                      [_thread_blocked, id=11220, stack(0x00000091c9800000,0x00000091c9900000) (1024K)]
  0x00000196eb8ba540 JavaThread "AWT-Windows"                daemon [_thread_in_native, id=11824, stack(0x00000091c9900000,0x00000091c9a00000) (1024K)]
  0x00000196a5c9aaa0 JavaThread "AWT-EventQueue-0"                  [_thread_in_vm, id=5712, stack(0x00000091ca000000,0x00000091ca100000) (1024K)]
  0x000001968671f780 JavaThread "DestroyJavaVM"                     [_thread_blocked, id=18412, stack(0x00000091c8300000,0x00000091c8400000) (1024K)]
  0x00000196ebaa2800 JavaThread "C2 CompilerThread1"         daemon [_thread_blocked, id=19104, stack(0x00000091c9500000,0x00000091c9600000) (1024K)]
Total: 16

Other Threads:
  0x00000196a5144de0 VMThread "VM Thread"                           [id=8676, stack(0x00000091c8a00000,0x00000091c8b00000) (1024K)]
  0x00000196a512cb50 WatcherThread "VM Periodic Task Thread"        [id=19448, stack(0x00000091c8900000,0x00000091c8a00000) (1024K)]
  0x00000196888e6e40 WorkerThread "GC Thread#0"                     [id=10216, stack(0x00000091c8400000,0x00000091c8500000) (1024K)]
  0x00000196a5c584a0 WorkerThread "GC Thread#1"                     [id=7284, stack(0x00000091c9a00000,0x00000091c9b00000) (1024K)]
  0x00000196a5ea7430 WorkerThread "GC Thread#2"                     [id=1872, stack(0x00000091c9b00000,0x00000091c9c00000) (1024K)]
  0x00000196a5d1aa10 WorkerThread "GC Thread#3"                     [id=12032, stack(0x00000091c9c00000,0x00000091c9d00000) (1024K)]
  0x00000196eb8b71d0 WorkerThread "GC Thread#4"                     [id=19264, stack(0x00000091c9d00000,0x00000091c9e00000) (1024K)]
  0x00000196eb8b7570 WorkerThread "GC Thread#5"                     [id=13260, stack(0x00000091c9e00000,0x00000091c9f00000) (1024K)]
  0x00000196eb8b7d20 WorkerThread "GC Thread#6"                     [id=5064, stack(0x00000091c9f00000,0x00000091ca000000) (1024K)]
  0x00000196888f7ff0 ConcurrentGCThread "G1 Main Marker"            [id=7256, stack(0x00000091c8500000,0x00000091c8600000) (1024K)]
  0x00000196888f8ca0 WorkerThread "G1 Conc#0"                       [id=5552, stack(0x00000091c8600000,0x00000091c8700000) (1024K)]
  0x000001968894e990 ConcurrentGCThread "G1 Refine#0"               [id=16132, stack(0x00000091c8700000,0x00000091c8800000) (1024K)]
  0x00000196a4ffff10 ConcurrentGCThread "G1 Service"                [id=5892, stack(0x00000091c8800000,0x00000091c8900000) (1024K)]
Total: 13

Threads with active compile tasks:
C1 CompilerThread0     1703 1981   !   3       java.lang.Class::newInstance (134 bytes)
Total: 1

VM state: not at safepoint (normal execution)

VM Mutex/Monitor currently owned by a thread:  ([mutex/lock_event])
[0x00007fff02f5ace8] Metaspace_lock - owner thread: 0x00000196a5174bc0

Heap address: 0x0000000083200000, size: 1998 MB, Compressed Oops mode: 32-bit

CDS archive(s) mapped at: [0x00000196a6000000-0x00000196a6c90000-0x00000196a6c90000), size 13172736, SharedBaseAddress: 0x00000196a6000000, ArchiveRelocationMode: 1.
Compressed class space mapped at: 0x00000196a7000000-0x00000196e7000000, reserved size: 1073741824
Narrow klass base: 0x00000196a6000000, Narrow klass shift: 0, Narrow klass range: 0x100000000

GC Precious Log:
 CardTable entry size: 512
 Card Set container configuration: InlinePtr #cards 5 size 8 Array Of Cards #cards 12 size 40 Howl #buckets 4 coarsen threshold 1843 Howl Bitmap #cards 512 size 80 coarsen threshold 460 Card regions per heap region 1 cards per card region 2048
 CPUs: 8 total, 8 available
 Memory: 7987M
 Large Page Support: Disabled
 NUMA Support: Disabled
 Compressed Oops: Enabled (32-bit)
 Heap Region Size: 1M
 Heap Min Capacity: 8M
 Heap Initial Capacity: 126M
 Heap Max Capacity: 1998M
 Pre-touch: Disabled
 Parallel Workers: 8
 Concurrent Workers: 2
 Concurrent Refinement Workers: 8
 Periodic GC: Disabled

Heap:
 garbage-first heap   total 129024K, used 32064K [0x0000000083200000, 0x0000000100000000)
  region size 1024K, 22 young (22528K), 3 survivors (3072K)
 Metaspace       used 13432K, committed 13696K, reserved 1114112K
  class space    used 1454K, committed 1600K, reserved 1048576K

Heap Regions: E=young(eden), S=young(survivor), O=old, HS=humongous(starts), HC=humongous(continues), CS=collection set, F=free, TAMS=top-at-mark-start, PB=parsable bottom
|   0|0x0000000083200000, 0x0000000083300000, 0x0000000083300000|100%|HS|  |TAMS 0x0000000083200000| PB 0x0000000083200000| Complete 
|   1|0x0000000083300000, 0x0000000083400000, 0x0000000083400000|100%|HC|  |TAMS 0x0000000083300000| PB 0x0000000083300000| Complete 
|   2|0x0000000083400000, 0x0000000083500000, 0x0000000083500000|100%|HS|  |TAMS 0x0000000083400000| PB 0x0000000083400000| Complete 
|   3|0x0000000083500000, 0x0000000083600000, 0x0000000083600000|100%| O|  |TAMS 0x0000000083500000| PB 0x0000000083500000| Untracked 
|   4|0x0000000083600000, 0x0000000083700000, 0x0000000083700000|100%| O|  |TAMS 0x0000000083600000| PB 0x0000000083600000| Untracked 
|   5|0x0000000083700000, 0x0000000083800000, 0x0000000083800000|100%| O|  |TAMS 0x0000000083700000| PB 0x0000000083700000| Untracked 
|   6|0x0000000083800000, 0x0000000083900000, 0x0000000083900000|100%| O|  |TAMS 0x0000000083800000| PB 0x0000000083800000| Untracked 
|   7|0x0000000083900000, 0x0000000083950000, 0x0000000083a00000| 31%| O|  |TAMS 0x0000000083900000| PB 0x0000000083900000| Untracked 
|   8|0x0000000083a00000, 0x0000000083b00000, 0x0000000083b00000|100%|HS|  |TAMS 0x0000000083a00000| PB 0x0000000083a00000| Complete 
|   9|0x0000000083b00000, 0x0000000083c00000, 0x0000000083c00000|100%|HC|  |TAMS 0x0000000083b00000| PB 0x0000000083b00000| Complete 
|  10|0x0000000083c00000, 0x0000000083d00000, 0x0000000083d00000|100%|HC|  |TAMS 0x0000000083c00000| PB 0x0000000083c00000| Complete 
|  11|0x0000000083d00000, 0x0000000083d00000, 0x0000000083e00000|  0%| F|  |TAMS 0x0000000083d00000| PB 0x0000000083d00000| Untracked 
|  12|0x0000000083e00000, 0x0000000083e00000, 0x0000000083f00000|  0%| F|  |TAMS 0x0000000083e00000| PB 0x0000000083e00000| Untracked 
|  13|0x0000000083f00000, 0x0000000083f00000, 0x0000000084000000|  0%| F|  |TAMS 0x0000000083f00000| PB 0x0000000083f00000| Untracked 
|  14|0x0000000084000000, 0x0000000084000000, 0x0000000084100000|  0%| F|  |TAMS 0x0000000084000000| PB 0x0000000084000000| Untracked 
|  15|0x0000000084100000, 0x0000000084100000, 0x0000000084200000|  0%| F|  |TAMS 0x0000000084100000| PB 0x0000000084100000| Untracked 
|  16|0x0000000084200000, 0x0000000084200000, 0x0000000084300000|  0%| F|  |TAMS 0x0000000084200000| PB 0x0000000084200000| Untracked 
|  17|0x0000000084300000, 0x0000000084300000, 0x0000000084400000|  0%| F|  |TAMS 0x0000000084300000| PB 0x0000000084300000| Untracked 
|  18|0x0000000084400000, 0x0000000084400000, 0x0000000084500000|  0%| F|  |TAMS 0x0000000084400000| PB 0x0000000084400000| Untracked 
|  19|0x0000000084500000, 0x0000000084500000, 0x0000000084600000|  0%| F|  |TAMS 0x0000000084500000| PB 0x0000000084500000| Untracked 
|  20|0x0000000084600000, 0x0000000084600000, 0x0000000084700000|  0%| F|  |TAMS 0x0000000084600000| PB 0x0000000084600000| Untracked 
|  21|0x0000000084700000, 0x0000000084700000, 0x0000000084800000|  0%| F|  |TAMS 0x0000000084700000| PB 0x0000000084700000| Untracked 
|  22|0x0000000084800000, 0x0000000084800000, 0x0000000084900000|  0%| F|  |TAMS 0x0000000084800000| PB 0x0000000084800000| Untracked 
|  23|0x0000000084900000, 0x0000000084900000, 0x0000000084a00000|  0%| F|  |TAMS 0x0000000084900000| PB 0x0000000084900000| Untracked 
|  24|0x0000000084a00000, 0x0000000084a00000, 0x0000000084b00000|  0%| F|  |TAMS 0x0000000084a00000| PB 0x0000000084a00000| Untracked 
|  25|0x0000000084b00000, 0x0000000084b00000, 0x0000000084c00000|  0%| F|  |TAMS 0x0000000084b00000| PB 0x0000000084b00000| Untracked 
|  26|0x0000000084c00000, 0x0000000084c00000, 0x0000000084d00000|  0%| F|  |TAMS 0x0000000084c00000| PB 0x0000000084c00000| Untracked 
|  27|0x0000000084d00000, 0x0000000084d00000, 0x0000000084e00000|  0%| F|  |TAMS 0x0000000084d00000| PB 0x0000000084d00000| Untracked 
|  28|0x0000000084e00000, 0x0000000084e00000, 0x0000000084f00000|  0%| F|  |TAMS 0x0000000084e00000| PB 0x0000000084e00000| Untracked 
|  29|0x0000000084f00000, 0x0000000084f00000, 0x0000000085000000|  0%| F|  |TAMS 0x0000000084f00000| PB 0x0000000084f00000| Untracked 
|  30|0x0000000085000000, 0x0000000085000000, 0x0000000085100000|  0%| F|  |TAMS 0x0000000085000000| PB 0x0000000085000000| Untracked 
|  31|0x0000000085100000, 0x0000000085100000, 0x0000000085200000|  0%| F|  |TAMS 0x0000000085100000| PB 0x0000000085100000| Untracked 
|  32|0x0000000085200000, 0x0000000085200000, 0x0000000085300000|  0%| F|  |TAMS 0x0000000085200000| PB 0x0000000085200000| Untracked 
|  33|0x0000000085300000, 0x0000000085300000, 0x0000000085400000|  0%| F|  |TAMS 0x0000000085300000| PB 0x0000000085300000| Untracked 
|  34|0x0000000085400000, 0x0000000085400000, 0x0000000085500000|  0%| F|  |TAMS 0x0000000085400000| PB 0x0000000085400000| Untracked 
|  35|0x0000000085500000, 0x0000000085500000, 0x0000000085600000|  0%| F|  |TAMS 0x0000000085500000| PB 0x0000000085500000| Untracked 
|  36|0x0000000085600000, 0x0000000085600000, 0x0000000085700000|  0%| F|  |TAMS 0x0000000085600000| PB 0x0000000085600000| Untracked 
|  37|0x0000000085700000, 0x0000000085700000, 0x0000000085800000|  0%| F|  |TAMS 0x0000000085700000| PB 0x0000000085700000| Untracked 
|  38|0x0000000085800000, 0x0000000085800000, 0x0000000085900000|  0%| F|  |TAMS 0x0000000085800000| PB 0x0000000085800000| Untracked 
|  39|0x0000000085900000, 0x0000000085900000, 0x0000000085a00000|  0%| F|  |TAMS 0x0000000085900000| PB 0x0000000085900000| Untracked 
|  40|0x0000000085a00000, 0x0000000085a00000, 0x0000000085b00000|  0%| F|  |TAMS 0x0000000085a00000| PB 0x0000000085a00000| Untracked 
|  41|0x0000000085b00000, 0x0000000085b00000, 0x0000000085c00000|  0%| F|  |TAMS 0x0000000085b00000| PB 0x0000000085b00000| Untracked 
|  42|0x0000000085c00000, 0x0000000085c00000, 0x0000000085d00000|  0%| F|  |TAMS 0x0000000085c00000| PB 0x0000000085c00000| Untracked 
|  43|0x0000000085d00000, 0x0000000085d00000, 0x0000000085e00000|  0%| F|  |TAMS 0x0000000085d00000| PB 0x0000000085d00000| Untracked 
|  44|0x0000000085e00000, 0x0000000085e00000, 0x0000000085f00000|  0%| F|  |TAMS 0x0000000085e00000| PB 0x0000000085e00000| Untracked 
|  45|0x0000000085f00000, 0x0000000085f00000, 0x0000000086000000|  0%| F|  |TAMS 0x0000000085f00000| PB 0x0000000085f00000| Untracked 
|  46|0x0000000086000000, 0x0000000086000000, 0x0000000086100000|  0%| F|  |TAMS 0x0000000086000000| PB 0x0000000086000000| Untracked 
|  47|0x0000000086100000, 0x0000000086100000, 0x0000000086200000|  0%| F|  |TAMS 0x0000000086100000| PB 0x0000000086100000| Untracked 
|  48|0x0000000086200000, 0x0000000086200000, 0x0000000086300000|  0%| F|  |TAMS 0x0000000086200000| PB 0x0000000086200000| Untracked 
|  49|0x0000000086300000, 0x0000000086300000, 0x0000000086400000|  0%| F|  |TAMS 0x0000000086300000| PB 0x0000000086300000| Untracked 
|  50|0x0000000086400000, 0x0000000086400000, 0x0000000086500000|  0%| F|  |TAMS 0x0000000086400000| PB 0x0000000086400000| Untracked 
|  51|0x0000000086500000, 0x0000000086500000, 0x0000000086600000|  0%| F|  |TAMS 0x0000000086500000| PB 0x0000000086500000| Untracked 
|  52|0x0000000086600000, 0x0000000086600000, 0x0000000086700000|  0%| F|  |TAMS 0x0000000086600000| PB 0x0000000086600000| Untracked 
|  53|0x0000000086700000, 0x0000000086700000, 0x0000000086800000|  0%| F|  |TAMS 0x0000000086700000| PB 0x0000000086700000| Untracked 
|  54|0x0000000086800000, 0x0000000086800000, 0x0000000086900000|  0%| F|  |TAMS 0x0000000086800000| PB 0x0000000086800000| Untracked 
|  55|0x0000000086900000, 0x0000000086900000, 0x0000000086a00000|  0%| F|  |TAMS 0x0000000086900000| PB 0x0000000086900000| Untracked 
|  56|0x0000000086a00000, 0x0000000086a00000, 0x0000000086b00000|  0%| F|  |TAMS 0x0000000086a00000| PB 0x0000000086a00000| Untracked 
|  57|0x0000000086b00000, 0x0000000086b00000, 0x0000000086c00000|  0%| F|  |TAMS 0x0000000086b00000| PB 0x0000000086b00000| Untracked 
|  58|0x0000000086c00000, 0x0000000086c00000, 0x0000000086d00000|  0%| F|  |TAMS 0x0000000086c00000| PB 0x0000000086c00000| Untracked 
|  59|0x0000000086d00000, 0x0000000086d00000, 0x0000000086e00000|  0%| F|  |TAMS 0x0000000086d00000| PB 0x0000000086d00000| Untracked 
|  60|0x0000000086e00000, 0x0000000086e00000, 0x0000000086f00000|  0%| F|  |TAMS 0x0000000086e00000| PB 0x0000000086e00000| Untracked 
|  61|0x0000000086f00000, 0x0000000086f00000, 0x0000000087000000|  0%| F|  |TAMS 0x0000000086f00000| PB 0x0000000086f00000| Untracked 
|  62|0x0000000087000000, 0x0000000087000000, 0x0000000087100000|  0%| F|  |TAMS 0x0000000087000000| PB 0x0000000087000000| Untracked 
|  63|0x0000000087100000, 0x0000000087100000, 0x0000000087200000|  0%| F|  |TAMS 0x0000000087100000| PB 0x0000000087100000| Untracked 
|  64|0x0000000087200000, 0x0000000087200000, 0x0000000087300000|  0%| F|  |TAMS 0x0000000087200000| PB 0x0000000087200000| Untracked 
|  65|0x0000000087300000, 0x0000000087300000, 0x0000000087400000|  0%| F|  |TAMS 0x0000000087300000| PB 0x0000000087300000| Untracked 
|  66|0x0000000087400000, 0x0000000087400000, 0x0000000087500000|  0%| F|  |TAMS 0x0000000087400000| PB 0x0000000087400000| Untracked 
|  67|0x0000000087500000, 0x0000000087500000, 0x0000000087600000|  0%| F|  |TAMS 0x0000000087500000| PB 0x0000000087500000| Untracked 
|  68|0x0000000087600000, 0x0000000087600000, 0x0000000087700000|  0%| F|  |TAMS 0x0000000087600000| PB 0x0000000087600000| Untracked 
|  69|0x0000000087700000, 0x0000000087700000, 0x0000000087800000|  0%| F|  |TAMS 0x0000000087700000| PB 0x0000000087700000| Untracked 
|  70|0x0000000087800000, 0x0000000087800000, 0x0000000087900000|  0%| F|  |TAMS 0x0000000087800000| PB 0x0000000087800000| Untracked 
|  71|0x0000000087900000, 0x0000000087900000, 0x0000000087a00000|  0%| F|  |TAMS 0x0000000087900000| PB 0x0000000087900000| Untracked 
|  72|0x0000000087a00000, 0x0000000087a00000, 0x0000000087b00000|  0%| F|  |TAMS 0x0000000087a00000| PB 0x0000000087a00000| Untracked 
|  73|0x0000000087b00000, 0x0000000087b00000, 0x0000000087c00000|  0%| F|  |TAMS 0x0000000087b00000| PB 0x0000000087b00000| Untracked 
|  74|0x0000000087c00000, 0x0000000087c00000, 0x0000000087d00000|  0%| F|  |TAMS 0x0000000087c00000| PB 0x0000000087c00000| Untracked 
|  75|0x0000000087d00000, 0x0000000087d00000, 0x0000000087e00000|  0%| F|  |TAMS 0x0000000087d00000| PB 0x0000000087d00000| Untracked 
|  76|0x0000000087e00000, 0x0000000087e00000, 0x0000000087f00000|  0%| F|  |TAMS 0x0000000087e00000| PB 0x0000000087e00000| Untracked 
|  77|0x0000000087f00000, 0x0000000087f00000, 0x0000000088000000|  0%| F|  |TAMS 0x0000000087f00000| PB 0x0000000087f00000| Untracked 
|  78|0x0000000088000000, 0x0000000088000000, 0x0000000088100000|  0%| F|  |TAMS 0x0000000088000000| PB 0x0000000088000000| Untracked 
|  79|0x0000000088100000, 0x0000000088100000, 0x0000000088200000|  0%| F|  |TAMS 0x0000000088100000| PB 0x0000000088100000| Untracked 
|  80|0x0000000088200000, 0x0000000088200000, 0x0000000088300000|  0%| F|  |TAMS 0x0000000088200000| PB 0x0000000088200000| Untracked 
|  81|0x0000000088300000, 0x0000000088300000, 0x0000000088400000|  0%| F|  |TAMS 0x0000000088300000| PB 0x0000000088300000| Untracked 
|  82|0x0000000088400000, 0x0000000088400000, 0x0000000088500000|  0%| F|  |TAMS 0x0000000088400000| PB 0x0000000088400000| Untracked 
|  83|0x0000000088500000, 0x0000000088500000, 0x0000000088600000|  0%| F|  |TAMS 0x0000000088500000| PB 0x0000000088500000| Untracked 
|  84|0x0000000088600000, 0x0000000088600000, 0x0000000088700000|  0%| F|  |TAMS 0x0000000088600000| PB 0x0000000088600000| Untracked 
|  85|0x0000000088700000, 0x0000000088700000, 0x0000000088800000|  0%| F|  |TAMS 0x0000000088700000| PB 0x0000000088700000| Untracked 
|  86|0x0000000088800000, 0x0000000088800000, 0x0000000088900000|  0%| F|  |TAMS 0x0000000088800000| PB 0x0000000088800000| Untracked 
|  87|0x0000000088900000, 0x0000000088900000, 0x0000000088a00000|  0%| F|  |TAMS 0x0000000088900000| PB 0x0000000088900000| Untracked 
|  88|0x0000000088a00000, 0x0000000088a00000, 0x0000000088b00000|  0%| F|  |TAMS 0x0000000088a00000| PB 0x0000000088a00000| Untracked 
|  89|0x0000000088b00000, 0x0000000088b00000, 0x0000000088c00000|  0%| F|  |TAMS 0x0000000088b00000| PB 0x0000000088b00000| Untracked 
|  90|0x0000000088c00000, 0x0000000088c00000, 0x0000000088d00000|  0%| F|  |TAMS 0x0000000088c00000| PB 0x0000000088c00000| Untracked 
|  91|0x0000000088d00000, 0x0000000088d00000, 0x0000000088e00000|  0%| F|  |TAMS 0x0000000088d00000| PB 0x0000000088d00000| Untracked 
|  92|0x0000000088e00000, 0x0000000088e00000, 0x0000000088f00000|  0%| F|  |TAMS 0x0000000088e00000| PB 0x0000000088e00000| Untracked 
|  93|0x0000000088f00000, 0x0000000088f00000, 0x0000000089000000|  0%| F|  |TAMS 0x0000000088f00000| PB 0x0000000088f00000| Untracked 
|  94|0x0000000089000000, 0x0000000089000000, 0x0000000089100000|  0%| F|  |TAMS 0x0000000089000000| PB 0x0000000089000000| Untracked 
|  95|0x0000000089100000, 0x0000000089100000, 0x0000000089200000|  0%| F|  |TAMS 0x0000000089100000| PB 0x0000000089100000| Untracked 
|  96|0x0000000089200000, 0x0000000089200000, 0x0000000089300000|  0%| F|  |TAMS 0x0000000089200000| PB 0x0000000089200000| Untracked 
|  97|0x0000000089300000, 0x0000000089300000, 0x0000000089400000|  0%| F|  |TAMS 0x0000000089300000| PB 0x0000000089300000| Untracked 
|  98|0x0000000089400000, 0x0000000089400000, 0x0000000089500000|  0%| F|  |TAMS 0x0000000089400000| PB 0x0000000089400000| Untracked 
|  99|0x0000000089500000, 0x0000000089500000, 0x0000000089600000|  0%| F|  |TAMS 0x0000000089500000| PB 0x0000000089500000| Untracked 
| 100|0x0000000089600000, 0x0000000089700000, 0x0000000089700000|100%| S|CS|TAMS 0x0000000089600000| PB 0x0000000089600000| Complete 
| 101|0x0000000089700000, 0x0000000089800000, 0x0000000089800000|100%| S|CS|TAMS 0x0000000089700000| PB 0x0000000089700000| Complete 
| 102|0x0000000089800000, 0x0000000089900000, 0x0000000089900000|100%| S|CS|TAMS 0x0000000089800000| PB 0x0000000089800000| Complete 
| 103|0x0000000089900000, 0x0000000089900000, 0x0000000089a00000|  0%| F|  |TAMS 0x0000000089900000| PB 0x0000000089900000| Untracked 
| 104|0x0000000089a00000, 0x0000000089a00000, 0x0000000089b00000|  0%| F|  |TAMS 0x0000000089a00000| PB 0x0000000089a00000| Untracked 
| 105|0x0000000089b00000, 0x0000000089b00000, 0x0000000089c00000|  0%| F|  |TAMS 0x0000000089b00000| PB 0x0000000089b00000| Untracked 
| 106|0x0000000089c00000, 0x0000000089c00000, 0x0000000089d00000|  0%| F|  |TAMS 0x0000000089c00000| PB 0x0000000089c00000| Untracked 
| 107|0x0000000089d00000, 0x0000000089d24590, 0x0000000089e00000| 14%| E|  |TAMS 0x0000000089d00000| PB 0x0000000089d00000| Complete 
| 108|0x0000000089e00000, 0x0000000089f00000, 0x0000000089f00000|100%| E|CS|TAMS 0x0000000089e00000| PB 0x0000000089e00000| Complete 
| 109|0x0000000089f00000, 0x000000008a000000, 0x000000008a000000|100%| E|CS|TAMS 0x0000000089f00000| PB 0x0000000089f00000| Complete 
| 110|0x000000008a000000, 0x000000008a100000, 0x000000008a100000|100%| E|CS|TAMS 0x000000008a000000| PB 0x000000008a000000| Complete 
| 111|0x000000008a100000, 0x000000008a200000, 0x000000008a200000|100%| E|CS|TAMS 0x000000008a100000| PB 0x000000008a100000| Complete 
| 112|0x000000008a200000, 0x000000008a300000, 0x000000008a300000|100%| E|CS|TAMS 0x000000008a200000| PB 0x000000008a200000| Complete 
| 113|0x000000008a300000, 0x000000008a400000, 0x000000008a400000|100%| E|CS|TAMS 0x000000008a300000| PB 0x000000008a300000| Complete 
| 114|0x000000008a400000, 0x000000008a500000, 0x000000008a500000|100%| E|CS|TAMS 0x000000008a400000| PB 0x000000008a400000| Complete 
| 115|0x000000008a500000, 0x000000008a600000, 0x000000008a600000|100%| E|CS|TAMS 0x000000008a500000| PB 0x000000008a500000| Complete 
| 116|0x000000008a600000, 0x000000008a700000, 0x000000008a700000|100%| E|CS|TAMS 0x000000008a600000| PB 0x000000008a600000| Complete 
| 117|0x000000008a700000, 0x000000008a800000, 0x000000008a800000|100%| E|CS|TAMS 0x000000008a700000| PB 0x000000008a700000| Complete 
| 118|0x000000008a800000, 0x000000008a900000, 0x000000008a900000|100%| E|CS|TAMS 0x000000008a800000| PB 0x000000008a800000| Complete 
| 119|0x000000008a900000, 0x000000008aa00000, 0x000000008aa00000|100%| E|CS|TAMS 0x000000008a900000| PB 0x000000008a900000| Complete 
| 120|0x000000008aa00000, 0x000000008ab00000, 0x000000008ab00000|100%| E|CS|TAMS 0x000000008aa00000| PB 0x000000008aa00000| Complete 
| 121|0x000000008ab00000, 0x000000008ac00000, 0x000000008ac00000|100%| E|CS|TAMS 0x000000008ab00000| PB 0x000000008ab00000| Complete 
| 122|0x000000008ac00000, 0x000000008ad00000, 0x000000008ad00000|100%| E|CS|TAMS 0x000000008ac00000| PB 0x000000008ac00000| Complete 
| 123|0x000000008ad00000, 0x000000008ae00000, 0x000000008ae00000|100%| E|CS|TAMS 0x000000008ad00000| PB 0x000000008ad00000| Complete 
| 124|0x000000008ae00000, 0x000000008af00000, 0x000000008af00000|100%| E|CS|TAMS 0x000000008ae00000| PB 0x000000008ae00000| Complete 
| 125|0x000000008af00000, 0x000000008b000000, 0x000000008b000000|100%| E|CS|TAMS 0x000000008af00000| PB 0x000000008af00000| Complete 

Card table byte_map: [0x00000196a0410000,0x00000196a0800000] _byte_map_base: 0x000001969fff7000

Marking Bits: (CMBitMap*) 0x00000196888e7d50
 Bits: [0x00000196a0800000, 0x00000196a2738000)

Polling page: 0x00000196866e0000

Metaspace:

Usage:
  Non-class:     11.70 MB used.
      Class:      1.42 MB used.
       Both:     13.12 MB used.

Virtual space:
  Non-class space:       64.00 MB reserved,      11.81 MB ( 18%) committed,  1 nodes.
      Class space:        1.00 GB reserved,       1.56 MB ( <1%) committed,  1 nodes.
             Both:        1.06 GB reserved,      13.38 MB (  1%) committed. 

Chunk freelists:
   Non-Class:  4.03 MB
       Class:  14.49 MB
        Both:  18.53 MB

MaxMetaspaceSize: unlimited
CompressedClassSpaceSize: 1.00 GB
Initial GC threshold: 21.00 MB
Current GC threshold: 21.00 MB
CDS: on
 - commit_granule_bytes: 65536.
 - commit_granule_words: 8192.
 - virtual_space_node_default_size: 8388608.
 - enlarge_chunks_in_place: 1.
 - use_allocation_guard: 0.


Internal statistics:

num_allocs_failed_limit: 0.
num_arena_births: 246.
num_arena_deaths: 0.
num_vsnodes_births: 2.
num_vsnodes_deaths: 0.
num_space_committed: 214.
num_space_uncommitted: 0.
num_chunks_returned_to_freelist: 0.
num_chunks_taken_from_freelist: 385.
num_chunk_merges: 0.
num_chunk_splits: 235.
num_chunks_enlarged: 132.
num_inconsistent_stats: 0.

CodeHeap 'non-profiled nmethods': size=120000Kb used=802Kb max_used=802Kb free=119197Kb
 bounds [0x00000196987c0000, 0x0000019698a30000, 0x000001969fcf0000]
CodeHeap 'profiled nmethods': size=120000Kb used=3825Kb max_used=3825Kb free=116174Kb
 bounds [0x0000019690cf0000, 0x00000196910b0000, 0x0000019698220000]
CodeHeap 'non-nmethods': size=5760Kb used=1878Kb max_used=1898Kb free=3882Kb
 bounds [0x0000019698220000, 0x0000019698490000, 0x00000196987c0000]
 total_blobs=2699 nmethods=1981 adapters=623
 compilation: enabled
              stopped_count=0, restarted_count=0
 full_count=0

Compilation events (20 events):
Event: 1.669 Thread 0x00000196a5174bc0 nmethod 1971 0x00000196910a8d90 code [0x00000196910a8f40, 0x00000196910a9138]
Event: 1.669 Thread 0x00000196a5174bc0 1972       3       com.kitfox.svg.ShapeElement::<init> (10 bytes)
Event: 1.670 Thread 0x00000196a5174bc0 nmethod 1972 0x00000196910a9210 code [0x00000196910a93e0, 0x00000196910a9710]
Event: 1.670 Thread 0x00000196a5174bc0 1973       3       com.kitfox.svg.RenderableElement::<init> (15 bytes)
Event: 1.670 Thread 0x00000196a5174bc0 nmethod 1973 0x00000196910a9810 code [0x00000196910a99e0, 0x00000196910a9ca0]
Event: 1.671 Thread 0x00000196a5174bc0 1975       3       java.util.regex.Pattern$Node::study (21 bytes)
Event: 1.672 Thread 0x00000196a5174bc0 nmethod 1975 0x00000196910a9d90 code [0x00000196910a9f40, 0x00000196910aa188]
Event: 1.672 Thread 0x00000196ebaa2800 nmethod 1960 0x0000019698882d10 code [0x0000019698882f00, 0x00000196988832a8]
Event: 1.672 Thread 0x00000196ebaa2800 1974       4       java.util.regex.Matcher::search (154 bytes)
Event: 1.675 Thread 0x00000196a5174bc0 1976       3       java.lang.reflect.AccessibleObject::checkAccess (40 bytes)
Event: 1.675 Thread 0x00000196a5174bc0 nmethod 1976 0x00000196910aa290 code [0x00000196910aa4a0, 0x00000196910aa8d8]
Event: 1.675 Thread 0x00000196a5174bc0 1977       3       java.util.regex.Pattern::expr (142 bytes)
Event: 1.676 Thread 0x00000196a5174bc0 nmethod 1977 0x00000196910aab10 code [0x00000196910aad80, 0x00000196910ab858]
Event: 1.676 Thread 0x00000196a5174bc0 1979       3       java.util.regex.Pattern$CharProperty::study (29 bytes)
Event: 1.676 Thread 0x00000196a5174bc0 nmethod 1979 0x00000196910abc10 code [0x00000196910abdc0, 0x00000196910abfb8]
Event: 1.677 Thread 0x00000196a5174bc0 1980       3       java.lang.invoke.Invokers$Holder::linkToTargetMethod (9 bytes)
Event: 1.677 Thread 0x00000196a5174bc0 nmethod 1980 0x00000196910ac090 code [0x00000196910ac260, 0x00000196910ac4d0]
Event: 1.677 Thread 0x00000196a5174bc0 1981   !   3       java.lang.Class::newInstance (134 bytes)
Event: 1.677 Thread 0x00000196ebaa2800 nmethod 1974 0x0000019698883610 code [0x00000196988837c0, 0x0000019698883ab8]
Event: 1.677 Thread 0x00000196ebaa2800 1978       4       java.util.regex.Pattern$Start::match (90 bytes)

GC Heap History (2 events):
Event: 0.615 GC heap before
{Heap before GC invocations=0 (full 0):
 garbage-first heap   total 129024K, used 26624K [0x0000000083200000, 0x0000000100000000)
  region size 1024K, 23 young (23552K), 0 survivors (0K)
 Metaspace       used 5555K, committed 5824K, reserved 1114112K
  class space    used 520K, committed 640K, reserved 1048576K
}
Event: 0.619 GC heap after
{Heap after GC invocations=1 (full 0):
 garbage-first heap   total 129024K, used 10560K [0x0000000083200000, 0x0000000100000000)
  region size 1024K, 3 young (3072K), 3 survivors (3072K)
 Metaspace       used 5555K, committed 5824K, reserved 1114112K
  class space    used 520K, committed 640K, reserved 1048576K
}

Dll operation events (11 events):
Event: 0.007 Loaded shared library C:\Program Files\Java\jdk-21\bin\java.dll
Event: 0.040 Loaded shared library C:\Program Files\Java\jdk-21\bin\jsvml.dll
Event: 0.108 Loaded shared library C:\Program Files\Java\jdk-21\bin\jimage.dll
Event: 0.113 Loaded shared library C:\Program Files\Java\jdk-21\bin\net.dll
Event: 0.115 Loaded shared library C:\Program Files\Java\jdk-21\bin\nio.dll
Event: 0.118 Loaded shared library C:\Program Files\Java\jdk-21\bin\zip.dll
Event: 0.179 Loaded shared library C:\Program Files\Java\jdk-21\bin\awt.dll
Event: 0.263 Loaded shared library C:\Program Files\Java\jdk-21\bin\freetype.dll
Event: 0.264 Loaded shared library C:\Program Files\Java\jdk-21\bin\fontmanager.dll
Event: 0.735 Loaded shared library C:\Users\Kiet\AppData\Local\Temp\flatlaf.temp\flatlaf-windows-x86_64-856031159522000.dll
Event: 0.760 Loaded shared library C:\Program Files\Java\jdk-21\bin\verify.dll

Deoptimization events (20 events):
Event: 1.660 Thread 0x00000196a5c9aaa0 DEOPT UNPACKING pc=0x00000196982788e2 sp=0x00000091ca0fbb58 mode 0
Event: 1.662 Thread 0x00000196a5c9aaa0 DEOPT PACKING pc=0x000001969100f5e8 sp=0x00000091ca0fc500
Event: 1.662 Thread 0x00000196a5c9aaa0 DEOPT UNPACKING pc=0x00000196982788e2 sp=0x00000091ca0fb9c0 mode 0
Event: 1.663 Thread 0x00000196a5c9aaa0 DEOPT PACKING pc=0x0000019691090a91 sp=0x00000091ca0fc690
Event: 1.663 Thread 0x00000196a5c9aaa0 DEOPT UNPACKING pc=0x00000196982788e2 sp=0x00000091ca0fbb58 mode 0
Event: 1.664 Thread 0x00000196a5c9aaa0 DEOPT PACKING pc=0x000001969100f5e8 sp=0x00000091ca0fc500
Event: 1.664 Thread 0x00000196a5c9aaa0 DEOPT UNPACKING pc=0x00000196982788e2 sp=0x00000091ca0fb9c0 mode 0
Event: 1.668 Thread 0x00000196a5c9aaa0 Uncommon trap: trap_request=0xffffff6e fr.pc=0x00000196988822f8 relative=0x0000000000000238
Event: 1.668 Thread 0x00000196a5c9aaa0 Uncommon trap: reason=loop_limit_check action=maybe_recompile pc=0x00000196988822f8 method=java.util.regex.Pattern$Start.match(Ljava/util/regex/Matcher;ILjava/lang/CharSequence;)Z @ 34 c2
Event: 1.668 Thread 0x00000196a5c9aaa0 DEOPT PACKING pc=0x00000196988822f8 sp=0x00000091ca0fc500
Event: 1.668 Thread 0x00000196a5c9aaa0 DEOPT UNPACKING pc=0x0000019698277da2 sp=0x00000091ca0fc440 mode 2
Event: 1.669 Thread 0x00000196a5c9aaa0 DEOPT PACKING pc=0x0000019691090a91 sp=0x00000091ca0fc660
Event: 1.669 Thread 0x00000196a5c9aaa0 DEOPT UNPACKING pc=0x00000196982788e2 sp=0x00000091ca0fbb28 mode 0
Event: 1.670 Thread 0x00000196a5c9aaa0 DEOPT PACKING pc=0x000001969100f5e8 sp=0x00000091ca0fc4d0
Event: 1.670 Thread 0x00000196a5c9aaa0 DEOPT UNPACKING pc=0x00000196982788e2 sp=0x00000091ca0fb990 mode 0
Event: 1.675 Thread 0x00000196a5c9aaa0 DEOPT PACKING pc=0x0000019691090a91 sp=0x00000091ca0fc660
Event: 1.675 Thread 0x00000196a5c9aaa0 DEOPT UNPACKING pc=0x00000196982788e2 sp=0x00000091ca0fbb28 mode 0
Event: 1.676 Thread 0x00000196a5c9aaa0 DEOPT PACKING pc=0x000001969100f5e8 sp=0x00000091ca0fc4d0
Event: 1.676 Thread 0x00000196a5c9aaa0 DEOPT UNPACKING pc=0x00000196982788e2 sp=0x00000091ca0fb990 mode 0
Event: 1.678 Thread 0x00000196a5c9aaa0 DEOPT PACKING pc=0x0000019691090a91 sp=0x00000091ca0fc660

Classes loaded (20 events):
Event: 1.620 Loading class sun/awt/geom/ChainEnd
Event: 1.621 Loading class sun/awt/geom/ChainEnd done
Event: 1.621 Loading class java/util/Vector$1
Event: 1.621 Loading class java/util/Vector$1 done
Event: 1.621 Loading class sun/awt/geom/Edge
Event: 1.621 Loading class sun/awt/geom/Edge done
Event: 1.621 Loading class java/lang/FdLibm$Acos
Event: 1.621 Loading class java/lang/FdLibm$Acos done
Event: 1.621 Loading class java/lang/FdLibm
Event: 1.621 Loading class java/lang/FdLibm done
Event: 1.622 Loading class sun/awt/geom/Order1
Event: 1.622 Loading class sun/awt/geom/Order1 done
Event: 1.622 Loading class sun/awt/geom/AreaOp$NZWindOp
Event: 1.622 Loading class sun/awt/geom/AreaOp$NZWindOp done
Event: 1.622 Loading class sun/awt/geom/AreaOp$SubOp
Event: 1.622 Loading class sun/awt/geom/AreaOp$CAGOp
Event: 1.622 Loading class sun/awt/geom/AreaOp$CAGOp done
Event: 1.622 Loading class sun/awt/geom/AreaOp$SubOp done
Event: 1.624 Loading class java/awt/geom/AreaIterator
Event: 1.624 Loading class java/awt/geom/AreaIterator done

Classes unloaded (0 events):
No events

Classes redefined (0 events):
No events

Internal exceptions (20 events):
Event: 0.597 Thread 0x000001968671f780 Exception <a 'java/lang/ClassNotFoundException'{0x0000000089973198}: com/sun/swing/internal/plaf/basic/resources/spi/basicProvider> (0x0000000089973198) 
thrown [s\open\src\hotspot\share\classfile\systemDictionary.cpp, line 312]
Event: 0.601 Thread 0x000001968671f780 Exception <a 'java/lang/NoSuchMethodError'{0x0000000089995960}: 'int java.lang.invoke.DirectMethodHandle$Holder.invokeStatic(java.lang.Object)'> (0x0000000089995960) 
thrown [s\open\src\hotspot\share\interpreter\linkResolver.cpp, line 773]
Event: 0.706 Thread 0x000001968671f780 Exception <a 'java/lang/NoSuchMethodError'{0x000000008ae9cdb0}: 'java.lang.Object java.lang.invoke.Invokers$Holder.invokeExact_MT(java.lang.Object, java.lang.Object, java.lang.Object, java.lang.Object, java.lang.Object, java.lang.Object)'> (0x000000008ae9cdb0) 
thrown [s\open\src\hotspot\share\interpreter\linkResolver.cpp, line 773]
Event: 0.715 Thread 0x000001968671f780 Implicit null exception at 0x00000196988015e6 to 0x000001969880168a
Event: 0.715 Thread 0x000001968671f780 Implicit null exception at 0x00000196988265ba to 0x000001969882682c
Event: 0.715 Thread 0x000001968671f780 Implicit null exception at 0x00000196987edf3d to 0x00000196987edfc1
Event: 0.722 Thread 0x000001968671f780 Exception <a 'java/lang/NoSuchMethodError'{0x000000008ad2f6f0}: 'int java.lang.invoke.Invokers$Holder.invokeExact_MT(java.lang.Object, java.lang.Object)'> (0x000000008ad2f6f0) 
thrown [s\open\src\hotspot\share\interpreter\linkResolver.cpp, line 773]
Event: 0.729 Thread 0x000001968671f780 Exception <a 'sun/nio/fs/WindowsException'{0x000000008ad54670}> (0x000000008ad54670) 
thrown [s\open\src\hotspot\share\prims\jni.cpp, line 520]
Event: 0.782 Thread 0x000001968671f780 Exception <a 'java/lang/NoSuchMethodError'{0x000000008ac43440}: 'java.lang.Object java.lang.invoke.DirectMethodHandle$Holder.invokeVirtual(java.lang.Object, java.lang.Object, java.lang.Object, java.lang.Object)'> (0x000000008ac43440) 
thrown [s\open\src\hotspot\share\interpreter\linkResolver.cpp, line 773]
Event: 0.829 Thread 0x000001968671f780 Exception <a 'java/lang/NoSuchMethodError'{0x000000008ab44338}: 'int java.lang.invoke.DirectMethodHandle$Holder.invokeVirtual(java.lang.Object, java.lang.Object)'> (0x000000008ab44338) 
thrown [s\open\src\hotspot\share\interpreter\linkResolver.cpp, line 773]
Event: 0.830 Thread 0x000001968671f780 Exception <a 'java/lang/NoSuchMethodError'{0x000000008ab484b8}: 'int java.lang.invoke.DirectMethodHandle$Holder.invokeSpecial(java.lang.Object, java.lang.Object, java.lang.Object)'> (0x000000008ab484b8) 
thrown [s\open\src\hotspot\share\interpreter\linkResolver.cpp, line 773]
Event: 0.832 Thread 0x000001968671f780 Exception <a 'java/lang/NoSuchMethodError'{0x000000008ab52dd0}: 'void java.lang.invoke.DirectMethodHandle$Holder.invokeVirtual(java.lang.Object, java.lang.Object, int)'> (0x000000008ab52dd0) 
thrown [s\open\src\hotspot\share\interpreter\linkResolver.cpp, line 773]
Event: 0.833 Thread 0x000001968671f780 Exception <a 'java/lang/NoSuchMethodError'{0x000000008ab57098}: 'int java.lang.invoke.DirectMethodHandle$Holder.invokeSpecial(java.lang.Object, java.lang.Object, java.lang.Object, int)'> (0x000000008ab57098) 
thrown [s\open\src\hotspot\share\interpreter\linkResolver.cpp, line 773]
Event: 0.834 Thread 0x000001968671f780 Exception <a 'java/lang/NoSuchMethodError'{0x000000008ab698d0}: 'java.lang.Object java.lang.invoke.DirectMethodHandle$Holder.invokeStatic(java.lang.Object, java.lang.Object, java.lang.Object, java.lang.Object, int)'> (0x000000008ab698d0) 
thrown [s\open\src\hotspot\share\interpreter\linkResolver.cpp, line 773]
Event: 0.835 Thread 0x000001968671f780 Exception <a 'java/lang/NoSuchMethodError'{0x000000008ab74498}: 'void java.lang.invoke.DelegatingMethodHandle$Holder.reinvoke_L(java.lang.Object, java.lang.Object, int)'> (0x000000008ab74498) 
thrown [s\open\src\hotspot\share\interpreter\linkResolver.cpp, line 773]
Event: 0.842 Thread 0x000001968671f780 Exception <a 'java/lang/NoSuchMethodError'{0x000000008aba2450}: 'void java.lang.invoke.Invokers$Holder.invokeExact_MT(java.lang.Object, java.lang.Object, java.lang.Object, java.lang.Object)'> (0x000000008aba2450) 
thrown [s\open\src\hotspot\share\interpreter\linkResolver.cpp, line 773]
Event: 0.847 Thread 0x000001968671f780 Exception <a 'java/lang/NoSuchMethodError'{0x000000008abba9c0}: 'void java.lang.invoke.DirectMethodHandle$Holder.invokeSpecial(java.lang.Object, java.lang.Object, java.lang.Object, java.lang.Object, java.lang.Object)'> (0x000000008abba9c0) 
thrown [s\open\src\hotspot\share\interpreter\linkResolver.cpp, line 773]
Event: 0.850 Thread 0x000001968671f780 Exception <a 'java/lang/NoSuchMethodError'{0x000000008abc8830}: 'int java.lang.invoke.Invokers$Holder.invokeExact_MT(java.lang.Object, java.lang.Object, java.lang.Object)'> (0x000000008abc8830) 
thrown [s\open\src\hotspot\share\interpreter\linkResolver.cpp, line 773]
Event: 0.870 Thread 0x00000196eb8ba540 Exception <a 'java/lang/NoSuchMethodError'{0x000000008aa2c888}: 'void java.lang.invoke.DirectMethodHandle$Holder.invokeVirtual(java.lang.Object, java.lang.Object)'> (0x000000008aa2c888) 
thrown [s\open\src\hotspot\share\interpreter\linkResolver.cpp, line 773]
Event: 0.883 Thread 0x000001968671f780 Exception <a 'java/lang/NoSuchMethodError'{0x000000008abf9c00}: 'void java.lang.invoke.DirectMethodHandle$Holder.invokeStaticInit(java.lang.Object)'> (0x000000008abf9c00) 
thrown [s\open\src\hotspot\share\interpreter\linkResolver.cpp, line 773]

ZGC Phase Switch (0 events):
No events

VM Operations (20 events):
Event: 0.545 Executing VM operation: HandshakeAllThreads (Deoptimize)
Event: 0.545 Executing VM operation: HandshakeAllThreads (Deoptimize) done
Event: 0.606 Executing VM operation: HandshakeAllThreads (Deoptimize)
Event: 0.606 Executing VM operation: HandshakeAllThreads (Deoptimize) done
Event: 0.614 Executing VM operation: G1CollectForAllocation (G1 Evacuation Pause)
Event: 0.619 Executing VM operation: G1CollectForAllocation (G1 Evacuation Pause) done
Event: 0.704 Executing VM operation: HandshakeAllThreads (Deoptimize)
Event: 0.704 Executing VM operation: HandshakeAllThreads (Deoptimize) done
Event: 0.732 Executing VM operation: HandshakeAllThreads (Deoptimize)
Event: 0.732 Executing VM operation: HandshakeAllThreads (Deoptimize) done
Event: 0.855 Executing VM operation: HandshakeAllThreads (Deoptimize)
Event: 0.855 Executing VM operation: HandshakeAllThreads (Deoptimize) done
Event: 0.855 Executing VM operation: HandshakeAllThreads (Deoptimize)
Event: 0.855 Executing VM operation: HandshakeAllThreads (Deoptimize) done
Event: 1.000 Executing VM operation: HandshakeAllThreads (Deoptimize)
Event: 1.000 Executing VM operation: HandshakeAllThreads (Deoptimize) done
Event: 1.122 Executing VM operation: HandshakeAllThreads (Deoptimize)
Event: 1.122 Executing VM operation: HandshakeAllThreads (Deoptimize) done
Event: 1.668 Executing VM operation: ICBufferFull
Event: 1.668 Executing VM operation: ICBufferFull done

Events (20 events):
Event: 0.037 Thread 0x00000196a5164a70 Thread added: 0x00000196a5164a70
Event: 0.038 Thread 0x00000196a51670d0 Thread added: 0x00000196a51670d0
Event: 0.038 Thread 0x00000196a5168200 Thread added: 0x00000196a5168200
Event: 0.038 Thread 0x00000196a5171770 Thread added: 0x00000196a5171770
Event: 0.038 Thread 0x00000196a51721d0 Thread added: 0x00000196a51721d0
Event: 0.038 Thread 0x00000196a5173980 Thread added: 0x00000196a5173980
Event: 0.038 Thread 0x00000196a5174bc0 Thread added: 0x00000196a5174bc0
Event: 0.068 Thread 0x00000196a544aa10 Thread added: 0x00000196a544aa10
Event: 0.073 Thread 0x00000196a5455260 Thread added: 0x00000196a5455260
Event: 0.134 Thread 0x00000196a54566d0 Thread added: 0x00000196a54566d0
Event: 0.271 Thread 0x00000196a594fef0 Thread added: 0x00000196a594fef0
Event: 0.527 Thread 0x00000196a5c5a4d0 Thread added: 0x00000196a5c5a4d0
Event: 0.552 Thread 0x00000196a5eb9840 Thread added: 0x00000196a5eb9840
Event: 0.553 Thread 0x00000196eb8ba540 Thread added: 0x00000196eb8ba540
Event: 0.860 Thread 0x00000196a5c9aaa0 Thread added: 0x00000196a5c9aaa0
Event: 1.367 Thread 0x00000196a5c5a4d0 Thread exited: 0x00000196a5c5a4d0
Event: 1.367 Thread 0x00000196a54566d0 Thread exited: 0x00000196a54566d0
Event: 1.368 Thread 0x000001968671f780 Thread exited: 0x000001968671f780
Event: 1.368 Thread 0x000001968671f780 Thread added: 0x000001968671f780
Event: 1.658 Thread 0x00000196ebaa2800 Thread added: 0x00000196ebaa2800


Dynamic libraries:
0x00007ff655d10000 - 0x00007ff655d20000 	C:\Program Files\Java\jdk-21\bin\java.exe
0x00007fff4ae10000 - 0x00007fff4b026000 	C:\WINDOWS\SYSTEM32\ntdll.dll
0x00007fff49db0000 - 0x00007fff49e74000 	C:\WINDOWS\System32\KERNEL32.DLL
0x00007fff48480000 - 0x00007fff48827000 	C:\WINDOWS\System32\KERNELBASE.dll
0x00007fff48980000 - 0x00007fff48a91000 	C:\WINDOWS\System32\ucrtbase.dll
0x00007fff41080000 - 0x00007fff4109b000 	C:\Program Files\Java\jdk-21\bin\VCRUNTIME140.dll
0x00007fff2f260000 - 0x00007fff2f279000 	C:\Program Files\Java\jdk-21\bin\jli.dll
0x00007fff49ec0000 - 0x00007fff49f72000 	C:\WINDOWS\System32\ADVAPI32.dll
0x00007fff4a6a0000 - 0x00007fff4a747000 	C:\WINDOWS\System32\msvcrt.dll
0x00007fff4a780000 - 0x00007fff4a828000 	C:\WINDOWS\System32\sechost.dll
0x00007fff48950000 - 0x00007fff48978000 	C:\WINDOWS\System32\bcrypt.dll
0x00007fff4a280000 - 0x00007fff4a395000 	C:\WINDOWS\System32\RPCRT4.dll
0x00007fff4a830000 - 0x00007fff4a9de000 	C:\WINDOWS\System32\USER32.dll
0x00007fff48aa0000 - 0x00007fff48ac6000 	C:\WINDOWS\System32\win32u.dll
0x00007fff47400000 - 0x00007fff47693000 	C:\WINDOWS\WinSxS\amd64_microsoft.windows.common-controls_6595b64144ccf1df_6.0.22621.3235_none_270f74e173860f98\COMCTL32.dll
0x00007fff49e90000 - 0x00007fff49eb9000 	C:\WINDOWS\System32\GDI32.dll
0x00007fff48830000 - 0x00007fff48949000 	C:\WINDOWS\System32\gdi32full.dll
0x00007fff483e0000 - 0x00007fff4847a000 	C:\WINDOWS\System32\msvcp_win.dll
0x00007fff3f170000 - 0x00007fff3f17a000 	C:\WINDOWS\SYSTEM32\VERSION.dll
0x00007fff4ad90000 - 0x00007fff4adc1000 	C:\WINDOWS\System32\IMM32.DLL
0x00007fff41930000 - 0x00007fff4193c000 	C:\Program Files\Java\jdk-21\bin\vcruntime140_1.dll
0x00007fff136e0000 - 0x00007fff1376e000 	C:\Program Files\Java\jdk-21\bin\msvcp140.dll
0x00007fff02320000 - 0x00007fff03037000 	C:\Program Files\Java\jdk-21\bin\server\jvm.dll
0x00007fff4a620000 - 0x00007fff4a691000 	C:\WINDOWS\System32\WS2_32.dll
0x00007fff40af0000 - 0x00007fff40b24000 	C:\WINDOWS\SYSTEM32\WINMM.dll
0x00007fff48000000 - 0x00007fff4804d000 	C:\WINDOWS\SYSTEM32\POWRPROF.dll
0x00007fff47fe0000 - 0x00007fff47ff3000 	C:\WINDOWS\SYSTEM32\UMPDC.dll
0x00007fff46a90000 - 0x00007fff46aa8000 	C:\WINDOWS\SYSTEM32\kernel.appcore.dll
0x00007fff41920000 - 0x00007fff4192a000 	C:\Program Files\Java\jdk-21\bin\jimage.dll
0x00007fff479c0000 - 0x00007fff47bf3000 	C:\WINDOWS\SYSTEM32\DBGHELP.DLL
0x00007fff4a9e0000 - 0x00007fff4ad68000 	C:\WINDOWS\System32\combase.dll
0x00007fff48bc0000 - 0x00007fff48c97000 	C:\WINDOWS\System32\OLEAUT32.dll
0x00007fff47880000 - 0x00007fff478b2000 	C:\WINDOWS\SYSTEM32\dbgcore.DLL
0x00007fff48360000 - 0x00007fff483d9000 	C:\WINDOWS\System32\bcryptPrimitives.dll
0x00007fff41060000 - 0x00007fff4107f000 	C:\Program Files\Java\jdk-21\bin\java.dll
0x00007fff490d0000 - 0x00007fff4992c000 	C:\WINDOWS\System32\SHELL32.dll
0x00007fff456b0000 - 0x00007fff45fa9000 	C:\WINDOWS\SYSTEM32\windows.storage.dll
0x00007fff45570000 - 0x00007fff456ae000 	C:\WINDOWS\SYSTEM32\wintypes.dll
0x00007fff4a170000 - 0x00007fff4a263000 	C:\WINDOWS\System32\SHCORE.dll
0x00007fff4a3a0000 - 0x00007fff4a3fe000 	C:\WINDOWS\System32\shlwapi.dll
0x00007fff48060000 - 0x00007fff48081000 	C:\WINDOWS\SYSTEM32\profapi.dll
0x00007fff38ee0000 - 0x00007fff38fb7000 	C:\Program Files\Java\jdk-21\bin\jsvml.dll
0x00007fff398f0000 - 0x00007fff39900000 	C:\Program Files\Java\jdk-21\bin\net.dll
0x00007fff413a0000 - 0x00007fff414d6000 	C:\WINDOWS\SYSTEM32\WINHTTP.dll
0x00007fff46ec0000 - 0x00007fff46f29000 	C:\WINDOWS\system32\mswsock.dll
0x00007fff38ec0000 - 0x00007fff38ed6000 	C:\Program Files\Java\jdk-21\bin\nio.dll
0x00007fff381a0000 - 0x00007fff381b8000 	C:\Program Files\Java\jdk-21\bin\zip.dll
0x00007fff0d080000 - 0x00007fff0d20f000 	C:\Program Files\Java\jdk-21\bin\awt.dll
0x00007fff445e0000 - 0x00007fff44677000 	C:\WINDOWS\SYSTEM32\apphelp.dll
0x00007fff47ce0000 - 0x00007fff47cfb000 	C:\WINDOWS\SYSTEM32\CRYPTSP.dll
0x00007fff46890000 - 0x00007fff468c5000 	C:\WINDOWS\system32\rsaenh.dll
0x00007fff47150000 - 0x00007fff47178000 	C:\WINDOWS\SYSTEM32\USERENV.dll
0x00007fff47180000 - 0x00007fff4718c000 	C:\WINDOWS\SYSTEM32\CRYPTBASE.dll
0x00007fff46370000 - 0x00007fff4639d000 	C:\WINDOWS\SYSTEM32\IPHLPAPI.DLL
0x00007fff4a270000 - 0x00007fff4a279000 	C:\WINDOWS\System32\NSI.dll
0x00007fff12f80000 - 0x00007fff13007000 	C:\Program Files\Java\jdk-21\bin\freetype.dll
0x00007fff0c960000 - 0x00007fff0ca42000 	C:\Program Files\Java\jdk-21\bin\fontmanager.dll
0x00007fff45020000 - 0x00007fff4504b000 	C:\WINDOWS\system32\DWMAPI.DLL
0x00007fff447a0000 - 0x00007fff4484b000 	C:\WINDOWS\system32\uxtheme.dll
0x00007fff49f80000 - 0x00007fff4a0d3000 	C:\WINDOWS\System32\MSCTF.dll
0x00007fff48f20000 - 0x00007fff490c5000 	C:\WINDOWS\System32\ole32.dll
0x00007fff2df70000 - 0x00007fff2e070000 	C:\WINDOWS\system32\opengl32.dll
0x00007fff37440000 - 0x00007fff3746d000 	C:\WINDOWS\SYSTEM32\GLU32.dll
0x00007fff44960000 - 0x00007fff44999000 	C:\WINDOWS\SYSTEM32\dxcore.dll
0x00007fff32d00000 - 0x00007fff32d06000 	C:\Users\Kiet\AppData\Local\Temp\flatlaf.temp\flatlaf-windows-x86_64-856031159522000.dll
0x00007fff398e0000 - 0x00007fff398f0000 	C:\Program Files\Java\jdk-21\bin\verify.dll
0x00007fff48e60000 - 0x00007fff48f10000 	C:\WINDOWS\System32\clbcatq.dll
0x00007fff429b0000 - 0x00007fff42b60000 	C:\WINDOWS\SYSTEM32\WindowsCodecs.dll
0x00007fff26ba0000 - 0x00007fff26bfe000 	C:\WINDOWS\system32\dataexchange.dll
0x00007fff3ebe0000 - 0x00007fff3ee6e000 	C:\WINDOWS\system32\twinapi.appcore.dll
0x00007fff36ad0000 - 0x00007fff36ad7000 	C:\Program Files\Java\jdk-21\bin\jawt.dll
0x00007fff38550000 - 0x00007fff3869a000 	C:\WINDOWS\SYSTEM32\textinputframework.dll

dbghelp: loaded successfully - version: 4.0.5 - missing functions: none
symbol engine: initialized successfully - sym options: 0x614 - pdb path: .;C:\Program Files\Java\jdk-21\bin;C:\WINDOWS\SYSTEM32;C:\WINDOWS\WinSxS\amd64_microsoft.windows.common-controls_6595b64144ccf1df_6.0.22621.3235_none_270f74e173860f98;C:\Program Files\Java\jdk-21\bin\server;C:\Users\Kiet\AppData\Local\Temp\flatlaf.temp

VM Arguments:
jvm_args: -XX:+ShowCodeDetailsInExceptionMessages 
java_command: GUI.LogIn
java_class_path (initial): C:\Users\Kiet\AppData\Roaming\Code\User\workspaceStorage\b3b38d78d4b70df6aa0616a4b888d3ad\redhat.java\jdt_ws\DoAnJavaa_c8713cb1\bin;c:\Users\Kiet\Desktop\DoAnJavaa\lib\lib\commons-codec-1.15.jar;c:\Users\Kiet\Desktop\DoAnJavaa\lib\lib\log4j-api-2.18.0.jar;c:\Users\Kiet\Desktop\DoAnJavaa\lib\mysql-connector.jar;c:\Users\Kiet\Desktop\DoAnJavaa\lib\kotlin-stdlib-common-1.4.0.jar;c:\Users\Kiet\Desktop\DoAnJavaa\lib\poi-ooxml-3.17.jar;c:\Users\Kiet\Desktop\DoAnJavaa\lib\lib\commons-compress-1.21.jar;c:\Users\Kiet\Desktop\DoAnJavaa\lib\poi-3.17.jar;c:\Users\Kiet\Desktop\DoAnJavaa\lib\lib\poi-ooxml-full-5.2.3.jar;c:\Users\Kiet\Desktop\DoAnJavaa\lib\lib\commons-collections4-4.4.jar;c:\Users\Kiet\Desktop\DoAnJavaa\lib\lib\poi-excelant-5.2.3.jar;c:\Users\Kiet\Desktop\DoAnJavaa\lib\lib\poi-ooxml-lite-5.2.3.jar;c:\Users\Kiet\Desktop\DoAnJavaa\lib\mssql-jdbc-8.4.1.jre14.jar;c:\Users\Kiet\Desktop\DoAnJavaa\lib\mysql-connector-java-8.0.30.jar;c:\Users\Kiet\Desktop\DoAnJavaa\lib\zxing-1.7-javase.jar;c:\Users\Kiet\Desktop\DoAnJavaa\lib\xmlbeans-xmlpublic-2.0-dev-2.jar;c:\Users\Kiet\Desktop\DoAnJavaa\lib\jcalendar-1.4.jar;c:\Users\Kiet\Desktop\DoAnJavaa\lib\log4j-core-2.20.0.jar;c:\Users\Kiet\Desktop\DoAnJavaa\lib\flatlaf-extras-3.1.jar;c:\Users\Kiet\Desktop\DoAnJavaa\lib\svgSalamander-1.1.4.jar;c:\Users\Kiet\Desktop\DoAnJavaa\lib\zxing-core-2.0.jar;c:\Users\Kiet\Desktop\DoAnJavaa\lib\slf4j-api-1.7.2.jar;c:\Users\Kiet\Desktop\DoAnJavaa\lib\swingx-1.6.1.jar;c:\Users\Kiet\Desktop\DoAnJavaa\lib\lib\poi-examples-5.2.3.jar;c:\Users\Kiet\Desktop\DoAnJavaa\lib\slf4j-simple-1.7.25.jar;c:\Users\Kiet\Desktop\DoAnJavaa\lib\lib\poi-javadoc-5.2.3.jar;c:\Users\Kiet\Desktop\DoAnJavaa\lib\slf4j-api-1.7.25.jar;c:\Users\Kiet\Desktop\DoAnJavaa\lib\swingx-all-1.6.4.jar;c:\Users\Kiet\Desktop\DoAnJavaa\lib\TimingFramework-0.55.jar;c:\Users\Kiet\Desktop\DoAnJavaa\lib\lib\curvesapi-1.07.jar;c:\Users\Kiet\Desktop\DoAnJavaa\lib\lib\xmlbeans-5.1.1.jar;c:\Users\Kiet\Desktop\DoAnJavaa\lib\mssql-jdbc-9.4.0.jre11.jar;c:\Users\Kiet\Desktop\DoAnJavaa\lib\lib\jakarta.activation-2.0.1.jar;c:\Users\Kiet\Desktop\DoAnJavaa\lib\flatlaf-3.3.jar;c:\Users\Kiet\Desktop\DoAnJavaa\lib\java-dotenv-5.1.3.jar;c:\Users\Kiet\Desktop\DoAnJavaa\lib\filters-2.0.235.jar;c:\Users\Kiet\Desktop\DoAnJavaa\lib\activation.jar;c:\Users\Kiet\Desktop\DoAnJavaa\lib\kotlin-runtime-1.2.71.jar;c:\Users\Kiet\Desktop\DoAnJavaa\lib\lib\jakarta.xml.bind-api-3.0.1.jar;c:\Users\Kiet\Desktop\DoAnJavaa\lib\kotlin-stdlib-1.4.0.jar;c:\Users\Kiet\Desktop\DoAnJavaa\lib\java-dotenv-5.2.2.jar;c:\Users\Kiet\Desktop\DoAnJavaa\lib\bridj-0.7.0.jar;c:\Users\Kiet\Desktop\DoAnJavaa\lib\lib\commons-io-2.11.0.jar;c:\Users\Kiet\Desktop\DoAnJavaa\lib\xmlbeans-3.1.0.jar;c:\Users\Kiet\Desktop\DoAnJavaa\lib\lib\SparseBitSet-1.2.jar;c:\Users\Kiet\Desktop\DoAnJavaa\lib\miglayout-4.0.jar;c:\Users\Kiet\Desktop\DoAnJavaa\lib\com.sun.net.ssl.jar;c:\Users\Kiet\Desktop\DoAnJavaa\lib\lib\poi-ooxml-5.2.3.jar;c:\Users\Kiet\Desktop\DoAnJavaa\lib\javase-3.3.0.jar;c:\Users\Kiet\Desktop\DoAnJavaa\lib\lib\commons-logging-1.2.jar;c:\Users\Kiet\Desktop\DoAnJavaa\lib\xmlbeans-2.3.0.jar;c:\Users\Kiet\Desktop\DoAnJavaa\lib\webcam-capture-0.3.12.jar;c:\Users\Kiet\Desktop\DoAnJavaa\lib\core-3.3.0.jar;c:\Users\Kiet\Desktop\DoAnJavaa\lib\lib\commons-math3-3.6.1.jar;c:\Users\Kiet\Desktop\DoAnJavaa\lib\lib\slf4j-api-1.7.36.jar;c:\Users\Kiet\Desktop\DoAnJavaa\lib\lib\poi-5.2.3.jar;c:\Users\Kiet\Desktop\DoAnJavaa\lib\flatlaf-fonts-roboto-2.137.jar;c:\Users\Kiet\Desktop\DoAnJavaa\lib\swing-worker-1.1.jar;c:\Users\Kiet\Desktop\DoAnJavaa\lib\kotlin-stdlib-1.5.31.jar;c:\Users\Kiet\Desktop\DoAnJavaa\lib\lib\poi-scratchpad-5.2.3.jar;c:\Users\Kiet\Desktop\DoAnJavaa\lib\javax.activation-1.2.0.jar;c:\Users\Kiet\Desktop\DoAnJavaa\lib\itextpdf-5.5.12.jar;c:\Users\Kiet\Desktop\DoAnJavaa\lib\javax.mail.jar
Launcher Type: SUN_STANDARD

[Global flags]
     intx CICompilerCount                          = 4                                         {product} {ergonomic}
     uint ConcGCThreads                            = 2                                         {product} {ergonomic}
     uint G1ConcRefinementThreads                  = 8                                         {product} {ergonomic}
   size_t G1HeapRegionSize                         = 1048576                                   {product} {ergonomic}
    uintx GCDrainStackTargetSize                   = 64                                        {product} {ergonomic}
   size_t InitialHeapSize                          = 132120576                                 {product} {ergonomic}
   size_t MarkStackSize                            = 4194304                                   {product} {ergonomic}
   size_t MaxHeapSize                              = 2095054848                                {product} {ergonomic}
   size_t MaxNewSize                               = 1256194048                                {product} {ergonomic}
   size_t MinHeapDeltaBytes                        = 1048576                                   {product} {ergonomic}
   size_t MinHeapSize                              = 8388608                                   {product} {ergonomic}
    uintx NonNMethodCodeHeapSize                   = 5839372                                {pd product} {ergonomic}
    uintx NonProfiledCodeHeapSize                  = 122909434                              {pd product} {ergonomic}
    uintx ProfiledCodeHeapSize                     = 122909434                              {pd product} {ergonomic}
    uintx ReservedCodeCacheSize                    = 251658240                              {pd product} {ergonomic}
     bool SegmentedCodeCache                       = true                                      {product} {ergonomic}
     bool ShowCodeDetailsInExceptionMessages       = true                                   {manageable} {command line}
   size_t SoftMaxHeapSize                          = 2095054848                             {manageable} {ergonomic}
     bool UseCompressedOops                        = true                           {product lp64_product} {ergonomic}
     bool UseG1GC                                  = true                                      {product} {ergonomic}
     bool UseLargePagesIndividualAllocation        = false                                  {pd product} {ergonomic}

Logging:
Log output configuration:
 #0: stdout all=warning uptime,level,tags foldmultilines=false
 #1: stderr all=off uptime,level,tags foldmultilines=false

Environment Variables:
PATH=C:\Program Files\Common Files\Oracle\Java\javapath;C:\Program Files (x86)\Common Files\Oracle\Java\javapath;C:\WINDOWS\system32;C:\WINDOWS;C:\WINDOWS\System32\Wbem;C:\WINDOWS\System32\WindowsPowerShell\v1.0\;C:\WINDOWS\System32\OpenSSH\;C:\Program Files\dotnet\;C:\Program Files\Common Files\Oracle\Java\javapath;C:\Program Files\Java\jdk-11\bin;C:\Program Files (x86)\Microsoft SQL Server\160\Tools\Binn\;C:\Program Files\Microsoft SQL Server\160\Tools\Binn\;C:\Program Files\Microsoft SQL Server\Client SDK\ODBC\170\Tools\Binn\;C:\Program Files\Microsoft SQL Server\160\DTS\Binn\;C:\Program Files (x86)\Microsoft SQL Server\160\DTS\Binn\;C:\Program Files\Azure Data Studio\bin;C:\Program Files\apache-maven-3.9.6\bin;C:\Program Files\Git\cmd;C:\Program Files\nodejs\;C:\Program Files\Java\jdk-21\bin;C:\Users\Kiet\AppData\Local\Microsoft\WindowsApps;C:\Users\Kiet\AppData\Local\Programs\Microsoft VS Code\bin;C:\Users\Kiet\AppData\Local\GitHubDesktop\bin;C:\Users\Kiet\.dotnet\tools;C:\Program Files\Azure Data Studio\bin;C:\Users\Kiet\AppData\Roaming\npm
USERNAME=Kiet
LANG=en_US.UTF-8
OS=Windows_NT
PROCESSOR_IDENTIFIER=Intel64 Family 6 Model 126 Stepping 5, GenuineIntel
TMP=C:\Users\Kiet\AppData\Local\Temp
TEMP=C:\Users\Kiet\AppData\Local\Temp




Periodic native trim disabled

---------------  S Y S T E M  ---------------

OS:
 Windows 11 , 64 bit Build 22621 (10.0.22621.3374)
OS uptime: 0 days 23:46 hours

CPU: total 8 (initial active 8) (4 cores per cpu, 2 threads per core) family 6 model 126 stepping 5 microcode 0xa6, cx8, cmov, fxsr, ht, mmx, 3dnowpref, sse, sse2, sse3, ssse3, sse4.1, sse4.2, popcnt, lzcnt, tsc, tscinvbit, avx, avx2, aes, erms, clmul, bmi1, bmi2, adx, avx512f, avx512dq, avx512cd, avx512bw, avx512vl, sha, fma, vzeroupper, avx512_vpopcntdq, avx512_vpclmulqdq, avx512_vaes, avx512_vnni, clflush, clflushopt, avx512_vbmi2, avx512_vbmi, rdtscp, rdpid, fsrm, gfni, avx512_bitalg, f16c, pku, avx512_ifma
Processor Information for all 8 processors :
  Max Mhz: 1190, Current Mhz: 991, Mhz Limit: 987

Memory: 4k page, system-wide physical 7987M (831M free)
TotalPageFile size 10035M (AvailPageFile size 1M)
current process WorkingSet (physical memory assigned to process): 112M, peak: 114M
current process commit charge ("private bytes"): 240M, peak: 242M

vm_info: Java HotSpot(TM) 64-Bit Server VM (21.0.2+13-LTS-58) for windows-amd64 JRE (21.0.2+13-LTS-58), built on 2024-01-05T18:32:24Z by "mach5one" with MS VC++ 17.1 (VS2022)

END.
