#
# There is insufficient memory for the Java Runtime Environment to continue.
# Native memory allocation (malloc) failed to allocate 489120 bytes for Chunk::new
# Possible reasons:
#   The system is out of physical RAM or swap space
#   The process is running with CompressedOops enabled, and the Java Heap may be blocking the growth of the native heap
# Possible solutions:
#   Reduce memory load on the system
#   Increase physical memory or swap space
#   Check if swap backing store is full
#   Decrease Java heap size (-Xmx/-Xms)
#   Decrease number of Java threads
#   Decrease Java thread stack sizes (-Xss)
#   Set larger code cache with -XX:ReservedCodeCacheSize=
#   JVM is running with Unscaled Compressed Oops mode in which the Java heap is
#     placed in the first 4GB address space. The Java Heap base address is the
#     maximum limit for the native heap growth. Please use -XX:HeapBaseMinAddress
#     to set the Java Heap base and to place the Java Heap above 4GB virtual address.
# This output file may be truncated or incomplete.
#
#  Out of Memory Error (arena.cpp:168), pid=9064, tid=9896
#
# JRE version: Java(TM) SE Runtime Environment (21.0.2+13) (build 21.0.2+13-LTS-58)
# Java VM: Java HotSpot(TM) 64-Bit Server VM (21.0.2+13-LTS-58, mixed mode, sharing, tiered, compressed oops, compressed class ptrs, g1 gc, windows-amd64)
# No core dump will be written. Minidumps are not enabled by default on client versions of Windows
#

---------------  S U M M A R Y ------------

Command Line: -XX:+ShowCodeDetailsInExceptionMessages GUI.LogIn

Host: Intel(R) Core(TM) i5-1035G1 CPU @ 1.00GHz, 8 cores, 7G,  Windows 11 , 64 bit Build 22621 (10.0.22621.3374)
Time: Thu May  2 23:24:36 2024 SE Asia Standard Time elapsed time: 31.030898 seconds (0d 0h 0m 31s)

---------------  T H R E A D  ---------------

Current thread (0x0000029e258c0800):  JavaThread "C2 CompilerThread0" daemon [_thread_in_native, id=9896, stack(0x000000cb81700000,0x000000cb81800000) (1024K)]


Current CompileTask:
C2:  31030 2527   !   4       java.lang.String::<init> (893 bytes)

Stack: [0x000000cb81700000,0x000000cb81800000]
Native frames: (J=compiled Java code, j=interpreted, Vv=VM code, C=native code)
V  [jvm.dll+0x6cade9]
V  [jvm.dll+0x8569c1]
V  [jvm.dll+0x858d2e]
V  [jvm.dll+0x859413]
V  [jvm.dll+0x280e56]
V  [jvm.dll+0xc3f3d]
V  [jvm.dll+0xc4473]
V  [jvm.dll+0x3b5c2c]
V  [jvm.dll+0x382855]
V  [jvm.dll+0x381cca]
V  [jvm.dll+0x249bd0]
V  [jvm.dll+0x2491b1]
V  [jvm.dll+0x1c9634]
V  [jvm.dll+0x258859]
V  [jvm.dll+0x256e3a]
V  [jvm.dll+0x3ef6c6]
V  [jvm.dll+0x7ff568]
V  [jvm.dll+0x6c953d]
C  [ucrtbase.dll+0x29333]
C  [KERNEL32.DLL+0x1257d]
C  [ntdll.dll+0x5aa48]


---------------  P R O C E S S  ---------------

Threads class SMR info:
_java_thread_list=0x0000029e6b3fc720, length=18, elements={
0x0000029e258b4ea0, 0x0000029e258b5eb0, 0x0000029e258b7d70, 0x0000029e258ba9d0,
0x0000029e258bd6b0, 0x0000029e258bf250, 0x0000029e258c0800, 0x0000029e258c3f30,
0x0000029e25b45a80, 0x0000029e25b5d1b0, 0x0000029e6b1c7bf0, 0x0000029e6bebedc0,
0x0000029e6bebf430, 0x0000029e6b6dec60, 0x0000029e06e71740, 0x0000029e6bd7d410,
0x0000029e6b7d8160, 0x0000029e6b60abb0
}

Java Threads: ( => current thread )
  0x0000029e258b4ea0 JavaThread "Reference Handler"          daemon [_thread_blocked, id=10204, stack(0x000000cb81100000,0x000000cb81200000) (1024K)]
  0x0000029e258b5eb0 JavaThread "Finalizer"                  daemon [_thread_blocked, id=5524, stack(0x000000cb81200000,0x000000cb81300000) (1024K)]
  0x0000029e258b7d70 JavaThread "Signal Dispatcher"          daemon [_thread_blocked, id=6044, stack(0x000000cb81300000,0x000000cb81400000) (1024K)]
  0x0000029e258ba9d0 JavaThread "Attach Listener"            daemon [_thread_blocked, id=19392, stack(0x000000cb81400000,0x000000cb81500000) (1024K)]
  0x0000029e258bd6b0 JavaThread "Service Thread"             daemon [_thread_blocked, id=2844, stack(0x000000cb81500000,0x000000cb81600000) (1024K)]
  0x0000029e258bf250 JavaThread "Monitor Deflation Thread"   daemon [_thread_blocked, id=20824, stack(0x000000cb81600000,0x000000cb81700000) (1024K)]
=>0x0000029e258c0800 JavaThread "C2 CompilerThread0"         daemon [_thread_in_native, id=9896, stack(0x000000cb81700000,0x000000cb81800000) (1024K)]
  0x0000029e258c3f30 JavaThread "C1 CompilerThread0"         daemon [_thread_blocked, id=11028, stack(0x000000cb81800000,0x000000cb81900000) (1024K)]
  0x0000029e25b45a80 JavaThread "Notification Thread"        daemon [_thread_blocked, id=15424, stack(0x000000cb81900000,0x000000cb81a00000) (1024K)]
  0x0000029e25b5d1b0 JavaThread "Common-Cleaner"             daemon [_thread_blocked, id=5328, stack(0x000000cb81a00000,0x000000cb81b00000) (1024K)]
  0x0000029e6b1c7bf0 JavaThread "Java2D Disposer"            daemon [_thread_blocked, id=19988, stack(0x000000cb81c00000,0x000000cb81d00000) (1024K)]
  0x0000029e6bebedc0 JavaThread "AWT-Shutdown"                      [_thread_blocked, id=20300, stack(0x000000cb81d00000,0x000000cb81e00000) (1024K)]
  0x0000029e6bebf430 JavaThread "AWT-Windows"                daemon [_thread_in_native, id=2168, stack(0x000000cb81e00000,0x000000cb81f00000) (1024K)]
  0x0000029e6b6dec60 JavaThread "AWT-EventQueue-0"                  [_thread_in_vm, id=21168, stack(0x000000cb82500000,0x000000cb82600000) (1024K)]
  0x0000029e06e71740 JavaThread "DestroyJavaVM"                     [_thread_blocked, id=4552, stack(0x000000cb80900000,0x000000cb80a00000) (1024K)]
  0x0000029e6bd7d410 JavaThread "TimerQueue"                 daemon [_thread_blocked, id=8508, stack(0x000000cb82b00000,0x000000cb82c00000) (1024K)]
  0x0000029e6b7d8160 JavaThread "mysql-cj-abandoned-connection-cleanup" daemon [_thread_blocked, id=16372, stack(0x000000cb81b00000,0x000000cb81c00000) (1024K)]
  0x0000029e6b60abb0 JavaThread "C2 CompilerThread1"         daemon [_thread_in_native, id=7748, stack(0x000000cb82900000,0x000000cb82a00000) (1024K)]
Total: 18

Other Threads:
  0x0000029e25898350 VMThread "VM Thread"                           [id=2544, stack(0x000000cb81000000,0x000000cb81100000) (1024K)]
  0x0000029e2587f090 WatcherThread "VM Periodic Task Thread"        [id=6200, stack(0x000000cb80f00000,0x000000cb81000000) (1024K)]
  0x0000029e09027200 WorkerThread "GC Thread#0"                     [id=4092, stack(0x000000cb80a00000,0x000000cb80b00000) (1024K)]
  0x0000029e6b4f9c80 WorkerThread "GC Thread#1"                     [id=18348, stack(0x000000cb81f00000,0x000000cb82000000) (1024K)]
  0x0000029e6b4fa020 WorkerThread "GC Thread#2"                     [id=6176, stack(0x000000cb82000000,0x000000cb82100000) (1024K)]
  0x0000029e6b4fa3c0 WorkerThread "GC Thread#3"                     [id=20804, stack(0x000000cb82100000,0x000000cb82200000) (1024K)]
  0x0000029e6b293080 WorkerThread "GC Thread#4"                     [id=21832, stack(0x000000cb82200000,0x000000cb82300000) (1024K)]
  0x0000029e6b6f6f20 WorkerThread "GC Thread#5"                     [id=7188, stack(0x000000cb82300000,0x000000cb82400000) (1024K)]
  0x0000029e6b70ebe0 WorkerThread "GC Thread#6"                     [id=21192, stack(0x000000cb82400000,0x000000cb82500000) (1024K)]
  0x0000029e6c4f8780 WorkerThread "GC Thread#7"                     [id=8368, stack(0x000000cb82a00000,0x000000cb82b00000) (1024K)]
  0x0000029e090383b0 ConcurrentGCThread "G1 Main Marker"            [id=13372, stack(0x000000cb80b00000,0x000000cb80c00000) (1024K)]
  0x0000029e09039060 WorkerThread "G1 Conc#0"                       [id=3208, stack(0x000000cb80c00000,0x000000cb80d00000) (1024K)]
  0x0000029e2574f150 ConcurrentGCThread "G1 Refine#0"               [id=9992, stack(0x000000cb80d00000,0x000000cb80e00000) (1024K)]
  0x0000029e2574fbd0 ConcurrentGCThread "G1 Service"                [id=10624, stack(0x000000cb80e00000,0x000000cb80f00000) (1024K)]
Total: 14

Threads with active compile tasks:
C2 CompilerThread0    31053 2527   !   4       java.lang.String::<init> (893 bytes)
C2 CompilerThread1    31053 2537   !   4       java.util.concurrent.ConcurrentHashMap::transfer (849 bytes)
Total: 2

VM state: not at safepoint (normal execution)

VM Mutex/Monitor currently owned by a thread:  ([mutex/lock_event])
[0x00007fff506cace8] Metaspace_lock - owner thread: 0x0000029e6b6dec60

Heap address: 0x0000000083200000, size: 1998 MB, Compressed Oops mode: 32-bit

CDS archive(s) mapped at: [0x0000029e26000000-0x0000029e26c90000-0x0000029e26c90000), size 13172736, SharedBaseAddress: 0x0000029e26000000, ArchiveRelocationMode: 1.
Compressed class space mapped at: 0x0000029e27000000-0x0000029e67000000, reserved size: 1073741824
Narrow klass base: 0x0000029e26000000, Narrow klass shift: 0, Narrow klass range: 0x100000000

GC Precious Log:
 CardTable entry size: 512
 Card Set container configuration: InlinePtr #cards 5 size 8 Array Of Cards #cards 12 size 40 Howl #buckets 4 coarsen threshold 1843 Howl Bitmap #cards 512 size 80 coarsen threshold 460 Card regions per heap region 1 cards per card region 2048
 CPUs: 8 total, 8 available
 Memory: 7987M
 Large Page Support: Disabled
 NUMA Support: Disabled
 Compressed Oops: Enabled (32-bit)
 Heap Region Size: 1M
 Heap Min Capacity: 8M
 Heap Initial Capacity: 126M
 Heap Max Capacity: 1998M
 Pre-touch: Disabled
 Parallel Workers: 8
 Concurrent Workers: 2
 Concurrent Refinement Workers: 8
 Periodic GC: Disabled

Heap:
 garbage-first heap   total 129024K, used 23842K [0x0000000083200000, 0x0000000100000000)
  region size 1024K, 11 young (11264K), 3 survivors (3072K)
 Metaspace       used 14730K, committed 14976K, reserved 1114112K
  class space    used 1544K, committed 1664K, reserved 1048576K

Heap Regions: E=young(eden), S=young(survivor), O=old, HS=humongous(starts), HC=humongous(continues), CS=collection set, F=free, TAMS=top-at-mark-start, PB=parsable bottom
|   0|0x0000000083200000, 0x0000000083300000, 0x0000000083300000|100%|HS|  |TAMS 0x0000000083200000| PB 0x0000000083200000| Complete 
|   1|0x0000000083300000, 0x0000000083400000, 0x0000000083400000|100%|HC|  |TAMS 0x0000000083300000| PB 0x0000000083300000| Complete 
|   2|0x0000000083400000, 0x0000000083500000, 0x0000000083500000|100%|HS|  |TAMS 0x0000000083400000| PB 0x0000000083400000| Complete 
|   3|0x0000000083500000, 0x0000000083600000, 0x0000000083600000|100%| O|  |TAMS 0x0000000083500000| PB 0x0000000083500000| Untracked 
|   4|0x0000000083600000, 0x0000000083700000, 0x0000000083700000|100%| O|  |TAMS 0x0000000083600000| PB 0x0000000083600000| Untracked 
|   5|0x0000000083700000, 0x0000000083800000, 0x0000000083800000|100%| O|  |TAMS 0x0000000083700000| PB 0x0000000083700000| Untracked 
|   6|0x0000000083800000, 0x0000000083900000, 0x0000000083900000|100%| O|  |TAMS 0x0000000083800000| PB 0x0000000083800000| Untracked 
|   7|0x0000000083900000, 0x0000000083a00000, 0x0000000083a00000|100%| O|  |TAMS 0x0000000083900000| PB 0x0000000083900000| Untracked 
|   8|0x0000000083a00000, 0x0000000083b00000, 0x0000000083b00000|100%|HS|  |TAMS 0x0000000083a00000| PB 0x0000000083a00000| Complete 
|   9|0x0000000083b00000, 0x0000000083c00000, 0x0000000083c00000|100%|HC|  |TAMS 0x0000000083b00000| PB 0x0000000083b00000| Complete 
|  10|0x0000000083c00000, 0x0000000083d00000, 0x0000000083d00000|100%|HC|  |TAMS 0x0000000083c00000| PB 0x0000000083c00000| Complete 
|  11|0x0000000083d00000, 0x0000000083e00000, 0x0000000083e00000|100%| O|  |TAMS 0x0000000083d00000| PB 0x0000000083d00000| Untracked 
|  12|0x0000000083e00000, 0x0000000083f00000, 0x0000000083f00000|100%| O|  |TAMS 0x0000000083e00000| PB 0x0000000083e00000| Untracked 
|  13|0x0000000083f00000, 0x0000000083f91f80, 0x0000000084000000| 57%| O|  |TAMS 0x0000000083f00000| PB 0x0000000083f00000| Untracked 
|  14|0x0000000084000000, 0x0000000084000000, 0x0000000084100000|  0%| F|  |TAMS 0x0000000084000000| PB 0x0000000084000000| Untracked 
|  15|0x0000000084100000, 0x0000000084100000, 0x0000000084200000|  0%| F|  |TAMS 0x0000000084100000| PB 0x0000000084100000| Untracked 
|  16|0x0000000084200000, 0x0000000084200000, 0x0000000084300000|  0%| F|  |TAMS 0x0000000084200000| PB 0x0000000084200000| Untracked 
|  17|0x0000000084300000, 0x0000000084300000, 0x0000000084400000|  0%| F|  |TAMS 0x0000000084300000| PB 0x0000000084300000| Untracked 
|  18|0x0000000084400000, 0x0000000084400000, 0x0000000084500000|  0%| F|  |TAMS 0x0000000084400000| PB 0x0000000084400000| Untracked 
|  19|0x0000000084500000, 0x0000000084500000, 0x0000000084600000|  0%| F|  |TAMS 0x0000000084500000| PB 0x0000000084500000| Untracked 
|  20|0x0000000084600000, 0x0000000084600000, 0x0000000084700000|  0%| F|  |TAMS 0x0000000084600000| PB 0x0000000084600000| Untracked 
|  21|0x0000000084700000, 0x0000000084700000, 0x0000000084800000|  0%| F|  |TAMS 0x0000000084700000| PB 0x0000000084700000| Untracked 
|  22|0x0000000084800000, 0x0000000084800000, 0x0000000084900000|  0%| F|  |TAMS 0x0000000084800000| PB 0x0000000084800000| Untracked 
|  23|0x0000000084900000, 0x0000000084900000, 0x0000000084a00000|  0%| F|  |TAMS 0x0000000084900000| PB 0x0000000084900000| Untracked 
|  24|0x0000000084a00000, 0x0000000084a00000, 0x0000000084b00000|  0%| F|  |TAMS 0x0000000084a00000| PB 0x0000000084a00000| Untracked 
|  25|0x0000000084b00000, 0x0000000084b00000, 0x0000000084c00000|  0%| F|  |TAMS 0x0000000084b00000| PB 0x0000000084b00000| Untracked 
|  26|0x0000000084c00000, 0x0000000084c00000, 0x0000000084d00000|  0%| F|  |TAMS 0x0000000084c00000| PB 0x0000000084c00000| Untracked 
|  27|0x0000000084d00000, 0x0000000084d00000, 0x0000000084e00000|  0%| F|  |TAMS 0x0000000084d00000| PB 0x0000000084d00000| Untracked 
|  28|0x0000000084e00000, 0x0000000084e00000, 0x0000000084f00000|  0%| F|  |TAMS 0x0000000084e00000| PB 0x0000000084e00000| Untracked 
|  29|0x0000000084f00000, 0x0000000084f00000, 0x0000000085000000|  0%| F|  |TAMS 0x0000000084f00000| PB 0x0000000084f00000| Untracked 
|  30|0x0000000085000000, 0x0000000085000000, 0x0000000085100000|  0%| F|  |TAMS 0x0000000085000000| PB 0x0000000085000000| Untracked 
|  31|0x0000000085100000, 0x0000000085100000, 0x0000000085200000|  0%| F|  |TAMS 0x0000000085100000| PB 0x0000000085100000| Untracked 
|  32|0x0000000085200000, 0x0000000085200000, 0x0000000085300000|  0%| F|  |TAMS 0x0000000085200000| PB 0x0000000085200000| Untracked 
|  33|0x0000000085300000, 0x0000000085300000, 0x0000000085400000|  0%| F|  |TAMS 0x0000000085300000| PB 0x0000000085300000| Untracked 
|  34|0x0000000085400000, 0x0000000085400000, 0x0000000085500000|  0%| F|  |TAMS 0x0000000085400000| PB 0x0000000085400000| Untracked 
|  35|0x0000000085500000, 0x0000000085500000, 0x0000000085600000|  0%| F|  |TAMS 0x0000000085500000| PB 0x0000000085500000| Untracked 
|  36|0x0000000085600000, 0x0000000085600000, 0x0000000085700000|  0%| F|  |TAMS 0x0000000085600000| PB 0x0000000085600000| Untracked 
|  37|0x0000000085700000, 0x0000000085700000, 0x0000000085800000|  0%| F|  |TAMS 0x0000000085700000| PB 0x0000000085700000| Untracked 
|  38|0x0000000085800000, 0x0000000085800000, 0x0000000085900000|  0%| F|  |TAMS 0x0000000085800000| PB 0x0000000085800000| Untracked 
|  39|0x0000000085900000, 0x0000000085900000, 0x0000000085a00000|  0%| F|  |TAMS 0x0000000085900000| PB 0x0000000085900000| Untracked 
|  40|0x0000000085a00000, 0x0000000085a00000, 0x0000000085b00000|  0%| F|  |TAMS 0x0000000085a00000| PB 0x0000000085a00000| Untracked 
|  41|0x0000000085b00000, 0x0000000085b00000, 0x0000000085c00000|  0%| F|  |TAMS 0x0000000085b00000| PB 0x0000000085b00000| Untracked 
|  42|0x0000000085c00000, 0x0000000085c00000, 0x0000000085d00000|  0%| F|  |TAMS 0x0000000085c00000| PB 0x0000000085c00000| Untracked 
|  43|0x0000000085d00000, 0x0000000085d00000, 0x0000000085e00000|  0%| F|  |TAMS 0x0000000085d00000| PB 0x0000000085d00000| Untracked 
|  44|0x0000000085e00000, 0x0000000085e00000, 0x0000000085f00000|  0%| F|  |TAMS 0x0000000085e00000| PB 0x0000000085e00000| Untracked 
|  45|0x0000000085f00000, 0x0000000085f00000, 0x0000000086000000|  0%| F|  |TAMS 0x0000000085f00000| PB 0x0000000085f00000| Untracked 
|  46|0x0000000086000000, 0x0000000086000000, 0x0000000086100000|  0%| F|  |TAMS 0x0000000086000000| PB 0x0000000086000000| Untracked 
|  47|0x0000000086100000, 0x0000000086100000, 0x0000000086200000|  0%| F|  |TAMS 0x0000000086100000| PB 0x0000000086100000| Untracked 
|  48|0x0000000086200000, 0x0000000086200000, 0x0000000086300000|  0%| F|  |TAMS 0x0000000086200000| PB 0x0000000086200000| Untracked 
|  49|0x0000000086300000, 0x0000000086300000, 0x0000000086400000|  0%| F|  |TAMS 0x0000000086300000| PB 0x0000000086300000| Untracked 
|  50|0x0000000086400000, 0x0000000086400000, 0x0000000086500000|  0%| F|  |TAMS 0x0000000086400000| PB 0x0000000086400000| Untracked 
|  51|0x0000000086500000, 0x0000000086500000, 0x0000000086600000|  0%| F|  |TAMS 0x0000000086500000| PB 0x0000000086500000| Untracked 
|  52|0x0000000086600000, 0x0000000086600000, 0x0000000086700000|  0%| F|  |TAMS 0x0000000086600000| PB 0x0000000086600000| Untracked 
|  53|0x0000000086700000, 0x0000000086700000, 0x0000000086800000|  0%| F|  |TAMS 0x0000000086700000| PB 0x0000000086700000| Untracked 
|  54|0x0000000086800000, 0x0000000086800000, 0x0000000086900000|  0%| F|  |TAMS 0x0000000086800000| PB 0x0000000086800000| Untracked 
|  55|0x0000000086900000, 0x0000000086900000, 0x0000000086a00000|  0%| F|  |TAMS 0x0000000086900000| PB 0x0000000086900000| Untracked 
|  56|0x0000000086a00000, 0x0000000086a00000, 0x0000000086b00000|  0%| F|  |TAMS 0x0000000086a00000| PB 0x0000000086a00000| Untracked 
|  57|0x0000000086b00000, 0x0000000086b00000, 0x0000000086c00000|  0%| F|  |TAMS 0x0000000086b00000| PB 0x0000000086b00000| Untracked 
|  58|0x0000000086c00000, 0x0000000086c00000, 0x0000000086d00000|  0%| F|  |TAMS 0x0000000086c00000| PB 0x0000000086c00000| Untracked 
|  59|0x0000000086d00000, 0x0000000086d00000, 0x0000000086e00000|  0%| F|  |TAMS 0x0000000086d00000| PB 0x0000000086d00000| Untracked 
|  60|0x0000000086e00000, 0x0000000086e00000, 0x0000000086f00000|  0%| F|  |TAMS 0x0000000086e00000| PB 0x0000000086e00000| Untracked 
|  61|0x0000000086f00000, 0x0000000086f00000, 0x0000000087000000|  0%| F|  |TAMS 0x0000000086f00000| PB 0x0000000086f00000| Untracked 
|  62|0x0000000087000000, 0x0000000087000000, 0x0000000087100000|  0%| F|  |TAMS 0x0000000087000000| PB 0x0000000087000000| Untracked 
|  63|0x0000000087100000, 0x0000000087100000, 0x0000000087200000|  0%| F|  |TAMS 0x0000000087100000| PB 0x0000000087100000| Untracked 
|  64|0x0000000087200000, 0x0000000087200000, 0x0000000087300000|  0%| F|  |TAMS 0x0000000087200000| PB 0x0000000087200000| Untracked 
|  65|0x0000000087300000, 0x0000000087300000, 0x0000000087400000|  0%| F|  |TAMS 0x0000000087300000| PB 0x0000000087300000| Untracked 
|  66|0x0000000087400000, 0x0000000087400000, 0x0000000087500000|  0%| F|  |TAMS 0x0000000087400000| PB 0x0000000087400000| Untracked 
|  67|0x0000000087500000, 0x0000000087500000, 0x0000000087600000|  0%| F|  |TAMS 0x0000000087500000| PB 0x0000000087500000| Untracked 
|  68|0x0000000087600000, 0x0000000087600000, 0x0000000087700000|  0%| F|  |TAMS 0x0000000087600000| PB 0x0000000087600000| Untracked 
|  69|0x0000000087700000, 0x0000000087700000, 0x0000000087800000|  0%| F|  |TAMS 0x0000000087700000| PB 0x0000000087700000| Untracked 
|  70|0x0000000087800000, 0x0000000087800000, 0x0000000087900000|  0%| F|  |TAMS 0x0000000087800000| PB 0x0000000087800000| Untracked 
|  71|0x0000000087900000, 0x0000000087900000, 0x0000000087a00000|  0%| F|  |TAMS 0x0000000087900000| PB 0x0000000087900000| Untracked 
|  72|0x0000000087a00000, 0x0000000087a00000, 0x0000000087b00000|  0%| F|  |TAMS 0x0000000087a00000| PB 0x0000000087a00000| Untracked 
|  73|0x0000000087b00000, 0x0000000087b00000, 0x0000000087c00000|  0%| F|  |TAMS 0x0000000087b00000| PB 0x0000000087b00000| Untracked 
|  74|0x0000000087c00000, 0x0000000087c00000, 0x0000000087d00000|  0%| F|  |TAMS 0x0000000087c00000| PB 0x0000000087c00000| Untracked 
|  75|0x0000000087d00000, 0x0000000087d00000, 0x0000000087e00000|  0%| F|  |TAMS 0x0000000087d00000| PB 0x0000000087d00000| Untracked 
|  76|0x0000000087e00000, 0x0000000087e00000, 0x0000000087f00000|  0%| F|  |TAMS 0x0000000087e00000| PB 0x0000000087e00000| Untracked 
|  77|0x0000000087f00000, 0x0000000087f00000, 0x0000000088000000|  0%| F|  |TAMS 0x0000000087f00000| PB 0x0000000087f00000| Untracked 
|  78|0x0000000088000000, 0x0000000088000000, 0x0000000088100000|  0%| F|  |TAMS 0x0000000088000000| PB 0x0000000088000000| Untracked 
|  79|0x0000000088100000, 0x0000000088100000, 0x0000000088200000|  0%| F|  |TAMS 0x0000000088100000| PB 0x0000000088100000| Untracked 
|  80|0x0000000088200000, 0x0000000088200000, 0x0000000088300000|  0%| F|  |TAMS 0x0000000088200000| PB 0x0000000088200000| Untracked 
|  81|0x0000000088300000, 0x0000000088300000, 0x0000000088400000|  0%| F|  |TAMS 0x0000000088300000| PB 0x0000000088300000| Untracked 
|  82|0x0000000088400000, 0x0000000088400000, 0x0000000088500000|  0%| F|  |TAMS 0x0000000088400000| PB 0x0000000088400000| Untracked 
|  83|0x0000000088500000, 0x0000000088500000, 0x0000000088600000|  0%| F|  |TAMS 0x0000000088500000| PB 0x0000000088500000| Untracked 
|  84|0x0000000088600000, 0x0000000088600000, 0x0000000088700000|  0%| F|  |TAMS 0x0000000088600000| PB 0x0000000088600000| Untracked 
|  85|0x0000000088700000, 0x0000000088700000, 0x0000000088800000|  0%| F|  |TAMS 0x0000000088700000| PB 0x0000000088700000| Untracked 
|  86|0x0000000088800000, 0x0000000088800000, 0x0000000088900000|  0%| F|  |TAMS 0x0000000088800000| PB 0x0000000088800000| Untracked 
|  87|0x0000000088900000, 0x0000000088900000, 0x0000000088a00000|  0%| F|  |TAMS 0x0000000088900000| PB 0x0000000088900000| Untracked 
|  88|0x0000000088a00000, 0x0000000088a00000, 0x0000000088b00000|  0%| F|  |TAMS 0x0000000088a00000| PB 0x0000000088a00000| Untracked 
|  89|0x0000000088b00000, 0x0000000088b00000, 0x0000000088c00000|  0%| F|  |TAMS 0x0000000088b00000| PB 0x0000000088b00000| Untracked 
|  90|0x0000000088c00000, 0x0000000088c00000, 0x0000000088d00000|  0%| F|  |TAMS 0x0000000088c00000| PB 0x0000000088c00000| Untracked 
|  91|0x0000000088d00000, 0x0000000088d00000, 0x0000000088e00000|  0%| F|  |TAMS 0x0000000088d00000| PB 0x0000000088d00000| Untracked 
|  92|0x0000000088e00000, 0x0000000088e00000, 0x0000000088f00000|  0%| F|  |TAMS 0x0000000088e00000| PB 0x0000000088e00000| Untracked 
|  93|0x0000000088f00000, 0x0000000088fb6c70, 0x0000000089000000| 71%| S|CS|TAMS 0x0000000088f00000| PB 0x0000000088f00000| Complete 
|  94|0x0000000089000000, 0x0000000089100000, 0x0000000089100000|100%| S|CS|TAMS 0x0000000089000000| PB 0x0000000089000000| Complete 
|  95|0x0000000089100000, 0x0000000089200000, 0x0000000089200000|100%| S|CS|TAMS 0x0000000089100000| PB 0x0000000089100000| Complete 
|  96|0x0000000089200000, 0x0000000089200000, 0x0000000089300000|  0%| F|  |TAMS 0x0000000089200000| PB 0x0000000089200000| Untracked 
|  97|0x0000000089300000, 0x0000000089300000, 0x0000000089400000|  0%| F|  |TAMS 0x0000000089300000| PB 0x0000000089300000| Untracked 
|  98|0x0000000089400000, 0x0000000089400000, 0x0000000089500000|  0%| F|  |TAMS 0x0000000089400000| PB 0x0000000089400000| Untracked 
|  99|0x0000000089500000, 0x0000000089500000, 0x0000000089600000|  0%| F|  |TAMS 0x0000000089500000| PB 0x0000000089500000| Untracked 
| 100|0x0000000089600000, 0x0000000089600000, 0x0000000089700000|  0%| F|  |TAMS 0x0000000089600000| PB 0x0000000089600000| Untracked 
| 101|0x0000000089700000, 0x0000000089700000, 0x0000000089800000|  0%| F|  |TAMS 0x0000000089700000| PB 0x0000000089700000| Untracked 
| 102|0x0000000089800000, 0x0000000089800000, 0x0000000089900000|  0%| F|  |TAMS 0x0000000089800000| PB 0x0000000089800000| Untracked 
| 103|0x0000000089900000, 0x0000000089900000, 0x0000000089a00000|  0%| F|  |TAMS 0x0000000089900000| PB 0x0000000089900000| Untracked 
| 104|0x0000000089a00000, 0x0000000089a00000, 0x0000000089b00000|  0%| F|  |TAMS 0x0000000089a00000| PB 0x0000000089a00000| Untracked 
| 105|0x0000000089b00000, 0x0000000089b00000, 0x0000000089c00000|  0%| F|  |TAMS 0x0000000089b00000| PB 0x0000000089b00000| Untracked 
| 106|0x0000000089c00000, 0x0000000089c00000, 0x0000000089d00000|  0%| F|  |TAMS 0x0000000089c00000| PB 0x0000000089c00000| Untracked 
| 107|0x0000000089d00000, 0x0000000089d00000, 0x0000000089e00000|  0%| F|  |TAMS 0x0000000089d00000| PB 0x0000000089d00000| Untracked 
| 108|0x0000000089e00000, 0x0000000089e00000, 0x0000000089f00000|  0%| F|  |TAMS 0x0000000089e00000| PB 0x0000000089e00000| Untracked 
| 109|0x0000000089f00000, 0x0000000089f00000, 0x000000008a000000|  0%| F|  |TAMS 0x0000000089f00000| PB 0x0000000089f00000| Untracked 
| 110|0x000000008a000000, 0x000000008a000000, 0x000000008a100000|  0%| F|  |TAMS 0x000000008a000000| PB 0x000000008a000000| Untracked 
| 111|0x000000008a100000, 0x000000008a100000, 0x000000008a200000|  0%| F|  |TAMS 0x000000008a100000| PB 0x000000008a100000| Untracked 
| 112|0x000000008a200000, 0x000000008a200000, 0x000000008a300000|  0%| F|  |TAMS 0x000000008a200000| PB 0x000000008a200000| Untracked 
| 113|0x000000008a300000, 0x000000008a300000, 0x000000008a400000|  0%| F|  |TAMS 0x000000008a300000| PB 0x000000008a300000| Untracked 
| 114|0x000000008a400000, 0x000000008a400000, 0x000000008a500000|  0%| F|  |TAMS 0x000000008a400000| PB 0x000000008a400000| Untracked 
| 115|0x000000008a500000, 0x000000008a500000, 0x000000008a600000|  0%| F|  |TAMS 0x000000008a500000| PB 0x000000008a500000| Untracked 
| 116|0x000000008a600000, 0x000000008a600000, 0x000000008a700000|  0%| F|  |TAMS 0x000000008a600000| PB 0x000000008a600000| Untracked 
| 117|0x000000008a700000, 0x000000008a700000, 0x000000008a800000|  0%| F|  |TAMS 0x000000008a700000| PB 0x000000008a700000| Untracked 
| 118|0x000000008a800000, 0x000000008a8b3580, 0x000000008a900000| 70%| E|  |TAMS 0x000000008a800000| PB 0x000000008a800000| Complete 
| 119|0x000000008a900000, 0x000000008aa00000, 0x000000008aa00000|100%| E|CS|TAMS 0x000000008a900000| PB 0x000000008a900000| Complete 
| 120|0x000000008aa00000, 0x000000008ab00000, 0x000000008ab00000|100%| E|CS|TAMS 0x000000008aa00000| PB 0x000000008aa00000| Complete 
| 121|0x000000008ab00000, 0x000000008ac00000, 0x000000008ac00000|100%| E|CS|TAMS 0x000000008ab00000| PB 0x000000008ab00000| Complete 
| 122|0x000000008ac00000, 0x000000008ad00000, 0x000000008ad00000|100%| E|CS|TAMS 0x000000008ac00000| PB 0x000000008ac00000| Complete 
| 123|0x000000008ad00000, 0x000000008ae00000, 0x000000008ae00000|100%| E|CS|TAMS 0x000000008ad00000| PB 0x000000008ad00000| Complete 
| 124|0x000000008ae00000, 0x000000008af00000, 0x000000008af00000|100%| E|CS|TAMS 0x000000008ae00000| PB 0x000000008ae00000| Complete 
| 125|0x000000008af00000, 0x000000008b000000, 0x000000008b000000|100%| E|CS|TAMS 0x000000008af00000| PB 0x000000008af00000| Complete 

Card table byte_map: [0x0000029e20b50000,0x0000029e20f40000] _byte_map_base: 0x0000029e20737000

Marking Bits: (CMBitMap*) 0x0000029e09027900
 Bits: [0x0000029e20f40000, 0x0000029e22e78000)

Polling page: 0x0000029e06f70000

Metaspace:

Usage:
  Non-class:     12.88 MB used.
      Class:      1.51 MB used.
       Both:     14.38 MB used.

Virtual space:
  Non-class space:       64.00 MB reserved,      13.00 MB ( 20%) committed,  1 nodes.
      Class space:        1.00 GB reserved,       1.62 MB ( <1%) committed,  1 nodes.
             Both:        1.06 GB reserved,      14.62 MB (  1%) committed. 

Chunk freelists:
   Non-Class:  2.89 MB
       Class:  14.21 MB
        Both:  17.10 MB

MaxMetaspaceSize: unlimited
CompressedClassSpaceSize: 1.00 GB
Initial GC threshold: 21.00 MB
Current GC threshold: 21.00 MB
CDS: on
 - commit_granule_bytes: 65536.
 - commit_granule_words: 8192.
 - virtual_space_node_default_size: 8388608.
 - enlarge_chunks_in_place: 1.
 - use_allocation_guard: 0.


Internal statistics:

num_allocs_failed_limit: 0.
num_arena_births: 262.
num_arena_deaths: 0.
num_vsnodes_births: 2.
num_vsnodes_deaths: 0.
num_space_committed: 234.
num_space_uncommitted: 0.
num_chunks_returned_to_freelist: 0.
num_chunks_taken_from_freelist: 414.
num_chunk_merges: 0.
num_chunk_splits: 252.
num_chunks_enlarged: 145.
num_inconsistent_stats: 0.

CodeHeap 'non-profiled nmethods': size=120000Kb used=1155Kb max_used=1155Kb free=118844Kb
 bounds [0x0000029e18f00000, 0x0000029e19170000, 0x0000029e20430000]
CodeHeap 'profiled nmethods': size=120000Kb used=5192Kb max_used=5192Kb free=114807Kb
 bounds [0x0000029e11430000, 0x0000029e11950000, 0x0000029e18960000]
CodeHeap 'non-nmethods': size=5760Kb used=1894Kb max_used=1917Kb free=3865Kb
 bounds [0x0000029e18960000, 0x0000029e18bd0000, 0x0000029e18f00000]
 total_blobs=3307 nmethods=2579 adapters=632
 compilation: enabled
              stopped_count=0, restarted_count=0
 full_count=0

Compilation events (20 events):
Event: 31.019 Thread 0x0000029e258c3f30 2572       3       sun.security.util.ObjectIdentifier::checkOidSize (86 bytes)
Event: 31.020 Thread 0x0000029e258c3f30 nmethod 2572 0x0000029e1193d490 code [0x0000029e1193d780, 0x0000029e1193e420]
Event: 31.020 Thread 0x0000029e258c3f30 2574       3       sun.security.util.ObjectIdentifier::pack7Oid (83 bytes)
Event: 31.020 Thread 0x0000029e258c3f30 nmethod 2574 0x0000029e1193e910 code [0x0000029e1193eae0, 0x0000029e1193ee20]
Event: 31.020 Thread 0x0000029e258c3f30 2573       3       sun.security.util.ObjectIdentifier::pack7Oid (42 bytes)
Event: 31.020 Thread 0x0000029e258c3f30 nmethod 2573 0x0000029e1193ef90 code [0x0000029e1193f140, 0x0000029e1193f330]
Event: 31.021 Thread 0x0000029e258c3f30 2576       3       java.lang.invoke.MethodHandles$Lookup$ClassFile::newInstanceNoCheck (11 bytes)
Event: 31.021 Thread 0x0000029e258c3f30 nmethod 2576 0x0000029e1193f410 code [0x0000029e1193f5c0, 0x0000029e1193f880]
Event: 31.021 Thread 0x0000029e258c3f30 2577       3       java.lang.invoke.MethodHandles$Lookup$ClassFile::<init> (20 bytes)
Event: 31.021 Thread 0x0000029e258c3f30 nmethod 2577 0x0000029e1193f990 code [0x0000029e1193fb40, 0x0000029e1193fd68]
Event: 31.021 Thread 0x0000029e258c3f30 2578       3       java.lang.invoke.MethodHandles$Lookup::makeHiddenClassDefiner (20 bytes)
Event: 31.021 Thread 0x0000029e258c3f30 nmethod 2578 0x0000029e1193fe10 code [0x0000029e1193ffe0, 0x0000029e119402f0]
Event: 31.022 Thread 0x0000029e258c3f30 2579       3       java.lang.invoke.MethodHandles$Lookup::makeHiddenClassDefiner (44 bytes)
Event: 31.022 Thread 0x0000029e258c3f30 nmethod 2579 0x0000029e11940490 code [0x0000029e119406c0, 0x0000029e11940da8]
Event: 31.022 Thread 0x0000029e258c3f30 2580       3       java.lang.Byte::<init> (10 bytes)
Event: 31.022 Thread 0x0000029e258c3f30 nmethod 2580 0x0000029e11941090 code [0x0000029e11941240, 0x0000029e11941408]
Event: 31.025 Thread 0x0000029e258c3f30 2581       3       sun.security.util.ObjectIdentifier::checkOtherComponent (41 bytes)
Event: 31.025 Thread 0x0000029e6b60abb0 nmethod 2554 0x0000029e1901e610 code [0x0000029e1901e800, 0x0000029e1901f030]
Event: 31.025 Thread 0x0000029e6b60abb0 2559       4       java.util.HashMap::resize (356 bytes)
Event: 31.025 Thread 0x0000029e258c3f30 nmethod 2581 0x0000029e11941510 code [0x0000029e11941760, 0x0000029e11941df8]

GC Heap History (4 events):
Event: 0.730 GC heap before
{Heap before GC invocations=0 (full 0):
 garbage-first heap   total 129024K, used 26624K [0x0000000083200000, 0x0000000100000000)
  region size 1024K, 23 young (23552K), 0 survivors (0K)
 Metaspace       used 5652K, committed 5888K, reserved 1114112K
  class space    used 535K, committed 640K, reserved 1048576K
}
Event: 0.734 GC heap after
{Heap after GC invocations=1 (full 0):
 garbage-first heap   total 129024K, used 10720K [0x0000000083200000, 0x0000000100000000)
  region size 1024K, 3 young (3072K), 3 survivors (3072K)
 Metaspace       used 5652K, committed 5888K, reserved 1114112K
  class space    used 535K, committed 640K, reserved 1048576K
}
Event: 1.297 GC heap before
{Heap before GC invocations=1 (full 0):
 garbage-first heap   total 129024K, used 41440K [0x0000000083200000, 0x0000000100000000)
  region size 1024K, 30 young (30720K), 3 survivors (3072K)
 Metaspace       used 13445K, committed 13696K, reserved 1114112K
  class space    used 1457K, committed 1600K, reserved 1048576K
}
Event: 1.300 GC heap after
{Heap after GC invocations=2 (full 0):
 garbage-first heap   total 129024K, used 16674K [0x0000000083200000, 0x0000000100000000)
  region size 1024K, 3 young (3072K), 3 survivors (3072K)
 Metaspace       used 13445K, committed 13696K, reserved 1114112K
  class space    used 1457K, committed 1600K, reserved 1048576K
}

Dll operation events (11 events):
Event: 0.008 Loaded shared library C:\Program Files\Java\jdk-21\bin\java.dll
Event: 0.039 Loaded shared library C:\Program Files\Java\jdk-21\bin\jsvml.dll
Event: 0.110 Loaded shared library C:\Program Files\Java\jdk-21\bin\jimage.dll
Event: 0.116 Loaded shared library C:\Program Files\Java\jdk-21\bin\net.dll
Event: 0.118 Loaded shared library C:\Program Files\Java\jdk-21\bin\nio.dll
Event: 0.123 Loaded shared library C:\Program Files\Java\jdk-21\bin\zip.dll
Event: 0.200 Loaded shared library C:\Program Files\Java\jdk-21\bin\awt.dll
Event: 0.282 Loaded shared library C:\Program Files\Java\jdk-21\bin\freetype.dll
Event: 0.283 Loaded shared library C:\Program Files\Java\jdk-21\bin\fontmanager.dll
Event: 0.851 Loaded shared library C:\Users\Kiet\AppData\Local\Temp\flatlaf.temp\flatlaf-windows-x86_64-4583633130396000.dll
Event: 0.880 Loaded shared library C:\Program Files\Java\jdk-21\bin\verify.dll

Deoptimization events (20 events):
Event: 1.459 Thread 0x0000029e6b6dec60 DEOPT PACKING pc=0x0000029e1185262d sp=0x000000cb825fc6f0
Event: 1.459 Thread 0x0000029e6b6dec60 DEOPT UNPACKING pc=0x0000029e189b88e2 sp=0x000000cb825fbb30 mode 0
Event: 1.469 Thread 0x0000029e6b6dec60 Uncommon trap: trap_request=0xffffff45 fr.pc=0x0000029e18fe27a8 relative=0x00000000000003a8
Event: 1.469 Thread 0x0000029e6b6dec60 Uncommon trap: reason=unstable_if action=reinterpret pc=0x0000029e18fe27a8 method=sun.java2d.marlin.FloatMath.ceil_int(D)I @ 7 c2
Event: 1.469 Thread 0x0000029e6b6dec60 DEOPT PACKING pc=0x0000029e18fe27a8 sp=0x000000cb825fcdd0
Event: 1.469 Thread 0x0000029e6b6dec60 DEOPT UNPACKING pc=0x0000029e189b7da2 sp=0x000000cb825fcc30 mode 2
Event: 1.469 Thread 0x0000029e6b6dec60 Uncommon trap: trap_request=0xffffff45 fr.pc=0x0000029e18fcc7a4 relative=0x0000000000000084
Event: 1.469 Thread 0x0000029e6b6dec60 Uncommon trap: reason=unstable_if action=reinterpret pc=0x0000029e18fcc7a4 method=sun.java2d.marlin.FloatMath.ceil_int(D)I @ 7 c2
Event: 1.469 Thread 0x0000029e6b6dec60 DEOPT PACKING pc=0x0000029e18fcc7a4 sp=0x000000cb825fcda0
Event: 1.469 Thread 0x0000029e6b6dec60 DEOPT UNPACKING pc=0x0000029e189b7da2 sp=0x000000cb825fcd38 mode 2
Event: 3.501 Thread 0x0000029e6b6dec60 DEOPT PACKING pc=0x0000029e1184a08c sp=0x000000cb825fcee0
Event: 3.501 Thread 0x0000029e6b6dec60 DEOPT UNPACKING pc=0x0000029e189b88e2 sp=0x000000cb825fc2c0 mode 0
Event: 4.013 Thread 0x0000029e6b6dec60 Uncommon trap: trap_request=0xffffff6e fr.pc=0x0000029e19000824 relative=0x00000000000027a4
Event: 4.013 Thread 0x0000029e6b6dec60 Uncommon trap: reason=loop_limit_check action=maybe_recompile pc=0x0000029e19000824 method=sun.java2d.marlin.Renderer._endRendering(II)V @ 1137 c2
Event: 4.013 Thread 0x0000029e6b6dec60 DEOPT PACKING pc=0x0000029e19000824 sp=0x000000cb825fcff0
Event: 4.013 Thread 0x0000029e6b6dec60 DEOPT UNPACKING pc=0x0000029e189b7da2 sp=0x000000cb825fcde8 mode 2
Event: 19.742 Thread 0x0000029e6b6dec60 Uncommon trap: trap_request=0xffffff6e fr.pc=0x0000029e19019de4 relative=0x0000000000000544
Event: 19.742 Thread 0x0000029e6b6dec60 Uncommon trap: reason=loop_limit_check action=maybe_recompile pc=0x0000029e19019de4 method=java.awt.geom.AffineTransform.transform([FI[DII)V @ 548 c2
Event: 19.742 Thread 0x0000029e6b6dec60 DEOPT PACKING pc=0x0000029e19019de4 sp=0x000000cb825fd080
Event: 19.742 Thread 0x0000029e6b6dec60 DEOPT UNPACKING pc=0x0000029e189b7da2 sp=0x000000cb825fcfa0 mode 2

Classes loaded (20 events):
Event: 31.023 Loading class sun/security/x509/CertificateSerialNumber done
Event: 31.023 Loading class sun/security/x509/SerialNumber
Event: 31.023 Loading class sun/security/x509/SerialNumber done
Event: 31.023 Loading class sun/security/x509/CertificateAlgorithmId
Event: 31.024 Loading class sun/security/x509/CertificateAlgorithmId done
Event: 31.024 Loading class sun/security/x509/X500Name
Event: 31.024 Loading class sun/security/x509/GeneralNameInterface
Event: 31.024 Loading class sun/security/x509/GeneralNameInterface done
Event: 31.024 Loading class sun/security/x509/X500Name done
Event: 31.025 Loading class javax/security/auth/x500/X500Principal
Event: 31.025 Loading class javax/security/auth/x500/X500Principal done
Event: 31.026 Loading class sun/security/x509/RDN
Event: 31.026 Loading class sun/security/x509/RDN done
Event: 31.026 Loading class sun/security/x509/AVA
Event: 31.026 Loading class sun/security/x509/AVA done
Event: 31.026 Loading class sun/security/x509/CertificateValidity
Event: 31.027 Loading class sun/security/x509/CertificateValidity done
Event: 31.027 Loading class sun/security/x509/CertificateX509Key
Event: 31.027 Loading class sun/security/x509/CertificateX509Key done
Event: 31.027 Loading class sun/security/x509/X509Key

Classes unloaded (0 events):
No events

Classes redefined (0 events):
No events

Internal exceptions (20 events):
Event: 0.698 Thread 0x0000029e06e71740 Exception <a 'java/lang/NoSuchMethodError'{0x0000000089af51c8}: 'int java.lang.invoke.DirectMethodHandle$Holder.invokeStatic(java.lang.Object)'> (0x0000000089af51c8) 
thrown [s\open\src\hotspot\share\interpreter\linkResolver.cpp, line 773]
Event: 0.801 Thread 0x0000029e06e71740 Exception <a 'java/lang/NoSuchMethodError'{0x000000008ae30e58}: 'java.lang.Object java.lang.invoke.Invokers$Holder.invokeExact_MT(java.lang.Object, java.lang.Object, java.lang.Object, java.lang.Object, java.lang.Object, java.lang.Object)'> (0x000000008ae30e58) 
thrown [s\open\src\hotspot\share\interpreter\linkResolver.cpp, line 773]
Event: 0.817 Thread 0x0000029e06e71740 Implicit null exception at 0x0000029e18f3fce6 to 0x0000029e18f3fd8a
Event: 0.817 Thread 0x0000029e06e71740 Implicit null exception at 0x0000029e18f68e3a to 0x0000029e18f690b0
Event: 0.817 Thread 0x0000029e06e71740 Implicit null exception at 0x0000029e18f2cb3d to 0x0000029e18f2cbc1
Event: 0.833 Thread 0x0000029e06e71740 Exception <a 'java/lang/NoSuchMethodError'{0x000000008aec3c30}: 'int java.lang.invoke.Invokers$Holder.invokeExact_MT(java.lang.Object, java.lang.Object)'> (0x000000008aec3c30) 
thrown [s\open\src\hotspot\share\interpreter\linkResolver.cpp, line 773]
Event: 0.842 Thread 0x0000029e06e71740 Exception <a 'sun/nio/fs/WindowsException'{0x000000008aee8e20}> (0x000000008aee8e20) 
thrown [s\open\src\hotspot\share\prims\jni.cpp, line 520]
Event: 0.895 Thread 0x0000029e06e71740 Exception <a 'java/lang/NoSuchMethodError'{0x000000008add7ee8}: 'java.lang.Object java.lang.invoke.DirectMethodHandle$Holder.invokeVirtual(java.lang.Object, java.lang.Object, java.lang.Object, java.lang.Object)'> (0x000000008add7ee8) 
thrown [s\open\src\hotspot\share\interpreter\linkResolver.cpp, line 773]
Event: 0.926 Thread 0x0000029e06e71740 Exception <a 'java/lang/NoSuchMethodError'{0x000000008aca5768}: 'int java.lang.invoke.DirectMethodHandle$Holder.invokeVirtual(java.lang.Object, java.lang.Object)'> (0x000000008aca5768) 
thrown [s\open\src\hotspot\share\interpreter\linkResolver.cpp, line 773]
Event: 0.926 Thread 0x0000029e06e71740 Exception <a 'java/lang/NoSuchMethodError'{0x000000008aca98e8}: 'int java.lang.invoke.DirectMethodHandle$Holder.invokeSpecial(java.lang.Object, java.lang.Object, java.lang.Object)'> (0x000000008aca98e8) 
thrown [s\open\src\hotspot\share\interpreter\linkResolver.cpp, line 773]
Event: 0.927 Thread 0x0000029e06e71740 Exception <a 'java/lang/NoSuchMethodError'{0x000000008acb4200}: 'void java.lang.invoke.DirectMethodHandle$Holder.invokeVirtual(java.lang.Object, java.lang.Object, int)'> (0x000000008acb4200) 
thrown [s\open\src\hotspot\share\interpreter\linkResolver.cpp, line 773]
Event: 0.927 Thread 0x0000029e06e71740 Exception <a 'java/lang/NoSuchMethodError'{0x000000008acb84c8}: 'int java.lang.invoke.DirectMethodHandle$Holder.invokeSpecial(java.lang.Object, java.lang.Object, java.lang.Object, int)'> (0x000000008acb84c8) 
thrown [s\open\src\hotspot\share\interpreter\linkResolver.cpp, line 773]
Event: 0.928 Thread 0x0000029e06e71740 Exception <a 'java/lang/NoSuchMethodError'{0x000000008accaab8}: 'java.lang.Object java.lang.invoke.DirectMethodHandle$Holder.invokeStatic(java.lang.Object, java.lang.Object, java.lang.Object, java.lang.Object, int)'> (0x000000008accaab8) 
thrown [s\open\src\hotspot\share\interpreter\linkResolver.cpp, line 773]
Event: 0.929 Thread 0x0000029e06e71740 Exception <a 'java/lang/NoSuchMethodError'{0x000000008acd58d0}: 'void java.lang.invoke.DelegatingMethodHandle$Holder.reinvoke_L(java.lang.Object, java.lang.Object, int)'> (0x000000008acd58d0) 
thrown [s\open\src\hotspot\share\interpreter\linkResolver.cpp, line 773]
Event: 0.933 Thread 0x0000029e06e71740 Exception <a 'java/lang/NoSuchMethodError'{0x000000008ab03d68}: 'void java.lang.invoke.Invokers$Holder.invokeExact_MT(java.lang.Object, java.lang.Object, java.lang.Object, java.lang.Object)'> (0x000000008ab03d68) 
thrown [s\open\src\hotspot\share\interpreter\linkResolver.cpp, line 773]
Event: 0.936 Thread 0x0000029e06e71740 Exception <a 'java/lang/NoSuchMethodError'{0x000000008ab1c2d8}: 'void java.lang.invoke.DirectMethodHandle$Holder.invokeSpecial(java.lang.Object, java.lang.Object, java.lang.Object, java.lang.Object, java.lang.Object)'> (0x000000008ab1c2d8) 
thrown [s\open\src\hotspot\share\interpreter\linkResolver.cpp, line 773]
Event: 0.943 Thread 0x0000029e06e71740 Exception <a 'java/lang/NoSuchMethodError'{0x000000008ab2a148}: 'int java.lang.invoke.Invokers$Holder.invokeExact_MT(java.lang.Object, java.lang.Object, java.lang.Object)'> (0x000000008ab2a148) 
thrown [s\open\src\hotspot\share\interpreter\linkResolver.cpp, line 773]
Event: 0.964 Thread 0x0000029e6bebf430 Exception <a 'java/lang/NoSuchMethodError'{0x000000008ab91a88}: 'void java.lang.invoke.DirectMethodHandle$Holder.invokeVirtual(java.lang.Object, java.lang.Object)'> (0x000000008ab91a88) 
thrown [s\open\src\hotspot\share\interpreter\linkResolver.cpp, line 773]
Event: 0.977 Thread 0x0000029e06e71740 Exception <a 'java/lang/NoSuchMethodError'{0x000000008ab5b298}: 'void java.lang.invoke.DirectMethodHandle$Holder.invokeStaticInit(java.lang.Object)'> (0x000000008ab5b298) 
thrown [s\open\src\hotspot\share\interpreter\linkResolver.cpp, line 773]
Event: 1.061 Thread 0x0000029e06e71740 Implicit null exception at 0x0000029e18f436fe to 0x0000029e18f43788

ZGC Phase Switch (0 events):
No events

VM Operations (20 events):
Event: 15.477 Executing VM operation: Cleanup
Event: 15.477 Executing VM operation: Cleanup done
Event: 17.489 Executing VM operation: Cleanup
Event: 17.489 Executing VM operation: Cleanup done
Event: 18.498 Executing VM operation: Cleanup
Event: 18.498 Executing VM operation: Cleanup done
Event: 20.518 Executing VM operation: Cleanup
Event: 20.518 Executing VM operation: Cleanup done
Event: 21.533 Executing VM operation: Cleanup
Event: 21.533 Executing VM operation: Cleanup done
Event: 23.556 Executing VM operation: Cleanup
Event: 23.556 Executing VM operation: Cleanup done
Event: 25.566 Executing VM operation: Cleanup
Event: 25.566 Executing VM operation: Cleanup done
Event: 26.578 Executing VM operation: Cleanup
Event: 26.578 Executing VM operation: Cleanup done
Event: 31.017 Executing VM operation: HandshakeAllThreads (Deoptimize)
Event: 31.017 Executing VM operation: HandshakeAllThreads (Deoptimize) done
Event: 31.017 Executing VM operation: Cleanup
Event: 31.018 Executing VM operation: Cleanup done

Events (20 events):
Event: 0.036 Thread 0x0000029e258ba9d0 Thread added: 0x0000029e258ba9d0
Event: 0.036 Thread 0x0000029e258bd6b0 Thread added: 0x0000029e258bd6b0
Event: 0.036 Thread 0x0000029e258bf250 Thread added: 0x0000029e258bf250
Event: 0.036 Thread 0x0000029e258c0800 Thread added: 0x0000029e258c0800
Event: 0.037 Thread 0x0000029e258c3f30 Thread added: 0x0000029e258c3f30
Event: 0.078 Thread 0x0000029e25b45a80 Thread added: 0x0000029e25b45a80
Event: 0.083 Thread 0x0000029e25b5d1b0 Thread added: 0x0000029e25b5d1b0
Event: 0.142 Thread 0x0000029e25bcce70 Thread added: 0x0000029e25bcce70
Event: 0.289 Thread 0x0000029e6b1c7bf0 Thread added: 0x0000029e6b1c7bf0
Event: 0.652 Thread 0x0000029e6bebedc0 Thread added: 0x0000029e6bebedc0
Event: 0.653 Thread 0x0000029e6bebf430 Thread added: 0x0000029e6bebf430
Event: 0.955 Thread 0x0000029e6b6dec60 Thread added: 0x0000029e6b6dec60
Event: 1.163 Thread 0x0000029e25bcd540 Thread added: 0x0000029e25bcd540
Event: 1.201 Thread 0x0000029e06e71740 Thread exited: 0x0000029e06e71740
Event: 1.201 Thread 0x0000029e06e71740 Thread added: 0x0000029e06e71740
Event: 1.468 Thread 0x0000029e6bd7d410 Thread added: 0x0000029e6bd7d410
Event: 1.972 Thread 0x0000029e25bcd540 Thread exited: 0x0000029e25bcd540
Event: 1.972 Thread 0x0000029e25bcce70 Thread exited: 0x0000029e25bcce70
Event: 31.002 Thread 0x0000029e6b7d8160 Thread added: 0x0000029e6b7d8160
Event: 31.011 Thread 0x0000029e6b60abb0 Thread added: 0x0000029e6b60abb0


Dynamic libraries:
0x00007ff7a61e0000 - 0x00007ff7a61f0000 	C:\Program Files\Java\jdk-21\bin\java.exe
0x00007fff9c990000 - 0x00007fff9cba6000 	C:\WINDOWS\SYSTEM32\ntdll.dll
0x00007fff9b380000 - 0x00007fff9b444000 	C:\WINDOWS\System32\KERNEL32.DLL
0x00007fff99fd0000 - 0x00007fff9a377000 	C:\WINDOWS\System32\KERNELBASE.dll
0x00007fff9a480000 - 0x00007fff9a591000 	C:\WINDOWS\System32\ucrtbase.dll
0x00007fff88e90000 - 0x00007fff88ea9000 	C:\Program Files\Java\jdk-21\bin\jli.dll
0x00007fff9c4f0000 - 0x00007fff9c5a2000 	C:\WINDOWS\System32\ADVAPI32.dll
0x00007fff9c5b0000 - 0x00007fff9c657000 	C:\WINDOWS\System32\msvcrt.dll
0x00007fff88790000 - 0x00007fff887ab000 	C:\Program Files\Java\jdk-21\bin\VCRUNTIME140.dll
0x00007fff9b450000 - 0x00007fff9b4f8000 	C:\WINDOWS\System32\sechost.dll
0x00007fff9a450000 - 0x00007fff9a478000 	C:\WINDOWS\System32\bcrypt.dll
0x00007fff9b870000 - 0x00007fff9b985000 	C:\WINDOWS\System32\RPCRT4.dll
0x00007fff9ba00000 - 0x00007fff9bbae000 	C:\WINDOWS\System32\USER32.dll
0x00007fff9a420000 - 0x00007fff9a446000 	C:\WINDOWS\System32\win32u.dll
0x00007fff80180000 - 0x00007fff80413000 	C:\WINDOWS\WinSxS\amd64_microsoft.windows.common-controls_6595b64144ccf1df_6.0.22621.3235_none_270f74e173860f98\COMCTL32.dll
0x00007fff9b9a0000 - 0x00007fff9b9c9000 	C:\WINDOWS\System32\GDI32.dll
0x00007fff9a5a0000 - 0x00007fff9a6b9000 	C:\WINDOWS\System32\gdi32full.dll
0x00007fff9a380000 - 0x00007fff9a41a000 	C:\WINDOWS\System32\msvcp_win.dll
0x00007fff8e680000 - 0x00007fff8e68a000 	C:\WINDOWS\SYSTEM32\VERSION.dll
0x00007fff9ac60000 - 0x00007fff9ac91000 	C:\WINDOWS\System32\IMM32.DLL
0x00007fff92ca0000 - 0x00007fff92cac000 	C:\Program Files\Java\jdk-21\bin\vcruntime140_1.dll
0x00007fff74340000 - 0x00007fff743ce000 	C:\Program Files\Java\jdk-21\bin\msvcp140.dll
0x00007fff4fa90000 - 0x00007fff507a7000 	C:\Program Files\Java\jdk-21\bin\server\jvm.dll
0x00007fff9c8c0000 - 0x00007fff9c931000 	C:\WINDOWS\System32\WS2_32.dll
0x00007fff99b80000 - 0x00007fff99bcd000 	C:\WINDOWS\SYSTEM32\POWRPROF.dll
0x00007fff91a00000 - 0x00007fff91a34000 	C:\WINDOWS\SYSTEM32\WINMM.dll
0x00007fff99b60000 - 0x00007fff99b73000 	C:\WINDOWS\SYSTEM32\UMPDC.dll
0x00007fff98cf0000 - 0x00007fff98d08000 	C:\WINDOWS\SYSTEM32\kernel.appcore.dll
0x00007fff91ae0000 - 0x00007fff91aea000 	C:\Program Files\Java\jdk-21\bin\jimage.dll
0x00007fff97540000 - 0x00007fff97773000 	C:\WINDOWS\SYSTEM32\DBGHELP.DLL
0x00007fff9a8d0000 - 0x00007fff9ac58000 	C:\WINDOWS\System32\combase.dll
0x00007fff9ae20000 - 0x00007fff9aef7000 	C:\WINDOWS\System32\OLEAUT32.dll
0x00007fff85450000 - 0x00007fff85482000 	C:\WINDOWS\SYSTEM32\dbgcore.DLL
0x00007fff99f50000 - 0x00007fff99fc9000 	C:\WINDOWS\System32\bcryptPrimitives.dll
0x00007fff88640000 - 0x00007fff8865f000 	C:\Program Files\Java\jdk-21\bin\java.dll
0x00007fff9bc90000 - 0x00007fff9c4ec000 	C:\WINDOWS\System32\SHELL32.dll
0x00007fff97c10000 - 0x00007fff98509000 	C:\WINDOWS\SYSTEM32\windows.storage.dll
0x00007fff97ad0000 - 0x00007fff97c0e000 	C:\WINDOWS\SYSTEM32\wintypes.dll
0x00007fff9aca0000 - 0x00007fff9ad93000 	C:\WINDOWS\System32\SHCORE.dll
0x00007fff9a6c0000 - 0x00007fff9a71e000 	C:\WINDOWS\System32\shlwapi.dll
0x00007fff99be0000 - 0x00007fff99c01000 	C:\WINDOWS\SYSTEM32\profapi.dll
0x00007fff74260000 - 0x00007fff74337000 	C:\Program Files\Java\jdk-21\bin\jsvml.dll
0x00007fff91ab0000 - 0x00007fff91ac0000 	C:\Program Files\Java\jdk-21\bin\net.dll
0x00007fff92fd0000 - 0x00007fff93106000 	C:\WINDOWS\SYSTEM32\WINHTTP.dll
0x00007fff99160000 - 0x00007fff991c9000 	C:\WINDOWS\system32\mswsock.dll
0x00007fff884b0000 - 0x00007fff884c6000 	C:\Program Files\Java\jdk-21\bin\nio.dll
0x00007fff883f0000 - 0x00007fff88408000 	C:\Program Files\Java\jdk-21\bin\zip.dll
0x00007fff61a30000 - 0x00007fff61bbf000 	C:\Program Files\Java\jdk-21\bin\awt.dll
0x00007fff96bd0000 - 0x00007fff96c67000 	C:\WINDOWS\SYSTEM32\apphelp.dll
0x00007fff993c0000 - 0x00007fff993db000 	C:\WINDOWS\SYSTEM32\CRYPTSP.dll
0x00007fff98c50000 - 0x00007fff98c85000 	C:\WINDOWS\system32\rsaenh.dll
0x00007fff99260000 - 0x00007fff99288000 	C:\WINDOWS\SYSTEM32\USERENV.dll
0x00007fff993e0000 - 0x00007fff993ec000 	C:\WINDOWS\SYSTEM32\CRYPTBASE.dll
0x00007fff98770000 - 0x00007fff9879d000 	C:\WINDOWS\SYSTEM32\IPHLPAPI.DLL
0x00007fff9b990000 - 0x00007fff9b999000 	C:\WINDOWS\System32\NSI.dll
0x00007fff68ce0000 - 0x00007fff68d67000 	C:\Program Files\Java\jdk-21\bin\freetype.dll
0x00007fff677d0000 - 0x00007fff678b2000 	C:\Program Files\Java\jdk-21\bin\fontmanager.dll
0x00007fff970e0000 - 0x00007fff9710b000 	C:\WINDOWS\system32\DWMAPI.DLL
0x00007fff96d70000 - 0x00007fff96e1b000 	C:\WINDOWS\system32\uxtheme.dll
0x00007fff9c760000 - 0x00007fff9c8b3000 	C:\WINDOWS\System32\MSCTF.dll
0x00007fff9a720000 - 0x00007fff9a8c5000 	C:\WINDOWS\System32\ole32.dll
0x00007fff7a2f0000 - 0x00007fff7a3f0000 	C:\WINDOWS\system32\opengl32.dll
0x00007fff8a580000 - 0x00007fff8a5ad000 	C:\WINDOWS\SYSTEM32\GLU32.dll
0x00007fff96ea0000 - 0x00007fff96ed9000 	C:\WINDOWS\SYSTEM32\dxcore.dll
0x00007fff91a40000 - 0x00007fff91a46000 	C:\Users\Kiet\AppData\Local\Temp\flatlaf.temp\flatlaf-windows-x86_64-4583633130396000.dll
0x00007fff8a170000 - 0x00007fff8a180000 	C:\Program Files\Java\jdk-21\bin\verify.dll
0x00007fff9b6c0000 - 0x00007fff9b770000 	C:\WINDOWS\System32\clbcatq.dll
0x00007fff954e0000 - 0x00007fff95690000 	C:\WINDOWS\SYSTEM32\WindowsCodecs.dll
0x00007fff7ffc0000 - 0x00007fff8001e000 	C:\WINDOWS\system32\dataexchange.dll
0x00007fff901f0000 - 0x00007fff9047e000 	C:\WINDOWS\system32\twinapi.appcore.dll
0x00007fff8a070000 - 0x00007fff8a077000 	C:\Program Files\Java\jdk-21\bin\jawt.dll
0x00007fff882a0000 - 0x00007fff883ea000 	C:\WINDOWS\SYSTEM32\textinputframework.dll
0x00007fff967f0000 - 0x00007fff96924000 	C:\WINDOWS\SYSTEM32\CoreMessaging.dll
0x00007fff91cf0000 - 0x00007fff9205c000 	C:\WINDOWS\SYSTEM32\CoreUIComponents.dll

dbghelp: loaded successfully - version: 4.0.5 - missing functions: none
symbol engine: initialized successfully - sym options: 0x614 - pdb path: .;C:\Program Files\Java\jdk-21\bin;C:\WINDOWS\SYSTEM32;C:\WINDOWS\WinSxS\amd64_microsoft.windows.common-controls_6595b64144ccf1df_6.0.22621.3235_none_270f74e173860f98;C:\Program Files\Java\jdk-21\bin\server;C:\Users\Kiet\AppData\Local\Temp\flatlaf.temp

VM Arguments:
jvm_args: -XX:+ShowCodeDetailsInExceptionMessages 
java_command: GUI.LogIn
java_class_path (initial): C:\Users\Kiet\AppData\Roaming\Code\User\workspaceStorage\b3b38d78d4b70df6aa0616a4b888d3ad\redhat.java\jdt_ws\DoAnJavaa_c8713cb1\bin;c:\Users\Kiet\Desktop\DoAnJavaa\lib\lib\commons-codec-1.15.jar;c:\Users\Kiet\Desktop\DoAnJavaa\lib\lib\log4j-api-2.18.0.jar;c:\Users\Kiet\Desktop\DoAnJavaa\lib\mysql-connector.jar;c:\Users\Kiet\Desktop\DoAnJavaa\lib\kotlin-stdlib-common-1.4.0.jar;c:\Users\Kiet\Desktop\DoAnJavaa\lib\poi-ooxml-3.17.jar;c:\Users\Kiet\Desktop\DoAnJavaa\lib\lib\commons-compress-1.21.jar;c:\Users\Kiet\Desktop\DoAnJavaa\lib\poi-3.17.jar;c:\Users\Kiet\Desktop\DoAnJavaa\lib\lib\poi-ooxml-full-5.2.3.jar;c:\Users\Kiet\Desktop\DoAnJavaa\lib\lib\commons-collections4-4.4.jar;c:\Users\Kiet\Desktop\DoAnJavaa\lib\lib\poi-excelant-5.2.3.jar;c:\Users\Kiet\Desktop\DoAnJavaa\lib\lib\poi-ooxml-lite-5.2.3.jar;c:\Users\Kiet\Desktop\DoAnJavaa\lib\mssql-jdbc-8.4.1.jre14.jar;c:\Users\Kiet\Desktop\DoAnJavaa\lib\mysql-connector-java-8.0.30.jar;c:\Users\Kiet\Desktop\DoAnJavaa\lib\zxing-1.7-javase.jar;c:\Users\Kiet\Desktop\DoAnJavaa\lib\xmlbeans-xmlpublic-2.0-dev-2.jar;c:\Users\Kiet\Desktop\DoAnJavaa\lib\jcalendar-1.4.jar;c:\Users\Kiet\Desktop\DoAnJavaa\lib\log4j-core-2.20.0.jar;c:\Users\Kiet\Desktop\DoAnJavaa\lib\flatlaf-extras-3.1.jar;c:\Users\Kiet\Desktop\DoAnJavaa\lib\svgSalamander-1.1.4.jar;c:\Users\Kiet\Desktop\DoAnJavaa\lib\zxing-core-2.0.jar;c:\Users\Kiet\Desktop\DoAnJavaa\lib\slf4j-api-1.7.2.jar;c:\Users\Kiet\Desktop\DoAnJavaa\lib\swingx-1.6.1.jar;c:\Users\Kiet\Desktop\DoAnJavaa\lib\lib\poi-examples-5.2.3.jar;c:\Users\Kiet\Desktop\DoAnJavaa\lib\slf4j-simple-1.7.25.jar;c:\Users\Kiet\Desktop\DoAnJavaa\lib\lib\poi-javadoc-5.2.3.jar;c:\Users\Kiet\Desktop\DoAnJavaa\lib\slf4j-api-1.7.25.jar;c:\Users\Kiet\Desktop\DoAnJavaa\lib\swingx-all-1.6.4.jar;c:\Users\Kiet\Desktop\DoAnJavaa\lib\TimingFramework-0.55.jar;c:\Users\Kiet\Desktop\DoAnJavaa\lib\lib\curvesapi-1.07.jar;c:\Users\Kiet\Desktop\DoAnJavaa\lib\lib\xmlbeans-5.1.1.jar;c:\Users\Kiet\Desktop\DoAnJavaa\lib\mssql-jdbc-9.4.0.jre11.jar;c:\Users\Kiet\Desktop\DoAnJavaa\lib\lib\jakarta.activation-2.0.1.jar;c:\Users\Kiet\Desktop\DoAnJavaa\lib\flatlaf-3.3.jar;c:\Users\Kiet\Desktop\DoAnJavaa\lib\java-dotenv-5.1.3.jar;c:\Users\Kiet\Desktop\DoAnJavaa\lib\filters-2.0.235.jar;c:\Users\Kiet\Desktop\DoAnJavaa\lib\activation.jar;c:\Users\Kiet\Desktop\DoAnJavaa\lib\kotlin-runtime-1.2.71.jar;c:\Users\Kiet\Desktop\DoAnJavaa\lib\lib\jakarta.xml.bind-api-3.0.1.jar;c:\Users\Kiet\Desktop\DoAnJavaa\lib\kotlin-stdlib-1.4.0.jar;c:\Users\Kiet\Desktop\DoAnJavaa\lib\java-dotenv-5.2.2.jar;c:\Users\Kiet\Desktop\DoAnJavaa\lib\bridj-0.7.0.jar;c:\Users\Kiet\Desktop\DoAnJavaa\lib\lib\commons-io-2.11.0.jar;c:\Users\Kiet\Desktop\DoAnJavaa\lib\xmlbeans-3.1.0.jar;c:\Users\Kiet\Desktop\DoAnJavaa\lib\lib\SparseBitSet-1.2.jar;c:\Users\Kiet\Desktop\DoAnJavaa\lib\miglayout-4.0.jar;c:\Users\Kiet\Desktop\DoAnJavaa\lib\com.sun.net.ssl.jar;c:\Users\Kiet\Desktop\DoAnJavaa\lib\lib\poi-ooxml-5.2.3.jar;c:\Users\Kiet\Desktop\DoAnJavaa\lib\javase-3.3.0.jar;c:\Users\Kiet\Desktop\DoAnJavaa\lib\lib\commons-logging-1.2.jar;c:\Users\Kiet\Desktop\DoAnJavaa\lib\xmlbeans-2.3.0.jar;c:\Users\Kiet\Desktop\DoAnJavaa\lib\webcam-capture-0.3.12.jar;c:\Users\Kiet\Desktop\DoAnJavaa\lib\core-3.3.0.jar;c:\Users\Kiet\Desktop\DoAnJavaa\lib\lib\commons-math3-3.6.1.jar;c:\Users\Kiet\Desktop\DoAnJavaa\lib\lib\slf4j-api-1.7.36.jar;c:\Users\Kiet\Desktop\DoAnJavaa\lib\lib\poi-5.2.3.jar;c:\Users\Kiet\Desktop\DoAnJavaa\lib\flatlaf-fonts-roboto-2.137.jar;c:\Users\Kiet\Desktop\DoAnJavaa\lib\swing-worker-1.1.jar;c:\Users\Kiet\Desktop\DoAnJavaa\lib\kotlin-stdlib-1.5.31.jar;c:\Users\Kiet\Desktop\DoAnJavaa\lib\lib\poi-scratchpad-5.2.3.jar;c:\Users\Kiet\Desktop\DoAnJavaa\lib\javax.activation-1.2.0.jar;c:\Users\Kiet\Desktop\DoAnJavaa\lib\itextpdf-5.5.12.jar;c:\Users\Kiet\Desktop\DoAnJavaa\lib\javax.mail.jar
Launcher Type: SUN_STANDARD

[Global flags]
     intx CICompilerCount                          = 4                                         {product} {ergonomic}
     uint ConcGCThreads                            = 2                                         {product} {ergonomic}
     uint G1ConcRefinementThreads                  = 8                                         {product} {ergonomic}
   size_t G1HeapRegionSize                         = 1048576                                   {product} {ergonomic}
    uintx GCDrainStackTargetSize                   = 64                                        {product} {ergonomic}
   size_t InitialHeapSize                          = 132120576                                 {product} {ergonomic}
   size_t MarkStackSize                            = 4194304                                   {product} {ergonomic}
   size_t MaxHeapSize                              = 2095054848                                {product} {ergonomic}
   size_t MaxNewSize                               = 1256194048                                {product} {ergonomic}
   size_t MinHeapDeltaBytes                        = 1048576                                   {product} {ergonomic}
   size_t MinHeapSize                              = 8388608                                   {product} {ergonomic}
    uintx NonNMethodCodeHeapSize                   = 5839372                                {pd product} {ergonomic}
    uintx NonProfiledCodeHeapSize                  = 122909434                              {pd product} {ergonomic}
    uintx ProfiledCodeHeapSize                     = 122909434                              {pd product} {ergonomic}
    uintx ReservedCodeCacheSize                    = 251658240                              {pd product} {ergonomic}
     bool SegmentedCodeCache                       = true                                      {product} {ergonomic}
     bool ShowCodeDetailsInExceptionMessages       = true                                   {manageable} {command line}
   size_t SoftMaxHeapSize                          = 2095054848                             {manageable} {ergonomic}
     bool UseCompressedOops                        = true                           {product lp64_product} {ergonomic}
     bool UseG1GC                                  = true                                      {product} {ergonomic}
     bool UseLargePagesIndividualAllocation        = false                                  {pd product} {ergonomic}

Logging:
Log output configuration:
 #0: stdout all=warning uptime,level,tags foldmultilines=false
 #1: stderr all=off uptime,level,tags foldmultilines=false

Environment Variables:
PATH=C:\Program Files\Common Files\Oracle\Java\javapath;C:\Program Files (x86)\Common Files\Oracle\Java\javapath;C:\WINDOWS\system32;C:\WINDOWS;C:\WINDOWS\System32\Wbem;C:\WINDOWS\System32\WindowsPowerShell\v1.0\;C:\WINDOWS\System32\OpenSSH\;C:\Program Files\dotnet\;C:\Program Files\Common Files\Oracle\Java\javapath;C:\Program Files\Java\jdk-11\bin;C:\Program Files (x86)\Microsoft SQL Server\160\Tools\Binn\;C:\Program Files\Microsoft SQL Server\160\Tools\Binn\;C:\Program Files\Microsoft SQL Server\Client SDK\ODBC\170\Tools\Binn\;C:\Program Files\Microsoft SQL Server\160\DTS\Binn\;C:\Program Files (x86)\Microsoft SQL Server\160\DTS\Binn\;C:\Program Files\Azure Data Studio\bin;C:\Program Files\apache-maven-3.9.6\bin;C:\Program Files\Git\cmd;C:\Program Files\nodejs\;C:\Program Files\Java\jdk-21\bin;C:\Users\Kiet\AppData\Local\Microsoft\WindowsApps;C:\Users\Kiet\AppData\Local\Programs\Microsoft VS Code\bin;C:\Users\Kiet\AppData\Local\GitHubDesktop\bin;C:\Users\Kiet\.dotnet\tools;C:\Program Files\Azure Data Studio\bin;C:\Users\Kiet\AppData\Roaming\npm
USERNAME=Kiet
LANG=en_US.UTF-8
OS=Windows_NT
PROCESSOR_IDENTIFIER=Intel64 Family 6 Model 126 Stepping 5, GenuineIntel
TMP=C:\Users\Kiet\AppData\Local\Temp
TEMP=C:\Users\Kiet\AppData\Local\Temp




Periodic native trim disabled

---------------  S Y S T E M  ---------------

OS:
 Windows 11 , 64 bit Build 22621 (10.0.22621.3374)
OS uptime: 5 days 7:19 hours

CPU: total 8 (initial active 8) (4 cores per cpu, 2 threads per core) family 6 model 126 stepping 5 microcode 0xa6, cx8, cmov, fxsr, ht, mmx, 3dnowpref, sse, sse2, sse3, ssse3, sse4.1, sse4.2, popcnt, lzcnt, tsc, tscinvbit, avx, avx2, aes, erms, clmul, bmi1, bmi2, adx, avx512f, avx512dq, avx512cd, avx512bw, avx512vl, sha, fma, vzeroupper, avx512_vpopcntdq, avx512_vpclmulqdq, avx512_vaes, avx512_vnni, clflush, clflushopt, avx512_vbmi2, avx512_vbmi, rdtscp, rdpid, fsrm, gfni, avx512_bitalg, f16c, pku, avx512_ifma
Processor Information for all 8 processors :
  Max Mhz: 1190, Current Mhz: 991, Mhz Limit: 987

Memory: 4k page, system-wide physical 7987M (922M free)
TotalPageFile size 10035M (AvailPageFile size 4M)
current process WorkingSet (physical memory assigned to process): 129M, peak: 139M
current process commit charge ("private bytes"): 246M, peak: 257M

vm_info: Java HotSpot(TM) 64-Bit Server VM (21.0.2+13-LTS-58) for windows-amd64 JRE (21.0.2+13-LTS-58), built on 2024-01-05T18:32:24Z by "mach5one" with MS VC++ 17.1 (VS2022)

END.
