#
# There is insufficient memory for the Java Runtime Environment to continue.
# Native memory allocation (malloc) failed to allocate 430512 bytes for Chunk::new
# Possible reasons:
#   The system is out of physical RAM or swap space
#   The process is running with CompressedOops enabled, and the Java Heap may be blocking the growth of the native heap
# Possible solutions:
#   Reduce memory load on the system
#   Increase physical memory or swap space
#   Check if swap backing store is full
#   Decrease Java heap size (-Xmx/-Xms)
#   Decrease number of Java threads
#   Decrease Java thread stack sizes (-Xss)
#   Set larger code cache with -XX:ReservedCodeCacheSize=
#   JVM is running with Unscaled Compressed Oops mode in which the Java heap is
#     placed in the first 4GB address space. The Java Heap base address is the
#     maximum limit for the native heap growth. Please use -XX:HeapBaseMinAddress
#     to set the Java Heap base and to place the Java Heap above 4GB virtual address.
# This output file may be truncated or incomplete.
#
#  Out of Memory Error (arena.cpp:191), pid=3648, tid=17000
#
# JRE version: OpenJDK Runtime Environment Temurin-17.0.10+7 (17.0.10+7) (build 17.0.10+7)
# Java VM: OpenJDK 64-Bit Server VM Temurin-17.0.10+7 (17.0.10+7, mixed mode, tiered, compressed oops, compressed class ptrs, parallel gc, windows-amd64)
# No core dump will be written. Minidumps are not enabled by default on client versions of Windows
#

---------------  S U M M A R Y ------------

Command Line: --add-modules=ALL-SYSTEM --add-opens=java.base/java.util=ALL-UNNAMED --add-opens=java.base/java.lang=ALL-UNNAMED --add-opens=java.base/sun.nio.fs=ALL-UNNAMED -Declipse.application=org.eclipse.jdt.ls.core.id1 -Dosgi.bundles.defaultStartLevel=4 -Declipse.product=org.eclipse.jdt.ls.core.product -Djava.import.generatesMetadataFilesAtProjectRoot=false -DDetectVMInstallationsJob.disabled=true -Dfile.encoding=utf8 -XX:+UseParallelGC -XX:GCTimeRatio=4 -XX:AdaptiveSizePolicyWeight=90 -Dsun.zip.disableMemoryMapping=true -Xmx1G -Xms100m -Xlog:disable -javaagent:c:\Users\Kiet\.vscode\extensions\redhat.java-1.28.1-win32-x64\lombok\lombok-1.18.31.jar c:\Users\Kiet\.vscode\extensions\redhat.java-1.28.1-win32-x64\server\plugins\org.eclipse.equinox.launcher_1.6.700.v20231214-2017.jar -configuration c:\Users\Kiet\AppData\Roaming\Code\User\globalStorage\redhat.java\1.28.1\config_ss_win -data c:\Users\Kiet\AppData\Roaming\Code\User\workspaceStorage\794778fa6a47f198356234ad77415c6f\redhat.java\ss_ws --stdio

Host: Intel(R) Core(TM) i5-1035G1 CPU @ 1.00GHz, 8 cores, 7G,  Windows 11 , 64 bit Build 22621 (10.0.22621.3235)
Time: Tue Mar 19 22:40:40 2024 SE Asia Standard Time elapsed time: 1.481742 seconds (0d 0h 0m 1s)

---------------  T H R E A D  ---------------

Current thread (0x0000022eea7dec70):  JavaThread "C2 CompilerThread0" daemon [_thread_in_native, id=17000, stack(0x000000b026900000,0x000000b026a00000)]


Current CompileTask:
C2:   1481 1054       4       java.io.DataInputStream::readUTF (501 bytes)

Stack: [0x000000b026900000,0x000000b026a00000]
Native frames: (J=compiled Java code, j=interpreted, Vv=VM code, C=native code)
V  [jvm.dll+0x67d2c9]
V  [jvm.dll+0x834afa]
V  [jvm.dll+0x8365be]
V  [jvm.dll+0x836c23]
V  [jvm.dll+0x2477ff]
V  [jvm.dll+0xac514]
V  [jvm.dll+0xacb5c]
V  [jvm.dll+0x3667d7]
V  [jvm.dll+0x330bfa]
V  [jvm.dll+0x33009a]
V  [jvm.dll+0x219ef1]
V  [jvm.dll+0x219311]
V  [jvm.dll+0x1a502d]
V  [jvm.dll+0x2290de]
V  [jvm.dll+0x2272ac]
V  [jvm.dll+0x7e9bb7]
V  [jvm.dll+0x7e3fba]
V  [jvm.dll+0x67c1b5]
C  [ucrtbase.dll+0x29363]
C  [KERNEL32.DLL+0x1257d]
C  [ntdll.dll+0x5aa58]


---------------  P R O C E S S  ---------------

Threads class SMR info:
_java_thread_list=0x0000022eec0e2c10, length=13, elements={
0x0000022ed182f3c0, 0x0000022ee56b0020, 0x0000022ee56b1090, 0x0000022eea7d2440,
0x0000022eea7d2db0, 0x0000022eea7d4020, 0x0000022eea7d7f60, 0x0000022eea7dec70,
0x0000022eea7df9e0, 0x0000022eea7f2690, 0x0000022eea95c7e0, 0x0000022eea95ccf0,
0x0000022eec123600
}

Java Threads: ( => current thread )
  0x0000022ed182f3c0 JavaThread "main" [_thread_in_Java, id=8744, stack(0x000000b026000000,0x000000b026100000)]
  0x0000022ee56b0020 JavaThread "Reference Handler" daemon [_thread_blocked, id=14760, stack(0x000000b026300000,0x000000b026400000)]
  0x0000022ee56b1090 JavaThread "Finalizer" daemon [_thread_blocked, id=7440, stack(0x000000b026400000,0x000000b026500000)]
  0x0000022eea7d2440 JavaThread "Signal Dispatcher" daemon [_thread_blocked, id=13184, stack(0x000000b026500000,0x000000b026600000)]
  0x0000022eea7d2db0 JavaThread "Attach Listener" daemon [_thread_blocked, id=1560, stack(0x000000b026600000,0x000000b026700000)]
  0x0000022eea7d4020 JavaThread "Service Thread" daemon [_thread_blocked, id=13032, stack(0x000000b026700000,0x000000b026800000)]
  0x0000022eea7d7f60 JavaThread "Monitor Deflation Thread" daemon [_thread_blocked, id=5624, stack(0x000000b026800000,0x000000b026900000)]
=>0x0000022eea7dec70 JavaThread "C2 CompilerThread0" daemon [_thread_in_native, id=17000, stack(0x000000b026900000,0x000000b026a00000)]
  0x0000022eea7df9e0 JavaThread "C1 CompilerThread0" daemon [_thread_blocked, id=10232, stack(0x000000b026a00000,0x000000b026b00000)]
  0x0000022eea7f2690 JavaThread "Sweeper thread" daemon [_thread_blocked, id=17404, stack(0x000000b026b00000,0x000000b026c00000)]
  0x0000022eea95c7e0 JavaThread "Common-Cleaner" daemon [_thread_blocked, id=12232, stack(0x000000b026c00000,0x000000b026d00000)]
  0x0000022eea95ccf0 JavaThread "Notification Thread" daemon [_thread_blocked, id=8064, stack(0x000000b026e00000,0x000000b026f00000)]
  0x0000022eec123600 JavaThread "C2 CompilerThread1" daemon [_thread_blocked, id=4568, stack(0x000000b027500000,0x000000b027600000)]

Other Threads:
  0x0000022ed18ded00 VMThread "VM Thread" [stack: 0x000000b026200000,0x000000b026300000] [id=15844]
  0x0000022eeab21ce0 WatcherThread [stack: 0x000000b026f00000,0x000000b027000000] [id=17700]
  0x0000022ed18443d0 GCTaskThread "GC Thread#0" [stack: 0x000000b026100000,0x000000b026200000] [id=16152]
  0x0000022eebd87460 GCTaskThread "GC Thread#1" [stack: 0x000000b026d00000,0x000000b026e00000] [id=704]
  0x0000022eebd87720 GCTaskThread "GC Thread#2" [stack: 0x000000b027000000,0x000000b027100000] [id=15496]
  0x0000022eebd879e0 GCTaskThread "GC Thread#3" [stack: 0x000000b027100000,0x000000b027200000] [id=5020]
  0x0000022eebd87ca0 GCTaskThread "GC Thread#4" [stack: 0x000000b027200000,0x000000b027300000] [id=10812]
  0x0000022eebd87f60 GCTaskThread "GC Thread#5" [stack: 0x000000b027300000,0x000000b027400000] [id=17604]
  0x0000022eebd88220 GCTaskThread "GC Thread#6" [stack: 0x000000b027400000,0x000000b027500000] [id=1140]

Threads with active compile tasks:
C2 CompilerThread0     1536 1054       4       java.io.DataInputStream::readUTF (501 bytes)

VM state: not at safepoint (normal execution)

VM Mutex/Monitor currently owned by a thread: None

Heap address: 0x00000000c0000000, size: 1024 MB, Compressed Oops mode: 32-bit

CDS archive(s) not mapped
Compressed class space mapped at: 0x0000000100000000-0x0000000140000000, reserved size: 1073741824
Narrow klass base: 0x0000000000000000, Narrow klass shift: 3, Narrow klass range: 0x140000000

GC Precious Log:
 CPUs: 8 total, 8 available
 Memory: 7987M
 Large Page Support: Disabled
 NUMA Support: Disabled
 Compressed Oops: Enabled (32-bit)
 Alignments: Space 512K, Generation 512K, Heap 2M
 Heap Min Capacity: 100M
 Heap Initial Capacity: 100M
 Heap Max Capacity: 1G
 Pre-touch: Disabled
 Parallel Workers: 8

Heap:
 PSYoungGen      total 29696K, used 8145K [0x00000000eab00000, 0x00000000ecc00000, 0x0000000100000000)
  eden space 25600K, 19% used [0x00000000eab00000,0x00000000eafcf350,0x00000000ec400000)
  from space 4096K, 78% used [0x00000000ec400000,0x00000000ec725130,0x00000000ec800000)
  to   space 4096K, 0% used [0x00000000ec800000,0x00000000ec800000,0x00000000ecc00000)
 ParOldGen       total 68608K, used 16K [0x00000000c0000000, 0x00000000c4300000, 0x00000000eab00000)
  object space 68608K, 0% used [0x00000000c0000000,0x00000000c0004000,0x00000000c4300000)
 Metaspace       used 11926K, committed 12032K, reserved 1114112K
  class space    used 1173K, committed 1216K, reserved 1048576K

Card table byte_map: [0x0000022ed11c0000,0x0000022ed13d0000] _byte_map_base: 0x0000022ed0bc0000

Marking Bits: (ParMarkBitMap*) 0x00007ffe2d25d7d0
 Begin Bits: [0x0000022ee34c0000, 0x0000022ee44c0000)
 End Bits:   [0x0000022ee44c0000, 0x0000022ee54c0000)

Polling page: 0x0000022ecf630000

Metaspace:

Usage:
  Non-class:     10.50 MB used.
      Class:      1.15 MB used.
       Both:     11.65 MB used.

Virtual space:
  Non-class space:       64.00 MB reserved,      10.56 MB ( 17%) committed,  1 nodes.
      Class space:        1.00 GB reserved,       1.19 MB ( <1%) committed,  1 nodes.
             Both:        1.06 GB reserved,      11.75 MB (  1%) committed. 

Chunk freelists:
   Non-Class:  4.56 MB
       Class:  14.62 MB
        Both:  19.19 MB

MaxMetaspaceSize: unlimited
CompressedClassSpaceSize: 1.00 GB
Initial GC threshold: 21.00 MB
Current GC threshold: 21.00 MB
CDS: off
MetaspaceReclaimPolicy: balanced
 - commit_granule_bytes: 65536.
 - commit_granule_words: 8192.
 - virtual_space_node_default_size: 8388608.
 - enlarge_chunks_in_place: 1.
 - new_chunks_are_fully_committed: 0.
 - uncommit_free_chunks: 1.
 - use_allocation_guard: 0.
 - handle_deallocations: 1.


Internal statistics:

num_allocs_failed_limit: 0.
num_arena_births: 30.
num_arena_deaths: 0.
num_vsnodes_births: 2.
num_vsnodes_deaths: 0.
num_space_committed: 188.
num_space_uncommitted: 0.
num_chunks_returned_to_freelist: 0.
num_chunks_taken_from_freelist: 130.
num_chunk_merges: 0.
num_chunk_splits: 88.
num_chunks_enlarged: 78.
num_inconsistent_stats: 0.

CodeHeap 'non-profiled nmethods': size=120000Kb used=450Kb max_used=450Kb free=119549Kb
 bounds [0x0000022edbf90000, 0x0000022edc200000, 0x0000022ee34c0000]
CodeHeap 'profiled nmethods': size=120000Kb used=1897Kb max_used=1897Kb free=118102Kb
 bounds [0x0000022ed44c0000, 0x0000022ed4730000, 0x0000022edb9f0000]
CodeHeap 'non-nmethods': size=5760Kb used=1155Kb max_used=1173Kb free=4604Kb
 bounds [0x0000022edb9f0000, 0x0000022edbc60000, 0x0000022edbf90000]
 total_blobs=1517 nmethods=1079 adapters=353
 compilation: enabled
              stopped_count=0, restarted_count=0
 full_count=0

Compilation events (20 events):
Event: 1.443 Thread 0x0000022eec123600 1066       4       java.util.HashMap::putVal (300 bytes)
Event: 1.449 Thread 0x0000022eea7df9e0 nmethod 1067 0x0000022ed4690990 code [0x0000022ed4690c40, 0x0000022ed46918b8]
Event: 1.449 Thread 0x0000022eea7df9e0 1071       1       org.eclipse.osgi.container.ModuleRevisionBuilder$GenericInfo::getNamespace (5 bytes)
Event: 1.449 Thread 0x0000022eea7df9e0 nmethod 1071 0x0000022edbffb810 code [0x0000022edbffb9a0, 0x0000022edbffba78]
Event: 1.449 Thread 0x0000022eea7df9e0 1073       3       org.eclipse.osgi.container.ModuleRevisionBuilder::unmodifiableMap (86 bytes)
Event: 1.450 Thread 0x0000022eea7df9e0 nmethod 1073 0x0000022ed4691e90 code [0x0000022ed4692120, 0x0000022ed4692e88]
Event: 1.450 Thread 0x0000022eea7df9e0 1072       1       java.util.Collections$EmptyMap::size (2 bytes)
Event: 1.450 Thread 0x0000022eea7df9e0 nmethod 1072 0x0000022edbffbb10 code [0x0000022edbffbca0, 0x0000022edbffbd78]
Event: 1.450 Thread 0x0000022eea7df9e0 1069   !   3       java.security.Provider::getService (173 bytes)
Event: 1.451 Thread 0x0000022eea7df9e0 nmethod 1069 0x0000022ed4693210 code [0x0000022ed4693480, 0x0000022ed4694188]
Event: 1.451 Thread 0x0000022eea7df9e0 1070       3       java.security.Provider$ServiceKey::matches (22 bytes)
Event: 1.451 Thread 0x0000022eea7df9e0 nmethod 1070 0x0000022ed4694610 code [0x0000022ed46947a0, 0x0000022ed4694958]
Event: 1.459 Thread 0x0000022eea7df9e0 1075       3       java.net.URL::toString (5 bytes)
Event: 1.459 Thread 0x0000022eea7df9e0 nmethod 1075 0x0000022ed4694a10 code [0x0000022ed4694bc0, 0x0000022ed4694de8]
Event: 1.462 Thread 0x0000022eec123600 nmethod 1066 0x0000022edbffc290 code [0x0000022edbffc4c0, 0x0000022edbffcfe0]
Event: 1.462 Thread 0x0000022eec123600 1053  s    4       java.io.BufferedInputStream::read (49 bytes)
Event: 1.462 Thread 0x0000022eea7df9e0 1076       3       sun.net.util.IPAddressUtil::checkHostString (54 bytes)
Event: 1.463 Thread 0x0000022eea7df9e0 nmethod 1076 0x0000022ed4694f10 code [0x0000022ed46951c0, 0x0000022ed4695d48]
Event: 1.464 Thread 0x0000022eec123600 nmethod 1053 0x0000022edbffd790 code [0x0000022edbffd920, 0x0000022edbffdce8]
Event: 1.464 Thread 0x0000022eec123600 1062       4       java.io.DataInputStream::readInt (68 bytes)

GC Heap History (2 events):
Event: 1.293 GC heap before
{Heap before GC invocations=1 (full 0):
 PSYoungGen      total 29696K, used 25600K [0x00000000eab00000, 0x00000000ecc00000, 0x0000000100000000)
  eden space 25600K, 100% used [0x00000000eab00000,0x00000000ec400000,0x00000000ec400000)
  from space 4096K, 0% used [0x00000000ec800000,0x00000000ec800000,0x00000000ecc00000)
  to   space 4096K, 0% used [0x00000000ec400000,0x00000000ec400000,0x00000000ec800000)
 ParOldGen       total 68608K, used 0K [0x00000000c0000000, 0x00000000c4300000, 0x00000000eab00000)
  object space 68608K, 0% used [0x00000000c0000000,0x00000000c0000000,0x00000000c4300000)
 Metaspace       used 11001K, committed 11200K, reserved 1114112K
  class space    used 1096K, committed 1216K, reserved 1048576K
}
Event: 1.300 GC heap after
{Heap after GC invocations=1 (full 0):
 PSYoungGen      total 29696K, used 3220K [0x00000000eab00000, 0x00000000ecc00000, 0x0000000100000000)
  eden space 25600K, 0% used [0x00000000eab00000,0x00000000eab00000,0x00000000ec400000)
  from space 4096K, 78% used [0x00000000ec400000,0x00000000ec725130,0x00000000ec800000)
  to   space 4096K, 0% used [0x00000000ec800000,0x00000000ec800000,0x00000000ecc00000)
 ParOldGen       total 68608K, used 16K [0x00000000c0000000, 0x00000000c4300000, 0x00000000eab00000)
  object space 68608K, 0% used [0x00000000c0000000,0x00000000c0004000,0x00000000c4300000)
 Metaspace       used 11001K, committed 11200K, reserved 1114112K
  class space    used 1096K, committed 1216K, reserved 1048576K
}

Dll operation events (8 events):
Event: 0.015 Loaded shared library c:\Users\Kiet\.vscode\extensions\redhat.java-1.28.1-win32-x64\jre\17.0.10-win32-x86_64\bin\java.dll
Event: 0.202 Loaded shared library c:\Users\Kiet\.vscode\extensions\redhat.java-1.28.1-win32-x64\jre\17.0.10-win32-x86_64\bin\zip.dll
Event: 0.206 Loaded shared library C:\Users\Kiet\.vscode\extensions\redhat.java-1.28.1-win32-x64\jre\17.0.10-win32-x86_64\bin\instrument.dll
Event: 0.220 Loaded shared library C:\Users\Kiet\.vscode\extensions\redhat.java-1.28.1-win32-x64\jre\17.0.10-win32-x86_64\bin\net.dll
Event: 0.222 Loaded shared library C:\Users\Kiet\.vscode\extensions\redhat.java-1.28.1-win32-x64\jre\17.0.10-win32-x86_64\bin\nio.dll
Event: 0.230 Loaded shared library C:\Users\Kiet\.vscode\extensions\redhat.java-1.28.1-win32-x64\jre\17.0.10-win32-x86_64\bin\zip.dll
Event: 0.256 Loaded shared library C:\Users\Kiet\.vscode\extensions\redhat.java-1.28.1-win32-x64\jre\17.0.10-win32-x86_64\bin\jimage.dll
Event: 0.337 Loaded shared library c:\Users\Kiet\.vscode\extensions\redhat.java-1.28.1-win32-x64\jre\17.0.10-win32-x86_64\bin\verify.dll

Deoptimization events (20 events):
Event: 1.210 Thread 0x0000022ed182f3c0 DEOPT PACKING pc=0x0000022edbfe1fe4 sp=0x000000b0260fdf40
Event: 1.210 Thread 0x0000022ed182f3c0 DEOPT UNPACKING pc=0x0000022edba49ea3 sp=0x000000b0260fddd8 mode 2
Event: 1.212 Thread 0x0000022ed182f3c0 Uncommon trap: trap_request=0xffffff45 fr.pc=0x0000022edbfd7268 relative=0x00000000000002a8
Event: 1.212 Thread 0x0000022ed182f3c0 Uncommon trap: reason=unstable_if action=reinterpret pc=0x0000022edbfd7268 method=java.util.HashMap.hash(Ljava/lang/Object;)I @ 1 c2
Event: 1.212 Thread 0x0000022ed182f3c0 DEOPT PACKING pc=0x0000022edbfd7268 sp=0x000000b0260fdfd0
Event: 1.212 Thread 0x0000022ed182f3c0 DEOPT UNPACKING pc=0x0000022edba49ea3 sp=0x000000b0260fdee8 mode 2
Event: 1.212 Thread 0x0000022ed182f3c0 Uncommon trap: trap_request=0xffffffde fr.pc=0x0000022edbfc639c relative=0x000000000000053c
Event: 1.212 Thread 0x0000022ed182f3c0 Uncommon trap: reason=class_check action=maybe_recompile pc=0x0000022edbfc639c method=java.util.Collections$UnmodifiableCollection$1.<init>(Ljava/util/Collections$UnmodifiableCollection;)V @ 17 c2
Event: 1.212 Thread 0x0000022ed182f3c0 DEOPT PACKING pc=0x0000022edbfc639c sp=0x000000b0260fdf90
Event: 1.212 Thread 0x0000022ed182f3c0 DEOPT UNPACKING pc=0x0000022edba49ea3 sp=0x000000b0260fded8 mode 2
Event: 1.212 Thread 0x0000022ed182f3c0 Uncommon trap: trap_request=0xffffff45 fr.pc=0x0000022edbfd4614 relative=0x0000000000000094
Event: 1.212 Thread 0x0000022ed182f3c0 Uncommon trap: reason=unstable_if action=reinterpret pc=0x0000022edbfd4614 method=java.util.HashMap.hash(Ljava/lang/Object;)I @ 1 c2
Event: 1.213 Thread 0x0000022ed182f3c0 DEOPT PACKING pc=0x0000022edbfd4614 sp=0x000000b0260fde40
Event: 1.213 Thread 0x0000022ed182f3c0 DEOPT UNPACKING pc=0x0000022edba49ea3 sp=0x000000b0260fddd8 mode 2
Event: 1.459 Thread 0x0000022ed182f3c0 Uncommon trap: trap_request=0xffffff45 fr.pc=0x0000022edbfcf948 relative=0x0000000000001008
Event: 1.459 Thread 0x0000022ed182f3c0 Uncommon trap: reason=unstable_if action=reinterpret pc=0x0000022edbfcf948 method=lombok.patcher.PatchScript.classMatches(Ljava/lang/String;Ljava/util/Collection;)Z @ 25 c2
Event: 1.459 Thread 0x0000022ed182f3c0 DEOPT PACKING pc=0x0000022edbfcf948 sp=0x000000b0260f8160
Event: 1.459 Thread 0x0000022ed182f3c0 DEOPT UNPACKING pc=0x0000022edba49ea3 sp=0x000000b0260f80c8 mode 2
Event: 1.463 Thread 0x0000022ed182f3c0 DEOPT PACKING pc=0x0000022ed45327c5 sp=0x000000b0260f7600
Event: 1.463 Thread 0x0000022ed182f3c0 DEOPT UNPACKING pc=0x0000022edba4a9e3 sp=0x000000b0260f6ab0 mode 0

Classes unloaded (0 events):
No events

Classes redefined (0 events):
No events

Internal exceptions (20 events):
Event: 0.774 Thread 0x0000022ed182f3c0 Exception <a 'java/io/FileNotFoundException'{0x00000000eb86eed0}> (0x00000000eb86eed0) 
thrown [s\src\hotspot\share\prims\jni.cpp, line 516]
Event: 0.774 Thread 0x0000022ed182f3c0 Exception <a 'java/io/FileNotFoundException'{0x00000000eb86fbc0}> (0x00000000eb86fbc0) 
thrown [s\src\hotspot\share\prims\jni.cpp, line 516]
Event: 0.774 Thread 0x0000022ed182f3c0 Exception <a 'java/io/FileNotFoundException'{0x00000000eb870880}> (0x00000000eb870880) 
thrown [s\src\hotspot\share\prims\jni.cpp, line 516]
Event: 0.779 Thread 0x0000022ed182f3c0 Implicit null exception at 0x0000022edbfb2872 to 0x0000022edbfb2de8
Event: 0.782 Thread 0x0000022ed182f3c0 Exception <a 'java/io/FileNotFoundException'{0x00000000eb8ab158}> (0x00000000eb8ab158) 
thrown [s\src\hotspot\share\prims\jni.cpp, line 516]
Event: 1.038 Thread 0x0000022ed182f3c0 Exception <a 'java/lang/ClassNotFoundException'{0x00000000ec0b08d0}: sun/net/www/protocol/c/Handler> (0x00000000ec0b08d0) 
thrown [s\src\hotspot\share\classfile\systemDictionary.cpp, line 256]
Event: 1.040 Thread 0x0000022ed182f3c0 Exception <a 'java/lang/ClassNotFoundException'{0x00000000ec0b1c18}: sun/net/www/protocol/c/Handler> (0x00000000ec0b1c18) 
thrown [s\src\hotspot\share\classfile\systemDictionary.cpp, line 256]
Event: 1.042 Thread 0x0000022ed182f3c0 Exception <a 'java/lang/ClassNotFoundException'{0x00000000ec0b2d90}: sun/net/www/protocol/c/Handler> (0x00000000ec0b2d90) 
thrown [s\src\hotspot\share\classfile\systemDictionary.cpp, line 256]
Event: 1.056 Thread 0x0000022ed182f3c0 Exception <a 'java/io/FileNotFoundException'{0x00000000ec0d64a8}> (0x00000000ec0d64a8) 
thrown [s\src\hotspot\share\prims\jni.cpp, line 516]
Event: 1.209 Thread 0x0000022ed182f3c0 Implicit null exception at 0x0000022edbfef17b to 0x0000022edbfefbc8
Event: 1.210 Thread 0x0000022ed182f3c0 Implicit null exception at 0x0000022edbfe1dec to 0x0000022edbfe1fcc
Event: 1.212 Thread 0x0000022ed182f3c0 Implicit null exception at 0x0000022edbfd700e to 0x0000022edbfd7248
Event: 1.212 Thread 0x0000022ed182f3c0 Implicit null exception at 0x0000022edbfd458f to 0x0000022edbfd4605
Event: 1.273 Thread 0x0000022ed182f3c0 Exception <a 'java/lang/NoSuchMethodError'{0x00000000ec3a8350}: 'int java.lang.invoke.DirectMethodHandle$Holder.invokeStaticInit(java.lang.Object, java.lang.Object, java.lang.Object, java.lang.Object)'> (0x00000000ec3a8350) 
thrown [s\src\hotspot\share\interpreter\linkResolver.cpp, line 759]
Event: 1.275 Thread 0x0000022ed182f3c0 Exception <a 'java/lang/NoSuchMethodError'{0x00000000ec3b29c0}: 'java.lang.Object java.lang.invoke.DirectMethodHandle$Holder.invokeInterface(java.lang.Object, java.lang.Object)'> (0x00000000ec3b29c0) 
thrown [s\src\hotspot\share\interpreter\linkResolver.cpp, line 759]
Event: 1.276 Thread 0x0000022ed182f3c0 Exception <a 'java/lang/IncompatibleClassChangeError'{0x00000000ec3b61b8}: Found class java.lang.Object, but interface was expected> (0x00000000ec3b61b8) 
thrown [s\src\hotspot\share\interpreter\linkResolver.cpp, line 826]
Event: 1.276 Thread 0x0000022ed182f3c0 Exception <a 'java/lang/NoSuchMethodError'{0x00000000ec3ba6a8}: 'void java.lang.invoke.DirectMethodHandle$Holder.invokeStatic(java.lang.Object, java.lang.Object)'> (0x00000000ec3ba6a8) 
thrown [s\src\hotspot\share\interpreter\linkResolver.cpp, line 759]
Event: 1.277 Thread 0x0000022ed182f3c0 Exception <a 'java/lang/NoSuchMethodError'{0x00000000ec3bdea8}: 'void java.lang.invoke.DirectMethodHandle$Holder.invokeStaticInit(java.lang.Object, java.lang.Object)'> (0x00000000ec3bdea8) 
thrown [s\src\hotspot\share\interpreter\linkResolver.cpp, line 759]
Event: 1.278 Thread 0x0000022ed182f3c0 Exception <a 'java/lang/NoSuchMethodError'{0x00000000ec3c56a8}: 'int java.lang.invoke.DirectMethodHandle$Holder.invokeStaticInit(java.lang.Object, java.lang.Object)'> (0x00000000ec3c56a8) 
thrown [s\src\hotspot\share\interpreter\linkResolver.cpp, line 759]
Event: 1.353 Thread 0x0000022ed182f3c0 Exception <a 'java/lang/NoSuchMethodError'{0x00000000eabef330}: 'void java.lang.invoke.DirectMethodHandle$Holder.invokeSpecial(java.lang.Object, java.lang.Object, java.lang.Object)'> (0x00000000eabef330) 
thrown [s\src\hotspot\share\interpreter\linkResolver.cpp, line 759]

VM Operations (14 events):
Event: 0.177 Executing VM operation: HandshakeAllThreads
Event: 0.177 Executing VM operation: HandshakeAllThreads done
Event: 0.280 Executing VM operation: HandshakeAllThreads
Event: 0.280 Executing VM operation: HandshakeAllThreads done
Event: 0.727 Executing VM operation: HandshakeAllThreads
Event: 0.727 Executing VM operation: HandshakeAllThreads done
Event: 0.762 Executing VM operation: HandshakeAllThreads
Event: 0.762 Executing VM operation: HandshakeAllThreads done
Event: 0.997 Executing VM operation: ICBufferFull
Event: 0.997 Executing VM operation: ICBufferFull done
Event: 1.010 Executing VM operation: HandshakeAllThreads
Event: 1.010 Executing VM operation: HandshakeAllThreads done
Event: 1.293 Executing VM operation: ParallelGCFailedAllocation
Event: 1.300 Executing VM operation: ParallelGCFailedAllocation done

Events (20 events):
Event: 1.386 loading class java/util/concurrent/SynchronousQueue done
Event: 1.386 loading class java/util/concurrent/SynchronousQueue$TransferStack
Event: 1.386 loading class java/util/concurrent/SynchronousQueue$Transferer
Event: 1.386 loading class java/util/concurrent/SynchronousQueue$Transferer done
Event: 1.386 loading class java/util/concurrent/SynchronousQueue$TransferStack done
Event: 1.386 loading class java/util/concurrent/SynchronousQueue$TransferStack$SNode
Event: 1.387 loading class java/util/concurrent/ForkJoinPool$ManagedBlocker
Event: 1.387 loading class java/util/concurrent/ForkJoinPool$ManagedBlocker done
Event: 1.387 loading class java/util/concurrent/SynchronousQueue$TransferStack$SNode done
Event: 1.387 loading class java/util/concurrent/RejectedExecutionHandler
Event: 1.387 loading class java/util/concurrent/RejectedExecutionHandler done
Event: 1.387 loading class java/util/concurrent/LinkedBlockingQueue
Event: 1.388 loading class java/util/concurrent/LinkedBlockingQueue done
Event: 1.388 loading class java/util/concurrent/LinkedBlockingQueue$Node
Event: 1.388 loading class java/util/concurrent/LinkedBlockingQueue$Node done
Event: 1.406 loading class java/util/concurrent/Semaphore$NonfairSync
Event: 1.407 loading class java/util/concurrent/Semaphore$Sync
Event: 1.407 loading class java/util/concurrent/Semaphore$Sync done
Event: 1.407 loading class java/util/concurrent/Semaphore$NonfairSync done
Event: 1.442 Thread 0x0000022eec123600 Thread added: 0x0000022eec123600


Dynamic libraries:
0x00007ff62f2c0000 - 0x00007ff62f2ce000 	c:\Users\Kiet\.vscode\extensions\redhat.java-1.28.1-win32-x64\jre\17.0.10-win32-x86_64\bin\java.exe
0x00007ffe72250000 - 0x00007ffe72466000 	C:\WINDOWS\SYSTEM32\ntdll.dll
0x00007ffe70910000 - 0x00007ffe709d4000 	C:\WINDOWS\System32\KERNEL32.DLL
0x00007ffe6f720000 - 0x00007ffe6fac6000 	C:\WINDOWS\System32\KERNELBASE.dll
0x00007ffe6fe80000 - 0x00007ffe6ff91000 	C:\WINDOWS\System32\ucrtbase.dll
0x00007ffe67470000 - 0x00007ffe6748b000 	c:\Users\Kiet\.vscode\extensions\redhat.java-1.28.1-win32-x64\jre\17.0.10-win32-x86_64\bin\VCRUNTIME140.dll
0x00007ffe5bdd0000 - 0x00007ffe5bde7000 	c:\Users\Kiet\.vscode\extensions\redhat.java-1.28.1-win32-x64\jre\17.0.10-win32-x86_64\bin\jli.dll
0x00007ffe70650000 - 0x00007ffe707fd000 	C:\WINDOWS\System32\USER32.dll
0x00007ffe5e1e0000 - 0x00007ffe5e473000 	C:\WINDOWS\WinSxS\amd64_microsoft.windows.common-controls_6595b64144ccf1df_6.0.22621.3235_none_270f74e173860f98\COMCTL32.dll
0x00007ffe6f590000 - 0x00007ffe6f5b6000 	C:\WINDOWS\System32\win32u.dll
0x00007ffe70540000 - 0x00007ffe705e7000 	C:\WINDOWS\System32\msvcrt.dll
0x00007ffe71150000 - 0x00007ffe71179000 	C:\WINDOWS\System32\GDI32.dll
0x00007ffe6fd60000 - 0x00007ffe6fe78000 	C:\WINDOWS\System32\gdi32full.dll
0x00007ffe6fcc0000 - 0x00007ffe6fd5a000 	C:\WINDOWS\System32\msvcp_win.dll
0x00007ffe70800000 - 0x00007ffe70831000 	C:\WINDOWS\System32\IMM32.DLL
0x00007ffe677a0000 - 0x00007ffe677ac000 	c:\Users\Kiet\.vscode\extensions\redhat.java-1.28.1-win32-x64\jre\17.0.10-win32-x86_64\bin\vcruntime140_1.dll
0x00007ffe41830000 - 0x00007ffe418bd000 	c:\Users\Kiet\.vscode\extensions\redhat.java-1.28.1-win32-x64\jre\17.0.10-win32-x86_64\bin\msvcp140.dll
0x00007ffe2c6c0000 - 0x00007ffe2d322000 	c:\Users\Kiet\.vscode\extensions\redhat.java-1.28.1-win32-x64\jre\17.0.10-win32-x86_64\bin\server\jvm.dll
0x00007ffe72150000 - 0x00007ffe72202000 	C:\WINDOWS\System32\ADVAPI32.dll
0x00007ffe70330000 - 0x00007ffe703d8000 	C:\WINDOWS\System32\sechost.dll
0x00007ffe6f6f0000 - 0x00007ffe6f718000 	C:\WINDOWS\System32\bcrypt.dll
0x00007ffe71e80000 - 0x00007ffe71f95000 	C:\WINDOWS\System32\RPCRT4.dll
0x00007ffe6f460000 - 0x00007ffe6f4ad000 	C:\WINDOWS\SYSTEM32\POWRPROF.dll
0x00007ffe68430000 - 0x00007ffe6843a000 	C:\WINDOWS\SYSTEM32\VERSION.dll
0x00007ffe69550000 - 0x00007ffe69584000 	C:\WINDOWS\SYSTEM32\WINMM.dll
0x00007ffe64fc0000 - 0x00007ffe64fc9000 	C:\WINDOWS\SYSTEM32\WSOCK32.dll
0x00007ffe710d0000 - 0x00007ffe71141000 	C:\WINDOWS\System32\WS2_32.dll
0x00007ffe6f440000 - 0x00007ffe6f453000 	C:\WINDOWS\SYSTEM32\UMPDC.dll
0x00007ffe6e5d0000 - 0x00007ffe6e5e8000 	C:\WINDOWS\SYSTEM32\kernel.appcore.dll
0x00007ffe62220000 - 0x00007ffe6222a000 	c:\Users\Kiet\.vscode\extensions\redhat.java-1.28.1-win32-x64\jre\17.0.10-win32-x86_64\bin\jimage.dll
0x00007ffe6ce20000 - 0x00007ffe6d053000 	C:\WINDOWS\SYSTEM32\DBGHELP.DLL
0x00007ffe6ffa0000 - 0x00007ffe70328000 	C:\WINDOWS\System32\combase.dll
0x00007ffe71180000 - 0x00007ffe71257000 	C:\WINDOWS\System32\OLEAUT32.dll
0x00007ffe68a70000 - 0x00007ffe68aa2000 	C:\WINDOWS\SYSTEM32\dbgcore.DLL
0x00007ffe6fad0000 - 0x00007ffe6fb4a000 	C:\WINDOWS\System32\bcryptPrimitives.dll
0x00007ffe61aa0000 - 0x00007ffe61aae000 	c:\Users\Kiet\.vscode\extensions\redhat.java-1.28.1-win32-x64\jre\17.0.10-win32-x86_64\bin\instrument.dll
0x00007ffe4c810000 - 0x00007ffe4c835000 	c:\Users\Kiet\.vscode\extensions\redhat.java-1.28.1-win32-x64\jre\17.0.10-win32-x86_64\bin\java.dll
0x00007ffe57790000 - 0x00007ffe577a8000 	c:\Users\Kiet\.vscode\extensions\redhat.java-1.28.1-win32-x64\jre\17.0.10-win32-x86_64\bin\zip.dll
0x00007ffe71510000 - 0x00007ffe71d6d000 	C:\WINDOWS\System32\SHELL32.dll
0x00007ffe6d4f0000 - 0x00007ffe6dde8000 	C:\WINDOWS\SYSTEM32\windows.storage.dll
0x00007ffe6d3b0000 - 0x00007ffe6d4ee000 	C:\WINDOWS\SYSTEM32\wintypes.dll
0x00007ffe71fb0000 - 0x00007ffe720a3000 	C:\WINDOWS\System32\SHCORE.dll
0x00007ffe71e20000 - 0x00007ffe71e7e000 	C:\WINDOWS\System32\shlwapi.dll
0x00007ffe6f4c0000 - 0x00007ffe6f4e6000 	C:\WINDOWS\SYSTEM32\profapi.dll
0x00007ffe4e500000 - 0x00007ffe4e519000 	C:\Users\Kiet\.vscode\extensions\redhat.java-1.28.1-win32-x64\jre\17.0.10-win32-x86_64\bin\net.dll
0x00007ffe69c40000 - 0x00007ffe69d77000 	C:\WINDOWS\SYSTEM32\WINHTTP.dll
0x00007ffe6ea50000 - 0x00007ffe6eab9000 	C:\WINDOWS\system32\mswsock.dll
0x00007ffe4e2a0000 - 0x00007ffe4e2b6000 	C:\Users\Kiet\.vscode\extensions\redhat.java-1.28.1-win32-x64\jre\17.0.10-win32-x86_64\bin\nio.dll
0x00007ffe5e5b0000 - 0x00007ffe5e5c0000 	c:\Users\Kiet\.vscode\extensions\redhat.java-1.28.1-win32-x64\jre\17.0.10-win32-x86_64\bin\verify.dll

dbghelp: loaded successfully - version: 4.0.5 - missing functions: none
symbol engine: initialized successfully - sym options: 0x614 - pdb path: .;c:\Users\Kiet\.vscode\extensions\redhat.java-1.28.1-win32-x64\jre\17.0.10-win32-x86_64\bin;C:\WINDOWS\SYSTEM32;C:\WINDOWS\WinSxS\amd64_microsoft.windows.common-controls_6595b64144ccf1df_6.0.22621.3235_none_270f74e173860f98;c:\Users\Kiet\.vscode\extensions\redhat.java-1.28.1-win32-x64\jre\17.0.10-win32-x86_64\bin\server

VM Arguments:
jvm_args: --add-modules=ALL-SYSTEM --add-opens=java.base/java.util=ALL-UNNAMED --add-opens=java.base/java.lang=ALL-UNNAMED --add-opens=java.base/sun.nio.fs=ALL-UNNAMED -Declipse.application=org.eclipse.jdt.ls.core.id1 -Dosgi.bundles.defaultStartLevel=4 -Declipse.product=org.eclipse.jdt.ls.core.product -Djava.import.generatesMetadataFilesAtProjectRoot=false -DDetectVMInstallationsJob.disabled=true -Dfile.encoding=utf8 -XX:+UseParallelGC -XX:GCTimeRatio=4 -XX:AdaptiveSizePolicyWeight=90 -Dsun.zip.disableMemoryMapping=true -Xmx1G -Xms100m -Xlog:disable -javaagent:c:\Users\Kiet\.vscode\extensions\redhat.java-1.28.1-win32-x64\lombok\lombok-1.18.31.jar 
java_command: c:\Users\Kiet\.vscode\extensions\redhat.java-1.28.1-win32-x64\server\plugins\org.eclipse.equinox.launcher_1.6.700.v20231214-2017.jar -configuration c:\Users\Kiet\AppData\Roaming\Code\User\globalStorage\redhat.java\1.28.1\config_ss_win -data c:\Users\Kiet\AppData\Roaming\Code\User\workspaceStorage\794778fa6a47f198356234ad77415c6f\redhat.java\ss_ws --stdio
java_class_path (initial): c:\Users\Kiet\.vscode\extensions\redhat.java-1.28.1-win32-x64\server\plugins\org.eclipse.equinox.launcher_1.6.700.v20231214-2017.jar
Launcher Type: SUN_STANDARD

[Global flags]
    uintx AdaptiveSizePolicyWeight                 = 90                                        {product} {command line}
     intx CICompilerCount                          = 4                                         {product} {ergonomic}
    uintx GCTimeRatio                              = 4                                         {product} {command line}
   size_t InitialHeapSize                          = 104857600                                 {product} {command line}
   size_t MaxHeapSize                              = 1073741824                                {product} {command line}
   size_t MaxNewSize                               = 357564416                                 {product} {ergonomic}
   size_t MinHeapDeltaBytes                        = 524288                                    {product} {ergonomic}
   size_t MinHeapSize                              = 104857600                                 {product} {command line}
   size_t NewSize                                  = 34603008                                  {product} {ergonomic}
    uintx NonNMethodCodeHeapSize                   = 5839372                                {pd product} {ergonomic}
    uintx NonProfiledCodeHeapSize                  = 122909434                              {pd product} {ergonomic}
   size_t OldSize                                  = 70254592                                  {product} {ergonomic}
    uintx ProfiledCodeHeapSize                     = 122909434                              {pd product} {ergonomic}
    uintx ReservedCodeCacheSize                    = 251658240                              {pd product} {ergonomic}
     bool SegmentedCodeCache                       = true                                      {product} {ergonomic}
   size_t SoftMaxHeapSize                          = 1073741824                             {manageable} {ergonomic}
     bool UseCompressedClassPointers               = true                           {product lp64_product} {ergonomic}
     bool UseCompressedOops                        = true                           {product lp64_product} {ergonomic}
     bool UseLargePagesIndividualAllocation        = false                                  {pd product} {ergonomic}
     bool UseParallelGC                            = true                                      {product} {command line}

Logging:
Log output configuration:
 #0: stdout all=off uptime,level,tags
 #1: stderr all=off uptime,level,tags

Environment Variables:
PATH=C:\Program Files\Common Files\Oracle\Java\javapath;C:\Program Files (x86)\Common Files\Oracle\Java\javapath;C:\WINDOWS\system32;C:\WINDOWS;C:\WINDOWS\System32\Wbem;C:\WINDOWS\System32\WindowsPowerShell\v1.0\;C:\WINDOWS\System32\OpenSSH\;C:\Program Files\dotnet\;C:\Program Files\Common Files\Oracle\Java\javapath;C:\Program Files\Java\jdk-11\bin;C:\Program Files (x86)\Microsoft SQL Server\160\Tools\Binn\;C:\Program Files\Microsoft SQL Server\160\Tools\Binn\;C:\Program Files\Microsoft SQL Server\Client SDK\ODBC\170\Tools\Binn\;C:\Program Files\Microsoft SQL Server\160\DTS\Binn\;C:\Program Files (x86)\Microsoft SQL Server\160\DTS\Binn\;C:\Program Files\Azure Data Studio\bin;C:\Program Files\apache-maven-3.9.6\bin;C:\Program Files\Git\cmd;C:\Program Files\nodejs\;C:\Users\Kiet\AppData\Local\Microsoft\WindowsApps;C:\Users\Kiet\AppData\Local\Programs\Microsoft VS Code\bin;C:\Users\Kiet\AppData\Local\GitHubDesktop\bin;C:\Users\Kiet\.dotnet\tools;C:\Program Files\Azure Data Studio\bin;C:\Users\Kiet\AppData\Roaming\npm
USERNAME=Kiet
OS=Windows_NT
PROCESSOR_IDENTIFIER=Intel64 Family 6 Model 126 Stepping 5, GenuineIntel
TMP=C:\Users\Kiet\AppData\Local\Temp
TEMP=C:\Users\Kiet\AppData\Local\Temp



Periodic native trim disabled


---------------  S Y S T E M  ---------------

OS:
 Windows 11 , 64 bit Build 22621 (10.0.22621.3235)
OS uptime: 3 days 8:23 hours

CPU: total 8 (initial active 8) (4 cores per cpu, 2 threads per core) family 6 model 126 stepping 5 microcode 0xa6, cx8, cmov, fxsr, ht, mmx, 3dnowpref, sse, sse2, sse3, ssse3, sse4.1, sse4.2, popcnt, lzcnt, tsc, tscinvbit, avx, avx2, aes, erms, clmul, bmi1, bmi2, adx, avx512f, avx512dq, avx512cd, avx512bw, avx512vl, sha, fma, vzeroupper, avx512_vpopcntdq, avx512_vpclmulqdq, avx512_vaes, avx512_vnni, clflush, clflushopt, avx512_vbmi2, avx512_vbmi
Processor Information for all 8 processors :
  Max Mhz: 1190, Current Mhz: 991, Mhz Limit: 987

Memory: 4k page, system-wide physical 7987M (844M free)
TotalPageFile size 10035M (AvailPageFile size 7M)
current process WorkingSet (physical memory assigned to process): 80M, peak: 80M
current process commit charge ("private bytes"): 202M, peak: 202M

vm_info: OpenJDK 64-Bit Server VM (17.0.10+7) for windows-amd64 JRE (17.0.10+7), built on Jan 16 2024 23:25:11 by "admin" with MS VC++ 16.10 / 16.11 (VS2019)

END.
