#
# There is insufficient memory for the Java Runtime Environment to continue.
# Native memory allocation (mmap) failed to map 65536 bytes for Failed to commit metaspace.
# Possible reasons:
#   The system is out of physical RAM or swap space
#   The process is running with CompressedOops enabled, and the Java Heap may be blocking the growth of the native heap
# Possible solutions:
#   Reduce memory load on the system
#   Increase physical memory or swap space
#   Check if swap backing store is full
#   Decrease Java heap size (-Xmx/-Xms)
#   Decrease number of Java threads
#   Decrease Java thread stack sizes (-Xss)
#   Set larger code cache with -XX:ReservedCodeCacheSize=
#   JVM is running with Unscaled Compressed Oops mode in which the Java heap is
#     placed in the first 4GB address space. The Java Heap base address is the
#     maximum limit for the native heap growth. Please use -XX:HeapBaseMinAddress
#     to set the Java Heap base and to place the Java Heap above 4GB virtual address.
# This output file may be truncated or incomplete.
#
#  Out of Memory Error (virtualSpaceNode.cpp:110), pid=17452, tid=14756
#
# JRE version: OpenJDK Runtime Environment Temurin-17.0.10+7 (17.0.10+7) (build 17.0.10+7)
# Java VM: OpenJDK 64-Bit Server VM Temurin-17.0.10+7 (17.0.10+7, mixed mode, tiered, compressed oops, compressed class ptrs, parallel gc, windows-amd64)
# No core dump will be written. Minidumps are not enabled by default on client versions of Windows
#

---------------  S U M M A R Y ------------

Command Line: --add-modules=ALL-SYSTEM --add-opens=java.base/java.util=ALL-UNNAMED --add-opens=java.base/java.lang=ALL-UNNAMED --add-opens=java.base/sun.nio.fs=ALL-UNNAMED -Declipse.application=org.eclipse.jdt.ls.core.id1 -Dosgi.bundles.defaultStartLevel=4 -Declipse.product=org.eclipse.jdt.ls.core.product -Djava.import.generatesMetadataFilesAtProjectRoot=false -DDetectVMInstallationsJob.disabled=true -Dfile.encoding=utf8 -XX:+UseParallelGC -XX:GCTimeRatio=4 -XX:AdaptiveSizePolicyWeight=90 -Dsun.zip.disableMemoryMapping=true -Xmx1G -Xms100m -Xlog:disable -javaagent:c:\Users\Kiet\.vscode\extensions\redhat.java-1.28.1-win32-x64\lombok\lombok-1.18.31.jar -XX:+HeapDumpOnOutOfMemoryError -XX:HeapDumpPath=c:\Users\Kiet\AppData\Roaming\Code\User\workspaceStorage\794778fa6a47f198356234ad77415c6f\redhat.java -Daether.dependencyCollector.impl=bf c:\Users\Kiet\.vscode\extensions\redhat.java-1.28.1-win32-x64\server\plugins\org.eclipse.equinox.launcher_1.6.700.v20231214-2017.jar -configuration c:\Users\Kiet\AppData\Roaming\Code\User\globalStorage\redhat.java\1.28.1\config_win -data c:\Users\Kiet\AppData\Roaming\Code\User\workspaceStorage\794778fa6a47f198356234ad77415c6f\redhat.java\jdt_ws --stdio

Host: Intel(R) Core(TM) i5-1035G1 CPU @ 1.00GHz, 8 cores, 7G,  Windows 11 , 64 bit Build 22621 (10.0.22621.3235)
Time: Tue Mar 19 22:33:49 2024 SE Asia Standard Time elapsed time: 0.333390 seconds (0d 0h 0m 0s)

---------------  T H R E A D  ---------------

Current thread (0x00000271f982e830):  JavaThread "main" [_thread_in_vm, id=14756, stack(0x000000c4b4b00000,0x000000c4b4c00000)]

Stack: [0x000000c4b4b00000,0x000000c4b4c00000]
Native frames: (J=compiled Java code, j=interpreted, Vv=VM code, C=native code)
V  [jvm.dll+0x67d2c9]
V  [jvm.dll+0x834afa]
V  [jvm.dll+0x8365be]
V  [jvm.dll+0x836c23]
V  [jvm.dll+0x2477ff]
V  [jvm.dll+0x8307bb]
V  [jvm.dll+0x621d16]
V  [jvm.dll+0x621d7a]
V  [jvm.dll+0x6245aa]
V  [jvm.dll+0x6226b6]
V  [jvm.dll+0x23bd4f]
V  [jvm.dll+0x62c565]
V  [jvm.dll+0x1eb80b]
V  [jvm.dll+0x1ebd45]
V  [jvm.dll+0x1ec800]
V  [jvm.dll+0x1e1c01]
V  [jvm.dll+0x5427ce]
V  [jvm.dll+0x1f2647]
V  [jvm.dll+0x7adf9b]
V  [jvm.dll+0x7af36c]
V  [jvm.dll+0x417af5]
C  [java.dll+0x1a55]

Java frames: (J=compiled Java code, j=interpreted, Vv=VM code)
j  java.lang.ClassLoader.findBootstrapClass(Ljava/lang/String;)Ljava/lang/Class;+0 java.base@17.0.10
j  java.lang.ClassLoader.findBootstrapClassOrNull(Ljava/lang/String;)Ljava/lang/Class;+10 java.base@17.0.10
j  java.lang.System$2.findBootstrapClassOrNull(Ljava/lang/String;)Ljava/lang/Class;+1 java.base@17.0.10
j  jdk.internal.loader.ClassLoaders$BootClassLoader.loadClassOrNull(Ljava/lang/String;Z)Ljava/lang/Class;+4 java.base@17.0.10
j  jdk.internal.loader.BuiltinClassLoader.loadClassOrNull(Ljava/lang/String;)Ljava/lang/Class;+3 java.base@17.0.10
j  jdk.internal.loader.BuiltinClassLoader.loadClassOrNull(Ljava/lang/String;Z)Ljava/lang/Class;+66 java.base@17.0.10
j  jdk.internal.loader.BuiltinClassLoader.loadClass(Ljava/lang/String;Z)Ljava/lang/Class;+3 java.base@17.0.10
j  jdk.internal.loader.ClassLoaders$AppClassLoader.loadClass(Ljava/lang/String;Z)Ljava/lang/Class;+36 java.base@17.0.10
j  java.lang.ClassLoader.loadClass(Ljava/lang/String;)Ljava/lang/Class;+3 java.base@17.0.10
v  ~StubRoutines::call_stub
j  lombok.launch.Main.getShadowClassLoader()Ljava/lang/ClassLoader;+6
j  lombok.launch.Agent.runLauncher(Ljava/lang/String;Ljava/lang/instrument/Instrumentation;Z)V+0
j  lombok.launch.Agent.premain(Ljava/lang/String;Ljava/lang/instrument/Instrumentation;)V+3
v  ~StubRoutines::call_stub
j  jdk.internal.reflect.NativeMethodAccessorImpl.invoke0(Ljava/lang/reflect/Method;Ljava/lang/Object;[Ljava/lang/Object;)Ljava/lang/Object;+0 java.base@17.0.10
j  jdk.internal.reflect.NativeMethodAccessorImpl.invoke(Ljava/lang/Object;[Ljava/lang/Object;)Ljava/lang/Object;+133 java.base@17.0.10
j  jdk.internal.reflect.DelegatingMethodAccessorImpl.invoke(Ljava/lang/Object;[Ljava/lang/Object;)Ljava/lang/Object;+6 java.base@17.0.10
j  java.lang.reflect.Method.invoke(Ljava/lang/Object;[Ljava/lang/Object;)Ljava/lang/Object;+59 java.base@17.0.10
j  sun.instrument.InstrumentationImpl.loadClassAndStartAgent(Ljava/lang/String;Ljava/lang/String;Ljava/lang/String;)V+166 java.instrument@17.0.10
j  sun.instrument.InstrumentationImpl.loadClassAndCallPremain(Ljava/lang/String;Ljava/lang/String;)V+6 java.instrument@17.0.10
v  ~StubRoutines::call_stub

---------------  P R O C E S S  ---------------

Threads class SMR info:
_java_thread_list=0x00000271ff8287b0, length=11, elements={
0x00000271f982e830, 0x00000271fe6b9020, 0x00000271fe6bb390, 0x00000271ff717f20,
0x00000271ff718ae0, 0x00000271ff7196a0, 0x00000271ff71a260, 0x00000271ff71d210,
0x00000271ff77a040, 0x00000271ff78edf0, 0x00000271f9891490
}

Java Threads: ( => current thread )
=>0x00000271f982e830 JavaThread "main" [_thread_in_vm, id=14756, stack(0x000000c4b4b00000,0x000000c4b4c00000)]
  0x00000271fe6b9020 JavaThread "Reference Handler" daemon [_thread_blocked, id=6676, stack(0x000000c4b4e00000,0x000000c4b4f00000)]
  0x00000271fe6bb390 JavaThread "Finalizer" daemon [_thread_blocked, id=18920, stack(0x000000c4b4f00000,0x000000c4b5000000)]
  0x00000271ff717f20 JavaThread "Signal Dispatcher" daemon [_thread_blocked, id=11548, stack(0x000000c4b5000000,0x000000c4b5100000)]
  0x00000271ff718ae0 JavaThread "Attach Listener" daemon [_thread_blocked, id=4836, stack(0x000000c4b5100000,0x000000c4b5200000)]
  0x00000271ff7196a0 JavaThread "Service Thread" daemon [_thread_blocked, id=17520, stack(0x000000c4b5200000,0x000000c4b5300000)]
  0x00000271ff71a260 JavaThread "Monitor Deflation Thread" daemon [_thread_blocked, id=7536, stack(0x000000c4b5300000,0x000000c4b5400000)]
  0x00000271ff71d210 JavaThread "C2 CompilerThread0" daemon [_thread_blocked, id=7672, stack(0x000000c4b5400000,0x000000c4b5500000)]
  0x00000271ff77a040 JavaThread "C1 CompilerThread0" daemon [_thread_blocked, id=15732, stack(0x000000c4b5500000,0x000000c4b5600000)]
  0x00000271ff78edf0 JavaThread "Sweeper thread" daemon [_thread_blocked, id=18332, stack(0x000000c4b5600000,0x000000c4b5700000)]
  0x00000271f9891490 JavaThread "Common-Cleaner" daemon [_thread_blocked, id=14920, stack(0x000000c4b5700000,0x000000c4b5800000)]

Other Threads:
  0x00000271ff6f2930 VMThread "VM Thread" [stack: 0x000000c4b4d00000,0x000000c4b4e00000] [id=15156]
  0x00000271f9841990 GCTaskThread "GC Thread#0" [stack: 0x000000c4b4c00000,0x000000c4b4d00000] [id=10068]

Threads with active compile tasks:

VM state: not at safepoint (normal execution)

VM Mutex/Monitor currently owned by a thread:  ([mutex/lock_event])
[0x00000271f9829700] Metaspace_lock - owner thread: 0x00000271f982e830

Heap address: 0x00000000c0000000, size: 1024 MB, Compressed Oops mode: 32-bit

CDS archive(s) not mapped
Compressed class space mapped at: 0x0000000100000000-0x0000000140000000, reserved size: 1073741824
Narrow klass base: 0x0000000000000000, Narrow klass shift: 3, Narrow klass range: 0x140000000

GC Precious Log:
 CPUs: 8 total, 8 available
 Memory: 7987M
 Large Page Support: Disabled
 NUMA Support: Disabled
 Compressed Oops: Enabled (32-bit)
 Alignments: Space 512K, Generation 512K, Heap 2M
 Heap Min Capacity: 100M
 Heap Initial Capacity: 100M
 Heap Max Capacity: 1G
 Pre-touch: Disabled
 Parallel Workers: 8

Heap:
 PSYoungGen      total 29696K, used 3198K [0x00000000eab00000, 0x00000000ecc00000, 0x0000000100000000)
  eden space 25600K, 12% used [0x00000000eab00000,0x00000000eae1f888,0x00000000ec400000)
  from space 4096K, 0% used [0x00000000ec800000,0x00000000ec800000,0x00000000ecc00000)
  to   space 4096K, 0% used [0x00000000ec400000,0x00000000ec400000,0x00000000ec800000)
 ParOldGen       total 68608K, used 0K [0x00000000c0000000, 0x00000000c4300000, 0x00000000eab00000)
  object space 68608K, 0% used [0x00000000c0000000,0x00000000c0000000,0x00000000c4300000)
 Metaspace       used 5403K, committed 5568K, reserved 1114112K
  class space    used 515K, committed 640K, reserved 1048576K

Card table byte_map: [0x00000271f91c0000,0x00000271f93d0000] _byte_map_base: 0x00000271f8bc0000

Marking Bits: (ParMarkBitMap*) 0x00007ffe2d25d7d0
 Begin Bits: [0x00000271fc4c0000, 0x00000271fd4c0000)
 End Bits:   [0x00000271fd4c0000, 0x00000271fe4c0000)

Polling page: 0x00000271f7800000

Metaspace:

Usage:
  Non-class:      4.77 MB used.
      Class:    515.02 KB used.
       Both:      5.28 MB used.

Virtual space:
  Non-class space:       64.00 MB reserved,       4.81 MB (  8%) committed,  1 nodes.
      Class space:        1.00 GB reserved,     640.00 KB ( <1%) committed,  1 nodes.
             Both:        1.06 GB reserved,       5.44 MB ( <1%) committed. 

Chunk freelists:
   Non-Class:  10.97 MB
       Class:  15.25 MB
        Both:  26.22 MB

MaxMetaspaceSize: unlimited
CompressedClassSpaceSize: 1.00 GB
Initial GC threshold: 21.00 MB
Current GC threshold: 21.00 MB
CDS: off
MetaspaceReclaimPolicy: balanced
 - commit_granule_bytes: 65536.
 - commit_granule_words: 8192.
 - virtual_space_node_default_size: 8388608.
 - enlarge_chunks_in_place: 1.
 - new_chunks_are_fully_committed: 0.
 - uncommit_free_chunks: 1.
 - use_allocation_guard: 0.
 - handle_deallocations: 1.


Internal statistics:

num_allocs_failed_limit: 0.
num_arena_births: 8.
num_arena_deaths: 0.
num_vsnodes_births: 2.
num_vsnodes_deaths: 0.
num_space_committed: 87.
num_space_uncommitted: 0.
num_chunks_returned_to_freelist: 0.
num_chunks_taken_from_freelist: 20.
num_chunk_merges: 0.
num_chunk_splits: 9.
num_chunks_enlarged: 5.
num_inconsistent_stats: 0.

CodeHeap 'non-profiled nmethods': size=120000Kb used=63Kb max_used=63Kb free=119936Kb
 bounds [0x0000027187ad0000, 0x0000027187d40000, 0x000002718f000000]
CodeHeap 'profiled nmethods': size=120000Kb used=249Kb max_used=249Kb free=119750Kb
 bounds [0x0000027180000000, 0x0000027180270000, 0x0000027187530000]
CodeHeap 'non-nmethods': size=5760Kb used=1105Kb max_used=1118Kb free=4654Kb
 bounds [0x0000027187530000, 0x00000271877a0000, 0x0000027187ad0000]
 total_blobs=589 nmethods=219 adapters=285
 compilation: enabled
              stopped_count=0, restarted_count=0
 full_count=0

Compilation events (20 events):
Event: 0.322 Thread 0x00000271ff77a040 nmethod 208 0x0000027180039090 code [0x0000027180039220, 0x00000271800393d8]
Event: 0.322 Thread 0x00000271ff77a040  209       3       java.util.zip.ZipUtils::CENFLG (9 bytes)
Event: 0.322 Thread 0x00000271ff77a040 nmethod 209 0x0000027180039510 code [0x00000271800396a0, 0x0000027180039858]
Event: 0.322 Thread 0x00000271ff77a040  211   !   3       java.util.zip.ZipFile$Source::checkAndAddEntry (262 bytes)
Event: 0.324 Thread 0x00000271ff77a040 nmethod 211 0x0000027180039990 code [0x0000027180039d40, 0x000002718003b3c8]
Event: 0.324 Thread 0x00000271ff77a040  212       3       java.util.zip.ZipUtils::CENSIG (8 bytes)
Event: 0.324 Thread 0x00000271ff77a040 nmethod 212 0x000002718003c090 code [0x000002718003c240, 0x000002718003c518]
Event: 0.324 Thread 0x00000271ff77a040  213       3       java.util.zip.ZipFile$Source::isMetaName (141 bytes)
Event: 0.324 Thread 0x00000271ff77a040 nmethod 213 0x000002718003c690 code [0x000002718003c840, 0x000002718003cd58]
Event: 0.324 Thread 0x00000271ff77a040  214       3       java.util.zip.ZipFile$Source::nextEntryPos (22 bytes)
Event: 0.325 Thread 0x00000271ff77a040 nmethod 214 0x000002718003cf10 code [0x000002718003d0c0, 0x000002718003d3f8]
Event: 0.325 Thread 0x00000271ff77a040  216       3       java.lang.CharacterDataLatin1::toLowerCase (39 bytes)
Event: 0.325 Thread 0x00000271ff77a040 nmethod 216 0x000002718003d590 code [0x000002718003d740, 0x000002718003d998]
Event: 0.326 Thread 0x00000271ff71d210 nmethod 215% 0x0000027187adf810 code [0x0000027187adf9a0, 0x0000027187adfc38]
Event: 0.327 Thread 0x00000271ff77a040  217       3       java.lang.String::getBytes (46 bytes)
Event: 0.327 Thread 0x00000271ff77a040 nmethod 217 0x000002718003da90 code [0x000002718003dc60, 0x000002718003df78]
Event: 0.331 Thread 0x00000271ff77a040  218       3       java.lang.System::getSecurityManager (12 bytes)
Event: 0.331 Thread 0x00000271ff77a040 nmethod 218 0x000002718003e090 code [0x000002718003e220, 0x000002718003e398]
Event: 0.331 Thread 0x00000271ff77a040  219       3       java.lang.System::allowSecurityManager (13 bytes)
Event: 0.331 Thread 0x00000271ff77a040 nmethod 219 0x000002718003e490 code [0x000002718003e620, 0x000002718003e738]

GC Heap History (0 events):
No events

Dll operation events (6 events):
Event: 0.021 Loaded shared library c:\Users\Kiet\.vscode\extensions\redhat.java-1.28.1-win32-x64\jre\17.0.10-win32-x86_64\bin\java.dll
Event: 0.250 Loaded shared library c:\Users\Kiet\.vscode\extensions\redhat.java-1.28.1-win32-x64\jre\17.0.10-win32-x86_64\bin\zip.dll
Event: 0.256 Loaded shared library C:\Users\Kiet\.vscode\extensions\redhat.java-1.28.1-win32-x64\jre\17.0.10-win32-x86_64\bin\instrument.dll
Event: 0.305 Loaded shared library C:\Users\Kiet\.vscode\extensions\redhat.java-1.28.1-win32-x64\jre\17.0.10-win32-x86_64\bin\net.dll
Event: 0.307 Loaded shared library C:\Users\Kiet\.vscode\extensions\redhat.java-1.28.1-win32-x64\jre\17.0.10-win32-x86_64\bin\nio.dll
Event: 0.316 Loaded shared library C:\Users\Kiet\.vscode\extensions\redhat.java-1.28.1-win32-x64\jre\17.0.10-win32-x86_64\bin\zip.dll

Deoptimization events (0 events):
No events

Classes unloaded (0 events):
No events

Classes redefined (0 events):
No events

Internal exceptions (1 events):
Event: 0.206 Thread 0x00000271f982e830 Exception <a 'java/lang/NoSuchMethodError'{0x00000000eacb5010}: 'void java.lang.invoke.DirectMethodHandle$Holder.invokeStatic(java.lang.Object, java.lang.Object, java.lang.Object)'> (0x00000000eacb5010) 
thrown [s\src\hotspot\share\interpreter\linkResolver.cpp, line 759]

VM Operations (2 events):
Event: 0.214 Executing VM operation: HandshakeAllThreads
Event: 0.214 Executing VM operation: HandshakeAllThreads done

Events (20 events):
Event: 0.328 loading class java/security/Permissions done
Event: 0.328 loading class java/lang/RuntimePermission
Event: 0.328 loading class java/lang/RuntimePermission done
Event: 0.328 loading class java/security/BasicPermissionCollection
Event: 0.328 loading class java/security/BasicPermissionCollection done
Event: 0.328 loading class java/security/AllPermission
Event: 0.328 loading class java/security/AllPermission done
Event: 0.328 loading class java/security/UnresolvedPermission
Event: 0.328 loading class java/security/UnresolvedPermission done
Event: 0.328 loading class java/security/SecureClassLoader$DebugHolder
Event: 0.328 loading class java/security/SecureClassLoader$DebugHolder done
Event: 0.329 loading class java/lang/reflect/InvocationTargetException
Event: 0.329 loading class java/lang/reflect/InvocationTargetException done
Event: 0.329 loading class sun/instrument/InstrumentationImpl$1
Event: 0.329 loading class sun/instrument/InstrumentationImpl$1 done
Event: 0.331 loading class java/util/concurrent/ConcurrentHashMap$ForwardingNode
Event: 0.331 loading class java/util/concurrent/ConcurrentHashMap$ForwardingNode done
Event: 0.331 loading class java/io/Reader
Event: 0.331 loading class java/lang/Readable
Event: 0.331 loading class java/lang/Readable done


Dynamic libraries:
0x00007ff7eaba0000 - 0x00007ff7eabae000 	c:\Users\Kiet\.vscode\extensions\redhat.java-1.28.1-win32-x64\jre\17.0.10-win32-x86_64\bin\java.exe
0x00007ffe72250000 - 0x00007ffe72466000 	C:\WINDOWS\SYSTEM32\ntdll.dll
0x00007ffe70910000 - 0x00007ffe709d4000 	C:\WINDOWS\System32\KERNEL32.DLL
0x00007ffe6f720000 - 0x00007ffe6fac6000 	C:\WINDOWS\System32\KERNELBASE.dll
0x00007ffe6fe80000 - 0x00007ffe6ff91000 	C:\WINDOWS\System32\ucrtbase.dll
0x00007ffe67470000 - 0x00007ffe67487000 	c:\Users\Kiet\.vscode\extensions\redhat.java-1.28.1-win32-x64\jre\17.0.10-win32-x86_64\bin\jli.dll
0x00007ffe5bdd0000 - 0x00007ffe5bdeb000 	c:\Users\Kiet\.vscode\extensions\redhat.java-1.28.1-win32-x64\jre\17.0.10-win32-x86_64\bin\VCRUNTIME140.dll
0x00007ffe70650000 - 0x00007ffe707fd000 	C:\WINDOWS\System32\USER32.dll
0x00007ffe6f590000 - 0x00007ffe6f5b6000 	C:\WINDOWS\System32\win32u.dll
0x00007ffe71150000 - 0x00007ffe71179000 	C:\WINDOWS\System32\GDI32.dll
0x00007ffe5e1e0000 - 0x00007ffe5e473000 	C:\WINDOWS\WinSxS\amd64_microsoft.windows.common-controls_6595b64144ccf1df_6.0.22621.3235_none_270f74e173860f98\COMCTL32.dll
0x00007ffe6fd60000 - 0x00007ffe6fe78000 	C:\WINDOWS\System32\gdi32full.dll
0x00007ffe70540000 - 0x00007ffe705e7000 	C:\WINDOWS\System32\msvcrt.dll
0x00007ffe6fcc0000 - 0x00007ffe6fd5a000 	C:\WINDOWS\System32\msvcp_win.dll
0x00007ffe70800000 - 0x00007ffe70831000 	C:\WINDOWS\System32\IMM32.DLL
0x00007ffe64fc0000 - 0x00007ffe64fcc000 	c:\Users\Kiet\.vscode\extensions\redhat.java-1.28.1-win32-x64\jre\17.0.10-win32-x86_64\bin\vcruntime140_1.dll
0x00007ffe3d670000 - 0x00007ffe3d6fd000 	c:\Users\Kiet\.vscode\extensions\redhat.java-1.28.1-win32-x64\jre\17.0.10-win32-x86_64\bin\msvcp140.dll
0x00007ffe2c6c0000 - 0x00007ffe2d322000 	c:\Users\Kiet\.vscode\extensions\redhat.java-1.28.1-win32-x64\jre\17.0.10-win32-x86_64\bin\server\jvm.dll
0x00007ffe72150000 - 0x00007ffe72202000 	C:\WINDOWS\System32\ADVAPI32.dll
0x00007ffe70330000 - 0x00007ffe703d8000 	C:\WINDOWS\System32\sechost.dll
0x00007ffe6f6f0000 - 0x00007ffe6f718000 	C:\WINDOWS\System32\bcrypt.dll
0x00007ffe71e80000 - 0x00007ffe71f95000 	C:\WINDOWS\System32\RPCRT4.dll
0x00007ffe6f460000 - 0x00007ffe6f4ad000 	C:\WINDOWS\SYSTEM32\POWRPROF.dll
0x00007ffe62220000 - 0x00007ffe62229000 	C:\WINDOWS\SYSTEM32\WSOCK32.dll
0x00007ffe710d0000 - 0x00007ffe71141000 	C:\WINDOWS\System32\WS2_32.dll
0x00007ffe69550000 - 0x00007ffe69584000 	C:\WINDOWS\SYSTEM32\WINMM.dll
0x00007ffe68430000 - 0x00007ffe6843a000 	C:\WINDOWS\SYSTEM32\VERSION.dll
0x00007ffe6f440000 - 0x00007ffe6f453000 	C:\WINDOWS\SYSTEM32\UMPDC.dll
0x00007ffe6e5d0000 - 0x00007ffe6e5e8000 	C:\WINDOWS\SYSTEM32\kernel.appcore.dll
0x00007ffe61aa0000 - 0x00007ffe61aaa000 	c:\Users\Kiet\.vscode\extensions\redhat.java-1.28.1-win32-x64\jre\17.0.10-win32-x86_64\bin\jimage.dll
0x00007ffe6ce20000 - 0x00007ffe6d053000 	C:\WINDOWS\SYSTEM32\DBGHELP.DLL
0x00007ffe6ffa0000 - 0x00007ffe70328000 	C:\WINDOWS\System32\combase.dll
0x00007ffe71180000 - 0x00007ffe71257000 	C:\WINDOWS\System32\OLEAUT32.dll
0x00007ffe68a70000 - 0x00007ffe68aa2000 	C:\WINDOWS\SYSTEM32\dbgcore.DLL
0x00007ffe6fad0000 - 0x00007ffe6fb4a000 	C:\WINDOWS\System32\bcryptPrimitives.dll
0x00007ffe5e5b0000 - 0x00007ffe5e5be000 	c:\Users\Kiet\.vscode\extensions\redhat.java-1.28.1-win32-x64\jre\17.0.10-win32-x86_64\bin\instrument.dll
0x00007ffe4ac60000 - 0x00007ffe4ac85000 	c:\Users\Kiet\.vscode\extensions\redhat.java-1.28.1-win32-x64\jre\17.0.10-win32-x86_64\bin\java.dll
0x00007ffe57790000 - 0x00007ffe577a8000 	c:\Users\Kiet\.vscode\extensions\redhat.java-1.28.1-win32-x64\jre\17.0.10-win32-x86_64\bin\zip.dll
0x00007ffe71510000 - 0x00007ffe71d6d000 	C:\WINDOWS\System32\SHELL32.dll
0x00007ffe6d4f0000 - 0x00007ffe6dde8000 	C:\WINDOWS\SYSTEM32\windows.storage.dll
0x00007ffe6d3b0000 - 0x00007ffe6d4ee000 	C:\WINDOWS\SYSTEM32\wintypes.dll
0x00007ffe71fb0000 - 0x00007ffe720a3000 	C:\WINDOWS\System32\SHCORE.dll
0x00007ffe71e20000 - 0x00007ffe71e7e000 	C:\WINDOWS\System32\shlwapi.dll
0x00007ffe6f4c0000 - 0x00007ffe6f4e6000 	C:\WINDOWS\SYSTEM32\profapi.dll
0x00007ffe4ee00000 - 0x00007ffe4ee19000 	C:\Users\Kiet\.vscode\extensions\redhat.java-1.28.1-win32-x64\jre\17.0.10-win32-x86_64\bin\net.dll
0x00007ffe69c40000 - 0x00007ffe69d77000 	C:\WINDOWS\SYSTEM32\WINHTTP.dll
0x00007ffe4e500000 - 0x00007ffe4e516000 	C:\Users\Kiet\.vscode\extensions\redhat.java-1.28.1-win32-x64\jre\17.0.10-win32-x86_64\bin\nio.dll
0x00007ffe6ea50000 - 0x00007ffe6eab9000 	C:\WINDOWS\SYSTEM32\MSWSOCK.dll

dbghelp: loaded successfully - version: 4.0.5 - missing functions: none
symbol engine: initialized successfully - sym options: 0x614 - pdb path: .;c:\Users\Kiet\.vscode\extensions\redhat.java-1.28.1-win32-x64\jre\17.0.10-win32-x86_64\bin;C:\WINDOWS\SYSTEM32;C:\WINDOWS\WinSxS\amd64_microsoft.windows.common-controls_6595b64144ccf1df_6.0.22621.3235_none_270f74e173860f98;c:\Users\Kiet\.vscode\extensions\redhat.java-1.28.1-win32-x64\jre\17.0.10-win32-x86_64\bin\server

VM Arguments:
jvm_args: --add-modules=ALL-SYSTEM --add-opens=java.base/java.util=ALL-UNNAMED --add-opens=java.base/java.lang=ALL-UNNAMED --add-opens=java.base/sun.nio.fs=ALL-UNNAMED -Declipse.application=org.eclipse.jdt.ls.core.id1 -Dosgi.bundles.defaultStartLevel=4 -Declipse.product=org.eclipse.jdt.ls.core.product -Djava.import.generatesMetadataFilesAtProjectRoot=false -DDetectVMInstallationsJob.disabled=true -Dfile.encoding=utf8 -XX:+UseParallelGC -XX:GCTimeRatio=4 -XX:AdaptiveSizePolicyWeight=90 -Dsun.zip.disableMemoryMapping=true -Xmx1G -Xms100m -Xlog:disable -javaagent:c:\Users\Kiet\.vscode\extensions\redhat.java-1.28.1-win32-x64\lombok\lombok-1.18.31.jar -XX:+HeapDumpOnOutOfMemoryError -XX:HeapDumpPath=c:\Users\Kiet\AppData\Roaming\Code\User\workspaceStorage\794778fa6a47f198356234ad77415c6f\redhat.java -Daether.dependencyCollector.impl=bf 
java_command: c:\Users\Kiet\.vscode\extensions\redhat.java-1.28.1-win32-x64\server\plugins\org.eclipse.equinox.launcher_1.6.700.v20231214-2017.jar -configuration c:\Users\Kiet\AppData\Roaming\Code\User\globalStorage\redhat.java\1.28.1\config_win -data c:\Users\Kiet\AppData\Roaming\Code\User\workspaceStorage\794778fa6a47f198356234ad77415c6f\redhat.java\jdt_ws --stdio
java_class_path (initial): c:\Users\Kiet\.vscode\extensions\redhat.java-1.28.1-win32-x64\server\plugins\org.eclipse.equinox.launcher_1.6.700.v20231214-2017.jar
Launcher Type: SUN_STANDARD

[Global flags]
    uintx AdaptiveSizePolicyWeight                 = 90                                        {product} {command line}
     intx CICompilerCount                          = 4                                         {product} {ergonomic}
    uintx GCTimeRatio                              = 4                                         {product} {command line}
     bool HeapDumpOnOutOfMemoryError               = true                                   {manageable} {command line}
    ccstr HeapDumpPath                             = c:\Users\Kiet\AppData\Roaming\Code\User\workspaceStorage\794778fa6a47f198356234ad77415c6f\redhat.java         {manageable} {command line}
   size_t InitialHeapSize                          = 104857600                                 {product} {command line}
   size_t MaxHeapSize                              = 1073741824                                {product} {command line}
   size_t MaxNewSize                               = 357564416                                 {product} {ergonomic}
   size_t MinHeapDeltaBytes                        = 524288                                    {product} {ergonomic}
   size_t MinHeapSize                              = 104857600                                 {product} {command line}
   size_t NewSize                                  = 34603008                                  {product} {ergonomic}
    uintx NonNMethodCodeHeapSize                   = 5839372                                {pd product} {ergonomic}
    uintx NonProfiledCodeHeapSize                  = 122909434                              {pd product} {ergonomic}
   size_t OldSize                                  = 70254592                                  {product} {ergonomic}
    uintx ProfiledCodeHeapSize                     = 122909434                              {pd product} {ergonomic}
    uintx ReservedCodeCacheSize                    = 251658240                              {pd product} {ergonomic}
     bool SegmentedCodeCache                       = true                                      {product} {ergonomic}
   size_t SoftMaxHeapSize                          = 1073741824                             {manageable} {ergonomic}
     bool UseCompressedClassPointers               = true                           {product lp64_product} {ergonomic}
     bool UseCompressedOops                        = true                           {product lp64_product} {ergonomic}
     bool UseLargePagesIndividualAllocation        = false                                  {pd product} {ergonomic}
     bool UseParallelGC                            = true                                      {product} {command line}

Logging:
Log output configuration:
 #0: stdout all=off uptime,level,tags
 #1: stderr all=off uptime,level,tags

Environment Variables:
PATH=C:\Program Files\Common Files\Oracle\Java\javapath;C:\Program Files (x86)\Common Files\Oracle\Java\javapath;C:\WINDOWS\system32;C:\WINDOWS;C:\WINDOWS\System32\Wbem;C:\WINDOWS\System32\WindowsPowerShell\v1.0\;C:\WINDOWS\System32\OpenSSH\;C:\Program Files\dotnet\;C:\Program Files\Common Files\Oracle\Java\javapath;C:\Program Files\Java\jdk-11\bin;C:\Program Files (x86)\Microsoft SQL Server\160\Tools\Binn\;C:\Program Files\Microsoft SQL Server\160\Tools\Binn\;C:\Program Files\Microsoft SQL Server\Client SDK\ODBC\170\Tools\Binn\;C:\Program Files\Microsoft SQL Server\160\DTS\Binn\;C:\Program Files (x86)\Microsoft SQL Server\160\DTS\Binn\;C:\Program Files\Azure Data Studio\bin;C:\Program Files\apache-maven-3.9.6\bin;C:\Program Files\Git\cmd;C:\Program Files\nodejs\;C:\Users\Kiet\AppData\Local\Microsoft\WindowsApps;C:\Users\Kiet\AppData\Local\Programs\Microsoft VS Code\bin;C:\Users\Kiet\AppData\Local\GitHubDesktop\bin;C:\Users\Kiet\.dotnet\tools;C:\Program Files\Azure Data Studio\bin;C:\Users\Kiet\AppData\Roaming\npm
USERNAME=Kiet
OS=Windows_NT
PROCESSOR_IDENTIFIER=Intel64 Family 6 Model 126 Stepping 5, GenuineIntel
TMP=C:\Users\Kiet\AppData\Local\Temp
TEMP=C:\Users\Kiet\AppData\Local\Temp



Periodic native trim disabled


---------------  S Y S T E M  ---------------

OS:
 Windows 11 , 64 bit Build 22621 (10.0.22621.3235)
OS uptime: 3 days 8:16 hours

CPU: total 8 (initial active 8) (4 cores per cpu, 2 threads per core) family 6 model 126 stepping 5 microcode 0xa6, cx8, cmov, fxsr, ht, mmx, 3dnowpref, sse, sse2, sse3, ssse3, sse4.1, sse4.2, popcnt, lzcnt, tsc, tscinvbit, avx, avx2, aes, erms, clmul, bmi1, bmi2, adx, avx512f, avx512dq, avx512cd, avx512bw, avx512vl, sha, fma, vzeroupper, avx512_vpopcntdq, avx512_vpclmulqdq, avx512_vaes, avx512_vnni, clflush, clflushopt, avx512_vbmi2, avx512_vbmi
Processor Information for all 8 processors :
  Max Mhz: 1190, Current Mhz: 991, Mhz Limit: 987

Memory: 4k page, system-wide physical 7987M (719M free)
TotalPageFile size 10035M (AvailPageFile size 0M)
current process WorkingSet (physical memory assigned to process): 33M, peak: 33M
current process commit charge ("private bytes"): 185M, peak: 185M

vm_info: OpenJDK 64-Bit Server VM (17.0.10+7) for windows-amd64 JRE (17.0.10+7), built on Jan 16 2024 23:25:11 by "admin" with MS VC++ 16.10 / 16.11 (VS2019)

END.
