#
# There is insufficient memory for the Java Runtime Environment to continue.
# Native memory allocation (mmap) failed to map 132120576 bytes for G1 virtual space
# Possible reasons:
#   The system is out of physical RAM or swap space
#   The process is running with CompressedOops enabled, and the Java Heap may be blocking the growth of the native heap
# Possible solutions:
#   Reduce memory load on the system
#   Increase physical memory or swap space
#   Check if swap backing store is full
#   Decrease Java heap size (-Xmx/-Xms)
#   Decrease number of Java threads
#   Decrease Java thread stack sizes (-Xss)
#   Set larger code cache with -XX:ReservedCodeCacheSize=
#   JVM is running with Unscaled Compressed Oops mode in which the Java heap is
#     placed in the first 4GB address space. The Java Heap base address is the
#     maximum limit for the native heap growth. Please use -XX:HeapBaseMinAddress
#     to set the Java Heap base and to place the Java Heap above 4GB virtual address.
# This output file may be truncated or incomplete.
#
#  Out of Memory Error (os_windows.cpp:3600), pid=11492, tid=5492
#
# JRE version:  (21.0.2+13) (build )
# Java VM: Java HotSpot(TM) 64-Bit Server VM (21.0.2+13-LTS-58, mixed mode, sharing, tiered, compressed oops, compressed class ptrs, g1 gc, windows-amd64)
# No core dump will be written. Minidumps are not enabled by default on client versions of Windows
#

---------------  S U M M A R Y ------------

Command Line: -XX:+ShowCodeDetailsInExceptionMessages GUI.LogIn

Host: Intel(R) Core(TM) i5-1035G1 CPU @ 1.00GHz, 8 cores, 7G,  Windows 11 , 64 bit Build 22621 (10.0.22621.3374)
Time: Wed Apr 24 13:58:45 2024 SE Asia Standard Time elapsed time: 0.010313 seconds (0d 0h 0m 0s)

---------------  T H R E A D  ---------------

Current thread (0x000002015906ff20):  JavaThread "Unknown thread" [_thread_in_vm, id=5492, stack(0x0000007619f00000,0x000000761a000000) (1024K)]

Stack: [0x0000007619f00000,0x000000761a000000]
Native frames: (J=compiled Java code, j=interpreted, Vv=VM code, C=native code)
V  [jvm.dll+0x6cade9]
V  [jvm.dll+0x8569c1]
V  [jvm.dll+0x858d2e]
V  [jvm.dll+0x859413]
V  [jvm.dll+0x280e56]
V  [jvm.dll+0x6c74d5]
V  [jvm.dll+0x6bbeca]
V  [jvm.dll+0x355bca]
V  [jvm.dll+0x35d816]
V  [jvm.dll+0x3ae67e]
V  [jvm.dll+0x3ae928]
V  [jvm.dll+0x3295dc]
V  [jvm.dll+0x32a16b]
V  [jvm.dll+0x81efa9]
V  [jvm.dll+0x3bba01]
V  [jvm.dll+0x807928]
V  [jvm.dll+0x44f50e]
V  [jvm.dll+0x450e11]
C  [jli.dll+0x52a3]
C  [ucrtbase.dll+0x29333]
C  [KERNEL32.DLL+0x1257d]
C  [ntdll.dll+0x5aa48]


---------------  P R O C E S S  ---------------

Threads class SMR info:
_java_thread_list=0x00007ff8550bbb88, length=0, elements={
}

Java Threads: ( => current thread )
Total: 0

Other Threads:
  0x0000020159338110 WorkerThread "GC Thread#0"                     [id=19444, stack(0x000000761a000000,0x000000761a100000) (1024K)]
  0x0000020159348ab0 ConcurrentGCThread "G1 Main Marker"            [id=6924, stack(0x000000761a100000,0x000000761a200000) (1024K)]
  0x000002015934af80 WorkerThread "G1 Conc#0"                       [id=13500, stack(0x000000761a200000,0x000000761a300000) (1024K)]

[error occurred during error reporting (printing all threads), id 0xc0000005, EXCEPTION_ACCESS_VIOLATION (0xc0000005) at pc=0x00007ff85482c6a7]
VM state: not at safepoint (not fully initialized)

VM Mutex/Monitor currently owned by a thread:  ([mutex/lock_event])
[0x00007ff85512ce68] Heap_lock - owner thread: 0x000002015906ff20

Heap address: 0x0000000083200000, size: 1998 MB, Compressed Oops mode: 32-bit

CDS archive(s) mapped at: [0x0000000000000000-0x0000000000000000-0x0000000000000000), size 0, SharedBaseAddress: 0x0000000800000000, ArchiveRelocationMode: 1.
Narrow klass base: 0x0000000000000000, Narrow klass shift: 0, Narrow klass range: 0x0

GC Precious Log:
 CardTable entry size: 512
 Card Set container configuration: InlinePtr #cards 5 size 8 Array Of Cards #cards 12 size 40 Howl #buckets 4 coarsen threshold 1843 Howl Bitmap #cards 512 size 80 coarsen threshold 460 Card regions per heap region 1 cards per card region 2048

Heap:
 garbage-first heap   total 0K, used 0K [0x0000000083200000, 0x0000000100000000)
  region size 1024K, 0 young (0K), 0 survivors (0K)

[error occurred during error reporting (printing heap information), id 0xc0000005, EXCEPTION_ACCESS_VIOLATION (0xc0000005) at pc=0x00007ff854c139f9]
GC Heap History (0 events):
No events

Dll operation events (1 events):
Event: 0.006 Loaded shared library C:\Program Files\Java\jdk-21\bin\java.dll

Deoptimization events (0 events):
No events

Classes loaded (0 events):
No events

Classes unloaded (0 events):
No events

Classes redefined (0 events):
No events

Internal exceptions (0 events):
No events

ZGC Phase Switch (0 events):
No events

VM Operations (0 events):
No events

Events (0 events):
No events


Dynamic libraries:
0x00007ff7c8500000 - 0x00007ff7c8510000 	C:\Program Files\Java\jdk-21\bin\java.exe
0x00007ff8c0510000 - 0x00007ff8c0726000 	C:\WINDOWS\SYSTEM32\ntdll.dll
0x00007ff8bf840000 - 0x00007ff8bf904000 	C:\WINDOWS\System32\KERNEL32.DLL
0x00007ff8bdbd0000 - 0x00007ff8bdf77000 	C:\WINDOWS\System32\KERNELBASE.dll
0x00007ff8bd8f0000 - 0x00007ff8bda01000 	C:\WINDOWS\System32\ucrtbase.dll
0x00007ff899d70000 - 0x00007ff899d8b000 	C:\Program Files\Java\jdk-21\bin\VCRUNTIME140.dll
0x00007ff8973b0000 - 0x00007ff8973c9000 	C:\Program Files\Java\jdk-21\bin\jli.dll
0x00007ff8bea60000 - 0x00007ff8beb12000 	C:\WINDOWS\System32\ADVAPI32.dll
0x00007ff8bf910000 - 0x00007ff8bf9b7000 	C:\WINDOWS\System32\msvcrt.dll
0x00007ff8be4b0000 - 0x00007ff8be558000 	C:\WINDOWS\System32\sechost.dll
0x00007ff8be210000 - 0x00007ff8be238000 	C:\WINDOWS\System32\bcrypt.dll
0x00007ff8bfa20000 - 0x00007ff8bfb35000 	C:\WINDOWS\System32\RPCRT4.dll
0x00007ff8be7c0000 - 0x00007ff8be96e000 	C:\WINDOWS\System32\USER32.dll
0x00007ff8bda80000 - 0x00007ff8bdaa6000 	C:\WINDOWS\System32\win32u.dll
0x00007ff8be580000 - 0x00007ff8be5a9000 	C:\WINDOWS\System32\GDI32.dll
0x00007ff8bdab0000 - 0x00007ff8bdbc9000 	C:\WINDOWS\System32\gdi32full.dll
0x00007ff8a4d70000 - 0x00007ff8a5003000 	C:\WINDOWS\WinSxS\amd64_microsoft.windows.common-controls_6595b64144ccf1df_6.0.22621.3235_none_270f74e173860f98\COMCTL32.dll
0x00007ff8bdf80000 - 0x00007ff8be01a000 	C:\WINDOWS\System32\msvcp_win.dll
0x00007ff8b52a0000 - 0x00007ff8b52aa000 	C:\WINDOWS\SYSTEM32\VERSION.dll
0x00007ff8bffc0000 - 0x00007ff8bfff1000 	C:\WINDOWS\System32\IMM32.DLL
0x00007ff89de00000 - 0x00007ff89de0c000 	C:\Program Files\Java\jdk-21\bin\vcruntime140_1.dll
0x00007ff88f990000 - 0x00007ff88fa1e000 	C:\Program Files\Java\jdk-21\bin\msvcp140.dll
0x00007ff8544f0000 - 0x00007ff855207000 	C:\Program Files\Java\jdk-21\bin\server\jvm.dll
0x00007ff8be740000 - 0x00007ff8be7b1000 	C:\WINDOWS\System32\WS2_32.dll
0x00007ff8bd700000 - 0x00007ff8bd74d000 	C:\WINDOWS\SYSTEM32\POWRPROF.dll
0x00007ff8b6cb0000 - 0x00007ff8b6ce4000 	C:\WINDOWS\SYSTEM32\WINMM.dll
0x00007ff8bd6e0000 - 0x00007ff8bd6f3000 	C:\WINDOWS\SYSTEM32\UMPDC.dll
0x00007ff8bc870000 - 0x00007ff8bc888000 	C:\WINDOWS\SYSTEM32\kernel.appcore.dll
0x00007ff89db10000 - 0x00007ff89db1a000 	C:\Program Files\Java\jdk-21\bin\jimage.dll
0x00007ff8bb0c0000 - 0x00007ff8bb2f3000 	C:\WINDOWS\SYSTEM32\DBGHELP.DLL
0x00007ff8beb30000 - 0x00007ff8beeb8000 	C:\WINDOWS\System32\combase.dll
0x00007ff8be970000 - 0x00007ff8bea47000 	C:\WINDOWS\System32\OLEAUT32.dll
0x00007ff8aa720000 - 0x00007ff8aa752000 	C:\WINDOWS\SYSTEM32\dbgcore.DLL
0x00007ff8be190000 - 0x00007ff8be209000 	C:\WINDOWS\System32\bcryptPrimitives.dll
0x00007ff895da0000 - 0x00007ff895dbf000 	C:\Program Files\Java\jdk-21\bin\java.dll

dbghelp: loaded successfully - version: 4.0.5 - missing functions: none
symbol engine: initialized successfully - sym options: 0x614 - pdb path: .;C:\Program Files\Java\jdk-21\bin;C:\WINDOWS\SYSTEM32;C:\WINDOWS\WinSxS\amd64_microsoft.windows.common-controls_6595b64144ccf1df_6.0.22621.3235_none_270f74e173860f98;C:\Program Files\Java\jdk-21\bin\server

VM Arguments:
jvm_args: -XX:+ShowCodeDetailsInExceptionMessages 
java_command: GUI.LogIn
java_class_path (initial): C:\Users\Kiet\AppData\Roaming\Code\User\workspaceStorage\9f0ec90a7e62ad64397c1cc3a6503a33\redhat.java\jdt_ws\quanlilaptop_745c0c1e\bin;c:\Users\Kiet\Desktop\quanlilaptop\lib\lib\commons-compress-1.21.jar;c:\Users\Kiet\Desktop\quanlilaptop\lib\mssql-jdbc-9.4.0.jre11.jar;c:\Users\Kiet\Desktop\quanlilaptop\lib\TimingFramework-0.55.jar;c:\Users\Kiet\Desktop\quanlilaptop\lib\poi-ooxml-3.17.jar;c:\Users\Kiet\Desktop\quanlilaptop\lib\lib\poi-javadoc-5.2.3.jar;c:\Users\Kiet\Desktop\quanlilaptop\lib\slf4j-simple-1.7.25.jar;c:\Users\Kiet\Desktop\quanlilaptop\lib\mysql-connector-java-8.0.30.jar;c:\Users\Kiet\Desktop\quanlilaptop\lib\kotlin-stdlib-1.4.0.jar;c:\Users\Kiet\Desktop\quanlilaptop\lib\lib\poi-ooxml-lite-5.2.3.jar;c:\Users\Kiet\Desktop\quanlilaptop\lib\java-dotenv-5.1.3.jar;c:\Users\Kiet\Desktop\quanlilaptop\lib\lib\poi-ooxml-full-5.2.3.jar;c:\Users\Kiet\Desktop\quanlilaptop\lib\lib\slf4j-api-1.7.36.jar;c:\Users\Kiet\Desktop\quanlilaptop\lib\javax.mail.jar;c:\Users\Kiet\Desktop\quanlilaptop\lib\lib\commons-collections4-4.4.jar;c:\Users\Kiet\Desktop\quanlilaptop\lib\lib\commons-math3-3.6.1.jar;c:\Users\Kiet\Desktop\quanlilaptop\lib\lib\poi-examples-5.2.3.jar;c:\Users\Kiet\Desktop\quanlilaptop\lib\jcalendar-1.4.jar;c:\Users\Kiet\Desktop\quanlilaptop\lib\log4j-core-2.20.0.jar;c:\Users\Kiet\Desktop\quanlilaptop\lib\lib\jakarta.activation-2.0.1.jar;c:\Users\Kiet\Desktop\quanlilaptop\lib\mysql-connector.jar;c:\Users\Kiet\Desktop\quanlilaptop\lib\core-3.3.0.jar;c:\Users\Kiet\Desktop\quanlilaptop\lib\swingx-1.6.1.jar;c:\Users\Kiet\Desktop\quanlilaptop\lib\xmlbeans-2.3.0.jar;c:\Users\Kiet\Desktop\quanlilaptop\lib\mssql-jdbc-8.4.1.jre14.jar;c:\Users\Kiet\Desktop\quanlilaptop\lib\lib\xmlbeans-5.1.1.jar;c:\Users\Kiet\Desktop\quanlilaptop\lib\swing-worker-1.1.jar;c:\Users\Kiet\Desktop\quanlilaptop\lib\filters-2.0.235.jar;c:\Users\Kiet\Desktop\quanlilaptop\lib\flatlaf-extras-3.1.jar;c:\Users\Kiet\Desktop\quanlilaptop\lib\xmlbeans-3.1.0.jar;c:\Users\Kiet\Desktop\quanlilaptop\lib\lib\commons-codec-1.15.jar;c:\Users\Kiet\Desktop\quanlilaptop\lib\swingx-all-1.6.4.jar;c:\Users\Kiet\Desktop\quanlilaptop\lib\zxing-core-2.0.jar;c:\Users\Kiet\Desktop\quanlilaptop\lib\miglayout-4.0.jar;c:\Users\Kiet\Desktop\quanlilaptop\lib\kotlin-stdlib-1.5.31.jar;c:\Users\Kiet\Desktop\quanlilaptop\lib\lib\poi-excelant-5.2.3.jar;c:\Users\Kiet\Desktop\quanlilaptop\lib\zxing-1.7-javase.jar;c:\Users\Kiet\Desktop\quanlilaptop\lib\javax.activation-1.2.0.jar;c:\Users\Kiet\Desktop\quanlilaptop\lib\lib\log4j-api-2.18.0.jar;c:\Users\Kiet\Desktop\quanlilaptop\lib\itextpdf-5.5.12.jar;c:\Users\Kiet\Desktop\quanlilaptop\lib\lib\SparseBitSet-1.2.jar;c:\Users\Kiet\Desktop\quanlilaptop\lib\activation.jar;c:\Users\Kiet\Desktop\quanlilaptop\lib\webcam-capture-0.3.12.jar;c:\Users\Kiet\Desktop\quanlilaptop\lib\lib\poi-5.2.3.jar;c:\Users\Kiet\Desktop\quanlilaptop\lib\flatlaf-fonts-roboto-2.137.jar;c:\Users\Kiet\Desktop\quanlilaptop\lib\slf4j-api-1.7.2.jar;c:\Users\Kiet\Desktop\quanlilaptop\lib\svgSalamander-1.1.4.jar;c:\Users\Kiet\Desktop\quanlilaptop\lib\xmlbeans-xmlpublic-2.0-dev-2.jar;c:\Users\Kiet\Desktop\quanlilaptop\lib\kotlin-stdlib-common-1.4.0.jar;c:\Users\Kiet\Desktop\quanlilaptop\lib\poi-3.17.jar;c:\Users\Kiet\Desktop\quanlilaptop\lib\lib\poi-ooxml-5.2.3.jar;c:\Users\Kiet\Desktop\quanlilaptop\lib\lib\poi-scratchpad-5.2.3.jar;c:\Users\Kiet\Desktop\quanlilaptop\lib\kotlin-runtime-1.2.71.jar;c:\Users\Kiet\Desktop\quanlilaptop\lib\bridj-0.7.0.jar;c:\Users\Kiet\Desktop\quanlilaptop\lib\lib\jakarta.xml.bind-api-3.0.1.jar;c:\Users\Kiet\Desktop\quanlilaptop\lib\lib\commons-io-2.11.0.jar;c:\Users\Kiet\Desktop\quanlilaptop\lib\flatlaf-3.3.jar;c:\Users\Kiet\Desktop\quanlilaptop\lib\com.sun.net.ssl.jar;c:\Users\Kiet\Desktop\quanlilaptop\lib\java-dotenv-5.2.2.jar;c:\Users\Kiet\Desktop\quanlilaptop\lib\lib\commons-logging-1.2.jar;c:\Users\Kiet\Desktop\quanlilaptop\lib\javase-3.3.0.jar;c:\Users\Kiet\Desktop\quanlilaptop\lib\lib\curvesapi-1.07.jar;c:\Users\Kiet\Desktop\quanlilaptop\lib\slf4j-api-1.7.25.jar
Launcher Type: SUN_STANDARD

[Global flags]
     intx CICompilerCount                          = 4                                         {product} {ergonomic}
     uint ConcGCThreads                            = 2                                         {product} {ergonomic}
     uint G1ConcRefinementThreads                  = 8                                         {product} {ergonomic}
   size_t G1HeapRegionSize                         = 1048576                                   {product} {ergonomic}
    uintx GCDrainStackTargetSize                   = 64                                        {product} {ergonomic}
   size_t InitialHeapSize                          = 132120576                                 {product} {ergonomic}
   size_t MarkStackSize                            = 4194304                                   {product} {ergonomic}
   size_t MaxHeapSize                              = 2095054848                                {product} {ergonomic}
   size_t MinHeapDeltaBytes                        = 1048576                                   {product} {ergonomic}
   size_t MinHeapSize                              = 8388608                                   {product} {ergonomic}
    uintx NonNMethodCodeHeapSize                   = 5839372                                {pd product} {ergonomic}
    uintx NonProfiledCodeHeapSize                  = 122909434                              {pd product} {ergonomic}
    uintx ProfiledCodeHeapSize                     = 122909434                              {pd product} {ergonomic}
    uintx ReservedCodeCacheSize                    = 251658240                              {pd product} {ergonomic}
     bool SegmentedCodeCache                       = true                                      {product} {ergonomic}
     bool ShowCodeDetailsInExceptionMessages       = true                                   {manageable} {command line}
   size_t SoftMaxHeapSize                          = 2095054848                             {manageable} {ergonomic}
     bool UseCompressedOops                        = true                           {product lp64_product} {ergonomic}
     bool UseG1GC                                  = true                                      {product} {ergonomic}
     bool UseLargePagesIndividualAllocation        = false                                  {pd product} {ergonomic}

Logging:
Log output configuration:
 #0: stdout all=warning uptime,level,tags foldmultilines=false
 #1: stderr all=off uptime,level,tags foldmultilines=false

Environment Variables:
PATH=C:\Program Files\Common Files\Oracle\Java\javapath;C:\Program Files (x86)\Common Files\Oracle\Java\javapath;C:\WINDOWS\system32;C:\WINDOWS;C:\WINDOWS\System32\Wbem;C:\WINDOWS\System32\WindowsPowerShell\v1.0\;C:\WINDOWS\System32\OpenSSH\;C:\Program Files\dotnet\;C:\Program Files\Common Files\Oracle\Java\javapath;C:\Program Files\Java\jdk-11\bin;C:\Program Files (x86)\Microsoft SQL Server\160\Tools\Binn\;C:\Program Files\Microsoft SQL Server\160\Tools\Binn\;C:\Program Files\Microsoft SQL Server\Client SDK\ODBC\170\Tools\Binn\;C:\Program Files\Microsoft SQL Server\160\DTS\Binn\;C:\Program Files (x86)\Microsoft SQL Server\160\DTS\Binn\;C:\Program Files\Azure Data Studio\bin;C:\Program Files\apache-maven-3.9.6\bin;C:\Program Files\Git\cmd;C:\Program Files\nodejs\;C:\Program Files\Java\jdk-21\bin;C:\Users\Kiet\AppData\Local\Microsoft\WindowsApps;C:\Users\Kiet\AppData\Local\Programs\Microsoft VS Code\bin;C:\Users\Kiet\AppData\Local\GitHubDesktop\bin;C:\Users\Kiet\.dotnet\tools;C:\Program Files\Azure Data Studio\bin;C:\Users\Kiet\AppData\Roaming\npm
USERNAME=Kiet
LANG=en_US.UTF-8
OS=Windows_NT
PROCESSOR_IDENTIFIER=Intel64 Family 6 Model 126 Stepping 5, GenuineIntel
TMP=C:\Users\Kiet\AppData\Local\Temp
TEMP=C:\Users\Kiet\AppData\Local\Temp




Periodic native trim disabled

---------------  S Y S T E M  ---------------

OS:
 Windows 11 , 64 bit Build 22621 (10.0.22621.3374)
OS uptime: 1 days 15:53 hours

CPU: total 8 (initial active 8) (4 cores per cpu, 2 threads per core) family 6 model 126 stepping 5 microcode 0xa6, cx8, cmov, fxsr, ht, mmx, 3dnowpref, sse, sse2, sse3, ssse3, sse4.1, sse4.2, popcnt, lzcnt, tsc, tscinvbit, avx, avx2, aes, erms, clmul, bmi1, bmi2, adx, avx512f, avx512dq, avx512cd, avx512bw, avx512vl, sha, fma, vzeroupper, avx512_vpopcntdq, avx512_vpclmulqdq, avx512_vaes, avx512_vnni, clflush, clflushopt, avx512_vbmi2, avx512_vbmi, rdtscp, rdpid, fsrm, gfni, avx512_bitalg, f16c, pku, avx512_ifma
Processor Information for all 8 processors :
  Max Mhz: 1190, Current Mhz: 991, Mhz Limit: 987

Memory: 4k page, system-wide physical 7987M (765M free)
TotalPageFile size 10035M (AvailPageFile size 84M)
current process WorkingSet (physical memory assigned to process): 11M, peak: 11M
current process commit charge ("private bytes"): 60M, peak: 186M

vm_info: Java HotSpot(TM) 64-Bit Server VM (21.0.2+13-LTS-58) for windows-amd64 JRE (21.0.2+13-LTS-58), built on 2024-01-05T18:32:24Z by "mach5one" with MS VC++ 17.1 (VS2022)

END.
