#
# There is insufficient memory for the Java Runtime Environment to continue.
# Native memory allocation (mmap) failed to map 65536 bytes for Failed to commit metaspace.
# Possible reasons:
#   The system is out of physical RAM or swap space
#   The process is running with CompressedOops enabled, and the Java Heap may be blocking the growth of the native heap
# Possible solutions:
#   Reduce memory load on the system
#   Increase physical memory or swap space
#   Check if swap backing store is full
#   Decrease Java heap size (-Xmx/-Xms)
#   Decrease number of Java threads
#   Decrease Java thread stack sizes (-Xss)
#   Set larger code cache with -XX:ReservedCodeCacheSize=
#   JVM is running with Unscaled Compressed Oops mode in which the Java heap is
#     placed in the first 4GB address space. The Java Heap base address is the
#     maximum limit for the native heap growth. Please use -XX:HeapBaseMinAddress
#     to set the Java Heap base and to place the Java Heap above 4GB virtual address.
# This output file may be truncated or incomplete.
#
#  Out of Memory Error (virtualSpaceNode.cpp:110), pid=10876, tid=22108
#
# JRE version: OpenJDK Runtime Environment Temurin-17.0.10+7 (17.0.10+7) (build 17.0.10+7)
# Java VM: OpenJDK 64-Bit Server VM Temurin-17.0.10+7 (17.0.10+7, mixed mode, tiered, compressed oops, compressed class ptrs, parallel gc, windows-amd64)
# No core dump will be written. Minidumps are not enabled by default on client versions of Windows
#

---------------  S U M M A R Y ------------

Command Line: --add-modules=ALL-SYSTEM --add-opens=java.base/java.util=ALL-UNNAMED --add-opens=java.base/java.lang=ALL-UNNAMED --add-opens=java.base/sun.nio.fs=ALL-UNNAMED -Declipse.application=org.eclipse.jdt.ls.core.id1 -Dosgi.bundles.defaultStartLevel=4 -Declipse.product=org.eclipse.jdt.ls.core.product -Djava.import.generatesMetadataFilesAtProjectRoot=false -DDetectVMInstallationsJob.disabled=true -Dfile.encoding=utf8 -XX:+UseParallelGC -XX:GCTimeRatio=4 -XX:AdaptiveSizePolicyWeight=90 -Dsun.zip.disableMemoryMapping=true -Xmx1G -Xms100m -Xlog:disable -javaagent:c:\Users\Kiet\.vscode\extensions\redhat.java-1.28.1-win32-x64\lombok\lombok-1.18.31.jar -XX:+HeapDumpOnOutOfMemoryError -XX:HeapDumpPath=c:\Users\Kiet\AppData\Roaming\Code\User\workspaceStorage\794778fa6a47f198356234ad77415c6f\redhat.java -Daether.dependencyCollector.impl=bf c:\Users\Kiet\.vscode\extensions\redhat.java-1.28.1-win32-x64\server\plugins\org.eclipse.equinox.launcher_1.6.700.v20231214-2017.jar -configuration c:\Users\Kiet\AppData\Roaming\Code\User\globalStorage\redhat.java\1.28.1\config_win -data c:\Users\Kiet\AppData\Roaming\Code\User\workspaceStorage\794778fa6a47f198356234ad77415c6f\redhat.java\jdt_ws --stdio

Host: Intel(R) Core(TM) i5-1035G1 CPU @ 1.00GHz, 8 cores, 7G,  Windows 11 , 64 bit Build 22621 (10.0.22621.3235)
Time: Thu Mar 28 22:11:01 2024 SE Asia Standard Time elapsed time: 9.148494 seconds (0d 0h 0m 9s)

---------------  T H R E A D  ---------------

Current thread (0x000001e3e8a78be0):  JavaThread "Start Level: Equinox Container: bed48910-dbe9-482e-a6d6-ad84b42651ca" daemon [_thread_in_vm, id=22108, stack(0x000000a3fc300000,0x000000a3fc400000)]

Stack: [0x000000a3fc300000,0x000000a3fc400000]
Native frames: (J=compiled Java code, j=interpreted, Vv=VM code, C=native code)
V  [jvm.dll+0x67d2c9]
V  [jvm.dll+0x834afa]
V  [jvm.dll+0x8365be]
V  [jvm.dll+0x836c23]
V  [jvm.dll+0x2477ff]
V  [jvm.dll+0x8307bb]
V  [jvm.dll+0x621d16]
V  [jvm.dll+0x1c183e]
V  [jvm.dll+0x624671]
V  [jvm.dll+0x6226b6]
V  [jvm.dll+0x62c5a7]
V  [jvm.dll+0x1eb80b]
V  [jvm.dll+0x1ebd45]
V  [jvm.dll+0x1ec800]
V  [jvm.dll+0x1e1c01]
V  [jvm.dll+0x5427ce]
V  [jvm.dll+0x7aeb88]
V  [jvm.dll+0x7aec74]
V  [jvm.dll+0x4108f5]
V  [jvm.dll+0x416a79]
C  [java.dll+0x17ec]

Java frames: (J=compiled Java code, j=interpreted, Vv=VM code)
J 1102  java.lang.ClassLoader.defineClass1(Ljava/lang/ClassLoader;Ljava/lang/String;[BIILjava/security/ProtectionDomain;Ljava/lang/String;)Ljava/lang/Class; java.base@17.0.10 (0 bytes) @ 0x000001e3d87ae2db [0x000001e3d87ae220+0x00000000000000bb]
j  java.lang.ClassLoader.defineClass(Ljava/lang/String;[BIILjava/security/ProtectionDomain;)Ljava/lang/Class;+27 java.base@17.0.10
j  org.eclipse.osgi.internal.loader.ModuleClassLoader.defineClass(Ljava/lang/String;[BLorg/eclipse/osgi/internal/loader/classpath/ClasspathEntry;)Lorg/eclipse/osgi/internal/loader/ModuleClassLoader$DefineClassResult;+42
j  org.eclipse.osgi.internal.loader.classpath.ClasspathManager.defineClass(Ljava/lang/String;[BLorg/eclipse/osgi/internal/loader/classpath/ClasspathEntry;Lorg/eclipse/osgi/storage/bundlefile/BundleEntry;Ljava/util/List;)Ljava/lang/Class;+424
j  org.eclipse.osgi.internal.loader.classpath.ClasspathManager.findClassImpl(Ljava/lang/String;Lorg/eclipse/osgi/internal/loader/classpath/ClasspathEntry;Ljava/util/List;)Ljava/lang/Class;+269
j  org.eclipse.osgi.internal.loader.classpath.ClasspathManager.findLocalClassImpl(Ljava/lang/String;[Lorg/eclipse/osgi/internal/loader/classpath/ClasspathEntry;Ljava/util/List;)Ljava/lang/Class;+30
j  org.eclipse.osgi.internal.loader.classpath.ClasspathManager.findLocalClassImpl(Ljava/lang/String;Ljava/util/List;)Ljava/lang/Class;+69
j  org.eclipse.osgi.internal.loader.classpath.ClasspathManager.findLocalClass(Ljava/lang/String;)Ljava/lang/Class;+113
j  org.eclipse.osgi.internal.loader.ModuleClassLoader.findLocalClass(Ljava/lang/String;)Ljava/lang/Class;+5
j  org.eclipse.osgi.internal.loader.BundleLoader.findLocalClass(Ljava/lang/String;)Ljava/lang/Class;+57
j  org.eclipse.osgi.internal.loader.BundleLoader.findClass0(Ljava/lang/String;ZZ)Ljava/lang/Class;+311
j  org.eclipse.osgi.internal.loader.BundleLoader.findClass(Ljava/lang/String;)Ljava/lang/Class;+4
j  org.eclipse.osgi.internal.loader.ModuleClassLoader.loadClass(Ljava/lang/String;Z)Ljava/lang/Class;+21
J 923 c1 java.lang.ClassLoader.loadClass(Ljava/lang/String;)Ljava/lang/Class; java.base@17.0.10 (7 bytes) @ 0x000001e3d0df00bc [0x000001e3d0deffc0+0x00000000000000fc]
v  ~StubRoutines::call_stub
j  org.eclipse.core.internal.runtime.Activator.getPlatformWriter(Lorg/osgi/framework/BundleContext;)Lorg/eclipse/core/internal/runtime/PlatformLogWriter;+97
j  org.eclipse.core.internal.runtime.Activator.start(Lorg/osgi/framework/BundleContext;)V+10
j  org.eclipse.osgi.internal.framework.BundleContextImpl$2.run()Ljava/lang/Void;+23
j  org.eclipse.osgi.internal.framework.BundleContextImpl$2.run()Ljava/lang/Object;+1
J 901 c1 java.security.AccessController.executePrivileged(Ljava/security/PrivilegedExceptionAction;Ljava/security/AccessControlContext;Ljava/lang/Class;)Ljava/lang/Object; java.base@17.0.10 (65 bytes) @ 0x000001e3d0de4434 [0x000001e3d0de42e0+0x0000000000000154]
j  java.security.AccessController.doPrivileged(Ljava/security/PrivilegedExceptionAction;)Ljava/lang/Object;+9 java.base@17.0.10
j  org.eclipse.osgi.internal.framework.BundleContextImpl.startActivator(Lorg/osgi/framework/BundleActivator;)V+9
j  org.eclipse.osgi.internal.framework.BundleContextImpl.start()V+134
j  org.eclipse.osgi.internal.framework.EquinoxBundle.startWorker0()V+35
j  org.eclipse.osgi.internal.framework.EquinoxBundle$EquinoxModule.startWorker()V+4
j  org.eclipse.osgi.container.Module.doStart([Lorg/eclipse/osgi/container/Module$StartOptions;)Lorg/eclipse/osgi/container/ModuleContainerAdaptor$ModuleEvent;+190
j  org.eclipse.osgi.container.Module.start([Lorg/eclipse/osgi/container/Module$StartOptions;)V+460
j  org.eclipse.osgi.container.ModuleContainer$ContainerStartLevel$2.run()V+71
j  org.eclipse.osgi.internal.framework.EquinoxContainerAdaptor$1$1.execute(Ljava/lang/Runnable;)V+1
j  org.eclipse.osgi.container.ModuleContainer$ContainerStartLevel.incStartLevel(ILjava/util/List;Z)V+193
j  org.eclipse.osgi.container.ModuleContainer$ContainerStartLevel.incStartLevel(ILjava/util/List;Ljava/util/List;Ljava/util/List;Ljava/util/List;)V+19
j  org.eclipse.osgi.container.ModuleContainer$ContainerStartLevel.doContainerStartLevel(Lorg/eclipse/osgi/container/Module;I[Lorg/osgi/framework/FrameworkListener;)V+349
j  org.eclipse.osgi.container.ModuleContainer$ContainerStartLevel.dispatchEvent(Lorg/eclipse/osgi/container/Module;[Lorg/osgi/framework/FrameworkListener;ILjava/lang/Integer;)V+32
j  org.eclipse.osgi.container.ModuleContainer$ContainerStartLevel.dispatchEvent(Ljava/lang/Object;Ljava/lang/Object;ILjava/lang/Object;)V+15
j  org.eclipse.osgi.framework.eventmgr.EventManager.dispatchEvent(Ljava/util/Set;Lorg/eclipse/osgi/framework/eventmgr/EventDispatcher;ILjava/lang/Object;)V+48
j  org.eclipse.osgi.framework.eventmgr.EventManager$EventThread.run()V+26
v  ~StubRoutines::call_stub

Compiled method (n/a)    9168 1102     n 0       java.lang.ClassLoader::defineClass1 (native)
 total in heap  [0x000001e3d87ae090,0x000001e3d87ae4e8] = 1112
 relocation     [0x000001e3d87ae1e8,0x000001e3d87ae218] = 48
 main code      [0x000001e3d87ae220,0x000001e3d87ae4e8] = 712

[Constant Pool (empty)]

[MachCode]
[Entry Point]
  # {method} {0x000001e3e201de78} 'defineClass1' '(Ljava/lang/ClassLoader;Ljava/lang/String;[BIILjava/security/ProtectionDomain;Ljava/lang/String;)Ljava/lang/Class;' in 'java/lang/ClassLoader'
  # parm0:    rdx:rdx   = 'java/lang/ClassLoader'
  # parm1:    r8:r8     = 'java/lang/String'
  # parm2:    r9:r9     = '[B'
  # parm3:    rdi       = int
  # parm4:    rsi       = int
  # parm5:    rcx:rcx   = 'java/security/ProtectionDomain'
  # parm6:    [sp+0xa0]   = 'java/lang/String'  (sp of caller)
  0x000001e3d87ae220: 448b 5208 | 49c1 e203 | 493b c20f | 8407 0000 

  0x000001e3d87ae230: ;   {runtime_call ic_miss_stub}
  0x000001e3d87ae230: 00e9 4a33 | a4ff 6690 
[Verified Entry Point]
  0x000001e3d87ae238: 8984 2400 | 90ff ff55 | 488b ec48 | 81ec 9000 | 0000 4881 | 7d10 0000 | 0000 488d | 4510 480f 
  0x000001e3d87ae258: 4445 1048 | 8944 2440 | 4889 4c24 | 7048 83f9 | 0048 8d44 | 2470 480f | 4444 2470 | 4889 4424 
  0x000001e3d87ae278: 3848 8974 | 2430 4889 | 7c24 284c | 894c 2458 | 4983 f900 | 488d 4424 | 5848 0f44 | 4424 5848 
  0x000001e3d87ae298: 8944 2420 | 4c89 4424 | 5049 83f8 | 004c 8d4c | 2450 4c0f | 444c 2450 | 4889 5424 | 4848 83fa 
  0x000001e3d87ae2b8: 004c 8d44 | 2448 4c0f | 4444 2448 

  0x000001e3d87ae2c4: ;   {oop(a 'java/lang/Class'{0x00000000c0000aa8} = 'java/lang/ClassLoader')}
  0x000001e3d87ae2c4: 49be a80a | 00c0 0000 | 0000 4c89 | 7424 784c | 8d74 2478 | 498b d6c5 

  0x000001e3d87ae2dc: ;   {internal_word}
  0x000001e3d87ae2dc: f877 49ba | dbe2 7ad8 | e301 0000 | 4d89 97a0 | 0200 0049 | 89a7 9802 

  0x000001e3d87ae2f4: ;   {external_word}
  0x000001e3d87ae2f4: 0000 49ba | 7935 d72f | fe7f 0000 | 4180 3a00 | 0f84 5200 | 0000 5241 

  0x000001e3d87ae30c: ;   {metadata({method} {0x000001e3e201de78} 'defineClass1' '(Ljava/lang/ClassLoader;Ljava/lang/String;[BIILjava/security/ProtectionDomain;Ljava/lang/String;)Ljava/lang/Class;' in 'java/lang/ClassLoader')}
  0x000001e3d87ae30c: 5041 5148 | ba70 de01 | e2e3 0100 | 0049 8bcf | 4883 ec20 | f7c4 0f00 | 0000 0f84 | 1a00 0000 
  0x000001e3d87ae32c: 4883 ec08 

  0x000001e3d87ae330: ;   {runtime_call}
  0x000001e3d87ae330: 49ba 0030 | 8d2f fe7f | 0000 41ff | d248 83c4 | 08e9 0d00 

  0x000001e3d87ae344: ;   {runtime_call}
  0x000001e3d87ae344: 0000 49ba | 0030 8d2f | fe7f 0000 | 41ff d248 | 83c4 2041 | 5941 585a | 498d 8fb8 | 0200 0041 
  0x000001e3d87ae364: c787 4803 | 0000 0400 

  0x000001e3d87ae36c: ;   {runtime_call}
  0x000001e3d87ae36c: 0000 49ba | ac16 4543 | fe7f 0000 | 41ff d2c5 | f877 41c7 | 8748 0300 | 0005 0000 | 00f0 8344 
  0x000001e3d87ae38c: 24c0 0049 | 3baf 5003 | 0000 0f87 | 1100 0000 | 4181 bf38 | 0300 0000 | 0000 000f | 842c 0000 
  0x000001e3d87ae3ac: 00c5 f877 | 4889 45f8 | 498b cf4c | 8be4 4883 | ec20 4883 

  0x000001e3d87ae3c0: ;   {runtime_call}
  0x000001e3d87ae3c0: e4f0 49ba | 7044 9d2f | fe7f 0000 | 41ff d249 | 8be4 4d33 | e448 8b45 | f841 c787 | 4803 0000 
  0x000001e3d87ae3e0: 0800 0000 | 4181 bfb8 | 0300 0002 | 0000 000f | 84c5 0000 

  0x000001e3d87ae3f4: ;   {external_word}
  0x000001e3d87ae3f4: 0049 ba79 | 35d7 2ffe | 7f00 0041 | 803a 000f | 8450 0000 | 0048 8945 

  0x000001e3d87ae40c: ;   {metadata({method} {0x000001e3e201de78} 'defineClass1' '(Ljava/lang/ClassLoader;Ljava/lang/String;[BIILjava/security/ProtectionDomain;Ljava/lang/String;)Ljava/lang/Class;' in 'java/lang/ClassLoader')}
  0x000001e3d87ae40c: f848 ba70 | de01 e2e3 | 0100 0049 | 8bcf 4883 | ec20 f7c4 | 0f00 0000 | 0f84 1a00 | 0000 4883 
  0x000001e3d87ae42c: ;   {runtime_call}
  0x000001e3d87ae42c: ec08 49ba | 0030 8d2f | fe7f 0000 | 41ff d248 | 83c4 08e9 | 0d00 0000 

  0x000001e3d87ae444: ;   {runtime_call}
  0x000001e3d87ae444: 49ba 0030 | 8d2f fe7f | 0000 41ff | d248 83c4 | 2048 8b45 | f849 c787 | 9802 0000 | 0000 0000 
  0x000001e3d87ae464: 49c7 87a0 | 0200 0000 | 0000 00c5 | f877 4885 | c00f 8419 | 0000 0048 | f7c0 0100 | 0000 0f84 
  0x000001e3d87ae484: 0900 0000 | 488b 40ff | e903 0000 | 0048 8b00 | 498b 8fd8 | 0000 00c7 | 8100 0100 | 0000 0000 
  0x000001e3d87ae4a4: 00c9 4981 | 7f08 0000 | 0000 0f85 | 0100 0000 

  0x000001e3d87ae4b4: ;   {runtime_call StubRoutines (1)}
  0x000001e3d87ae4b4: c3e9 462a | 9fff c5f8 | 7748 8945 | f84c 8be4 | 4883 ec20 | 4883 e4f0 

  0x000001e3d87ae4cc: ;   {runtime_call}
  0x000001e3d87ae4cc: 49ba 8060 | 8d2f fe7f | 0000 41ff | d249 8be4 | 4d33 e448 | 8b45 f8e9 | 0dff ffff 
[/MachCode]


Compiled method (c1)    9178  923       3       java.lang.ClassLoader::loadClass (7 bytes)
 total in heap  [0x000001e3d0defe10,0x000001e3d0df01f0] = 992
 relocation     [0x000001e3d0deff68,0x000001e3d0deffa8] = 64
 main code      [0x000001e3d0deffc0,0x000001e3d0df0140] = 384
 stub code      [0x000001e3d0df0140,0x000001e3d0df0188] = 72
 metadata       [0x000001e3d0df0188,0x000001e3d0df0190] = 8
 scopes data    [0x000001e3d0df0190,0x000001e3d0df01a8] = 24
 scopes pcs     [0x000001e3d0df01a8,0x000001e3d0df01e8] = 64
 dependencies   [0x000001e3d0df01e8,0x000001e3d0df01f0] = 8

[Constant Pool (empty)]

[MachCode]
[Entry Point]
  # {method} {0x000001e3e201d380} 'loadClass' '(Ljava/lang/String;)Ljava/lang/Class;' in 'java/lang/ClassLoader'
  # this:     rdx:rdx   = 'java/lang/ClassLoader'
  # parm0:    r8:r8     = 'java/lang/String'
  #           [sp+0x40]  (sp of caller)
  0x000001e3d0deffc0: 448b 5208 | 49c1 e203 

  0x000001e3d0deffc8: ;   {runtime_call ic_miss_stub}
  0x000001e3d0deffc8: 4c3b d00f | 85af 1540 | 0766 6666 | 0f1f 8400 | 0000 0000 | 6666 6690 
[Verified Entry Point]
  0x000001e3d0deffe0: 8984 2400 | 90ff ff55 | 4883 ec30 

  0x000001e3d0deffec: ;   {metadata(method data for {method} {0x000001e3e201d380} 'loadClass' '(Ljava/lang/String;)Ljava/lang/Class;' in 'java/lang/ClassLoader')}
  0x000001e3d0deffec: 49b9 602f | 9be2 e301 | 0000 418b | b1cc 0000 | 0083 c602 | 4189 b1cc | 0000 0081 | e6fe 0700 
  0x000001e3d0df000c: 0083 fe00 | 0f84 b900 | 0000 4c8b 

  0x000001e3d0df0018: ;   {metadata(method data for {method} {0x000001e3e201d380} 'loadClass' '(Ljava/lang/String;)Ljava/lang/Class;' in 'java/lang/ClassLoader')}
  0x000001e3d0df0018: ca48 be60 | 2f9b e2e3 | 0100 0045 | 8b49 0849 | c1e1 034c | 3b8e 2001 | 0000 750d | 4883 8628 
  0x000001e3d0df0038: 0100 0001 | e966 0000 | 004c 3b8e | 3001 0000 | 750d 4883 | 8638 0100 | 0001 e950 | 0000 0048 
  0x000001e3d0df0058: 81be 2001 | 0000 0000 | 0000 7517 | 4c89 8e20 | 0100 0048 | c786 2801 | 0000 0100 | 0000 e92c 
  0x000001e3d0df0078: 0000 0048 | 81be 3001 | 0000 0000 | 0000 7517 | 4c89 8e30 | 0100 0048 | c786 3801 | 0000 0100 
  0x000001e3d0df0098: 0000 e908 | 0000 0048 | 8386 1001 | 0000 0141 | b900 0000 | 0048 b8ff | ffff ffff 

  0x000001e3d0df00b4: ;   {virtual_call}
  0x000001e3d0df00b4: ffff ffe8 

  0x000001e3d0df00b8: ; ImmutableOopMap {}
                      ;*invokevirtual loadClass {reexecute=0 rethrow=0 return_oop=0}
                      ; - java.lang.ClassLoader::loadClass@3
  0x000001e3d0df00b8: 5cfc 4a07 | 4883 c430 

  0x000001e3d0df00c0: ;   {poll_return}
  0x000001e3d0df00c0: 5d49 3ba7 | 5003 0000 | 0f87 2200 

  0x000001e3d0df00cc: ;   {metadata({method} {0x000001e3e201d380} 'loadClass' '(Ljava/lang/String;)Ljava/lang/Class;' in 'java/lang/ClassLoader')}
  0x000001e3d0df00cc: 0000 c349 | ba78 d301 | e2e3 0100 | 004c 8954 | 2408 48c7 | 0424 ffff 

  0x000001e3d0df00e4: ;   {runtime_call counter_overflow Runtime1 stub}
  0x000001e3d0df00e4: ffff e895 

  0x000001e3d0df00e8: ; ImmutableOopMap {rdx=Oop r8=Oop }
                      ;*synchronization entry
                      ; - java.lang.ClassLoader::loadClass@-1
  0x000001e3d0df00e8: b44a 07e9 | 26ff ffff 

  0x000001e3d0df00f0: ;   {internal_word}
  0x000001e3d0df00f0: 49ba c100 | dfd0 e301 | 0000 4d89 | 9768 0300 

  0x000001e3d0df0100: ;   {runtime_call SafepointBlob}
  0x000001e3d0df0100: 00e9 7a8b | 4007 9090 | 498b 87e0 | 0300 0049 | c787 e003 | 0000 0000 | 0000 49c7 | 87e8 0300 
  0x000001e3d0df0120: 0000 0000 | 0048 83c4 

  0x000001e3d0df0128: ;   {runtime_call unwind_exception Runtime1 stub}
  0x000001e3d0df0128: 305d e9d1 | 5d41 07f4 | f4f4 f4f4 | f4f4 f4f4 | f4f4 f4f4 | f4f4 f4f4 
[Stub Code]
  0x000001e3d0df0140: ;   {no_reloc}
  0x000001e3d0df0140: 0f1f 4400 

  0x000001e3d0df0144: ;   {static_stub}
  0x000001e3d0df0144: 0048 bb00 | 0000 0000 

  0x000001e3d0df014c: ;   {runtime_call}
  0x000001e3d0df014c: 0000 00e9 | fbff ffff 
[Exception Handler]
  0x000001e3d0df0154: ;   {runtime_call handle_exception_from_callee Runtime1 stub}
  0x000001e3d0df0154: e827 6a41 

  0x000001e3d0df0158: ;   {external_word}
  0x000001e3d0df0158: 0748 b940 | 9ab1 2ffe | 7f00 0048 

  0x000001e3d0df0164: ;   {runtime_call}
  0x000001e3d0df0164: 83e4 f049 | ba60 2d7a | 2ffe 7f00 | 0041 ffd2 

  0x000001e3d0df0174: ;   {section_word}
  0x000001e3d0df0174: f449 ba75 | 01df d0e3 | 0100 0041 

  0x000001e3d0df0180: ;   {runtime_call DeoptimizationBlob}
  0x000001e3d0df0180: 52e9 9a9f | 4007 f4f4 
[/MachCode]


Compiled method (c1)    9185  901       3       java.security.AccessController::executePrivileged (65 bytes)
 total in heap  [0x000001e3d0de4110,0x000001e3d0de46f8] = 1512
 relocation     [0x000001e3d0de4268,0x000001e3d0de42c8] = 96
 main code      [0x000001e3d0de42e0,0x000001e3d0de4580] = 672
 stub code      [0x000001e3d0de4580,0x000001e3d0de45d8] = 88
 metadata       [0x000001e3d0de45d8,0x000001e3d0de45e8] = 16
 scopes data    [0x000001e3d0de45e8,0x000001e3d0de4660] = 120
 scopes pcs     [0x000001e3d0de4660,0x000001e3d0de46e0] = 128
 dependencies   [0x000001e3d0de46e0,0x000001e3d0de46e8] = 8
 nul chk table  [0x000001e3d0de46e8,0x000001e3d0de46f8] = 16

[Constant Pool (empty)]

[MachCode]
[Verified Entry Point]
  # {method} {0x000001e3e2030fe8} 'executePrivileged' '(Ljava/security/PrivilegedExceptionAction;Ljava/security/AccessControlContext;Ljava/lang/Class;)Ljava/lang/Object;' in 'java/security/AccessController'
  # parm0:    rdx:rdx   = 'java/security/PrivilegedExceptionAction'
  # parm1:    r8:r8     = 'java/security/AccessControlContext'
  # parm2:    r9:r9     = 'java/lang/Class'
  #           [sp+0x50]  (sp of caller)
  0x000001e3d0de42e0: 8984 2400 | 90ff ff55 | 4883 ec40 | 4c89 4424 

  0x000001e3d0de42f0: ;   {metadata(method data for {method} {0x000001e3e2030fe8} 'executePrivileged' '(Ljava/security/PrivilegedExceptionAction;Ljava/security/AccessControlContext;Ljava/lang/Class;)Ljava/lang/Object;' in 'java/security/AccessController')}
  0x000001e3d0de42f0: 3048 beb0 | fe9a e2e3 | 0100 008b | becc 0000 | 0083 c702 | 89be cc00 | 0000 81e7 | fe07 0000 
  0x000001e3d0de4310: 83ff 000f | 84b7 0100 | 0049 83f8 

  0x000001e3d0de431c: ;   {metadata(method data for {method} {0x000001e3e2030fe8} 'executePrivileged' '(Ljava/security/PrivilegedExceptionAction;Ljava/security/AccessControlContext;Ljava/lang/Class;)Ljava/lang/Object;' in 'java/security/AccessController')}
  0x000001e3d0de431c: 0048 beb0 | fe9a e2e3 | 0100 0048 | bf10 0100 | 0000 0000 | 000f 840a | 0000 0048 | bf20 0100 
  0x000001e3d0de433c: 0000 0000 | 0048 8b1c | 3e48 8d5b | 0148 891c | 3e4c 894c | 2428 4889 | 5424 200f | 841f 0000 
  0x000001e3d0de435c: ;   {metadata(method data for {method} {0x000001e3e2030fe8} 'executePrivileged' '(Ljava/security/PrivilegedExceptionAction;Ljava/security/AccessControlContext;Ljava/lang/Class;)Ljava/lang/Object;' in 'java/security/AccessController')}
  0x000001e3d0de435c: 0048 beb0 | fe9a e2e3 | 0100 0048 | 8386 3001 | 0000 0149 | 8bd0 0f1f 

  0x000001e3d0de4374: ;   {static_call}
  0x000001e3d0de4374: 4400 00e8 

  0x000001e3d0de4378: ; ImmutableOopMap {[32]=Oop [40]=Oop [48]=Oop }
                      ;*invokestatic ensureMaterializedForStackWalk {reexecute=0 rethrow=0 return_oop=0}
                      ; - java.security.AccessController::executePrivileged@5
  0x000001e3d0de4378: 0902 0000 

  0x000001e3d0de437c: ;   {metadata(method data for {method} {0x000001e3e2030fe8} 'executePrivileged' '(Ljava/security/PrivilegedExceptionAction;Ljava/security/AccessControlContext;Ljava/lang/Class;)Ljava/lang/Object;' in 'java/security/AccessController')}
  0x000001e3d0de437c: 48ba b0fe | 9ae2 e301 | 0000 ff82 | 4001 0000 | 488b 5424 | 2048 3b02 

  0x000001e3d0de4394: ;   {metadata(method data for {method} {0x000001e3e2030fe8} 'executePrivileged' '(Ljava/security/PrivilegedExceptionAction;Ljava/security/AccessControlContext;Ljava/lang/Class;)Ljava/lang/Object;' in 'java/security/AccessController')}
  0x000001e3d0de4394: 488b f248 | bfb0 fe9a | e2e3 0100 | 008b 7608 | 48c1 e603 | 483b b7b0 | 0100 0075 | 0d48 8387 
  0x000001e3d0de43b4: b801 0000 | 01e9 6600 | 0000 483b | b7c0 0100 | 0075 0d48 | 8387 c801 | 0000 01e9 | 5000 0000 
  0x000001e3d0de43d4: 4881 bfb0 | 0100 0000 | 0000 0075 | 1748 89b7 | b001 0000 | 48c7 87b8 | 0100 0001 | 0000 00e9 
  0x000001e3d0de43f4: 2c00 0000 | 4881 bfc0 | 0100 0000 | 0000 0075 | 1748 89b7 | c001 0000 | 48c7 87c8 | 0100 0001 
  0x000001e3d0de4414: 0000 00e9 | 0800 0000 | 4883 87a0 | 0100 0001 | 9048 b8b0 | 4270 e8e3 

  0x000001e3d0de442c: ;   {virtual_call}
  0x000001e3d0de442c: 0100 00e8 

  0x000001e3d0de4430: ; ImmutableOopMap {[40]=Oop [48]=Oop }
                      ;*invokeinterface run {reexecute=0 rethrow=0 return_oop=0}
                      ; - java.security.AccessController::executePrivileged@29
  0x000001e3d0de4430: d4b2 4b07 

  0x000001e3d0de4434: ;   {metadata(method data for {method} {0x000001e3e2030fe8} 'executePrivileged' '(Ljava/security/PrivilegedExceptionAction;Ljava/security/AccessControlContext;Ljava/lang/Class;)Ljava/lang/Object;' in 'java/security/AccessController')}
  0x000001e3d0de4434: 48be b0fe | 9ae2 e301 | 0000 ff86 | d801 0000 | 4c8b 4c24 

  0x000001e3d0de4448: ;   {metadata(method data for {method} {0x000001e3e2030fe8} 'executePrivileged' '(Ljava/security/PrivilegedExceptionAction;Ljava/security/AccessControlContext;Ljava/lang/Class;)Ljava/lang/Object;' in 'java/security/AccessController')}
  0x000001e3d0de4448: 2848 beb0 | fe9a e2e3 | 0100 0048 | 8386 3802 

  0x000001e3d0de4458: ;   {metadata(method data for {method} {0x000001e3e2035da8} 'reachabilityFence' '(Ljava/lang/Object;)V' in 'java/lang/ref/Reference')}
  0x000001e3d0de4458: 0000 0148 | be98 575e | e2e3 0100 | 008b becc | 0000 0083 | c702 89be | cc00 0000 | 81e7 feff 
  0x000001e3d0de4478: 1f00 83ff | 000f 8473 

  0x000001e3d0de4480: ;   {metadata(method data for {method} {0x000001e3e2030fe8} 'executePrivileged' '(Ljava/security/PrivilegedExceptionAction;Ljava/security/AccessControlContext;Ljava/lang/Class;)Ljava/lang/Object;' in 'java/security/AccessController')}
  0x000001e3d0de4480: 0000 0048 | beb0 fe9a | e2e3 0100 | 0048 8386 | 4802 0000 

  0x000001e3d0de4494: ;   {metadata(method data for {method} {0x000001e3e2035da8} 'reachabilityFence' '(Ljava/lang/Object;)V' in 'java/lang/ref/Reference')}
  0x000001e3d0de4494: 0148 be98 | 575e e2e3 | 0100 008b | becc 0000 | 0083 c702 | 89be cc00 | 0000 81e7 | feff 1f00 
  0x000001e3d0de44b4: 83ff 000f | 845a 0000 | 0048 83c4 

  0x000001e3d0de44c0: ;   {poll_return}
  0x000001e3d0de44c0: 405d 493b | a750 0300 | 000f 8766 | 0000 00c3 

  0x000001e3d0de44d0: ;   {metadata({method} {0x000001e3e2030fe8} 'executePrivileged' '(Ljava/security/PrivilegedExceptionAction;Ljava/security/AccessControlContext;Ljava/lang/Class;)Ljava/lang/Object;' in 'java/security/AccessController')}
  0x000001e3d0de44d0: 49ba e00f | 03e2 e301 | 0000 4c89 | 5424 0848 | c704 24ff 

  0x000001e3d0de44e4: ;   {runtime_call counter_overflow Runtime1 stub}
  0x000001e3d0de44e4: ffff ffe8 

  0x000001e3d0de44e8: ; ImmutableOopMap {rdx=Oop r8=Oop [48]=Oop r9=Oop }
                      ;*synchronization entry
                      ; - java.security.AccessController::executePrivileged@-1
  0x000001e3d0de44e8: 9470 4b07 | e928 feff 

  0x000001e3d0de44f0: ;   {runtime_call throw_null_pointer_exception Runtime1 stub}
  0x000001e3d0de44f0: ffe8 2a4e 

  0x000001e3d0de44f4: ; ImmutableOopMap {[40]=Oop rdx=Oop [48]=Oop }
                      ;*invokeinterface run {reexecute=0 rethrow=0 return_oop=0}
                      ; - java.security.AccessController::executePrivileged@29
                      ;   {metadata({method} {0x000001e3e2035da8} 'reachabilityFence' '(Ljava/lang/Object;)V' in 'java/lang/ref/Reference')}
  0x000001e3d0de44f4: 4207 49ba | a05d 03e2 | e301 0000 | 4c89 5424 | 0848 c704 | 24ff ffff 

  0x000001e3d0de450c: ;   {runtime_call counter_overflow Runtime1 stub}
  0x000001e3d0de450c: ffe8 6e70 

  0x000001e3d0de4510: ; ImmutableOopMap {rax=Oop r9=Oop }
                      ;*synchronization entry
                      ; - java.lang.ref.Reference::reachabilityFence@-1
                      ; - java.security.AccessController::executePrivileged@56
  0x000001e3d0de4510: 4b07 e96c 

  0x000001e3d0de4514: ;   {metadata({method} {0x000001e3e2035da8} 'reachabilityFence' '(Ljava/lang/Object;)V' in 'java/lang/ref/Reference')}
  0x000001e3d0de4514: ffff ff49 | baa0 5d03 | e2e3 0100 | 004c 8954 | 2408 48c7 | 0424 ffff 

  0x000001e3d0de452c: ;   {runtime_call counter_overflow Runtime1 stub}
  0x000001e3d0de452c: ffff e84d 

  0x000001e3d0de4530: ; ImmutableOopMap {rax=Oop }
                      ;*synchronization entry
                      ; - java.lang.ref.Reference::reachabilityFence@-1
                      ; - java.security.AccessController::executePrivileged@60
  0x000001e3d0de4530: 704b 07eb 

  0x000001e3d0de4534: ;   {internal_word}
  0x000001e3d0de4534: 8849 bac2 | 44de d0e3 | 0100 004d | 8997 6803 

  0x000001e3d0de4544: ;   {runtime_call SafepointBlob}
  0x000001e3d0de4544: 0000 e935 | 4741 0790 | 9049 8b87 | e003 0000 | 49c7 87e0 | 0300 0000 | 0000 0049 | c787 e803 
  0x000001e3d0de4564: 0000 0000 | 0000 4883 

  0x000001e3d0de456c: ;   {runtime_call unwind_exception Runtime1 stub}
  0x000001e3d0de456c: c440 5de9 | 8c19 4207 | f4f4 f4f4 | f4f4 f4f4 | f4f4 f4f4 
[Stub Code]
  0x000001e3d0de4580: ;   {no_reloc}
  0x000001e3d0de4580: 0f1f 4400 

  0x000001e3d0de4584: ;   {static_stub}
  0x000001e3d0de4584: 0048 bb58 | 0d03 e2e3 

  0x000001e3d0de458c: ;   {runtime_call I2C/C2I adapters}
  0x000001e3d0de458c: 0100 00e9 | bcbf 4007 

  0x000001e3d0de4594: ;   {static_stub}
  0x000001e3d0de4594: 9048 bb00 | 0000 0000 

  0x000001e3d0de459c: ;   {runtime_call}
  0x000001e3d0de459c: 0000 00e9 | fbff ffff 
[Exception Handler]
  0x000001e3d0de45a4: ;   {runtime_call handle_exception_from_callee Runtime1 stub}
  0x000001e3d0de45a4: e8d7 2542 

  0x000001e3d0de45a8: ;   {external_word}
  0x000001e3d0de45a8: 0748 b940 | 9ab1 2ffe | 7f00 0048 

  0x000001e3d0de45b4: ;   {runtime_call}
  0x000001e3d0de45b4: 83e4 f049 | ba60 2d7a | 2ffe 7f00 | 0041 ffd2 

  0x000001e3d0de45c4: ;   {section_word}
  0x000001e3d0de45c4: f449 bac5 | 45de d0e3 | 0100 0041 

  0x000001e3d0de45d0: ;   {runtime_call DeoptimizationBlob}
  0x000001e3d0de45d0: 52e9 4a5b | 4107 f4f4 
[/MachCode]


---------------  P R O C E S S  ---------------

Threads class SMR info:
_java_thread_list=0x000001e3e84f49e0, length=16, elements={
0x000001e3cdfdfdb0, 0x000001e3e1e6e750, 0x000001e3e7147bd0, 0x000001e3e7171320,
0x000001e3e7171cf0, 0x000001e3e7174060, 0x000001e3e7174c20, 0x000001e3e717e890,
0x000001e3e71ded00, 0x000001e3e71f5ac0, 0x000001e3e72b8370, 0x000001e3e7475340,
0x000001e3e887f950, 0x000001e3e8a84290, 0x000001e3e8a78be0, 0x000001e3e87c55a0
}

Java Threads: ( => current thread )
  0x000001e3cdfdfdb0 JavaThread "main" [_thread_blocked, id=21016, stack(0x000000a3fab00000,0x000000a3fac00000)]
  0x000001e3e1e6e750 JavaThread "Reference Handler" daemon [_thread_blocked, id=19940, stack(0x000000a3fae00000,0x000000a3faf00000)]
  0x000001e3e7147bd0 JavaThread "Finalizer" daemon [_thread_blocked, id=21896, stack(0x000000a3faf00000,0x000000a3fb000000)]
  0x000001e3e7171320 JavaThread "Signal Dispatcher" daemon [_thread_blocked, id=10936, stack(0x000000a3fb000000,0x000000a3fb100000)]
  0x000001e3e7171cf0 JavaThread "Attach Listener" daemon [_thread_blocked, id=16680, stack(0x000000a3fb100000,0x000000a3fb200000)]
  0x000001e3e7174060 JavaThread "Service Thread" daemon [_thread_blocked, id=15936, stack(0x000000a3fb200000,0x000000a3fb300000)]
  0x000001e3e7174c20 JavaThread "Monitor Deflation Thread" daemon [_thread_blocked, id=18804, stack(0x000000a3fb300000,0x000000a3fb400000)]
  0x000001e3e717e890 JavaThread "C2 CompilerThread0" daemon [_thread_blocked, id=10560, stack(0x000000a3fb400000,0x000000a3fb500000)]
  0x000001e3e71ded00 JavaThread "C1 CompilerThread0" daemon [_thread_blocked, id=17600, stack(0x000000a3fb500000,0x000000a3fb600000)]
  0x000001e3e71f5ac0 JavaThread "Sweeper thread" daemon [_thread_blocked, id=2820, stack(0x000000a3fb600000,0x000000a3fb700000)]
  0x000001e3e72b8370 JavaThread "Common-Cleaner" daemon [_thread_blocked, id=9552, stack(0x000000a3fb700000,0x000000a3fb800000)]
  0x000001e3e7475340 JavaThread "Notification Thread" daemon [_thread_blocked, id=17532, stack(0x000000a3fb800000,0x000000a3fb900000)]
  0x000001e3e887f950 JavaThread "Active Thread: Equinox Container: bed48910-dbe9-482e-a6d6-ad84b42651ca" [_thread_blocked, id=20804, stack(0x000000a3fc100000,0x000000a3fc200000)]
  0x000001e3e8a84290 JavaThread "Framework Event Dispatcher: Equinox Container: bed48910-dbe9-482e-a6d6-ad84b42651ca" daemon [_thread_blocked, id=22456, stack(0x000000a3fc200000,0x000000a3fc300000)]
=>0x000001e3e8a78be0 JavaThread "Start Level: Equinox Container: bed48910-dbe9-482e-a6d6-ad84b42651ca" daemon [_thread_in_vm, id=22108, stack(0x000000a3fc300000,0x000000a3fc400000)]
  0x000001e3e87c55a0 JavaThread "SCR Component Actor" daemon [_thread_blocked, id=7800, stack(0x000000a3fc000000,0x000000a3fc100000)]

Other Threads:
  0x000001e3e7130c20 VMThread "VM Thread" [stack: 0x000000a3fad00000,0x000000a3fae00000] [id=17336]
  0x000001e3e746c960 WatcherThread [stack: 0x000000a3fb900000,0x000000a3fba00000] [id=6832]
  0x000001e3cdff39f0 GCTaskThread "GC Thread#0" [stack: 0x000000a3fac00000,0x000000a3fad00000] [id=11808]
  0x000001e3e875dc60 GCTaskThread "GC Thread#1" [stack: 0x000000a3fba00000,0x000000a3fbb00000] [id=13360]
  0x000001e3e87fd030 GCTaskThread "GC Thread#2" [stack: 0x000000a3fbb00000,0x000000a3fbc00000] [id=16476]
  0x000001e3e87fd2f0 GCTaskThread "GC Thread#3" [stack: 0x000000a3fbc00000,0x000000a3fbd00000] [id=19584]
  0x000001e3e8130dc0 GCTaskThread "GC Thread#4" [stack: 0x000000a3fbd00000,0x000000a3fbe00000] [id=3092]
  0x000001e3e8131080 GCTaskThread "GC Thread#5" [stack: 0x000000a3fbe00000,0x000000a3fbf00000] [id=1704]
  0x000001e3e8443510 GCTaskThread "GC Thread#6" [stack: 0x000000a3fbf00000,0x000000a3fc000000] [id=20696]
  0x000001e3e86fd4d0 GCTaskThread "GC Thread#7" [stack: 0x000000a3fc400000,0x000000a3fc500000] [id=17200]

Threads with active compile tasks:

VM state: not at safepoint (normal execution)

VM Mutex/Monitor currently owned by a thread:  ([mutex/lock_event])
[0x000001e3cdfdad10] Metaspace_lock - owner thread: 0x000001e3e8a78be0

OutOfMemory and StackOverflow Exception counts:
OutOfMemoryError java_heap_errors=1
LinkageErrors=13

Heap address: 0x00000000c0000000, size: 1024 MB, Compressed Oops mode: 32-bit

CDS archive(s) not mapped
Compressed class space mapped at: 0x0000000100000000-0x0000000140000000, reserved size: 1073741824
Narrow klass base: 0x0000000000000000, Narrow klass shift: 3, Narrow klass range: 0x140000000

GC Precious Log:
 CPUs: 8 total, 8 available
 Memory: 7987M
 Large Page Support: Disabled
 NUMA Support: Disabled
 Compressed Oops: Enabled (32-bit)
 Alignments: Space 512K, Generation 512K, Heap 2M
 Heap Min Capacity: 100M
 Heap Initial Capacity: 100M
 Heap Max Capacity: 1G
 Pre-touch: Disabled
 Parallel Workers: 8

Heap:
 PSYoungGen      total 29696K, used 15359K [0x00000000eab00000, 0x00000000ecc00000, 0x0000000100000000)
  eden space 25600K, 44% used [0x00000000eab00000,0x00000000eb607168,0x00000000ec400000)
  from space 4096K, 99% used [0x00000000ec800000,0x00000000ecbf8df0,0x00000000ecc00000)
  to   space 4096K, 0% used [0x00000000ec400000,0x00000000ec400000,0x00000000ec800000)
 ParOldGen       total 68608K, used 1398K [0x00000000c0000000, 0x00000000c4300000, 0x00000000eab00000)
  object space 68608K, 2% used [0x00000000c0000000,0x00000000c015dbd8,0x00000000c4300000)
 Metaspace       used 16269K, committed 16448K, reserved 1114112K
  class space    used 1645K, committed 1728K, reserved 1048576K

Card table byte_map: [0x000001e3cd980000,0x000001e3cdb90000] _byte_map_base: 0x000001e3cd380000

Marking Bits: (ParMarkBitMap*) 0x00007ffe2fd8d7d0
 Begin Bits: [0x000001e3dfc70000, 0x000001e3e0c70000)
 End Bits:   [0x000001e3e0c70000, 0x000001e3e1c70000)

Polling page: 0x000001e3cbed0000

Metaspace:

Usage:
  Non-class:     14.28 MB used.
      Class:      1.61 MB used.
       Both:     15.89 MB used.

Virtual space:
  Non-class space:       64.00 MB reserved,      14.38 MB ( 22%) committed,  1 nodes.
      Class space:        1.00 GB reserved,       1.69 MB ( <1%) committed,  1 nodes.
             Both:        1.06 GB reserved,      16.06 MB (  1%) committed. 

Chunk freelists:
   Non-Class:  688.00 KB
       Class:  14.31 MB
        Both:  14.99 MB

MaxMetaspaceSize: unlimited
CompressedClassSpaceSize: 1.00 GB
Initial GC threshold: 21.00 MB
Current GC threshold: 21.00 MB
CDS: off
MetaspaceReclaimPolicy: balanced
 - commit_granule_bytes: 65536.
 - commit_granule_words: 8192.
 - virtual_space_node_default_size: 8388608.
 - enlarge_chunks_in_place: 1.
 - new_chunks_are_fully_committed: 0.
 - uncommit_free_chunks: 1.
 - use_allocation_guard: 0.
 - handle_deallocations: 1.


Internal statistics:

num_allocs_failed_limit: 0.
num_arena_births: 106.
num_arena_deaths: 0.
num_vsnodes_births: 2.
num_vsnodes_deaths: 0.
num_space_committed: 257.
num_space_uncommitted: 0.
num_chunks_returned_to_freelist: 0.
num_chunks_taken_from_freelist: 344.
num_chunk_merges: 0.
num_chunk_splits: 224.
num_chunks_enlarged: 163.
num_inconsistent_stats: 0.

CodeHeap 'non-profiled nmethods': size=120000Kb used=804Kb max_used=804Kb free=119195Kb
 bounds [0x000001e3d8740000, 0x000001e3d89b0000, 0x000001e3dfc70000]
CodeHeap 'profiled nmethods': size=120000Kb used=3447Kb max_used=3447Kb free=116552Kb
 bounds [0x000001e3d0c70000, 0x000001e3d0fd0000, 0x000001e3d81a0000]
CodeHeap 'non-nmethods': size=5760Kb used=1183Kb max_used=1205Kb free=4576Kb
 bounds [0x000001e3d81a0000, 0x000001e3d8410000, 0x000001e3d8740000]
 total_blobs=2361 nmethods=1896 adapters=379
 compilation: enabled
              stopped_count=0, restarted_count=0
 full_count=0

Compilation events (20 events):
Event: 9.141 Thread 0x000001e3e71ded00 nmethod 1880 0x000001e3d0fc5f10 code [0x000001e3d0fc60a0, 0x000001e3d0fc61e8]
Event: 9.141 Thread 0x000001e3e71ded00 1881       3       java.util.Locale$Cache::createObject (41 bytes)
Event: 9.141 Thread 0x000001e3e71ded00 nmethod 1881 0x000001e3d0fc6290 code [0x000001e3d0fc6480, 0x000001e3d0fc6bd8]
Event: 9.141 Thread 0x000001e3e71ded00 1864       3       sun.util.locale.LanguageTag::isExtlang (21 bytes)
Event: 9.142 Thread 0x000001e3e71ded00 nmethod 1864 0x000001e3d0fc6e10 code [0x000001e3d0fc7040, 0x000001e3d0fc79b8]
Event: 9.142 Thread 0x000001e3e71ded00 1865       3       sun.util.locale.LanguageTag::isRegion (36 bytes)
Event: 9.143 Thread 0x000001e3e71ded00 nmethod 1865 0x000001e3d0fc7d10 code [0x000001e3d0fc7fe0, 0x000001e3d0fc9158]
Event: 9.143 Thread 0x000001e3e71ded00 1861       1       org.eclipse.osgi.container.ModuleRevision::getVersion (5 bytes)
Event: 9.143 Thread 0x000001e3e71ded00 nmethod 1861 0x000001e3d8806490 code [0x000001e3d8806620, 0x000001e3d88066f8]
Event: 9.143 Thread 0x000001e3e71ded00 1862       1       org.eclipse.osgi.internal.hookregistry.ClassLoaderHook::processClass (2 bytes)
Event: 9.143 Thread 0x000001e3e71ded00 nmethod 1862 0x000001e3d8806790 code [0x000001e3d8806920, 0x000001e3d88069f8]
Event: 9.143 Thread 0x000001e3e71ded00 1860       1       org.eclipse.osgi.internal.loader.EquinoxClassLoader::isRegisteredAsParallel (5 bytes)
Event: 9.144 Thread 0x000001e3e71ded00 nmethod 1860 0x000001e3d8806a90 code [0x000001e3d8806c20, 0x000001e3d8806cf8]
Event: 9.144 Thread 0x000001e3e71ded00 1871       1       org.eclipse.osgi.internal.loader.classpath.ClasspathManager::getClassLoader (5 bytes)
Event: 9.144 Thread 0x000001e3e71ded00 nmethod 1871 0x000001e3d8806d90 code [0x000001e3d8806f20, 0x000001e3d8806ff8]
Event: 9.144 Thread 0x000001e3e71ded00 1894       1       org.eclipse.osgi.internal.weaving.WovenClassImpl::setState (6 bytes)
Event: 9.144 Thread 0x000001e3e71ded00 nmethod 1894 0x000001e3d8807090 code [0x000001e3d8807220, 0x000001e3d88072f8]
Event: 9.144 Thread 0x000001e3e71ded00 1895   !   3       org.eclipse.osgi.internal.serviceregistry.ServiceRegistry::lookupServiceRegistrations (215 bytes)
Event: 9.146 Thread 0x000001e3e71ded00 nmethod 1895 0x000001e3d0fc9710 code [0x000001e3d0fc9b40, 0x000001e3d0fcc158]
Event: 9.146 Thread 0x000001e3e71ded00 1896   !   3       org.eclipse.osgi.container.ModuleDatabase::getWiring (31 bytes)

GC Heap History (4 events):
Event: 2.083 GC heap before
{Heap before GC invocations=1 (full 0):
 PSYoungGen      total 29696K, used 25600K [0x00000000eab00000, 0x00000000ecc00000, 0x0000000100000000)
  eden space 25600K, 100% used [0x00000000eab00000,0x00000000ec400000,0x00000000ec400000)
  from space 4096K, 0% used [0x00000000ec800000,0x00000000ec800000,0x00000000ecc00000)
  to   space 4096K, 0% used [0x00000000ec400000,0x00000000ec400000,0x00000000ec800000)
 ParOldGen       total 68608K, used 0K [0x00000000c0000000, 0x00000000c4300000, 0x00000000eab00000)
  object space 68608K, 0% used [0x00000000c0000000,0x00000000c0000000,0x00000000c4300000)
 Metaspace       used 10994K, committed 11200K, reserved 1114112K
  class space    used 1096K, committed 1216K, reserved 1048576K
}
Event: 2.092 GC heap after
{Heap after GC invocations=1 (full 0):
 PSYoungGen      total 29696K, used 3188K [0x00000000eab00000, 0x00000000ecc00000, 0x0000000100000000)
  eden space 25600K, 0% used [0x00000000eab00000,0x00000000eab00000,0x00000000ec400000)
  from space 4096K, 77% used [0x00000000ec400000,0x00000000ec71d150,0x00000000ec800000)
  to   space 4096K, 0% used [0x00000000ec800000,0x00000000ec800000,0x00000000ecc00000)
 ParOldGen       total 68608K, used 16K [0x00000000c0000000, 0x00000000c4300000, 0x00000000eab00000)
  object space 68608K, 0% used [0x00000000c0000000,0x00000000c0004000,0x00000000c4300000)
 Metaspace       used 10994K, committed 11200K, reserved 1114112K
  class space    used 1096K, committed 1216K, reserved 1048576K
}
Event: 8.279 GC heap before
{Heap before GC invocations=2 (full 0):
 PSYoungGen      total 29696K, used 28788K [0x00000000eab00000, 0x00000000ecc00000, 0x0000000100000000)
  eden space 25600K, 100% used [0x00000000eab00000,0x00000000ec400000,0x00000000ec400000)
  from space 4096K, 77% used [0x00000000ec400000,0x00000000ec71d150,0x00000000ec800000)
  to   space 4096K, 0% used [0x00000000ec800000,0x00000000ec800000,0x00000000ecc00000)
 ParOldGen       total 68608K, used 16K [0x00000000c0000000, 0x00000000c4300000, 0x00000000eab00000)
  object space 68608K, 0% used [0x00000000c0000000,0x00000000c0004000,0x00000000c4300000)
 Metaspace       used 14654K, committed 14848K, reserved 1114112K
  class space    used 1467K, committed 1536K, reserved 1048576K
}
Event: 8.284 GC heap after
{Heap after GC invocations=2 (full 0):
 PSYoungGen      total 29696K, used 4067K [0x00000000eab00000, 0x00000000ecc00000, 0x0000000100000000)
  eden space 25600K, 0% used [0x00000000eab00000,0x00000000eab00000,0x00000000ec400000)
  from space 4096K, 99% used [0x00000000ec800000,0x00000000ecbf8df0,0x00000000ecc00000)
  to   space 4096K, 0% used [0x00000000ec400000,0x00000000ec400000,0x00000000ec800000)
 ParOldGen       total 68608K, used 1398K [0x00000000c0000000, 0x00000000c4300000, 0x00000000eab00000)
  object space 68608K, 2% used [0x00000000c0000000,0x00000000c015dbd8,0x00000000c4300000)
 Metaspace       used 14654K, committed 14848K, reserved 1114112K
  class space    used 1467K, committed 1536K, reserved 1048576K
}

Dll operation events (9 events):
Event: 0.014 Loaded shared library c:\Users\Kiet\.vscode\extensions\redhat.java-1.28.1-win32-x64\jre\17.0.10-win32-x86_64\bin\java.dll
Event: 0.375 Loaded shared library c:\Users\Kiet\.vscode\extensions\redhat.java-1.28.1-win32-x64\jre\17.0.10-win32-x86_64\bin\zip.dll
Event: 0.380 Loaded shared library C:\Users\Kiet\.vscode\extensions\redhat.java-1.28.1-win32-x64\jre\17.0.10-win32-x86_64\bin\instrument.dll
Event: 0.417 Loaded shared library C:\Users\Kiet\.vscode\extensions\redhat.java-1.28.1-win32-x64\jre\17.0.10-win32-x86_64\bin\net.dll
Event: 0.421 Loaded shared library C:\Users\Kiet\.vscode\extensions\redhat.java-1.28.1-win32-x64\jre\17.0.10-win32-x86_64\bin\nio.dll
Event: 0.443 Loaded shared library C:\Users\Kiet\.vscode\extensions\redhat.java-1.28.1-win32-x64\jre\17.0.10-win32-x86_64\bin\zip.dll
Event: 0.473 Loaded shared library C:\Users\Kiet\.vscode\extensions\redhat.java-1.28.1-win32-x64\jre\17.0.10-win32-x86_64\bin\jimage.dll
Event: 0.629 Loaded shared library c:\Users\Kiet\.vscode\extensions\redhat.java-1.28.1-win32-x64\jre\17.0.10-win32-x86_64\bin\verify.dll
Event: 8.221 Loaded shared library C:\Users\Kiet\AppData\Roaming\Code\User\globalStorage\redhat.java\1.28.1\config_win\org.eclipse.equinox.launcher\org.eclipse.equinox.launcher.win32.win32.x86_64_1.2.900.v20240129-1338\eclipse_11900.dll

Deoptimization events (20 events):
Event: 8.345 Thread 0x000001e3e8a78be0 Uncommon trap: trap_request=0xffffffde fr.pc=0x000001e3d87acaf8 relative=0x0000000000000498
Event: 8.345 Thread 0x000001e3e8a78be0 Uncommon trap: reason=class_check action=maybe_recompile pc=0x000001e3d87acaf8 method=java.io.DataInputStream.readInt()I @ 6 c2
Event: 8.345 Thread 0x000001e3e8a78be0 DEOPT PACKING pc=0x000001e3d87acaf8 sp=0x000000a3fc3fdc20
Event: 8.345 Thread 0x000001e3e8a78be0 DEOPT UNPACKING pc=0x000001e3d81f9ea3 sp=0x000000a3fc3fdbd8 mode 2
Event: 8.345 Thread 0x000001e3e8a78be0 Uncommon trap: trap_request=0xffffffde fr.pc=0x000001e3d87acaf8 relative=0x0000000000000498
Event: 8.345 Thread 0x000001e3e8a78be0 Uncommon trap: reason=class_check action=maybe_recompile pc=0x000001e3d87acaf8 method=java.io.DataInputStream.readInt()I @ 6 c2
Event: 8.345 Thread 0x000001e3e8a78be0 DEOPT PACKING pc=0x000001e3d87acaf8 sp=0x000000a3fc3fdca0
Event: 8.345 Thread 0x000001e3e8a78be0 DEOPT UNPACKING pc=0x000001e3d81f9ea3 sp=0x000000a3fc3fdc58 mode 2
Event: 8.345 Thread 0x000001e3e8a78be0 Uncommon trap: trap_request=0xffffffde fr.pc=0x000001e3d87acaf8 relative=0x0000000000000498
Event: 8.345 Thread 0x000001e3e8a78be0 Uncommon trap: reason=class_check action=maybe_recompile pc=0x000001e3d87acaf8 method=java.io.DataInputStream.readInt()I @ 6 c2
Event: 8.345 Thread 0x000001e3e8a78be0 DEOPT PACKING pc=0x000001e3d87acaf8 sp=0x000000a3fc3fdc20
Event: 8.345 Thread 0x000001e3e8a78be0 DEOPT UNPACKING pc=0x000001e3d81f9ea3 sp=0x000000a3fc3fdbd8 mode 2
Event: 8.390 Thread 0x000001e3e8a78be0 Uncommon trap: trap_request=0xffffff45 fr.pc=0x000001e3d87898f4 relative=0x0000000000000074
Event: 8.390 Thread 0x000001e3e8a78be0 Uncommon trap: reason=unstable_if action=reinterpret pc=0x000001e3d87898f4 method=jdk.internal.misc.Unsafe.convEndian(ZJ)J @ 4 c2
Event: 8.390 Thread 0x000001e3e8a78be0 DEOPT PACKING pc=0x000001e3d87898f4 sp=0x000000a3fc3fc630
Event: 8.390 Thread 0x000001e3e8a78be0 DEOPT UNPACKING pc=0x000001e3d81f9ea3 sp=0x000000a3fc3fc558 mode 2
Event: 8.412 Thread 0x000001e3e8a78be0 Uncommon trap: trap_request=0xffffff45 fr.pc=0x000001e3d87ef730 relative=0x0000000000000b90
Event: 8.412 Thread 0x000001e3e8a78be0 Uncommon trap: reason=unstable_if action=reinterpret pc=0x000001e3d87ef730 method=java.util.concurrent.ConcurrentHashMap.putVal(Ljava/lang/Object;Ljava/lang/Object;Z)Ljava/lang/Object; @ 148 c2
Event: 8.413 Thread 0x000001e3e8a78be0 DEOPT PACKING pc=0x000001e3d87ef730 sp=0x000000a3fc3fe430
Event: 8.413 Thread 0x000001e3e8a78be0 DEOPT UNPACKING pc=0x000001e3d81f9ea3 sp=0x000000a3fc3fe3b0 mode 2

Classes unloaded (0 events):
No events

Classes redefined (0 events):
No events

Internal exceptions (20 events):
Event: 2.540 Thread 0x000001e3cdfdfdb0 Exception <a 'sun/nio/fs/WindowsException'{0x00000000eb6a3980}> (0x00000000eb6a3980) 
thrown [s\src\hotspot\share\prims\jni.cpp, line 516]
Event: 2.540 Thread 0x000001e3cdfdfdb0 Exception <a 'sun/nio/fs/WindowsException'{0x00000000eb6a3d30}> (0x00000000eb6a3d30) 
thrown [s\src\hotspot\share\prims\jni.cpp, line 516]
Event: 2.541 Thread 0x000001e3cdfdfdb0 Exception <a 'sun/nio/fs/WindowsException'{0x00000000eb6ab4c8}> (0x00000000eb6ab4c8) 
thrown [s\src\hotspot\share\prims\jni.cpp, line 516]
Event: 2.542 Thread 0x000001e3cdfdfdb0 Exception <a 'sun/nio/fs/WindowsException'{0x00000000eb6ac298}> (0x00000000eb6ac298) 
thrown [s\src\hotspot\share\prims\jni.cpp, line 516]
Event: 2.542 Thread 0x000001e3cdfdfdb0 Exception <a 'sun/nio/fs/WindowsException'{0x00000000eb6ac638}> (0x00000000eb6ac638) 
thrown [s\src\hotspot\share\prims\jni.cpp, line 516]
Event: 2.544 Thread 0x000001e3cdfdfdb0 Exception <a 'sun/nio/fs/WindowsException'{0x00000000eb6b88c0}> (0x00000000eb6b88c0) 
thrown [s\src\hotspot\share\prims\jni.cpp, line 516]
Event: 2.544 Thread 0x000001e3cdfdfdb0 Exception <a 'sun/nio/fs/WindowsException'{0x00000000eb6b8c70}> (0x00000000eb6b8c70) 
thrown [s\src\hotspot\share\prims\jni.cpp, line 516]
Event: 2.544 Thread 0x000001e3cdfdfdb0 Exception <a 'sun/nio/fs/WindowsException'{0x00000000eb6b9fd8}> (0x00000000eb6b9fd8) 
thrown [s\src\hotspot\share\prims\jni.cpp, line 516]
Event: 2.544 Thread 0x000001e3cdfdfdb0 Exception <a 'sun/nio/fs/WindowsException'{0x00000000eb6ba388}> (0x00000000eb6ba388) 
thrown [s\src\hotspot\share\prims\jni.cpp, line 516]
Event: 2.544 Thread 0x000001e3cdfdfdb0 Exception <a 'sun/nio/fs/WindowsException'{0x00000000eb6bb090}> (0x00000000eb6bb090) 
thrown [s\src\hotspot\share\prims\jni.cpp, line 516]
Event: 2.544 Thread 0x000001e3cdfdfdb0 Exception <a 'sun/nio/fs/WindowsException'{0x00000000eb6bb430}> (0x00000000eb6bb430) 
thrown [s\src\hotspot\share\prims\jni.cpp, line 516]
Event: 2.545 Thread 0x000001e3cdfdfdb0 Exception <a 'sun/nio/fs/WindowsException'{0x00000000eb6bffd0}> (0x00000000eb6bffd0) 
thrown [s\src\hotspot\share\prims\jni.cpp, line 516]
Event: 2.545 Thread 0x000001e3cdfdfdb0 Exception <a 'sun/nio/fs/WindowsException'{0x00000000eb6c0380}> (0x00000000eb6c0380) 
thrown [s\src\hotspot\share\prims\jni.cpp, line 516]
Event: 2.665 Thread 0x000001e3cdfdfdb0 Exception <a 'java/lang/NoSuchMethodError'{0x00000000ebb19900}: 'java.lang.Object java.lang.invoke.DirectMethodHandle$Holder.newInvokeSpecial(java.lang.Object, int, java.lang.Object)'> (0x00000000ebb19900) 
thrown [s\src\hotspot\share\interpreter\linkResolver.cpp, line 759]
Event: 8.215 Thread 0x000001e3cdfdfdb0 Exception <a 'java/lang/UnsatisfiedLinkError'{0x00000000ec0e1ad0}: 'void org.eclipse.equinox.launcher.JNIBridge._update_splash()'> (0x00000000ec0e1ad0) 
thrown [s\src\hotspot\share\prims\nativeLookup.cpp, line 543]
Event: 8.291 Thread 0x000001e3e8a78be0 Exception <a 'java/lang/NoSuchMethodError'{0x00000000eab49060}: 'java.lang.Object java.lang.invoke.DirectMethodHandle$Holder.invokeStaticInit(java.lang.Object)'> (0x00000000eab49060) 
thrown [s\src\hotspot\share\interpreter\linkResolver.cpp, line 759]
Event: 8.306 Thread 0x000001e3e8a78be0 Exception <a 'java/lang/NoSuchMethodError'{0x00000000eac11d98}: 'java.lang.Object java.lang.invoke.DirectMethodHandle$Holder.newInvokeSpecial(java.lang.Object, java.lang.Object, int, java.lang.Object)'> (0x00000000eac11d98) 
thrown [s\src\hotspot\share\interpreter\linkResolver.cpp, line 759]
Event: 8.306 Thread 0x000001e3e8a78be0 Exception <a 'java/lang/NoSuchMethodError'{0x00000000eac16080}: 'java.lang.Object java.lang.invoke.DirectMethodHandle$Holder.invokeSpecial(java.lang.Object, java.lang.Object, java.lang.Object, int, java.lang.Object)'> (0x00000000eac16080) 
thrown [s\src\hotspot\share\interpreter\linkResolver.cpp, line 759]
Event: 8.369 Thread 0x000001e3e8a78be0 Exception <a 'java/lang/ClassNotFoundException'{0x00000000eaef0258}: sun/util/logging/resources/spi/loggingProvider> (0x00000000eaef0258) 
thrown [s\src\hotspot\share\classfile\systemDictionary.cpp, line 256]
Event: 9.091 Thread 0x000001e3e8a78be0 Exception <a 'java/lang/OutOfMemoryError'{0x00000000eb24cf58}> (0x00000000eb24cf58) 
thrown [s\src\hotspot\share\prims\jni.cpp, line 535]

VM Operations (20 events):
Event: 2.571 Executing VM operation: HandshakeAllThreads
Event: 2.571 Executing VM operation: HandshakeAllThreads done
Event: 2.613 Executing VM operation: HandshakeAllThreads
Event: 2.613 Executing VM operation: HandshakeAllThreads done
Event: 2.613 Executing VM operation: HandshakeAllThreads
Event: 2.613 Executing VM operation: HandshakeAllThreads done
Event: 3.622 Executing VM operation: Cleanup
Event: 3.622 Executing VM operation: Cleanup done
Event: 8.273 Executing VM operation: HandshakeAllThreads
Event: 8.273 Executing VM operation: HandshakeAllThreads done
Event: 8.273 Executing VM operation: Cleanup
Event: 8.273 Executing VM operation: Cleanup done
Event: 8.279 Executing VM operation: ParallelGCFailedAllocation
Event: 8.284 Executing VM operation: ParallelGCFailedAllocation done
Event: 8.346 Executing VM operation: HandshakeAllThreads
Event: 8.346 Executing VM operation: HandshakeAllThreads done
Event: 8.390 Executing VM operation: HandshakeAllThreads
Event: 8.390 Executing VM operation: HandshakeAllThreads done
Event: 8.412 Executing VM operation: HandshakeAllThreads
Event: 8.412 Executing VM operation: HandshakeAllThreads done

Events (20 events):
Event: 9.108 loading class sun/util/cldr/CLDRCalendarDataProviderImpl done
Event: 9.110 loading class java/lang/IllegalAccessError
Event: 9.110 loading class java/lang/IllegalAccessError done
Event: 9.123 loading class java/util/TimerTask
Event: 9.123 loading class java/util/TimerTask done
Event: 9.128 Thread 0x000001e3e87c55a0 Thread added: 0x000001e3e87c55a0
Event: 9.135 loading class sun/util/locale/provider/LocaleResources
Event: 9.135 loading class sun/util/locale/provider/LocaleResources done
Event: 9.135 loading class sun/util/resources/cldr/CalendarData
Event: 9.136 loading class sun/util/resources/cldr/CalendarData done
Event: 9.136 loading class sun/util/locale/provider/LocaleResources$ResourceReference
Event: 9.136 loading class sun/util/locale/provider/LocaleResources$ResourceReference done
Event: 9.137 loading class java/io/PrintWriter
Event: 9.138 loading class java/io/PrintWriter done
Event: 9.138 loading class java/lang/Throwable$WrappedPrintWriter
Event: 9.138 loading class java/lang/Throwable$PrintStreamOrWriter
Event: 9.138 loading class java/lang/Throwable$PrintStreamOrWriter done
Event: 9.138 loading class java/lang/Throwable$WrappedPrintWriter done
Event: 9.141 loading class java/io/FileOutputStream$1
Event: 9.141 loading class java/io/FileOutputStream$1 done


Dynamic libraries:
0x00007ff7a52b0000 - 0x00007ff7a52be000 	c:\Users\Kiet\.vscode\extensions\redhat.java-1.28.1-win32-x64\jre\17.0.10-win32-x86_64\bin\java.exe
0x00007ffe72250000 - 0x00007ffe72466000 	C:\WINDOWS\SYSTEM32\ntdll.dll
0x00007ffe70910000 - 0x00007ffe709d4000 	C:\WINDOWS\System32\KERNEL32.DLL
0x00007ffe6f720000 - 0x00007ffe6fac6000 	C:\WINDOWS\System32\KERNELBASE.dll
0x00007ffe6fe80000 - 0x00007ffe6ff91000 	C:\WINDOWS\System32\ucrtbase.dll
0x00007ffe4c7a0000 - 0x00007ffe4c7bb000 	c:\Users\Kiet\.vscode\extensions\redhat.java-1.28.1-win32-x64\jre\17.0.10-win32-x86_64\bin\VCRUNTIME140.dll
0x00007ffe4c7f0000 - 0x00007ffe4c807000 	c:\Users\Kiet\.vscode\extensions\redhat.java-1.28.1-win32-x64\jre\17.0.10-win32-x86_64\bin\jli.dll
0x00007ffe70650000 - 0x00007ffe707fd000 	C:\WINDOWS\System32\USER32.dll
0x00007ffe6f590000 - 0x00007ffe6f5b6000 	C:\WINDOWS\System32\win32u.dll
0x00007ffe71150000 - 0x00007ffe71179000 	C:\WINDOWS\System32\GDI32.dll
0x00007ffe5e1e0000 - 0x00007ffe5e473000 	C:\WINDOWS\WinSxS\amd64_microsoft.windows.common-controls_6595b64144ccf1df_6.0.22621.3235_none_270f74e173860f98\COMCTL32.dll
0x00007ffe6fd60000 - 0x00007ffe6fe78000 	C:\WINDOWS\System32\gdi32full.dll
0x00007ffe70540000 - 0x00007ffe705e7000 	C:\WINDOWS\System32\msvcrt.dll
0x00007ffe6fcc0000 - 0x00007ffe6fd5a000 	C:\WINDOWS\System32\msvcp_win.dll
0x00007ffe70800000 - 0x00007ffe70831000 	C:\WINDOWS\System32\IMM32.DLL
0x00007ffe64dc0000 - 0x00007ffe64dcc000 	c:\Users\Kiet\.vscode\extensions\redhat.java-1.28.1-win32-x64\jre\17.0.10-win32-x86_64\bin\vcruntime140_1.dll
0x00007ffe36e10000 - 0x00007ffe36e9d000 	c:\Users\Kiet\.vscode\extensions\redhat.java-1.28.1-win32-x64\jre\17.0.10-win32-x86_64\bin\msvcp140.dll
0x00007ffe2f1f0000 - 0x00007ffe2fe52000 	c:\Users\Kiet\.vscode\extensions\redhat.java-1.28.1-win32-x64\jre\17.0.10-win32-x86_64\bin\server\jvm.dll
0x00007ffe72150000 - 0x00007ffe72202000 	C:\WINDOWS\System32\ADVAPI32.dll
0x00007ffe70330000 - 0x00007ffe703d8000 	C:\WINDOWS\System32\sechost.dll
0x00007ffe6f6f0000 - 0x00007ffe6f718000 	C:\WINDOWS\System32\bcrypt.dll
0x00007ffe71e80000 - 0x00007ffe71f95000 	C:\WINDOWS\System32\RPCRT4.dll
0x00007ffe6f460000 - 0x00007ffe6f4ad000 	C:\WINDOWS\SYSTEM32\POWRPROF.dll
0x00007ffe5bbc0000 - 0x00007ffe5bbc9000 	C:\WINDOWS\SYSTEM32\WSOCK32.dll
0x00007ffe710d0000 - 0x00007ffe71141000 	C:\WINDOWS\System32\WS2_32.dll
0x00007ffe69550000 - 0x00007ffe69584000 	C:\WINDOWS\SYSTEM32\WINMM.dll
0x00007ffe68430000 - 0x00007ffe6843a000 	C:\WINDOWS\SYSTEM32\VERSION.dll
0x00007ffe6f440000 - 0x00007ffe6f453000 	C:\WINDOWS\SYSTEM32\UMPDC.dll
0x00007ffe6e5d0000 - 0x00007ffe6e5e8000 	C:\WINDOWS\SYSTEM32\kernel.appcore.dll
0x00007ffe55590000 - 0x00007ffe5559a000 	c:\Users\Kiet\.vscode\extensions\redhat.java-1.28.1-win32-x64\jre\17.0.10-win32-x86_64\bin\jimage.dll
0x00007ffe6ce20000 - 0x00007ffe6d053000 	C:\WINDOWS\SYSTEM32\DBGHELP.DLL
0x00007ffe6ffa0000 - 0x00007ffe70328000 	C:\WINDOWS\System32\combase.dll
0x00007ffe71180000 - 0x00007ffe71257000 	C:\WINDOWS\System32\OLEAUT32.dll
0x00007ffe68a70000 - 0x00007ffe68aa2000 	C:\WINDOWS\SYSTEM32\dbgcore.DLL
0x00007ffe6fad0000 - 0x00007ffe6fb4a000 	C:\WINDOWS\System32\bcryptPrimitives.dll
0x00007ffe4f470000 - 0x00007ffe4f47e000 	c:\Users\Kiet\.vscode\extensions\redhat.java-1.28.1-win32-x64\jre\17.0.10-win32-x86_64\bin\instrument.dll
0x00007ffe43450000 - 0x00007ffe43475000 	c:\Users\Kiet\.vscode\extensions\redhat.java-1.28.1-win32-x64\jre\17.0.10-win32-x86_64\bin\java.dll
0x00007ffe4dee0000 - 0x00007ffe4def8000 	c:\Users\Kiet\.vscode\extensions\redhat.java-1.28.1-win32-x64\jre\17.0.10-win32-x86_64\bin\zip.dll
0x00007ffe71510000 - 0x00007ffe71d6d000 	C:\WINDOWS\System32\SHELL32.dll
0x00007ffe6d4f0000 - 0x00007ffe6dde8000 	C:\WINDOWS\SYSTEM32\windows.storage.dll
0x00007ffe6d3b0000 - 0x00007ffe6d4ee000 	C:\WINDOWS\SYSTEM32\wintypes.dll
0x00007ffe71fb0000 - 0x00007ffe720a3000 	C:\WINDOWS\System32\SHCORE.dll
0x00007ffe71e20000 - 0x00007ffe71e7e000 	C:\WINDOWS\System32\shlwapi.dll
0x00007ffe6f4c0000 - 0x00007ffe6f4e6000 	C:\WINDOWS\SYSTEM32\profapi.dll
0x00007ffe4c650000 - 0x00007ffe4c669000 	C:\Users\Kiet\.vscode\extensions\redhat.java-1.28.1-win32-x64\jre\17.0.10-win32-x86_64\bin\net.dll
0x00007ffe69c40000 - 0x00007ffe69d77000 	C:\WINDOWS\SYSTEM32\WINHTTP.dll
0x00007ffe6ea50000 - 0x00007ffe6eab9000 	C:\WINDOWS\system32\mswsock.dll
0x00007ffe4c190000 - 0x00007ffe4c1a6000 	C:\Users\Kiet\.vscode\extensions\redhat.java-1.28.1-win32-x64\jre\17.0.10-win32-x86_64\bin\nio.dll
0x00007ffe4ebe0000 - 0x00007ffe4ebf0000 	c:\Users\Kiet\.vscode\extensions\redhat.java-1.28.1-win32-x64\jre\17.0.10-win32-x86_64\bin\verify.dll
0x00007ffe33f10000 - 0x00007ffe33f4e000 	C:\Users\Kiet\AppData\Roaming\Code\User\globalStorage\redhat.java\1.28.1\config_win\org.eclipse.equinox.launcher\org.eclipse.equinox.launcher.win32.win32.x86_64_1.2.900.v20240129-1338\eclipse_11900.dll
0x00007ffe71370000 - 0x00007ffe7150f000 	C:\WINDOWS\System32\ole32.dll

dbghelp: loaded successfully - version: 4.0.5 - missing functions: none
symbol engine: initialized successfully - sym options: 0x614 - pdb path: .;c:\Users\Kiet\.vscode\extensions\redhat.java-1.28.1-win32-x64\jre\17.0.10-win32-x86_64\bin;C:\WINDOWS\SYSTEM32;C:\WINDOWS\WinSxS\amd64_microsoft.windows.common-controls_6595b64144ccf1df_6.0.22621.3235_none_270f74e173860f98;c:\Users\Kiet\.vscode\extensions\redhat.java-1.28.1-win32-x64\jre\17.0.10-win32-x86_64\bin\server;C:\Users\Kiet\AppData\Roaming\Code\User\globalStorage\redhat.java\1.28.1\config_win\org.eclipse.equinox.launcher\org.eclipse.equinox.launcher.win32.win32.x86_64_1.2.900.v20240129-1338

VM Arguments:
jvm_args: --add-modules=ALL-SYSTEM --add-opens=java.base/java.util=ALL-UNNAMED --add-opens=java.base/java.lang=ALL-UNNAMED --add-opens=java.base/sun.nio.fs=ALL-UNNAMED -Declipse.application=org.eclipse.jdt.ls.core.id1 -Dosgi.bundles.defaultStartLevel=4 -Declipse.product=org.eclipse.jdt.ls.core.product -Djava.import.generatesMetadataFilesAtProjectRoot=false -DDetectVMInstallationsJob.disabled=true -Dfile.encoding=utf8 -XX:+UseParallelGC -XX:GCTimeRatio=4 -XX:AdaptiveSizePolicyWeight=90 -Dsun.zip.disableMemoryMapping=true -Xmx1G -Xms100m -Xlog:disable -javaagent:c:\Users\Kiet\.vscode\extensions\redhat.java-1.28.1-win32-x64\lombok\lombok-1.18.31.jar -XX:+HeapDumpOnOutOfMemoryError -XX:HeapDumpPath=c:\Users\Kiet\AppData\Roaming\Code\User\workspaceStorage\794778fa6a47f198356234ad77415c6f\redhat.java -Daether.dependencyCollector.impl=bf 
java_command: c:\Users\Kiet\.vscode\extensions\redhat.java-1.28.1-win32-x64\server\plugins\org.eclipse.equinox.launcher_1.6.700.v20231214-2017.jar -configuration c:\Users\Kiet\AppData\Roaming\Code\User\globalStorage\redhat.java\1.28.1\config_win -data c:\Users\Kiet\AppData\Roaming\Code\User\workspaceStorage\794778fa6a47f198356234ad77415c6f\redhat.java\jdt_ws --stdio
java_class_path (initial): c:\Users\Kiet\.vscode\extensions\redhat.java-1.28.1-win32-x64\server\plugins\org.eclipse.equinox.launcher_1.6.700.v20231214-2017.jar
Launcher Type: SUN_STANDARD

[Global flags]
    uintx AdaptiveSizePolicyWeight                 = 90                                        {product} {command line}
     intx CICompilerCount                          = 4                                         {product} {ergonomic}
    uintx GCTimeRatio                              = 4                                         {product} {command line}
     bool HeapDumpOnOutOfMemoryError               = true                                   {manageable} {command line}
    ccstr HeapDumpPath                             = c:\Users\Kiet\AppData\Roaming\Code\User\workspaceStorage\794778fa6a47f198356234ad77415c6f\redhat.java         {manageable} {command line}
   size_t InitialHeapSize                          = 104857600                                 {product} {command line}
   size_t MaxHeapSize                              = 1073741824                                {product} {command line}
   size_t MaxNewSize                               = 357564416                                 {product} {ergonomic}
   size_t MinHeapDeltaBytes                        = 524288                                    {product} {ergonomic}
   size_t MinHeapSize                              = 104857600                                 {product} {command line}
   size_t NewSize                                  = 34603008                                  {product} {ergonomic}
    uintx NonNMethodCodeHeapSize                   = 5839372                                {pd product} {ergonomic}
    uintx NonProfiledCodeHeapSize                  = 122909434                              {pd product} {ergonomic}
   size_t OldSize                                  = 70254592                                  {product} {ergonomic}
    uintx ProfiledCodeHeapSize                     = 122909434                              {pd product} {ergonomic}
    uintx ReservedCodeCacheSize                    = 251658240                              {pd product} {ergonomic}
     bool SegmentedCodeCache                       = true                                      {product} {ergonomic}
   size_t SoftMaxHeapSize                          = 1073741824                             {manageable} {ergonomic}
     bool UseCompressedClassPointers               = true                           {product lp64_product} {ergonomic}
     bool UseCompressedOops                        = true                           {product lp64_product} {ergonomic}
     bool UseLargePagesIndividualAllocation        = false                                  {pd product} {ergonomic}
     bool UseParallelGC                            = true                                      {product} {command line}

Logging:
Log output configuration:
 #0: stdout all=off uptime,level,tags
 #1: stderr all=off uptime,level,tags

Environment Variables:
PATH=C:\Program Files\Common Files\Oracle\Java\javapath;C:\Program Files (x86)\Common Files\Oracle\Java\javapath;C:\WINDOWS\system32;C:\WINDOWS;C:\WINDOWS\System32\Wbem;C:\WINDOWS\System32\WindowsPowerShell\v1.0\;C:\WINDOWS\System32\OpenSSH\;C:\Program Files\dotnet\;C:\Program Files\Common Files\Oracle\Java\javapath;C:\Program Files\Java\jdk-11\bin;C:\Program Files (x86)\Microsoft SQL Server\160\Tools\Binn\;C:\Program Files\Microsoft SQL Server\160\Tools\Binn\;C:\Program Files\Microsoft SQL Server\Client SDK\ODBC\170\Tools\Binn\;C:\Program Files\Microsoft SQL Server\160\DTS\Binn\;C:\Program Files (x86)\Microsoft SQL Server\160\DTS\Binn\;C:\Program Files\Azure Data Studio\bin;C:\Program Files\apache-maven-3.9.6\bin;C:\Program Files\Git\cmd;C:\Program Files\nodejs\;C:\Users\Kiet\AppData\Local\Microsoft\WindowsApps;C:\Users\Kiet\AppData\Local\Programs\Microsoft VS Code\bin;C:\Users\Kiet\AppData\Local\GitHubDesktop\bin;C:\Users\Kiet\.dotnet\tools;C:\Program Files\Azure Data Studio\bin;C:\Users\Kiet\AppData\Roaming\npm
USERNAME=Kiet
OS=Windows_NT
PROCESSOR_IDENTIFIER=Intel64 Family 6 Model 126 Stepping 5, GenuineIntel
TMP=C:\Users\Kiet\AppData\Local\Temp
TEMP=C:\Users\Kiet\AppData\Local\Temp



Periodic native trim disabled


---------------  S Y S T E M  ---------------

OS:
 Windows 11 , 64 bit Build 22621 (10.0.22621.3235)
OS uptime: 12 days 7:53 hours

CPU: total 8 (initial active 8) (4 cores per cpu, 2 threads per core) family 6 model 126 stepping 5 microcode 0xa6, cx8, cmov, fxsr, ht, mmx, 3dnowpref, sse, sse2, sse3, ssse3, sse4.1, sse4.2, popcnt, lzcnt, tsc, tscinvbit, avx, avx2, aes, erms, clmul, bmi1, bmi2, adx, avx512f, avx512dq, avx512cd, avx512bw, avx512vl, sha, fma, vzeroupper, avx512_vpopcntdq, avx512_vpclmulqdq, avx512_vaes, avx512_vnni, clflush, clflushopt, avx512_vbmi2, avx512_vbmi
Processor Information for all 8 processors :
  Max Mhz: 1190, Current Mhz: 991, Mhz Limit: 987

Memory: 4k page, system-wide physical 7987M (774M free)
TotalPageFile size 10035M (AvailPageFile size 0M)
current process WorkingSet (physical memory assigned to process): 90M, peak: 90M
current process commit charge ("private bytes"): 205M, peak: 206M

vm_info: OpenJDK 64-Bit Server VM (17.0.10+7) for windows-amd64 JRE (17.0.10+7), built on Jan 16 2024 23:25:11 by "admin" with MS VC++ 16.10 / 16.11 (VS2019)

END.
