#
# There is insufficient memory for the Java Runtime Environment to continue.
# Native memory allocation (malloc) failed to allocate 32744 bytes for ChunkPool::allocate
# Possible reasons:
#   The system is out of physical RAM or swap space
#   The process is running with CompressedOops enabled, and the Java Heap may be blocking the growth of the native heap
# Possible solutions:
#   Reduce memory load on the system
#   Increase physical memory or swap space
#   Check if swap backing store is full
#   Decrease Java heap size (-Xmx/-Xms)
#   Decrease number of Java threads
#   Decrease Java thread stack sizes (-Xss)
#   Set larger code cache with -XX:ReservedCodeCacheSize=
#   JVM is running with Unscaled Compressed Oops mode in which the Java heap is
#     placed in the first 4GB address space. The Java Heap base address is the
#     maximum limit for the native heap growth. Please use -XX:HeapBaseMinAddress
#     to set the Java Heap base and to place the Java Heap above 4GB virtual address.
# This output file may be truncated or incomplete.
#
#  Out of Memory Error (arena.cpp:79), pid=13620, tid=19160
#
# JRE version: OpenJDK Runtime Environment Temurin-17.0.10+7 (17.0.10+7) (build 17.0.10+7)
# Java VM: OpenJDK 64-Bit Server VM Temurin-17.0.10+7 (17.0.10+7, mixed mode, tiered, compressed oops, compressed class ptrs, parallel gc, windows-amd64)
# No core dump will be written. Minidumps are not enabled by default on client versions of Windows
#

---------------  S U M M A R Y ------------

Command Line: --add-modules=ALL-SYSTEM --add-opens=java.base/java.util=ALL-UNNAMED --add-opens=java.base/java.lang=ALL-UNNAMED --add-opens=java.base/sun.nio.fs=ALL-UNNAMED -Declipse.application=org.eclipse.jdt.ls.core.id1 -Dosgi.bundles.defaultStartLevel=4 -Declipse.product=org.eclipse.jdt.ls.core.product -Djava.import.generatesMetadataFilesAtProjectRoot=false -DDetectVMInstallationsJob.disabled=true -Dfile.encoding=utf8 -XX:+UseParallelGC -XX:GCTimeRatio=4 -XX:AdaptiveSizePolicyWeight=90 -Dsun.zip.disableMemoryMapping=true -Xmx1G -Xms100m -Xlog:disable -javaagent:c:\Users\Kiet\.vscode\extensions\redhat.java-1.29.0-win32-x64\lombok\lombok-1.18.32.jar -XX:+HeapDumpOnOutOfMemoryError -XX:HeapDumpPath=c:\Users\Kiet\AppData\Roaming\Code\User\workspaceStorage\9f0ec90a7e62ad64397c1cc3a6503a33\redhat.java -Daether.dependencyCollector.impl=bf c:\Users\Kiet\.vscode\extensions\redhat.java-1.29.0-win32-x64\server\plugins\org.eclipse.equinox.launcher_1.6.800.v20240304-1850.jar -configuration c:\Users\Kiet\AppData\Roaming\Code\User\globalStorage\redhat.java\1.29.0\config_win -data c:\Users\Kiet\AppData\Roaming\Code\User\workspaceStorage\9f0ec90a7e62ad64397c1cc3a6503a33\redhat.java\jdt_ws --stdio

Host: Intel(R) Core(TM) i5-1035G1 CPU @ 1.00GHz, 8 cores, 7G,  Windows 11 , 64 bit Build 22621 (10.0.22621.3374)
Time: Wed Apr 24 14:04:31 2024 SE Asia Standard Time elapsed time: 839.766204 seconds (0d 0h 13m 59s)

---------------  T H R E A D  ---------------

Current thread (0x00000215224aea60):  JavaThread "C2 CompilerThread0" daemon [_thread_in_native, id=19160, stack(0x000000d58bc00000,0x000000d58bd00000)]


Current CompileTask:
C2: 839766 26442       4       org.eclipse.jdt.internal.compiler.ClassFile::traverse (7188 bytes)

Stack: [0x000000d58bc00000,0x000000d58bd00000]
Native frames: (J=compiled Java code, j=interpreted, Vv=VM code, C=native code)
V  [jvm.dll+0x67d2c9]
V  [jvm.dll+0x834afa]
V  [jvm.dll+0x8365be]
V  [jvm.dll+0x836c23]
V  [jvm.dll+0x2477ff]
V  [jvm.dll+0xac711]
V  [jvm.dll+0xacb5c]
V  [jvm.dll+0x11ef88]
V  [jvm.dll+0x6a6ca9]
V  [jvm.dll+0x1bd03e]
V  [jvm.dll+0x21a049]
V  [jvm.dll+0x219311]
V  [jvm.dll+0x1a502d]
V  [jvm.dll+0x2290de]
V  [jvm.dll+0x2272ac]
V  [jvm.dll+0x7e9bb7]
V  [jvm.dll+0x7e3fba]
V  [jvm.dll+0x67c1b5]
C  [ucrtbase.dll+0x29333]
C  [KERNEL32.DLL+0x1257d]
C  [ntdll.dll+0x5aa48]


---------------  P R O C E S S  ---------------

Threads class SMR info:
_java_thread_list=0x00000215280f91e0, length=40, elements={
0x00000215094f6550, 0x0000021522482c60, 0x0000021522484640, 0x00000215224abdf0,
0x00000215224ac6c0, 0x00000215224ad190, 0x00000215224adc60, 0x00000215224aea60,
0x00000215224bc380, 0x00000215224cd410, 0x00000215225ec070, 0x0000021522809b90,
0x000002152373f4b0, 0x000002152373f9c0, 0x0000021523741d30, 0x000002152373ea90,
0x000002152373fed0, 0x00000215237408f0, 0x0000021524285360, 0x0000021524283500,
0x0000021524288b10, 0x0000021524285d80, 0x0000021524289020, 0x00000215242867a0,
0x0000021524284430, 0x0000021524289530, 0x0000021524287be0, 0x00000215242880f0,
0x0000021524288600, 0x0000021524282ae0, 0x000002152966c180, 0x000002152966b250,
0x000002152966cba0, 0x0000021524283f20, 0x00000215242871c0, 0x000002152966d5c0,
0x0000021527348fd0, 0x0000021527345820, 0x00000215273494e0, 0x0000021527345d30
}

Java Threads: ( => current thread )
  0x00000215094f6550 JavaThread "main" [_thread_blocked, id=5972, stack(0x000000d58b300000,0x000000d58b400000)]
  0x0000021522482c60 JavaThread "Reference Handler" daemon [_thread_blocked, id=12428, stack(0x000000d58b600000,0x000000d58b700000)]
  0x0000021522484640 JavaThread "Finalizer" daemon [_thread_blocked, id=4924, stack(0x000000d58b700000,0x000000d58b800000)]
  0x00000215224abdf0 JavaThread "Signal Dispatcher" daemon [_thread_blocked, id=12400, stack(0x000000d58b800000,0x000000d58b900000)]
  0x00000215224ac6c0 JavaThread "Attach Listener" daemon [_thread_blocked, id=9416, stack(0x000000d58b900000,0x000000d58ba00000)]
  0x00000215224ad190 JavaThread "Service Thread" daemon [_thread_blocked, id=12080, stack(0x000000d58ba00000,0x000000d58bb00000)]
  0x00000215224adc60 JavaThread "Monitor Deflation Thread" daemon [_thread_blocked, id=12768, stack(0x000000d58bb00000,0x000000d58bc00000)]
=>0x00000215224aea60 JavaThread "C2 CompilerThread0" daemon [_thread_in_native, id=19160, stack(0x000000d58bc00000,0x000000d58bd00000)]
  0x00000215224bc380 JavaThread "C1 CompilerThread0" daemon [_thread_in_native, id=7476, stack(0x000000d58bd00000,0x000000d58be00000)]
  0x00000215224cd410 JavaThread "Sweeper thread" daemon [_thread_blocked, id=8424, stack(0x000000d58be00000,0x000000d58bf00000)]
  0x00000215225ec070 JavaThread "Common-Cleaner" daemon [_thread_blocked, id=6340, stack(0x000000d58bf00000,0x000000d58c000000)]
  0x0000021522809b90 JavaThread "Notification Thread" daemon [_thread_blocked, id=2468, stack(0x000000d58c100000,0x000000d58c200000)]
  0x000002152373f4b0 JavaThread "Active Thread: Equinox Container: c09d8d8a-b775-44d7-be0b-0e5faf1aea62" [_thread_blocked, id=15268, stack(0x000000d58ca00000,0x000000d58cb00000)]
  0x000002152373f9c0 JavaThread "Framework Event Dispatcher: Equinox Container: c09d8d8a-b775-44d7-be0b-0e5faf1aea62" daemon [_thread_blocked, id=5992, stack(0x000000d58cb00000,0x000000d58cc00000)]
  0x0000021523741d30 JavaThread "Start Level: Equinox Container: c09d8d8a-b775-44d7-be0b-0e5faf1aea62" daemon [_thread_blocked, id=14736, stack(0x000000d58cc00000,0x000000d58cd00000)]
  0x000002152373ea90 JavaThread "Bundle File Closer" daemon [_thread_blocked, id=3000, stack(0x000000d58ce00000,0x000000d58cf00000)]
  0x000002152373fed0 JavaThread "SCR Component Actor" daemon [_thread_blocked, id=16916, stack(0x000000d58cf00000,0x000000d58d000000)]
  0x00000215237408f0 JavaThread "Worker-JM" [_thread_blocked, id=16008, stack(0x000000d58d100000,0x000000d58d200000)]
  0x0000021524285360 JavaThread "Java indexing" daemon [_thread_blocked, id=15760, stack(0x000000d58d400000,0x000000d58d500000)]
  0x0000021524283500 JavaThread "JNA Cleaner" daemon [_thread_blocked, id=13352, stack(0x000000d58d600000,0x000000d58d700000)]
  0x0000021524288b10 JavaThread "pool-2-thread-1" [_thread_blocked, id=15952, stack(0x000000d58d800000,0x000000d58d900000)]
  0x0000021524285d80 JavaThread "WorkspaceEventsHandler" [_thread_blocked, id=13996, stack(0x000000d58d900000,0x000000d58da00000)]
  0x0000021524289020 JavaThread "pool-1-thread-1" [_thread_in_native, id=5372, stack(0x000000d58da00000,0x000000d58db00000)]
  0x00000215242867a0 JavaThread "ForkJoinPool.commonPool-worker-1" daemon [_thread_blocked, id=5888, stack(0x000000d58d000000,0x000000d58d100000)]
  0x0000021524284430 JavaThread "ForkJoinPool.commonPool-worker-3" daemon [_thread_blocked, id=14080, stack(0x000000d58dc00000,0x000000d58dd00000)]
  0x0000021524289530 JavaThread "ForkJoinPool.commonPool-worker-4" daemon [_thread_blocked, id=2660, stack(0x000000d58dd00000,0x000000d58de00000)]
  0x0000021524287be0 JavaThread "ForkJoinPool.commonPool-worker-5" daemon [_thread_blocked, id=14008, stack(0x000000d58de00000,0x000000d58df00000)]
  0x00000215242880f0 JavaThread "ForkJoinPool.commonPool-worker-6" daemon [_thread_blocked, id=14500, stack(0x000000d58df00000,0x000000d58e000000)]
  0x0000021524288600 JavaThread "ForkJoinPool.commonPool-worker-7" daemon [_thread_blocked, id=2768, stack(0x000000d58e000000,0x000000d58e100000)]
  0x0000021524282ae0 JavaThread "Cleaner-0" daemon [_thread_blocked, id=15592, stack(0x000000d58e200000,0x000000d58e300000)]
  0x000002152966c180 JavaThread "ForkJoinPool.commonPool-worker-8" daemon [_thread_blocked, id=17132, stack(0x000000d58b200000,0x000000d58b300000)]
  0x000002152966b250 JavaThread "Worker-5: Shutdown..." [_thread_in_Java, id=4848, stack(0x000000d58c900000,0x000000d58ca00000)]
  0x000002152966cba0 JavaThread "Java Debug Server" daemon [_thread_in_native, id=12696, stack(0x000000d58d300000,0x000000d58d400000)]
  0x0000021524283f20 JavaThread "RxSchedulerPurge-1" daemon [_thread_blocked, id=13272, stack(0x000000d58e400000,0x000000d58e500000)]
  0x00000215242871c0 JavaThread "RxCachedWorkerPoolEvictor-1" daemon [_thread_blocked, id=14908, stack(0x000000d58e500000,0x000000d58e600000)]
  0x000002152966d5c0 JavaThread "Worker-6: Publish Diagnostics" [_thread_in_Java, id=19116, stack(0x000000d58e700000,0x000000d58e800000)]
  0x0000021527348fd0 JavaThread "Worker-7" [_thread_blocked, id=10368, stack(0x000000d58b000000,0x000000d58b100000)]
  0x0000021527345820 JavaThread "pool-3-thread-4" [_thread_in_native, id=16504, stack(0x000000d58c800000,0x000000d58c900000)]
  0x00000215273494e0 JavaThread "RxNewThreadScheduler-9" daemon [_thread_blocked, id=12464, stack(0x000000d58d200000,0x000000d58d300000)]
  0x0000021527345d30 JavaThread "process reaper (pid 15460)" daemon [_thread_in_native, id=2220, stack(0x000000d58d500000,0x000000d58d520000)]

Other Threads:
  0x000002150959e920 VMThread "VM Thread" [stack: 0x000000d58b500000,0x000000d58b600000] [id=7556]
  0x00000215236c2520 WatcherThread [stack: 0x000000d58c200000,0x000000d58c300000] [id=14340]
  0x000002150950d1f0 GCTaskThread "GC Thread#0" [stack: 0x000000d58b400000,0x000000d58b500000] [id=9712]
  0x0000021523b94b00 GCTaskThread "GC Thread#1" [stack: 0x000000d58c000000,0x000000d58c100000] [id=12568]
  0x0000021523b775c0 GCTaskThread "GC Thread#2" [stack: 0x000000d58c300000,0x000000d58c400000] [id=18968]
  0x0000021523b77880 GCTaskThread "GC Thread#3" [stack: 0x000000d58c400000,0x000000d58c500000] [id=4784]
  0x0000021523b77b40 GCTaskThread "GC Thread#4" [stack: 0x000000d58c500000,0x000000d58c600000] [id=18872]
  0x0000021523b77e00 GCTaskThread "GC Thread#5" [stack: 0x000000d58c600000,0x000000d58c700000] [id=17176]
  0x0000021523820e50 GCTaskThread "GC Thread#6" [stack: 0x000000d58c700000,0x000000d58c800000] [id=1428]
  0x000002152428ecf0 GCTaskThread "GC Thread#7" [stack: 0x000000d58cd00000,0x000000d58ce00000] [id=10568]

Threads with active compile tasks:
C2 CompilerThread0   839798 26442       4       org.eclipse.jdt.internal.compiler.ClassFile::traverse (7188 bytes)
C1 CompilerThread0   839798 26526   !   3       org.eclipse.osgi.internal.framework.EquinoxBundle::adapt0 (939 bytes)

VM state: not at safepoint (normal execution)

VM Mutex/Monitor currently owned by a thread: None

Heap address: 0x00000000c0000000, size: 1024 MB, Compressed Oops mode: 32-bit

CDS archive(s) not mapped
Compressed class space mapped at: 0x0000000100000000-0x0000000140000000, reserved size: 1073741824
Narrow klass base: 0x0000000000000000, Narrow klass shift: 3, Narrow klass range: 0x140000000

GC Precious Log:
 CPUs: 8 total, 8 available
 Memory: 7987M
 Large Page Support: Disabled
 NUMA Support: Disabled
 Compressed Oops: Enabled (32-bit)
 Alignments: Space 512K, Generation 512K, Heap 2M
 Heap Min Capacity: 100M
 Heap Initial Capacity: 100M
 Heap Max Capacity: 1G
 Pre-touch: Disabled
 Parallel Workers: 8

Heap:
 PSYoungGen      total 13824K, used 12513K [0x00000000eab00000, 0x00000000ec780000, 0x0000000100000000)
  eden space 9728K, 86% used [0x00000000eab00000,0x00000000eb33e850,0x00000000eb480000)
  from space 4096K, 99% used [0x00000000eb480000,0x00000000eb879ef8,0x00000000eb880000)
  to   space 9216K, 0% used [0x00000000ebe80000,0x00000000ebe80000,0x00000000ec780000)
 ParOldGen       total 180224K, used 155509K [0x00000000c0000000, 0x00000000cb000000, 0x00000000eab00000)
  object space 180224K, 86% used [0x00000000c0000000,0x00000000c97dd730,0x00000000cb000000)
 Metaspace       used 93540K, committed 94912K, reserved 1179648K
  class space    used 9548K, committed 10176K, reserved 1048576K

Card table byte_map: [0x0000021508e80000,0x0000021509090000] _byte_map_base: 0x0000021508880000

Marking Bits: (ParMarkBitMap*) 0x00007ff86411d7d0
 Begin Bits: [0x000002151b180000, 0x000002151c180000)
 End Bits:   [0x000002151c180000, 0x000002151d180000)

Polling page: 0x0000021507460000

Metaspace:

Usage:
  Non-class:     82.02 MB used.
      Class:      9.32 MB used.
       Both:     91.35 MB used.

Virtual space:
  Non-class space:      128.00 MB reserved,      82.75 MB ( 65%) committed,  2 nodes.
      Class space:        1.00 GB reserved,       9.94 MB ( <1%) committed,  1 nodes.
             Both:        1.12 GB reserved,      92.69 MB (  8%) committed. 

Chunk freelists:
   Non-Class:  12.62 MB
       Class:  6.08 MB
        Both:  18.70 MB

MaxMetaspaceSize: unlimited
CompressedClassSpaceSize: 1.00 GB
Initial GC threshold: 21.00 MB
Current GC threshold: 154.38 MB
CDS: off
MetaspaceReclaimPolicy: balanced
 - commit_granule_bytes: 65536.
 - commit_granule_words: 8192.
 - virtual_space_node_default_size: 8388608.
 - enlarge_chunks_in_place: 1.
 - new_chunks_are_fully_committed: 0.
 - uncommit_free_chunks: 1.
 - use_allocation_guard: 0.
 - handle_deallocations: 1.


Internal statistics:

num_allocs_failed_limit: 9.
num_arena_births: 1018.
num_arena_deaths: 46.
num_vsnodes_births: 3.
num_vsnodes_deaths: 0.
num_space_committed: 1483.
num_space_uncommitted: 0.
num_chunks_returned_to_freelist: 65.
num_chunks_taken_from_freelist: 4982.
num_chunk_merges: 19.
num_chunk_splits: 3025.
num_chunks_enlarged: 1713.
num_inconsistent_stats: 0.

CodeHeap 'non-profiled nmethods': size=120000Kb used=23770Kb max_used=23770Kb free=96229Kb
 bounds [0x0000021513c50000, 0x0000021515390000, 0x000002151b180000]
CodeHeap 'profiled nmethods': size=120000Kb used=33455Kb max_used=33455Kb free=86544Kb
 bounds [0x000002150c180000, 0x000002150e240000, 0x00000215136b0000]
CodeHeap 'non-nmethods': size=5760Kb used=1467Kb max_used=1538Kb free=4292Kb
 bounds [0x00000215136b0000, 0x0000021513920000, 0x0000021513c50000]
 total_blobs=17629 nmethods=16822 adapters=718
 compilation: enabled
              stopped_count=0, restarted_count=0
 full_count=0

Compilation events (20 events):
Event: 839.349 Thread 0x00000215278eae00 26506       4       org.eclipse.jdt.core.dom.DefaultASTVisitor::endVisit (6 bytes)
Event: 839.349 Thread 0x00000215278eae00 nmethod 26506 0x0000021515383990 code [0x0000021515383b00, 0x0000021515383b98]
Event: 839.366 Thread 0x00000215224bc380 26515       3       java.util.Formatter$DateTime::isValid (262 bytes)
Event: 839.367 Thread 0x00000215224bc380 nmethod 26515 0x000002150e21fb90 code [0x000002150e21fd20, 0x000002150e220418]
Event: 839.367 Thread 0x00000215224bc380 26516       3       java.util.Formatter$FormatSpecifier::print (70 bytes)
Event: 839.367 Thread 0x00000215278eae00 26518   !   4       java.lang.StringLatin1::replace (291 bytes)
Event: 839.368 Thread 0x00000215224bc380 nmethod 26516 0x000002150e220490 code [0x000002150e220740, 0x000002150e2213b8]
Event: 839.368 Thread 0x00000215224bc380 26517   !   3       java.util.Formatter$FormatSpecifier::print (1725 bytes)
Event: 839.375 Thread 0x00000215224bc380 nmethod 26517 0x000002150e221890 code [0x000002150e222680, 0x000002150e22a1e8]
Event: 839.375 Thread 0x00000215224bc380 26520       3       org.eclipse.jdt.internal.core.search.matching.MethodDeclarationPattern::createDeclarationIndexKey (387 bytes)
Event: 839.377 Thread 0x00000215224bc380 nmethod 26520 0x000002150e22e210 code [0x000002150e22e540, 0x000002150e230188]
Event: 839.377 Thread 0x00000215224bc380 26521       3       org.eclipse.jdt.internal.core.search.matching.MethodDeclarationPattern::getTypeErasure (122 bytes)
Event: 839.378 Thread 0x00000215224bc380 nmethod 26521 0x000002150e230990 code [0x000002150e230b80, 0x000002150e231248]
Event: 839.391 Thread 0x00000215278eae00 nmethod 26518 0x0000021515383c90 code [0x0000021515383e40, 0x0000021515385258]
Event: 839.391 Thread 0x00000215278eae00 26519       4       org.eclipse.jdt.internal.core.util.SimpleWordSet::rehash (72 bytes)
Event: 839.401 Thread 0x00000215278eae00 nmethod 26519 0x0000021515385a10 code [0x0000021515385be0, 0x00000215153863e8]
Event: 839.442 Thread 0x00000215224bc380 26522       1       java.lang.ThreadGroup::getMaxPriority (5 bytes)
Event: 839.442 Thread 0x00000215224bc380 nmethod 26522 0x0000021515386790 code [0x0000021515386920, 0x00000215153869f8]
Event: 839.443 Thread 0x00000215224bc380 26523       3       java.util.TaskQueue::isEmpty (13 bytes)
Event: 839.443 Thread 0x00000215224bc380 nmethod 26523 0x000002150e158610 code [0x000002150e1587a0, 0x000002150e158918]

GC Heap History (20 events):
Event: 838.865 GC heap before
{Heap before GC invocations=4313 (full 88):
 PSYoungGen      total 7168K, used 7150K [0x00000000eab00000, 0x00000000eb980000, 0x0000000100000000)
  eden space 6144K, 100% used [0x00000000eab00000,0x00000000eb100000,0x00000000eb100000)
  from space 1024K, 98% used [0x00000000eb800000,0x00000000eb8fb950,0x00000000eb900000)
  to   space 512K, 0% used [0x00000000eb900000,0x00000000eb900000,0x00000000eb980000)
 ParOldGen       total 159744K, used 136114K [0x00000000c0000000, 0x00000000c9c00000, 0x00000000eab00000)
  object space 159744K, 85% used [0x00000000c0000000,0x00000000c84ec9b0,0x00000000c9c00000)
 Metaspace       used 93494K, committed 94912K, reserved 1179648K
  class space    used 9539K, committed 10176K, reserved 1048576K
}
Event: 838.870 GC heap after
{Heap after GC invocations=4313 (full 88):
 PSYoungGen      total 6656K, used 492K [0x00000000eab00000, 0x00000000ebe00000, 0x0000000100000000)
  eden space 6144K, 0% used [0x00000000eab00000,0x00000000eab00000,0x00000000eb100000)
  from space 512K, 96% used [0x00000000eb900000,0x00000000eb97b3a8,0x00000000eb980000)
  to   space 6656K, 0% used [0x00000000eb100000,0x00000000eb100000,0x00000000eb780000)
 ParOldGen       total 159744K, used 141292K [0x00000000c0000000, 0x00000000c9c00000, 0x00000000eab00000)
  object space 159744K, 88% used [0x00000000c0000000,0x00000000c89fb2d0,0x00000000c9c00000)
 Metaspace       used 93494K, committed 94912K, reserved 1179648K
  class space    used 9539K, committed 10176K, reserved 1048576K
}
Event: 838.894 GC heap before
{Heap before GC invocations=4314 (full 88):
 PSYoungGen      total 6656K, used 6636K [0x00000000eab00000, 0x00000000ebe00000, 0x0000000100000000)
  eden space 6144K, 100% used [0x00000000eab00000,0x00000000eb100000,0x00000000eb100000)
  from space 512K, 96% used [0x00000000eb900000,0x00000000eb97b3a8,0x00000000eb980000)
  to   space 6656K, 0% used [0x00000000eb100000,0x00000000eb100000,0x00000000eb780000)
 ParOldGen       total 159744K, used 141292K [0x00000000c0000000, 0x00000000c9c00000, 0x00000000eab00000)
  object space 159744K, 88% used [0x00000000c0000000,0x00000000c89fb2d0,0x00000000c9c00000)
 Metaspace       used 93494K, committed 94912K, reserved 1179648K
  class space    used 9539K, committed 10176K, reserved 1048576K
}
Event: 838.899 GC heap after
{Heap after GC invocations=4314 (full 88):
 PSYoungGen      total 12288K, used 5792K [0x00000000eab00000, 0x00000000ebd00000, 0x0000000100000000)
  eden space 6144K, 0% used [0x00000000eab00000,0x00000000eab00000,0x00000000eb100000)
  from space 6144K, 94% used [0x00000000eb100000,0x00000000eb6a8000,0x00000000eb700000)
  to   space 6144K, 0% used [0x00000000eb700000,0x00000000eb700000,0x00000000ebd00000)
 ParOldGen       total 159744K, used 141821K [0x00000000c0000000, 0x00000000c9c00000, 0x00000000eab00000)
  object space 159744K, 88% used [0x00000000c0000000,0x00000000c8a7f568,0x00000000c9c00000)
 Metaspace       used 93494K, committed 94912K, reserved 1179648K
  class space    used 9539K, committed 10176K, reserved 1048576K
}
Event: 838.943 GC heap before
{Heap before GC invocations=4315 (full 88):
 PSYoungGen      total 12288K, used 11922K [0x00000000eab00000, 0x00000000ebd00000, 0x0000000100000000)
  eden space 6144K, 99% used [0x00000000eab00000,0x00000000eb0fc858,0x00000000eb100000)
  from space 6144K, 94% used [0x00000000eb100000,0x00000000eb6a8000,0x00000000eb700000)
  to   space 6144K, 0% used [0x00000000eb700000,0x00000000eb700000,0x00000000ebd00000)
 ParOldGen       total 159744K, used 141821K [0x00000000c0000000, 0x00000000c9c00000, 0x00000000eab00000)
  object space 159744K, 88% used [0x00000000c0000000,0x00000000c8a7f568,0x00000000c9c00000)
 Metaspace       used 93494K, committed 94912K, reserved 1179648K
  class space    used 9539K, committed 10176K, reserved 1048576K
}
Event: 838.948 GC heap after
{Heap after GC invocations=4315 (full 88):
 PSYoungGen      total 11264K, used 5012K [0x00000000eab00000, 0x00000000ebc00000, 0x0000000100000000)
  eden space 6144K, 0% used [0x00000000eab00000,0x00000000eab00000,0x00000000eb100000)
  from space 5120K, 97% used [0x00000000eb700000,0x00000000ebbe5390,0x00000000ebc00000)
  to   space 5632K, 0% used [0x00000000eb100000,0x00000000eb100000,0x00000000eb680000)
 ParOldGen       total 159744K, used 147557K [0x00000000c0000000, 0x00000000c9c00000, 0x00000000eab00000)
  object space 159744K, 92% used [0x00000000c0000000,0x00000000c9019568,0x00000000c9c00000)
 Metaspace       used 93494K, committed 94912K, reserved 1179648K
  class space    used 9539K, committed 10176K, reserved 1048576K
}
Event: 838.963 GC heap before
{Heap before GC invocations=4316 (full 88):
 PSYoungGen      total 11264K, used 10347K [0x00000000eab00000, 0x00000000ebc00000, 0x0000000100000000)
  eden space 6144K, 86% used [0x00000000eab00000,0x00000000eb035a30,0x00000000eb100000)
  from space 5120K, 97% used [0x00000000eb700000,0x00000000ebbe5390,0x00000000ebc00000)
  to   space 5632K, 0% used [0x00000000eb100000,0x00000000eb100000,0x00000000eb680000)
 ParOldGen       total 159744K, used 147557K [0x00000000c0000000, 0x00000000c9c00000, 0x00000000eab00000)
  object space 159744K, 92% used [0x00000000c0000000,0x00000000c9019568,0x00000000c9c00000)
 Metaspace       used 93494K, committed 94912K, reserved 1179648K
  class space    used 9539K, committed 10176K, reserved 1048576K
}
Event: 838.966 GC heap after
{Heap after GC invocations=4316 (full 88):
 PSYoungGen      total 11776K, used 5414K [0x00000000eab00000, 0x00000000ebd00000, 0x0000000100000000)
  eden space 6144K, 0% used [0x00000000eab00000,0x00000000eab00000,0x00000000eb100000)
  from space 5632K, 96% used [0x00000000eb100000,0x00000000eb649aa8,0x00000000eb680000)
  to   space 5632K, 0% used [0x00000000eb780000,0x00000000eb780000,0x00000000ebd00000)
 ParOldGen       total 159744K, used 152111K [0x00000000c0000000, 0x00000000c9c00000, 0x00000000eab00000)
  object space 159744K, 95% used [0x00000000c0000000,0x00000000c948bcf8,0x00000000c9c00000)
 Metaspace       used 93494K, committed 94912K, reserved 1179648K
  class space    used 9539K, committed 10176K, reserved 1048576K
}
Event: 838.984 GC heap before
{Heap before GC invocations=4317 (full 88):
 PSYoungGen      total 11776K, used 11558K [0x00000000eab00000, 0x00000000ebd00000, 0x0000000100000000)
  eden space 6144K, 100% used [0x00000000eab00000,0x00000000eb100000,0x00000000eb100000)
  from space 5632K, 96% used [0x00000000eb100000,0x00000000eb649aa8,0x00000000eb680000)
  to   space 5632K, 0% used [0x00000000eb780000,0x00000000eb780000,0x00000000ebd00000)
 ParOldGen       total 159744K, used 152111K [0x00000000c0000000, 0x00000000c9c00000, 0x00000000eab00000)
  object space 159744K, 95% used [0x00000000c0000000,0x00000000c948bcf8,0x00000000c9c00000)
 Metaspace       used 93494K, committed 94912K, reserved 1179648K
  class space    used 9539K, committed 10176K, reserved 1048576K
}
Event: 838.987 GC heap after
{Heap after GC invocations=4317 (full 88):
 PSYoungGen      total 10752K, used 3467K [0x00000000eab00000, 0x00000000ebb00000, 0x0000000100000000)
  eden space 7168K, 0% used [0x00000000eab00000,0x00000000eab00000,0x00000000eb200000)
  from space 3584K, 96% used [0x00000000eb780000,0x00000000ebae2cf8,0x00000000ebb00000)
  to   space 4608K, 0% used [0x00000000eb200000,0x00000000eb200000,0x00000000eb680000)
 ParOldGen       total 159744K, used 157409K [0x00000000c0000000, 0x00000000c9c00000, 0x00000000eab00000)
  object space 159744K, 98% used [0x00000000c0000000,0x00000000c99b8760,0x00000000c9c00000)
 Metaspace       used 93494K, committed 94912K, reserved 1179648K
  class space    used 9539K, committed 10176K, reserved 1048576K
}
Event: 838.987 GC heap before
{Heap before GC invocations=4318 (full 89):
 PSYoungGen      total 10752K, used 3467K [0x00000000eab00000, 0x00000000ebb00000, 0x0000000100000000)
  eden space 7168K, 0% used [0x00000000eab00000,0x00000000eab00000,0x00000000eb200000)
  from space 3584K, 96% used [0x00000000eb780000,0x00000000ebae2cf8,0x00000000ebb00000)
  to   space 4608K, 0% used [0x00000000eb200000,0x00000000eb200000,0x00000000eb680000)
 ParOldGen       total 159744K, used 157409K [0x00000000c0000000, 0x00000000c9c00000, 0x00000000eab00000)
  object space 159744K, 98% used [0x00000000c0000000,0x00000000c99b8760,0x00000000c9c00000)
 Metaspace       used 93494K, committed 94912K, reserved 1179648K
  class space    used 9539K, committed 10176K, reserved 1048576K
}
Event: 839.132 GC heap after
{Heap after GC invocations=4318 (full 89):
 PSYoungGen      total 11776K, used 0K [0x00000000eab00000, 0x00000000ebc00000, 0x0000000100000000)
  eden space 7168K, 0% used [0x00000000eab00000,0x00000000eab00000,0x00000000eb200000)
  from space 4608K, 0% used [0x00000000eb200000,0x00000000eb200000,0x00000000eb680000)
  to   space 4608K, 0% used [0x00000000eb780000,0x00000000eb780000,0x00000000ebc00000)
 ParOldGen       total 180224K, used 147368K [0x00000000c0000000, 0x00000000cb000000, 0x00000000eab00000)
  object space 180224K, 81% used [0x00000000c0000000,0x00000000c8fea128,0x00000000cb000000)
 Metaspace       used 93494K, committed 94912K, reserved 1179648K
  class space    used 9539K, committed 10176K, reserved 1048576K
}
Event: 839.145 GC heap before
{Heap before GC invocations=4319 (full 89):
 PSYoungGen      total 11776K, used 7168K [0x00000000eab00000, 0x00000000ebc00000, 0x0000000100000000)
  eden space 7168K, 100% used [0x00000000eab00000,0x00000000eb200000,0x00000000eb200000)
  from space 4608K, 0% used [0x00000000eb200000,0x00000000eb200000,0x00000000eb680000)
  to   space 4608K, 0% used [0x00000000eb780000,0x00000000eb780000,0x00000000ebc00000)
 ParOldGen       total 180224K, used 147368K [0x00000000c0000000, 0x00000000cb000000, 0x00000000eab00000)
  object space 180224K, 81% used [0x00000000c0000000,0x00000000c8fea128,0x00000000cb000000)
 Metaspace       used 93494K, committed 94912K, reserved 1179648K
  class space    used 9539K, committed 10176K, reserved 1048576K
}
Event: 839.148 GC heap after
{Heap after GC invocations=4319 (full 89):
 PSYoungGen      total 10240K, used 1879K [0x00000000eab00000, 0x00000000eb980000, 0x0000000100000000)
  eden space 8192K, 0% used [0x00000000eab00000,0x00000000eab00000,0x00000000eb300000)
  from space 2048K, 91% used [0x00000000eb780000,0x00000000eb955cf8,0x00000000eb980000)
  to   space 3072K, 0% used [0x00000000eb380000,0x00000000eb380000,0x00000000eb680000)
 ParOldGen       total 180224K, used 147368K [0x00000000c0000000, 0x00000000cb000000, 0x00000000eab00000)
  object space 180224K, 81% used [0x00000000c0000000,0x00000000c8fea128,0x00000000cb000000)
 Metaspace       used 93494K, committed 94912K, reserved 1179648K
  class space    used 9539K, committed 10176K, reserved 1048576K
}
Event: 839.175 GC heap before
{Heap before GC invocations=4320 (full 89):
 PSYoungGen      total 10240K, used 10071K [0x00000000eab00000, 0x00000000eb980000, 0x0000000100000000)
  eden space 8192K, 100% used [0x00000000eab00000,0x00000000eb300000,0x00000000eb300000)
  from space 2048K, 91% used [0x00000000eb780000,0x00000000eb955cf8,0x00000000eb980000)
  to   space 3072K, 0% used [0x00000000eb380000,0x00000000eb380000,0x00000000eb680000)
 ParOldGen       total 180224K, used 147368K [0x00000000c0000000, 0x00000000cb000000, 0x00000000eab00000)
  object space 180224K, 81% used [0x00000000c0000000,0x00000000c8fea128,0x00000000cb000000)
 Metaspace       used 93497K, committed 94912K, reserved 1179648K
  class space    used 9539K, committed 10176K, reserved 1048576K
}
Event: 839.177 GC heap after
{Heap after GC invocations=4320 (full 89):
 PSYoungGen      total 11776K, used 3061K [0x00000000eab00000, 0x00000000ebe00000, 0x0000000100000000)
  eden space 8704K, 0% used [0x00000000eab00000,0x00000000eab00000,0x00000000eb380000)
  from space 3072K, 99% used [0x00000000eb380000,0x00000000eb67d638,0x00000000eb680000)
  to   space 5120K, 0% used [0x00000000eb900000,0x00000000eb900000,0x00000000ebe00000)
 ParOldGen       total 180224K, used 148929K [0x00000000c0000000, 0x00000000cb000000, 0x00000000eab00000)
  object space 180224K, 82% used [0x00000000c0000000,0x00000000c9170468,0x00000000cb000000)
 Metaspace       used 93497K, committed 94912K, reserved 1179648K
  class space    used 9539K, committed 10176K, reserved 1048576K
}
Event: 839.197 GC heap before
{Heap before GC invocations=4321 (full 89):
 PSYoungGen      total 11776K, used 11765K [0x00000000eab00000, 0x00000000ebe00000, 0x0000000100000000)
  eden space 8704K, 100% used [0x00000000eab00000,0x00000000eb380000,0x00000000eb380000)
  from space 3072K, 99% used [0x00000000eb380000,0x00000000eb67d638,0x00000000eb680000)
  to   space 5120K, 0% used [0x00000000eb900000,0x00000000eb900000,0x00000000ebe00000)
 ParOldGen       total 180224K, used 148929K [0x00000000c0000000, 0x00000000cb000000, 0x00000000eab00000)
  object space 180224K, 82% used [0x00000000c0000000,0x00000000c9170468,0x00000000cb000000)
 Metaspace       used 93497K, committed 94912K, reserved 1179648K
  class space    used 9539K, committed 10176K, reserved 1048576K
}
Event: 839.200 GC heap after
{Heap after GC invocations=4321 (full 89):
 PSYoungGen      total 13312K, used 3443K [0x00000000eab00000, 0x00000000ebc80000, 0x0000000100000000)
  eden space 9728K, 0% used [0x00000000eab00000,0x00000000eab00000,0x00000000eb480000)
  from space 3584K, 96% used [0x00000000eb900000,0x00000000ebc5cd28,0x00000000ebc80000)
  to   space 4096K, 0% used [0x00000000eb480000,0x00000000eb480000,0x00000000eb880000)
 ParOldGen       total 180224K, used 151453K [0x00000000c0000000, 0x00000000cb000000, 0x00000000eab00000)
  object space 180224K, 84% used [0x00000000c0000000,0x00000000c93e7730,0x00000000cb000000)
 Metaspace       used 93497K, committed 94912K, reserved 1179648K
  class space    used 9539K, committed 10176K, reserved 1048576K
}
Event: 839.289 GC heap before
{Heap before GC invocations=4322 (full 89):
 PSYoungGen      total 13312K, used 13171K [0x00000000eab00000, 0x00000000ebc80000, 0x0000000100000000)
  eden space 9728K, 100% used [0x00000000eab00000,0x00000000eb480000,0x00000000eb480000)
  from space 3584K, 96% used [0x00000000eb900000,0x00000000ebc5cd28,0x00000000ebc80000)
  to   space 4096K, 0% used [0x00000000eb480000,0x00000000eb480000,0x00000000eb880000)
 ParOldGen       total 180224K, used 151453K [0x00000000c0000000, 0x00000000cb000000, 0x00000000eab00000)
  object space 180224K, 84% used [0x00000000c0000000,0x00000000c93e7730,0x00000000cb000000)
 Metaspace       used 93497K, committed 94912K, reserved 1179648K
  class space    used 9539K, committed 10176K, reserved 1048576K
}
Event: 839.294 GC heap after
{Heap after GC invocations=4322 (full 89):
 PSYoungGen      total 13824K, used 4071K [0x00000000eab00000, 0x00000000ec780000, 0x0000000100000000)
  eden space 9728K, 0% used [0x00000000eab00000,0x00000000eab00000,0x00000000eb480000)
  from space 4096K, 99% used [0x00000000eb480000,0x00000000eb879ef8,0x00000000eb880000)
  to   space 9216K, 0% used [0x00000000ebe80000,0x00000000ebe80000,0x00000000ec780000)
 ParOldGen       total 180224K, used 155509K [0x00000000c0000000, 0x00000000cb000000, 0x00000000eab00000)
  object space 180224K, 86% used [0x00000000c0000000,0x00000000c97dd730,0x00000000cb000000)
 Metaspace       used 93497K, committed 94912K, reserved 1179648K
  class space    used 9539K, committed 10176K, reserved 1048576K
}

Dll operation events (12 events):
Event: 0.014 Loaded shared library c:\Users\Kiet\.vscode\extensions\redhat.java-1.29.0-win32-x64\jre\17.0.10-win32-x86_64\bin\java.dll
Event: 0.315 Loaded shared library c:\Users\Kiet\.vscode\extensions\redhat.java-1.29.0-win32-x64\jre\17.0.10-win32-x86_64\bin\zip.dll
Event: 0.318 Loaded shared library C:\Users\Kiet\.vscode\extensions\redhat.java-1.29.0-win32-x64\jre\17.0.10-win32-x86_64\bin\instrument.dll
Event: 0.343 Loaded shared library C:\Users\Kiet\.vscode\extensions\redhat.java-1.29.0-win32-x64\jre\17.0.10-win32-x86_64\bin\net.dll
Event: 0.346 Loaded shared library C:\Users\Kiet\.vscode\extensions\redhat.java-1.29.0-win32-x64\jre\17.0.10-win32-x86_64\bin\nio.dll
Event: 0.356 Loaded shared library C:\Users\Kiet\.vscode\extensions\redhat.java-1.29.0-win32-x64\jre\17.0.10-win32-x86_64\bin\zip.dll
Event: 0.388 Loaded shared library C:\Users\Kiet\.vscode\extensions\redhat.java-1.29.0-win32-x64\jre\17.0.10-win32-x86_64\bin\jimage.dll
Event: 0.469 Loaded shared library c:\Users\Kiet\.vscode\extensions\redhat.java-1.29.0-win32-x64\jre\17.0.10-win32-x86_64\bin\verify.dll
Event: 1.974 Loaded shared library C:\Users\Kiet\AppData\Roaming\Code\User\globalStorage\redhat.java\1.29.0\config_win\org.eclipse.equinox.launcher\org.eclipse.equinox.launcher.win32.win32.x86_64_1.2.900.v20240213-1244\eclipse_11900.dll
Event: 5.116 Loaded shared library C:\Users\Kiet\AppData\Local\Temp\jna-2338477\jna11892718737611821146.dll
Event: 202.141 Loaded shared library C:\Users\Kiet\.vscode\extensions\redhat.java-1.29.0-win32-x64\jre\17.0.10-win32-x86_64\bin\sunmscapi.dll
Event: 202.430 Loaded shared library C:\Users\Kiet\.vscode\extensions\redhat.java-1.29.0-win32-x64\jre\17.0.10-win32-x86_64\bin\extnet.dll

Deoptimization events (20 events):
Event: 837.159 Thread 0x000002152966c180 DEOPT PACKING pc=0x000002151526affc sp=0x000000d58b2fdcc0
Event: 837.159 Thread 0x000002152966c180 DEOPT UNPACKING pc=0x0000021513709ea3 sp=0x000000d58b2fdb88 mode 2
Event: 837.159 Thread 0x000002152966c180 Uncommon trap: trap_request=0xffffffde fr.pc=0x00000215146f80c0 relative=0x00000000000000a0
Event: 837.159 Thread 0x000002152966c180 Uncommon trap: reason=class_check action=maybe_recompile pc=0x00000215146f80c0 method=org.eclipse.jdt.internal.compiler.ast.Annotation.isTypeUseCompatible(Lorg/eclipse/jdt/internal/compiler/ast/TypeReference;Lorg/eclipse/jdt/internal/compiler/lookup/Scope
Event: 837.159 Thread 0x000002152966c180 DEOPT PACKING pc=0x00000215146f80c0 sp=0x000000d58b2fdc00
Event: 837.159 Thread 0x000002152966c180 DEOPT UNPACKING pc=0x0000021513709ea3 sp=0x000000d58b2fdb70 mode 2
Event: 837.870 Thread 0x0000021524289530 DEOPT PACKING pc=0x000002150dd91c83 sp=0x000000d58ddfdb20
Event: 837.870 Thread 0x0000021524289530 DEOPT UNPACKING pc=0x000002151370a9e3 sp=0x000000d58ddfd4a8 mode 0
Event: 837.951 Thread 0x0000021524289530 DEOPT PACKING pc=0x000002150e19028d sp=0x000000d58ddfe210
Event: 837.951 Thread 0x0000021524289530 DEOPT UNPACKING pc=0x000002151370a9e3 sp=0x000000d58ddfd7e0 mode 0
Event: 838.119 Thread 0x000002152966c180 DEOPT PACKING pc=0x000002150e190337 sp=0x000000d58b2fe0d0
Event: 838.119 Thread 0x000002152966c180 DEOPT UNPACKING pc=0x000002151370a9e3 sp=0x000000d58b2fd698 mode 0
Event: 838.983 Thread 0x00000215273434b0 DEOPT PACKING pc=0x000002150e19028d sp=0x000000d58b1fecd0
Event: 838.983 Thread 0x00000215273434b0 DEOPT UNPACKING pc=0x000002151370a9e3 sp=0x000000d58b1fe2a0 mode 0
Event: 839.159 Thread 0x000002152966b250 DEOPT PACKING pc=0x000002150d9545ab sp=0x000000d58c9fe0f0
Event: 839.159 Thread 0x000002152966b250 DEOPT UNPACKING pc=0x000002151370a9e3 sp=0x000000d58c9fd588 mode 0
Event: 839.193 Thread 0x000002152966b250 DEOPT PACKING pc=0x000002150d9545ab sp=0x000000d58c9fe0f0
Event: 839.193 Thread 0x000002152966b250 DEOPT UNPACKING pc=0x000002151370a9e3 sp=0x000000d58c9fd588 mode 0
Event: 839.367 Thread 0x0000021524285360 DEOPT PACKING pc=0x000002150d6d7810 sp=0x000000d58d4fed40
Event: 839.367 Thread 0x0000021524285360 DEOPT UNPACKING pc=0x000002151370a9e3 sp=0x000000d58d4fe1e0 mode 0

Classes unloaded (20 events):
Event: 3.183 Thread 0x000002150959e920 Unloading class 0x000000010024f800 'java/lang/invoke/LambdaForm$MH+0x000000010024f800'
Event: 3.183 Thread 0x000002150959e920 Unloading class 0x000000010024f400 'java/lang/invoke/LambdaForm$BMH+0x000000010024f400'
Event: 3.183 Thread 0x000002150959e920 Unloading class 0x000000010024f000 'java/lang/invoke/LambdaForm$DMH+0x000000010024f000'
Event: 3.183 Thread 0x000002150959e920 Unloading class 0x000000010024c400 'java/lang/invoke/LambdaForm$DMH+0x000000010024c400'
Event: 10.772 Thread 0x000002150959e920 Unloading class 0x00000001003a2400 'java/lang/invoke/LambdaForm$MH+0x00000001003a2400'
Event: 10.772 Thread 0x000002150959e920 Unloading class 0x00000001003a1800 'java/lang/invoke/LambdaForm$MH+0x00000001003a1800'
Event: 10.772 Thread 0x000002150959e920 Unloading class 0x00000001003a1000 'java/lang/invoke/LambdaForm$MH+0x00000001003a1000'
Event: 10.772 Thread 0x000002150959e920 Unloading class 0x00000001003a0c00 'java/lang/invoke/LambdaForm$MH+0x00000001003a0c00'
Event: 10.772 Thread 0x000002150959e920 Unloading class 0x00000001003a0800 'java/lang/invoke/LambdaForm$DMH+0x00000001003a0800'
Event: 10.772 Thread 0x000002150959e920 Unloading class 0x000000010039a800 'java/lang/invoke/LambdaForm$MH+0x000000010039a800'
Event: 10.772 Thread 0x000002150959e920 Unloading class 0x000000010039a000 'java/lang/invoke/LambdaForm$MH+0x000000010039a000'
Event: 10.772 Thread 0x000002150959e920 Unloading class 0x0000000100394400 'java/lang/invoke/LambdaForm$MH+0x0000000100394400'
Event: 10.772 Thread 0x000002150959e920 Unloading class 0x0000000100394000 'java/lang/invoke/LambdaForm$MH+0x0000000100394000'
Event: 10.772 Thread 0x000002150959e920 Unloading class 0x0000000100392800 'java/lang/invoke/LambdaForm$MH+0x0000000100392800'
Event: 10.772 Thread 0x000002150959e920 Unloading class 0x0000000100392000 'java/lang/invoke/LambdaForm$MH+0x0000000100392000'
Event: 10.772 Thread 0x000002150959e920 Unloading class 0x0000000100391400 'java/lang/invoke/LambdaForm$MH+0x0000000100391400'
Event: 10.772 Thread 0x000002150959e920 Unloading class 0x0000000100391000 'java/lang/invoke/LambdaForm$MH+0x0000000100391000'
Event: 10.772 Thread 0x000002150959e920 Unloading class 0x0000000100390400 'java/lang/invoke/LambdaForm$MH+0x0000000100390400'
Event: 10.772 Thread 0x000002150959e920 Unloading class 0x0000000100390000 'java/lang/invoke/LambdaForm$MH+0x0000000100390000'
Event: 13.473 Thread 0x000002150959e920 Unloading class 0x0000000100701000 'java/lang/invoke/LambdaForm$DMH+0x0000000100701000'

Classes redefined (0 events):
No events

Internal exceptions (20 events):
Event: 637.423 Thread 0x0000021524284430 Exception <a 'java/lang/ClassNotFoundException'{0x00000000eaca5918}: sun/net/www/protocol/eclipse-javadoc/Handler> (0x00000000eaca5918) 
thrown [s\src\hotspot\share\classfile\systemDictionary.cpp, line 256]
Event: 637.423 Thread 0x0000021524284430 Exception <a 'java/lang/ClassNotFoundException'{0x00000000eaca8100}: sun/net/www/protocol/eclipse-javadoc/Handler> (0x00000000eaca8100) 
thrown [s\src\hotspot\share\classfile\systemDictionary.cpp, line 256]
Event: 637.423 Thread 0x0000021524284430 Exception <a 'java/lang/ClassNotFoundException'{0x00000000eacabd98}: sun/net/www/protocol/jdt/Handler> (0x00000000eacabd98) 
thrown [s\src\hotspot\share\classfile\systemDictionary.cpp, line 256]
Event: 638.888 Thread 0x0000021524284430 Exception <a 'java/lang/ClassNotFoundException'{0x00000000eb131a78}: sun/net/www/protocol/eclipse-javadoc/Handler> (0x00000000eb131a78) 
thrown [s\src\hotspot\share\classfile\systemDictionary.cpp, line 256]
Event: 638.888 Thread 0x0000021524284430 Exception <a 'java/lang/ClassNotFoundException'{0x00000000eb134260}: sun/net/www/protocol/eclipse-javadoc/Handler> (0x00000000eb134260) 
thrown [s\src\hotspot\share\classfile\systemDictionary.cpp, line 256]
Event: 638.888 Thread 0x0000021524284430 Exception <a 'java/lang/ClassNotFoundException'{0x00000000eb137d58}: sun/net/www/protocol/jdt/Handler> (0x00000000eb137d58) 
thrown [s\src\hotspot\share\classfile\systemDictionary.cpp, line 256]
Event: 640.980 Thread 0x0000021524284430 Implicit null exception at 0x0000021514bf5f5a to 0x0000021514bf6380
Event: 640.988 Thread 0x0000021524284430 Implicit null exception at 0x0000021514c1e809 to 0x0000021514c1fc68
Event: 650.647 Thread 0x00000215242880f0 Exception <a 'java/lang/NoSuchMethodError'{0x00000000eab7ce58}: 'int java.lang.invoke.DirectMethodHandle$Holder.invokeSpecial(java.lang.Object, java.lang.Object, int)'> (0x00000000eab7ce58) 
thrown [s\src\hotspot\share\interpreter\linkResolver.cpp, line 759]
Event: 668.290 Thread 0x00000215242867a0 Implicit null exception at 0x000002151525205c to 0x0000021515254118
Event: 668.307 Thread 0x00000215242867a0 Implicit null exception at 0x00000215152d50cb to 0x00000215152d5e70
Event: 671.145 Thread 0x00000215242867a0 Implicit null exception at 0x0000021514a094bc to 0x0000021514a098dc
Event: 821.753 Thread 0x0000021524285360 Exception <a 'sun/nio/fs/WindowsException'{0x00000000ead9b610}> (0x00000000ead9b610) 
thrown [s\src\hotspot\share\prims\jni.cpp, line 516]
Event: 822.217 Thread 0x0000021524285360 Exception <a 'sun/nio/fs/WindowsException'{0x00000000eab5db08}> (0x00000000eab5db08) 
thrown [s\src\hotspot\share\prims\jni.cpp, line 516]
Event: 838.830 Thread 0x0000021524285360 Exception <a 'sun/nio/fs/WindowsException'{0x00000000eae8a710}> (0x00000000eae8a710) 
thrown [s\src\hotspot\share\prims\jni.cpp, line 516]
Event: 839.364 Thread 0x0000021524285360 Exception <a 'sun/nio/fs/WindowsException'{0x00000000eabfd130}> (0x00000000eabfd130) 
thrown [s\src\hotspot\share\prims\jni.cpp, line 516]
Event: 839.369 Thread 0x00000215273494e0 Exception <a 'sun/nio/fs/WindowsException'{0x00000000ead56c88}> (0x00000000ead56c88) 
thrown [s\src\hotspot\share\prims\jni.cpp, line 516]
Event: 839.369 Thread 0x00000215273494e0 Exception <a 'sun/nio/fs/WindowsException'{0x00000000ead56f58}> (0x00000000ead56f58) 
thrown [s\src\hotspot\share\prims\jni.cpp, line 516]
Event: 839.370 Thread 0x00000215273494e0 Exception <a 'sun/nio/fs/WindowsException'{0x00000000ead578b8}> (0x00000000ead578b8) 
thrown [s\src\hotspot\share\prims\jni.cpp, line 516]
Event: 839.370 Thread 0x00000215273494e0 Exception <a 'sun/nio/fs/WindowsException'{0x00000000ead57b88}> (0x00000000ead57b88) 
thrown [s\src\hotspot\share\prims\jni.cpp, line 516]

VM Operations (20 events):
Event: 838.841 Executing VM operation: ParallelGCFailedAllocation
Event: 838.843 Executing VM operation: ParallelGCFailedAllocation done
Event: 838.865 Executing VM operation: ParallelGCFailedAllocation
Event: 838.870 Executing VM operation: ParallelGCFailedAllocation done
Event: 838.894 Executing VM operation: ParallelGCFailedAllocation
Event: 838.899 Executing VM operation: ParallelGCFailedAllocation done
Event: 838.943 Executing VM operation: ParallelGCFailedAllocation
Event: 838.948 Executing VM operation: ParallelGCFailedAllocation done
Event: 838.963 Executing VM operation: ParallelGCFailedAllocation
Event: 838.966 Executing VM operation: ParallelGCFailedAllocation done
Event: 838.984 Executing VM operation: ParallelGCFailedAllocation
Event: 839.132 Executing VM operation: ParallelGCFailedAllocation done
Event: 839.145 Executing VM operation: ParallelGCFailedAllocation
Event: 839.148 Executing VM operation: ParallelGCFailedAllocation done
Event: 839.175 Executing VM operation: ParallelGCFailedAllocation
Event: 839.178 Executing VM operation: ParallelGCFailedAllocation done
Event: 839.197 Executing VM operation: ParallelGCFailedAllocation
Event: 839.200 Executing VM operation: ParallelGCFailedAllocation done
Event: 839.289 Executing VM operation: ParallelGCFailedAllocation
Event: 839.294 Executing VM operation: ParallelGCFailedAllocation done

Events (20 events):
Event: 821.664 Thread 0x00000215224cd410 flushing nmethod 0x000002150df91e10
Event: 821.664 Thread 0x00000215224cd410 flushing nmethod 0x000002150e08d590
Event: 821.665 Thread 0x00000215224cd410 flushing nmethod 0x000002150e0e7310
Event: 821.756 Thread 0x0000021527348fd0 Thread added: 0x0000021527348fd0
Event: 822.516 Thread 0x0000021527347680 Thread added: 0x0000021527347680
Event: 822.541 Thread 0x0000021527347680 Thread exited: 0x0000021527347680
Event: 828.182 Thread 0x0000021527343ed0 Thread added: 0x0000021527343ed0
Event: 833.196 Thread 0x0000021527343ed0 Thread exited: 0x0000021527343ed0
Event: 838.746 Thread 0x00000215278ec340 Thread added: 0x00000215278ec340
Event: 838.969 Thread 0x00000215278ec340 Thread exited: 0x00000215278ec340
Event: 838.976 Thread 0x00000215273434b0 Thread added: 0x00000215273434b0
Event: 839.156 Thread 0x00000215273434b0 Thread exited: 0x00000215273434b0
Event: 839.299 Thread 0x00000215278eae00 Thread added: 0x00000215278eae00
Event: 839.349 Thread 0x0000021527345820 Thread added: 0x0000021527345820
Event: 839.358 Thread 0x00000215273494e0 Thread added: 0x00000215273494e0
Event: 839.371 Thread 0x0000021527346c60 Thread added: 0x0000021527346c60
Event: 839.442 Thread 0x0000021527346240 Thread added: 0x0000021527346240
Event: 839.443 Thread 0x0000021527346c60 Thread exited: 0x0000021527346c60
Event: 839.577 Thread 0x0000021527345d30 Thread added: 0x0000021527345d30
Event: 839.578 Thread 0x0000021527346240 Thread exited: 0x0000021527346240


Dynamic libraries:
0x00007ff659c30000 - 0x00007ff659c3e000 	c:\Users\Kiet\.vscode\extensions\redhat.java-1.29.0-win32-x64\jre\17.0.10-win32-x86_64\bin\java.exe
0x00007ff8c0510000 - 0x00007ff8c0726000 	C:\WINDOWS\SYSTEM32\ntdll.dll
0x00007ff8bf840000 - 0x00007ff8bf904000 	C:\WINDOWS\System32\KERNEL32.DLL
0x00007ff8bdbd0000 - 0x00007ff8bdf77000 	C:\WINDOWS\System32\KERNELBASE.dll
0x00007ff8bd8f0000 - 0x00007ff8bda01000 	C:\WINDOWS\System32\ucrtbase.dll
0x00007ff8acab0000 - 0x00007ff8acac7000 	c:\Users\Kiet\.vscode\extensions\redhat.java-1.29.0-win32-x64\jre\17.0.10-win32-x86_64\bin\jli.dll
0x00007ff8be7c0000 - 0x00007ff8be96e000 	C:\WINDOWS\System32\USER32.dll
0x00007ff8bda80000 - 0x00007ff8bdaa6000 	C:\WINDOWS\System32\win32u.dll
0x00007ff8be580000 - 0x00007ff8be5a9000 	C:\WINDOWS\System32\GDI32.dll
0x00007ff89db20000 - 0x00007ff89db3b000 	c:\Users\Kiet\.vscode\extensions\redhat.java-1.29.0-win32-x64\jre\17.0.10-win32-x86_64\bin\VCRUNTIME140.dll
0x00007ff8bdab0000 - 0x00007ff8bdbc9000 	C:\WINDOWS\System32\gdi32full.dll
0x00007ff8bdf80000 - 0x00007ff8be01a000 	C:\WINDOWS\System32\msvcp_win.dll
0x00007ff8a4d70000 - 0x00007ff8a5003000 	C:\WINDOWS\WinSxS\amd64_microsoft.windows.common-controls_6595b64144ccf1df_6.0.22621.3235_none_270f74e173860f98\COMCTL32.dll
0x00007ff8bf910000 - 0x00007ff8bf9b7000 	C:\WINDOWS\System32\msvcrt.dll
0x00007ff8bffc0000 - 0x00007ff8bfff1000 	C:\WINDOWS\System32\IMM32.DLL
0x00007ff8ae590000 - 0x00007ff8ae59c000 	c:\Users\Kiet\.vscode\extensions\redhat.java-1.29.0-win32-x64\jre\17.0.10-win32-x86_64\bin\vcruntime140_1.dll
0x00007ff895e50000 - 0x00007ff895edd000 	c:\Users\Kiet\.vscode\extensions\redhat.java-1.29.0-win32-x64\jre\17.0.10-win32-x86_64\bin\msvcp140.dll
0x00007ff863580000 - 0x00007ff8641e2000 	c:\Users\Kiet\.vscode\extensions\redhat.java-1.29.0-win32-x64\jre\17.0.10-win32-x86_64\bin\server\jvm.dll
0x00007ff8bea60000 - 0x00007ff8beb12000 	C:\WINDOWS\System32\ADVAPI32.dll
0x00007ff8be4b0000 - 0x00007ff8be558000 	C:\WINDOWS\System32\sechost.dll
0x00007ff8be210000 - 0x00007ff8be238000 	C:\WINDOWS\System32\bcrypt.dll
0x00007ff8bfa20000 - 0x00007ff8bfb35000 	C:\WINDOWS\System32\RPCRT4.dll
0x00007ff8bd700000 - 0x00007ff8bd74d000 	C:\WINDOWS\SYSTEM32\POWRPROF.dll
0x00007ff8ad790000 - 0x00007ff8ad799000 	C:\WINDOWS\SYSTEM32\WSOCK32.dll
0x00007ff8b6cb0000 - 0x00007ff8b6ce4000 	C:\WINDOWS\SYSTEM32\WINMM.dll
0x00007ff8be740000 - 0x00007ff8be7b1000 	C:\WINDOWS\System32\WS2_32.dll
0x00007ff8b52a0000 - 0x00007ff8b52aa000 	C:\WINDOWS\SYSTEM32\VERSION.dll
0x00007ff8bd6e0000 - 0x00007ff8bd6f3000 	C:\WINDOWS\SYSTEM32\UMPDC.dll
0x00007ff8bc870000 - 0x00007ff8bc888000 	C:\WINDOWS\SYSTEM32\kernel.appcore.dll
0x00007ff8a7950000 - 0x00007ff8a795a000 	c:\Users\Kiet\.vscode\extensions\redhat.java-1.29.0-win32-x64\jre\17.0.10-win32-x86_64\bin\jimage.dll
0x00007ff8bb0c0000 - 0x00007ff8bb2f3000 	C:\WINDOWS\SYSTEM32\DBGHELP.DLL
0x00007ff8beb30000 - 0x00007ff8beeb8000 	C:\WINDOWS\System32\combase.dll
0x00007ff8be970000 - 0x00007ff8bea47000 	C:\WINDOWS\System32\OLEAUT32.dll
0x00007ff8aa720000 - 0x00007ff8aa752000 	C:\WINDOWS\SYSTEM32\dbgcore.DLL
0x00007ff8be190000 - 0x00007ff8be209000 	C:\WINDOWS\System32\bcryptPrimitives.dll
0x00007ff8a76c0000 - 0x00007ff8a76ce000 	c:\Users\Kiet\.vscode\extensions\redhat.java-1.29.0-win32-x64\jre\17.0.10-win32-x86_64\bin\instrument.dll
0x00007ff89d150000 - 0x00007ff89d175000 	c:\Users\Kiet\.vscode\extensions\redhat.java-1.29.0-win32-x64\jre\17.0.10-win32-x86_64\bin\java.dll
0x00007ff89dad0000 - 0x00007ff89dae8000 	c:\Users\Kiet\.vscode\extensions\redhat.java-1.29.0-win32-x64\jre\17.0.10-win32-x86_64\bin\zip.dll
0x00007ff8befc0000 - 0x00007ff8bf81c000 	C:\WINDOWS\System32\SHELL32.dll
0x00007ff8bb790000 - 0x00007ff8bc089000 	C:\WINDOWS\SYSTEM32\windows.storage.dll
0x00007ff8bb650000 - 0x00007ff8bb78e000 	C:\WINDOWS\SYSTEM32\wintypes.dll
0x00007ff8beec0000 - 0x00007ff8befb3000 	C:\WINDOWS\System32\SHCORE.dll
0x00007ff8bf9c0000 - 0x00007ff8bfa1e000 	C:\WINDOWS\System32\shlwapi.dll
0x00007ff8bd760000 - 0x00007ff8bd781000 	C:\WINDOWS\SYSTEM32\profapi.dll
0x00007ff89cff0000 - 0x00007ff89d009000 	C:\Users\Kiet\.vscode\extensions\redhat.java-1.29.0-win32-x64\jre\17.0.10-win32-x86_64\bin\net.dll
0x00007ff8b77a0000 - 0x00007ff8b78d6000 	C:\WINDOWS\SYSTEM32\WINHTTP.dll
0x00007ff8bcce0000 - 0x00007ff8bcd49000 	C:\WINDOWS\system32\mswsock.dll
0x00007ff89c160000 - 0x00007ff89c176000 	C:\Users\Kiet\.vscode\extensions\redhat.java-1.29.0-win32-x64\jre\17.0.10-win32-x86_64\bin\nio.dll
0x00007ff89f720000 - 0x00007ff89f730000 	c:\Users\Kiet\.vscode\extensions\redhat.java-1.29.0-win32-x64\jre\17.0.10-win32-x86_64\bin\verify.dll
0x00007ff896120000 - 0x00007ff89615e000 	C:\Users\Kiet\AppData\Roaming\Code\User\globalStorage\redhat.java\1.29.0\config_win\org.eclipse.equinox.launcher\org.eclipse.equinox.launcher.win32.win32.x86_64_1.2.900.v20240213-1244\eclipse_11900.dll
0x00007ff8be290000 - 0x00007ff8be435000 	C:\WINDOWS\System32\ole32.dll
0x00007ff8bcf40000 - 0x00007ff8bcf5b000 	C:\WINDOWS\SYSTEM32\CRYPTSP.dll
0x00007ff8bc7d0000 - 0x00007ff8bc805000 	C:\WINDOWS\system32\rsaenh.dll
0x00007ff8bcde0000 - 0x00007ff8bce08000 	C:\WINDOWS\SYSTEM32\USERENV.dll
0x00007ff8bcf60000 - 0x00007ff8bcf6c000 	C:\WINDOWS\SYSTEM32\CRYPTBASE.dll
0x00007ff8bc2f0000 - 0x00007ff8bc31d000 	C:\WINDOWS\SYSTEM32\IPHLPAPI.DLL
0x00007ff8beb20000 - 0x00007ff8beb29000 	C:\WINDOWS\System32\NSI.dll
0x00007ff8b71d0000 - 0x00007ff8b71e9000 	C:\WINDOWS\SYSTEM32\dhcpcsvc6.DLL
0x00007ff8b71b0000 - 0x00007ff8b71cf000 	C:\WINDOWS\SYSTEM32\dhcpcsvc.DLL
0x00007ff8bc360000 - 0x00007ff8bc459000 	C:\WINDOWS\SYSTEM32\DNSAPI.dll
0x00007ff895d20000 - 0x00007ff895d65000 	C:\Users\Kiet\AppData\Local\Temp\jna-2338477\jna11892718737611821146.dll
0x00007ff8c0360000 - 0x00007ff8c0368000 	C:\WINDOWS\System32\PSAPI.DLL
0x00007ff8ba7a0000 - 0x00007ff8ba7ae000 	C:\Users\Kiet\.vscode\extensions\redhat.java-1.29.0-win32-x64\jre\17.0.10-win32-x86_64\bin\sunmscapi.dll
0x00007ff8be020000 - 0x00007ff8be187000 	C:\WINDOWS\System32\CRYPT32.dll
0x00007ff8bd0e0000 - 0x00007ff8bd10e000 	C:\WINDOWS\SYSTEM32\ncrypt.dll
0x00007ff8bd0a0000 - 0x00007ff8bd0d7000 	C:\WINDOWS\SYSTEM32\NTASN1.dll
0x00007ff8b2e30000 - 0x00007ff8b2e3a000 	C:\Windows\System32\rasadhlp.dll
0x00007ff8b61b0000 - 0x00007ff8b6233000 	C:\WINDOWS\System32\fwpuclnt.dll
0x00007ff8ba6f0000 - 0x00007ff8ba6f9000 	C:\Users\Kiet\.vscode\extensions\redhat.java-1.29.0-win32-x64\jre\17.0.10-win32-x86_64\bin\extnet.dll

dbghelp: loaded successfully - version: 4.0.5 - missing functions: none
symbol engine: initialized successfully - sym options: 0x614 - pdb path: .;c:\Users\Kiet\.vscode\extensions\redhat.java-1.29.0-win32-x64\jre\17.0.10-win32-x86_64\bin;C:\WINDOWS\SYSTEM32;C:\WINDOWS\WinSxS\amd64_microsoft.windows.common-controls_6595b64144ccf1df_6.0.22621.3235_none_270f74e173860f98;c:\Users\Kiet\.vscode\extensions\redhat.java-1.29.0-win32-x64\jre\17.0.10-win32-x86_64\bin\server;C:\Users\Kiet\AppData\Roaming\Code\User\globalStorage\redhat.java\1.29.0\config_win\org.eclipse.equinox.launcher\org.eclipse.equinox.launcher.win32.win32.x86_64_1.2.900.v20240213-1244;C:\Users\Kiet\AppData\Local\Temp\jna-2338477

VM Arguments:
jvm_args: --add-modules=ALL-SYSTEM --add-opens=java.base/java.util=ALL-UNNAMED --add-opens=java.base/java.lang=ALL-UNNAMED --add-opens=java.base/sun.nio.fs=ALL-UNNAMED -Declipse.application=org.eclipse.jdt.ls.core.id1 -Dosgi.bundles.defaultStartLevel=4 -Declipse.product=org.eclipse.jdt.ls.core.product -Djava.import.generatesMetadataFilesAtProjectRoot=false -DDetectVMInstallationsJob.disabled=true -Dfile.encoding=utf8 -XX:+UseParallelGC -XX:GCTimeRatio=4 -XX:AdaptiveSizePolicyWeight=90 -Dsun.zip.disableMemoryMapping=true -Xmx1G -Xms100m -Xlog:disable -javaagent:c:\Users\Kiet\.vscode\extensions\redhat.java-1.29.0-win32-x64\lombok\lombok-1.18.32.jar -XX:+HeapDumpOnOutOfMemoryError -XX:HeapDumpPath=c:\Users\Kiet\AppData\Roaming\Code\User\workspaceStorage\9f0ec90a7e62ad64397c1cc3a6503a33\redhat.java -Daether.dependencyCollector.impl=bf 
java_command: c:\Users\Kiet\.vscode\extensions\redhat.java-1.29.0-win32-x64\server\plugins\org.eclipse.equinox.launcher_1.6.800.v20240304-1850.jar -configuration c:\Users\Kiet\AppData\Roaming\Code\User\globalStorage\redhat.java\1.29.0\config_win -data c:\Users\Kiet\AppData\Roaming\Code\User\workspaceStorage\9f0ec90a7e62ad64397c1cc3a6503a33\redhat.java\jdt_ws --stdio
java_class_path (initial): c:\Users\Kiet\.vscode\extensions\redhat.java-1.29.0-win32-x64\server\plugins\org.eclipse.equinox.launcher_1.6.800.v20240304-1850.jar
Launcher Type: SUN_STANDARD

[Global flags]
    uintx AdaptiveSizePolicyWeight                 = 90                                        {product} {command line}
     intx CICompilerCount                          = 4                                         {product} {ergonomic}
    uintx GCTimeRatio                              = 4                                         {product} {command line}
     bool HeapDumpOnOutOfMemoryError               = true                                   {manageable} {command line}
    ccstr HeapDumpPath                             = c:\Users\Kiet\AppData\Roaming\Code\User\workspaceStorage\9f0ec90a7e62ad64397c1cc3a6503a33\redhat.java         {manageable} {command line}
   size_t InitialHeapSize                          = 104857600                                 {product} {command line}
   size_t MaxHeapSize                              = 1073741824                                {product} {command line}
   size_t MaxNewSize                               = 357564416                                 {product} {ergonomic}
   size_t MinHeapDeltaBytes                        = 524288                                    {product} {ergonomic}
   size_t MinHeapSize                              = 104857600                                 {product} {command line}
   size_t NewSize                                  = 34603008                                  {product} {ergonomic}
    uintx NonNMethodCodeHeapSize                   = 5839372                                {pd product} {ergonomic}
    uintx NonProfiledCodeHeapSize                  = 122909434                              {pd product} {ergonomic}
   size_t OldSize                                  = 70254592                                  {product} {ergonomic}
    uintx ProfiledCodeHeapSize                     = 122909434                              {pd product} {ergonomic}
    uintx ReservedCodeCacheSize                    = 251658240                              {pd product} {ergonomic}
     bool SegmentedCodeCache                       = true                                      {product} {ergonomic}
   size_t SoftMaxHeapSize                          = 1073741824                             {manageable} {ergonomic}
     bool UseCompressedClassPointers               = true                           {product lp64_product} {ergonomic}
     bool UseCompressedOops                        = true                           {product lp64_product} {ergonomic}
     bool UseLargePagesIndividualAllocation        = false                                  {pd product} {ergonomic}
     bool UseParallelGC                            = true                                      {product} {command line}

Logging:
Log output configuration:
 #0: stdout all=off uptime,level,tags
 #1: stderr all=off uptime,level,tags

Environment Variables:
PATH=C:\Program Files\Common Files\Oracle\Java\javapath;C:\Program Files (x86)\Common Files\Oracle\Java\javapath;C:\WINDOWS\system32;C:\WINDOWS;C:\WINDOWS\System32\Wbem;C:\WINDOWS\System32\WindowsPowerShell\v1.0\;C:\WINDOWS\System32\OpenSSH\;C:\Program Files\dotnet\;C:\Program Files\Common Files\Oracle\Java\javapath;C:\Program Files\Java\jdk-11\bin;C:\Program Files (x86)\Microsoft SQL Server\160\Tools\Binn\;C:\Program Files\Microsoft SQL Server\160\Tools\Binn\;C:\Program Files\Microsoft SQL Server\Client SDK\ODBC\170\Tools\Binn\;C:\Program Files\Microsoft SQL Server\160\DTS\Binn\;C:\Program Files (x86)\Microsoft SQL Server\160\DTS\Binn\;C:\Program Files\Azure Data Studio\bin;C:\Program Files\apache-maven-3.9.6\bin;C:\Program Files\Git\cmd;C:\Program Files\nodejs\;C:\Program Files\Java\jdk-21\bin;C:\Users\Kiet\AppData\Local\Microsoft\WindowsApps;C:\Users\Kiet\AppData\Local\Programs\Microsoft VS Code\bin;C:\Users\Kiet\AppData\Local\GitHubDesktop\bin;C:\Users\Kiet\.dotnet\tools;C:\Program Files\Azure Data Studio\bin;C:\Users\Kiet\AppData\Roaming\npm
USERNAME=Kiet
OS=Windows_NT
PROCESSOR_IDENTIFIER=Intel64 Family 6 Model 126 Stepping 5, GenuineIntel
TMP=C:\Users\Kiet\AppData\Local\Temp
TEMP=C:\Users\Kiet\AppData\Local\Temp



Periodic native trim disabled


---------------  S Y S T E M  ---------------

OS:
 Windows 11 , 64 bit Build 22621 (10.0.22621.3374)
OS uptime: 1 days 15:58 hours

CPU: total 8 (initial active 8) (4 cores per cpu, 2 threads per core) family 6 model 126 stepping 5 microcode 0xa6, cx8, cmov, fxsr, ht, mmx, 3dnowpref, sse, sse2, sse3, ssse3, sse4.1, sse4.2, popcnt, lzcnt, tsc, tscinvbit, avx, avx2, aes, erms, clmul, bmi1, bmi2, adx, avx512f, avx512dq, avx512cd, avx512bw, avx512vl, sha, fma, vzeroupper, avx512_vpopcntdq, avx512_vpclmulqdq, avx512_vaes, avx512_vnni, clflush, clflushopt, avx512_vbmi2, avx512_vbmi
Processor Information for all 8 processors :
  Max Mhz: 1190, Current Mhz: 991, Mhz Limit: 987

Memory: 4k page, system-wide physical 7987M (720M free)
TotalPageFile size 10035M (AvailPageFile size 23M)
current process WorkingSet (physical memory assigned to process): 493M, peak: 498M
current process commit charge ("private bytes"): 542M, peak: 542M

vm_info: OpenJDK 64-Bit Server VM (17.0.10+7) for windows-amd64 JRE (17.0.10+7), built on Jan 16 2024 23:25:11 by "admin" with MS VC++ 16.10 / 16.11 (VS2019)

END.
