#
# There is insufficient memory for the Java Runtime Environment to continue.
# Native memory allocation (malloc) failed to allocate 832848 bytes for Chunk::new
# Possible reasons:
#   The system is out of physical RAM or swap space
#   The process is running with CompressedOops enabled, and the Java Heap may be blocking the growth of the native heap
# Possible solutions:
#   Reduce memory load on the system
#   Increase physical memory or swap space
#   Check if swap backing store is full
#   Decrease Java heap size (-Xmx/-Xms)
#   Decrease number of Java threads
#   Decrease Java thread stack sizes (-Xss)
#   Set larger code cache with -XX:ReservedCodeCacheSize=
#   JVM is running with Unscaled Compressed Oops mode in which the Java heap is
#     placed in the first 4GB address space. The Java Heap base address is the
#     maximum limit for the native heap growth. Please use -XX:HeapBaseMinAddress
#     to set the Java Heap base and to place the Java Heap above 4GB virtual address.
# This output file may be truncated or incomplete.
#
#  Out of Memory Error (arena.cpp:168), pid=20416, tid=19912
#
# JRE version: Java(TM) SE Runtime Environment (21.0.2+13) (build 21.0.2+13-LTS-58)
# Java VM: Java HotSpot(TM) 64-Bit Server VM (21.0.2+13-LTS-58, mixed mode, sharing, tiered, compressed oops, compressed class ptrs, g1 gc, windows-amd64)
# No core dump will be written. Minidumps are not enabled by default on client versions of Windows
#

---------------  S U M M A R Y ------------

Command Line: -XX:+ShowCodeDetailsInExceptionMessages GUI.LogIn

Host: Intel(R) Core(TM) i5-1035G1 CPU @ 1.00GHz, 8 cores, 7G,  Windows 11 , 64 bit Build 22621 (10.0.22621.3374)
Time: Sat May 11 18:52:36 2024 SE Asia Standard Time elapsed time: 1.579787 seconds (0d 0h 0m 1s)

---------------  T H R E A D  ---------------

Current thread (0x00000288d5c25cb0):  JavaThread "C2 CompilerThread2" daemon [_thread_in_native, id=19912, stack(0x000000ed1cd00000,0x000000ed1ce00000) (1024K)]


Current CompileTask:
C2:   1579 2037       4       com.kitfox.svg.SVGElement::getStyle (246 bytes)

Stack: [0x000000ed1cd00000,0x000000ed1ce00000]
Native frames: (J=compiled Java code, j=interpreted, Vv=VM code, C=native code)
V  [jvm.dll+0x6cade9]
V  [jvm.dll+0x8569c1]
V  [jvm.dll+0x858d2e]
V  [jvm.dll+0x859413]
V  [jvm.dll+0x280e56]
V  [jvm.dll+0xc3f3d]
V  [jvm.dll+0xc4473]
V  [jvm.dll+0x3b5c2c]
V  [jvm.dll+0x1e2209]
V  [jvm.dll+0x249d22]
V  [jvm.dll+0x2491b1]
V  [jvm.dll+0x1c9634]
V  [jvm.dll+0x258859]
V  [jvm.dll+0x256e3a]
V  [jvm.dll+0x3ef6c6]
V  [jvm.dll+0x7ff568]
V  [jvm.dll+0x6c953d]
C  [ucrtbase.dll+0x29333]
C  [KERNEL32.DLL+0x1257d]
C  [ntdll.dll+0x5aa48]


---------------  P R O C E S S  ---------------

Threads class SMR info:
_java_thread_list=0x000002891b560d80, length=17, elements={
0x00000288d51689f0, 0x00000288d5169910, 0x00000288d516c1a0, 0x00000288d516de10,
0x00000288d5170980, 0x00000288d51717f0, 0x00000288d5172580, 0x00000288d5173020,
0x00000288d5452340, 0x00000288d5454b80, 0x00000288d54a05d0, 0x00000288d589d330,
0x00000288d5d8ef50, 0x00000288d5955800, 0x00000288d5c25cb0, 0x000002891b50e890,
0x00000288b68c9810
}

Java Threads: ( => current thread )
  0x00000288d51689f0 JavaThread "Reference Handler"          daemon [_thread_blocked, id=9300, stack(0x000000ed1b900000,0x000000ed1ba00000) (1024K)]
  0x00000288d5169910 JavaThread "Finalizer"                  daemon [_thread_blocked, id=18544, stack(0x000000ed1ba00000,0x000000ed1bb00000) (1024K)]
  0x00000288d516c1a0 JavaThread "Signal Dispatcher"          daemon [_thread_blocked, id=11144, stack(0x000000ed1bb00000,0x000000ed1bc00000) (1024K)]
  0x00000288d516de10 JavaThread "Attach Listener"            daemon [_thread_blocked, id=11928, stack(0x000000ed1bc00000,0x000000ed1bd00000) (1024K)]
  0x00000288d5170980 JavaThread "Service Thread"             daemon [_thread_blocked, id=18540, stack(0x000000ed1bd00000,0x000000ed1be00000) (1024K)]
  0x00000288d51717f0 JavaThread "Monitor Deflation Thread"   daemon [_thread_blocked, id=13200, stack(0x000000ed1be00000,0x000000ed1bf00000) (1024K)]
  0x00000288d5172580 JavaThread "C2 CompilerThread0"         daemon [_thread_in_native, id=11256, stack(0x000000ed1bf00000,0x000000ed1c000000) (1024K)]
  0x00000288d5173020 JavaThread "C1 CompilerThread0"         daemon [_thread_blocked, id=20148, stack(0x000000ed1c000000,0x000000ed1c100000) (1024K)]
  0x00000288d5452340 JavaThread "Notification Thread"        daemon [_thread_blocked, id=16036, stack(0x000000ed1c100000,0x000000ed1c200000) (1024K)]
  0x00000288d5454b80 JavaThread "Common-Cleaner"             daemon [_thread_blocked, id=19588, stack(0x000000ed1c200000,0x000000ed1c300000) (1024K)]
  0x00000288d54a05d0 JavaThread "C2 CompilerThread1"         daemon [_thread_in_native, id=14444, stack(0x000000ed1c300000,0x000000ed1c400000) (1024K)]
  0x00000288d589d330 JavaThread "Java2D Disposer"            daemon [_thread_blocked, id=3740, stack(0x000000ed1c400000,0x000000ed1c500000) (1024K)]
  0x00000288d5d8ef50 JavaThread "AWT-Shutdown"                      [_thread_blocked, id=1292, stack(0x000000ed1c500000,0x000000ed1c600000) (1024K)]
  0x00000288d5955800 JavaThread "AWT-Windows"                daemon [_thread_in_native, id=16304, stack(0x000000ed1c600000,0x000000ed1c700000) (1024K)]
=>0x00000288d5c25cb0 JavaThread "C2 CompilerThread2"         daemon [_thread_in_native, id=19912, stack(0x000000ed1cd00000,0x000000ed1ce00000) (1024K)]
  0x000002891b50e890 JavaThread "AWT-EventQueue-0"                  [_thread_in_vm, id=18288, stack(0x000000ed1ce00000,0x000000ed1cf00000) (1024K)]
  0x00000288b68c9810 JavaThread "DestroyJavaVM"                     [_thread_blocked, id=7480, stack(0x000000ed1b100000,0x000000ed1b200000) (1024K)]
Total: 17

Other Threads:
  0x00000288d5148090 VMThread "VM Thread"                           [id=8532, stack(0x000000ed1b800000,0x000000ed1b900000) (1024K)]
  0x00000288d5132ba0 WatcherThread "VM Periodic Task Thread"        [id=15804, stack(0x000000ed1b700000,0x000000ed1b800000) (1024K)]
  0x00000288b6928660 WorkerThread "GC Thread#0"                     [id=9424, stack(0x000000ed1b200000,0x000000ed1b300000) (1024K)]
  0x000002891b7e43f0 WorkerThread "GC Thread#1"                     [id=10412, stack(0x000000ed1c700000,0x000000ed1c800000) (1024K)]
  0x00000288d58db770 WorkerThread "GC Thread#2"                     [id=12948, stack(0x000000ed1c800000,0x000000ed1c900000) (1024K)]
  0x00000288d58dbb10 WorkerThread "GC Thread#3"                     [id=5176, stack(0x000000ed1c900000,0x000000ed1ca00000) (1024K)]
  0x00000288d5d88b80 WorkerThread "GC Thread#4"                     [id=1840, stack(0x000000ed1ca00000,0x000000ed1cb00000) (1024K)]
  0x00000288d591a500 WorkerThread "GC Thread#5"                     [id=18000, stack(0x000000ed1cb00000,0x000000ed1cc00000) (1024K)]
  0x000002891b85c0f0 WorkerThread "GC Thread#6"                     [id=2528, stack(0x000000ed1cc00000,0x000000ed1cd00000) (1024K)]
  0x000002891b9339a0 WorkerThread "GC Thread#7"                     [id=1476, stack(0x000000ed1d200000,0x000000ed1d300000) (1024K)]
  0x00000288b6939230 ConcurrentGCThread "G1 Main Marker"            [id=2112, stack(0x000000ed1b300000,0x000000ed1b400000) (1024K)]
  0x00000288b693ace0 WorkerThread "G1 Conc#0"                       [id=17496, stack(0x000000ed1b400000,0x000000ed1b500000) (1024K)]
  0x00000288d5000150 ConcurrentGCThread "G1 Refine#0"               [id=5608, stack(0x000000ed1b500000,0x000000ed1b600000) (1024K)]
  0x00000288d5000ad0 ConcurrentGCThread "G1 Service"                [id=13952, stack(0x000000ed1b600000,0x000000ed1b700000) (1024K)]
Total: 14

Threads with active compile tasks:
C2 CompilerThread0     1598 2255       4       sun.java2d.marlin.MarlinTileGenerator::getAlphaNoRLE (364 bytes)
C2 CompilerThread1     1598 2214 %     4       sun.java2d.marlin.MarlinTileGenerator::getAlphaRLE @ 510 (1749 bytes)
C2 CompilerThread2     1598 2037       4       com.kitfox.svg.SVGElement::getStyle (246 bytes)
Total: 3

VM state: not at safepoint (normal execution)

VM Mutex/Monitor currently owned by a thread: None

Heap address: 0x0000000083200000, size: 1998 MB, Compressed Oops mode: 32-bit

CDS archive(s) mapped at: [0x00000288d6000000-0x00000288d6c90000-0x00000288d6c90000), size 13172736, SharedBaseAddress: 0x00000288d6000000, ArchiveRelocationMode: 1.
Compressed class space mapped at: 0x00000288d7000000-0x0000028917000000, reserved size: 1073741824
Narrow klass base: 0x00000288d6000000, Narrow klass shift: 0, Narrow klass range: 0x100000000

GC Precious Log:
 CardTable entry size: 512
 Card Set container configuration: InlinePtr #cards 5 size 8 Array Of Cards #cards 12 size 40 Howl #buckets 4 coarsen threshold 1843 Howl Bitmap #cards 512 size 80 coarsen threshold 460 Card regions per heap region 1 cards per card region 2048
 CPUs: 8 total, 8 available
 Memory: 7987M
 Large Page Support: Disabled
 NUMA Support: Disabled
 Compressed Oops: Enabled (32-bit)
 Heap Region Size: 1M
 Heap Min Capacity: 8M
 Heap Initial Capacity: 126M
 Heap Max Capacity: 1998M
 Pre-touch: Disabled
 Parallel Workers: 8
 Concurrent Workers: 2
 Concurrent Refinement Workers: 8
 Periodic GC: Disabled

Heap:
 garbage-first heap   total 129024K, used 20737K [0x0000000083200000, 0x0000000100000000)
  region size 1024K, 8 young (8192K), 3 survivors (3072K)
 Metaspace       used 13864K, committed 14144K, reserved 1114112K
  class space    used 1478K, committed 1600K, reserved 1048576K

Heap Regions: E=young(eden), S=young(survivor), O=old, HS=humongous(starts), HC=humongous(continues), CS=collection set, F=free, TAMS=top-at-mark-start, PB=parsable bottom
|   0|0x0000000083200000, 0x0000000083300000, 0x0000000083300000|100%|HS|  |TAMS 0x0000000083200000| PB 0x0000000083200000| Complete 
|   1|0x0000000083300000, 0x0000000083400000, 0x0000000083400000|100%|HC|  |TAMS 0x0000000083300000| PB 0x0000000083300000| Complete 
|   2|0x0000000083400000, 0x0000000083500000, 0x0000000083500000|100%|HS|  |TAMS 0x0000000083400000| PB 0x0000000083400000| Complete 
|   3|0x0000000083500000, 0x0000000083600000, 0x0000000083600000|100%| O|  |TAMS 0x0000000083500000| PB 0x0000000083500000| Untracked 
|   4|0x0000000083600000, 0x0000000083700000, 0x0000000083700000|100%| O|  |TAMS 0x0000000083600000| PB 0x0000000083600000| Untracked 
|   5|0x0000000083700000, 0x0000000083800000, 0x0000000083800000|100%| O|  |TAMS 0x0000000083700000| PB 0x0000000083700000| Untracked 
|   6|0x0000000083800000, 0x0000000083900000, 0x0000000083900000|100%| O|  |TAMS 0x0000000083800000| PB 0x0000000083800000| Untracked 
|   7|0x0000000083900000, 0x0000000083a00000, 0x0000000083a00000|100%| O|  |TAMS 0x0000000083900000| PB 0x0000000083900000| Untracked 
|   8|0x0000000083a00000, 0x0000000083b00000, 0x0000000083b00000|100%|HS|  |TAMS 0x0000000083a00000| PB 0x0000000083a00000| Complete 
|   9|0x0000000083b00000, 0x0000000083c00000, 0x0000000083c00000|100%|HC|  |TAMS 0x0000000083b00000| PB 0x0000000083b00000| Complete 
|  10|0x0000000083c00000, 0x0000000083d00000, 0x0000000083d00000|100%|HC|  |TAMS 0x0000000083c00000| PB 0x0000000083c00000| Complete 
|  11|0x0000000083d00000, 0x0000000083e00000, 0x0000000083e00000|100%| O|  |TAMS 0x0000000083d00000| PB 0x0000000083d00000| Untracked 
|  12|0x0000000083e00000, 0x0000000083f00000, 0x0000000083f00000|100%| O|  |TAMS 0x0000000083e00000| PB 0x0000000083e00000| Untracked 
|  13|0x0000000083f00000, 0x0000000083f5aac0, 0x0000000084000000| 35%| O|  |TAMS 0x0000000083f00000| PB 0x0000000083f00000| Untracked 
|  14|0x0000000084000000, 0x0000000084000000, 0x0000000084100000|  0%| F|  |TAMS 0x0000000084000000| PB 0x0000000084000000| Untracked 
|  15|0x0000000084100000, 0x0000000084100000, 0x0000000084200000|  0%| F|  |TAMS 0x0000000084100000| PB 0x0000000084100000| Untracked 
|  16|0x0000000084200000, 0x0000000084200000, 0x0000000084300000|  0%| F|  |TAMS 0x0000000084200000| PB 0x0000000084200000| Untracked 
|  17|0x0000000084300000, 0x0000000084300000, 0x0000000084400000|  0%| F|  |TAMS 0x0000000084300000| PB 0x0000000084300000| Untracked 
|  18|0x0000000084400000, 0x0000000084400000, 0x0000000084500000|  0%| F|  |TAMS 0x0000000084400000| PB 0x0000000084400000| Untracked 
|  19|0x0000000084500000, 0x0000000084500000, 0x0000000084600000|  0%| F|  |TAMS 0x0000000084500000| PB 0x0000000084500000| Untracked 
|  20|0x0000000084600000, 0x0000000084600000, 0x0000000084700000|  0%| F|  |TAMS 0x0000000084600000| PB 0x0000000084600000| Untracked 
|  21|0x0000000084700000, 0x0000000084700000, 0x0000000084800000|  0%| F|  |TAMS 0x0000000084700000| PB 0x0000000084700000| Untracked 
|  22|0x0000000084800000, 0x0000000084800000, 0x0000000084900000|  0%| F|  |TAMS 0x0000000084800000| PB 0x0000000084800000| Untracked 
|  23|0x0000000084900000, 0x0000000084900000, 0x0000000084a00000|  0%| F|  |TAMS 0x0000000084900000| PB 0x0000000084900000| Untracked 
|  24|0x0000000084a00000, 0x0000000084a00000, 0x0000000084b00000|  0%| F|  |TAMS 0x0000000084a00000| PB 0x0000000084a00000| Untracked 
|  25|0x0000000084b00000, 0x0000000084b00000, 0x0000000084c00000|  0%| F|  |TAMS 0x0000000084b00000| PB 0x0000000084b00000| Untracked 
|  26|0x0000000084c00000, 0x0000000084c00000, 0x0000000084d00000|  0%| F|  |TAMS 0x0000000084c00000| PB 0x0000000084c00000| Untracked 
|  27|0x0000000084d00000, 0x0000000084d00000, 0x0000000084e00000|  0%| F|  |TAMS 0x0000000084d00000| PB 0x0000000084d00000| Untracked 
|  28|0x0000000084e00000, 0x0000000084e00000, 0x0000000084f00000|  0%| F|  |TAMS 0x0000000084e00000| PB 0x0000000084e00000| Untracked 
|  29|0x0000000084f00000, 0x0000000084f00000, 0x0000000085000000|  0%| F|  |TAMS 0x0000000084f00000| PB 0x0000000084f00000| Untracked 
|  30|0x0000000085000000, 0x0000000085000000, 0x0000000085100000|  0%| F|  |TAMS 0x0000000085000000| PB 0x0000000085000000| Untracked 
|  31|0x0000000085100000, 0x0000000085100000, 0x0000000085200000|  0%| F|  |TAMS 0x0000000085100000| PB 0x0000000085100000| Untracked 
|  32|0x0000000085200000, 0x0000000085200000, 0x0000000085300000|  0%| F|  |TAMS 0x0000000085200000| PB 0x0000000085200000| Untracked 
|  33|0x0000000085300000, 0x0000000085300000, 0x0000000085400000|  0%| F|  |TAMS 0x0000000085300000| PB 0x0000000085300000| Untracked 
|  34|0x0000000085400000, 0x0000000085400000, 0x0000000085500000|  0%| F|  |TAMS 0x0000000085400000| PB 0x0000000085400000| Untracked 
|  35|0x0000000085500000, 0x0000000085500000, 0x0000000085600000|  0%| F|  |TAMS 0x0000000085500000| PB 0x0000000085500000| Untracked 
|  36|0x0000000085600000, 0x0000000085600000, 0x0000000085700000|  0%| F|  |TAMS 0x0000000085600000| PB 0x0000000085600000| Untracked 
|  37|0x0000000085700000, 0x0000000085700000, 0x0000000085800000|  0%| F|  |TAMS 0x0000000085700000| PB 0x0000000085700000| Untracked 
|  38|0x0000000085800000, 0x0000000085800000, 0x0000000085900000|  0%| F|  |TAMS 0x0000000085800000| PB 0x0000000085800000| Untracked 
|  39|0x0000000085900000, 0x0000000085900000, 0x0000000085a00000|  0%| F|  |TAMS 0x0000000085900000| PB 0x0000000085900000| Untracked 
|  40|0x0000000085a00000, 0x0000000085a00000, 0x0000000085b00000|  0%| F|  |TAMS 0x0000000085a00000| PB 0x0000000085a00000| Untracked 
|  41|0x0000000085b00000, 0x0000000085b00000, 0x0000000085c00000|  0%| F|  |TAMS 0x0000000085b00000| PB 0x0000000085b00000| Untracked 
|  42|0x0000000085c00000, 0x0000000085c00000, 0x0000000085d00000|  0%| F|  |TAMS 0x0000000085c00000| PB 0x0000000085c00000| Untracked 
|  43|0x0000000085d00000, 0x0000000085d00000, 0x0000000085e00000|  0%| F|  |TAMS 0x0000000085d00000| PB 0x0000000085d00000| Untracked 
|  44|0x0000000085e00000, 0x0000000085e00000, 0x0000000085f00000|  0%| F|  |TAMS 0x0000000085e00000| PB 0x0000000085e00000| Untracked 
|  45|0x0000000085f00000, 0x0000000085f00000, 0x0000000086000000|  0%| F|  |TAMS 0x0000000085f00000| PB 0x0000000085f00000| Untracked 
|  46|0x0000000086000000, 0x0000000086000000, 0x0000000086100000|  0%| F|  |TAMS 0x0000000086000000| PB 0x0000000086000000| Untracked 
|  47|0x0000000086100000, 0x0000000086100000, 0x0000000086200000|  0%| F|  |TAMS 0x0000000086100000| PB 0x0000000086100000| Untracked 
|  48|0x0000000086200000, 0x0000000086200000, 0x0000000086300000|  0%| F|  |TAMS 0x0000000086200000| PB 0x0000000086200000| Untracked 
|  49|0x0000000086300000, 0x0000000086300000, 0x0000000086400000|  0%| F|  |TAMS 0x0000000086300000| PB 0x0000000086300000| Untracked 
|  50|0x0000000086400000, 0x0000000086400000, 0x0000000086500000|  0%| F|  |TAMS 0x0000000086400000| PB 0x0000000086400000| Untracked 
|  51|0x0000000086500000, 0x0000000086500000, 0x0000000086600000|  0%| F|  |TAMS 0x0000000086500000| PB 0x0000000086500000| Untracked 
|  52|0x0000000086600000, 0x0000000086600000, 0x0000000086700000|  0%| F|  |TAMS 0x0000000086600000| PB 0x0000000086600000| Untracked 
|  53|0x0000000086700000, 0x0000000086700000, 0x0000000086800000|  0%| F|  |TAMS 0x0000000086700000| PB 0x0000000086700000| Untracked 
|  54|0x0000000086800000, 0x0000000086800000, 0x0000000086900000|  0%| F|  |TAMS 0x0000000086800000| PB 0x0000000086800000| Untracked 
|  55|0x0000000086900000, 0x0000000086900000, 0x0000000086a00000|  0%| F|  |TAMS 0x0000000086900000| PB 0x0000000086900000| Untracked 
|  56|0x0000000086a00000, 0x0000000086a00000, 0x0000000086b00000|  0%| F|  |TAMS 0x0000000086a00000| PB 0x0000000086a00000| Untracked 
|  57|0x0000000086b00000, 0x0000000086b00000, 0x0000000086c00000|  0%| F|  |TAMS 0x0000000086b00000| PB 0x0000000086b00000| Untracked 
|  58|0x0000000086c00000, 0x0000000086c00000, 0x0000000086d00000|  0%| F|  |TAMS 0x0000000086c00000| PB 0x0000000086c00000| Untracked 
|  59|0x0000000086d00000, 0x0000000086d00000, 0x0000000086e00000|  0%| F|  |TAMS 0x0000000086d00000| PB 0x0000000086d00000| Untracked 
|  60|0x0000000086e00000, 0x0000000086e00000, 0x0000000086f00000|  0%| F|  |TAMS 0x0000000086e00000| PB 0x0000000086e00000| Untracked 
|  61|0x0000000086f00000, 0x0000000086f00000, 0x0000000087000000|  0%| F|  |TAMS 0x0000000086f00000| PB 0x0000000086f00000| Untracked 
|  62|0x0000000087000000, 0x0000000087000000, 0x0000000087100000|  0%| F|  |TAMS 0x0000000087000000| PB 0x0000000087000000| Untracked 
|  63|0x0000000087100000, 0x0000000087100000, 0x0000000087200000|  0%| F|  |TAMS 0x0000000087100000| PB 0x0000000087100000| Untracked 
|  64|0x0000000087200000, 0x0000000087200000, 0x0000000087300000|  0%| F|  |TAMS 0x0000000087200000| PB 0x0000000087200000| Untracked 
|  65|0x0000000087300000, 0x0000000087300000, 0x0000000087400000|  0%| F|  |TAMS 0x0000000087300000| PB 0x0000000087300000| Untracked 
|  66|0x0000000087400000, 0x0000000087400000, 0x0000000087500000|  0%| F|  |TAMS 0x0000000087400000| PB 0x0000000087400000| Untracked 
|  67|0x0000000087500000, 0x0000000087500000, 0x0000000087600000|  0%| F|  |TAMS 0x0000000087500000| PB 0x0000000087500000| Untracked 
|  68|0x0000000087600000, 0x0000000087600000, 0x0000000087700000|  0%| F|  |TAMS 0x0000000087600000| PB 0x0000000087600000| Untracked 
|  69|0x0000000087700000, 0x0000000087700000, 0x0000000087800000|  0%| F|  |TAMS 0x0000000087700000| PB 0x0000000087700000| Untracked 
|  70|0x0000000087800000, 0x0000000087800000, 0x0000000087900000|  0%| F|  |TAMS 0x0000000087800000| PB 0x0000000087800000| Untracked 
|  71|0x0000000087900000, 0x0000000087900000, 0x0000000087a00000|  0%| F|  |TAMS 0x0000000087900000| PB 0x0000000087900000| Untracked 
|  72|0x0000000087a00000, 0x0000000087a00000, 0x0000000087b00000|  0%| F|  |TAMS 0x0000000087a00000| PB 0x0000000087a00000| Untracked 
|  73|0x0000000087b00000, 0x0000000087b00000, 0x0000000087c00000|  0%| F|  |TAMS 0x0000000087b00000| PB 0x0000000087b00000| Untracked 
|  74|0x0000000087c00000, 0x0000000087c00000, 0x0000000087d00000|  0%| F|  |TAMS 0x0000000087c00000| PB 0x0000000087c00000| Untracked 
|  75|0x0000000087d00000, 0x0000000087d00000, 0x0000000087e00000|  0%| F|  |TAMS 0x0000000087d00000| PB 0x0000000087d00000| Untracked 
|  76|0x0000000087e00000, 0x0000000087e00000, 0x0000000087f00000|  0%| F|  |TAMS 0x0000000087e00000| PB 0x0000000087e00000| Untracked 
|  77|0x0000000087f00000, 0x0000000087f00000, 0x0000000088000000|  0%| F|  |TAMS 0x0000000087f00000| PB 0x0000000087f00000| Untracked 
|  78|0x0000000088000000, 0x0000000088000000, 0x0000000088100000|  0%| F|  |TAMS 0x0000000088000000| PB 0x0000000088000000| Untracked 
|  79|0x0000000088100000, 0x0000000088100000, 0x0000000088200000|  0%| F|  |TAMS 0x0000000088100000| PB 0x0000000088100000| Untracked 
|  80|0x0000000088200000, 0x0000000088200000, 0x0000000088300000|  0%| F|  |TAMS 0x0000000088200000| PB 0x0000000088200000| Untracked 
|  81|0x0000000088300000, 0x0000000088300000, 0x0000000088400000|  0%| F|  |TAMS 0x0000000088300000| PB 0x0000000088300000| Untracked 
|  82|0x0000000088400000, 0x0000000088400000, 0x0000000088500000|  0%| F|  |TAMS 0x0000000088400000| PB 0x0000000088400000| Untracked 
|  83|0x0000000088500000, 0x0000000088500000, 0x0000000088600000|  0%| F|  |TAMS 0x0000000088500000| PB 0x0000000088500000| Untracked 
|  84|0x0000000088600000, 0x0000000088600000, 0x0000000088700000|  0%| F|  |TAMS 0x0000000088600000| PB 0x0000000088600000| Untracked 
|  85|0x0000000088700000, 0x0000000088700000, 0x0000000088800000|  0%| F|  |TAMS 0x0000000088700000| PB 0x0000000088700000| Untracked 
|  86|0x0000000088800000, 0x0000000088800000, 0x0000000088900000|  0%| F|  |TAMS 0x0000000088800000| PB 0x0000000088800000| Untracked 
|  87|0x0000000088900000, 0x0000000088900000, 0x0000000088a00000|  0%| F|  |TAMS 0x0000000088900000| PB 0x0000000088900000| Untracked 
|  88|0x0000000088a00000, 0x0000000088a00000, 0x0000000088b00000|  0%| F|  |TAMS 0x0000000088a00000| PB 0x0000000088a00000| Untracked 
|  89|0x0000000088b00000, 0x0000000088b00000, 0x0000000088c00000|  0%| F|  |TAMS 0x0000000088b00000| PB 0x0000000088b00000| Untracked 
|  90|0x0000000088c00000, 0x0000000088c00000, 0x0000000088d00000|  0%| F|  |TAMS 0x0000000088c00000| PB 0x0000000088c00000| Untracked 
|  91|0x0000000088d00000, 0x0000000088d00000, 0x0000000088e00000|  0%| F|  |TAMS 0x0000000088d00000| PB 0x0000000088d00000| Untracked 
|  92|0x0000000088e00000, 0x0000000088ee5af0, 0x0000000088f00000| 89%| S|CS|TAMS 0x0000000088e00000| PB 0x0000000088e00000| Complete 
|  93|0x0000000088f00000, 0x0000000089000000, 0x0000000089000000|100%| S|CS|TAMS 0x0000000088f00000| PB 0x0000000088f00000| Complete 
|  94|0x0000000089000000, 0x0000000089100000, 0x0000000089100000|100%| S|CS|TAMS 0x0000000089000000| PB 0x0000000089000000| Complete 
|  95|0x0000000089100000, 0x0000000089100000, 0x0000000089200000|  0%| F|  |TAMS 0x0000000089100000| PB 0x0000000089100000| Untracked 
|  96|0x0000000089200000, 0x0000000089200000, 0x0000000089300000|  0%| F|  |TAMS 0x0000000089200000| PB 0x0000000089200000| Untracked 
|  97|0x0000000089300000, 0x0000000089300000, 0x0000000089400000|  0%| F|  |TAMS 0x0000000089300000| PB 0x0000000089300000| Untracked 
|  98|0x0000000089400000, 0x0000000089400000, 0x0000000089500000|  0%| F|  |TAMS 0x0000000089400000| PB 0x0000000089400000| Untracked 
|  99|0x0000000089500000, 0x0000000089500000, 0x0000000089600000|  0%| F|  |TAMS 0x0000000089500000| PB 0x0000000089500000| Untracked 
| 100|0x0000000089600000, 0x0000000089600000, 0x0000000089700000|  0%| F|  |TAMS 0x0000000089600000| PB 0x0000000089600000| Untracked 
| 101|0x0000000089700000, 0x0000000089700000, 0x0000000089800000|  0%| F|  |TAMS 0x0000000089700000| PB 0x0000000089700000| Untracked 
| 102|0x0000000089800000, 0x0000000089800000, 0x0000000089900000|  0%| F|  |TAMS 0x0000000089800000| PB 0x0000000089800000| Untracked 
| 103|0x0000000089900000, 0x0000000089900000, 0x0000000089a00000|  0%| F|  |TAMS 0x0000000089900000| PB 0x0000000089900000| Untracked 
| 104|0x0000000089a00000, 0x0000000089a00000, 0x0000000089b00000|  0%| F|  |TAMS 0x0000000089a00000| PB 0x0000000089a00000| Untracked 
| 105|0x0000000089b00000, 0x0000000089b00000, 0x0000000089c00000|  0%| F|  |TAMS 0x0000000089b00000| PB 0x0000000089b00000| Untracked 
| 106|0x0000000089c00000, 0x0000000089c00000, 0x0000000089d00000|  0%| F|  |TAMS 0x0000000089c00000| PB 0x0000000089c00000| Untracked 
| 107|0x0000000089d00000, 0x0000000089d00000, 0x0000000089e00000|  0%| F|  |TAMS 0x0000000089d00000| PB 0x0000000089d00000| Untracked 
| 108|0x0000000089e00000, 0x0000000089e00000, 0x0000000089f00000|  0%| F|  |TAMS 0x0000000089e00000| PB 0x0000000089e00000| Untracked 
| 109|0x0000000089f00000, 0x0000000089f00000, 0x000000008a000000|  0%| F|  |TAMS 0x0000000089f00000| PB 0x0000000089f00000| Untracked 
| 110|0x000000008a000000, 0x000000008a000000, 0x000000008a100000|  0%| F|  |TAMS 0x000000008a000000| PB 0x000000008a000000| Untracked 
| 111|0x000000008a100000, 0x000000008a100000, 0x000000008a200000|  0%| F|  |TAMS 0x000000008a100000| PB 0x000000008a100000| Untracked 
| 112|0x000000008a200000, 0x000000008a200000, 0x000000008a300000|  0%| F|  |TAMS 0x000000008a200000| PB 0x000000008a200000| Untracked 
| 113|0x000000008a300000, 0x000000008a300000, 0x000000008a400000|  0%| F|  |TAMS 0x000000008a300000| PB 0x000000008a300000| Untracked 
| 114|0x000000008a400000, 0x000000008a400000, 0x000000008a500000|  0%| F|  |TAMS 0x000000008a400000| PB 0x000000008a400000| Untracked 
| 115|0x000000008a500000, 0x000000008a500000, 0x000000008a600000|  0%| F|  |TAMS 0x000000008a500000| PB 0x000000008a500000| Untracked 
| 116|0x000000008a600000, 0x000000008a600000, 0x000000008a700000|  0%| F|  |TAMS 0x000000008a600000| PB 0x000000008a600000| Untracked 
| 117|0x000000008a700000, 0x000000008a700000, 0x000000008a800000|  0%| F|  |TAMS 0x000000008a700000| PB 0x000000008a700000| Untracked 
| 118|0x000000008a800000, 0x000000008a800000, 0x000000008a900000|  0%| F|  |TAMS 0x000000008a800000| PB 0x000000008a800000| Untracked 
| 119|0x000000008a900000, 0x000000008a900000, 0x000000008aa00000|  0%| F|  |TAMS 0x000000008a900000| PB 0x000000008a900000| Untracked 
| 120|0x000000008aa00000, 0x000000008aa00000, 0x000000008ab00000|  0%| F|  |TAMS 0x000000008aa00000| PB 0x000000008aa00000| Untracked 
| 121|0x000000008ab00000, 0x000000008ab6b078, 0x000000008ac00000| 41%| E|  |TAMS 0x000000008ab00000| PB 0x000000008ab00000| Complete 
| 122|0x000000008ac00000, 0x000000008ad00000, 0x000000008ad00000|100%| E|CS|TAMS 0x000000008ac00000| PB 0x000000008ac00000| Complete 
| 123|0x000000008ad00000, 0x000000008ae00000, 0x000000008ae00000|100%| E|CS|TAMS 0x000000008ad00000| PB 0x000000008ad00000| Complete 
| 124|0x000000008ae00000, 0x000000008af00000, 0x000000008af00000|100%| E|CS|TAMS 0x000000008ae00000| PB 0x000000008ae00000| Complete 
| 125|0x000000008af00000, 0x000000008b000000, 0x000000008b000000|100%| E|CS|TAMS 0x000000008af00000| PB 0x000000008af00000| Complete 

Card table byte_map: [0x00000288d0380000,0x00000288d0770000] _byte_map_base: 0x00000288cff67000

Marking Bits: (CMBitMap*) 0x00000288b6928d60
 Bits: [0x00000288d0770000, 0x00000288d26a8000)

Polling page: 0x00000288b6990000

Metaspace:

Usage:
  Non-class:     12.19 MB used.
      Class:      1.45 MB used.
       Both:     13.64 MB used.

Virtual space:
  Non-class space:       64.00 MB reserved,      12.38 MB ( 19%) committed,  1 nodes.
      Class space:        1.00 GB reserved,       1.62 MB ( <1%) committed,  1 nodes.
             Both:        1.06 GB reserved,      14.00 MB (  1%) committed. 

Chunk freelists:
   Non-Class:  2.98 MB
       Class:  14.23 MB
        Both:  17.21 MB

MaxMetaspaceSize: unlimited
CompressedClassSpaceSize: 1.00 GB
Initial GC threshold: 21.00 MB
Current GC threshold: 21.00 MB
CDS: on
 - commit_granule_bytes: 65536.
 - commit_granule_words: 8192.
 - virtual_space_node_default_size: 8388608.
 - enlarge_chunks_in_place: 1.
 - use_allocation_guard: 0.


Internal statistics:

num_allocs_failed_limit: 0.
num_arena_births: 246.
num_arena_deaths: 0.
num_vsnodes_births: 2.
num_vsnodes_deaths: 0.
num_space_committed: 224.
num_space_uncommitted: 0.
num_chunks_returned_to_freelist: 0.
num_chunks_taken_from_freelist: 391.
num_chunk_merges: 0.
num_chunk_splits: 236.
num_chunks_enlarged: 132.
num_inconsistent_stats: 0.

CodeHeap 'non-profiled nmethods': size=120000Kb used=926Kb max_used=926Kb free=119073Kb
 bounds [0x00000288c7fd0000, 0x00000288c8240000, 0x00000288cf500000]
CodeHeap 'profiled nmethods': size=120000Kb used=4742Kb max_used=4742Kb free=115257Kb
 bounds [0x00000288c0500000, 0x00000288c09b0000, 0x00000288c7a30000]
CodeHeap 'non-nmethods': size=5760Kb used=1889Kb max_used=1908Kb free=3870Kb
 bounds [0x00000288c7a30000, 0x00000288c7ca0000, 0x00000288c7fd0000]
 total_blobs=2986 nmethods=2265 adapters=625
 compilation: enabled
              stopped_count=0, restarted_count=0
 full_count=0

Compilation events (20 events):
Event: 1.565 Thread 0x00000288d5173020 nmethod 2250 0x00000288c097b590 code [0x00000288c097ba60, 0x00000288c097d780]
Event: 1.565 Thread 0x00000288d5173020 2249       3       sun.java2d.pipe.Region::getHeight (32 bytes)
Event: 1.565 Thread 0x00000288d5173020 nmethod 2249 0x00000288c097dd10 code [0x00000288c097dec0, 0x00000288c097e070]
Event: 1.565 Thread 0x00000288d5173020 2251       3       sun.java2d.marlin.ArrayCacheIntClean$Reference::putArray (45 bytes)
Event: 1.566 Thread 0x00000288d5173020 nmethod 2251 0x00000288c097e110 code [0x00000288c097e320, 0x00000288c097e800]
Event: 1.566 Thread 0x00000288d5173020 2252       3       sun.java2d.marlin.ArrayCacheIntClean::fill (21 bytes)
Event: 1.566 Thread 0x00000288d5173020 nmethod 2252 0x00000288c097ea90 code [0x00000288c097ec40, 0x00000288c097ed90]
Event: 1.566 Thread 0x00000288d5173020 2253       3       sun.java2d.ReentrantContextProviderTL::release (25 bytes)
Event: 1.566 Thread 0x00000288d5173020 nmethod 2253 0x00000288c097ee90 code [0x00000288c097f060, 0x00000288c097f328]
Event: 1.566 Thread 0x00000288d5173020 2246       3       sun.java2d.pipe.PixelToParallelogramConverter::fill (76 bytes)
Event: 1.566 Thread 0x00000288d5173020 nmethod 2246 0x00000288c097f490 code [0x00000288c097f6e0, 0x00000288c097ffe8]
Event: 1.566 Thread 0x00000288d5173020 2248       3       sun.awt.windows.WToolkit::getScreenResolution (12 bytes)
Event: 1.566 Thread 0x00000288d5173020 nmethod 2248 0x00000288c0980210 code [0x00000288c09803c0, 0x00000288c0980560]
Event: 1.567 Thread 0x00000288d5173020 2256       3       java.lang.Double::parseDouble (5 bytes)
Event: 1.567 Thread 0x00000288d5173020 nmethod 2256 0x00000288c0980610 code [0x00000288c09807e0, 0x00000288c0980a20]
Event: 1.567 Thread 0x00000288d5173020 2257       3       jdk.internal.math.FloatingDecimal::parseDouble (10 bytes)
Event: 1.567 Thread 0x00000288d5173020 nmethod 2257 0x00000288c0980b10 code [0x00000288c0980cc0, 0x00000288c0980ea8]
Event: 1.567 Thread 0x00000288d5173020 2258       3       com.kitfox.svg.Path::doRender (20 bytes)
Event: 1.567 Thread 0x00000288d5173020 nmethod 2258 0x00000288c0980f90 code [0x00000288c0981180, 0x00000288c0981710]
Event: 1.567 Thread 0x00000288d5173020 2259   !   3       com.kitfox.svg.ShapeElement::renderShape (1162 bytes)

GC Heap History (4 events):
Event: 0.831 GC heap before
{Heap before GC invocations=0 (full 0):
 garbage-first heap   total 129024K, used 26624K [0x0000000083200000, 0x0000000100000000)
  region size 1024K, 23 young (23552K), 0 survivors (0K)
 Metaspace       used 5550K, committed 5760K, reserved 1114112K
  class space    used 520K, committed 640K, reserved 1048576K
}
Event: 0.835 GC heap after
{Heap after GC invocations=1 (full 0):
 garbage-first heap   total 129024K, used 10432K [0x0000000083200000, 0x0000000100000000)
  region size 1024K, 3 young (3072K), 3 survivors (3072K)
 Metaspace       used 5550K, committed 5760K, reserved 1114112K
  class space    used 520K, committed 640K, reserved 1048576K
}
Event: 1.484 GC heap before
{Heap before GC invocations=1 (full 0):
 garbage-first heap   total 129024K, used 41152K [0x0000000083200000, 0x0000000100000000)
  region size 1024K, 31 young (31744K), 3 survivors (3072K)
 Metaspace       used 13588K, committed 13888K, reserved 1114112K
  class space    used 1465K, committed 1600K, reserved 1048576K
}
Event: 1.488 GC heap after
{Heap after GC invocations=2 (full 0):
 garbage-first heap   total 129024K, used 16641K [0x0000000083200000, 0x0000000100000000)
  region size 1024K, 3 young (3072K), 3 survivors (3072K)
 Metaspace       used 13588K, committed 13888K, reserved 1114112K
  class space    used 1465K, committed 1600K, reserved 1048576K
}

Dll operation events (11 events):
Event: 0.013 Loaded shared library C:\Program Files\Java\jdk-21\bin\java.dll
Event: 0.062 Loaded shared library C:\Program Files\Java\jdk-21\bin\jsvml.dll
Event: 0.153 Loaded shared library C:\Program Files\Java\jdk-21\bin\jimage.dll
Event: 0.161 Loaded shared library C:\Program Files\Java\jdk-21\bin\net.dll
Event: 0.162 Loaded shared library C:\Program Files\Java\jdk-21\bin\nio.dll
Event: 0.165 Loaded shared library C:\Program Files\Java\jdk-21\bin\zip.dll
Event: 0.272 Loaded shared library C:\Program Files\Java\jdk-21\bin\awt.dll
Event: 0.411 Loaded shared library C:\Program Files\Java\jdk-21\bin\freetype.dll
Event: 0.412 Loaded shared library C:\Program Files\Java\jdk-21\bin\fontmanager.dll
Event: 0.941 Loaded shared library C:\Users\Kiet\AppData\Local\Temp\flatlaf.temp\flatlaf-windows-x86_64-853895704327000.dll
Event: 0.964 Loaded shared library C:\Program Files\Java\jdk-21\bin\verify.dll

Deoptimization events (20 events):
Event: 1.408 Thread 0x000002891b50e890 DEOPT PACKING pc=0x00000288c808ff4c sp=0x000000ed1cefc3c0
Event: 1.408 Thread 0x000002891b50e890 DEOPT UNPACKING pc=0x00000288c7a87da2 sp=0x000000ed1cefc368 mode 2
Event: 1.441 Thread 0x000002891b50e890 DEOPT PACKING pc=0x00000288c08d3184 sp=0x000000ed1cefc8d0
Event: 1.441 Thread 0x000002891b50e890 DEOPT UNPACKING pc=0x00000288c7a888e2 sp=0x000000ed1cefbc58 mode 0
Event: 1.447 Thread 0x000002891b50e890 DEOPT PACKING pc=0x00000288c08cb7cd sp=0x000000ed1cefcc10
Event: 1.447 Thread 0x000002891b50e890 DEOPT UNPACKING pc=0x00000288c7a888e2 sp=0x000000ed1cefc0c0 mode 0
Event: 1.453 Thread 0x000002891b50e890 DEOPT PACKING pc=0x00000288c08d3184 sp=0x000000ed1cefc760
Event: 1.453 Thread 0x000002891b50e890 DEOPT UNPACKING pc=0x00000288c7a888e2 sp=0x000000ed1cefbae8 mode 0
Event: 1.506 Thread 0x000002891b50e890 DEOPT PACKING pc=0x00000288c08c8a8a sp=0x000000ed1cefccc0
Event: 1.506 Thread 0x000002891b50e890 DEOPT UNPACKING pc=0x00000288c7a888e2 sp=0x000000ed1cefc0c0 mode 0
Event: 1.524 Thread 0x000002891b50e890 DEOPT PACKING pc=0x00000288c08c8a8a sp=0x000000ed1cefccc0
Event: 1.524 Thread 0x000002891b50e890 DEOPT UNPACKING pc=0x00000288c7a888e2 sp=0x000000ed1cefc0c0 mode 0
Event: 1.551 Thread 0x000002891b50e890 DEOPT PACKING pc=0x00000288c08c8a8a sp=0x000000ed1cefcb60
Event: 1.552 Thread 0x000002891b50e890 DEOPT UNPACKING pc=0x00000288c7a888e2 sp=0x000000ed1cefbf60 mode 0
Event: 1.552 Thread 0x000002891b50e890 DEOPT PACKING pc=0x00000288c08c8a8a sp=0x000000ed1cefcb60
Event: 1.552 Thread 0x000002891b50e890 DEOPT UNPACKING pc=0x00000288c7a888e2 sp=0x000000ed1cefbf60 mode 0
Event: 1.566 Thread 0x000002891b50e890 DEOPT PACKING pc=0x00000288c092c42d sp=0x000000ed1cefcbd0
Event: 1.566 Thread 0x000002891b50e890 DEOPT UNPACKING pc=0x00000288c7a888e2 sp=0x000000ed1cefc010 mode 0
Event: 1.570 Thread 0x000002891b50e890 DEOPT PACKING pc=0x00000288c092c42d sp=0x000000ed1cefcd40
Event: 1.570 Thread 0x000002891b50e890 DEOPT UNPACKING pc=0x00000288c7a888e2 sp=0x000000ed1cefc180 mode 0

Classes loaded (20 events):
Event: 1.528 Loading class java/awt/event/FocusEvent
Event: 1.528 Loading class java/awt/event/FocusEvent done
Event: 1.528 Loading class java/awt/event/ContainerEvent
Event: 1.528 Loading class java/awt/event/ContainerEvent done
Event: 1.529 Loading class java/awt/DefaultKeyboardFocusManager$DefaultKeyboardFocusManagerSentEvent
Event: 1.529 Loading class java/awt/SentEvent
Event: 1.529 Loading class java/awt/SentEvent done
Event: 1.529 Loading class java/awt/DefaultKeyboardFocusManager$DefaultKeyboardFocusManagerSentEvent done
Event: 1.530 Loading class sun/awt/WeakIdentityHashMap$WeakKey
Event: 1.530 Loading class sun/awt/WeakIdentityHashMap$WeakKey done
Event: 1.530 Loading class java/util/ArrayList$ListItr
Event: 1.530 Loading class java/util/ArrayList$ListItr done
Event: 1.531 Loading class sun/awt/KeyboardFocusManagerPeerImpl$KfmAccessor
Event: 1.531 Loading class sun/awt/KeyboardFocusManagerPeerImpl$KfmAccessor done
Event: 1.531 Loading class java/awt/KeyboardFocusManager$HeavyweightFocusRequest
Event: 1.531 Loading class java/awt/KeyboardFocusManager$HeavyweightFocusRequest done
Event: 1.531 Loading class java/awt/DefaultKeyboardFocusManager$TypeAheadMarker
Event: 1.531 Loading class java/awt/DefaultKeyboardFocusManager$TypeAheadMarker done
Event: 1.531 Loading class java/awt/KeyboardFocusManager$LightweightFocusRequest
Event: 1.531 Loading class java/awt/KeyboardFocusManager$LightweightFocusRequest done

Classes unloaded (0 events):
No events

Classes redefined (0 events):
No events

Internal exceptions (20 events):
Event: 0.815 Thread 0x00000288b68c9810 Exception <a 'java/lang/ClassNotFoundException'{0x00000000899689b8}: com/sun/swing/internal/plaf/basic/resources/spi/basicProvider> (0x00000000899689b8) 
thrown [s\open\src\hotspot\share\classfile\systemDictionary.cpp, line 312]
Event: 0.819 Thread 0x00000288b68c9810 Exception <a 'java/lang/NoSuchMethodError'{0x000000008998c1f8}: 'int java.lang.invoke.DirectMethodHandle$Holder.invokeStatic(java.lang.Object)'> (0x000000008998c1f8) 
thrown [s\open\src\hotspot\share\interpreter\linkResolver.cpp, line 773]
Event: 0.911 Thread 0x00000288b68c9810 Exception <a 'java/lang/NoSuchMethodError'{0x000000008ae931b8}: 'java.lang.Object java.lang.invoke.Invokers$Holder.invokeExact_MT(java.lang.Object, java.lang.Object, java.lang.Object, java.lang.Object, java.lang.Object, java.lang.Object)'> (0x000000008ae931b8) 
thrown [s\open\src\hotspot\share\interpreter\linkResolver.cpp, line 773]
Event: 0.918 Thread 0x00000288b68c9810 Implicit null exception at 0x00000288c80125e6 to 0x00000288c801268a
Event: 0.918 Thread 0x00000288b68c9810 Implicit null exception at 0x00000288c803a53a to 0x00000288c803a7b0
Event: 0.918 Thread 0x00000288b68c9810 Implicit null exception at 0x00000288c7ffcf3d to 0x00000288c7ffcfc1
Event: 0.929 Thread 0x00000288b68c9810 Exception <a 'java/lang/NoSuchMethodError'{0x000000008ad26488}: 'int java.lang.invoke.Invokers$Holder.invokeExact_MT(java.lang.Object, java.lang.Object)'> (0x000000008ad26488) 
thrown [s\open\src\hotspot\share\interpreter\linkResolver.cpp, line 773]
Event: 0.934 Thread 0x00000288b68c9810 Exception <a 'sun/nio/fs/WindowsException'{0x000000008ad4b408}> (0x000000008ad4b408) 
thrown [s\open\src\hotspot\share\prims\jni.cpp, line 520]
Event: 0.980 Thread 0x00000288b68c9810 Exception <a 'java/lang/NoSuchMethodError'{0x000000008ac3a218}: 'java.lang.Object java.lang.invoke.DirectMethodHandle$Holder.invokeVirtual(java.lang.Object, java.lang.Object, java.lang.Object, java.lang.Object)'> (0x000000008ac3a218) 
thrown [s\open\src\hotspot\share\interpreter\linkResolver.cpp, line 773]
Event: 1.016 Thread 0x00000288b68c9810 Exception <a 'java/lang/NoSuchMethodError'{0x000000008ab09270}: 'int java.lang.invoke.DirectMethodHandle$Holder.invokeVirtual(java.lang.Object, java.lang.Object)'> (0x000000008ab09270) 
thrown [s\open\src\hotspot\share\interpreter\linkResolver.cpp, line 773]
Event: 1.016 Thread 0x00000288b68c9810 Exception <a 'java/lang/NoSuchMethodError'{0x000000008ab0d3f0}: 'int java.lang.invoke.DirectMethodHandle$Holder.invokeSpecial(java.lang.Object, java.lang.Object, java.lang.Object)'> (0x000000008ab0d3f0) 
thrown [s\open\src\hotspot\share\interpreter\linkResolver.cpp, line 773]
Event: 1.017 Thread 0x00000288b68c9810 Exception <a 'java/lang/NoSuchMethodError'{0x000000008ab17d08}: 'void java.lang.invoke.DirectMethodHandle$Holder.invokeVirtual(java.lang.Object, java.lang.Object, int)'> (0x000000008ab17d08) 
thrown [s\open\src\hotspot\share\interpreter\linkResolver.cpp, line 773]
Event: 1.018 Thread 0x00000288b68c9810 Exception <a 'java/lang/NoSuchMethodError'{0x000000008ab1c038}: 'int java.lang.invoke.DirectMethodHandle$Holder.invokeSpecial(java.lang.Object, java.lang.Object, java.lang.Object, int)'> (0x000000008ab1c038) 
thrown [s\open\src\hotspot\share\interpreter\linkResolver.cpp, line 773]
Event: 1.019 Thread 0x00000288b68c9810 Exception <a 'java/lang/NoSuchMethodError'{0x000000008ab2e628}: 'java.lang.Object java.lang.invoke.DirectMethodHandle$Holder.invokeStatic(java.lang.Object, java.lang.Object, java.lang.Object, java.lang.Object, int)'> (0x000000008ab2e628) 
thrown [s\open\src\hotspot\share\interpreter\linkResolver.cpp, line 773]
Event: 1.020 Thread 0x00000288b68c9810 Exception <a 'java/lang/NoSuchMethodError'{0x000000008ab391f0}: 'void java.lang.invoke.DelegatingMethodHandle$Holder.reinvoke_L(java.lang.Object, java.lang.Object, int)'> (0x000000008ab391f0) 
thrown [s\open\src\hotspot\share\interpreter\linkResolver.cpp, line 773]
Event: 1.028 Thread 0x00000288b68c9810 Exception <a 'java/lang/NoSuchMethodError'{0x000000008ab673f0}: 'void java.lang.invoke.Invokers$Holder.invokeExact_MT(java.lang.Object, java.lang.Object, java.lang.Object, java.lang.Object)'> (0x000000008ab673f0) 
thrown [s\open\src\hotspot\share\interpreter\linkResolver.cpp, line 773]
Event: 1.032 Thread 0x00000288b68c9810 Exception <a 'java/lang/NoSuchMethodError'{0x000000008ab7f960}: 'void java.lang.invoke.DirectMethodHandle$Holder.invokeSpecial(java.lang.Object, java.lang.Object, java.lang.Object, java.lang.Object, java.lang.Object)'> (0x000000008ab7f960) 
thrown [s\open\src\hotspot\share\interpreter\linkResolver.cpp, line 773]
Event: 1.035 Thread 0x00000288b68c9810 Exception <a 'java/lang/NoSuchMethodError'{0x000000008ab8d7d0}: 'int java.lang.invoke.Invokers$Holder.invokeExact_MT(java.lang.Object, java.lang.Object, java.lang.Object)'> (0x000000008ab8d7d0) 
thrown [s\open\src\hotspot\share\interpreter\linkResolver.cpp, line 773]
Event: 1.052 Thread 0x00000288d5955800 Exception <a 'java/lang/NoSuchMethodError'{0x000000008abf9568}: 'void java.lang.invoke.DirectMethodHandle$Holder.invokeVirtual(java.lang.Object, java.lang.Object)'> (0x000000008abf9568) 
thrown [s\open\src\hotspot\share\interpreter\linkResolver.cpp, line 773]
Event: 1.065 Thread 0x00000288b68c9810 Exception <a 'java/lang/NoSuchMethodError'{0x000000008abbe920}: 'void java.lang.invoke.DirectMethodHandle$Holder.invokeStaticInit(java.lang.Object)'> (0x000000008abbe920) 
thrown [s\open\src\hotspot\share\interpreter\linkResolver.cpp, line 773]

ZGC Phase Switch (0 events):
No events

VM Operations (20 events):
Event: 0.825 Executing VM operation: HandshakeAllThreads (Deoptimize)
Event: 0.825 Executing VM operation: HandshakeAllThreads (Deoptimize) done
Event: 0.831 Executing VM operation: G1CollectForAllocation (G1 Evacuation Pause)
Event: 0.835 Executing VM operation: G1CollectForAllocation (G1 Evacuation Pause) done
Event: 0.909 Executing VM operation: HandshakeAllThreads (Deoptimize)
Event: 0.909 Executing VM operation: HandshakeAllThreads (Deoptimize) done
Event: 0.938 Executing VM operation: HandshakeAllThreads (Deoptimize)
Event: 0.938 Executing VM operation: HandshakeAllThreads (Deoptimize) done
Event: 1.043 Executing VM operation: HandshakeAllThreads (Deoptimize)
Event: 1.043 Executing VM operation: HandshakeAllThreads (Deoptimize) done
Event: 1.043 Executing VM operation: HandshakeAllThreads (Deoptimize)
Event: 1.043 Executing VM operation: HandshakeAllThreads (Deoptimize) done
Event: 1.153 Executing VM operation: HandshakeAllThreads (Deoptimize)
Event: 1.153 Executing VM operation: HandshakeAllThreads (Deoptimize) done
Event: 1.379 Executing VM operation: ICBufferFull
Event: 1.380 Executing VM operation: ICBufferFull done
Event: 1.484 Executing VM operation: G1CollectForAllocation (G1 Evacuation Pause)
Event: 1.488 Executing VM operation: G1CollectForAllocation (G1 Evacuation Pause) done
Event: 1.530 Executing VM operation: HandshakeAllThreads (Deoptimize)
Event: 1.530 Executing VM operation: HandshakeAllThreads (Deoptimize) done

Events (19 events):
Event: 0.034 Thread 0x00000288b68c9810 Thread added: 0x00000288b68c9810
Event: 0.055 Thread 0x00000288d51689f0 Thread added: 0x00000288d51689f0
Event: 0.055 Thread 0x00000288d5169910 Thread added: 0x00000288d5169910
Event: 0.055 Thread 0x00000288d516c1a0 Thread added: 0x00000288d516c1a0
Event: 0.055 Thread 0x00000288d516de10 Thread added: 0x00000288d516de10
Event: 0.055 Thread 0x00000288d5170980 Thread added: 0x00000288d5170980
Event: 0.055 Thread 0x00000288d51717f0 Thread added: 0x00000288d51717f0
Event: 0.055 Thread 0x00000288d5172580 Thread added: 0x00000288d5172580
Event: 0.056 Thread 0x00000288d5173020 Thread added: 0x00000288d5173020
Event: 0.122 Thread 0x00000288d5452340 Thread added: 0x00000288d5452340
Event: 0.128 Thread 0x00000288d5454b80 Thread added: 0x00000288d5454b80
Event: 0.183 Thread 0x00000288d54a05d0 Thread added: 0x00000288d54a05d0
Event: 0.418 Thread 0x00000288d589d330 Thread added: 0x00000288d589d330
Event: 0.757 Thread 0x00000288d5d8ef50 Thread added: 0x00000288d5d8ef50
Event: 0.760 Thread 0x00000288d5955800 Thread added: 0x00000288d5955800
Event: 0.859 Thread 0x00000288d5c25cb0 Thread added: 0x00000288d5c25cb0
Event: 1.046 Thread 0x000002891b50e890 Thread added: 0x000002891b50e890
Event: 1.317 Thread 0x00000288b68c9810 Thread exited: 0x00000288b68c9810
Event: 1.317 Thread 0x00000288b68c9810 Thread added: 0x00000288b68c9810


Dynamic libraries:
0x00007ff655d10000 - 0x00007ff655d20000 	C:\Program Files\Java\jdk-21\bin\java.exe
0x00007fff4ae10000 - 0x00007fff4b026000 	C:\WINDOWS\SYSTEM32\ntdll.dll
0x00007fff49db0000 - 0x00007fff49e74000 	C:\WINDOWS\System32\KERNEL32.DLL
0x00007fff48480000 - 0x00007fff48827000 	C:\WINDOWS\System32\KERNELBASE.dll
0x00007fff48980000 - 0x00007fff48a91000 	C:\WINDOWS\System32\ucrtbase.dll
0x00007fff41080000 - 0x00007fff4109b000 	C:\Program Files\Java\jdk-21\bin\VCRUNTIME140.dll
0x00007fff327a0000 - 0x00007fff327b9000 	C:\Program Files\Java\jdk-21\bin\jli.dll
0x00007fff49ec0000 - 0x00007fff49f72000 	C:\WINDOWS\System32\ADVAPI32.dll
0x00007fff4a6a0000 - 0x00007fff4a747000 	C:\WINDOWS\System32\msvcrt.dll
0x00007fff4a780000 - 0x00007fff4a828000 	C:\WINDOWS\System32\sechost.dll
0x00007fff48950000 - 0x00007fff48978000 	C:\WINDOWS\System32\bcrypt.dll
0x00007fff4a280000 - 0x00007fff4a395000 	C:\WINDOWS\System32\RPCRT4.dll
0x00007fff4a830000 - 0x00007fff4a9de000 	C:\WINDOWS\System32\USER32.dll
0x00007fff48aa0000 - 0x00007fff48ac6000 	C:\WINDOWS\System32\win32u.dll
0x00007fff49e90000 - 0x00007fff49eb9000 	C:\WINDOWS\System32\GDI32.dll
0x00007fff48830000 - 0x00007fff48949000 	C:\WINDOWS\System32\gdi32full.dll
0x00007fff483e0000 - 0x00007fff4847a000 	C:\WINDOWS\System32\msvcp_win.dll
0x00007fff47400000 - 0x00007fff47693000 	C:\WINDOWS\WinSxS\amd64_microsoft.windows.common-controls_6595b64144ccf1df_6.0.22621.3235_none_270f74e173860f98\COMCTL32.dll
0x00007fff3f170000 - 0x00007fff3f17a000 	C:\WINDOWS\SYSTEM32\VERSION.dll
0x00007fff4ad90000 - 0x00007fff4adc1000 	C:\WINDOWS\System32\IMM32.DLL
0x00007fff41930000 - 0x00007fff4193c000 	C:\Program Files\Java\jdk-21\bin\vcruntime140_1.dll
0x00007fff136e0000 - 0x00007fff1376e000 	C:\Program Files\Java\jdk-21\bin\msvcp140.dll
0x00007fff02320000 - 0x00007fff03037000 	C:\Program Files\Java\jdk-21\bin\server\jvm.dll
0x00007fff4a620000 - 0x00007fff4a691000 	C:\WINDOWS\System32\WS2_32.dll
0x00007fff48000000 - 0x00007fff4804d000 	C:\WINDOWS\SYSTEM32\POWRPROF.dll
0x00007fff40af0000 - 0x00007fff40b24000 	C:\WINDOWS\SYSTEM32\WINMM.dll
0x00007fff47fe0000 - 0x00007fff47ff3000 	C:\WINDOWS\SYSTEM32\UMPDC.dll
0x00007fff46a90000 - 0x00007fff46aa8000 	C:\WINDOWS\SYSTEM32\kernel.appcore.dll
0x00007fff41920000 - 0x00007fff4192a000 	C:\Program Files\Java\jdk-21\bin\jimage.dll
0x00007fff479c0000 - 0x00007fff47bf3000 	C:\WINDOWS\SYSTEM32\DBGHELP.DLL
0x00007fff4a9e0000 - 0x00007fff4ad68000 	C:\WINDOWS\System32\combase.dll
0x00007fff48bc0000 - 0x00007fff48c97000 	C:\WINDOWS\System32\OLEAUT32.dll
0x00007fff47880000 - 0x00007fff478b2000 	C:\WINDOWS\SYSTEM32\dbgcore.DLL
0x00007fff48360000 - 0x00007fff483d9000 	C:\WINDOWS\System32\bcryptPrimitives.dll
0x00007fff41060000 - 0x00007fff4107f000 	C:\Program Files\Java\jdk-21\bin\java.dll
0x00007fff490d0000 - 0x00007fff4992c000 	C:\WINDOWS\System32\SHELL32.dll
0x00007fff456b0000 - 0x00007fff45fa9000 	C:\WINDOWS\SYSTEM32\windows.storage.dll
0x00007fff45570000 - 0x00007fff456ae000 	C:\WINDOWS\SYSTEM32\wintypes.dll
0x00007fff4a170000 - 0x00007fff4a263000 	C:\WINDOWS\System32\SHCORE.dll
0x00007fff4a3a0000 - 0x00007fff4a3fe000 	C:\WINDOWS\System32\shlwapi.dll
0x00007fff48060000 - 0x00007fff48081000 	C:\WINDOWS\SYSTEM32\profapi.dll
0x00007fff38ee0000 - 0x00007fff38fb7000 	C:\Program Files\Java\jdk-21\bin\jsvml.dll
0x00007fff398f0000 - 0x00007fff39900000 	C:\Program Files\Java\jdk-21\bin\net.dll
0x00007fff413a0000 - 0x00007fff414d6000 	C:\WINDOWS\SYSTEM32\WINHTTP.dll
0x00007fff46ec0000 - 0x00007fff46f29000 	C:\WINDOWS\system32\mswsock.dll
0x00007fff38ec0000 - 0x00007fff38ed6000 	C:\Program Files\Java\jdk-21\bin\nio.dll
0x00007fff381a0000 - 0x00007fff381b8000 	C:\Program Files\Java\jdk-21\bin\zip.dll
0x00007fff0d080000 - 0x00007fff0d20f000 	C:\Program Files\Java\jdk-21\bin\awt.dll
0x00007fff445e0000 - 0x00007fff44677000 	C:\WINDOWS\SYSTEM32\apphelp.dll
0x00007fff47ce0000 - 0x00007fff47cfb000 	C:\WINDOWS\SYSTEM32\CRYPTSP.dll
0x00007fff46890000 - 0x00007fff468c5000 	C:\WINDOWS\system32\rsaenh.dll
0x00007fff47150000 - 0x00007fff47178000 	C:\WINDOWS\SYSTEM32\USERENV.dll
0x00007fff47180000 - 0x00007fff4718c000 	C:\WINDOWS\SYSTEM32\CRYPTBASE.dll
0x00007fff46370000 - 0x00007fff4639d000 	C:\WINDOWS\SYSTEM32\IPHLPAPI.DLL
0x00007fff4a270000 - 0x00007fff4a279000 	C:\WINDOWS\System32\NSI.dll
0x00007fff12f80000 - 0x00007fff13007000 	C:\Program Files\Java\jdk-21\bin\freetype.dll
0x00007fff0c960000 - 0x00007fff0ca42000 	C:\Program Files\Java\jdk-21\bin\fontmanager.dll
0x00007fff45020000 - 0x00007fff4504b000 	C:\WINDOWS\system32\DWMAPI.DLL
0x00007fff447a0000 - 0x00007fff4484b000 	C:\WINDOWS\system32\uxtheme.dll
0x00007fff49f80000 - 0x00007fff4a0d3000 	C:\WINDOWS\System32\MSCTF.dll
0x00007fff48f20000 - 0x00007fff490c5000 	C:\WINDOWS\System32\ole32.dll
0x00007fff2df70000 - 0x00007fff2e070000 	C:\WINDOWS\system32\opengl32.dll
0x00007fff37440000 - 0x00007fff3746d000 	C:\WINDOWS\SYSTEM32\GLU32.dll
0x00007fff44960000 - 0x00007fff44999000 	C:\WINDOWS\SYSTEM32\dxcore.dll
0x00007fff32db0000 - 0x00007fff32db6000 	C:\Users\Kiet\AppData\Local\Temp\flatlaf.temp\flatlaf-windows-x86_64-853895704327000.dll
0x00007fff398e0000 - 0x00007fff398f0000 	C:\Program Files\Java\jdk-21\bin\verify.dll
0x00007fff48e60000 - 0x00007fff48f10000 	C:\WINDOWS\System32\clbcatq.dll
0x00007fff429b0000 - 0x00007fff42b60000 	C:\WINDOWS\SYSTEM32\WindowsCodecs.dll
0x00007fff26ba0000 - 0x00007fff26bfe000 	C:\WINDOWS\system32\dataexchange.dll
0x00007fff3ebe0000 - 0x00007fff3ee6e000 	C:\WINDOWS\system32\twinapi.appcore.dll
0x00007fff36ad0000 - 0x00007fff36ad7000 	C:\Program Files\Java\jdk-21\bin\jawt.dll
0x00007fff38550000 - 0x00007fff3869a000 	C:\WINDOWS\SYSTEM32\textinputframework.dll

dbghelp: loaded successfully - version: 4.0.5 - missing functions: none
symbol engine: initialized successfully - sym options: 0x614 - pdb path: .;C:\Program Files\Java\jdk-21\bin;C:\WINDOWS\SYSTEM32;C:\WINDOWS\WinSxS\amd64_microsoft.windows.common-controls_6595b64144ccf1df_6.0.22621.3235_none_270f74e173860f98;C:\Program Files\Java\jdk-21\bin\server;C:\Users\Kiet\AppData\Local\Temp\flatlaf.temp

VM Arguments:
jvm_args: -XX:+ShowCodeDetailsInExceptionMessages 
java_command: GUI.LogIn
java_class_path (initial): C:\Users\Kiet\AppData\Roaming\Code\User\workspaceStorage\b3b38d78d4b70df6aa0616a4b888d3ad\redhat.java\jdt_ws\DoAnJavaa_c8713cb1\bin;c:\Users\Kiet\Desktop\DoAnJavaa\lib\lib\commons-codec-1.15.jar;c:\Users\Kiet\Desktop\DoAnJavaa\lib\lib\log4j-api-2.18.0.jar;c:\Users\Kiet\Desktop\DoAnJavaa\lib\mysql-connector.jar;c:\Users\Kiet\Desktop\DoAnJavaa\lib\kotlin-stdlib-common-1.4.0.jar;c:\Users\Kiet\Desktop\DoAnJavaa\lib\poi-ooxml-3.17.jar;c:\Users\Kiet\Desktop\DoAnJavaa\lib\lib\commons-compress-1.21.jar;c:\Users\Kiet\Desktop\DoAnJavaa\lib\poi-3.17.jar;c:\Users\Kiet\Desktop\DoAnJavaa\lib\lib\poi-ooxml-full-5.2.3.jar;c:\Users\Kiet\Desktop\DoAnJavaa\lib\lib\commons-collections4-4.4.jar;c:\Users\Kiet\Desktop\DoAnJavaa\lib\lib\poi-excelant-5.2.3.jar;c:\Users\Kiet\Desktop\DoAnJavaa\lib\lib\poi-ooxml-lite-5.2.3.jar;c:\Users\Kiet\Desktop\DoAnJavaa\lib\mssql-jdbc-8.4.1.jre14.jar;c:\Users\Kiet\Desktop\DoAnJavaa\lib\mysql-connector-java-8.0.30.jar;c:\Users\Kiet\Desktop\DoAnJavaa\lib\zxing-1.7-javase.jar;c:\Users\Kiet\Desktop\DoAnJavaa\lib\xmlbeans-xmlpublic-2.0-dev-2.jar;c:\Users\Kiet\Desktop\DoAnJavaa\lib\jcalendar-1.4.jar;c:\Users\Kiet\Desktop\DoAnJavaa\lib\log4j-core-2.20.0.jar;c:\Users\Kiet\Desktop\DoAnJavaa\lib\flatlaf-extras-3.1.jar;c:\Users\Kiet\Desktop\DoAnJavaa\lib\svgSalamander-1.1.4.jar;c:\Users\Kiet\Desktop\DoAnJavaa\lib\zxing-core-2.0.jar;c:\Users\Kiet\Desktop\DoAnJavaa\lib\slf4j-api-1.7.2.jar;c:\Users\Kiet\Desktop\DoAnJavaa\lib\swingx-1.6.1.jar;c:\Users\Kiet\Desktop\DoAnJavaa\lib\lib\poi-examples-5.2.3.jar;c:\Users\Kiet\Desktop\DoAnJavaa\lib\slf4j-simple-1.7.25.jar;c:\Users\Kiet\Desktop\DoAnJavaa\lib\lib\poi-javadoc-5.2.3.jar;c:\Users\Kiet\Desktop\DoAnJavaa\lib\slf4j-api-1.7.25.jar;c:\Users\Kiet\Desktop\DoAnJavaa\lib\swingx-all-1.6.4.jar;c:\Users\Kiet\Desktop\DoAnJavaa\lib\TimingFramework-0.55.jar;c:\Users\Kiet\Desktop\DoAnJavaa\lib\lib\curvesapi-1.07.jar;c:\Users\Kiet\Desktop\DoAnJavaa\lib\lib\xmlbeans-5.1.1.jar;c:\Users\Kiet\Desktop\DoAnJavaa\lib\mssql-jdbc-9.4.0.jre11.jar;c:\Users\Kiet\Desktop\DoAnJavaa\lib\lib\jakarta.activation-2.0.1.jar;c:\Users\Kiet\Desktop\DoAnJavaa\lib\flatlaf-3.3.jar;c:\Users\Kiet\Desktop\DoAnJavaa\lib\java-dotenv-5.1.3.jar;c:\Users\Kiet\Desktop\DoAnJavaa\lib\filters-2.0.235.jar;c:\Users\Kiet\Desktop\DoAnJavaa\lib\activation.jar;c:\Users\Kiet\Desktop\DoAnJavaa\lib\kotlin-runtime-1.2.71.jar;c:\Users\Kiet\Desktop\DoAnJavaa\lib\lib\jakarta.xml.bind-api-3.0.1.jar;c:\Users\Kiet\Desktop\DoAnJavaa\lib\kotlin-stdlib-1.4.0.jar;c:\Users\Kiet\Desktop\DoAnJavaa\lib\java-dotenv-5.2.2.jar;c:\Users\Kiet\Desktop\DoAnJavaa\lib\bridj-0.7.0.jar;c:\Users\Kiet\Desktop\DoAnJavaa\lib\lib\commons-io-2.11.0.jar;c:\Users\Kiet\Desktop\DoAnJavaa\lib\xmlbeans-3.1.0.jar;c:\Users\Kiet\Desktop\DoAnJavaa\lib\lib\SparseBitSet-1.2.jar;c:\Users\Kiet\Desktop\DoAnJavaa\lib\miglayout-4.0.jar;c:\Users\Kiet\Desktop\DoAnJavaa\lib\com.sun.net.ssl.jar;c:\Users\Kiet\Desktop\DoAnJavaa\lib\lib\poi-ooxml-5.2.3.jar;c:\Users\Kiet\Desktop\DoAnJavaa\lib\javase-3.3.0.jar;c:\Users\Kiet\Desktop\DoAnJavaa\lib\lib\commons-logging-1.2.jar;c:\Users\Kiet\Desktop\DoAnJavaa\lib\xmlbeans-2.3.0.jar;c:\Users\Kiet\Desktop\DoAnJavaa\lib\webcam-capture-0.3.12.jar;c:\Users\Kiet\Desktop\DoAnJavaa\lib\core-3.3.0.jar;c:\Users\Kiet\Desktop\DoAnJavaa\lib\lib\commons-math3-3.6.1.jar;c:\Users\Kiet\Desktop\DoAnJavaa\lib\lib\slf4j-api-1.7.36.jar;c:\Users\Kiet\Desktop\DoAnJavaa\lib\lib\poi-5.2.3.jar;c:\Users\Kiet\Desktop\DoAnJavaa\lib\flatlaf-fonts-roboto-2.137.jar;c:\Users\Kiet\Desktop\DoAnJavaa\lib\swing-worker-1.1.jar;c:\Users\Kiet\Desktop\DoAnJavaa\lib\kotlin-stdlib-1.5.31.jar;c:\Users\Kiet\Desktop\DoAnJavaa\lib\lib\poi-scratchpad-5.2.3.jar;c:\Users\Kiet\Desktop\DoAnJavaa\lib\javax.activation-1.2.0.jar;c:\Users\Kiet\Desktop\DoAnJavaa\lib\itextpdf-5.5.12.jar;c:\Users\Kiet\Desktop\DoAnJavaa\lib\javax.mail.jar
Launcher Type: SUN_STANDARD

[Global flags]
     intx CICompilerCount                          = 4                                         {product} {ergonomic}
     uint ConcGCThreads                            = 2                                         {product} {ergonomic}
     uint G1ConcRefinementThreads                  = 8                                         {product} {ergonomic}
   size_t G1HeapRegionSize                         = 1048576                                   {product} {ergonomic}
    uintx GCDrainStackTargetSize                   = 64                                        {product} {ergonomic}
   size_t InitialHeapSize                          = 132120576                                 {product} {ergonomic}
   size_t MarkStackSize                            = 4194304                                   {product} {ergonomic}
   size_t MaxHeapSize                              = 2095054848                                {product} {ergonomic}
   size_t MaxNewSize                               = 1256194048                                {product} {ergonomic}
   size_t MinHeapDeltaBytes                        = 1048576                                   {product} {ergonomic}
   size_t MinHeapSize                              = 8388608                                   {product} {ergonomic}
    uintx NonNMethodCodeHeapSize                   = 5839372                                {pd product} {ergonomic}
    uintx NonProfiledCodeHeapSize                  = 122909434                              {pd product} {ergonomic}
    uintx ProfiledCodeHeapSize                     = 122909434                              {pd product} {ergonomic}
    uintx ReservedCodeCacheSize                    = 251658240                              {pd product} {ergonomic}
     bool SegmentedCodeCache                       = true                                      {product} {ergonomic}
     bool ShowCodeDetailsInExceptionMessages       = true                                   {manageable} {command line}
   size_t SoftMaxHeapSize                          = 2095054848                             {manageable} {ergonomic}
     bool UseCompressedOops                        = true                           {product lp64_product} {ergonomic}
     bool UseG1GC                                  = true                                      {product} {ergonomic}
     bool UseLargePagesIndividualAllocation        = false                                  {pd product} {ergonomic}

Logging:
Log output configuration:
 #0: stdout all=warning uptime,level,tags foldmultilines=false
 #1: stderr all=off uptime,level,tags foldmultilines=false

Environment Variables:
PATH=C:\Program Files\Common Files\Oracle\Java\javapath;C:\Program Files (x86)\Common Files\Oracle\Java\javapath;C:\WINDOWS\system32;C:\WINDOWS;C:\WINDOWS\System32\Wbem;C:\WINDOWS\System32\WindowsPowerShell\v1.0\;C:\WINDOWS\System32\OpenSSH\;C:\Program Files\dotnet\;C:\Program Files\Common Files\Oracle\Java\javapath;C:\Program Files\Java\jdk-11\bin;C:\Program Files (x86)\Microsoft SQL Server\160\Tools\Binn\;C:\Program Files\Microsoft SQL Server\160\Tools\Binn\;C:\Program Files\Microsoft SQL Server\Client SDK\ODBC\170\Tools\Binn\;C:\Program Files\Microsoft SQL Server\160\DTS\Binn\;C:\Program Files (x86)\Microsoft SQL Server\160\DTS\Binn\;C:\Program Files\Azure Data Studio\bin;C:\Program Files\apache-maven-3.9.6\bin;C:\Program Files\Git\cmd;C:\Program Files\nodejs\;C:\Program Files\Java\jdk-21\bin;C:\Users\Kiet\AppData\Local\Microsoft\WindowsApps;C:\Users\Kiet\AppData\Local\Programs\Microsoft VS Code\bin;C:\Users\Kiet\AppData\Local\GitHubDesktop\bin;C:\Users\Kiet\.dotnet\tools;C:\Program Files\Azure Data Studio\bin;C:\Users\Kiet\AppData\Roaming\npm
USERNAME=Kiet
LANG=en_US.UTF-8
OS=Windows_NT
PROCESSOR_IDENTIFIER=Intel64 Family 6 Model 126 Stepping 5, GenuineIntel
TMP=C:\Users\Kiet\AppData\Local\Temp
TEMP=C:\Users\Kiet\AppData\Local\Temp




Periodic native trim disabled

---------------  S Y S T E M  ---------------

OS:
 Windows 11 , 64 bit Build 22621 (10.0.22621.3374)
OS uptime: 0 days 23:43 hours

CPU: total 8 (initial active 8) (4 cores per cpu, 2 threads per core) family 6 model 126 stepping 5 microcode 0xa6, cx8, cmov, fxsr, ht, mmx, 3dnowpref, sse, sse2, sse3, ssse3, sse4.1, sse4.2, popcnt, lzcnt, tsc, tscinvbit, avx, avx2, aes, erms, clmul, bmi1, bmi2, adx, avx512f, avx512dq, avx512cd, avx512bw, avx512vl, sha, fma, vzeroupper, avx512_vpopcntdq, avx512_vpclmulqdq, avx512_vaes, avx512_vnni, clflush, clflushopt, avx512_vbmi2, avx512_vbmi, rdtscp, rdpid, fsrm, gfni, avx512_bitalg, f16c, pku, avx512_ifma
Processor Information for all 8 processors :
  Max Mhz: 1190, Current Mhz: 991, Mhz Limit: 987

Memory: 4k page, system-wide physical 7987M (650M free)
TotalPageFile size 10035M (AvailPageFile size 5M)
current process WorkingSet (physical memory assigned to process): 139M, peak: 141M
current process commit charge ("private bytes"): 256M, peak: 258M

vm_info: Java HotSpot(TM) 64-Bit Server VM (21.0.2+13-LTS-58) for windows-amd64 JRE (21.0.2+13-LTS-58), built on 2024-01-05T18:32:24Z by "mach5one" with MS VC++ 17.1 (VS2022)

END.
