#
# There is insufficient memory for the Java Runtime Environment to continue.
# Native memory allocation (mmap) failed to map 66060288 bytes for G1 virtual space
# Possible reasons:
#   The system is out of physical RAM or swap space
#   The process is running with CompressedOops enabled, and the Java Heap may be blocking the growth of the native heap
# Possible solutions:
#   Reduce memory load on the system
#   Increase physical memory or swap space
#   Check if swap backing store is full
#   Decrease Java heap size (-Xmx/-Xms)
#   Decrease number of Java threads
#   Decrease Java thread stack sizes (-Xss)
#   Set larger code cache with -XX:ReservedCodeCacheSize=
#   JVM is running with Unscaled Compressed Oops mode in which the Java heap is
#     placed in the first 4GB address space. The Java Heap base address is the
#     maximum limit for the native heap growth. Please use -XX:HeapBaseMinAddress
#     to set the Java Heap base and to place the Java Heap above 4GB virtual address.
# This output file may be truncated or incomplete.
#
#  Out of Memory Error (os_windows.cpp:3600), pid=19044, tid=15932
#
# JRE version: Java(TM) SE Runtime Environment (21.0.2+13) (build 21.0.2+13-LTS-58)
# Java VM: Java HotSpot(TM) 64-Bit Server VM (21.0.2+13-LTS-58, mixed mode, sharing, tiered, compressed oops, compressed class ptrs, g1 gc, windows-amd64)
# No core dump will be written. Minidumps are not enabled by default on client versions of Windows
#

---------------  S U M M A R Y ------------

Command Line: -Dapplication.home=C:\Program Files\Java\jdk-21 --add-modules=ALL-DEFAULT -Xms8m -Djdk.module.main=jdk.compiler jdk.compiler/com.sun.tools.javac.Main @C:\Users\Kiet\AppData\Local\Temp\files3517170413085864382

Host: Intel(R) Core(TM) i5-1035G1 CPU @ 1.00GHz, 8 cores, 7G,  Windows 11 , 64 bit Build 22621 (10.0.22621.3374)
Time: Sat May 11 18:04:20 2024 SE Asia Standard Time elapsed time: 2.492668 seconds (0d 0h 0m 2s)

---------------  T H R E A D  ---------------

Current thread (0x000001f74ef20700):  VMThread "VM Thread"          [id=15932, stack(0x000000ca1f500000,0x000000ca1f600000) (1024K)]

Stack: [0x000000ca1f500000,0x000000ca1f600000]
Native frames: (J=compiled Java code, j=interpreted, Vv=VM code, C=native code)
V  [jvm.dll+0x6cade9]
V  [jvm.dll+0x8569c1]
V  [jvm.dll+0x858d2e]
V  [jvm.dll+0x859413]
V  [jvm.dll+0x280e56]
V  [jvm.dll+0x6c74d5]
V  [jvm.dll+0x6bbeca]
V  [jvm.dll+0x355bca]
V  [jvm.dll+0x35d816]
V  [jvm.dll+0x3ae67e]
V  [jvm.dll+0x3ae928]
V  [jvm.dll+0x3295dc]
V  [jvm.dll+0x329667]
V  [jvm.dll+0x36df1c]
V  [jvm.dll+0x36c71d]
V  [jvm.dll+0x328d51]
V  [jvm.dll+0x36be2a]
V  [jvm.dll+0x85ef18]
V  [jvm.dll+0x860014]
V  [jvm.dll+0x860550]
V  [jvm.dll+0x8607f3]
V  [jvm.dll+0x7ff568]
V  [jvm.dll+0x6c953d]
C  [ucrtbase.dll+0x29333]
C  [KERNEL32.DLL+0x1257d]
C  [ntdll.dll+0x5aa48]

VM_Operation (0x000000ca1eefdaf0): G1CollectForAllocation, mode: safepoint, requested by thread 0x000001f74ee695a0


---------------  P R O C E S S  ---------------

Threads class SMR info:
_java_thread_list=0x000001f770d19ff0, length=13, elements={
0x000001f74ee695a0, 0x000001f76b71dfc0, 0x000001f76b71f290, 0x000001f76b722440,
0x000001f76b723da0, 0x000001f76b727ed0, 0x000001f76b72be30, 0x000001f76b731480,
0x000001f76b731c60, 0x000001f76b908720, 0x000001f76b9e1fe0, 0x000001f770d198c0,
0x000001f770d16880
}

Java Threads: ( => current thread )
  0x000001f74ee695a0 JavaThread "main"                              [_thread_blocked, id=5400, stack(0x000000ca1ee00000,0x000000ca1ef00000) (1024K)]
  0x000001f76b71dfc0 JavaThread "Reference Handler"          daemon [_thread_blocked, id=9524, stack(0x000000ca1f600000,0x000000ca1f700000) (1024K)]
  0x000001f76b71f290 JavaThread "Finalizer"                  daemon [_thread_blocked, id=16016, stack(0x000000ca1f700000,0x000000ca1f800000) (1024K)]
  0x000001f76b722440 JavaThread "Signal Dispatcher"          daemon [_thread_blocked, id=20168, stack(0x000000ca1f800000,0x000000ca1f900000) (1024K)]
  0x000001f76b723da0 JavaThread "Attach Listener"            daemon [_thread_blocked, id=19448, stack(0x000000ca1f900000,0x000000ca1fa00000) (1024K)]
  0x000001f76b727ed0 JavaThread "Service Thread"             daemon [_thread_blocked, id=9036, stack(0x000000ca1fa00000,0x000000ca1fb00000) (1024K)]
  0x000001f76b72be30 JavaThread "Monitor Deflation Thread"   daemon [_thread_blocked, id=13172, stack(0x000000ca1fb00000,0x000000ca1fc00000) (1024K)]
  0x000001f76b731480 JavaThread "C2 CompilerThread0"         daemon [_thread_blocked, id=2220, stack(0x000000ca1fc00000,0x000000ca1fd00000) (1024K)]
  0x000001f76b731c60 JavaThread "C1 CompilerThread0"         daemon [_thread_blocked, id=14460, stack(0x000000ca1fd00000,0x000000ca1fe00000) (1024K)]
  0x000001f76b908720 JavaThread "Common-Cleaner"             daemon [_thread_blocked, id=16248, stack(0x000000ca1fe00000,0x000000ca1ff00000) (1024K)]
  0x000001f76b9e1fe0 JavaThread "Notification Thread"        daemon [_thread_blocked, id=6620, stack(0x000000ca1ff00000,0x000000ca20000000) (1024K)]
  0x000001f770d198c0 JavaThread "C2 CompilerThread1"         daemon [_thread_blocked, id=12096, stack(0x000000ca20000000,0x000000ca20100000) (1024K)]
  0x000001f770d16880 JavaThread "C2 CompilerThread2"         daemon [_thread_in_native, id=17488, stack(0x000000ca20700000,0x000000ca20800000) (1024K)]
Total: 13

Other Threads:
=>0x000001f74ef20700 VMThread "VM Thread"                           [id=15932, stack(0x000000ca1f500000,0x000000ca1f600000) (1024K)]
  0x000001f76b7105d0 WatcherThread "VM Periodic Task Thread"        [id=3360, stack(0x000000ca1f400000,0x000000ca1f500000) (1024K)]
  0x000001f74eebb380 WorkerThread "GC Thread#0"                     [id=10224, stack(0x000000ca1ef00000,0x000000ca1f000000) (1024K)]
  0x000001f76bbfdce0 WorkerThread "GC Thread#1"                     [id=14880, stack(0x000000ca20200000,0x000000ca20300000) (1024K)]
  0x000001f76bc76510 WorkerThread "GC Thread#2"                     [id=11492, stack(0x000000ca20300000,0x000000ca20400000) (1024K)]
  0x000001f76bc788c0 WorkerThread "GC Thread#3"                     [id=14424, stack(0x000000ca20400000,0x000000ca20500000) (1024K)]
  0x000001f76bcae140 WorkerThread "GC Thread#4"                     [id=6408, stack(0x000000ca20100000,0x000000ca20200000) (1024K)]
  0x000001f76bcae4e0 WorkerThread "GC Thread#5"                     [id=13996, stack(0x000000ca20500000,0x000000ca20600000) (1024K)]
  0x000001f770ebcd10 WorkerThread "GC Thread#6"                     [id=1240, stack(0x000000ca20800000,0x000000ca20900000) (1024K)]
  0x000001f74eecc530 ConcurrentGCThread "G1 Main Marker"            [id=16304, stack(0x000000ca1f000000,0x000000ca1f100000) (1024K)]
  0x000001f74eecd1e0 WorkerThread "G1 Conc#0"                       [id=9504, stack(0x000000ca1f100000,0x000000ca1f200000) (1024K)]
  0x000001f77056ddb0 WorkerThread "G1 Conc#1"                       [id=13808, stack(0x000000ca20600000,0x000000ca20700000) (1024K)]
  0x000001f74eef5240 ConcurrentGCThread "G1 Refine#0"               [id=16664, stack(0x000000ca1f200000,0x000000ca1f300000) (1024K)]
  0x000001f74eef5db0 ConcurrentGCThread "G1 Service"                [id=11044, stack(0x000000ca1f300000,0x000000ca1f400000) (1024K)]
Total: 14

Threads with active compile tasks:
C2 CompilerThread0     2504 2090       4       com.sun.tools.javac.file.PathFileObject::getKind (8 bytes)
C2 CompilerThread1     2504 2107   !   4       com.sun.tools.javac.jvm.ClassReader::classSigToType (482 bytes)
C2 CompilerThread2     2504 1983       4       jdk.internal.jimage.ImageLocation::getFullName (109 bytes)
Total: 3

VM state: at safepoint (normal execution)

VM Mutex/Monitor currently owned by a thread:  ([mutex/lock_event])
[0x00007fff0940cd68] Threads_lock - owner thread: 0x000001f74ef20700
[0x00007fff0940ce68] Heap_lock - owner thread: 0x000001f74ee695a0

Heap address: 0x0000000083200000, size: 1998 MB, Compressed Oops mode: 32-bit

CDS archive(s) mapped at: [0x000001f700000000-0x000001f700c90000-0x000001f700c90000), size 13172736, SharedBaseAddress: 0x000001f700000000, ArchiveRelocationMode: 1.
Compressed class space mapped at: 0x000001f701000000-0x000001f741000000, reserved size: 1073741824
Narrow klass base: 0x000001f700000000, Narrow klass shift: 0, Narrow klass range: 0x100000000

GC Precious Log:
 CardTable entry size: 512
 Card Set container configuration: InlinePtr #cards 5 size 8 Array Of Cards #cards 12 size 40 Howl #buckets 4 coarsen threshold 1843 Howl Bitmap #cards 512 size 80 coarsen threshold 460 Card regions per heap region 1 cards per card region 2048
 CPUs: 8 total, 8 available
 Memory: 7987M
 Large Page Support: Disabled
 NUMA Support: Disabled
 Compressed Oops: Enabled (32-bit)
 Heap Region Size: 1M
 Heap Min Capacity: 8M
 Heap Initial Capacity: 8M
 Heap Max Capacity: 1998M
 Pre-touch: Disabled
 Parallel Workers: 8
 Concurrent Workers: 2
 Concurrent Refinement Workers: 8
 Periodic GC: Disabled

Heap:
 garbage-first heap   total 68608K, used 41346K [0x0000000083200000, 0x0000000100000000)
  region size 1024K, 3 young (3072K), 3 survivors (3072K)
 Metaspace       used 9710K, committed 9856K, reserved 1114112K
  class space    used 1061K, committed 1152K, reserved 1048576K

Heap Regions: E=young(eden), S=young(survivor), O=old, HS=humongous(starts), HC=humongous(continues), CS=collection set, F=free, TAMS=top-at-mark-start, PB=parsable bottom
|   0|0x0000000083200000, 0x0000000083300000, 0x0000000083300000|100%| O|  |TAMS 0x0000000083200000| PB 0x0000000083200000| Untracked 
|   1|0x0000000083300000, 0x0000000083400000, 0x0000000083400000|100%| O|  |TAMS 0x0000000083300000| PB 0x0000000083300000| Untracked 
|   2|0x0000000083400000, 0x0000000083500000, 0x0000000083500000|100%|HS|  |TAMS 0x0000000083400000| PB 0x0000000083400000| Complete 
|   3|0x0000000083500000, 0x0000000083600000, 0x0000000083600000|100%|HS|  |TAMS 0x0000000083500000| PB 0x0000000083500000| Complete 
|   4|0x0000000083600000, 0x0000000083700000, 0x0000000083700000|100%|HC|  |TAMS 0x0000000083600000| PB 0x0000000083600000| Complete 
|   5|0x0000000083700000, 0x0000000083800000, 0x0000000083800000|100%| O|  |TAMS 0x0000000083700000| PB 0x0000000083700000| Untracked 
|   6|0x0000000083800000, 0x0000000083900000, 0x0000000083900000|100%| O|  |TAMS 0x0000000083800000| PB 0x0000000083800000| Untracked 
|   7|0x0000000083900000, 0x0000000083a00000, 0x0000000083a00000|100%| O|  |TAMS 0x0000000083900000| PB 0x0000000083900000| Untracked 
|   8|0x0000000083a00000, 0x0000000083b00000, 0x0000000083b00000|100%| O|  |TAMS 0x0000000083a00000| PB 0x0000000083a00000| Untracked 
|   9|0x0000000083b00000, 0x0000000083c00000, 0x0000000083c00000|100%| O|  |TAMS 0x0000000083b00000| PB 0x0000000083b00000| Untracked 
|  10|0x0000000083c00000, 0x0000000083d00000, 0x0000000083d00000|100%| O|  |TAMS 0x0000000083c00000| PB 0x0000000083c00000| Untracked 
|  11|0x0000000083d00000, 0x0000000083e00000, 0x0000000083e00000|100%| O|  |TAMS 0x0000000083d00000| PB 0x0000000083d00000| Untracked 
|  12|0x0000000083e00000, 0x0000000083f00000, 0x0000000083f00000|100%|HS|  |TAMS 0x0000000083e00000| PB 0x0000000083e00000| Complete 
|  13|0x0000000083f00000, 0x0000000084000000, 0x0000000084000000|100%|HS|  |TAMS 0x0000000083f00000| PB 0x0000000083f00000| Complete 
|  14|0x0000000084000000, 0x0000000084100000, 0x0000000084100000|100%|HC|  |TAMS 0x0000000084000000| PB 0x0000000084000000| Complete 
|  15|0x0000000084100000, 0x0000000084200000, 0x0000000084200000|100%| O|  |TAMS 0x0000000084100000| PB 0x0000000084100000| Untracked 
|  16|0x0000000084200000, 0x0000000084300000, 0x0000000084300000|100%| O|  |TAMS 0x0000000084200000| PB 0x0000000084200000| Untracked 
|  17|0x0000000084300000, 0x0000000084400000, 0x0000000084400000|100%| O|  |TAMS 0x0000000084300000| PB 0x0000000084300000| Untracked 
|  18|0x0000000084400000, 0x0000000084500000, 0x0000000084500000|100%| O|  |TAMS 0x0000000084400000| PB 0x0000000084400000| Untracked 
|  19|0x0000000084500000, 0x0000000084600000, 0x0000000084600000|100%| O|  |TAMS 0x0000000084500000| PB 0x0000000084500000| Untracked 
|  20|0x0000000084600000, 0x0000000084600000, 0x0000000084700000|  0%| F|  |TAMS 0x0000000084600000| PB 0x0000000084600000| Untracked 
|  21|0x0000000084700000, 0x0000000084800000, 0x0000000084800000|100%| O|  |TAMS 0x0000000084700000| PB 0x0000000084700000| Untracked 
|  22|0x0000000084800000, 0x0000000084900000, 0x0000000084900000|100%| O|  |TAMS 0x0000000084800000| PB 0x0000000084800000| Untracked 
|  23|0x0000000084900000, 0x0000000084a00000, 0x0000000084a00000|100%| O|  |TAMS 0x0000000084900000| PB 0x0000000084900000| Untracked 
|  24|0x0000000084a00000, 0x0000000084b00000, 0x0000000084b00000|100%| O|  |TAMS 0x0000000084a00000| PB 0x0000000084a00000| Untracked 
|  25|0x0000000084b00000, 0x0000000084c00000, 0x0000000084c00000|100%| O|  |TAMS 0x0000000084b00000| PB 0x0000000084b00000| Untracked 
|  26|0x0000000084c00000, 0x0000000084d00000, 0x0000000084d00000|100%| O|  |TAMS 0x0000000084c00000| PB 0x0000000084c00000| Untracked 
|  27|0x0000000084d00000, 0x0000000084e00000, 0x0000000084e00000|100%| O|  |TAMS 0x0000000084d00000| PB 0x0000000084d00000| Untracked 
|  28|0x0000000084e00000, 0x0000000084f00000, 0x0000000084f00000|100%| O|  |TAMS 0x0000000084e00000| PB 0x0000000084e00000| Untracked 
|  29|0x0000000084f00000, 0x0000000085000000, 0x0000000085000000|100%| O|  |TAMS 0x0000000084f00000| PB 0x0000000084f00000| Untracked 
|  30|0x0000000085000000, 0x0000000085100000, 0x0000000085100000|100%| O|  |TAMS 0x0000000085000000| PB 0x0000000085000000| Untracked 
|  31|0x0000000085100000, 0x0000000085200000, 0x0000000085200000|100%| O|  |TAMS 0x0000000085100000| PB 0x0000000085100000| Untracked 
|  32|0x0000000085200000, 0x0000000085300000, 0x0000000085300000|100%| O|  |TAMS 0x0000000085200000| PB 0x0000000085200000| Untracked 
|  33|0x0000000085300000, 0x0000000085400000, 0x0000000085400000|100%| O|  |TAMS 0x0000000085300000| PB 0x0000000085300000| Untracked 
|  34|0x0000000085400000, 0x0000000085500000, 0x0000000085500000|100%| O|  |TAMS 0x0000000085400000| PB 0x0000000085400000| Untracked 
|  35|0x0000000085500000, 0x0000000085600000, 0x0000000085600000|100%| O|  |TAMS 0x0000000085500000| PB 0x0000000085500000| Untracked 
|  36|0x0000000085600000, 0x0000000085679090, 0x0000000085700000| 47%| O|  |TAMS 0x0000000085600000| PB 0x0000000085600000| Untracked 
|  37|0x0000000085700000, 0x0000000085700000, 0x0000000085800000|  0%| F|  |TAMS 0x0000000085700000| PB 0x0000000085700000| Untracked 
|  38|0x0000000085800000, 0x0000000085800000, 0x0000000085900000|  0%| F|  |TAMS 0x0000000085800000| PB 0x0000000085800000| Untracked 
|  39|0x0000000085900000, 0x0000000085900000, 0x0000000085a00000|  0%| F|  |TAMS 0x0000000085900000| PB 0x0000000085900000| Untracked 
|  40|0x0000000085a00000, 0x0000000085a00000, 0x0000000085b00000|  0%| F|  |TAMS 0x0000000085a00000| PB 0x0000000085a00000| Untracked 
|  41|0x0000000085b00000, 0x0000000085b00000, 0x0000000085c00000|  0%| F|  |TAMS 0x0000000085b00000| PB 0x0000000085b00000| Untracked 
|  42|0x0000000085c00000, 0x0000000085c00000, 0x0000000085d00000|  0%| F|  |TAMS 0x0000000085c00000| PB 0x0000000085c00000| Untracked 
|  43|0x0000000085d00000, 0x0000000085d00000, 0x0000000085e00000|  0%| F|  |TAMS 0x0000000085d00000| PB 0x0000000085d00000| Untracked 
|  44|0x0000000085e00000, 0x0000000085e00000, 0x0000000085f00000|  0%| F|  |TAMS 0x0000000085e00000| PB 0x0000000085e00000| Untracked 
|  45|0x0000000085f00000, 0x0000000085fe7ab0, 0x0000000086000000| 90%| S|CS|TAMS 0x0000000085f00000| PB 0x0000000085f00000| Complete 
|  46|0x0000000086000000, 0x0000000086100000, 0x0000000086100000|100%| S|CS|TAMS 0x0000000086000000| PB 0x0000000086000000| Complete 
|  47|0x0000000086100000, 0x0000000086200000, 0x0000000086200000|100%| S|CS|TAMS 0x0000000086100000| PB 0x0000000086100000| Complete 
|  48|0x0000000086200000, 0x0000000086200000, 0x0000000086300000|  0%| F|  |TAMS 0x0000000086200000| PB 0x0000000086200000| Untracked 
|  49|0x0000000086300000, 0x0000000086300000, 0x0000000086400000|  0%| F|  |TAMS 0x0000000086300000| PB 0x0000000086300000| Untracked 
|  50|0x0000000086400000, 0x0000000086400000, 0x0000000086500000|  0%| F|  |TAMS 0x0000000086400000| PB 0x0000000086400000| Untracked 
|  51|0x0000000086500000, 0x0000000086500000, 0x0000000086600000|  0%| F|  |TAMS 0x0000000086500000| PB 0x0000000086500000| Untracked 
|  52|0x0000000086600000, 0x0000000086600000, 0x0000000086700000|  0%| F|  |TAMS 0x0000000086600000| PB 0x0000000086600000| Untracked 
|  53|0x0000000086700000, 0x0000000086700000, 0x0000000086800000|  0%| F|  |TAMS 0x0000000086700000| PB 0x0000000086700000| Untracked 
|  54|0x0000000086800000, 0x0000000086800000, 0x0000000086900000|  0%| F|  |TAMS 0x0000000086800000| PB 0x0000000086800000| Untracked 
|  55|0x0000000086900000, 0x0000000086900000, 0x0000000086a00000|  0%| F|  |TAMS 0x0000000086900000| PB 0x0000000086900000| Untracked 
|  56|0x0000000086a00000, 0x0000000086a00000, 0x0000000086b00000|  0%| F|  |TAMS 0x0000000086a00000| PB 0x0000000086a00000| Untracked 
|  57|0x0000000086b00000, 0x0000000086b00000, 0x0000000086c00000|  0%| F|  |TAMS 0x0000000086b00000| PB 0x0000000086b00000| Untracked 
|  58|0x0000000086c00000, 0x0000000086c00000, 0x0000000086d00000|  0%| F|  |TAMS 0x0000000086c00000| PB 0x0000000086c00000| Untracked 
|  59|0x0000000086d00000, 0x0000000086d00000, 0x0000000086e00000|  0%| F|  |TAMS 0x0000000086d00000| PB 0x0000000086d00000| Untracked 
|  60|0x0000000086e00000, 0x0000000086e00000, 0x0000000086f00000|  0%| F|  |TAMS 0x0000000086e00000| PB 0x0000000086e00000| Untracked 
|  61|0x0000000086f00000, 0x0000000086f00000, 0x0000000087000000|  0%| F|  |TAMS 0x0000000086f00000| PB 0x0000000086f00000| Untracked 
|  62|0x0000000087000000, 0x0000000087000000, 0x0000000087100000|  0%| F|  |TAMS 0x0000000087000000| PB 0x0000000087000000| Untracked 
|  63|0x0000000087100000, 0x0000000087100000, 0x0000000087200000|  0%| F|  |TAMS 0x0000000087100000| PB 0x0000000087100000| Untracked 
|  64|0x0000000087200000, 0x0000000087200000, 0x0000000087300000|  0%| F|  |TAMS 0x0000000087200000| PB 0x0000000087200000| Untracked 
|1996|0x00000000ffe00000, 0x00000000fff00000, 0x00000000fff00000|100%| O|  |TAMS 0x00000000ffe00000| PB 0x00000000ffe00000| Untracked 
|1997|0x00000000fff00000, 0x0000000100000000, 0x0000000100000000|100%| O|  |TAMS 0x00000000fff00000| PB 0x00000000fff00000| Untracked 

Card table byte_map: [0x000001f7669f0000,0x000001f766de0000] _byte_map_base: 0x000001f7665d7000

Marking Bits: (CMBitMap*) 0x000001f74eebba80
 Bits: [0x000001f766de0000, 0x000001f768d18000)

Polling page: 0x000001f74ce20000

Metaspace:

Usage:
  Non-class:      8.45 MB used.
      Class:      1.04 MB used.
       Both:      9.48 MB used.

Virtual space:
  Non-class space:       64.00 MB reserved,       8.50 MB ( 13%) committed,  1 nodes.
      Class space:        1.00 GB reserved,       1.12 MB ( <1%) committed,  1 nodes.
             Both:        1.06 GB reserved,       9.62 MB ( <1%) committed. 

Chunk freelists:
   Non-Class:  5.81 MB
       Class:  14.88 MB
        Both:  20.69 MB

MaxMetaspaceSize: unlimited
CompressedClassSpaceSize: 1.00 GB
Initial GC threshold: 21.00 MB
Current GC threshold: 21.00 MB
CDS: on
 - commit_granule_bytes: 65536.
 - commit_granule_words: 8192.
 - virtual_space_node_default_size: 8388608.
 - enlarge_chunks_in_place: 1.
 - use_allocation_guard: 0.


Internal statistics:

num_allocs_failed_limit: 0.
num_arena_births: 72.
num_arena_deaths: 0.
num_vsnodes_births: 2.
num_vsnodes_deaths: 0.
num_space_committed: 154.
num_space_uncommitted: 0.
num_chunks_returned_to_freelist: 0.
num_chunks_taken_from_freelist: 373.
num_chunk_merges: 0.
num_chunk_splits: 263.
num_chunks_enlarged: 211.
num_inconsistent_stats: 0.

CodeHeap 'non-profiled nmethods': size=120000Kb used=950Kb max_used=950Kb free=119049Kb
 bounds [0x000001f75eda0000, 0x000001f75f010000, 0x000001f7662d0000]
CodeHeap 'profiled nmethods': size=120000Kb used=3401Kb max_used=3401Kb free=116598Kb
 bounds [0x000001f7572d0000, 0x000001f757630000, 0x000001f75e800000]
CodeHeap 'non-nmethods': size=5760Kb used=1507Kb max_used=1551Kb free=4252Kb
 bounds [0x000001f75e800000, 0x000001f75ea70000, 0x000001f75eda0000]
 total_blobs=2357 nmethods=1887 adapters=374
 compilation: enabled
              stopped_count=0, restarted_count=0
 full_count=0

Compilation events (20 events):
Event: 2.454 Thread 0x000001f76b731c60 2111       3       java.util.Spliterator::getExactSizeIfKnown (25 bytes)
Event: 2.456 Thread 0x000001f76b731c60 nmethod 2111 0x000001f75761f590 code [0x000001f75761f760, 0x000001f75761fa58]
Event: 2.457 Thread 0x000001f76b731c60 2116       3       java.util.stream.AbstractPipeline::copyInto (54 bytes)
Event: 2.458 Thread 0x000001f76b731c60 nmethod 2116 0x000001f75761fb10 code [0x000001f75761fd40, 0x000001f757620478]
Event: 2.458 Thread 0x000001f76b731c60 2112       3       java.util.stream.StreamOpFlag::fromCharacteristics (37 bytes)
Event: 2.458 Thread 0x000001f76b731c60 nmethod 2112 0x000001f757620690 code [0x000001f757620860, 0x000001f757620b90]
Event: 2.458 Thread 0x000001f76b731c60 2113       3       java.util.stream.AbstractPipeline::<init> (55 bytes)
Event: 2.458 Thread 0x000001f76b731c60 nmethod 2113 0x000001f757620c90 code [0x000001f757620e40, 0x000001f757621118]
Event: 2.458 Thread 0x000001f76b731c60 2117       3       java.util.stream.Sink::end (1 bytes)
Event: 2.458 Thread 0x000001f76b731c60 nmethod 2117 0x000001f757501110 code [0x000001f7575012a0, 0x000001f7575013a8]
Event: 2.458 Thread 0x000001f76b731c60 2114       3       java.util.stream.StreamOpFlag::isKnown (19 bytes)
Event: 2.458 Thread 0x000001f76b731c60 nmethod 2114 0x000001f757621210 code [0x000001f7576213a0, 0x000001f757621510]
Event: 2.458 Thread 0x000001f76b731c60 2115       3       java.util.stream.AbstractPipeline::wrapAndCopyInto (18 bytes)
Event: 2.458 Thread 0x000001f76b731c60 nmethod 2115 0x000001f757621590 code [0x000001f757621780, 0x000001f757621b90]
Event: 2.458 Thread 0x000001f76b731c60 2118       3       java.util.stream.AbstractPipeline::<init> (91 bytes)
Event: 2.459 Thread 0x000001f76b731c60 nmethod 2118 0x000001f757621d10 code [0x000001f757621f20, 0x000001f757622598]
Event: 2.459 Thread 0x000001f76b731c60 2103       1       com.sun.tools.javac.code.Type$MethodType::getThrownTypes (5 bytes)
Event: 2.459 Thread 0x000001f770d198c0 nmethod 2105 0x000001f75ee8ca10 code [0x000001f75ee8cc00, 0x000001f75ee8d1a8]
Event: 2.459 Thread 0x000001f76b731c60 nmethod 2103 0x000001f75ee8d710 code [0x000001f75ee8d8a0, 0x000001f75ee8d968]
Event: 2.459 Thread 0x000001f770d198c0 2107   !   4       com.sun.tools.javac.jvm.ClassReader::classSigToType (482 bytes)

GC Heap History (20 events):
Event: 1.062 GC heap after
{Heap after GC invocations=10 (full 0):
 garbage-first heap   total 19456K, used 10834K [0x0000000083200000, 0x0000000100000000)
  region size 1024K, 1 young (1024K), 1 survivors (1024K)
 Metaspace       used 7445K, committed 7616K, reserved 1114112K
  class space    used 842K, committed 896K, reserved 1048576K
}
Event: 1.090 GC heap before
{Heap before GC invocations=10 (full 0):
 garbage-first heap   total 19456K, used 11858K [0x0000000083200000, 0x0000000100000000)
  region size 1024K, 3 young (3072K), 1 survivors (1024K)
 Metaspace       used 7550K, committed 7680K, reserved 1114112K
  class space    used 859K, committed 896K, reserved 1048576K
}
Event: 1.091 GC heap after
{Heap after GC invocations=11 (full 0):
 garbage-first heap   total 19456K, used 12515K [0x0000000083200000, 0x0000000100000000)
  region size 1024K, 1 young (1024K), 1 survivors (1024K)
 Metaspace       used 7550K, committed 7680K, reserved 1114112K
  class space    used 859K, committed 896K, reserved 1048576K
}
Event: 1.165 GC heap before
{Heap before GC invocations=12 (full 0):
 garbage-first heap   total 24576K, used 13539K [0x0000000083200000, 0x0000000100000000)
  region size 1024K, 2 young (2048K), 1 survivors (1024K)
 Metaspace       used 8298K, committed 8448K, reserved 1114112K
  class space    used 915K, committed 1024K, reserved 1048576K
}
Event: 1.167 GC heap after
{Heap after GC invocations=13 (full 0):
 garbage-first heap   total 39936K, used 12679K [0x0000000083200000, 0x0000000100000000)
  region size 1024K, 1 young (1024K), 1 survivors (1024K)
 Metaspace       used 8298K, committed 8448K, reserved 1114112K
  class space    used 915K, committed 1024K, reserved 1048576K
}
Event: 1.637 GC heap before
{Heap before GC invocations=13 (full 0):
 garbage-first heap   total 39936K, used 21895K [0x0000000083200000, 0x0000000100000000)
  region size 1024K, 11 young (11264K), 1 survivors (1024K)
 Metaspace       used 9158K, committed 9344K, reserved 1114112K
  class space    used 1008K, committed 1088K, reserved 1048576K
}
Event: 1.643 GC heap after
{Heap after GC invocations=14 (full 0):
 garbage-first heap   total 39936K, used 16101K [0x0000000083200000, 0x0000000100000000)
  region size 1024K, 2 young (2048K), 2 survivors (2048K)
 Metaspace       used 9158K, committed 9344K, reserved 1114112K
  class space    used 1008K, committed 1088K, reserved 1048576K
}
Event: 1.724 GC heap before
{Heap before GC invocations=14 (full 0):
 garbage-first heap   total 39936K, used 28389K [0x0000000083200000, 0x0000000100000000)
  region size 1024K, 11 young (11264K), 2 survivors (2048K)
 Metaspace       used 9162K, committed 9344K, reserved 1114112K
  class space    used 1008K, committed 1088K, reserved 1048576K
}
Event: 1.730 GC heap after
{Heap after GC invocations=15 (full 0):
 garbage-first heap   total 39936K, used 22399K [0x0000000083200000, 0x0000000100000000)
  region size 1024K, 2 young (2048K), 2 survivors (2048K)
 Metaspace       used 9162K, committed 9344K, reserved 1114112K
  class space    used 1008K, committed 1088K, reserved 1048576K
}
Event: 1.838 GC heap before
{Heap before GC invocations=15 (full 0):
 garbage-first heap   total 39936K, used 29567K [0x0000000083200000, 0x0000000100000000)
  region size 1024K, 9 young (9216K), 2 survivors (2048K)
 Metaspace       used 9162K, committed 9344K, reserved 1114112K
  class space    used 1008K, committed 1088K, reserved 1048576K
}
Event: 1.844 GC heap after
{Heap after GC invocations=16 (full 0):
 garbage-first heap   total 39936K, used 25048K [0x0000000083200000, 0x0000000100000000)
  region size 1024K, 2 young (2048K), 2 survivors (2048K)
 Metaspace       used 9162K, committed 9344K, reserved 1114112K
  class space    used 1008K, committed 1088K, reserved 1048576K
}
Event: 1.869 GC heap before
{Heap before GC invocations=17 (full 0):
 garbage-first heap   total 48128K, used 30168K [0x0000000083200000, 0x0000000100000000)
  region size 1024K, 7 young (7168K), 2 survivors (2048K)
 Metaspace       used 9162K, committed 9344K, reserved 1114112K
  class space    used 1008K, committed 1088K, reserved 1048576K
}
Event: 1.872 GC heap after
{Heap after GC invocations=18 (full 0):
 garbage-first heap   total 62464K, used 26624K [0x0000000083200000, 0x0000000100000000)
  region size 1024K, 1 young (1024K), 1 survivors (1024K)
 Metaspace       used 9162K, committed 9344K, reserved 1114112K
  class space    used 1008K, committed 1088K, reserved 1048576K
}
Event: 1.993 GC heap before
{Heap before GC invocations=18 (full 0):
 garbage-first heap   total 62464K, used 40960K [0x0000000083200000, 0x0000000100000000)
  region size 1024K, 16 young (16384K), 1 survivors (1024K)
 Metaspace       used 9184K, committed 9344K, reserved 1114112K
  class space    used 1008K, committed 1088K, reserved 1048576K
}
Event: 1.998 GC heap after
{Heap after GC invocations=19 (full 0):
 garbage-first heap   total 62464K, used 31197K [0x0000000083200000, 0x0000000100000000)
  region size 1024K, 2 young (2048K), 2 survivors (2048K)
 Metaspace       used 9184K, committed 9344K, reserved 1114112K
  class space    used 1008K, committed 1088K, reserved 1048576K
}
Event: 2.129 GC heap before
{Heap before GC invocations=19 (full 0):
 garbage-first heap   total 62464K, used 45533K [0x0000000083200000, 0x0000000100000000)
  region size 1024K, 16 young (16384K), 2 survivors (2048K)
 Metaspace       used 9218K, committed 9344K, reserved 1114112K
  class space    used 1008K, committed 1088K, reserved 1048576K
}
Event: 2.133 GC heap after
{Heap after GC invocations=20 (full 0):
 garbage-first heap   total 62464K, used 36094K [0x0000000083200000, 0x0000000100000000)
  region size 1024K, 2 young (2048K), 2 survivors (2048K)
 Metaspace       used 9218K, committed 9344K, reserved 1114112K
  class space    used 1008K, committed 1088K, reserved 1048576K
}
Event: 2.322 GC heap before
{Heap before GC invocations=21 (full 0):
 garbage-first heap   total 68608K, used 47358K [0x0000000083200000, 0x0000000100000000)
  region size 1024K, 13 young (13312K), 2 survivors (2048K)
 Metaspace       used 9528K, committed 9728K, reserved 1114112K
  class space    used 1040K, committed 1152K, reserved 1048576K
}
Event: 2.326 GC heap after
{Heap after GC invocations=22 (full 0):
 garbage-first heap   total 68608K, used 38658K [0x0000000083200000, 0x0000000100000000)
  region size 1024K, 2 young (2048K), 2 survivors (2048K)
 Metaspace       used 9528K, committed 9728K, reserved 1114112K
  class space    used 1040K, committed 1152K, reserved 1048576K
}
Event: 2.459 GC heap before
{Heap before GC invocations=22 (full 0):
 garbage-first heap   total 68608K, used 54018K [0x0000000083200000, 0x0000000100000000)
  region size 1024K, 17 young (17408K), 2 survivors (2048K)
 Metaspace       used 9710K, committed 9856K, reserved 1114112K
  class space    used 1061K, committed 1152K, reserved 1048576K
}

Dll operation events (6 events):
Event: 0.011 Loaded shared library C:\Program Files\Java\jdk-21\bin\java.dll
Event: 0.060 Loaded shared library C:\Program Files\Java\jdk-21\bin\jsvml.dll
Event: 0.138 Loaded shared library C:\Program Files\Java\jdk-21\bin\jimage.dll
Event: 0.252 Loaded shared library C:\Program Files\Java\jdk-21\bin\net.dll
Event: 0.254 Loaded shared library C:\Program Files\Java\jdk-21\bin\nio.dll
Event: 0.335 Loaded shared library C:\Program Files\Java\jdk-21\bin\zip.dll

Deoptimization events (20 events):
Event: 2.217 Thread 0x000001f74ee695a0 Uncommon trap: trap_request=0xffffffde fr.pc=0x000001f75ee24290 relative=0x0000000000000070
Event: 2.217 Thread 0x000001f74ee695a0 Uncommon trap: reason=class_check action=maybe_recompile pc=0x000001f75ee24290 method=java.nio.file.Files$AcceptAllFilter.accept(Ljava/lang/Object;)Z @ 2 c2
Event: 2.217 Thread 0x000001f74ee695a0 DEOPT PACKING pc=0x000001f75ee24290 sp=0x000000ca1eefe680
Event: 2.217 Thread 0x000001f74ee695a0 DEOPT UNPACKING pc=0x000001f75e857da2 sp=0x000000ca1eefe618 mode 2
Event: 2.328 Thread 0x000001f74ee695a0 Uncommon trap: trap_request=0xffffff45 fr.pc=0x000001f75ee0540c relative=0x000000000000006c
Event: 2.328 Thread 0x000001f74ee695a0 Uncommon trap: reason=unstable_if action=reinterpret pc=0x000001f75ee0540c method=com.sun.tools.javac.jvm.PoolReader.sizeof(I)I @ 1 c2
Event: 2.328 Thread 0x000001f74ee695a0 DEOPT PACKING pc=0x000001f75ee0540c sp=0x000000ca1eefe510
Event: 2.328 Thread 0x000001f74ee695a0 DEOPT UNPACKING pc=0x000001f75e857da2 sp=0x000000ca1eefe4a0 mode 2
Event: 2.378 Thread 0x000001f74ee695a0 Uncommon trap: trap_request=0xffffff45 fr.pc=0x000001f75ee2624c relative=0x000000000000054c
Event: 2.378 Thread 0x000001f74ee695a0 Uncommon trap: reason=unstable_if action=reinterpret pc=0x000001f75ee2624c method=java.nio.file.FileTreeWalker.visit(Ljava/nio/file/Path;ZZ)Ljava/nio/file/FileTreeWalker$Event; @ 84 c2
Event: 2.378 Thread 0x000001f74ee695a0 DEOPT PACKING pc=0x000001f75ee2624c sp=0x000000ca1eefe460
Event: 2.378 Thread 0x000001f74ee695a0 DEOPT UNPACKING pc=0x000001f75e857da2 sp=0x000000ca1eefe420 mode 2
Event: 2.378 Thread 0x000001f74ee695a0 Uncommon trap: trap_request=0xffffff45 fr.pc=0x000001f75ee5fbd8 relative=0x00000000000019f8
Event: 2.378 Thread 0x000001f74ee695a0 Uncommon trap: reason=unstable_if action=reinterpret pc=0x000001f75ee5fbd8 method=java.nio.file.FileTreeWalker.visit(Ljava/nio/file/Path;ZZ)Ljava/nio/file/FileTreeWalker$Event; @ 53 c2
Event: 2.378 Thread 0x000001f74ee695a0 DEOPT PACKING pc=0x000001f75ee5fbd8 sp=0x000000ca1eefe4c0
Event: 2.378 Thread 0x000001f74ee695a0 DEOPT UNPACKING pc=0x000001f75e857da2 sp=0x000000ca1eefe400 mode 2
Event: 2.438 Thread 0x000001f74ee695a0 Uncommon trap: trap_request=0xffffff45 fr.pc=0x000001f75ee8aa58 relative=0x0000000000000138
Event: 2.438 Thread 0x000001f74ee695a0 Uncommon trap: reason=unstable_if action=reinterpret pc=0x000001f75ee8aa58 method=com.sun.tools.javac.code.Scope$ScopeImpl.getIndex(Lcom/sun/tools/javac/util/Name;)I @ 60 c2
Event: 2.438 Thread 0x000001f74ee695a0 DEOPT PACKING pc=0x000001f75ee8aa58 sp=0x000000ca1eefde90
Event: 2.438 Thread 0x000001f74ee695a0 DEOPT UNPACKING pc=0x000001f75e857da2 sp=0x000000ca1eefde00 mode 2

Classes loaded (20 events):
Event: 2.214 Loading class sun/nio/fs/WindowsDirectoryStream$WindowsDirectoryIterator
Event: 2.214 Loading class sun/nio/fs/WindowsDirectoryStream$WindowsDirectoryIterator done
Event: 2.214 Loading class java/nio/file/Files$2
Event: 2.214 Loading class java/nio/file/Files$2 done
Event: 2.215 Loading class java/util/ImmutableCollections$Access
Event: 2.215 Loading class java/util/ImmutableCollections$Access done
Event: 2.215 Loading class java/util/ImmutableCollections$Access$1
Event: 2.215 Loading class jdk/internal/access/JavaUtilCollectionAccess
Event: 2.215 Loading class jdk/internal/access/JavaUtilCollectionAccess done
Event: 2.215 Loading class java/util/ImmutableCollections$Access$1 done
Event: 2.216 Loading class java/util/stream/Nodes$SpinedNodeBuilder
Event: 2.216 Loading class java/util/stream/Nodes$SpinedNodeBuilder done
Event: 2.216 Loading class sun/nio/fs/WindowsPath$WindowsPathWithAttributes
Event: 2.217 Loading class sun/nio/fs/WindowsPath$WindowsPathWithAttributes done
Event: 2.313 Loading class java/lang/invoke/MethodHandle$1
Event: 2.313 Loading class java/lang/invoke/MethodHandle$1 done
Event: 2.378 Loading class java/nio/file/FileTreeWalker$1
Event: 2.378 Loading class java/nio/file/FileTreeWalker$1 done
Event: 2.425 Loading class java/util/LinkedList$Node
Event: 2.425 Loading class java/util/LinkedList$Node done

Classes unloaded (0 events):
No events

Classes redefined (0 events):
No events

Internal exceptions (20 events):
Event: 1.912 Thread 0x000001f74ee695a0 Exception <a 'sun/nio/fs/WindowsException'{0x00000000868d5c68}> (0x00000000868d5c68) 
thrown [s\open\src\hotspot\share\prims\jni.cpp, line 520]
Event: 1.912 Thread 0x000001f74ee695a0 Exception <a 'sun/nio/fs/WindowsException'{0x00000000868d6500}> (0x00000000868d6500) 
thrown [s\open\src\hotspot\share\prims\jni.cpp, line 520]
Event: 2.037 Thread 0x000001f74ee695a0 Exception <a 'sun/nio/fs/WindowsException'{0x000000008691c260}> (0x000000008691c260) 
thrown [s\open\src\hotspot\share\prims\jni.cpp, line 520]
Event: 2.037 Thread 0x000001f74ee695a0 Exception <a 'sun/nio/fs/WindowsException'{0x000000008691cab8}> (0x000000008691cab8) 
thrown [s\open\src\hotspot\share\prims\jni.cpp, line 520]
Event: 2.038 Thread 0x000001f74ee695a0 Exception <a 'sun/nio/fs/WindowsException'{0x000000008691daa0}> (0x000000008691daa0) 
thrown [s\open\src\hotspot\share\prims\jni.cpp, line 520]
Event: 2.038 Thread 0x000001f74ee695a0 Exception <a 'sun/nio/fs/WindowsException'{0x000000008691e310}> (0x000000008691e310) 
thrown [s\open\src\hotspot\share\prims\jni.cpp, line 520]
Event: 2.038 Thread 0x000001f74ee695a0 Exception <a 'sun/nio/fs/WindowsException'{0x000000008691f290}> (0x000000008691f290) 
thrown [s\open\src\hotspot\share\prims\jni.cpp, line 520]
Event: 2.038 Thread 0x000001f74ee695a0 Exception <a 'sun/nio/fs/WindowsException'{0x000000008691fae0}> (0x000000008691fae0) 
thrown [s\open\src\hotspot\share\prims\jni.cpp, line 520]
Event: 2.210 Thread 0x000001f74ee695a0 Exception <a 'java/lang/NoSuchMethodError'{0x00000000869d6d48}: 'void java.lang.invoke.DirectMethodHandle$Holder.invokeStatic(java.lang.Object, java.lang.Object)'> (0x00000000869d6d48) 
thrown [s\open\src\hotspot\share\interpreter\linkResolver.cpp, line 773]
Event: 2.262 Thread 0x000001f74ee695a0 Exception <a 'sun/nio/fs/WindowsException'{0x000000008712e9f8}> (0x000000008712e9f8) 
thrown [s\open\src\hotspot\share\prims\jni.cpp, line 520]
Event: 2.310 Thread 0x000001f74ee695a0 Exception <a 'sun/nio/fs/WindowsException'{0x0000000086ea7bb0}> (0x0000000086ea7bb0) 
thrown [s\open\src\hotspot\share\prims\jni.cpp, line 520]
Event: 2.311 Thread 0x000001f74ee695a0 Exception <a 'java/lang/NoSuchMethodError'{0x0000000086eab1d8}: 'int java.lang.invoke.DirectMethodHandle$Holder.invokeSpecial(java.lang.Object, java.lang.Object, java.lang.Object)'> (0x0000000086eab1d8) 
thrown [s\open\src\hotspot\share\interpreter\linkResolver.cpp, line 773]
Event: 2.314 Thread 0x000001f74ee695a0 Exception <a 'sun/nio/fs/WindowsException'{0x0000000086eb8a50}> (0x0000000086eb8a50) 
thrown [s\open\src\hotspot\share\prims\jni.cpp, line 520]
Event: 2.314 Thread 0x000001f74ee695a0 Exception <a 'sun/nio/fs/WindowsException'{0x0000000086eb9460}> (0x0000000086eb9460) 
thrown [s\open\src\hotspot\share\prims\jni.cpp, line 520]
Event: 2.330 Thread 0x000001f74ee695a0 Exception <a 'java/lang/NoSuchMethodError'{0x0000000087293218}: 'java.lang.Object java.lang.invoke.DirectMethodHandle$Holder.invokeVirtual(java.lang.Object, java.lang.Object, java.lang.Object, int, int)'> (0x0000000087293218) 
thrown [s\open\src\hotspot\share\interpreter\linkResolver.cpp, line 773]
Event: 2.373 Thread 0x000001f74ee695a0 Exception <a 'sun/nio/fs/WindowsException'{0x0000000086cc5278}> (0x0000000086cc5278) 
thrown [s\open\src\hotspot\share\prims\jni.cpp, line 520]
Event: 2.379 Thread 0x000001f74ee695a0 Exception <a 'sun/nio/fs/WindowsException'{0x0000000086cc97e8}> (0x0000000086cc97e8) 
thrown [s\open\src\hotspot\share\prims\jni.cpp, line 520]
Event: 2.419 Thread 0x000001f74ee695a0 Exception <a 'sun/nio/fs/WindowsException'{0x000000008645ef30}> (0x000000008645ef30) 
thrown [s\open\src\hotspot\share\prims\jni.cpp, line 520]
Event: 2.423 Thread 0x000001f74ee695a0 Exception <a 'sun/nio/fs/WindowsException'{0x000000008647b348}> (0x000000008647b348) 
thrown [s\open\src\hotspot\share\prims\jni.cpp, line 520]
Event: 2.428 Thread 0x000001f74ee695a0 Exception <a 'java/lang/NoSuchMethodError'{0x000000008648f930}: 'java.lang.Object java.lang.invoke.DirectMethodHandle$Holder.invokeInterface(java.lang.Object, java.lang.Object)'> (0x000000008648f930) 
thrown [s\open\src\hotspot\share\interpreter\linkResolver.cpp, line 773]

ZGC Phase Switch (0 events):
No events

VM Operations (20 events):
Event: 1.855 Executing VM operation: G1PauseRemark done
Event: 1.858 Executing VM operation: G1PauseCleanup
Event: 1.858 Executing VM operation: G1PauseCleanup done
Event: 1.868 Executing VM operation: G1CollectForAllocation (G1 Evacuation Pause)
Event: 1.872 Executing VM operation: G1CollectForAllocation (G1 Evacuation Pause) done
Event: 1.993 Executing VM operation: G1CollectForAllocation (G1 Evacuation Pause)
Event: 1.998 Executing VM operation: G1CollectForAllocation (G1 Evacuation Pause) done
Event: 2.129 Executing VM operation: G1CollectForAllocation (G1 Evacuation Pause)
Event: 2.134 Executing VM operation: G1CollectForAllocation (G1 Evacuation Pause) done
Event: 2.197 Executing VM operation: G1PauseRemark
Event: 2.200 Executing VM operation: G1PauseRemark done
Event: 2.204 Executing VM operation: G1PauseCleanup
Event: 2.205 Executing VM operation: G1PauseCleanup done
Event: 2.217 Executing VM operation: HandshakeAllThreads (Deoptimize)
Event: 2.217 Executing VM operation: HandshakeAllThreads (Deoptimize) done
Event: 2.322 Executing VM operation: G1CollectForAllocation (G1 Evacuation Pause)
Event: 2.326 Executing VM operation: G1CollectForAllocation (G1 Evacuation Pause) done
Event: 2.378 Executing VM operation: HandshakeAllThreads (Deoptimize)
Event: 2.378 Executing VM operation: HandshakeAllThreads (Deoptimize) done
Event: 2.459 Executing VM operation: G1CollectForAllocation (G1 Evacuation Pause)

Events (20 events):
Event: 2.199 Thread 0x000001f74ef20700 flushing nmethod 0x000001f757304010
Event: 2.199 Thread 0x000001f74ef20700 flushing nmethod 0x000001f7572ec390
Event: 2.199 Thread 0x000001f74ef20700 flushing nmethod 0x000001f7572e8090
Event: 2.199 Thread 0x000001f74ef20700 flushing nmethod 0x000001f7572e1c10
Event: 2.199 Thread 0x000001f74ef20700 flushing nmethod 0x000001f7572dfd90
Event: 2.199 Thread 0x000001f74ef20700 flushing nmethod 0x000001f7572dd590
Event: 2.199 Thread 0x000001f74ef20700 flushing nmethod 0x000001f7572db590
Event: 2.199 Thread 0x000001f74ef20700 flushing nmethod 0x000001f7572daa90
Event: 2.199 Thread 0x000001f74ef20700 flushing nmethod 0x000001f75ee1fc90
Event: 2.199 Thread 0x000001f74ef20700 flushing nmethod 0x000001f75edeee10
Event: 2.199 Thread 0x000001f74ef20700 flushing nmethod 0x000001f75edf8990
Event: 2.199 Thread 0x000001f74ef20700 flushing nmethod 0x000001f75ede4290
Event: 2.199 Thread 0x000001f74ef20700 flushing nmethod 0x000001f75edf6090
Event: 2.199 Thread 0x000001f74ef20700 flushing nmethod 0x000001f75edd8b10
Event: 2.199 Thread 0x000001f74ef20700 flushing nmethod 0x000001f75edc8990
Event: 2.199 Thread 0x000001f74ef20700 flushing nmethod 0x000001f75edc8390
Event: 2.199 Thread 0x000001f74ef20700 flushing nmethod 0x000001f75edc7c90
Event: 2.199 Thread 0x000001f74ef20700 flushing nmethod 0x000001f75edc3310
Event: 2.199 Thread 0x000001f74ef20700 flushing nmethod 0x000001f75edbc910
Event: 2.199 Thread 0x000001f74ef20700 flushing nmethod 0x000001f75edbb910


Dynamic libraries:
0x00007ff7e5b70000 - 0x00007ff7e5b78000 	C:\Program Files\Java\jdk-21\bin\javac.exe
0x00007fff4ae10000 - 0x00007fff4b026000 	C:\WINDOWS\SYSTEM32\ntdll.dll
0x00007fff49db0000 - 0x00007fff49e74000 	C:\WINDOWS\System32\KERNEL32.DLL
0x00007fff48480000 - 0x00007fff48827000 	C:\WINDOWS\System32\KERNELBASE.dll
0x00007fff48980000 - 0x00007fff48a91000 	C:\WINDOWS\System32\ucrtbase.dll
0x00007fff426c0000 - 0x00007fff426db000 	C:\Program Files\Java\jdk-21\bin\VCRUNTIME140.dll
0x00007fff37810000 - 0x00007fff37829000 	C:\Program Files\Java\jdk-21\bin\jli.dll
0x00007fff49ec0000 - 0x00007fff49f72000 	C:\WINDOWS\System32\ADVAPI32.dll
0x00007fff4a6a0000 - 0x00007fff4a747000 	C:\WINDOWS\System32\msvcrt.dll
0x00007fff4a780000 - 0x00007fff4a828000 	C:\WINDOWS\System32\sechost.dll
0x00007fff48950000 - 0x00007fff48978000 	C:\WINDOWS\System32\bcrypt.dll
0x00007fff4a280000 - 0x00007fff4a395000 	C:\WINDOWS\System32\RPCRT4.dll
0x00007fff4a830000 - 0x00007fff4a9de000 	C:\WINDOWS\System32\USER32.dll
0x00007fff48aa0000 - 0x00007fff48ac6000 	C:\WINDOWS\System32\win32u.dll
0x00007fff47400000 - 0x00007fff47693000 	C:\WINDOWS\WinSxS\amd64_microsoft.windows.common-controls_6595b64144ccf1df_6.0.22621.3235_none_270f74e173860f98\COMCTL32.dll
0x00007fff49e90000 - 0x00007fff49eb9000 	C:\WINDOWS\System32\GDI32.dll
0x00007fff48830000 - 0x00007fff48949000 	C:\WINDOWS\System32\gdi32full.dll
0x00007fff483e0000 - 0x00007fff4847a000 	C:\WINDOWS\System32\msvcp_win.dll
0x00007fff3f170000 - 0x00007fff3f17a000 	C:\WINDOWS\SYSTEM32\VERSION.dll
0x00007fff4ad90000 - 0x00007fff4adc1000 	C:\WINDOWS\System32\IMM32.DLL
0x00007fff47940000 - 0x00007fff4794c000 	C:\Program Files\Java\jdk-21\bin\vcruntime140_1.dll
0x00007fff2dd50000 - 0x00007fff2ddde000 	C:\Program Files\Java\jdk-21\bin\msvcp140.dll
0x00007fff087d0000 - 0x00007fff094e7000 	C:\Program Files\Java\jdk-21\bin\server\jvm.dll
0x00007fff4a620000 - 0x00007fff4a691000 	C:\WINDOWS\System32\WS2_32.dll
0x00007fff48000000 - 0x00007fff4804d000 	C:\WINDOWS\SYSTEM32\POWRPROF.dll
0x00007fff40af0000 - 0x00007fff40b24000 	C:\WINDOWS\SYSTEM32\WINMM.dll
0x00007fff47fe0000 - 0x00007fff47ff3000 	C:\WINDOWS\SYSTEM32\UMPDC.dll
0x00007fff46a90000 - 0x00007fff46aa8000 	C:\WINDOWS\SYSTEM32\kernel.appcore.dll
0x00007fff44590000 - 0x00007fff4459a000 	C:\Program Files\Java\jdk-21\bin\jimage.dll
0x00007fff479c0000 - 0x00007fff47bf3000 	C:\WINDOWS\SYSTEM32\DBGHELP.DLL
0x00007fff4a9e0000 - 0x00007fff4ad68000 	C:\WINDOWS\System32\combase.dll
0x00007fff48bc0000 - 0x00007fff48c97000 	C:\WINDOWS\System32\OLEAUT32.dll
0x00007fff47880000 - 0x00007fff478b2000 	C:\WINDOWS\SYSTEM32\dbgcore.DLL
0x00007fff48360000 - 0x00007fff483d9000 	C:\WINDOWS\System32\bcryptPrimitives.dll
0x00007fff40d00000 - 0x00007fff40d1f000 	C:\Program Files\Java\jdk-21\bin\java.dll
0x00007fff490d0000 - 0x00007fff4992c000 	C:\WINDOWS\System32\SHELL32.dll
0x00007fff456b0000 - 0x00007fff45fa9000 	C:\WINDOWS\SYSTEM32\windows.storage.dll
0x00007fff45570000 - 0x00007fff456ae000 	C:\WINDOWS\SYSTEM32\wintypes.dll
0x00007fff4a170000 - 0x00007fff4a263000 	C:\WINDOWS\System32\SHCORE.dll
0x00007fff4a3a0000 - 0x00007fff4a3fe000 	C:\WINDOWS\System32\shlwapi.dll
0x00007fff48060000 - 0x00007fff48081000 	C:\WINDOWS\SYSTEM32\profapi.dll
0x00007fff2dbc0000 - 0x00007fff2dc97000 	C:\Program Files\Java\jdk-21\bin\jsvml.dll
0x00007fff42810000 - 0x00007fff42820000 	C:\Program Files\Java\jdk-21\bin\net.dll
0x00007fff413a0000 - 0x00007fff414d6000 	C:\WINDOWS\SYSTEM32\WINHTTP.dll
0x00007fff46ec0000 - 0x00007fff46f29000 	C:\WINDOWS\system32\mswsock.dll
0x00007fff40ce0000 - 0x00007fff40cf6000 	C:\Program Files\Java\jdk-21\bin\nio.dll
0x00007fff40cc0000 - 0x00007fff40cd8000 	C:\Program Files\Java\jdk-21\bin\zip.dll

dbghelp: loaded successfully - version: 4.0.5 - missing functions: none
symbol engine: initialized successfully - sym options: 0x614 - pdb path: .;C:\Program Files\Java\jdk-21\bin;C:\WINDOWS\SYSTEM32;C:\WINDOWS\WinSxS\amd64_microsoft.windows.common-controls_6595b64144ccf1df_6.0.22621.3235_none_270f74e173860f98;C:\Program Files\Java\jdk-21\bin\server

VM Arguments:
jvm_args: -Dapplication.home=C:\Program Files\Java\jdk-21 --add-modules=ALL-DEFAULT -Xms8m -Djdk.module.main=jdk.compiler 
java_command: jdk.compiler/com.sun.tools.javac.Main @C:\Users\Kiet\AppData\Local\Temp\files3517170413085864382
java_class_path (initial): <not set>
Launcher Type: SUN_STANDARD

[Global flags]
     intx CICompilerCount                          = 4                                         {product} {ergonomic}
     uint ConcGCThreads                            = 2                                         {product} {ergonomic}
     uint G1ConcRefinementThreads                  = 8                                         {product} {ergonomic}
   size_t G1HeapRegionSize                         = 1048576                                   {product} {ergonomic}
    uintx GCDrainStackTargetSize                   = 64                                        {product} {ergonomic}
   size_t InitialHeapSize                          = 8388608                                   {product} {command line}
   size_t MarkStackSize                            = 4194304                                   {product} {ergonomic}
   size_t MaxHeapSize                              = 2095054848                                {product} {ergonomic}
   size_t MaxNewSize                               = 1256194048                                {product} {ergonomic}
   size_t MinHeapDeltaBytes                        = 1048576                                   {product} {ergonomic}
   size_t MinHeapSize                              = 8388608                                   {product} {command line}
    uintx NonNMethodCodeHeapSize                   = 5839372                                {pd product} {ergonomic}
    uintx NonProfiledCodeHeapSize                  = 122909434                              {pd product} {ergonomic}
    uintx ProfiledCodeHeapSize                     = 122909434                              {pd product} {ergonomic}
    uintx ReservedCodeCacheSize                    = 251658240                              {pd product} {ergonomic}
     bool SegmentedCodeCache                       = true                                      {product} {ergonomic}
   size_t SoftMaxHeapSize                          = 2095054848                             {manageable} {ergonomic}
     bool UseCompressedOops                        = true                           {product lp64_product} {ergonomic}
     bool UseG1GC                                  = true                                      {product} {ergonomic}
     bool UseLargePagesIndividualAllocation        = false                                  {pd product} {ergonomic}

Logging:
Log output configuration:
 #0: stdout all=warning uptime,level,tags foldmultilines=false
 #1: stderr all=off uptime,level,tags foldmultilines=false

Environment Variables:
PATH=C:\Program Files\Common Files\Oracle\Java\javapath;C:\Program Files (x86)\Common Files\Oracle\Java\javapath;C:\WINDOWS\system32;C:\WINDOWS;C:\WINDOWS\System32\Wbem;C:\WINDOWS\System32\WindowsPowerShell\v1.0\;C:\WINDOWS\System32\OpenSSH\;C:\Program Files\dotnet\;C:\Program Files\Common Files\Oracle\Java\javapath;C:\Program Files\Java\jdk-11\bin;C:\Program Files (x86)\Microsoft SQL Server\160\Tools\Binn\;C:\Program Files\Microsoft SQL Server\160\Tools\Binn\;C:\Program Files\Microsoft SQL Server\Client SDK\ODBC\170\Tools\Binn\;C:\Program Files\Microsoft SQL Server\160\DTS\Binn\;C:\Program Files (x86)\Microsoft SQL Server\160\DTS\Binn\;C:\Program Files\Azure Data Studio\bin;C:\Program Files\apache-maven-3.9.6\bin;C:\Program Files\Git\cmd;C:\Program Files\nodejs\;C:\Program Files\Java\jdk-21\bin;C:\Users\Kiet\AppData\Local\Microsoft\WindowsApps;C:\Users\Kiet\AppData\Local\Programs\Microsoft VS Code\bin;C:\Users\Kiet\AppData\Local\GitHubDesktop\bin;C:\Users\Kiet\.dotnet\tools;C:\Program Files\Azure Data Studio\bin;C:\Users\Kiet\AppData\Roaming\npm
USERNAME=Kiet
OS=Windows_NT
PROCESSOR_IDENTIFIER=Intel64 Family 6 Model 126 Stepping 5, GenuineIntel
TMP=C:\Users\Kiet\AppData\Local\Temp
TEMP=C:\Users\Kiet\AppData\Local\Temp




Periodic native trim disabled

---------------  S Y S T E M  ---------------

OS:
 Windows 11 , 64 bit Build 22621 (10.0.22621.3374)
OS uptime: 0 days 22:54 hours

CPU: total 8 (initial active 8) (4 cores per cpu, 2 threads per core) family 6 model 126 stepping 5 microcode 0xa6, cx8, cmov, fxsr, ht, mmx, 3dnowpref, sse, sse2, sse3, ssse3, sse4.1, sse4.2, popcnt, lzcnt, tsc, tscinvbit, avx, avx2, aes, erms, clmul, bmi1, bmi2, adx, avx512f, avx512dq, avx512cd, avx512bw, avx512vl, sha, fma, vzeroupper, avx512_vpopcntdq, avx512_vpclmulqdq, avx512_vaes, avx512_vnni, clflush, clflushopt, avx512_vbmi2, avx512_vbmi, rdtscp, rdpid, fsrm, gfni, avx512_bitalg, f16c, pku, avx512_ifma
Processor Information for all 8 processors :
  Max Mhz: 1190, Current Mhz: 991, Mhz Limit: 987

Memory: 4k page, system-wide physical 7987M (895M free)
TotalPageFile size 10035M (AvailPageFile size 61M)
current process WorkingSet (physical memory assigned to process): 157M, peak: 158M
current process commit charge ("private bytes"): 195M, peak: 256M

vm_info: Java HotSpot(TM) 64-Bit Server VM (21.0.2+13-LTS-58) for windows-amd64 JRE (21.0.2+13-LTS-58), built on 2024-01-05T18:32:24Z by "mach5one" with MS VC++ 17.1 (VS2022)

END.
