#
# There is insufficient memory for the Java Runtime Environment to continue.
# Native memory allocation (malloc) failed to allocate 2085776 bytes for Chunk::new
# Possible reasons:
#   The system is out of physical RAM or swap space
#   The process is running with CompressedOops enabled, and the Java Heap may be blocking the growth of the native heap
# Possible solutions:
#   Reduce memory load on the system
#   Increase physical memory or swap space
#   Check if swap backing store is full
#   Decrease Java heap size (-Xmx/-Xms)
#   Decrease number of Java threads
#   Decrease Java thread stack sizes (-Xss)
#   Set larger code cache with -XX:ReservedCodeCacheSize=
#   JVM is running with Unscaled Compressed Oops mode in which the Java heap is
#     placed in the first 4GB address space. The Java Heap base address is the
#     maximum limit for the native heap growth. Please use -XX:HeapBaseMinAddress
#     to set the Java Heap base and to place the Java Heap above 4GB virtual address.
# This output file may be truncated or incomplete.
#
#  Out of Memory Error (arena.cpp:191), pid=14304, tid=19976
#
# JRE version: OpenJDK Runtime Environment Temurin-17.0.10+7 (17.0.10+7) (build 17.0.10+7)
# Java VM: OpenJDK 64-Bit Server VM Temurin-17.0.10+7 (17.0.10+7, mixed mode, tiered, compressed oops, compressed class ptrs, parallel gc, windows-amd64)
# No core dump will be written. Minidumps are not enabled by default on client versions of Windows
#

---------------  S U M M A R Y ------------

Command Line: --add-modules=ALL-SYSTEM --add-opens=java.base/java.util=ALL-UNNAMED --add-opens=java.base/java.lang=ALL-UNNAMED --add-opens=java.base/sun.nio.fs=ALL-UNNAMED -Declipse.application=org.eclipse.jdt.ls.core.id1 -Dosgi.bundles.defaultStartLevel=4 -Declipse.product=org.eclipse.jdt.ls.core.product -Djava.import.generatesMetadataFilesAtProjectRoot=false -DDetectVMInstallationsJob.disabled=true -Dfile.encoding=utf8 -XX:+UseParallelGC -XX:GCTimeRatio=4 -XX:AdaptiveSizePolicyWeight=90 -Dsun.zip.disableMemoryMapping=true -Xmx1G -Xms100m -Xlog:disable -javaagent:c:\Users\Kiet\.vscode\extensions\redhat.java-1.30.0-win32-x64\lombok\lombok-1.18.32.jar -XX:+HeapDumpOnOutOfMemoryError -XX:HeapDumpPath=c:\Users\Kiet\AppData\Roaming\Code\User\workspaceStorage\b3b38d78d4b70df6aa0616a4b888d3ad\redhat.java -Daether.dependencyCollector.impl=bf c:\Users\Kiet\.vscode\extensions\redhat.java-1.30.0-win32-x64\server\plugins\org.eclipse.equinox.launcher_1.6.800.v20240330-1250.jar -configuration c:\Users\Kiet\AppData\Roaming\Code\User\globalStorage\redhat.java\1.30.0\config_win -data c:\Users\Kiet\AppData\Roaming\Code\User\workspaceStorage\b3b38d78d4b70df6aa0616a4b888d3ad\redhat.java\jdt_ws --pipe=\\.\pipe\lsp-6f2d5753141c6d8ec19c1e8afcb4624f-sock

Host: Intel(R) Core(TM) i5-1035G1 CPU @ 1.00GHz, 8 cores, 7G,  Windows 11 , 64 bit Build 22621 (10.0.22621.3374)
Time: Thu May  2 20:57:46 2024 SE Asia Standard Time elapsed time: 170.638218 seconds (0d 0h 2m 50s)

---------------  T H R E A D  ---------------

Current thread (0x000002f2735d2840):  JavaThread "C2 CompilerThread0" daemon [_thread_in_native, id=19976, stack(0x000000faadb00000,0x000000faadc00000)]


Current CompileTask:
C2: 170638 19917       4       org.eclipse.jdt.internal.compiler.lookup.TypeBinding::findSuperTypeOriginatingFrom (754 bytes)

Stack: [0x000000faadb00000,0x000000faadc00000]
Native frames: (J=compiled Java code, j=interpreted, Vv=VM code, C=native code)
V  [jvm.dll+0x67d2c9]
V  [jvm.dll+0x834afa]
V  [jvm.dll+0x8365be]
V  [jvm.dll+0x836c23]
V  [jvm.dll+0x2477ff]
V  [jvm.dll+0xac514]
V  [jvm.dll+0xacb5c]
V  [jvm.dll+0x366782]
V  [jvm.dll+0x330bfa]
V  [jvm.dll+0x33009a]
V  [jvm.dll+0x219ef1]
V  [jvm.dll+0x219311]
V  [jvm.dll+0x1a502d]
V  [jvm.dll+0x2290de]
V  [jvm.dll+0x2272ac]
V  [jvm.dll+0x7e9bb7]
V  [jvm.dll+0x7e3fba]
V  [jvm.dll+0x67c1b5]
C  [ucrtbase.dll+0x29333]
C  [KERNEL32.DLL+0x1257d]
C  [ntdll.dll+0x5aa48]


---------------  P R O C E S S  ---------------

Threads class SMR info:
_java_thread_list=0x000002f276946460, length=53, elements={
0x000002f2586e0290, 0x000002f26e4b8020, 0x000002f26e4bb330, 0x000002f2735c8f20,
0x000002f2735c98f0, 0x000002f2735ccb10, 0x000002f2735cd3e0, 0x000002f2735d2840,
0x000002f2735ea940, 0x000002f2735fae40, 0x000002f2736c9350, 0x000002f2738b3e50,
0x000002f274d504f0, 0x000002f275265570, 0x000002f274e6f1e0, 0x000002f275481860,
0x000002f2754ffdd0, 0x000002f275acdce0, 0x000002f275acc8a0, 0x000002f275acaf50,
0x000002f275acbe80, 0x000002f275accdb0, 0x000002f275acd2c0, 0x000002f275acd7d0,
0x000002f276784ab0, 0x000002f27678a5d0, 0x000002f2767859e0, 0x000002f276789bb0,
0x000002f276786910, 0x000002f27678a0c0, 0x000002f276785ef0, 0x000002f276786e20,
0x000002f276789190, 0x000002f276783670, 0x000002f276788260, 0x000002f276788c80,
0x000002f2767896a0, 0x000002f276786400, 0x000002f276784fc0, 0x000002f276787840,
0x000002f27678aae0, 0x000002f276783b80, 0x000002f2767854d0, 0x000002f27a07f000,
0x000002f27a07eaf0, 0x000002f27a07dbc0, 0x000002f27a07e0d0, 0x000002f276787330,
0x000002f275acb460, 0x000002f27ab47010, 0x000002f27ab451b0, 0x000002f27ab42420,
0x000002f2783380b0
}

Java Threads: ( => current thread )
  0x000002f2586e0290 JavaThread "main" [_thread_blocked, id=12216, stack(0x000000faad200000,0x000000faad300000)]
  0x000002f26e4b8020 JavaThread "Reference Handler" daemon [_thread_blocked, id=17292, stack(0x000000faad500000,0x000000faad600000)]
  0x000002f26e4bb330 JavaThread "Finalizer" daemon [_thread_blocked, id=6584, stack(0x000000faad600000,0x000000faad700000)]
  0x000002f2735c8f20 JavaThread "Signal Dispatcher" daemon [_thread_blocked, id=14532, stack(0x000000faad700000,0x000000faad800000)]
  0x000002f2735c98f0 JavaThread "Attach Listener" daemon [_thread_blocked, id=22136, stack(0x000000faad800000,0x000000faad900000)]
  0x000002f2735ccb10 JavaThread "Service Thread" daemon [_thread_blocked, id=9388, stack(0x000000faad900000,0x000000faada00000)]
  0x000002f2735cd3e0 JavaThread "Monitor Deflation Thread" daemon [_thread_blocked, id=17792, stack(0x000000faada00000,0x000000faadb00000)]
=>0x000002f2735d2840 JavaThread "C2 CompilerThread0" daemon [_thread_in_native, id=19976, stack(0x000000faadb00000,0x000000faadc00000)]
  0x000002f2735ea940 JavaThread "C1 CompilerThread0" daemon [_thread_blocked, id=22104, stack(0x000000faadc00000,0x000000faadd00000)]
  0x000002f2735fae40 JavaThread "Sweeper thread" daemon [_thread_blocked, id=10004, stack(0x000000faadd00000,0x000000faade00000)]
  0x000002f2736c9350 JavaThread "Common-Cleaner" daemon [_thread_blocked, id=17916, stack(0x000000faade00000,0x000000faadf00000)]
  0x000002f2738b3e50 JavaThread "Notification Thread" daemon [_thread_blocked, id=11224, stack(0x000000faadf00000,0x000000faae000000)]
  0x000002f274d504f0 JavaThread "Active Thread: Equinox Container: 4981b16e-4535-43e9-9c53-7b00e87e06b6" [_thread_blocked, id=20680, stack(0x000000faae800000,0x000000faae900000)]
  0x000002f275265570 JavaThread "Framework Event Dispatcher: Equinox Container: 4981b16e-4535-43e9-9c53-7b00e87e06b6" daemon [_thread_blocked, id=14264, stack(0x000000faae900000,0x000000faaea00000)]
  0x000002f274e6f1e0 JavaThread "Start Level: Equinox Container: 4981b16e-4535-43e9-9c53-7b00e87e06b6" daemon [_thread_blocked, id=7304, stack(0x000000faaea00000,0x000000faaeb00000)]
  0x000002f275481860 JavaThread "Bundle File Closer" daemon [_thread_blocked, id=5436, stack(0x000000faaec00000,0x000000faaed00000)]
  0x000002f2754ffdd0 JavaThread "SCR Component Actor" daemon [_thread_blocked, id=15580, stack(0x000000faaed00000,0x000000faaee00000)]
  0x000002f275acdce0 JavaThread "Worker-JM" [_thread_blocked, id=16316, stack(0x000000faaef00000,0x000000faaf000000)]
  0x000002f275acc8a0 JavaThread "Java indexing" daemon [_thread_blocked, id=12780, stack(0x000000faaf200000,0x000000faaf300000)]
  0x000002f275acaf50 JavaThread "JNA Cleaner" daemon [_thread_blocked, id=19568, stack(0x000000faae100000,0x000000faae200000)]
  0x000002f275acbe80 JavaThread "Thread-2" daemon [_thread_in_native, id=17892, stack(0x000000faaf400000,0x000000faaf500000)]
  0x000002f275accdb0 JavaThread "Thread-3" daemon [_thread_in_native, id=1272, stack(0x000000faaf500000,0x000000faaf600000)]
  0x000002f275acd2c0 JavaThread "Thread-4" daemon [_thread_in_native, id=3684, stack(0x000000faaf600000,0x000000faaf700000)]
  0x000002f275acd7d0 JavaThread "Thread-5" daemon [_thread_in_native, id=2672, stack(0x000000faaf700000,0x000000faaf800000)]
  0x000002f276784ab0 JavaThread "Thread-6" daemon [_thread_in_native, id=16968, stack(0x000000faaf800000,0x000000faaf900000)]
  0x000002f27678a5d0 JavaThread "Thread-7" daemon [_thread_in_native, id=9796, stack(0x000000faaf900000,0x000000faafa00000)]
  0x000002f2767859e0 JavaThread "Thread-8" daemon [_thread_in_native, id=2268, stack(0x000000faafa00000,0x000000faafb00000)]
  0x000002f276789bb0 JavaThread "Thread-9" daemon [_thread_in_native, id=1912, stack(0x000000faafb00000,0x000000faafc00000)]
  0x000002f276786910 JavaThread "Thread-10" daemon [_thread_in_native, id=10604, stack(0x000000faafc00000,0x000000faafd00000)]
  0x000002f27678a0c0 JavaThread "pool-2-thread-1" [_thread_blocked, id=9676, stack(0x000000faafd00000,0x000000faafe00000)]
  0x000002f276785ef0 JavaThread "WorkspaceEventsHandler" [_thread_blocked, id=11632, stack(0x000000faaff00000,0x000000fab0000000)]
  0x000002f276786e20 JavaThread "pool-1-thread-1" [_thread_blocked, id=14280, stack(0x000000fab0000000,0x000000fab0100000)]
  0x000002f276789190 JavaThread "Worker-3" [_thread_blocked, id=6928, stack(0x000000faaee00000,0x000000faaef00000)]
  0x000002f276783670 JavaThread "Worker-4" [_thread_blocked, id=10164, stack(0x000000fab0100000,0x000000fab0200000)]
  0x000002f276788260 JavaThread "Worker-5" [_thread_blocked, id=11100, stack(0x000000fab0200000,0x000000fab0300000)]
  0x000002f276788c80 JavaThread "ForkJoinPool.commonPool-worker-2" daemon [_thread_blocked, id=12360, stack(0x000000fab0400000,0x000000fab0500000)]
  0x000002f2767896a0 JavaThread "ForkJoinPool.commonPool-worker-1" daemon [_thread_in_Java, id=4172, stack(0x000000fab0500000,0x000000fab0600000)]
  0x000002f276786400 JavaThread "ForkJoinPool.commonPool-worker-3" daemon [_thread_blocked, id=12336, stack(0x000000fab0600000,0x000000fab0700000)]
  0x000002f276784fc0 JavaThread "ForkJoinPool.commonPool-worker-4" daemon [_thread_blocked, id=21452, stack(0x000000fab0700000,0x000000fab0800000)]
  0x000002f276787840 JavaThread "ForkJoinPool.commonPool-worker-5" daemon [_thread_blocked, id=14976, stack(0x000000fab0800000,0x000000fab0900000)]
  0x000002f27678aae0 JavaThread "ForkJoinPool.commonPool-worker-7" daemon [_thread_blocked, id=22152, stack(0x000000fab0900000,0x000000fab0a00000)]
  0x000002f276783b80 JavaThread "ForkJoinPool.commonPool-worker-6" daemon [_thread_blocked, id=10900, stack(0x000000fab0a00000,0x000000fab0b00000)]
  0x000002f2767854d0 JavaThread "Cleaner-0" daemon [_thread_blocked, id=4820, stack(0x000000fab0d00000,0x000000fab0e00000)]
  0x000002f27a07f000 JavaThread "Java Debug Server" daemon [_thread_in_native, id=17720, stack(0x000000faad000000,0x000000faad100000)]
  0x000002f27a07eaf0 JavaThread "pool-3-thread-1" [_thread_in_native, id=9640, stack(0x000000faad100000,0x000000faad200000)]
  0x000002f27a07dbc0 JavaThread "RxSchedulerPurge-1" daemon [_thread_blocked, id=9112, stack(0x000000fab0b00000,0x000000fab0c00000)]
  0x000002f27a07e0d0 JavaThread "RxCachedWorkerPoolEvictor-1" daemon [_thread_blocked, id=12128, stack(0x000000fab0c00000,0x000000fab0d00000)]
  0x000002f276787330 JavaThread "process reaper (pid 14568)" daemon [_thread_in_native, id=22400, stack(0x000000faacbe0000,0x000000faacc00000)]
  0x000002f275acb460 JavaThread "Worker-6" [_thread_blocked, id=18520, stack(0x000000faacf00000,0x000000faad000000)]
  0x000002f27ab47010 JavaThread "pool-3-thread-2" [_thread_blocked, id=1068, stack(0x000000faaf100000,0x000000faaf200000)]
  0x000002f27ab451b0 JavaThread "process reaper" daemon [_thread_blocked, id=20504, stack(0x000000faafe00000,0x000000faafe20000)]
  0x000002f27ab42420 JavaThread "RxNewThreadScheduler-5" daemon [_thread_blocked, id=18040, stack(0x000000faaf000000,0x000000faaf100000)]
  0x000002f2783380b0 JavaThread "C2 CompilerThread1" daemon [_thread_in_native, id=16508, stack(0x000000faaf300000,0x000000faaf400000)]

Other Threads:
  0x000002f2587877a0 VMThread "VM Thread" [stack: 0x000000faad400000,0x000000faad500000] [id=9780]
  0x000002f2738b4330 WatcherThread [stack: 0x000000faae000000,0x000000faae100000] [id=15468]
  0x000002f2586f5df0 GCTaskThread "GC Thread#0" [stack: 0x000000faad300000,0x000000faad400000] [id=6352]
  0x000002f274c477b0 GCTaskThread "GC Thread#1" [stack: 0x000000faae200000,0x000000faae300000] [id=1660]
  0x000002f2750ceab0 GCTaskThread "GC Thread#2" [stack: 0x000000faae300000,0x000000faae400000] [id=6456]
  0x000002f274b67270 GCTaskThread "GC Thread#3" [stack: 0x000000faae400000,0x000000faae500000] [id=1520]
  0x000002f274b67530 GCTaskThread "GC Thread#4" [stack: 0x000000faae500000,0x000000faae600000] [id=17920]
  0x000002f274b677f0 GCTaskThread "GC Thread#5" [stack: 0x000000faae600000,0x000000faae700000] [id=10968]
  0x000002f274b67ab0 GCTaskThread "GC Thread#6" [stack: 0x000000faae700000,0x000000faae800000] [id=19752]
  0x000002f274973690 GCTaskThread "GC Thread#7" [stack: 0x000000faaeb00000,0x000000faaec00000] [id=4308]

Threads with active compile tasks:
C2 CompilerThread0   170664 19917       4       org.eclipse.jdt.internal.compiler.lookup.TypeBinding::findSuperTypeOriginatingFrom (754 bytes)
C2 CompilerThread1   170665 19927   !   4       org.eclipse.jdt.internal.compiler.lookup.BinaryTypeBinding::superInterfaces (286 bytes)

VM state: not at safepoint (normal execution)

VM Mutex/Monitor currently owned by a thread: None

Heap address: 0x00000000c0000000, size: 1024 MB, Compressed Oops mode: 32-bit

CDS archive(s) not mapped
Compressed class space mapped at: 0x0000000100000000-0x0000000140000000, reserved size: 1073741824
Narrow klass base: 0x0000000000000000, Narrow klass shift: 3, Narrow klass range: 0x140000000

GC Precious Log:
 CPUs: 8 total, 8 available
 Memory: 7987M
 Large Page Support: Disabled
 NUMA Support: Disabled
 Compressed Oops: Enabled (32-bit)
 Alignments: Space 512K, Generation 512K, Heap 2M
 Heap Min Capacity: 100M
 Heap Initial Capacity: 100M
 Heap Max Capacity: 1G
 Pre-touch: Disabled
 Parallel Workers: 8

Heap:
 PSYoungGen      total 6144K, used 3270K [0x00000000eab00000, 0x00000000eb380000, 0x0000000100000000)
  eden space 4608K, 39% used [0x00000000eab00000,0x00000000eacc1900,0x00000000eaf80000)
  from space 1536K, 95% used [0x00000000eb200000,0x00000000eb370000,0x00000000eb380000)
  to   space 2048K, 0% used [0x00000000eaf80000,0x00000000eaf80000,0x00000000eb180000)
 ParOldGen       total 172032K, used 152539K [0x00000000c0000000, 0x00000000ca800000, 0x00000000eab00000)
  object space 172032K, 88% used [0x00000000c0000000,0x00000000c94f6fb0,0x00000000ca800000)
 Metaspace       used 84914K, committed 86208K, reserved 1179648K
  class space    used 8640K, committed 9216K, reserved 1048576K

Card table byte_map: [0x000002f26bd30000,0x000002f26bf40000] _byte_map_base: 0x000002f26b730000

Marking Bits: (ParMarkBitMap*) 0x00007fff57aad7d0
 Begin Bits: [0x000002f26c0a0000, 0x000002f26d0a0000)
 End Bits:   [0x000002f26d0a0000, 0x000002f26e0a0000)

Polling page: 0x000002f25cb20000

Metaspace:

Usage:
  Non-class:     74.49 MB used.
      Class:      8.44 MB used.
       Both:     82.92 MB used.

Virtual space:
  Non-class space:      128.00 MB reserved,      75.19 MB ( 59%) committed,  2 nodes.
      Class space:        1.00 GB reserved,       9.00 MB ( <1%) committed,  1 nodes.
             Both:        1.12 GB reserved,      84.19 MB (  7%) committed. 

Chunk freelists:
   Non-Class:  4.13 MB
       Class:  7.04 MB
        Both:  11.16 MB

MaxMetaspaceSize: unlimited
CompressedClassSpaceSize: 1.00 GB
Initial GC threshold: 21.00 MB
Current GC threshold: 140.31 MB
CDS: off
MetaspaceReclaimPolicy: balanced
 - commit_granule_bytes: 65536.
 - commit_granule_words: 8192.
 - virtual_space_node_default_size: 8388608.
 - enlarge_chunks_in_place: 1.
 - new_chunks_are_fully_committed: 0.
 - uncommit_free_chunks: 1.
 - use_allocation_guard: 0.
 - handle_deallocations: 1.


Internal statistics:

num_allocs_failed_limit: 9.
num_arena_births: 866.
num_arena_deaths: 20.
num_vsnodes_births: 3.
num_vsnodes_deaths: 0.
num_space_committed: 1347.
num_space_uncommitted: 0.
num_chunks_returned_to_freelist: 31.
num_chunks_taken_from_freelist: 4441.
num_chunk_merges: 11.
num_chunk_splits: 2784.
num_chunks_enlarged: 1641.
num_inconsistent_stats: 0.

CodeHeap 'non-profiled nmethods': size=120000Kb used=14639Kb max_used=14793Kb free=105360Kb
 bounds [0x000002f264610000, 0x000002f265490000, 0x000002f26bb40000]
CodeHeap 'profiled nmethods': size=120000Kb used=29103Kb max_used=30111Kb free=90897Kb
 bounds [0x000002f25cb40000, 0x000002f25e8e0000, 0x000002f264070000]
CodeHeap 'non-nmethods': size=5760Kb used=1432Kb max_used=1513Kb free=4327Kb
 bounds [0x000002f264070000, 0x000002f2642e0000, 0x000002f264610000]
 total_blobs=14443 nmethods=13663 adapters=690
 compilation: enabled
              stopped_count=0, restarted_count=0
 full_count=0

Compilation events (20 events):
Event: 170.525 Thread 0x000002f2735ea940 nmethod 20011 0x000002f25dd57210 code [0x000002f25dd573a0, 0x000002f25dd574e8]
Event: 170.529 Thread 0x000002f2735ea940 20012   !   3       org.eclipse.jdt.ls.core.internal.handlers.DocumentSymbolHandler::toDocumentSymbol (388 bytes)
Event: 170.537 Thread 0x000002f2735ea940 nmethod 20012 0x000002f25e06a790 code [0x000002f25e06b000, 0x000002f25e06ffe8]
Event: 170.537 Thread 0x000002f2735ea940 20016 %     3       org.eclipse.jdt.internal.compiler.lookup.MethodVerifier15::checkMethods @ 47 (1164 bytes)
Event: 170.545 Thread 0x000002f2735ea940 nmethod 20016% 0x000002f25dc96510 code [0x000002f25dc96b60, 0x000002f25dc9c0e8]
Event: 170.545 Thread 0x000002f2735ea940 20013   !   3       org.eclipse.jdt.internal.compiler.lookup.MethodBinding::sourceMethod (78 bytes)
Event: 170.546 Thread 0x000002f2735ea940 nmethod 20013 0x000002f25d651410 code [0x000002f25d651600, 0x000002f25d651b78]
Event: 170.546 Thread 0x000002f2735ea940 20017       3       org.eclipse.jdt.internal.compiler.ClassFile::completeMethodInfo (461 bytes)
Event: 170.550 Thread 0x000002f2735ea940 nmethod 20017 0x000002f25e095390 code [0x000002f25e095780, 0x000002f25e0978d8]
Event: 170.551 Thread 0x000002f2735ea940 20014       2       org.eclipse.lsp4j.jsonrpc.RemoteEndpoint$$Lambda$355/0x000000010049c868::accept (13 bytes)
Event: 170.551 Thread 0x000002f2735ea940 nmethod 20014 0x000002f25d76a710 code [0x000002f25d76a8c0, 0x000002f25d76aa58]
Event: 170.551 Thread 0x000002f2735ea940 20018       2       org.eclipse.jdt.internal.compiler.lookup.ModuleBinding$UnNamedModule::<init> (6 bytes)
Event: 170.551 Thread 0x000002f2735ea940 nmethod 20018 0x000002f25dd79010 code [0x000002f25dd791a0, 0x000002f25dd792c8]
Event: 170.551 Thread 0x000002f2735ea940 20019       2       org.eclipse.jdt.internal.compiler.lookup.ModuleBinding::<init> (94 bytes)
Event: 170.552 Thread 0x000002f2735ea940 nmethod 20019 0x000002f25d81dc10 code [0x000002f25d81dde0, 0x000002f25d81e168]
Event: 170.552 Thread 0x000002f2735ea940 20020       2       org.eclipse.jdt.internal.compiler.lookup.TypeSystem$HashedParameterizedTypes::<init> (24 bytes)
Event: 170.552 Thread 0x000002f2735ea940 nmethod 20020 0x000002f25d76d710 code [0x000002f25d76d8e0, 0x000002f25d76daa8]
Event: 170.558 Thread 0x000002f2735ea940 20022       2       org.eclipse.jdt.internal.compiler.parser.Parser::dispatchDeclarationInto (447 bytes)
Event: 170.560 Thread 0x000002f2735ea940 nmethod 20022 0x000002f25dbd6010 code [0x000002f25dbd6240, 0x000002f25dbd7168]
Event: 170.633 Thread 0x000002f2735ea940 20023       3       org.eclipse.jdt.internal.compiler.lookup.MethodVerifier15::checkMethods (1164 bytes)

GC Heap History (20 events):
Event: 170.282 GC heap before
{Heap before GC invocations=785 (full 23):
 PSYoungGen      total 4608K, used 4583K [0x00000000eab00000, 0x00000000eb280000, 0x0000000100000000)
  eden space 2560K, 100% used [0x00000000eab00000,0x00000000ead80000,0x00000000ead80000)
  from space 2048K, 98% used [0x00000000eae00000,0x00000000eaff9f58,0x00000000eb000000)
  to   space 2560K, 0% used [0x00000000eb000000,0x00000000eb000000,0x00000000eb280000)
 ParOldGen       total 161792K, used 157945K [0x00000000c0000000, 0x00000000c9e00000, 0x00000000eab00000)
  object space 161792K, 97% used [0x00000000c0000000,0x00000000c9a3e428,0x00000000c9e00000)
 Metaspace       used 84897K, committed 86208K, reserved 1179648K
  class space    used 8638K, committed 9216K, reserved 1048576K
}
Event: 170.285 GC heap after
{Heap after GC invocations=785 (full 23):
 PSYoungGen      total 4096K, used 917K [0x00000000eab00000, 0x00000000eb100000, 0x0000000100000000)
  eden space 3072K, 0% used [0x00000000eab00000,0x00000000eab00000,0x00000000eae00000)
  from space 1024K, 89% used [0x00000000eb000000,0x00000000eb0e5458,0x00000000eb100000)
  to   space 1536K, 0% used [0x00000000eae00000,0x00000000eae00000,0x00000000eaf80000)
 ParOldGen       total 161792K, used 159594K [0x00000000c0000000, 0x00000000c9e00000, 0x00000000eab00000)
  object space 161792K, 98% used [0x00000000c0000000,0x00000000c9bdaa38,0x00000000c9e00000)
 Metaspace       used 84897K, committed 86208K, reserved 1179648K
  class space    used 8638K, committed 9216K, reserved 1048576K
}
Event: 170.289 GC heap before
{Heap before GC invocations=786 (full 23):
 PSYoungGen      total 4096K, used 3989K [0x00000000eab00000, 0x00000000eb100000, 0x0000000100000000)
  eden space 3072K, 100% used [0x00000000eab00000,0x00000000eae00000,0x00000000eae00000)
  from space 1024K, 89% used [0x00000000eb000000,0x00000000eb0e5458,0x00000000eb100000)
  to   space 1536K, 0% used [0x00000000eae00000,0x00000000eae00000,0x00000000eaf80000)
 ParOldGen       total 161792K, used 159594K [0x00000000c0000000, 0x00000000c9e00000, 0x00000000eab00000)
  object space 161792K, 98% used [0x00000000c0000000,0x00000000c9bdaa38,0x00000000c9e00000)
 Metaspace       used 84897K, committed 86208K, reserved 1179648K
  class space    used 8638K, committed 9216K, reserved 1048576K
}
Event: 170.291 GC heap after
{Heap after GC invocations=786 (full 23):
 PSYoungGen      total 4608K, used 496K [0x00000000eab00000, 0x00000000eb100000, 0x0000000100000000)
  eden space 3072K, 0% used [0x00000000eab00000,0x00000000eab00000,0x00000000eae00000)
  from space 1536K, 32% used [0x00000000eae00000,0x00000000eae7c010,0x00000000eaf80000)
  to   space 1024K, 0% used [0x00000000eb000000,0x00000000eb000000,0x00000000eb100000)
 ParOldGen       total 162304K, used 161819K [0x00000000c0000000, 0x00000000c9e80000, 0x00000000eab00000)
  object space 162304K, 99% used [0x00000000c0000000,0x00000000c9e06fe0,0x00000000c9e80000)
 Metaspace       used 84897K, committed 86208K, reserved 1179648K
  class space    used 8638K, committed 9216K, reserved 1048576K
}
Event: 170.291 GC heap before
{Heap before GC invocations=787 (full 24):
 PSYoungGen      total 4608K, used 496K [0x00000000eab00000, 0x00000000eb100000, 0x0000000100000000)
  eden space 3072K, 0% used [0x00000000eab00000,0x00000000eab00000,0x00000000eae00000)
  from space 1536K, 32% used [0x00000000eae00000,0x00000000eae7c010,0x00000000eaf80000)
  to   space 1024K, 0% used [0x00000000eb000000,0x00000000eb000000,0x00000000eb100000)
 ParOldGen       total 162304K, used 161819K [0x00000000c0000000, 0x00000000c9e80000, 0x00000000eab00000)
  object space 162304K, 99% used [0x00000000c0000000,0x00000000c9e06fe0,0x00000000c9e80000)
 Metaspace       used 84897K, committed 86208K, reserved 1179648K
  class space    used 8638K, committed 9216K, reserved 1048576K
}
Event: 170.483 GC heap after
{Heap after GC invocations=787 (full 24):
 PSYoungGen      total 5120K, used 0K [0x00000000eab00000, 0x00000000eb100000, 0x0000000100000000)
  eden space 4096K, 0% used [0x00000000eab00000,0x00000000eab00000,0x00000000eaf00000)
  from space 1024K, 0% used [0x00000000eb000000,0x00000000eb000000,0x00000000eb100000)
  to   space 1024K, 0% used [0x00000000eaf00000,0x00000000eaf00000,0x00000000eb000000)
 ParOldGen       total 172032K, used 146361K [0x00000000c0000000, 0x00000000ca800000, 0x00000000eab00000)
  object space 172032K, 85% used [0x00000000c0000000,0x00000000c8eee558,0x00000000ca800000)
 Metaspace       used 84897K, committed 86208K, reserved 1179648K
  class space    used 8638K, committed 9216K, reserved 1048576K
}
Event: 170.495 GC heap before
{Heap before GC invocations=788 (full 24):
 PSYoungGen      total 5120K, used 4096K [0x00000000eab00000, 0x00000000eb100000, 0x0000000100000000)
  eden space 4096K, 100% used [0x00000000eab00000,0x00000000eaf00000,0x00000000eaf00000)
  from space 1024K, 0% used [0x00000000eb000000,0x00000000eb000000,0x00000000eb100000)
  to   space 1024K, 0% used [0x00000000eaf00000,0x00000000eaf00000,0x00000000eb000000)
 ParOldGen       total 172032K, used 146361K [0x00000000c0000000, 0x00000000ca800000, 0x00000000eab00000)
  object space 172032K, 85% used [0x00000000c0000000,0x00000000c8eee558,0x00000000ca800000)
 Metaspace       used 84899K, committed 86208K, reserved 1179648K
  class space    used 8638K, committed 9216K, reserved 1048576K
}
Event: 170.496 GC heap after
{Heap after GC invocations=788 (full 24):
 PSYoungGen      total 5120K, used 781K [0x00000000eab00000, 0x00000000eb100000, 0x0000000100000000)
  eden space 4096K, 0% used [0x00000000eab00000,0x00000000eab00000,0x00000000eaf00000)
  from space 1024K, 76% used [0x00000000eaf00000,0x00000000eafc3700,0x00000000eb000000)
  to   space 1024K, 0% used [0x00000000eb000000,0x00000000eb000000,0x00000000eb100000)
 ParOldGen       total 172032K, used 146361K [0x00000000c0000000, 0x00000000ca800000, 0x00000000eab00000)
  object space 172032K, 85% used [0x00000000c0000000,0x00000000c8eee558,0x00000000ca800000)
 Metaspace       used 84899K, committed 86208K, reserved 1179648K
  class space    used 8638K, committed 9216K, reserved 1048576K
}
Event: 170.508 GC heap before
{Heap before GC invocations=789 (full 24):
 PSYoungGen      total 5120K, used 4877K [0x00000000eab00000, 0x00000000eb100000, 0x0000000100000000)
  eden space 4096K, 99% used [0x00000000eab00000,0x00000000eaeffff0,0x00000000eaf00000)
  from space 1024K, 76% used [0x00000000eaf00000,0x00000000eafc3700,0x00000000eb000000)
  to   space 1024K, 0% used [0x00000000eb000000,0x00000000eb000000,0x00000000eb100000)
 ParOldGen       total 172032K, used 146361K [0x00000000c0000000, 0x00000000ca800000, 0x00000000eab00000)
  object space 172032K, 85% used [0x00000000c0000000,0x00000000c8eee558,0x00000000ca800000)
 Metaspace       used 84909K, committed 86208K, reserved 1179648K
  class space    used 8640K, committed 9216K, reserved 1048576K
}
Event: 170.511 GC heap after
{Heap after GC invocations=789 (full 24):
 PSYoungGen      total 5120K, used 874K [0x00000000eab00000, 0x00000000eb200000, 0x0000000100000000)
  eden space 4096K, 0% used [0x00000000eab00000,0x00000000eab00000,0x00000000eaf00000)
  from space 1024K, 85% used [0x00000000eb000000,0x00000000eb0da970,0x00000000eb100000)
  to   space 1024K, 0% used [0x00000000eaf00000,0x00000000eaf00000,0x00000000eb000000)
 ParOldGen       total 172032K, used 147019K [0x00000000c0000000, 0x00000000ca800000, 0x00000000eab00000)
  object space 172032K, 85% used [0x00000000c0000000,0x00000000c8f92d88,0x00000000ca800000)
 Metaspace       used 84909K, committed 86208K, reserved 1179648K
  class space    used 8640K, committed 9216K, reserved 1048576K
}
Event: 170.517 GC heap before
{Heap before GC invocations=790 (full 24):
 PSYoungGen      total 5120K, used 4970K [0x00000000eab00000, 0x00000000eb200000, 0x0000000100000000)
  eden space 4096K, 100% used [0x00000000eab00000,0x00000000eaf00000,0x00000000eaf00000)
  from space 1024K, 85% used [0x00000000eb000000,0x00000000eb0da970,0x00000000eb100000)
  to   space 1024K, 0% used [0x00000000eaf00000,0x00000000eaf00000,0x00000000eb000000)
 ParOldGen       total 172032K, used 147019K [0x00000000c0000000, 0x00000000ca800000, 0x00000000eab00000)
  object space 172032K, 85% used [0x00000000c0000000,0x00000000c8f92d88,0x00000000ca800000)
 Metaspace       used 84910K, committed 86208K, reserved 1179648K
  class space    used 8640K, committed 9216K, reserved 1048576K
}
Event: 170.519 GC heap after
{Heap after GC invocations=790 (full 24):
 PSYoungGen      total 5120K, used 592K [0x00000000eab00000, 0x00000000eb200000, 0x0000000100000000)
  eden space 4096K, 0% used [0x00000000eab00000,0x00000000eab00000,0x00000000eaf00000)
  from space 1024K, 57% used [0x00000000eaf00000,0x00000000eaf940c0,0x00000000eb000000)
  to   space 1024K, 0% used [0x00000000eb100000,0x00000000eb100000,0x00000000eb200000)
 ParOldGen       total 172032K, used 147746K [0x00000000c0000000, 0x00000000ca800000, 0x00000000eab00000)
  object space 172032K, 85% used [0x00000000c0000000,0x00000000c9048828,0x00000000ca800000)
 Metaspace       used 84910K, committed 86208K, reserved 1179648K
  class space    used 8640K, committed 9216K, reserved 1048576K
}
Event: 170.530 GC heap before
{Heap before GC invocations=791 (full 24):
 PSYoungGen      total 5120K, used 4688K [0x00000000eab00000, 0x00000000eb200000, 0x0000000100000000)
  eden space 4096K, 100% used [0x00000000eab00000,0x00000000eaf00000,0x00000000eaf00000)
  from space 1024K, 57% used [0x00000000eaf00000,0x00000000eaf940c0,0x00000000eb000000)
  to   space 1024K, 0% used [0x00000000eb100000,0x00000000eb100000,0x00000000eb200000)
 ParOldGen       total 172032K, used 147746K [0x00000000c0000000, 0x00000000ca800000, 0x00000000eab00000)
  object space 172032K, 85% used [0x00000000c0000000,0x00000000c9048828,0x00000000ca800000)
 Metaspace       used 84910K, committed 86208K, reserved 1179648K
  class space    used 8640K, committed 9216K, reserved 1048576K
}
Event: 170.532 GC heap after
{Heap after GC invocations=791 (full 24):
 PSYoungGen      total 5632K, used 992K [0x00000000eab00000, 0x00000000eb300000, 0x0000000100000000)
  eden space 4608K, 0% used [0x00000000eab00000,0x00000000eab00000,0x00000000eaf80000)
  from space 1024K, 96% used [0x00000000eb100000,0x00000000eb1f8000,0x00000000eb200000)
  to   space 1536K, 0% used [0x00000000eaf80000,0x00000000eaf80000,0x00000000eb100000)
 ParOldGen       total 172032K, used 148481K [0x00000000c0000000, 0x00000000ca800000, 0x00000000eab00000)
  object space 172032K, 86% used [0x00000000c0000000,0x00000000c9100498,0x00000000ca800000)
 Metaspace       used 84910K, committed 86208K, reserved 1179648K
  class space    used 8640K, committed 9216K, reserved 1048576K
}
Event: 170.548 GC heap before
{Heap before GC invocations=792 (full 24):
 PSYoungGen      total 5632K, used 5599K [0x00000000eab00000, 0x00000000eb300000, 0x0000000100000000)
  eden space 4608K, 99% used [0x00000000eab00000,0x00000000eaf7fff0,0x00000000eaf80000)
  from space 1024K, 96% used [0x00000000eb100000,0x00000000eb1f8000,0x00000000eb200000)
  to   space 1536K, 0% used [0x00000000eaf80000,0x00000000eaf80000,0x00000000eb100000)
 ParOldGen       total 172032K, used 148481K [0x00000000c0000000, 0x00000000ca800000, 0x00000000eab00000)
  object space 172032K, 86% used [0x00000000c0000000,0x00000000c9100498,0x00000000ca800000)
 Metaspace       used 84910K, committed 86208K, reserved 1179648K
  class space    used 8640K, committed 9216K, reserved 1048576K
}
Event: 170.550 GC heap after
{Heap after GC invocations=792 (full 24):
 PSYoungGen      total 6144K, used 1366K [0x00000000eab00000, 0x00000000eb280000, 0x0000000100000000)
  eden space 4608K, 0% used [0x00000000eab00000,0x00000000eab00000,0x00000000eaf80000)
  from space 1536K, 88% used [0x00000000eaf80000,0x00000000eb0d58b0,0x00000000eb100000)
  to   space 1536K, 0% used [0x00000000eb100000,0x00000000eb100000,0x00000000eb280000)
 ParOldGen       total 172032K, used 149360K [0x00000000c0000000, 0x00000000ca800000, 0x00000000eab00000)
  object space 172032K, 86% used [0x00000000c0000000,0x00000000c91dc000,0x00000000ca800000)
 Metaspace       used 84910K, committed 86208K, reserved 1179648K
  class space    used 8640K, committed 9216K, reserved 1048576K
}
Event: 170.562 GC heap before
{Heap before GC invocations=793 (full 24):
 PSYoungGen      total 6144K, used 5974K [0x00000000eab00000, 0x00000000eb280000, 0x0000000100000000)
  eden space 4608K, 100% used [0x00000000eab00000,0x00000000eaf80000,0x00000000eaf80000)
  from space 1536K, 88% used [0x00000000eaf80000,0x00000000eb0d58b0,0x00000000eb100000)
  to   space 1536K, 0% used [0x00000000eb100000,0x00000000eb100000,0x00000000eb280000)
 ParOldGen       total 172032K, used 149360K [0x00000000c0000000, 0x00000000ca800000, 0x00000000eab00000)
  object space 172032K, 86% used [0x00000000c0000000,0x00000000c91dc000,0x00000000ca800000)
 Metaspace       used 84912K, committed 86208K, reserved 1179648K
  class space    used 8640K, committed 9216K, reserved 1048576K
}
Event: 170.565 GC heap after
{Heap after GC invocations=793 (full 24):
 PSYoungGen      total 6144K, used 1094K [0x00000000eab00000, 0x00000000eb380000, 0x0000000100000000)
  eden space 4608K, 0% used [0x00000000eab00000,0x00000000eab00000,0x00000000eaf80000)
  from space 1536K, 71% used [0x00000000eb100000,0x00000000eb211b28,0x00000000eb280000)
  to   space 1536K, 0% used [0x00000000eaf80000,0x00000000eaf80000,0x00000000eb100000)
 ParOldGen       total 172032K, used 150635K [0x00000000c0000000, 0x00000000ca800000, 0x00000000eab00000)
  object space 172032K, 87% used [0x00000000c0000000,0x00000000c931ac68,0x00000000ca800000)
 Metaspace       used 84912K, committed 86208K, reserved 1179648K
  class space    used 8640K, committed 9216K, reserved 1048576K
}
Event: 170.579 GC heap before
{Heap before GC invocations=794 (full 24):
 PSYoungGen      total 6144K, used 5702K [0x00000000eab00000, 0x00000000eb380000, 0x0000000100000000)
  eden space 4608K, 99% used [0x00000000eab00000,0x00000000eaf7ffc0,0x00000000eaf80000)
  from space 1536K, 71% used [0x00000000eb100000,0x00000000eb211b28,0x00000000eb280000)
  to   space 1536K, 0% used [0x00000000eaf80000,0x00000000eaf80000,0x00000000eb100000)
 ParOldGen       total 172032K, used 150635K [0x00000000c0000000, 0x00000000ca800000, 0x00000000eab00000)
  object space 172032K, 87% used [0x00000000c0000000,0x00000000c931ac68,0x00000000ca800000)
 Metaspace       used 84912K, committed 86208K, reserved 1179648K
  class space    used 8640K, committed 9216K, reserved 1048576K
}
Event: 170.581 GC heap after
{Heap after GC invocations=794 (full 24):
 PSYoungGen      total 6144K, used 1062K [0x00000000eab00000, 0x00000000eb380000, 0x0000000100000000)
  eden space 4608K, 0% used [0x00000000eab00000,0x00000000eab00000,0x00000000eaf80000)
  from space 1536K, 69% used [0x00000000eaf80000,0x00000000eb089b28,0x00000000eb100000)
  to   space 1536K, 0% used [0x00000000eb200000,0x00000000eb200000,0x00000000eb380000)
 ParOldGen       total 172032K, used 151605K [0x00000000c0000000, 0x00000000ca800000, 0x00000000eab00000)
  object space 172032K, 88% used [0x00000000c0000000,0x00000000c940d468,0x00000000ca800000)
 Metaspace       used 84912K, committed 86208K, reserved 1179648K
  class space    used 8640K, committed 9216K, reserved 1048576K
}

Dll operation events (11 events):
Event: 0.017 Loaded shared library c:\Users\Kiet\.vscode\extensions\redhat.java-1.30.0-win32-x64\jre\17.0.10-win32-x86_64\bin\java.dll
Event: 0.283 Loaded shared library c:\Users\Kiet\.vscode\extensions\redhat.java-1.30.0-win32-x64\jre\17.0.10-win32-x86_64\bin\zip.dll
Event: 0.287 Loaded shared library C:\Users\Kiet\.vscode\extensions\redhat.java-1.30.0-win32-x64\jre\17.0.10-win32-x86_64\bin\instrument.dll
Event: 0.309 Loaded shared library C:\Users\Kiet\.vscode\extensions\redhat.java-1.30.0-win32-x64\jre\17.0.10-win32-x86_64\bin\net.dll
Event: 0.318 Loaded shared library C:\Users\Kiet\.vscode\extensions\redhat.java-1.30.0-win32-x64\jre\17.0.10-win32-x86_64\bin\nio.dll
Event: 0.330 Loaded shared library C:\Users\Kiet\.vscode\extensions\redhat.java-1.30.0-win32-x64\jre\17.0.10-win32-x86_64\bin\zip.dll
Event: 0.354 Loaded shared library C:\Users\Kiet\.vscode\extensions\redhat.java-1.30.0-win32-x64\jre\17.0.10-win32-x86_64\bin\jimage.dll
Event: 0.485 Loaded shared library c:\Users\Kiet\.vscode\extensions\redhat.java-1.30.0-win32-x64\jre\17.0.10-win32-x86_64\bin\verify.dll
Event: 3.283 Loaded shared library C:\Users\Kiet\AppData\Roaming\Code\User\globalStorage\redhat.java\1.30.0\config_win\org.eclipse.equinox.launcher\org.eclipse.equinox.launcher.win32.win32.x86_64_1.2.900.v20240213-1244\eclipse_11900.dll
Event: 6.399 Loaded shared library C:\Users\Kiet\AppData\Local\Temp\jna-2338477\jna6420584826482602910.dll
Event: 79.729 Loaded shared library C:\Users\Kiet\.vscode\extensions\redhat.java-1.30.0-win32-x64\jre\17.0.10-win32-x86_64\bin\extnet.dll

Deoptimization events (20 events):
Event: 170.502 Thread 0x000002f276783b80 Uncommon trap: trap_request=0xffffffcc fr.pc=0x000002f2653c510c relative=0x000000000000092c
Event: 170.502 Thread 0x000002f276783b80 Uncommon trap: reason=intrinsic_or_type_checked_inlining action=make_not_entrant pc=0x000002f2653c510c method=org.eclipse.jdt.internal.compiler.parser.Parser.dispatchDeclarationInto(I)V @ 379 c2
Event: 170.502 Thread 0x000002f276783b80 DEOPT PACKING pc=0x000002f2653c510c sp=0x000000fab0afde00
Event: 170.502 Thread 0x000002f276783b80 DEOPT UNPACKING pc=0x000002f2640c9ea3 sp=0x000000fab0afdd78 mode 2
Event: 170.530 Thread 0x000002f2767896a0 Uncommon trap: trap_request=0xffffffde fr.pc=0x000002f265475a4c relative=0x0000000000000a0c
Event: 170.530 Thread 0x000002f2767896a0 Uncommon trap: reason=class_check action=maybe_recompile pc=0x000002f265475a4c method=org.eclipse.jdt.internal.compiler.parser.Parser.consumeRule(I)V @ 6424 c2
Event: 170.530 Thread 0x000002f2767896a0 DEOPT PACKING pc=0x000002f265475a4c sp=0x000000fab05fde90
Event: 170.530 Thread 0x000002f2767896a0 DEOPT UNPACKING pc=0x000002f2640c9ea3 sp=0x000000fab05fde18 mode 2
Event: 170.530 Thread 0x000002f2767896a0 Uncommon trap: trap_request=0xffffffde fr.pc=0x000002f265476348 relative=0x0000000000001308
Event: 170.530 Thread 0x000002f2767896a0 Uncommon trap: reason=class_check action=maybe_recompile pc=0x000002f265476348 method=org.eclipse.jdt.internal.compiler.parser.Parser.consumeRule(I)V @ 6553 c2
Event: 170.530 Thread 0x000002f2767896a0 DEOPT PACKING pc=0x000002f265476348 sp=0x000000fab05fde90
Event: 170.530 Thread 0x000002f2767896a0 DEOPT UNPACKING pc=0x000002f2640c9ea3 sp=0x000000fab05fde18 mode 2
Event: 170.530 Thread 0x000002f2767896a0 Uncommon trap: trap_request=0xffffffde fr.pc=0x000002f265475a4c relative=0x0000000000000a0c
Event: 170.530 Thread 0x000002f2767896a0 Uncommon trap: reason=class_check action=maybe_recompile pc=0x000002f265475a4c method=org.eclipse.jdt.internal.compiler.parser.Parser.consumeRule(I)V @ 6424 c2
Event: 170.530 Thread 0x000002f2767896a0 DEOPT PACKING pc=0x000002f265475a4c sp=0x000000fab05fde90
Event: 170.530 Thread 0x000002f2767896a0 DEOPT UNPACKING pc=0x000002f2640c9ea3 sp=0x000000fab05fde18 mode 2
Event: 170.551 Thread 0x000002f2767896a0 Uncommon trap: trap_request=0xffffffde fr.pc=0x000002f264bde964 relative=0x0000000000002824
Event: 170.551 Thread 0x000002f2767896a0 Uncommon trap: reason=class_check action=maybe_recompile pc=0x000002f264bde964 method=org.eclipse.jdt.internal.compiler.lookup.PackageBinding.getTypeOrPackage([CLorg/eclipse/jdt/internal/compiler/lookup/ModuleBinding;Z)Lorg/eclipse/jdt/internal/compiler/l
Event: 170.551 Thread 0x000002f2767896a0 DEOPT PACKING pc=0x000002f264bde964 sp=0x000000fab05fd750
Event: 170.551 Thread 0x000002f2767896a0 DEOPT UNPACKING pc=0x000002f2640c9ea3 sp=0x000000fab05fd6f8 mode 2

Classes unloaded (10 events):
Event: 6.242 Thread 0x000002f2587877a0 Unloading class 0x0000000100252400 'java/lang/invoke/LambdaForm$MH+0x0000000100252400'
Event: 6.242 Thread 0x000002f2587877a0 Unloading class 0x0000000100252000 'java/lang/invoke/LambdaForm$MH+0x0000000100252000'
Event: 6.242 Thread 0x000002f2587877a0 Unloading class 0x0000000100251c00 'java/lang/invoke/LambdaForm$MH+0x0000000100251c00'
Event: 6.242 Thread 0x000002f2587877a0 Unloading class 0x0000000100251800 'java/lang/invoke/LambdaForm$MH+0x0000000100251800'
Event: 6.242 Thread 0x000002f2587877a0 Unloading class 0x0000000100251400 'java/lang/invoke/LambdaForm$BMH+0x0000000100251400'
Event: 6.242 Thread 0x000002f2587877a0 Unloading class 0x0000000100251000 'java/lang/invoke/LambdaForm$DMH+0x0000000100251000'
Event: 6.242 Thread 0x000002f2587877a0 Unloading class 0x000000010024c400 'java/lang/invoke/LambdaForm$DMH+0x000000010024c400'
Event: 17.125 Thread 0x000002f2587877a0 Unloading class 0x00000001006fc400 'java/lang/invoke/LambdaForm$DMH+0x00000001006fc400'
Event: 17.125 Thread 0x000002f2587877a0 Unloading class 0x00000001006f0800 'java/lang/invoke/LambdaForm$DMH+0x00000001006f0800'
Event: 17.125 Thread 0x000002f2587877a0 Unloading class 0x00000001006f0400 'java/lang/invoke/LambdaForm$DMH+0x00000001006f0400'

Classes redefined (0 events):
No events

Internal exceptions (20 events):
Event: 80.056 Thread 0x000002f276788770 Exception <a 'sun/nio/fs/WindowsException'{0x00000000eab11f48}> (0x00000000eab11f48) 
thrown [s\src\hotspot\share\prims\jni.cpp, line 516]
Event: 80.056 Thread 0x000002f276788770 Exception <a 'sun/nio/fs/WindowsException'{0x00000000eab12218}> (0x00000000eab12218) 
thrown [s\src\hotspot\share\prims\jni.cpp, line 516]
Event: 80.056 Thread 0x000002f276788770 Exception <a 'sun/nio/fs/WindowsException'{0x00000000eab13588}> (0x00000000eab13588) 
thrown [s\src\hotspot\share\prims\jni.cpp, line 516]
Event: 80.056 Thread 0x000002f276788770 Exception <a 'sun/nio/fs/WindowsException'{0x00000000eab13858}> (0x00000000eab13858) 
thrown [s\src\hotspot\share\prims\jni.cpp, line 516]
Event: 131.932 Thread 0x000002f276787840 Implicit null exception at 0x000002f26490ec90 to 0x000002f26490ee3c
Event: 131.932 Thread 0x000002f276787840 Implicit null exception at 0x000002f264b284bc to 0x000002f264b2860c
Event: 131.933 Thread 0x000002f276787840 Implicit null exception at 0x000002f264685cc8 to 0x000002f264685ceb
Event: 132.400 Thread 0x000002f276787840 Implicit null exception at 0x000002f2648f1d18 to 0x000002f2648f1e98
Event: 132.400 Thread 0x000002f276787840 Implicit null exception at 0x000002f264d86875 to 0x000002f264d86d18
Event: 132.478 Thread 0x000002f276787840 Implicit null exception at 0x000002f2650b26fe to 0x000002f2650b2948
Event: 137.149 Thread 0x000002f275acc8a0 Exception <a 'sun/nio/fs/WindowsException'{0x00000000eabca1a8}> (0x00000000eabca1a8) 
thrown [s\src\hotspot\share\prims\jni.cpp, line 516]
Event: 137.682 Thread 0x000002f275acc8a0 Exception <a 'sun/nio/fs/WindowsException'{0x00000000ead5ec50}> (0x00000000ead5ec50) 
thrown [s\src\hotspot\share\prims\jni.cpp, line 516]
Event: 140.322 Thread 0x000002f27ab44ca0 Exception <a 'sun/nio/fs/WindowsException'{0x00000000eac760a8}> (0x00000000eac760a8) 
thrown [s\src\hotspot\share\prims\jni.cpp, line 516]
Event: 140.322 Thread 0x000002f27ab44ca0 Exception <a 'sun/nio/fs/WindowsException'{0x00000000eac76378}> (0x00000000eac76378) 
thrown [s\src\hotspot\share\prims\jni.cpp, line 516]
Event: 140.322 Thread 0x000002f27ab44ca0 Exception <a 'sun/nio/fs/WindowsException'{0x00000000eac76cd8}> (0x00000000eac76cd8) 
thrown [s\src\hotspot\share\prims\jni.cpp, line 516]
Event: 140.322 Thread 0x000002f27ab44ca0 Exception <a 'sun/nio/fs/WindowsException'{0x00000000eac76fa8}> (0x00000000eac76fa8) 
thrown [s\src\hotspot\share\prims\jni.cpp, line 516]
Event: 145.915 Thread 0x000002f27ab42420 Exception <a 'sun/nio/fs/WindowsException'{0x00000000eaee3b50}> (0x00000000eaee3b50) 
thrown [s\src\hotspot\share\prims\jni.cpp, line 516]
Event: 145.915 Thread 0x000002f27ab42420 Exception <a 'sun/nio/fs/WindowsException'{0x00000000eaee3e20}> (0x00000000eaee3e20) 
thrown [s\src\hotspot\share\prims\jni.cpp, line 516]
Event: 145.915 Thread 0x000002f27ab42420 Exception <a 'sun/nio/fs/WindowsException'{0x00000000eaee4780}> (0x00000000eaee4780) 
thrown [s\src\hotspot\share\prims\jni.cpp, line 516]
Event: 145.915 Thread 0x000002f27ab42420 Exception <a 'sun/nio/fs/WindowsException'{0x00000000eaee4a50}> (0x00000000eaee4a50) 
thrown [s\src\hotspot\share\prims\jni.cpp, line 516]

VM Operations (20 events):
Event: 170.271 Executing VM operation: ParallelGCFailedAllocation
Event: 170.274 Executing VM operation: ParallelGCFailedAllocation done
Event: 170.282 Executing VM operation: ParallelGCFailedAllocation
Event: 170.287 Executing VM operation: ParallelGCFailedAllocation done
Event: 170.289 Executing VM operation: ParallelGCFailedAllocation
Event: 170.484 Executing VM operation: ParallelGCFailedAllocation done
Event: 170.495 Executing VM operation: ParallelGCFailedAllocation
Event: 170.501 Executing VM operation: ParallelGCFailedAllocation done
Event: 170.508 Executing VM operation: ParallelGCFailedAllocation
Event: 170.512 Executing VM operation: ParallelGCFailedAllocation done
Event: 170.517 Executing VM operation: ParallelGCFailedAllocation
Event: 170.519 Executing VM operation: ParallelGCFailedAllocation done
Event: 170.530 Executing VM operation: ParallelGCFailedAllocation
Event: 170.533 Executing VM operation: ParallelGCFailedAllocation done
Event: 170.548 Executing VM operation: ParallelGCFailedAllocation
Event: 170.550 Executing VM operation: ParallelGCFailedAllocation done
Event: 170.562 Executing VM operation: ParallelGCFailedAllocation
Event: 170.565 Executing VM operation: ParallelGCFailedAllocation done
Event: 170.579 Executing VM operation: ParallelGCFailedAllocation
Event: 170.597 Executing VM operation: ParallelGCFailedAllocation done

Events (20 events):
Event: 170.196 Thread 0x000002f2735fae40 flushing nmethod 0x000002f25e43ab90
Event: 170.196 Thread 0x000002f2735fae40 flushing nmethod 0x000002f25e446c90
Event: 170.197 Thread 0x000002f2735fae40 flushing nmethod 0x000002f25e460290
Event: 170.197 Thread 0x000002f2735fae40 flushing nmethod 0x000002f25e464890
Event: 170.197 Thread 0x000002f2735fae40 flushing nmethod 0x000002f25e466d10
Event: 170.197 Thread 0x000002f2735fae40 flushing nmethod 0x000002f25e472990
Event: 170.197 Thread 0x000002f2735fae40 flushing nmethod 0x000002f25e480790
Event: 170.197 Thread 0x000002f2735fae40 flushing nmethod 0x000002f25e4b7910
Event: 170.197 Thread 0x000002f2735fae40 flushing nmethod 0x000002f25e511c10
Event: 170.197 Thread 0x000002f2735fae40 flushing nmethod 0x000002f25e522c10
Event: 170.197 Thread 0x000002f2735fae40 flushing nmethod 0x000002f25e524b10
Event: 170.198 Thread 0x000002f2735fae40 flushing nmethod 0x000002f25e5ac210
Event: 170.198 Thread 0x000002f2735fae40 flushing nmethod 0x000002f25e5ae190
Event: 170.198 Thread 0x000002f2735fae40 flushing nmethod 0x000002f25e5cad90
Event: 170.198 Thread 0x000002f2735fae40 flushing nmethod 0x000002f25e5d5c90
Event: 170.198 Thread 0x000002f2735fae40 flushing nmethod 0x000002f25e656910
Event: 170.199 Thread 0x000002f2735fae40 flushing nmethod 0x000002f25e6ae810
Event: 170.199 Thread 0x000002f2735fae40 flushing nmethod 0x000002f25e6eca10
Event: 170.199 Thread 0x000002f2735fae40 flushing nmethod 0x000002f25e721690
Event: 170.199 Thread 0x000002f2735fae40 flushing nmethod 0x000002f25e7bbd10


Dynamic libraries:
0x00007ff728d10000 - 0x00007ff728d1e000 	c:\Users\Kiet\.vscode\extensions\redhat.java-1.30.0-win32-x64\jre\17.0.10-win32-x86_64\bin\java.exe
0x00007fff9c990000 - 0x00007fff9cba6000 	C:\WINDOWS\SYSTEM32\ntdll.dll
0x00007fff9b380000 - 0x00007fff9b444000 	C:\WINDOWS\System32\KERNEL32.DLL
0x00007fff99fd0000 - 0x00007fff9a377000 	C:\WINDOWS\System32\KERNELBASE.dll
0x00007fff9a480000 - 0x00007fff9a591000 	C:\WINDOWS\System32\ucrtbase.dll
0x00007fff92ca0000 - 0x00007fff92cb7000 	c:\Users\Kiet\.vscode\extensions\redhat.java-1.30.0-win32-x64\jre\17.0.10-win32-x86_64\bin\jli.dll
0x00007fff9ba00000 - 0x00007fff9bbae000 	C:\WINDOWS\System32\USER32.dll
0x00007fff9a420000 - 0x00007fff9a446000 	C:\WINDOWS\System32\win32u.dll
0x00007fff9b9a0000 - 0x00007fff9b9c9000 	C:\WINDOWS\System32\GDI32.dll
0x00007fff9a5a0000 - 0x00007fff9a6b9000 	C:\WINDOWS\System32\gdi32full.dll
0x00007fff9a380000 - 0x00007fff9a41a000 	C:\WINDOWS\System32\msvcp_win.dll
0x00007fff88df0000 - 0x00007fff88e0b000 	c:\Users\Kiet\.vscode\extensions\redhat.java-1.30.0-win32-x64\jre\17.0.10-win32-x86_64\bin\VCRUNTIME140.dll
0x00007fff80180000 - 0x00007fff80413000 	C:\WINDOWS\WinSxS\amd64_microsoft.windows.common-controls_6595b64144ccf1df_6.0.22621.3235_none_270f74e173860f98\COMCTL32.dll
0x00007fff9c5b0000 - 0x00007fff9c657000 	C:\WINDOWS\System32\msvcrt.dll
0x00007fff9ac60000 - 0x00007fff9ac91000 	C:\WINDOWS\System32\IMM32.DLL
0x00007fff92d40000 - 0x00007fff92d4c000 	c:\Users\Kiet\.vscode\extensions\redhat.java-1.30.0-win32-x64\jre\17.0.10-win32-x86_64\bin\vcruntime140_1.dll
0x00007fff74340000 - 0x00007fff743cd000 	c:\Users\Kiet\.vscode\extensions\redhat.java-1.30.0-win32-x64\jre\17.0.10-win32-x86_64\bin\msvcp140.dll
0x00007fff56f10000 - 0x00007fff57b72000 	c:\Users\Kiet\.vscode\extensions\redhat.java-1.30.0-win32-x64\jre\17.0.10-win32-x86_64\bin\server\jvm.dll
0x00007fff9c4f0000 - 0x00007fff9c5a2000 	C:\WINDOWS\System32\ADVAPI32.dll
0x00007fff9b450000 - 0x00007fff9b4f8000 	C:\WINDOWS\System32\sechost.dll
0x00007fff9a450000 - 0x00007fff9a478000 	C:\WINDOWS\System32\bcrypt.dll
0x00007fff9b870000 - 0x00007fff9b985000 	C:\WINDOWS\System32\RPCRT4.dll
0x00007fff99b80000 - 0x00007fff99bcd000 	C:\WINDOWS\SYSTEM32\POWRPROF.dll
0x00007fff91ae0000 - 0x00007fff91ae9000 	C:\WINDOWS\SYSTEM32\WSOCK32.dll
0x00007fff9c8c0000 - 0x00007fff9c931000 	C:\WINDOWS\System32\WS2_32.dll
0x00007fff91a00000 - 0x00007fff91a34000 	C:\WINDOWS\SYSTEM32\WINMM.dll
0x00007fff8e680000 - 0x00007fff8e68a000 	C:\WINDOWS\SYSTEM32\VERSION.dll
0x00007fff99b60000 - 0x00007fff99b73000 	C:\WINDOWS\SYSTEM32\UMPDC.dll
0x00007fff98cf0000 - 0x00007fff98d08000 	C:\WINDOWS\SYSTEM32\kernel.appcore.dll
0x00007fff91ab0000 - 0x00007fff91aba000 	c:\Users\Kiet\.vscode\extensions\redhat.java-1.30.0-win32-x64\jre\17.0.10-win32-x86_64\bin\jimage.dll
0x00007fff97540000 - 0x00007fff97773000 	C:\WINDOWS\SYSTEM32\DBGHELP.DLL
0x00007fff9a8d0000 - 0x00007fff9ac58000 	C:\WINDOWS\System32\combase.dll
0x00007fff9ae20000 - 0x00007fff9aef7000 	C:\WINDOWS\System32\OLEAUT32.dll
0x00007fff85450000 - 0x00007fff85482000 	C:\WINDOWS\SYSTEM32\dbgcore.DLL
0x00007fff99f50000 - 0x00007fff99fc9000 	C:\WINDOWS\System32\bcryptPrimitives.dll
0x00007fff91a40000 - 0x00007fff91a4e000 	c:\Users\Kiet\.vscode\extensions\redhat.java-1.30.0-win32-x64\jre\17.0.10-win32-x86_64\bin\instrument.dll
0x00007fff88100000 - 0x00007fff88125000 	c:\Users\Kiet\.vscode\extensions\redhat.java-1.30.0-win32-x64\jre\17.0.10-win32-x86_64\bin\java.dll
0x00007fff88dd0000 - 0x00007fff88de8000 	c:\Users\Kiet\.vscode\extensions\redhat.java-1.30.0-win32-x64\jre\17.0.10-win32-x86_64\bin\zip.dll
0x00007fff9bc90000 - 0x00007fff9c4ec000 	C:\WINDOWS\System32\SHELL32.dll
0x00007fff97c10000 - 0x00007fff98509000 	C:\WINDOWS\SYSTEM32\windows.storage.dll
0x00007fff97ad0000 - 0x00007fff97c0e000 	C:\WINDOWS\SYSTEM32\wintypes.dll
0x00007fff9aca0000 - 0x00007fff9ad93000 	C:\WINDOWS\System32\SHCORE.dll
0x00007fff9a6c0000 - 0x00007fff9a71e000 	C:\WINDOWS\System32\shlwapi.dll
0x00007fff99be0000 - 0x00007fff99c01000 	C:\WINDOWS\SYSTEM32\profapi.dll
0x00007fff87c10000 - 0x00007fff87c29000 	C:\Users\Kiet\.vscode\extensions\redhat.java-1.30.0-win32-x64\jre\17.0.10-win32-x86_64\bin\net.dll
0x00007fff92fd0000 - 0x00007fff93106000 	C:\WINDOWS\SYSTEM32\WINHTTP.dll
0x00007fff99160000 - 0x00007fff991c9000 	C:\WINDOWS\system32\mswsock.dll
0x00007fff83300000 - 0x00007fff83316000 	C:\Users\Kiet\.vscode\extensions\redhat.java-1.30.0-win32-x64\jre\17.0.10-win32-x86_64\bin\nio.dll
0x00007fff8a170000 - 0x00007fff8a180000 	c:\Users\Kiet\.vscode\extensions\redhat.java-1.30.0-win32-x64\jre\17.0.10-win32-x86_64\bin\verify.dll
0x00007fff770a0000 - 0x00007fff770de000 	C:\Users\Kiet\AppData\Roaming\Code\User\globalStorage\redhat.java\1.30.0\config_win\org.eclipse.equinox.launcher\org.eclipse.equinox.launcher.win32.win32.x86_64_1.2.900.v20240213-1244\eclipse_11900.dll
0x00007fff9a720000 - 0x00007fff9a8c5000 	C:\WINDOWS\System32\ole32.dll
0x00007fff993c0000 - 0x00007fff993db000 	C:\WINDOWS\SYSTEM32\CRYPTSP.dll
0x00007fff98c50000 - 0x00007fff98c85000 	C:\WINDOWS\system32\rsaenh.dll
0x00007fff99260000 - 0x00007fff99288000 	C:\WINDOWS\SYSTEM32\USERENV.dll
0x00007fff993e0000 - 0x00007fff993ec000 	C:\WINDOWS\SYSTEM32\CRYPTBASE.dll
0x00007fff98770000 - 0x00007fff9879d000 	C:\WINDOWS\SYSTEM32\IPHLPAPI.DLL
0x00007fff9b990000 - 0x00007fff9b999000 	C:\WINDOWS\System32\NSI.dll
0x00007fff932c0000 - 0x00007fff932d9000 	C:\WINDOWS\SYSTEM32\dhcpcsvc6.DLL
0x00007fff92910000 - 0x00007fff9292f000 	C:\WINDOWS\SYSTEM32\dhcpcsvc.DLL
0x00007fff987e0000 - 0x00007fff988d9000 	C:\WINDOWS\SYSTEM32\DNSAPI.dll
0x00007fff75b90000 - 0x00007fff75bd5000 	C:\Users\Kiet\AppData\Local\Temp\jna-2338477\jna6420584826482602910.dll
0x00007fff9c940000 - 0x00007fff9c948000 	C:\WINDOWS\System32\PSAPI.DLL
0x00007fff94e30000 - 0x00007fff94e39000 	C:\Users\Kiet\.vscode\extensions\redhat.java-1.30.0-win32-x64\jre\17.0.10-win32-x86_64\bin\extnet.dll

dbghelp: loaded successfully - version: 4.0.5 - missing functions: none
symbol engine: initialized successfully - sym options: 0x614 - pdb path: .;c:\Users\Kiet\.vscode\extensions\redhat.java-1.30.0-win32-x64\jre\17.0.10-win32-x86_64\bin;C:\WINDOWS\SYSTEM32;C:\WINDOWS\WinSxS\amd64_microsoft.windows.common-controls_6595b64144ccf1df_6.0.22621.3235_none_270f74e173860f98;c:\Users\Kiet\.vscode\extensions\redhat.java-1.30.0-win32-x64\jre\17.0.10-win32-x86_64\bin\server;C:\Users\Kiet\AppData\Roaming\Code\User\globalStorage\redhat.java\1.30.0\config_win\org.eclipse.equinox.launcher\org.eclipse.equinox.launcher.win32.win32.x86_64_1.2.900.v20240213-1244;C:\Users\Kiet\AppData\Local\Temp\jna-2338477

VM Arguments:
jvm_args: --add-modules=ALL-SYSTEM --add-opens=java.base/java.util=ALL-UNNAMED --add-opens=java.base/java.lang=ALL-UNNAMED --add-opens=java.base/sun.nio.fs=ALL-UNNAMED -Declipse.application=org.eclipse.jdt.ls.core.id1 -Dosgi.bundles.defaultStartLevel=4 -Declipse.product=org.eclipse.jdt.ls.core.product -Djava.import.generatesMetadataFilesAtProjectRoot=false -DDetectVMInstallationsJob.disabled=true -Dfile.encoding=utf8 -XX:+UseParallelGC -XX:GCTimeRatio=4 -XX:AdaptiveSizePolicyWeight=90 -Dsun.zip.disableMemoryMapping=true -Xmx1G -Xms100m -Xlog:disable -javaagent:c:\Users\Kiet\.vscode\extensions\redhat.java-1.30.0-win32-x64\lombok\lombok-1.18.32.jar -XX:+HeapDumpOnOutOfMemoryError -XX:HeapDumpPath=c:\Users\Kiet\AppData\Roaming\Code\User\workspaceStorage\b3b38d78d4b70df6aa0616a4b888d3ad\redhat.java -Daether.dependencyCollector.impl=bf 
java_command: c:\Users\Kiet\.vscode\extensions\redhat.java-1.30.0-win32-x64\server\plugins\org.eclipse.equinox.launcher_1.6.800.v20240330-1250.jar -configuration c:\Users\Kiet\AppData\Roaming\Code\User\globalStorage\redhat.java\1.30.0\config_win -data c:\Users\Kiet\AppData\Roaming\Code\User\workspaceStorage\b3b38d78d4b70df6aa0616a4b888d3ad\redhat.java\jdt_ws --pipe=\\.\pipe\lsp-6f2d5753141c6d8ec19c1e8afcb4624f-sock
java_class_path (initial): c:\Users\Kiet\.vscode\extensions\redhat.java-1.30.0-win32-x64\server\plugins\org.eclipse.equinox.launcher_1.6.800.v20240330-1250.jar
Launcher Type: SUN_STANDARD

[Global flags]
    uintx AdaptiveSizePolicyWeight                 = 90                                        {product} {command line}
     intx CICompilerCount                          = 4                                         {product} {ergonomic}
    uintx GCTimeRatio                              = 4                                         {product} {command line}
     bool HeapDumpOnOutOfMemoryError               = true                                   {manageable} {command line}
    ccstr HeapDumpPath                             = c:\Users\Kiet\AppData\Roaming\Code\User\workspaceStorage\b3b38d78d4b70df6aa0616a4b888d3ad\redhat.java         {manageable} {command line}
   size_t InitialHeapSize                          = 104857600                                 {product} {command line}
   size_t MaxHeapSize                              = 1073741824                                {product} {command line}
   size_t MaxNewSize                               = 357564416                                 {product} {ergonomic}
   size_t MinHeapDeltaBytes                        = 524288                                    {product} {ergonomic}
   size_t MinHeapSize                              = 104857600                                 {product} {command line}
   size_t NewSize                                  = 34603008                                  {product} {ergonomic}
    uintx NonNMethodCodeHeapSize                   = 5839372                                {pd product} {ergonomic}
    uintx NonProfiledCodeHeapSize                  = 122909434                              {pd product} {ergonomic}
   size_t OldSize                                  = 70254592                                  {product} {ergonomic}
    uintx ProfiledCodeHeapSize                     = 122909434                              {pd product} {ergonomic}
    uintx ReservedCodeCacheSize                    = 251658240                              {pd product} {ergonomic}
     bool SegmentedCodeCache                       = true                                      {product} {ergonomic}
   size_t SoftMaxHeapSize                          = 1073741824                             {manageable} {ergonomic}
     bool UseCompressedClassPointers               = true                           {product lp64_product} {ergonomic}
     bool UseCompressedOops                        = true                           {product lp64_product} {ergonomic}
     bool UseLargePagesIndividualAllocation        = false                                  {pd product} {ergonomic}
     bool UseParallelGC                            = true                                      {product} {command line}

Logging:
Log output configuration:
 #0: stdout all=off uptime,level,tags
 #1: stderr all=off uptime,level,tags

Environment Variables:
PATH=C:\Program Files\Common Files\Oracle\Java\javapath;C:\Program Files (x86)\Common Files\Oracle\Java\javapath;C:\WINDOWS\system32;C:\WINDOWS;C:\WINDOWS\System32\Wbem;C:\WINDOWS\System32\WindowsPowerShell\v1.0\;C:\WINDOWS\System32\OpenSSH\;C:\Program Files\dotnet\;C:\Program Files\Common Files\Oracle\Java\javapath;C:\Program Files\Java\jdk-11\bin;C:\Program Files (x86)\Microsoft SQL Server\160\Tools\Binn\;C:\Program Files\Microsoft SQL Server\160\Tools\Binn\;C:\Program Files\Microsoft SQL Server\Client SDK\ODBC\170\Tools\Binn\;C:\Program Files\Microsoft SQL Server\160\DTS\Binn\;C:\Program Files (x86)\Microsoft SQL Server\160\DTS\Binn\;C:\Program Files\Azure Data Studio\bin;C:\Program Files\apache-maven-3.9.6\bin;C:\Program Files\Git\cmd;C:\Program Files\nodejs\;C:\Program Files\Java\jdk-21\bin;C:\Users\Kiet\AppData\Local\Microsoft\WindowsApps;C:\Users\Kiet\AppData\Local\Programs\Microsoft VS Code\bin;C:\Users\Kiet\AppData\Local\GitHubDesktop\bin;C:\Users\Kiet\.dotnet\tools;C:\Program Files\Azure Data Studio\bin;C:\Users\Kiet\AppData\Roaming\npm
USERNAME=Kiet
OS=Windows_NT
PROCESSOR_IDENTIFIER=Intel64 Family 6 Model 126 Stepping 5, GenuineIntel
TMP=C:\Users\Kiet\AppData\Local\Temp
TEMP=C:\Users\Kiet\AppData\Local\Temp



Periodic native trim disabled


---------------  S Y S T E M  ---------------

OS:
 Windows 11 , 64 bit Build 22621 (10.0.22621.3374)
OS uptime: 5 days 4:52 hours

CPU: total 8 (initial active 8) (4 cores per cpu, 2 threads per core) family 6 model 126 stepping 5 microcode 0xa6, cx8, cmov, fxsr, ht, mmx, 3dnowpref, sse, sse2, sse3, ssse3, sse4.1, sse4.2, popcnt, lzcnt, tsc, tscinvbit, avx, avx2, aes, erms, clmul, bmi1, bmi2, adx, avx512f, avx512dq, avx512cd, avx512bw, avx512vl, sha, fma, vzeroupper, avx512_vpopcntdq, avx512_vpclmulqdq, avx512_vaes, avx512_vnni, clflush, clflushopt, avx512_vbmi2, avx512_vbmi
Processor Information for all 8 processors :
  Max Mhz: 1190, Current Mhz: 991, Mhz Limit: 987

Memory: 4k page, system-wide physical 7987M (403M free)
TotalPageFile size 10035M (AvailPageFile size 10M)
current process WorkingSet (physical memory assigned to process): 453M, peak: 484M
current process commit charge ("private bytes"): 486M, peak: 517M

vm_info: OpenJDK 64-Bit Server VM (17.0.10+7) for windows-amd64 JRE (17.0.10+7), built on Jan 16 2024 23:25:11 by "admin" with MS VC++ 16.10 / 16.11 (VS2019)

END.
