#
# There is insufficient memory for the Java Runtime Environment to continue.
# Native memory allocation (malloc) failed to allocate 2002896 bytes for Chunk::new
# Possible reasons:
#   The system is out of physical RAM or swap space
#   The process is running with CompressedOops enabled, and the Java Heap may be blocking the growth of the native heap
# Possible solutions:
#   Reduce memory load on the system
#   Increase physical memory or swap space
#   Check if swap backing store is full
#   Decrease Java heap size (-Xmx/-Xms)
#   Decrease number of Java threads
#   Decrease Java thread stack sizes (-Xss)
#   Set larger code cache with -XX:ReservedCodeCacheSize=
#   JVM is running with Unscaled Compressed Oops mode in which the Java heap is
#     placed in the first 4GB address space. The Java Heap base address is the
#     maximum limit for the native heap growth. Please use -XX:HeapBaseMinAddress
#     to set the Java Heap base and to place the Java Heap above 4GB virtual address.
# This output file may be truncated or incomplete.
#
#  Out of Memory Error (arena.cpp:191), pid=14736, tid=10128
#
# JRE version: OpenJDK Runtime Environment Temurin-17.0.10+7 (17.0.10+7) (build 17.0.10+7)
# Java VM: OpenJDK 64-Bit Server VM Temurin-17.0.10+7 (17.0.10+7, mixed mode, tiered, compressed oops, compressed class ptrs, parallel gc, windows-amd64)
# No core dump will be written. Minidumps are not enabled by default on client versions of Windows
#

---------------  S U M M A R Y ------------

Command Line: --add-modules=ALL-SYSTEM --add-opens=java.base/java.util=ALL-UNNAMED --add-opens=java.base/java.lang=ALL-UNNAMED --add-opens=java.base/sun.nio.fs=ALL-UNNAMED -Declipse.application=org.eclipse.jdt.ls.core.id1 -Dosgi.bundles.defaultStartLevel=4 -Declipse.product=org.eclipse.jdt.ls.core.product -Djava.import.generatesMetadataFilesAtProjectRoot=false -DDetectVMInstallationsJob.disabled=true -Dfile.encoding=utf8 -XX:+UseParallelGC -XX:GCTimeRatio=4 -XX:AdaptiveSizePolicyWeight=90 -Dsun.zip.disableMemoryMapping=true -Xmx1G -Xms100m -Xlog:disable -javaagent:c:\Users\Kiet\.vscode\extensions\redhat.java-1.28.1-win32-x64\lombok\lombok-1.18.31.jar c:\Users\Kiet\.vscode\extensions\redhat.java-1.28.1-win32-x64\server\plugins\org.eclipse.equinox.launcher_1.6.700.v20231214-2017.jar -configuration c:\Users\Kiet\AppData\Roaming\Code\User\globalStorage\redhat.java\1.28.1\config_ss_win -data c:\Users\Kiet\AppData\Roaming\Code\User\workspaceStorage\794778fa6a47f198356234ad77415c6f\redhat.java\ss_ws --stdio

Host: Intel(R) Core(TM) i5-1035G1 CPU @ 1.00GHz, 8 cores, 7G,  Windows 11 , 64 bit Build 22621 (10.0.22621.3085)
Time: Mon Mar 11 22:04:14 2024 SE Asia Standard Time elapsed time: 15.601407 seconds (0d 0h 0m 15s)

---------------  T H R E A D  ---------------

Current thread (0x0000021d075ea110):  JavaThread "C2 CompilerThread1" daemon [_thread_in_native, id=10128, stack(0x00000035c5900000,0x00000035c5a00000)]


Current CompileTask:
C2:  15601 4513   !   4       org.eclipse.osgi.internal.loader.BundleLoader::findClass0 (470 bytes)

Stack: [0x00000035c5900000,0x00000035c5a00000]
Native frames: (J=compiled Java code, j=interpreted, Vv=VM code, C=native code)
V  [jvm.dll+0x67d2c9]
V  [jvm.dll+0x834afa]
V  [jvm.dll+0x8365be]
V  [jvm.dll+0x836c23]
V  [jvm.dll+0x2477ff]
V  [jvm.dll+0xac514]
V  [jvm.dll+0xacb5c]
V  [jvm.dll+0x3667d7]
V  [jvm.dll+0x330bfa]
V  [jvm.dll+0x33009a]
V  [jvm.dll+0x219ef1]
V  [jvm.dll+0x219311]
V  [jvm.dll+0x1a502d]
V  [jvm.dll+0x2290de]
V  [jvm.dll+0x2272ac]
V  [jvm.dll+0x7e9bb7]
V  [jvm.dll+0x7e3fba]
V  [jvm.dll+0x67c1b5]
C  [ucrtbase.dll+0x29363]
C  [KERNEL32.DLL+0x1257d]
C  [ntdll.dll+0x5aa58]


---------------  P R O C E S S  ---------------

Threads class SMR info:
_java_thread_list=0x0000021d117cb8e0, length=32, elements={
0x0000021d67a4ffa0, 0x0000021d7b8d1010, 0x0000021d7b8d3190, 0x0000021d7b8d7fd0,
0x0000021d7b8d8a40, 0x0000021d0507bf30, 0x0000021d0507cc50, 0x0000021d05085580,
0x0000021d05087110, 0x0000021d05088200, 0x0000021d05178d00, 0x0000021d062c8460,
0x0000021d06a43920, 0x0000021d067865a0, 0x0000021d052f9380, 0x0000021d052f58a0,
0x0000021d06790440, 0x0000021d0678fa20, 0x0000021d06791370, 0x0000021d075ea110,
0x0000021d06791880, 0x0000021d0678e5e0, 0x0000021d06790950, 0x0000021d0678f510,
0x0000021d07ec7e40, 0x0000021d07ec6f10, 0x0000021d07ec7420, 0x0000021d07ec5ad0,
0x0000021d07ec7930, 0x0000021d07ec6a00, 0x0000021d06d1d7a0, 0x0000021d07ec8d70
}

Java Threads: ( => current thread )
  0x0000021d67a4ffa0 JavaThread "main" [_thread_blocked, id=3824, stack(0x00000035c3a00000,0x00000035c3b00000)]
  0x0000021d7b8d1010 JavaThread "Reference Handler" daemon [_thread_blocked, id=19440, stack(0x00000035c3d00000,0x00000035c3e00000)]
  0x0000021d7b8d3190 JavaThread "Finalizer" daemon [_thread_blocked, id=6460, stack(0x00000035c3e00000,0x00000035c3f00000)]
  0x0000021d7b8d7fd0 JavaThread "Signal Dispatcher" daemon [_thread_blocked, id=13316, stack(0x00000035c4000000,0x00000035c4100000)]
  0x0000021d7b8d8a40 JavaThread "Attach Listener" daemon [_thread_blocked, id=10972, stack(0x00000035c4100000,0x00000035c4200000)]
  0x0000021d0507bf30 JavaThread "Service Thread" daemon [_thread_blocked, id=8900, stack(0x00000035c4200000,0x00000035c4300000)]
  0x0000021d0507cc50 JavaThread "Monitor Deflation Thread" daemon [_thread_blocked, id=13060, stack(0x00000035c4300000,0x00000035c4400000)]
  0x0000021d05085580 JavaThread "C2 CompilerThread0" daemon [_thread_in_native, id=7792, stack(0x00000035c4400000,0x00000035c4500000)]
  0x0000021d05087110 JavaThread "C1 CompilerThread0" daemon [_thread_blocked, id=14848, stack(0x00000035c4500000,0x00000035c4600000)]
  0x0000021d05088200 JavaThread "Sweeper thread" daemon [_thread_in_vm, id=11352, stack(0x00000035c4600000,0x00000035c4700000)]
  0x0000021d05178d00 JavaThread "Common-Cleaner" daemon [_thread_blocked, id=13380, stack(0x00000035c4700000,0x00000035c4800000)]
  0x0000021d062c8460 JavaThread "Notification Thread" daemon [_thread_blocked, id=8820, stack(0x00000035c4900000,0x00000035c4a00000)]
  0x0000021d06a43920 JavaThread "Active Thread: Equinox Container: 9889c80f-2943-4517-83e8-d69620be17b5" [_thread_blocked, id=6948, stack(0x00000035c5100000,0x00000035c5200000)]
  0x0000021d067865a0 JavaThread "Framework Event Dispatcher: Equinox Container: 9889c80f-2943-4517-83e8-d69620be17b5" daemon [_thread_blocked, id=15880, stack(0x00000035c4800000,0x00000035c4900000)]
  0x0000021d052f9380 JavaThread "Start Level: Equinox Container: 9889c80f-2943-4517-83e8-d69620be17b5" daemon [_thread_blocked, id=12400, stack(0x00000035c5200000,0x00000035c5300000)]
  0x0000021d052f58a0 JavaThread "SCR Component Actor" daemon [_thread_blocked, id=18632, stack(0x00000035c5300000,0x00000035c5400000)]
  0x0000021d06790440 JavaThread "Worker-JM" [_thread_blocked, id=8400, stack(0x00000035c5600000,0x00000035c5700000)]
  0x0000021d0678fa20 JavaThread "Worker-0" [_thread_blocked, id=19176, stack(0x00000035c5700000,0x00000035c5800000)]
  0x0000021d06791370 JavaThread "Worker-1" [_thread_blocked, id=3996, stack(0x00000035c5800000,0x00000035c5900000)]
=>0x0000021d075ea110 JavaThread "C2 CompilerThread1" daemon [_thread_in_native, id=10128, stack(0x00000035c5900000,0x00000035c5a00000)]
  0x0000021d06791880 JavaThread "JNA Cleaner" daemon [_thread_blocked, id=10820, stack(0x00000035c5a00000,0x00000035c5b00000)]
  0x0000021d0678e5e0 JavaThread "pool-2-thread-1" [_thread_blocked, id=9484, stack(0x00000035c5b00000,0x00000035c5c00000)]
  0x0000021d06790950 JavaThread "WorkspaceEventsHandler" [_thread_blocked, id=16748, stack(0x00000035c5c00000,0x00000035c5d00000)]
  0x0000021d0678f510 JavaThread "pool-1-thread-1" [_thread_in_native, id=5868, stack(0x00000035c5d00000,0x00000035c5e00000)]
  0x0000021d07ec7e40 JavaThread "ForkJoinPool.commonPool-worker-1" daemon [_thread_blocked, id=12916, stack(0x00000035c5f00000,0x00000035c6000000)]
  0x0000021d07ec6f10 JavaThread "ForkJoinPool.commonPool-worker-2" daemon [_thread_blocked, id=14904, stack(0x00000035c6000000,0x00000035c6100000)]
  0x0000021d07ec7420 JavaThread "ForkJoinPool.commonPool-worker-3" daemon [_thread_blocked, id=17172, stack(0x00000035c6100000,0x00000035c6200000)]
  0x0000021d07ec5ad0 JavaThread "ForkJoinPool.commonPool-worker-4" daemon [_thread_blocked, id=17532, stack(0x00000035c6200000,0x00000035c6300000)]
  0x0000021d07ec7930 JavaThread "ForkJoinPool.commonPool-worker-5" daemon [_thread_blocked, id=14880, stack(0x00000035c6300000,0x00000035c6400000)]
  0x0000021d07ec6a00 JavaThread "Worker-2" [_thread_blocked, id=4820, stack(0x00000035c6400000,0x00000035c6500000)]
  0x0000021d06d1d7a0 JavaThread "C2 CompilerThread2" daemon [_thread_in_native, id=14576, stack(0x00000035c5500000,0x00000035c5600000)]
  0x0000021d07ec8d70 JavaThread "ForkJoinPool.commonPool-worker-6" daemon [_thread_blocked, id=18488, stack(0x00000035c5e00000,0x00000035c5f00000)]

Other Threads:
  0x0000021d050314b0 VMThread "VM Thread" [stack: 0x00000035c3c00000,0x00000035c3d00000] [id=6176]
  0x0000021d062196e0 WatcherThread [stack: 0x00000035c4a00000,0x00000035c4b00000] [id=14040]
  0x0000021d67a68b70 GCTaskThread "GC Thread#0" [stack: 0x00000035c3b00000,0x00000035c3c00000] [id=168]
  0x0000021d0693a490 GCTaskThread "GC Thread#1" [stack: 0x00000035c4b00000,0x00000035c4c00000] [id=14912]
  0x0000021d0693b580 GCTaskThread "GC Thread#2" [stack: 0x00000035c4c00000,0x00000035c4d00000] [id=10216]
  0x0000021d06951860 GCTaskThread "GC Thread#3" [stack: 0x00000035c4d00000,0x00000035c4e00000] [id=15280]
  0x0000021d06951b20 GCTaskThread "GC Thread#4" [stack: 0x00000035c4e00000,0x00000035c4f00000] [id=19112]
  0x0000021d069525f0 GCTaskThread "GC Thread#5" [stack: 0x00000035c4f00000,0x00000035c5000000] [id=11564]
  0x0000021d069528b0 GCTaskThread "GC Thread#6" [stack: 0x00000035c5000000,0x00000035c5100000] [id=13704]
  0x0000021d6597a990 GCTaskThread "GC Thread#7" [stack: 0x00000035c5400000,0x00000035c5500000] [id=7496]

Threads with active compile tasks:
C2 CompilerThread0    15640 4613       4       org.eclipse.jface.text.AbstractLineTracker$1::nextDelimiterInfo (10 bytes)
C2 CompilerThread1    15640 4513   !   4       org.eclipse.osgi.internal.loader.BundleLoader::findClass0 (470 bytes)
C2 CompilerThread2    15640 4571       4       org.eclipse.jdt.internal.compiler.parser.Scanner::getNextToken (182 bytes)

VM state: not at safepoint (normal execution)

VM Mutex/Monitor currently owned by a thread: None

Heap address: 0x00000000c0000000, size: 1024 MB, Compressed Oops mode: 32-bit

CDS archive(s) not mapped
Compressed class space mapped at: 0x0000000100000000-0x0000000140000000, reserved size: 1073741824
Narrow klass base: 0x0000000000000000, Narrow klass shift: 3, Narrow klass range: 0x140000000

GC Precious Log:
 CPUs: 8 total, 8 available
 Memory: 7987M
 Large Page Support: Disabled
 NUMA Support: Disabled
 Compressed Oops: Enabled (32-bit)
 Alignments: Space 512K, Generation 512K, Heap 2M
 Heap Min Capacity: 100M
 Heap Initial Capacity: 100M
 Heap Max Capacity: 1G
 Pre-touch: Disabled
 Parallel Workers: 8

Heap:
 PSYoungGen      total 22528K, used 7880K [0x00000000eab00000, 0x00000000ec400000, 0x0000000100000000)
  eden space 21504K, 31% used [0x00000000eab00000,0x00000000eb1b3e68,0x00000000ec000000)
  from space 1024K, 99% used [0x00000000ec080000,0x00000000ec17e470,0x00000000ec180000)
  to   space 2048K, 0% used [0x00000000ec200000,0x00000000ec200000,0x00000000ec400000)
 ParOldGen       total 68608K, used 29319K [0x00000000c0000000, 0x00000000c4300000, 0x00000000eab00000)
  object space 68608K, 42% used [0x00000000c0000000,0x00000000c1ca1d80,0x00000000c4300000)
 Metaspace       used 44381K, committed 45184K, reserved 1114112K
  class space    used 4493K, committed 4864K, reserved 1048576K

Card table byte_map: [0x0000021d673e0000,0x0000021d675f0000] _byte_map_base: 0x0000021d66de0000

Marking Bits: (ParMarkBitMap*) 0x00007ff8afb9d7d0
 Begin Bits: [0x0000021d796e0000, 0x0000021d7a6e0000)
 End Bits:   [0x0000021d7a6e0000, 0x0000021d7b6e0000)

Polling page: 0x0000021d659d0000

Metaspace:

Usage:
  Non-class:     38.95 MB used.
      Class:      4.39 MB used.
       Both:     43.34 MB used.

Virtual space:
  Non-class space:       64.00 MB reserved,      39.38 MB ( 62%) committed,  1 nodes.
      Class space:        1.00 GB reserved,       4.75 MB ( <1%) committed,  1 nodes.
             Both:        1.06 GB reserved,      44.12 MB (  4%) committed. 

Chunk freelists:
   Non-Class:  8.42 MB
       Class:  11.12 MB
        Both:  19.55 MB

MaxMetaspaceSize: unlimited
CompressedClassSpaceSize: 1.00 GB
Initial GC threshold: 21.00 MB
Current GC threshold: 58.38 MB
CDS: off
MetaspaceReclaimPolicy: balanced
 - commit_granule_bytes: 65536.
 - commit_granule_words: 8192.
 - virtual_space_node_default_size: 8388608.
 - enlarge_chunks_in_place: 1.
 - new_chunks_are_fully_committed: 0.
 - uncommit_free_chunks: 1.
 - use_allocation_guard: 0.
 - handle_deallocations: 1.


Internal statistics:

num_allocs_failed_limit: 6.
num_arena_births: 390.
num_arena_deaths: 14.
num_vsnodes_births: 2.
num_vsnodes_deaths: 0.
num_space_committed: 706.
num_space_uncommitted: 0.
num_chunks_returned_to_freelist: 20.
num_chunks_taken_from_freelist: 1860.
num_chunk_merges: 8.
num_chunk_splits: 1228.
num_chunks_enlarged: 811.
num_inconsistent_stats: 0.

CodeHeap 'non-profiled nmethods': size=120000Kb used=2340Kb max_used=2786Kb free=117659Kb
 bounds [0x0000021d721b0000, 0x0000021d72470000, 0x0000021d796e0000]
CodeHeap 'profiled nmethods': size=120000Kb used=7451Kb max_used=10172Kb free=112548Kb
 bounds [0x0000021d6a6e0000, 0x0000021d6b0d0000, 0x0000021d71c10000]
CodeHeap 'non-nmethods': size=5760Kb used=1309Kb max_used=1361Kb free=4450Kb
 bounds [0x0000021d71c10000, 0x0000021d71e80000, 0x0000021d721b0000]
 total_blobs=4552 nmethods=3923 adapters=543
 compilation: enabled
              stopped_count=0, restarted_count=0
 full_count=0

Compilation events (20 events):
Event: 15.447 Thread 0x0000021d05087110 4695       2       com.google.gson.internal.bind.TypeAdapterRuntimeTypeWrapper::write (80 bytes)
Event: 15.448 Thread 0x0000021d05087110 nmethod 4695 0x0000021d6b0ccb10 code [0x0000021d6b0ccd00, 0x0000021d6b0cd238]
Event: 15.448 Thread 0x0000021d05087110 4696       2       com.google.gson.internal.bind.TypeAdapterRuntimeTypeWrapper::getRuntimeTypeIfMoreSpecific (25 bytes)
Event: 15.448 Thread 0x0000021d05087110 nmethod 4696 0x0000021d6b0cd510 code [0x0000021d6b0cd6a0, 0x0000021d6b0cd858]
Event: 15.448 Thread 0x0000021d05087110 4697       2       jdk.internal.reflect.UnsafeIntegerFieldAccessorImpl::get (9 bytes)
Event: 15.449 Thread 0x0000021d05087110 nmethod 4697 0x0000021d6b0cd910 code [0x0000021d6b0cdae0, 0x0000021d6b0cdda8]
Event: 15.449 Thread 0x0000021d05087110 4698       2       jdk.internal.reflect.UnsafeIntegerFieldAccessorImpl::getInt (17 bytes)
Event: 15.450 Thread 0x0000021d05087110 nmethod 4698 0x0000021d6b0ce010 code [0x0000021d6b0ce1c0, 0x0000021d6b0ce3c8]
Event: 15.450 Thread 0x0000021d05087110 4687       2       org.eclipse.jdt.internal.core.PackageFragmentRoot::resource (5 bytes)
Event: 15.450 Thread 0x0000021d05087110 nmethod 4687 0x0000021d6b0ce590 code [0x0000021d6b0ce720, 0x0000021d6b0ce838]
Event: 15.450 Thread 0x0000021d05087110 4688       2       java.util.regex.Matcher::start (65 bytes)
Event: 15.451 Thread 0x0000021d05087110 nmethod 4688 0x0000021d6b0ce910 code [0x0000021d6b0ceb20, 0x0000021d6b0cef28]
Event: 15.451 Thread 0x0000021d05087110 4692       1       org.eclipse.jdt.core.SourceRange::getLength (5 bytes)
Event: 15.451 Thread 0x0000021d05087110 nmethod 4692 0x0000021d72452390 code [0x0000021d72452520, 0x0000021d724525f8]
Event: 15.491 Thread 0x0000021d06d1d7a0 nmethod 4557 0x0000021d72452690 code [0x0000021d72452a20, 0x0000021d72455390]
Event: 15.491 Thread 0x0000021d06d1d7a0 4571       4       org.eclipse.jdt.internal.compiler.parser.Scanner::getNextToken (182 bytes)
Event: 15.534 Thread 0x0000021d05085580 nmethod 4566 0x0000021d72456f10 code [0x0000021d7245ade0, 0x0000021d7245ffd0]
Event: 15.534 Thread 0x0000021d05085580 4630       4       java.lang.Integer::parseInt (264 bytes)
Event: 15.555 Thread 0x0000021d05085580 nmethod 4630 0x0000021d72467d10 code [0x0000021d72467ec0, 0x0000021d72468678]
Event: 15.555 Thread 0x0000021d05085580 4569       4       java.lang.String::split (327 bytes)

GC Heap History (20 events):
Event: 12.594 GC heap before
{Heap before GC invocations=14 (full 2):
 PSYoungGen      total 24576K, used 24544K [0x00000000eab00000, 0x00000000ec680000, 0x0000000100000000)
  eden space 22528K, 100% used [0x00000000eab00000,0x00000000ec100000,0x00000000ec100000)
  from space 2048K, 98% used [0x00000000ec280000,0x00000000ec478010,0x00000000ec480000)
  to   space 2048K, 0% used [0x00000000ec480000,0x00000000ec480000,0x00000000ec680000)
 ParOldGen       total 68608K, used 15014K [0x00000000c0000000, 0x00000000c4300000, 0x00000000eab00000)
  object space 68608K, 21% used [0x00000000c0000000,0x00000000c0ea9a48,0x00000000c4300000)
 Metaspace       used 37020K, committed 37824K, reserved 1114112K
  class space    used 3761K, committed 4160K, reserved 1048576K
}
Event: 12.597 GC heap after
{Heap after GC invocations=14 (full 2):
 PSYoungGen      total 24064K, used 1984K [0x00000000eab00000, 0x00000000ec680000, 0x0000000100000000)
  eden space 22016K, 0% used [0x00000000eab00000,0x00000000eab00000,0x00000000ec080000)
  from space 2048K, 96% used [0x00000000ec480000,0x00000000ec670010,0x00000000ec680000)
  to   space 2048K, 0% used [0x00000000ec280000,0x00000000ec280000,0x00000000ec480000)
 ParOldGen       total 68608K, used 16870K [0x00000000c0000000, 0x00000000c4300000, 0x00000000eab00000)
  object space 68608K, 24% used [0x00000000c0000000,0x00000000c1079a48,0x00000000c4300000)
 Metaspace       used 37020K, committed 37824K, reserved 1114112K
  class space    used 3761K, committed 4160K, reserved 1048576K
}
Event: 12.727 GC heap before
{Heap before GC invocations=15 (full 2):
 PSYoungGen      total 24064K, used 24000K [0x00000000eab00000, 0x00000000ec680000, 0x0000000100000000)
  eden space 22016K, 100% used [0x00000000eab00000,0x00000000ec080000,0x00000000ec080000)
  from space 2048K, 96% used [0x00000000ec480000,0x00000000ec670010,0x00000000ec680000)
  to   space 2048K, 0% used [0x00000000ec280000,0x00000000ec280000,0x00000000ec480000)
 ParOldGen       total 68608K, used 16870K [0x00000000c0000000, 0x00000000c4300000, 0x00000000eab00000)
  object space 68608K, 24% used [0x00000000c0000000,0x00000000c1079a48,0x00000000c4300000)
 Metaspace       used 37021K, committed 37824K, reserved 1114112K
  class space    used 3761K, committed 4160K, reserved 1048576K
}
Event: 12.731 GC heap after
{Heap after GC invocations=15 (full 2):
 PSYoungGen      total 24064K, used 2016K [0x00000000eab00000, 0x00000000ec500000, 0x0000000100000000)
  eden space 22016K, 0% used [0x00000000eab00000,0x00000000eab00000,0x00000000ec080000)
  from space 2048K, 98% used [0x00000000ec280000,0x00000000ec478000,0x00000000ec480000)
  to   space 512K, 0% used [0x00000000ec480000,0x00000000ec480000,0x00000000ec500000)
 ParOldGen       total 68608K, used 18790K [0x00000000c0000000, 0x00000000c4300000, 0x00000000eab00000)
  object space 68608K, 27% used [0x00000000c0000000,0x00000000c1259888,0x00000000c4300000)
 Metaspace       used 37021K, committed 37824K, reserved 1114112K
  class space    used 3761K, committed 4160K, reserved 1048576K
}
Event: 12.830 GC heap before
{Heap before GC invocations=16 (full 2):
 PSYoungGen      total 24064K, used 24032K [0x00000000eab00000, 0x00000000ec500000, 0x0000000100000000)
  eden space 22016K, 100% used [0x00000000eab00000,0x00000000ec080000,0x00000000ec080000)
  from space 2048K, 98% used [0x00000000ec280000,0x00000000ec478000,0x00000000ec480000)
  to   space 512K, 0% used [0x00000000ec480000,0x00000000ec480000,0x00000000ec500000)
 ParOldGen       total 68608K, used 18790K [0x00000000c0000000, 0x00000000c4300000, 0x00000000eab00000)
  object space 68608K, 27% used [0x00000000c0000000,0x00000000c1259888,0x00000000c4300000)
 Metaspace       used 37021K, committed 37824K, reserved 1114112K
  class space    used 3761K, committed 4160K, reserved 1048576K
}
Event: 12.835 GC heap after
{Heap after GC invocations=16 (full 2):
 PSYoungGen      total 22016K, used 512K [0x00000000eab00000, 0x00000000ec980000, 0x0000000100000000)
  eden space 21504K, 0% used [0x00000000eab00000,0x00000000eab00000,0x00000000ec000000)
  from space 512K, 100% used [0x00000000ec480000,0x00000000ec500000,0x00000000ec500000)
  to   space 4608K, 0% used [0x00000000ec000000,0x00000000ec000000,0x00000000ec480000)
 ParOldGen       total 68608K, used 22390K [0x00000000c0000000, 0x00000000c4300000, 0x00000000eab00000)
  object space 68608K, 32% used [0x00000000c0000000,0x00000000c15dd898,0x00000000c4300000)
 Metaspace       used 37021K, committed 37824K, reserved 1114112K
  class space    used 3761K, committed 4160K, reserved 1048576K
}
Event: 12.907 GC heap before
{Heap before GC invocations=17 (full 2):
 PSYoungGen      total 22016K, used 22016K [0x00000000eab00000, 0x00000000ec980000, 0x0000000100000000)
  eden space 21504K, 100% used [0x00000000eab00000,0x00000000ec000000,0x00000000ec000000)
  from space 512K, 100% used [0x00000000ec480000,0x00000000ec500000,0x00000000ec500000)
  to   space 4608K, 0% used [0x00000000ec000000,0x00000000ec000000,0x00000000ec480000)
 ParOldGen       total 68608K, used 22390K [0x00000000c0000000, 0x00000000c4300000, 0x00000000eab00000)
  object space 68608K, 32% used [0x00000000c0000000,0x00000000c15dd898,0x00000000c4300000)
 Metaspace       used 37021K, committed 37824K, reserved 1114112K
  class space    used 3761K, committed 4160K, reserved 1048576K
}
Event: 12.910 GC heap after
{Heap after GC invocations=17 (full 2):
 PSYoungGen      total 23552K, used 1888K [0x00000000eab00000, 0x00000000ec600000, 0x0000000100000000)
  eden space 21504K, 0% used [0x00000000eab00000,0x00000000eab00000,0x00000000ec000000)
  from space 2048K, 92% used [0x00000000ec000000,0x00000000ec1d8000,0x00000000ec200000)
  to   space 3072K, 0% used [0x00000000ec300000,0x00000000ec300000,0x00000000ec600000)
 ParOldGen       total 68608K, used 22926K [0x00000000c0000000, 0x00000000c4300000, 0x00000000eab00000)
  object space 68608K, 33% used [0x00000000c0000000,0x00000000c1663898,0x00000000c4300000)
 Metaspace       used 37021K, committed 37824K, reserved 1114112K
  class space    used 3761K, committed 4160K, reserved 1048576K
}
Event: 13.252 GC heap before
{Heap before GC invocations=18 (full 2):
 PSYoungGen      total 23552K, used 23392K [0x00000000eab00000, 0x00000000ec600000, 0x0000000100000000)
  eden space 21504K, 100% used [0x00000000eab00000,0x00000000ec000000,0x00000000ec000000)
  from space 2048K, 92% used [0x00000000ec000000,0x00000000ec1d8000,0x00000000ec200000)
  to   space 3072K, 0% used [0x00000000ec300000,0x00000000ec300000,0x00000000ec600000)
 ParOldGen       total 68608K, used 22926K [0x00000000c0000000, 0x00000000c4300000, 0x00000000eab00000)
  object space 68608K, 33% used [0x00000000c0000000,0x00000000c1663898,0x00000000c4300000)
 Metaspace       used 37905K, committed 38656K, reserved 1114112K
  class space    used 3851K, committed 4224K, reserved 1048576K
}
Event: 13.256 GC heap after
{Heap after GC invocations=18 (full 2):
 PSYoungGen      total 24576K, used 2553K [0x00000000eab00000, 0x00000000ec600000, 0x0000000100000000)
  eden space 21504K, 0% used [0x00000000eab00000,0x00000000eab00000,0x00000000ec000000)
  from space 3072K, 83% used [0x00000000ec300000,0x00000000ec57e470,0x00000000ec600000)
  to   space 3072K, 0% used [0x00000000ec000000,0x00000000ec000000,0x00000000ec300000)
 ParOldGen       total 68608K, used 24708K [0x00000000c0000000, 0x00000000c4300000, 0x00000000eab00000)
  object space 68608K, 36% used [0x00000000c0000000,0x00000000c1821118,0x00000000c4300000)
 Metaspace       used 37905K, committed 38656K, reserved 1114112K
  class space    used 3851K, committed 4224K, reserved 1048576K
}
Event: 13.752 GC heap before
{Heap before GC invocations=19 (full 2):
 PSYoungGen      total 24576K, used 24041K [0x00000000eab00000, 0x00000000ec600000, 0x0000000100000000)
  eden space 21504K, 99% used [0x00000000eab00000,0x00000000ebffc340,0x00000000ec000000)
  from space 3072K, 83% used [0x00000000ec300000,0x00000000ec57e470,0x00000000ec600000)
  to   space 3072K, 0% used [0x00000000ec000000,0x00000000ec000000,0x00000000ec300000)
 ParOldGen       total 68608K, used 24708K [0x00000000c0000000, 0x00000000c4300000, 0x00000000eab00000)
  object space 68608K, 36% used [0x00000000c0000000,0x00000000c1821118,0x00000000c4300000)
 Metaspace       used 40446K, committed 41216K, reserved 1114112K
  class space    used 4099K, committed 4480K, reserved 1048576K
}
Event: 13.755 GC heap after
{Heap after GC invocations=19 (full 2):
 PSYoungGen      total 23552K, used 1601K [0x00000000eab00000, 0x00000000ec400000, 0x0000000100000000)
  eden space 21504K, 0% used [0x00000000eab00000,0x00000000eab00000,0x00000000ec000000)
  from space 2048K, 78% used [0x00000000ec000000,0x00000000ec190628,0x00000000ec200000)
  to   space 2048K, 0% used [0x00000000ec200000,0x00000000ec200000,0x00000000ec400000)
 ParOldGen       total 68608K, used 27104K [0x00000000c0000000, 0x00000000c4300000, 0x00000000eab00000)
  object space 68608K, 39% used [0x00000000c0000000,0x00000000c1a78170,0x00000000c4300000)
 Metaspace       used 40446K, committed 41216K, reserved 1114112K
  class space    used 4099K, committed 4480K, reserved 1048576K
}
Event: 13.935 GC heap before
{Heap before GC invocations=20 (full 2):
 PSYoungGen      total 23552K, used 22965K [0x00000000eab00000, 0x00000000ec400000, 0x0000000100000000)
  eden space 21504K, 99% used [0x00000000eab00000,0x00000000ebfdd0a0,0x00000000ec000000)
  from space 2048K, 78% used [0x00000000ec000000,0x00000000ec190628,0x00000000ec200000)
  to   space 2048K, 0% used [0x00000000ec200000,0x00000000ec200000,0x00000000ec400000)
 ParOldGen       total 68608K, used 27104K [0x00000000c0000000, 0x00000000c4300000, 0x00000000eab00000)
  object space 68608K, 39% used [0x00000000c0000000,0x00000000c1a78170,0x00000000c4300000)
 Metaspace       used 40483K, committed 41280K, reserved 1114112K
  class space    used 4099K, committed 4480K, reserved 1048576K
}
Event: 13.937 GC heap after
{Heap after GC invocations=20 (full 2):
 PSYoungGen      total 22528K, used 950K [0x00000000eab00000, 0x00000000ec300000, 0x0000000100000000)
  eden space 21504K, 0% used [0x00000000eab00000,0x00000000eab00000,0x00000000ec000000)
  from space 1024K, 92% used [0x00000000ec200000,0x00000000ec2edbb8,0x00000000ec300000)
  to   space 1536K, 0% used [0x00000000ec000000,0x00000000ec000000,0x00000000ec180000)
 ParOldGen       total 68608K, used 28638K [0x00000000c0000000, 0x00000000c4300000, 0x00000000eab00000)
  object space 68608K, 41% used [0x00000000c0000000,0x00000000c1bf7900,0x00000000c4300000)
 Metaspace       used 40483K, committed 41280K, reserved 1114112K
  class space    used 4099K, committed 4480K, reserved 1048576K
}
Event: 14.270 GC heap before
{Heap before GC invocations=21 (full 2):
 PSYoungGen      total 22528K, used 22409K [0x00000000eab00000, 0x00000000ec300000, 0x0000000100000000)
  eden space 21504K, 99% used [0x00000000eab00000,0x00000000ebff4878,0x00000000ec000000)
  from space 1024K, 92% used [0x00000000ec200000,0x00000000ec2edbb8,0x00000000ec300000)
  to   space 1536K, 0% used [0x00000000ec000000,0x00000000ec000000,0x00000000ec180000)
 ParOldGen       total 68608K, used 28638K [0x00000000c0000000, 0x00000000c4300000, 0x00000000eab00000)
  object space 68608K, 41% used [0x00000000c0000000,0x00000000c1bf7900,0x00000000c4300000)
 Metaspace       used 41765K, committed 42496K, reserved 1114112K
  class space    used 4260K, committed 4608K, reserved 1048576K
}
Event: 14.271 GC heap after
{Heap after GC invocations=21 (full 2):
 PSYoungGen      total 23040K, used 288K [0x00000000eab00000, 0x00000000ec280000, 0x0000000100000000)
  eden space 21504K, 0% used [0x00000000eab00000,0x00000000eab00000,0x00000000ec000000)
  from space 1536K, 18% used [0x00000000ec000000,0x00000000ec048000,0x00000000ec180000)
  to   space 1024K, 0% used [0x00000000ec180000,0x00000000ec180000,0x00000000ec280000)
 ParOldGen       total 68608K, used 28670K [0x00000000c0000000, 0x00000000c4300000, 0x00000000eab00000)
  object space 68608K, 41% used [0x00000000c0000000,0x00000000c1bff900,0x00000000c4300000)
 Metaspace       used 41765K, committed 42496K, reserved 1114112K
  class space    used 4260K, committed 4608K, reserved 1048576K
}
Event: 14.932 GC heap before
{Heap before GC invocations=22 (full 2):
 PSYoungGen      total 23040K, used 21792K [0x00000000eab00000, 0x00000000ec280000, 0x0000000100000000)
  eden space 21504K, 100% used [0x00000000eab00000,0x00000000ec000000,0x00000000ec000000)
  from space 1536K, 18% used [0x00000000ec000000,0x00000000ec048000,0x00000000ec180000)
  to   space 1024K, 0% used [0x00000000ec180000,0x00000000ec180000,0x00000000ec280000)
 ParOldGen       total 68608K, used 28670K [0x00000000c0000000, 0x00000000c4300000, 0x00000000eab00000)
  object space 68608K, 41% used [0x00000000c0000000,0x00000000c1bff900,0x00000000c4300000)
 Metaspace       used 43129K, committed 43904K, reserved 1114112K
  class space    used 4370K, committed 4736K, reserved 1048576K
}
Event: 14.934 GC heap after
{Heap after GC invocations=22 (full 2):
 PSYoungGen      total 22528K, used 576K [0x00000000eab00000, 0x00000000ec280000, 0x0000000100000000)
  eden space 21504K, 0% used [0x00000000eab00000,0x00000000eab00000,0x00000000ec000000)
  from space 1024K, 56% used [0x00000000ec180000,0x00000000ec210010,0x00000000ec280000)
  to   space 1024K, 0% used [0x00000000ec080000,0x00000000ec080000,0x00000000ec180000)
 ParOldGen       total 68608K, used 28830K [0x00000000c0000000, 0x00000000c4300000, 0x00000000eab00000)
  object space 68608K, 42% used [0x00000000c0000000,0x00000000c1c27900,0x00000000c4300000)
 Metaspace       used 43129K, committed 43904K, reserved 1114112K
  class space    used 4370K, committed 4736K, reserved 1048576K
}
Event: 15.391 GC heap before
{Heap before GC invocations=23 (full 2):
 PSYoungGen      total 22528K, used 22080K [0x00000000eab00000, 0x00000000ec280000, 0x0000000100000000)
  eden space 21504K, 100% used [0x00000000eab00000,0x00000000ec000000,0x00000000ec000000)
  from space 1024K, 56% used [0x00000000ec180000,0x00000000ec210010,0x00000000ec280000)
  to   space 1024K, 0% used [0x00000000ec080000,0x00000000ec080000,0x00000000ec180000)
 ParOldGen       total 68608K, used 28830K [0x00000000c0000000, 0x00000000c4300000, 0x00000000eab00000)
  object space 68608K, 42% used [0x00000000c0000000,0x00000000c1c27900,0x00000000c4300000)
 Metaspace       used 44304K, committed 45120K, reserved 1114112K
  class space    used 4487K, committed 4864K, reserved 1048576K
}
Event: 15.393 GC heap after
{Heap after GC invocations=23 (full 2):
 PSYoungGen      total 22528K, used 1017K [0x00000000eab00000, 0x00000000ec400000, 0x0000000100000000)
  eden space 21504K, 0% used [0x00000000eab00000,0x00000000eab00000,0x00000000ec000000)
  from space 1024K, 99% used [0x00000000ec080000,0x00000000ec17e470,0x00000000ec180000)
  to   space 2048K, 0% used [0x00000000ec200000,0x00000000ec200000,0x00000000ec400000)
 ParOldGen       total 68608K, used 29319K [0x00000000c0000000, 0x00000000c4300000, 0x00000000eab00000)
  object space 68608K, 42% used [0x00000000c0000000,0x00000000c1ca1d80,0x00000000c4300000)
 Metaspace       used 44304K, committed 45120K, reserved 1114112K
  class space    used 4487K, committed 4864K, reserved 1048576K
}

Dll operation events (10 events):
Event: 0.052 Loaded shared library c:\Users\Kiet\.vscode\extensions\redhat.java-1.28.1-win32-x64\jre\17.0.10-win32-x86_64\bin\java.dll
Event: 0.308 Loaded shared library c:\Users\Kiet\.vscode\extensions\redhat.java-1.28.1-win32-x64\jre\17.0.10-win32-x86_64\bin\zip.dll
Event: 0.315 Loaded shared library C:\Users\Kiet\.vscode\extensions\redhat.java-1.28.1-win32-x64\jre\17.0.10-win32-x86_64\bin\instrument.dll
Event: 0.335 Loaded shared library C:\Users\Kiet\.vscode\extensions\redhat.java-1.28.1-win32-x64\jre\17.0.10-win32-x86_64\bin\net.dll
Event: 0.338 Loaded shared library C:\Users\Kiet\.vscode\extensions\redhat.java-1.28.1-win32-x64\jre\17.0.10-win32-x86_64\bin\nio.dll
Event: 0.353 Loaded shared library C:\Users\Kiet\.vscode\extensions\redhat.java-1.28.1-win32-x64\jre\17.0.10-win32-x86_64\bin\zip.dll
Event: 0.385 Loaded shared library C:\Users\Kiet\.vscode\extensions\redhat.java-1.28.1-win32-x64\jre\17.0.10-win32-x86_64\bin\jimage.dll
Event: 0.451 Loaded shared library c:\Users\Kiet\.vscode\extensions\redhat.java-1.28.1-win32-x64\jre\17.0.10-win32-x86_64\bin\verify.dll
Event: 8.291 Loaded shared library C:\Users\Kiet\AppData\Roaming\Code\User\globalStorage\redhat.java\1.28.1\config_ss_win\org.eclipse.equinox.launcher\org.eclipse.equinox.launcher.win32.win32.x86_64_1.2.900.v20240129-1338\eclipse_11900.dll
Event: 11.309 Loaded shared library C:\Users\Kiet\AppData\Local\Temp\jna-2338477\jna14828236106548851053.dll

Deoptimization events (20 events):
Event: 15.307 Thread 0x0000021d0678f510 DEOPT PACKING pc=0x0000021d723e15fc sp=0x00000035c5dfdb50
Event: 15.307 Thread 0x0000021d0678f510 DEOPT UNPACKING pc=0x0000021d71c69ea3 sp=0x00000035c5dfda70 mode 2
Event: 15.307 Thread 0x0000021d0678f510 Uncommon trap: trap_request=0xffffffbe fr.pc=0x0000021d723e067c relative=0x000000000000069c
Event: 15.307 Thread 0x0000021d0678f510 Uncommon trap: reason=profile_predicate action=maybe_recompile pc=0x0000021d723e067c method=java.util.TreeMap.getEntryUsingComparator(Ljava/lang/Object;)Ljava/util/TreeMap$Entry; @ 19 c2
Event: 15.307 Thread 0x0000021d0678f510 DEOPT PACKING pc=0x0000021d723e067c sp=0x00000035c5dfdab0
Event: 15.307 Thread 0x0000021d0678f510 DEOPT UNPACKING pc=0x0000021d71c69ea3 sp=0x00000035c5dfda60 mode 2
Event: 15.320 Thread 0x0000021d07ec7420 DEOPT PACKING pc=0x0000021d6a9faf88 sp=0x00000035c61fd400
Event: 15.320 Thread 0x0000021d07ec7420 DEOPT UNPACKING pc=0x0000021d71c6a9e3 sp=0x00000035c61fc908 mode 0
Event: 15.361 Thread 0x0000021d0678f510 Uncommon trap: trap_request=0xffffffc6 fr.pc=0x0000021d7231b93c relative=0x000000000000009c
Event: 15.361 Thread 0x0000021d0678f510 Uncommon trap: reason=bimorphic_or_optimized_type_check action=maybe_recompile pc=0x0000021d7231b93c method=java.util.stream.Sink$ChainedReference.cancellationRequested()Z @ 4 c2
Event: 15.363 Thread 0x0000021d0678f510 DEOPT PACKING pc=0x0000021d7231b93c sp=0x00000035c5dfda20
Event: 15.363 Thread 0x0000021d0678f510 DEOPT UNPACKING pc=0x0000021d71c69ea3 sp=0x00000035c5dfd950 mode 2
Event: 15.368 Thread 0x0000021d0678f510 Uncommon trap: trap_request=0xffffff45 fr.pc=0x0000021d7244860c relative=0x000000000000018c
Event: 15.368 Thread 0x0000021d0678f510 Uncommon trap: reason=unstable_if action=reinterpret pc=0x0000021d7244860c method=java.lang.Long.stringSize(J)I @ 5 c2
Event: 15.368 Thread 0x0000021d0678f510 DEOPT PACKING pc=0x0000021d7244860c sp=0x00000035c5dfe190
Event: 15.368 Thread 0x0000021d0678f510 DEOPT UNPACKING pc=0x0000021d71c69ea3 sp=0x00000035c5dfe110 mode 2
Event: 15.399 Thread 0x0000021d07ec7e40 Uncommon trap: trap_request=0xffffff45 fr.pc=0x0000021d72210fb4 relative=0x0000000000000194
Event: 15.399 Thread 0x0000021d07ec7e40 Uncommon trap: reason=unstable_if action=reinterpret pc=0x0000021d72210fb4 method=java.util.concurrent.ConcurrentHashMap.get(Ljava/lang/Object;)Ljava/lang/Object; @ 76 c2
Event: 15.399 Thread 0x0000021d07ec7e40 DEOPT PACKING pc=0x0000021d72210fb4 sp=0x00000035c5ffdf60
Event: 15.399 Thread 0x0000021d07ec7e40 DEOPT UNPACKING pc=0x0000021d71c69ea3 sp=0x00000035c5ffdec8 mode 2

Classes unloaded (7 events):
Event: 9.452 Thread 0x0000021d050314b0 Unloading class 0x000000010021a400 'java/lang/invoke/LambdaForm$MH+0x000000010021a400'
Event: 9.452 Thread 0x0000021d050314b0 Unloading class 0x000000010021a000 'java/lang/invoke/LambdaForm$MH+0x000000010021a000'
Event: 9.452 Thread 0x0000021d050314b0 Unloading class 0x0000000100219c00 'java/lang/invoke/LambdaForm$MH+0x0000000100219c00'
Event: 9.452 Thread 0x0000021d050314b0 Unloading class 0x0000000100219800 'java/lang/invoke/LambdaForm$MH+0x0000000100219800'
Event: 9.452 Thread 0x0000021d050314b0 Unloading class 0x0000000100219400 'java/lang/invoke/LambdaForm$BMH+0x0000000100219400'
Event: 9.452 Thread 0x0000021d050314b0 Unloading class 0x0000000100219000 'java/lang/invoke/LambdaForm$DMH+0x0000000100219000'
Event: 9.452 Thread 0x0000021d050314b0 Unloading class 0x0000000100214400 'java/lang/invoke/LambdaForm$DMH+0x0000000100214400'

Classes redefined (0 events):
No events

Internal exceptions (20 events):
Event: 11.423 Thread 0x0000021d67a4ffa0 Exception <a 'java/lang/NoSuchMethodError'{0x00000000eb219208}: 'java.lang.Object java.lang.invoke.DirectMethodHandle$Holder.invokeStaticInit(java.lang.Object, java.lang.Object, long, java.lang.Object)'> (0x00000000eb219208) 
thrown [s\src\hotspot\share\interpreter\linkResolver.cpp, line 759]
Event: 11.424 Thread 0x0000021d67a4ffa0 Exception <a 'java/lang/NoSuchMethodError'{0x00000000eb21f818}: 'java.lang.Object java.lang.invoke.DirectMethodHandle$Holder.newInvokeSpecial(java.lang.Object, java.lang.Object, long)'> (0x00000000eb21f818) 
thrown [s\src\hotspot\share\interpreter\linkResolver.cpp, line 759]
Event: 11.491 Thread 0x0000021d67a4ffa0 Exception <a 'java/lang/NoSuchMethodError'{0x00000000eb3e19c8}: 'void java.lang.invoke.DirectMethodHandle$Holder.invokeStatic(java.lang.Object, java.lang.Object, java.lang.Object, java.lang.Object)'> (0x00000000eb3e19c8) 
thrown [s\src\hotspot\share\interpreter\linkResolver.cpp, line 759]
Event: 11.687 Thread 0x0000021d67a4ffa0 Exception <a 'java/lang/NoSuchMethodError'{0x00000000ebc385c0}: 'void java.lang.invoke.DirectMethodHandle$Holder.invokeSpecial(java.lang.Object, java.lang.Object, java.lang.Object, java.lang.Object, java.lang.Object, java.lang.Object)'> (0x00000000ebc385c0) 
thrown [s\src\hotspot\share\interpreter\linkResolver.cpp, line 759]
Event: 11.689 Thread 0x0000021d67a4ffa0 Exception <a 'java/lang/IncompatibleClassChangeError'{0x00000000ebc41fb0}: Found class java.lang.Object, but interface was expected> (0x00000000ebc41fb0) 
thrown [s\src\hotspot\share\interpreter\linkResolver.cpp, line 826]
Event: 11.860 Thread 0x0000021d0678f510 Exception <a 'java/io/FileNotFoundException'{0x00000000eac80cd0}> (0x00000000eac80cd0) 
thrown [s\src\hotspot\share\prims\jni.cpp, line 516]
Event: 11.907 Thread 0x0000021d0678f510 Exception <a 'sun/nio/fs/WindowsException'{0x00000000eae4dd80}> (0x00000000eae4dd80) 
thrown [s\src\hotspot\share\prims\jni.cpp, line 516]
Event: 11.909 Thread 0x0000021d06791370 Exception <a 'java/io/FileNotFoundException'{0x00000000eabffe48}> (0x00000000eabffe48) 
thrown [s\src\hotspot\share\prims\jni.cpp, line 516]
Event: 11.909 Thread 0x0000021d06791370 Exception <a 'java/io/FileNotFoundException'{0x00000000eac00e40}> (0x00000000eac00e40) 
thrown [s\src\hotspot\share\prims\jni.cpp, line 516]
Event: 11.910 Thread 0x0000021d06791370 Exception <a 'java/io/FileNotFoundException'{0x00000000eac01bb0}> (0x00000000eac01bb0) 
thrown [s\src\hotspot\share\prims\jni.cpp, line 516]
Event: 12.033 Thread 0x0000021d0678f510 Exception <a 'java/lang/NoSuchMethodError'{0x00000000eaf03020}: 'int java.lang.invoke.DirectMethodHandle$Holder.invokeVirtual(java.lang.Object, java.lang.Object)'> (0x00000000eaf03020) 
thrown [s\src\hotspot\share\interpreter\linkResolver.cpp, line 759]
Event: 12.038 Thread 0x0000021d06791370 Exception <a 'java/lang/NoSuchMethodError'{0x00000000eaf4d420}: 'java.lang.Object java.lang.invoke.Invokers$Holder.invoke_MT(java.lang.Object, java.lang.Object, java.lang.Object)'> (0x00000000eaf4d420) 
thrown [s\src\hotspot\share\interpreter\linkResolver.cpp, line 759]
Event: 12.305 Thread 0x0000021d06791370 Exception <a 'java/io/FileNotFoundException'{0x00000000eb0caf30}> (0x00000000eb0caf30) 
thrown [s\src\hotspot\share\prims\jni.cpp, line 516]
Event: 12.305 Thread 0x0000021d06791370 Exception <a 'java/io/FileNotFoundException'{0x00000000eb0cc450}> (0x00000000eb0cc450) 
thrown [s\src\hotspot\share\prims\jni.cpp, line 516]
Event: 12.307 Thread 0x0000021d06791370 Exception <a 'java/lang/NoSuchMethodError'{0x00000000eb0dda50}: 'void java.lang.invoke.DirectMethodHandle$Holder.invokeStaticInit(java.lang.Object, java.lang.Object, java.lang.Object)'> (0x00000000eb0dda50) 
thrown [s\src\hotspot\share\interpreter\linkResolver.cpp, line 759]
Event: 13.074 Thread 0x0000021d07ec7e40 Exception <a 'java/lang/NoSuchMethodError'{0x00000000eb5c8af0}: 'java.lang.Object java.lang.invoke.DirectMethodHandle$Holder.invokeInterface(java.lang.Object, java.lang.Object, java.lang.Object)'> (0x00000000eb5c8af0) 
thrown [s\src\hotspot\share\interpreter\linkResolver.cpp, line 759]
Event: 13.074 Thread 0x0000021d0678f510 Exception <a 'java/lang/NoSuchMethodError'{0x00000000eb619158}: 'java.lang.Object java.lang.invoke.DirectMethodHandle$Holder.invokeInterface(java.lang.Object, java.lang.Object, java.lang.Object)'> (0x00000000eb619158) 
thrown [s\src\hotspot\share\interpreter\linkResolver.cpp, line 759]
Event: 13.074 Thread 0x0000021d07ec6f10 Exception <a 'java/lang/NoSuchMethodError'{0x00000000eb61b678}: 'java.lang.Object java.lang.invoke.DirectMethodHandle$Holder.invokeInterface(java.lang.Object, java.lang.Object, java.lang.Object)'> (0x00000000eb61b678) 
thrown [s\src\hotspot\share\interpreter\linkResolver.cpp, line 759]
Event: 13.588 Thread 0x0000021d07ec6f10 Exception <a 'java/lang/LinkageError'{0x00000000eb8397f8}: loader lombok.launch.ShadowClassLoader @175e5c81 attempted duplicate class definition for lombok.launch.PatchFixesHider$ValPortal. (lombok.launch.PatchFixesHider$ValPortal is in unnamed module of loader lombok.launch.ShadowClassLoader @175e5c81, parent loader org.eclipse.osgi.internal.loader.EquinoxClassLoader @7866bcbe)> (0x00000000eb8397f8) 
thrown [s\src\hotspot\share\classfile\systemDictionary.cpp, line 1724]
Event: 14.693 Thread 0x0000021d0678f510 Implicit null exception at 0x0000021d723b0c4b to 0x0000021d723b1894

VM Operations (20 events):
Event: 13.252 Executing VM operation: ParallelGCFailedAllocation
Event: 13.256 Executing VM operation: ParallelGCFailedAllocation done
Event: 13.512 Executing VM operation: HandshakeAllThreads
Event: 13.513 Executing VM operation: HandshakeAllThreads done
Event: 13.752 Executing VM operation: ParallelGCFailedAllocation
Event: 13.755 Executing VM operation: ParallelGCFailedAllocation done
Event: 13.935 Executing VM operation: ParallelGCFailedAllocation
Event: 13.937 Executing VM operation: ParallelGCFailedAllocation done
Event: 14.270 Executing VM operation: ParallelGCFailedAllocation
Event: 14.271 Executing VM operation: ParallelGCFailedAllocation done
Event: 14.932 Executing VM operation: ParallelGCFailedAllocation
Event: 14.935 Executing VM operation: ParallelGCFailedAllocation done
Event: 14.945 Executing VM operation: HandshakeAllThreads
Event: 14.946 Executing VM operation: HandshakeAllThreads done
Event: 15.390 Executing VM operation: ParallelGCFailedAllocation
Event: 15.401 Executing VM operation: ParallelGCFailedAllocation done
Event: 15.534 Executing VM operation: HandshakeAllThreads
Event: 15.534 Executing VM operation: HandshakeAllThreads done
Event: 15.555 Executing VM operation: HandshakeAllThreads
Event: 15.555 Executing VM operation: HandshakeAllThreads done

Events (20 events):
Event: 15.562 Thread 0x0000021d05088200 flushing nmethod 0x0000021d6ad47410
Event: 15.562 Thread 0x0000021d05088200 flushing nmethod 0x0000021d6ad47f90
Event: 15.562 Thread 0x0000021d05088200 flushing nmethod 0x0000021d6ad48690
Event: 15.562 Thread 0x0000021d05088200 flushing nmethod 0x0000021d6ad49510
Event: 15.562 Thread 0x0000021d05088200 flushing nmethod 0x0000021d6ad49e90
Event: 15.562 Thread 0x0000021d05088200 flushing nmethod 0x0000021d6ad4b810
Event: 15.562 Thread 0x0000021d05088200 flushing nmethod 0x0000021d6ad50910
Event: 15.562 Thread 0x0000021d05088200 flushing nmethod 0x0000021d6ad52c10
Event: 15.562 Thread 0x0000021d05088200 flushing nmethod 0x0000021d6ad54a10
Event: 15.562 Thread 0x0000021d05088200 flushing nmethod 0x0000021d6ad58e90
Event: 15.562 Thread 0x0000021d05088200 flushing nmethod 0x0000021d6ad59f10
Event: 15.563 Thread 0x0000021d05088200 flushing nmethod 0x0000021d6ad85410
Event: 15.563 Thread 0x0000021d05088200 flushing nmethod 0x0000021d6ad85890
Event: 15.563 Thread 0x0000021d05088200 flushing nmethod 0x0000021d6ad98910
Event: 15.563 Thread 0x0000021d05088200 flushing nmethod 0x0000021d6ad99390
Event: 15.563 Thread 0x0000021d05088200 flushing nmethod 0x0000021d6ad9e590
Event: 15.563 Thread 0x0000021d05088200 flushing nmethod 0x0000021d6adb0390
Event: 15.563 Thread 0x0000021d05088200 flushing nmethod 0x0000021d6adc8a90
Event: 15.563 Thread 0x0000021d05088200 flushing nmethod 0x0000021d6adcb710
Event: 15.563 Thread 0x0000021d05088200 flushing nmethod 0x0000021d6adcc690


Dynamic libraries:
0x00007ff6fb140000 - 0x00007ff6fb14e000 	c:\Users\Kiet\.vscode\extensions\redhat.java-1.28.1-win32-x64\jre\17.0.10-win32-x86_64\bin\java.exe
0x00007ff8f2fb0000 - 0x00007ff8f31c7000 	C:\WINDOWS\SYSTEM32\ntdll.dll
0x00007ff8f2820000 - 0x00007ff8f28e4000 	C:\WINDOWS\System32\KERNEL32.DLL
0x00007ff8f02f0000 - 0x00007ff8f0696000 	C:\WINDOWS\System32\KERNELBASE.dll
0x00007ff8f0bb0000 - 0x00007ff8f0cc1000 	C:\WINDOWS\System32\ucrtbase.dll
0x00007ff8eab80000 - 0x00007ff8eab97000 	c:\Users\Kiet\.vscode\extensions\redhat.java-1.28.1-win32-x64\jre\17.0.10-win32-x86_64\bin\jli.dll
0x00007ff8f1a50000 - 0x00007ff8f1bfe000 	C:\WINDOWS\System32\USER32.dll
0x00007ff8f0cd0000 - 0x00007ff8f0cf6000 	C:\WINDOWS\System32\win32u.dll
0x00007ff8f1dc0000 - 0x00007ff8f1de9000 	C:\WINDOWS\System32\GDI32.dll
0x00007ff8f0920000 - 0x00007ff8f0a38000 	C:\WINDOWS\System32\gdi32full.dll
0x00007ff8f07e0000 - 0x00007ff8f087a000 	C:\WINDOWS\System32\msvcp_win.dll
0x00007ff8dfad0000 - 0x00007ff8dfaeb000 	c:\Users\Kiet\.vscode\extensions\redhat.java-1.28.1-win32-x64\jre\17.0.10-win32-x86_64\bin\VCRUNTIME140.dll
0x00007ff8e0330000 - 0x00007ff8e05c3000 	C:\WINDOWS\WinSxS\amd64_microsoft.windows.common-controls_6595b64144ccf1df_6.0.22621.2506_none_270c5ae97388e100\COMCTL32.dll
0x00007ff8f0d00000 - 0x00007ff8f0da7000 	C:\WINDOWS\System32\msvcrt.dll
0x00007ff8f1c20000 - 0x00007ff8f1c51000 	C:\WINDOWS\System32\IMM32.DLL
0x00007ff8eaec0000 - 0x00007ff8eaecc000 	c:\Users\Kiet\.vscode\extensions\redhat.java-1.28.1-win32-x64\jre\17.0.10-win32-x86_64\bin\vcruntime140_1.dll
0x00007ff8cad70000 - 0x00007ff8cadfd000 	c:\Users\Kiet\.vscode\extensions\redhat.java-1.28.1-win32-x64\jre\17.0.10-win32-x86_64\bin\msvcp140.dll
0x00007ff8af000000 - 0x00007ff8afc62000 	c:\Users\Kiet\.vscode\extensions\redhat.java-1.28.1-win32-x64\jre\17.0.10-win32-x86_64\bin\server\jvm.dll
0x00007ff8f2ae0000 - 0x00007ff8f2b93000 	C:\WINDOWS\System32\ADVAPI32.dll
0x00007ff8f2ec0000 - 0x00007ff8f2f68000 	C:\WINDOWS\System32\sechost.dll
0x00007ff8f08f0000 - 0x00007ff8f0918000 	C:\WINDOWS\System32\bcrypt.dll
0x00007ff8f2280000 - 0x00007ff8f2397000 	C:\WINDOWS\System32\RPCRT4.dll
0x00007ff8f01c0000 - 0x00007ff8f020d000 	C:\WINDOWS\SYSTEM32\POWRPROF.dll
0x00007ff8eab20000 - 0x00007ff8eab29000 	C:\WINDOWS\SYSTEM32\WSOCK32.dll
0x00007ff8f19d0000 - 0x00007ff8f1a41000 	C:\WINDOWS\System32\WS2_32.dll
0x00007ff8e9cf0000 - 0x00007ff8e9d24000 	C:\WINDOWS\SYSTEM32\WINMM.dll
0x00007ff8e9c30000 - 0x00007ff8e9c3a000 	C:\WINDOWS\SYSTEM32\VERSION.dll
0x00007ff8f01a0000 - 0x00007ff8f01b3000 	C:\WINDOWS\SYSTEM32\UMPDC.dll
0x00007ff8ef2d0000 - 0x00007ff8ef2e8000 	C:\WINDOWS\SYSTEM32\kernel.appcore.dll
0x00007ff8eaab0000 - 0x00007ff8eaaba000 	c:\Users\Kiet\.vscode\extensions\redhat.java-1.28.1-win32-x64\jre\17.0.10-win32-x86_64\bin\jimage.dll
0x00007ff8edb80000 - 0x00007ff8eddb3000 	C:\WINDOWS\SYSTEM32\DBGHELP.DLL
0x00007ff8f23a0000 - 0x00007ff8f2729000 	C:\WINDOWS\System32\combase.dll
0x00007ff8f2a00000 - 0x00007ff8f2ad7000 	C:\WINDOWS\System32\OLEAUT32.dll
0x00007ff8e83a0000 - 0x00007ff8e83d2000 	C:\WINDOWS\SYSTEM32\dbgcore.DLL
0x00007ff8f0760000 - 0x00007ff8f07da000 	C:\WINDOWS\System32\bcryptPrimitives.dll
0x00007ff8ea8e0000 - 0x00007ff8ea8ee000 	c:\Users\Kiet\.vscode\extensions\redhat.java-1.28.1-win32-x64\jre\17.0.10-win32-x86_64\bin\instrument.dll
0x00007ff8df410000 - 0x00007ff8df435000 	c:\Users\Kiet\.vscode\extensions\redhat.java-1.28.1-win32-x64\jre\17.0.10-win32-x86_64\bin\java.dll
0x00007ff8df580000 - 0x00007ff8df598000 	c:\Users\Kiet\.vscode\extensions\redhat.java-1.28.1-win32-x64\jre\17.0.10-win32-x86_64\bin\zip.dll
0x00007ff8f0db0000 - 0x00007ff8f160b000 	C:\WINDOWS\System32\SHELL32.dll
0x00007ff8ee250000 - 0x00007ff8eeb46000 	C:\WINDOWS\SYSTEM32\windows.storage.dll
0x00007ff8ee110000 - 0x00007ff8ee24e000 	C:\WINDOWS\SYSTEM32\wintypes.dll
0x00007ff8f18d0000 - 0x00007ff8f19c3000 	C:\WINDOWS\System32\SHCORE.dll
0x00007ff8f28f0000 - 0x00007ff8f294e000 	C:\WINDOWS\System32\shlwapi.dll
0x00007ff8f0220000 - 0x00007ff8f0246000 	C:\WINDOWS\SYSTEM32\profapi.dll
0x00007ff8deff0000 - 0x00007ff8df009000 	C:\Users\Kiet\.vscode\extensions\redhat.java-1.28.1-win32-x64\jre\17.0.10-win32-x86_64\bin\net.dll
0x00007ff8ea7a0000 - 0x00007ff8ea8d7000 	C:\WINDOWS\SYSTEM32\WINHTTP.dll
0x00007ff8ef7b0000 - 0x00007ff8ef819000 	C:\WINDOWS\system32\mswsock.dll
0x00007ff8defd0000 - 0x00007ff8defe6000 	C:\Users\Kiet\.vscode\extensions\redhat.java-1.28.1-win32-x64\jre\17.0.10-win32-x86_64\bin\nio.dll
0x00007ff8e9d90000 - 0x00007ff8e9da0000 	c:\Users\Kiet\.vscode\extensions\redhat.java-1.28.1-win32-x64\jre\17.0.10-win32-x86_64\bin\verify.dll
0x00007ff8dd970000 - 0x00007ff8dd9ae000 	C:\Users\Kiet\AppData\Roaming\Code\User\globalStorage\redhat.java\1.28.1\config_ss_win\org.eclipse.equinox.launcher\org.eclipse.equinox.launcher.win32.win32.x86_64_1.2.900.v20240129-1338\eclipse_11900.dll
0x00007ff8f2d20000 - 0x00007ff8f2ec0000 	C:\WINDOWS\System32\ole32.dll
0x00007ff8efa00000 - 0x00007ff8efa1b000 	C:\WINDOWS\SYSTEM32\CRYPTSP.dll
0x00007ff8ef290000 - 0x00007ff8ef2c5000 	C:\WINDOWS\system32\rsaenh.dll
0x00007ff8ef8a0000 - 0x00007ff8ef8cc000 	C:\WINDOWS\SYSTEM32\USERENV.dll
0x00007ff8efa20000 - 0x00007ff8efa2c000 	C:\WINDOWS\SYSTEM32\CRYPTBASE.dll
0x00007ff8eedb0000 - 0x00007ff8eeddd000 	C:\WINDOWS\SYSTEM32\IPHLPAPI.DLL
0x00007ff8f27b0000 - 0x00007ff8f27b9000 	C:\WINDOWS\System32\NSI.dll
0x00007ff8eac90000 - 0x00007ff8eaca9000 	C:\WINDOWS\SYSTEM32\dhcpcsvc6.DLL
0x00007ff8ea730000 - 0x00007ff8ea74f000 	C:\WINDOWS\SYSTEM32\dhcpcsvc.DLL
0x00007ff8eee20000 - 0x00007ff8eef19000 	C:\WINDOWS\SYSTEM32\DNSAPI.dll
0x00007ff8cc160000 - 0x00007ff8cc1a5000 	C:\Users\Kiet\AppData\Local\Temp\jna-2338477\jna14828236106548851053.dll
0x00007ff8f2d10000 - 0x00007ff8f2d18000 	C:\WINDOWS\System32\PSAPI.DLL

dbghelp: loaded successfully - version: 4.0.5 - missing functions: none
symbol engine: initialized successfully - sym options: 0x614 - pdb path: .;c:\Users\Kiet\.vscode\extensions\redhat.java-1.28.1-win32-x64\jre\17.0.10-win32-x86_64\bin;C:\WINDOWS\SYSTEM32;C:\WINDOWS\WinSxS\amd64_microsoft.windows.common-controls_6595b64144ccf1df_6.0.22621.2506_none_270c5ae97388e100;c:\Users\Kiet\.vscode\extensions\redhat.java-1.28.1-win32-x64\jre\17.0.10-win32-x86_64\bin\server;C:\Users\Kiet\AppData\Roaming\Code\User\globalStorage\redhat.java\1.28.1\config_ss_win\org.eclipse.equinox.launcher\org.eclipse.equinox.launcher.win32.win32.x86_64_1.2.900.v20240129-1338;C:\Users\Kiet\AppData\Local\Temp\jna-2338477

VM Arguments:
jvm_args: --add-modules=ALL-SYSTEM --add-opens=java.base/java.util=ALL-UNNAMED --add-opens=java.base/java.lang=ALL-UNNAMED --add-opens=java.base/sun.nio.fs=ALL-UNNAMED -Declipse.application=org.eclipse.jdt.ls.core.id1 -Dosgi.bundles.defaultStartLevel=4 -Declipse.product=org.eclipse.jdt.ls.core.product -Djava.import.generatesMetadataFilesAtProjectRoot=false -DDetectVMInstallationsJob.disabled=true -Dfile.encoding=utf8 -XX:+UseParallelGC -XX:GCTimeRatio=4 -XX:AdaptiveSizePolicyWeight=90 -Dsun.zip.disableMemoryMapping=true -Xmx1G -Xms100m -Xlog:disable -javaagent:c:\Users\Kiet\.vscode\extensions\redhat.java-1.28.1-win32-x64\lombok\lombok-1.18.31.jar 
java_command: c:\Users\Kiet\.vscode\extensions\redhat.java-1.28.1-win32-x64\server\plugins\org.eclipse.equinox.launcher_1.6.700.v20231214-2017.jar -configuration c:\Users\Kiet\AppData\Roaming\Code\User\globalStorage\redhat.java\1.28.1\config_ss_win -data c:\Users\Kiet\AppData\Roaming\Code\User\workspaceStorage\794778fa6a47f198356234ad77415c6f\redhat.java\ss_ws --stdio
java_class_path (initial): c:\Users\Kiet\.vscode\extensions\redhat.java-1.28.1-win32-x64\server\plugins\org.eclipse.equinox.launcher_1.6.700.v20231214-2017.jar
Launcher Type: SUN_STANDARD

[Global flags]
    uintx AdaptiveSizePolicyWeight                 = 90                                        {product} {command line}
     intx CICompilerCount                          = 4                                         {product} {ergonomic}
    uintx GCTimeRatio                              = 4                                         {product} {command line}
   size_t InitialHeapSize                          = 104857600                                 {product} {command line}
   size_t MaxHeapSize                              = 1073741824                                {product} {command line}
   size_t MaxNewSize                               = 357564416                                 {product} {ergonomic}
   size_t MinHeapDeltaBytes                        = 524288                                    {product} {ergonomic}
   size_t MinHeapSize                              = 104857600                                 {product} {command line}
   size_t NewSize                                  = 34603008                                  {product} {ergonomic}
    uintx NonNMethodCodeHeapSize                   = 5839372                                {pd product} {ergonomic}
    uintx NonProfiledCodeHeapSize                  = 122909434                              {pd product} {ergonomic}
   size_t OldSize                                  = 70254592                                  {product} {ergonomic}
    uintx ProfiledCodeHeapSize                     = 122909434                              {pd product} {ergonomic}
    uintx ReservedCodeCacheSize                    = 251658240                              {pd product} {ergonomic}
     bool SegmentedCodeCache                       = true                                      {product} {ergonomic}
   size_t SoftMaxHeapSize                          = 1073741824                             {manageable} {ergonomic}
     bool UseCompressedClassPointers               = true                           {product lp64_product} {ergonomic}
     bool UseCompressedOops                        = true                           {product lp64_product} {ergonomic}
     bool UseLargePagesIndividualAllocation        = false                                  {pd product} {ergonomic}
     bool UseParallelGC                            = true                                      {product} {command line}

Logging:
Log output configuration:
 #0: stdout all=off uptime,level,tags
 #1: stderr all=off uptime,level,tags

Environment Variables:
PATH=C:\Program Files\Common Files\Oracle\Java\javapath;C:\Program Files (x86)\Common Files\Oracle\Java\javapath;C:\WINDOWS\system32;C:\WINDOWS;C:\WINDOWS\System32\Wbem;C:\WINDOWS\System32\WindowsPowerShell\v1.0\;C:\WINDOWS\System32\OpenSSH\;C:\Program Files\dotnet\;C:\Program Files\Common Files\Oracle\Java\javapath;C:\Program Files\Java\jdk-11\bin;C:\Program Files (x86)\Microsoft SQL Server\160\Tools\Binn\;C:\Program Files\Microsoft SQL Server\160\Tools\Binn\;C:\Program Files\Microsoft SQL Server\Client SDK\ODBC\170\Tools\Binn\;C:\Program Files\Microsoft SQL Server\160\DTS\Binn\;C:\Program Files (x86)\Microsoft SQL Server\160\DTS\Binn\;C:\Program Files\Azure Data Studio\bin;C:\Program Files\apache-maven-3.9.6\bin;C:\Program Files\Git\cmd;C:\Program Files\nodejs\;C:\Users\Kiet\AppData\Local\Microsoft\WindowsApps;C:\Users\Kiet\AppData\Local\Programs\Microsoft VS Code\bin;C:\Users\Kiet\AppData\Local\GitHubDesktop\bin;C:\Users\Kiet\.dotnet\tools;C:\Program Files\Azure Data Studio\bin;C:\Users\Kiet\AppData\Roaming\npm
USERNAME=Kiet
OS=Windows_NT
PROCESSOR_IDENTIFIER=Intel64 Family 6 Model 126 Stepping 5, GenuineIntel
TMP=C:\Users\Kiet\AppData\Local\Temp
TEMP=C:\Users\Kiet\AppData\Local\Temp



Periodic native trim disabled


---------------  S Y S T E M  ---------------

OS:
 Windows 11 , 64 bit Build 22621 (10.0.22621.3085)
OS uptime: 1 days 0:26 hours

CPU: total 8 (initial active 8) (4 cores per cpu, 2 threads per core) family 6 model 126 stepping 5 microcode 0xa6, cx8, cmov, fxsr, ht, mmx, 3dnowpref, sse, sse2, sse3, ssse3, sse4.1, sse4.2, popcnt, lzcnt, tsc, tscinvbit, avx, avx2, aes, erms, clmul, bmi1, bmi2, adx, avx512f, avx512dq, avx512cd, avx512bw, avx512vl, sha, fma, vzeroupper, avx512_vpopcntdq, avx512_vpclmulqdq, avx512_vaes, avx512_vnni, clflush, clflushopt, avx512_vbmi2, avx512_vbmi
Processor Information for all 8 processors :
  Max Mhz: 1190, Current Mhz: 991, Mhz Limit: 987

Memory: 4k page, system-wide physical 7987M (651M free)
TotalPageFile size 10035M (AvailPageFile size 23M)
current process WorkingSet (physical memory assigned to process): 212M, peak: 216M
current process commit charge ("private bytes"): 296M, peak: 298M

vm_info: OpenJDK 64-Bit Server VM (17.0.10+7) for windows-amd64 JRE (17.0.10+7), built on Jan 16 2024 23:25:11 by "admin" with MS VC++ 16.10 / 16.11 (VS2019)

END.
