#
# There is insufficient memory for the Java Runtime Environment to continue.
# Native memory allocation (mmap) failed to map 20971520 bytes for G1 virtual space
# Possible reasons:
#   The system is out of physical RAM or swap space
#   The process is running with CompressedOops enabled, and the Java Heap may be blocking the growth of the native heap
# Possible solutions:
#   Reduce memory load on the system
#   Increase physical memory or swap space
#   Check if swap backing store is full
#   Decrease Java heap size (-Xmx/-Xms)
#   Decrease number of Java threads
#   Decrease Java thread stack sizes (-Xss)
#   Set larger code cache with -XX:ReservedCodeCacheSize=
#   JVM is running with Unscaled Compressed Oops mode in which the Java heap is
#     placed in the first 4GB address space. The Java Heap base address is the
#     maximum limit for the native heap growth. Please use -XX:HeapBaseMinAddress
#     to set the Java Heap base and to place the Java Heap above 4GB virtual address.
# This output file may be truncated or incomplete.
#
#  Out of Memory Error (os_windows.cpp:3600), pid=1792, tid=13520
#
# JRE version: Java(TM) SE Runtime Environment (21.0.2+13) (build 21.0.2+13-LTS-58)
# Java VM: Java HotSpot(TM) 64-Bit Server VM (21.0.2+13-LTS-58, mixed mode, sharing, tiered, compressed oops, compressed class ptrs, g1 gc, windows-amd64)
# No core dump will be written. Minidumps are not enabled by default on client versions of Windows
#

---------------  S U M M A R Y ------------

Command Line: -Dapplication.home=C:\Program Files\Java\jdk-21 --add-modules=ALL-DEFAULT -Xms8m -Djdk.module.main=jdk.compiler jdk.compiler/com.sun.tools.javac.Main @C:\Users\Kiet\AppData\Local\Temp\files18222281960272146999

Host: Intel(R) Core(TM) i5-1035G1 CPU @ 1.00GHz, 8 cores, 7G,  Windows 11 , 64 bit Build 22621 (10.0.22621.3374)
Time: Sun May 12 22:33:31 2024 SE Asia Standard Time elapsed time: 0.641567 seconds (0d 0h 0m 0s)

---------------  T H R E A D  ---------------

Current thread (0x000001a883465390):  VMThread "VM Thread"          [id=13520, stack(0x0000009931d00000,0x0000009931e00000) (1024K)]

Stack: [0x0000009931d00000,0x0000009931e00000]
Native frames: (J=compiled Java code, j=interpreted, Vv=VM code, C=native code)
V  [jvm.dll+0x6cade9]
V  [jvm.dll+0x8569c1]
V  [jvm.dll+0x858d2e]
V  [jvm.dll+0x859413]
V  [jvm.dll+0x280e56]
V  [jvm.dll+0x6c74d5]
V  [jvm.dll+0x6bbeca]
V  [jvm.dll+0x355bca]
V  [jvm.dll+0x35d816]
V  [jvm.dll+0x3ae67e]
V  [jvm.dll+0x3ae928]
V  [jvm.dll+0x3295dc]
V  [jvm.dll+0x329667]
V  [jvm.dll+0x36df1c]
V  [jvm.dll+0x36c71d]
V  [jvm.dll+0x328d51]
V  [jvm.dll+0x36be2a]
V  [jvm.dll+0x85ef18]
V  [jvm.dll+0x860014]
V  [jvm.dll+0x860550]
V  [jvm.dll+0x8607f3]
V  [jvm.dll+0x7ff568]
V  [jvm.dll+0x6c953d]
C  [ucrtbase.dll+0x29333]
C  [KERNEL32.DLL+0x1257d]
C  [ntdll.dll+0x5aa48]

VM_Operation (0x00000099316feac0): G1CollectForAllocation, mode: safepoint, requested by thread 0x000001a8811e6200


---------------  P R O C E S S  ---------------

Threads class SMR info:
_java_thread_list=0x000001a8e5091ca0, length=13, elements={
0x000001a8811e6200, 0x000001a89fc0e050, 0x000001a89fc11530, 0x000001a89fc15720,
0x000001a89fc19a70, 0x000001a89fc168f0, 0x000001a89fc1d290, 0x000001a89fc1ed00,
0x000001a89fc214f0, 0x000001a883450b40, 0x000001a8e5104320, 0x000001a8e51fc590,
0x000001a8e5326430
}

Java Threads: ( => current thread )
  0x000001a8811e6200 JavaThread "main"                              [_thread_blocked, id=9528, stack(0x0000009931600000,0x0000009931700000) (1024K)]
  0x000001a89fc0e050 JavaThread "Reference Handler"          daemon [_thread_blocked, id=10908, stack(0x0000009931e00000,0x0000009931f00000) (1024K)]
  0x000001a89fc11530 JavaThread "Finalizer"                  daemon [_thread_blocked, id=2752, stack(0x0000009931f00000,0x0000009932000000) (1024K)]
  0x000001a89fc15720 JavaThread "Signal Dispatcher"          daemon [_thread_blocked, id=4188, stack(0x0000009932000000,0x0000009932100000) (1024K)]
  0x000001a89fc19a70 JavaThread "Attach Listener"            daemon [_thread_blocked, id=20224, stack(0x0000009932100000,0x0000009932200000) (1024K)]
  0x000001a89fc168f0 JavaThread "Service Thread"             daemon [_thread_blocked, id=12864, stack(0x0000009932200000,0x0000009932300000) (1024K)]
  0x000001a89fc1d290 JavaThread "Monitor Deflation Thread"   daemon [_thread_blocked, id=19100, stack(0x0000009932300000,0x0000009932400000) (1024K)]
  0x000001a89fc1ed00 JavaThread "C2 CompilerThread0"         daemon [_thread_blocked, id=18004, stack(0x0000009932400000,0x0000009932500000) (1024K)]
  0x000001a89fc214f0 JavaThread "C1 CompilerThread0"         daemon [_thread_blocked, id=17504, stack(0x0000009932500000,0x0000009932600000) (1024K)]
  0x000001a883450b40 JavaThread "Common-Cleaner"             daemon [_thread_blocked, id=11352, stack(0x0000009932600000,0x0000009932700000) (1024K)]
  0x000001a8e5104320 JavaThread "Notification Thread"        daemon [_thread_blocked, id=12876, stack(0x0000009932700000,0x0000009932800000) (1024K)]
  0x000001a8e51fc590 JavaThread "C2 CompilerThread1"         daemon [_thread_blocked, id=10128, stack(0x0000009932800000,0x0000009932900000) (1024K)]
  0x000001a8e5326430 JavaThread "C2 CompilerThread2"         daemon [_thread_blocked, id=13644, stack(0x0000009932900000,0x0000009932a00000) (1024K)]
Total: 13

Other Threads:
=>0x000001a883465390 VMThread "VM Thread"                           [id=13520, stack(0x0000009931d00000,0x0000009931e00000) (1024K)]
  0x000001a88344fc90 WatcherThread "VM Periodic Task Thread"        [id=13912, stack(0x0000009931c00000,0x0000009931d00000) (1024K)]
  0x000001a8833fd590 WorkerThread "GC Thread#0"                     [id=10308, stack(0x0000009931700000,0x0000009931800000) (1024K)]
  0x000001a8e52da430 WorkerThread "GC Thread#1"                     [id=2576, stack(0x0000009932a00000,0x0000009932b00000) (1024K)]
  0x000001a8e52dfc60 WorkerThread "GC Thread#2"                     [id=17464, stack(0x0000009932b00000,0x0000009932c00000) (1024K)]
  0x000001a8e52e2010 WorkerThread "GC Thread#3"                     [id=4288, stack(0x0000009932c00000,0x0000009932d00000) (1024K)]
  0x000001a8e55e55d0 WorkerThread "GC Thread#4"                     [id=3448, stack(0x0000009932d00000,0x0000009932e00000) (1024K)]
  0x000001a8e55e5970 WorkerThread "GC Thread#5"                     [id=17360, stack(0x0000009932e00000,0x0000009932f00000) (1024K)]
  0x000001a88340de40 ConcurrentGCThread "G1 Main Marker"            [id=15512, stack(0x0000009931800000,0x0000009931900000) (1024K)]
  0x000001a88340ea00 WorkerThread "G1 Conc#0"                       [id=16756, stack(0x0000009931900000,0x0000009931a00000) (1024K)]
  0x000001a8e5eafee0 WorkerThread "G1 Conc#1"                       [id=5568, stack(0x0000009932f00000,0x0000009933000000) (1024K)]
  0x000001a88343a5b0 ConcurrentGCThread "G1 Refine#0"               [id=11324, stack(0x0000009931a00000,0x0000009931b00000) (1024K)]
  0x000001a88343b840 ConcurrentGCThread "G1 Service"                [id=5680, stack(0x0000009931b00000,0x0000009931c00000) (1024K)]
Total: 13

Threads with active compile tasks:
C2 CompilerThread0      657 1070       4       com.sun.tools.javac.util.Name$Table::equals (44 bytes)
C1 CompilerThread0      657 1061       3       com.sun.tools.javac.parser.JavacParser::term3 (2772 bytes)
C2 CompilerThread1      657 1073       4       com.sun.tools.javac.util.Convert::chars2utf (159 bytes)
C2 CompilerThread2      657 1071       4       com.sun.tools.javac.util.IntHashTable::lookup (100 bytes)
Total: 4

VM state: at safepoint (normal execution)

VM Mutex/Monitor currently owned by a thread:  ([mutex/lock_event])
[0x00007ffdfc3dcd68] Threads_lock - owner thread: 0x000001a883465390
[0x00007ffdfc3dce68] Heap_lock - owner thread: 0x000001a8811e6200

Heap address: 0x0000000083200000, size: 1998 MB, Compressed Oops mode: 32-bit

CDS archive(s) mapped at: [0x000001a8a0000000-0x000001a8a0c90000-0x000001a8a0c90000), size 13172736, SharedBaseAddress: 0x000001a8a0000000, ArchiveRelocationMode: 1.
Compressed class space mapped at: 0x000001a8a1000000-0x000001a8e1000000, reserved size: 1073741824
Narrow klass base: 0x000001a8a0000000, Narrow klass shift: 0, Narrow klass range: 0x100000000

GC Precious Log:
 CardTable entry size: 512
 Card Set container configuration: InlinePtr #cards 5 size 8 Array Of Cards #cards 12 size 40 Howl #buckets 4 coarsen threshold 1843 Howl Bitmap #cards 512 size 80 coarsen threshold 460 Card regions per heap region 1 cards per card region 2048
 CPUs: 8 total, 8 available
 Memory: 7987M
 Large Page Support: Disabled
 NUMA Support: Disabled
 Compressed Oops: Enabled (32-bit)
 Heap Region Size: 1M
 Heap Min Capacity: 8M
 Heap Initial Capacity: 8M
 Heap Max Capacity: 1998M
 Pre-touch: Disabled
 Parallel Workers: 8
 Concurrent Workers: 2
 Concurrent Refinement Workers: 8
 Periodic GC: Disabled

Heap:
 garbage-first heap   total 20480K, used 11326K [0x0000000083200000, 0x0000000100000000)
  region size 1024K, 1 young (1024K), 1 survivors (1024K)
 Metaspace       used 8253K, committed 8448K, reserved 1114112K
  class space    used 901K, committed 1024K, reserved 1048576K

Heap Regions: E=young(eden), S=young(survivor), O=old, HS=humongous(starts), HC=humongous(continues), CS=collection set, F=free, TAMS=top-at-mark-start, PB=parsable bottom
|   0|0x0000000083200000, 0x0000000083300000, 0x0000000083300000|100%| O|  |TAMS 0x0000000083200000| PB 0x0000000083200000| Untracked 
|   1|0x0000000083300000, 0x0000000083400000, 0x0000000083400000|100%| O|  |TAMS 0x0000000083300000| PB 0x0000000083300000| Untracked 
|   2|0x0000000083400000, 0x0000000083500000, 0x0000000083500000|100%|HS|  |TAMS 0x0000000083400000| PB 0x0000000083400000| Complete 
|   3|0x0000000083500000, 0x0000000083600000, 0x0000000083600000|100%| O|  |TAMS 0x0000000083500000| PB 0x0000000083500000| Untracked 
|   4|0x0000000083600000, 0x0000000083700000, 0x0000000083700000|100%| O|  |TAMS 0x0000000083600000| PB 0x0000000083600000| Untracked 
|   5|0x0000000083700000, 0x0000000083800000, 0x0000000083800000|100%|HS|  |TAMS 0x0000000083700000| PB 0x0000000083700000| Complete 
|   6|0x0000000083800000, 0x0000000083900000, 0x0000000083900000|100%|HC|  |TAMS 0x0000000083800000| PB 0x0000000083800000| Complete 
|   7|0x0000000083900000, 0x00000000839d40c8, 0x0000000083a00000| 82%| O|  |TAMS 0x0000000083900000| PB 0x0000000083900000| Untracked 
|   8|0x0000000083a00000, 0x0000000083b00000, 0x0000000083b00000|100%| O|Cm|TAMS 0x0000000083a00000| PB 0x0000000083a00000| Complete 
|   9|0x0000000083b00000, 0x0000000083c00000, 0x0000000083c00000|100%| O|  |TAMS 0x0000000083b00000| PB 0x0000000083b00000| Untracked 
|  10|0x0000000083c00000, 0x0000000083d00000, 0x0000000083d00000|100%| O|  |TAMS 0x0000000083c00000| PB 0x0000000083c00000| Untracked 
|  11|0x0000000083d00000, 0x0000000083d00000, 0x0000000083e00000|  0%| F|  |TAMS 0x0000000083d00000| PB 0x0000000083d00000| Untracked 
|  12|0x0000000083e00000, 0x0000000083e00000, 0x0000000083f00000|  0%| F|  |TAMS 0x0000000083e00000| PB 0x0000000083e00000| Untracked 
|  13|0x0000000083f00000, 0x0000000083f00000, 0x0000000084000000|  0%| F|  |TAMS 0x0000000083f00000| PB 0x0000000083f00000| Untracked 
|  14|0x0000000084000000, 0x0000000084000000, 0x0000000084100000|  0%| F|  |TAMS 0x0000000084000000| PB 0x0000000084000000| Untracked 
|  15|0x0000000084100000, 0x0000000084100000, 0x0000000084200000|  0%| F|  |TAMS 0x0000000084100000| PB 0x0000000084100000| Untracked 
|  16|0x0000000084200000, 0x0000000084200000, 0x0000000084300000|  0%| F|  |TAMS 0x0000000084200000| PB 0x0000000084200000| Untracked 
|  17|0x0000000084300000, 0x0000000084300000, 0x0000000084400000|  0%| F|  |TAMS 0x0000000084300000| PB 0x0000000084300000| Untracked 
|  18|0x0000000084400000, 0x0000000084400000, 0x0000000084500000|  0%| F|  |TAMS 0x0000000084400000| PB 0x0000000084400000| Untracked 
|  19|0x0000000084500000, 0x000000008453b920, 0x0000000084600000| 23%| S|CS|TAMS 0x0000000084500000| PB 0x0000000084500000| Complete 

Card table byte_map: [0x000001a89af30000,0x000001a89b320000] _byte_map_base: 0x000001a89ab17000

Marking Bits: (CMBitMap*) 0x000001a8833fdba0
 Bits: [0x000001a89b320000, 0x000001a89d258000)

Polling page: 0x000001a882b70000

Metaspace:

Usage:
  Non-class:      7.18 MB used.
      Class:    901.80 KB used.
       Both:      8.06 MB used.

Virtual space:
  Non-class space:       64.00 MB reserved,       7.25 MB ( 11%) committed,  1 nodes.
      Class space:        1.00 GB reserved,       1.00 MB ( <1%) committed,  1 nodes.
             Both:        1.06 GB reserved,       8.25 MB ( <1%) committed. 

Chunk freelists:
   Non-Class:  6.38 MB
       Class:  14.97 MB
        Both:  21.35 MB

MaxMetaspaceSize: unlimited
CompressedClassSpaceSize: 1.00 GB
Initial GC threshold: 21.00 MB
Current GC threshold: 21.00 MB
CDS: on
 - commit_granule_bytes: 65536.
 - commit_granule_words: 8192.
 - virtual_space_node_default_size: 8388608.
 - enlarge_chunks_in_place: 1.
 - use_allocation_guard: 0.


Internal statistics:

num_allocs_failed_limit: 0.
num_arena_births: 50.
num_arena_deaths: 0.
num_vsnodes_births: 2.
num_vsnodes_deaths: 0.
num_space_committed: 132.
num_space_uncommitted: 0.
num_chunks_returned_to_freelist: 0.
num_chunks_taken_from_freelist: 306.
num_chunk_merges: 0.
num_chunk_splits: 229.
num_chunks_enlarged: 187.
num_inconsistent_stats: 0.

CodeHeap 'non-profiled nmethods': size=120000Kb used=382Kb max_used=382Kb free=119617Kb
 bounds [0x000001a8932e0000, 0x000001a893550000, 0x000001a89a810000]
CodeHeap 'profiled nmethods': size=120000Kb used=1906Kb max_used=1906Kb free=118093Kb
 bounds [0x000001a88b810000, 0x000001a88ba80000, 0x000001a892d40000]
CodeHeap 'non-nmethods': size=5760Kb used=1460Kb max_used=1496Kb free=4299Kb
 bounds [0x000001a892d40000, 0x000001a892fb0000, 0x000001a8932e0000]
 total_blobs=1491 nmethods=1050 adapters=346
 compilation: enabled
              stopped_count=0, restarted_count=0
 full_count=0

Compilation events (20 events):
Event: 0.618 Thread 0x000001a89fc214f0 1054       3       com.sun.tools.javac.parser.JavacParser::term3Rest (769 bytes)
Event: 0.619 Thread 0x000001a8e51fc590 1057       4       java.lang.AbstractStringBuilder::append (77 bytes)
Event: 0.621 Thread 0x000001a89fc1ed00 nmethod 1053 0x000001a89333c710 code [0x000001a89333c8c0, 0x000001a89333ca48]
Event: 0.621 Thread 0x000001a89fc1ed00 1059       4       com.sun.tools.javac.parser.UnicodeReader::isOneOf (30 bytes)
Event: 0.622 Thread 0x000001a8e5326430 nmethod 1050 0x000001a89333cc10 code [0x000001a89333cda0, 0x000001a89333cf78]
Event: 0.623 Thread 0x000001a8e5326430 1060       4       com.sun.tools.javac.util.IntHashTable::put (99 bytes)
Event: 0.624 Thread 0x000001a89fc1ed00 nmethod 1059 0x000001a89333d090 code [0x000001a89333d220, 0x000001a89333d300]
Event: 0.624 Thread 0x000001a89fc1ed00 1063       4       java.util.AbstractCollection::<init> (5 bytes)
Event: 0.624 Thread 0x000001a89fc1ed00 nmethod 1063 0x000001a89333d410 code [0x000001a89333d5a0, 0x000001a89333d628]
Event: 0.625 Thread 0x000001a89fc1ed00 1064       4       com.sun.tools.javac.parser.JavacParser::isMode (15 bytes)
Event: 0.626 Thread 0x000001a89fc1ed00 nmethod 1064 0x000001a89333d710 code [0x000001a89333d8a0, 0x000001a89333d930]
Event: 0.626 Thread 0x000001a89fc1ed00 1065       4       java.util.HashMap::get (19 bytes)
Event: 0.631 Thread 0x000001a89fc214f0 nmethod 1054 0x000001a88b9dfa90 code [0x000001a88b9e06a0, 0x000001a88b9ea2a0]
Event: 0.633 Thread 0x000001a89fc214f0 1061       3       com.sun.tools.javac.parser.JavacParser::term3 (2772 bytes)
Event: 0.636 Thread 0x000001a8e51fc590 nmethod 1057 0x000001a89333da10 code [0x000001a89333dbe0, 0x000001a89333e308]
Event: 0.636 Thread 0x000001a8e5326430 nmethod 1060 0x000001a89333e610 code [0x000001a89333e800, 0x000001a89333ecd0]
Event: 0.636 Thread 0x000001a89fc1ed00 nmethod 1065 0x000001a89333f090 code [0x000001a89333f260, 0x000001a89333f5b8]
Event: 0.637 Thread 0x000001a8e51fc590 1073       4       com.sun.tools.javac.util.Convert::chars2utf (159 bytes)
Event: 0.637 Thread 0x000001a8e5326430 1071       4       com.sun.tools.javac.util.IntHashTable::lookup (100 bytes)
Event: 0.637 Thread 0x000001a89fc1ed00 1070       4       com.sun.tools.javac.util.Name$Table::equals (44 bytes)

GC Heap History (17 events):
Event: 0.180 GC heap before
{Heap before GC invocations=0 (full 0):
 garbage-first heap   total 8192K, used 3072K [0x0000000083200000, 0x0000000100000000)
  region size 1024K, 3 young (3072K), 0 survivors (0K)
 Metaspace       used 2453K, committed 2560K, reserved 1114112K
  class space    used 270K, committed 320K, reserved 1048576K
}
Event: 0.182 GC heap after
{Heap after GC invocations=1 (full 0):
 garbage-first heap   total 8192K, used 1152K [0x0000000083200000, 0x0000000100000000)
  region size 1024K, 1 young (1024K), 1 survivors (1024K)
 Metaspace       used 2453K, committed 2560K, reserved 1114112K
  class space    used 270K, committed 320K, reserved 1048576K
}
Event: 0.197 GC heap before
{Heap before GC invocations=1 (full 0):
 garbage-first heap   total 8192K, used 2176K [0x0000000083200000, 0x0000000100000000)
  region size 1024K, 2 young (2048K), 1 survivors (1024K)
 Metaspace       used 2487K, committed 2624K, reserved 1114112K
  class space    used 270K, committed 320K, reserved 1048576K
}
Event: 0.199 GC heap after
{Heap after GC invocations=2 (full 0):
 garbage-first heap   total 8192K, used 1316K [0x0000000083200000, 0x0000000100000000)
  region size 1024K, 1 young (1024K), 1 survivors (1024K)
 Metaspace       used 2487K, committed 2624K, reserved 1114112K
  class space    used 270K, committed 320K, reserved 1048576K
}
Event: 0.209 GC heap before
{Heap before GC invocations=2 (full 0):
 garbage-first heap   total 8192K, used 1316K [0x0000000083200000, 0x0000000100000000)
  region size 1024K, 2 young (2048K), 1 survivors (1024K)
 Metaspace       used 2495K, committed 2624K, reserved 1114112K
  class space    used 270K, committed 320K, reserved 1048576K
}
Event: 0.209 GC heap after
{Heap after GC invocations=3 (full 0):
 garbage-first heap   total 8192K, used 1174K [0x0000000083200000, 0x0000000100000000)
  region size 1024K, 1 young (1024K), 1 survivors (1024K)
 Metaspace       used 2495K, committed 2624K, reserved 1114112K
  class space    used 270K, committed 320K, reserved 1048576K
}
Event: 0.214 GC heap before
{Heap before GC invocations=3 (full 0):
 garbage-first heap   total 8192K, used 2198K [0x0000000083200000, 0x0000000100000000)
  region size 1024K, 2 young (2048K), 1 survivors (1024K)
 Metaspace       used 2508K, committed 2624K, reserved 1114112K
  class space    used 270K, committed 320K, reserved 1048576K
}
Event: 0.215 GC heap after
{Heap after GC invocations=4 (full 0):
 garbage-first heap   total 8192K, used 1154K [0x0000000083200000, 0x0000000100000000)
  region size 1024K, 1 young (1024K), 1 survivors (1024K)
 Metaspace       used 2508K, committed 2624K, reserved 1114112K
  class space    used 270K, committed 320K, reserved 1048576K
}
Event: 0.238 GC heap before
{Heap before GC invocations=4 (full 0):
 garbage-first heap   total 8192K, used 4226K [0x0000000083200000, 0x0000000100000000)
  region size 1024K, 3 young (3072K), 1 survivors (1024K)
 Metaspace       used 2537K, committed 2624K, reserved 1114112K
  class space    used 270K, committed 320K, reserved 1048576K
}
Event: 0.240 GC heap after
{Heap after GC invocations=5 (full 0):
 garbage-first heap   total 16384K, used 1202K [0x0000000083200000, 0x0000000100000000)
  region size 1024K, 1 young (1024K), 1 survivors (1024K)
 Metaspace       used 2537K, committed 2624K, reserved 1114112K
  class space    used 270K, committed 320K, reserved 1048576K
}
Event: 0.468 GC heap before
{Heap before GC invocations=5 (full 0):
 garbage-first heap   total 16384K, used 11442K [0x0000000083200000, 0x0000000100000000)
  region size 1024K, 9 young (9216K), 1 survivors (1024K)
 Metaspace       used 7386K, committed 7552K, reserved 1114112K
  class space    used 844K, committed 896K, reserved 1048576K
}
Event: 0.471 GC heap after
{Heap after GC invocations=6 (full 0):
 garbage-first heap   total 16384K, used 7112K [0x0000000083200000, 0x0000000100000000)
  region size 1024K, 2 young (2048K), 2 survivors (2048K)
 Metaspace       used 7386K, committed 7552K, reserved 1114112K
  class space    used 844K, committed 896K, reserved 1048576K
}
Event: 0.489 GC heap before
{Heap before GC invocations=6 (full 0):
 garbage-first heap   total 16384K, used 9160K [0x0000000083200000, 0x0000000100000000)
  region size 1024K, 5 young (5120K), 2 survivors (2048K)
 Metaspace       used 7414K, committed 7552K, reserved 1114112K
  class space    used 844K, committed 896K, reserved 1048576K
}
Event: 0.492 GC heap after
{Heap after GC invocations=7 (full 0):
 garbage-first heap   total 16384K, used 9520K [0x0000000083200000, 0x0000000100000000)
  region size 1024K, 1 young (1024K), 1 survivors (1024K)
 Metaspace       used 7414K, committed 7552K, reserved 1114112K
  class space    used 844K, committed 896K, reserved 1048576K
}
Event: 0.541 GC heap before
{Heap before GC invocations=7 (full 0):
 garbage-first heap   total 16384K, used 10544K [0x0000000083200000, 0x0000000100000000)
  region size 1024K, 3 young (3072K), 1 survivors (1024K)
 Metaspace       used 8098K, committed 8256K, reserved 1114112K
  class space    used 896K, committed 960K, reserved 1048576K
}
Event: 0.543 GC heap after
{Heap after GC invocations=8 (full 0):
 garbage-first heap   total 16384K, used 10987K [0x0000000083200000, 0x0000000100000000)
  region size 1024K, 1 young (1024K), 1 survivors (1024K)
 Metaspace       used 8098K, committed 8256K, reserved 1114112K
  class space    used 896K, committed 960K, reserved 1048576K
}
Event: 0.638 GC heap before
{Heap before GC invocations=9 (full 0):
 garbage-first heap   total 20480K, used 10987K [0x0000000083200000, 0x0000000100000000)
  region size 1024K, 2 young (2048K), 1 survivors (1024K)
 Metaspace       used 8253K, committed 8448K, reserved 1114112K
  class space    used 901K, committed 1024K, reserved 1048576K
}

Dll operation events (6 events):
Event: 0.005 Loaded shared library C:\Program Files\Java\jdk-21\bin\java.dll
Event: 0.033 Loaded shared library C:\Program Files\Java\jdk-21\bin\jsvml.dll
Event: 0.065 Loaded shared library C:\Program Files\Java\jdk-21\bin\jimage.dll
Event: 0.120 Loaded shared library C:\Program Files\Java\jdk-21\bin\net.dll
Event: 0.121 Loaded shared library C:\Program Files\Java\jdk-21\bin\nio.dll
Event: 0.173 Loaded shared library C:\Program Files\Java\jdk-21\bin\zip.dll

Deoptimization events (20 events):
Event: 0.547 Thread 0x000001a8811e6200 Uncommon trap: trap_request=0xffffff45 fr.pc=0x000001a8932fe1b0 relative=0x00000000000004d0
Event: 0.547 Thread 0x000001a8811e6200 Uncommon trap: reason=unstable_if action=reinterpret pc=0x000001a8932fe1b0 method=java.lang.StringLatin1.canEncode(I)Z @ 4 c2
Event: 0.547 Thread 0x000001a8811e6200 DEOPT PACKING pc=0x000001a8932fe1b0 sp=0x00000099316fdb60
Event: 0.547 Thread 0x000001a8811e6200 DEOPT UNPACKING pc=0x000001a892d97da2 sp=0x00000099316fdae0 mode 2
Event: 0.547 Thread 0x000001a8811e6200 Uncommon trap: trap_request=0xffffff45 fr.pc=0x000001a89330210c relative=0x000000000000006c
Event: 0.547 Thread 0x000001a8811e6200 Uncommon trap: reason=unstable_if action=reinterpret pc=0x000001a89330210c method=java.lang.AbstractStringBuilder.isLatin1()Z @ 10 c2
Event: 0.547 Thread 0x000001a8811e6200 DEOPT PACKING pc=0x000001a89330210c sp=0x00000099316fdb50
Event: 0.547 Thread 0x000001a8811e6200 DEOPT UNPACKING pc=0x000001a892d97da2 sp=0x00000099316fdae0 mode 2
Event: 0.547 Thread 0x000001a8811e6200 Uncommon trap: trap_request=0xffffff45 fr.pc=0x000001a893338b0c relative=0x000000000000006c
Event: 0.547 Thread 0x000001a8811e6200 Uncommon trap: reason=unstable_if action=reinterpret pc=0x000001a893338b0c method=com.sun.tools.javac.parser.UnicodeReader.isASCII()Z @ 6 c2
Event: 0.547 Thread 0x000001a8811e6200 DEOPT PACKING pc=0x000001a893338b0c sp=0x00000099316fdb30
Event: 0.547 Thread 0x000001a8811e6200 DEOPT UNPACKING pc=0x000001a892d97da2 sp=0x00000099316fdab8 mode 2
Event: 0.547 Thread 0x000001a8811e6200 Uncommon trap: trap_request=0xffffff45 fr.pc=0x000001a893330048 relative=0x0000000000000568
Event: 0.547 Thread 0x000001a8811e6200 Uncommon trap: reason=unstable_if action=reinterpret pc=0x000001a893330048 method=java.lang.AbstractStringBuilder.isLatin1()Z @ 10 c2
Event: 0.547 Thread 0x000001a8811e6200 DEOPT PACKING pc=0x000001a893330048 sp=0x00000099316fdd10
Event: 0.547 Thread 0x000001a8811e6200 DEOPT UNPACKING pc=0x000001a892d97da2 sp=0x00000099316fdba8 mode 2
Event: 0.549 Thread 0x000001a8811e6200 Uncommon trap: trap_request=0xffffff45 fr.pc=0x000001a8933392d8 relative=0x00000000000000b8
Event: 0.549 Thread 0x000001a8811e6200 Uncommon trap: reason=unstable_if action=reinterpret pc=0x000001a8933392d8 method=com.sun.tools.javac.parser.UnicodeReader.nextCodePoint()V @ 8 c2
Event: 0.549 Thread 0x000001a8811e6200 DEOPT PACKING pc=0x000001a8933392d8 sp=0x00000099316fe280
Event: 0.549 Thread 0x000001a8811e6200 DEOPT UNPACKING pc=0x000001a892d97da2 sp=0x00000099316fe1c0 mode 2

Classes loaded (20 events):
Event: 0.513 Loading class java/util/Vector
Event: 0.513 Loading class java/util/Vector done
Event: 0.527 Loading class java/lang/StringIndexOutOfBoundsException
Event: 0.527 Loading class java/lang/StringIndexOutOfBoundsException done
Event: 0.552 Loading class jdk/internal/math/FloatingDecimal
Event: 0.595 Loading class jdk/internal/math/FloatingDecimal done
Event: 0.596 Loading class jdk/internal/math/FloatingDecimal$ExceptionalBinaryToASCIIBuffer
Event: 0.596 Loading class jdk/internal/math/FloatingDecimal$BinaryToASCIIConverter
Event: 0.596 Loading class jdk/internal/math/FloatingDecimal$BinaryToASCIIConverter done
Event: 0.596 Loading class jdk/internal/math/FloatingDecimal$ExceptionalBinaryToASCIIBuffer done
Event: 0.596 Loading class jdk/internal/math/FloatingDecimal$BinaryToASCIIBuffer
Event: 0.597 Loading class jdk/internal/math/FloatingDecimal$BinaryToASCIIBuffer done
Event: 0.597 Loading class jdk/internal/math/FloatingDecimal$1
Event: 0.598 Loading class jdk/internal/math/FloatingDecimal$1 done
Event: 0.598 Loading class jdk/internal/math/FloatingDecimal$PreparedASCIIToBinaryBuffer
Event: 0.598 Loading class jdk/internal/math/FloatingDecimal$ASCIIToBinaryConverter
Event: 0.598 Loading class jdk/internal/math/FloatingDecimal$ASCIIToBinaryConverter done
Event: 0.598 Loading class jdk/internal/math/FloatingDecimal$PreparedASCIIToBinaryBuffer done
Event: 0.598 Loading class jdk/internal/math/FloatingDecimal$ASCIIToBinaryBuffer
Event: 0.599 Loading class jdk/internal/math/FloatingDecimal$ASCIIToBinaryBuffer done

Classes unloaded (0 events):
No events

Classes redefined (0 events):
No events

Internal exceptions (20 events):
Event: 0.277 Thread 0x000001a8811e6200 Exception <a 'sun/nio/fs/WindowsException'{0x0000000083e542b8}> (0x0000000083e542b8) 
thrown [s\open\src\hotspot\share\prims\jni.cpp, line 520]
Event: 0.277 Thread 0x000001a8811e6200 Exception <a 'sun/nio/fs/WindowsException'{0x0000000083e546e0}> (0x0000000083e546e0) 
thrown [s\open\src\hotspot\share\prims\jni.cpp, line 520]
Event: 0.277 Thread 0x000001a8811e6200 Exception <a 'sun/nio/fs/WindowsException'{0x0000000083e54af8}> (0x0000000083e54af8) 
thrown [s\open\src\hotspot\share\prims\jni.cpp, line 520]
Event: 0.277 Thread 0x000001a8811e6200 Exception <a 'sun/nio/fs/WindowsException'{0x0000000083e54f20}> (0x0000000083e54f20) 
thrown [s\open\src\hotspot\share\prims\jni.cpp, line 520]
Event: 0.277 Thread 0x000001a8811e6200 Exception <a 'sun/nio/fs/WindowsException'{0x0000000083e55348}> (0x0000000083e55348) 
thrown [s\open\src\hotspot\share\prims\jni.cpp, line 520]
Event: 0.277 Thread 0x000001a8811e6200 Exception <a 'sun/nio/fs/WindowsException'{0x0000000083e55770}> (0x0000000083e55770) 
thrown [s\open\src\hotspot\share\prims\jni.cpp, line 520]
Event: 0.277 Thread 0x000001a8811e6200 Exception <a 'sun/nio/fs/WindowsException'{0x0000000083e55b78}> (0x0000000083e55b78) 
thrown [s\open\src\hotspot\share\prims\jni.cpp, line 520]
Event: 0.277 Thread 0x000001a8811e6200 Exception <a 'sun/nio/fs/WindowsException'{0x0000000083e55fa8}> (0x0000000083e55fa8) 
thrown [s\open\src\hotspot\share\prims\jni.cpp, line 520]
Event: 0.278 Thread 0x000001a8811e6200 Exception <a 'sun/nio/fs/WindowsException'{0x0000000083e563d8}> (0x0000000083e563d8) 
thrown [s\open\src\hotspot\share\prims\jni.cpp, line 520]
Event: 0.278 Thread 0x000001a8811e6200 Exception <a 'sun/nio/fs/WindowsException'{0x0000000083e56808}> (0x0000000083e56808) 
thrown [s\open\src\hotspot\share\prims\jni.cpp, line 520]
Event: 0.278 Thread 0x000001a8811e6200 Exception <a 'sun/nio/fs/WindowsException'{0x0000000083e56c10}> (0x0000000083e56c10) 
thrown [s\open\src\hotspot\share\prims\jni.cpp, line 520]
Event: 0.278 Thread 0x000001a8811e6200 Exception <a 'sun/nio/fs/WindowsException'{0x0000000083e57030}> (0x0000000083e57030) 
thrown [s\open\src\hotspot\share\prims\jni.cpp, line 520]
Event: 0.278 Thread 0x000001a8811e6200 Exception <a 'sun/nio/fs/WindowsException'{0x0000000083e58218}> (0x0000000083e58218) 
thrown [s\open\src\hotspot\share\prims\jni.cpp, line 520]
Event: 0.280 Thread 0x000001a8811e6200 Exception <a 'java/lang/NoSuchMethodError'{0x0000000083e5c168}: 'int java.lang.invoke.DirectMethodHandle$Holder.invokeVirtual(java.lang.Object, java.lang.Object, java.lang.Object)'> (0x0000000083e5c168) 
thrown [s\open\src\hotspot\share\interpreter\linkResolver.cpp, line 773]
Event: 0.281 Thread 0x000001a8811e6200 Exception <a 'java/lang/NoSuchMethodError'{0x0000000083e620b8}: 'void java.lang.invoke.DirectMethodHandle$Holder.invokeInterface(java.lang.Object, java.lang.Object, java.lang.Object)'> (0x0000000083e620b8) 
thrown [s\open\src\hotspot\share\interpreter\linkResolver.cpp, line 773]
Event: 0.349 Thread 0x000001a8811e6200 Exception <a 'java/lang/NoSuchMethodError'{0x0000000083d6ce68}: 'int java.lang.invoke.DirectMethodHandle$Holder.invokeStaticInit(java.lang.Object, java.lang.Object)'> (0x0000000083d6ce68) 
thrown [s\open\src\hotspot\share\interpreter\linkResolver.cpp, line 773]
Event: 0.411 Thread 0x000001a8811e6200 Exception <a 'java/lang/NoSuchMethodError'{0x0000000083c20668}: 'int java.lang.invoke.DirectMethodHandle$Holder.invokeVirtual(java.lang.Object, java.lang.Object)'> (0x0000000083c20668) 
thrown [s\open\src\hotspot\share\interpreter\linkResolver.cpp, line 773]
Event: 0.415 Thread 0x000001a8811e6200 Exception <a 'java/lang/NoSuchMethodError'{0x0000000083c42608}: 'java.lang.Object java.lang.invoke.DirectMethodHandle$Holder.newInvokeSpecial(java.lang.Object, java.lang.Object, java.lang.Object, java.lang.Object, java.lang.Object)'> (0x0000000083c42608) 
thrown [s\open\src\hotspot\share\interpreter\linkResolver.cpp, line 773]
Event: 0.417 Thread 0x000001a8811e6200 Exception <a 'java/lang/NoSuchMethodError'{0x0000000083c4f7f0}: 'java.lang.Object java.lang.invoke.DirectMethodHandle$Holder.newInvokeSpecial(java.lang.Object, java.lang.Object, java.lang.Object, java.lang.Object, java.lang.Object, java.lang.Object)'> (0x0000000083c4f7f0) 
thrown [s\open\src\hotspot\share\interpreter\linkResolver.cpp, line 773]
Event: 0.434 Thread 0x000001a8811e6200 Exception <a 'sun/nio/fs/WindowsException'{0x0000000083c96580}> (0x0000000083c96580) 
thrown [s\open\src\hotspot\share\prims\jni.cpp, line 520]

ZGC Phase Switch (0 events):
No events

VM Operations (20 events):
Event: 0.209 Executing VM operation: G1CollectForAllocation (G1 Evacuation Pause) done
Event: 0.214 Executing VM operation: G1TryInitiateConcMark (G1 Humongous Allocation)
Event: 0.215 Executing VM operation: G1TryInitiateConcMark (G1 Humongous Allocation) done
Event: 0.238 Executing VM operation: G1CollectForAllocation (G1 Evacuation Pause)
Event: 0.240 Executing VM operation: G1CollectForAllocation (G1 Evacuation Pause) done
Event: 0.468 Executing VM operation: G1CollectForAllocation (G1 Evacuation Pause)
Event: 0.471 Executing VM operation: G1CollectForAllocation (G1 Evacuation Pause) done
Event: 0.489 Executing VM operation: G1CollectForAllocation (G1 Evacuation Pause)
Event: 0.492 Executing VM operation: G1CollectForAllocation (G1 Evacuation Pause) done
Event: 0.508 Executing VM operation: HandshakeAllThreads (Deoptimize)
Event: 0.508 Executing VM operation: HandshakeAllThreads (Deoptimize) done
Event: 0.512 Executing VM operation: HandshakeAllThreads (Deoptimize)
Event: 0.512 Executing VM operation: HandshakeAllThreads (Deoptimize) done
Event: 0.541 Executing VM operation: G1CollectForAllocation (G1 Evacuation Pause)
Event: 0.543 Executing VM operation: G1CollectForAllocation (G1 Evacuation Pause) done
Event: 0.545 Executing VM operation: G1PauseRemark
Event: 0.547 Executing VM operation: G1PauseRemark done
Event: 0.547 Executing VM operation: G1PauseCleanup
Event: 0.548 Executing VM operation: G1PauseCleanup done
Event: 0.638 Executing VM operation: G1CollectForAllocation (G1 Evacuation Pause)

Events (13 events):
Event: 0.017 Thread 0x000001a8811e6200 Thread added: 0x000001a8811e6200
Event: 0.031 Thread 0x000001a89fc0e050 Thread added: 0x000001a89fc0e050
Event: 0.031 Thread 0x000001a89fc11530 Thread added: 0x000001a89fc11530
Event: 0.031 Thread 0x000001a89fc15720 Thread added: 0x000001a89fc15720
Event: 0.031 Thread 0x000001a89fc19a70 Thread added: 0x000001a89fc19a70
Event: 0.031 Thread 0x000001a89fc168f0 Thread added: 0x000001a89fc168f0
Event: 0.031 Thread 0x000001a89fc1d290 Thread added: 0x000001a89fc1d290
Event: 0.031 Thread 0x000001a89fc1ed00 Thread added: 0x000001a89fc1ed00
Event: 0.031 Thread 0x000001a89fc214f0 Thread added: 0x000001a89fc214f0
Event: 0.048 Thread 0x000001a883450b40 Thread added: 0x000001a883450b40
Event: 0.062 Thread 0x000001a8e5104320 Thread added: 0x000001a8e5104320
Event: 0.073 Thread 0x000001a8e51fc590 Thread added: 0x000001a8e51fc590
Event: 0.134 Thread 0x000001a8e5326430 Thread added: 0x000001a8e5326430


Dynamic libraries:
0x00007ff626f00000 - 0x00007ff626f08000 	C:\Program Files\Java\jdk-21\bin\javac.exe
0x00007ffe48d30000 - 0x00007ffe48f46000 	C:\WINDOWS\SYSTEM32\ntdll.dll
0x00007ffe47020000 - 0x00007ffe470e4000 	C:\WINDOWS\System32\KERNEL32.DLL
0x00007ffe46050000 - 0x00007ffe463f7000 	C:\WINDOWS\System32\KERNELBASE.dll
0x00007ffe46660000 - 0x00007ffe46771000 	C:\WINDOWS\System32\ucrtbase.dll
0x00007ffe36750000 - 0x00007ffe3676b000 	C:\Program Files\Java\jdk-21\bin\VCRUNTIME140.dll
0x00007ffe20c00000 - 0x00007ffe20c19000 	C:\Program Files\Java\jdk-21\bin\jli.dll
0x00007ffe47810000 - 0x00007ffe478c2000 	C:\WINDOWS\System32\ADVAPI32.dll
0x00007ffe48c40000 - 0x00007ffe48ce7000 	C:\WINDOWS\System32\msvcrt.dll
0x00007ffe46f70000 - 0x00007ffe47018000 	C:\WINDOWS\System32\sechost.dll
0x00007ffe46400000 - 0x00007ffe46428000 	C:\WINDOWS\System32\bcrypt.dll
0x00007ffe478d0000 - 0x00007ffe479e5000 	C:\WINDOWS\System32\RPCRT4.dll
0x00007ffe46dc0000 - 0x00007ffe46f6e000 	C:\WINDOWS\System32\USER32.dll
0x00007ffe368c0000 - 0x00007ffe36b53000 	C:\WINDOWS\WinSxS\amd64_microsoft.windows.common-controls_6595b64144ccf1df_6.0.22621.3235_none_270f74e173860f98\COMCTL32.dll
0x00007ffe46820000 - 0x00007ffe46846000 	C:\WINDOWS\System32\win32u.dll
0x00007ffe46d90000 - 0x00007ffe46db9000 	C:\WINDOWS\System32\GDI32.dll
0x00007ffe46850000 - 0x00007ffe46969000 	C:\WINDOWS\System32\gdi32full.dll
0x00007ffe46780000 - 0x00007ffe4681a000 	C:\WINDOWS\System32\msvcp_win.dll
0x00007ffe3dd50000 - 0x00007ffe3dd5a000 	C:\WINDOWS\SYSTEM32\VERSION.dll
0x00007ffe46a60000 - 0x00007ffe46a91000 	C:\WINDOWS\System32\IMM32.DLL
0x00007ffe411d0000 - 0x00007ffe411dc000 	C:\Program Files\Java\jdk-21\bin\vcruntime140_1.dll
0x00007ffe0dee0000 - 0x00007ffe0df6e000 	C:\Program Files\Java\jdk-21\bin\msvcp140.dll
0x00007ffdfb7a0000 - 0x00007ffdfc4b7000 	C:\Program Files\Java\jdk-21\bin\server\jvm.dll
0x00007ffe46d00000 - 0x00007ffe46d71000 	C:\WINDOWS\System32\WS2_32.dll
0x00007ffe45f20000 - 0x00007ffe45f6d000 	C:\WINDOWS\SYSTEM32\POWRPROF.dll
0x00007ffe3ecd0000 - 0x00007ffe3ed04000 	C:\WINDOWS\SYSTEM32\WINMM.dll
0x00007ffe45f00000 - 0x00007ffe45f13000 	C:\WINDOWS\SYSTEM32\UMPDC.dll
0x00007ffe45090000 - 0x00007ffe450a8000 	C:\WINDOWS\SYSTEM32\kernel.appcore.dll
0x00007ffe3ee90000 - 0x00007ffe3ee9a000 	C:\Program Files\Java\jdk-21\bin\jimage.dll
0x00007ffe438e0000 - 0x00007ffe43b13000 	C:\WINDOWS\SYSTEM32\DBGHELP.DLL
0x00007ffe479f0000 - 0x00007ffe47d78000 	C:\WINDOWS\System32\combase.dll
0x00007ffe480f0000 - 0x00007ffe481c7000 	C:\WINDOWS\System32\OLEAUT32.dll
0x00007ffe2ffa0000 - 0x00007ffe2ffd2000 	C:\WINDOWS\SYSTEM32\dbgcore.DLL
0x00007ffe46970000 - 0x00007ffe469e9000 	C:\WINDOWS\System32\bcryptPrimitives.dll
0x00007ffe20a00000 - 0x00007ffe20a1f000 	C:\Program Files\Java\jdk-21\bin\java.dll
0x00007ffe48380000 - 0x00007ffe48bdc000 	C:\WINDOWS\System32\SHELL32.dll
0x00007ffe43fb0000 - 0x00007ffe448a9000 	C:\WINDOWS\SYSTEM32\windows.storage.dll
0x00007ffe43e70000 - 0x00007ffe43fae000 	C:\WINDOWS\SYSTEM32\wintypes.dll
0x00007ffe48280000 - 0x00007ffe48373000 	C:\WINDOWS\System32\SHCORE.dll
0x00007ffe48090000 - 0x00007ffe480ee000 	C:\WINDOWS\System32\shlwapi.dll
0x00007ffe45f80000 - 0x00007ffe45fa1000 	C:\WINDOWS\SYSTEM32\profapi.dll
0x00007ffe0b9a0000 - 0x00007ffe0ba77000 	C:\Program Files\Java\jdk-21\bin\jsvml.dll
0x00007ffe35c50000 - 0x00007ffe35c60000 	C:\Program Files\Java\jdk-21\bin\net.dll
0x00007ffe3ff60000 - 0x00007ffe40096000 	C:\WINDOWS\SYSTEM32\WINHTTP.dll
0x00007ffe45500000 - 0x00007ffe45569000 	C:\WINDOWS\system32\mswsock.dll
0x00007ffe1fb80000 - 0x00007ffe1fb96000 	C:\Program Files\Java\jdk-21\bin\nio.dll
0x00007ffe1fae0000 - 0x00007ffe1faf8000 	C:\Program Files\Java\jdk-21\bin\zip.dll

dbghelp: loaded successfully - version: 4.0.5 - missing functions: none
symbol engine: initialized successfully - sym options: 0x614 - pdb path: .;C:\Program Files\Java\jdk-21\bin;C:\WINDOWS\SYSTEM32;C:\WINDOWS\WinSxS\amd64_microsoft.windows.common-controls_6595b64144ccf1df_6.0.22621.3235_none_270f74e173860f98;C:\Program Files\Java\jdk-21\bin\server

VM Arguments:
jvm_args: -Dapplication.home=C:\Program Files\Java\jdk-21 --add-modules=ALL-DEFAULT -Xms8m -Djdk.module.main=jdk.compiler 
java_command: jdk.compiler/com.sun.tools.javac.Main @C:\Users\Kiet\AppData\Local\Temp\files18222281960272146999
java_class_path (initial): <not set>
Launcher Type: SUN_STANDARD

[Global flags]
     intx CICompilerCount                          = 4                                         {product} {ergonomic}
     uint ConcGCThreads                            = 2                                         {product} {ergonomic}
     uint G1ConcRefinementThreads                  = 8                                         {product} {ergonomic}
   size_t G1HeapRegionSize                         = 1048576                                   {product} {ergonomic}
    uintx GCDrainStackTargetSize                   = 64                                        {product} {ergonomic}
   size_t InitialHeapSize                          = 8388608                                   {product} {command line}
   size_t MarkStackSize                            = 4194304                                   {product} {ergonomic}
   size_t MaxHeapSize                              = 2095054848                                {product} {ergonomic}
   size_t MaxNewSize                               = 1256194048                                {product} {ergonomic}
   size_t MinHeapDeltaBytes                        = 1048576                                   {product} {ergonomic}
   size_t MinHeapSize                              = 8388608                                   {product} {command line}
    uintx NonNMethodCodeHeapSize                   = 5839372                                {pd product} {ergonomic}
    uintx NonProfiledCodeHeapSize                  = 122909434                              {pd product} {ergonomic}
    uintx ProfiledCodeHeapSize                     = 122909434                              {pd product} {ergonomic}
    uintx ReservedCodeCacheSize                    = 251658240                              {pd product} {ergonomic}
     bool SegmentedCodeCache                       = true                                      {product} {ergonomic}
   size_t SoftMaxHeapSize                          = 2095054848                             {manageable} {ergonomic}
     bool UseCompressedOops                        = true                           {product lp64_product} {ergonomic}
     bool UseG1GC                                  = true                                      {product} {ergonomic}
     bool UseLargePagesIndividualAllocation        = false                                  {pd product} {ergonomic}

Logging:
Log output configuration:
 #0: stdout all=warning uptime,level,tags foldmultilines=false
 #1: stderr all=off uptime,level,tags foldmultilines=false

Environment Variables:
PATH=C:\Program Files\Common Files\Oracle\Java\javapath;C:\Program Files (x86)\Common Files\Oracle\Java\javapath;C:\WINDOWS\system32;C:\WINDOWS;C:\WINDOWS\System32\Wbem;C:\WINDOWS\System32\WindowsPowerShell\v1.0\;C:\WINDOWS\System32\OpenSSH\;C:\Program Files\dotnet\;C:\Program Files\Common Files\Oracle\Java\javapath;C:\Program Files\Java\jdk-11\bin;C:\Program Files (x86)\Microsoft SQL Server\160\Tools\Binn\;C:\Program Files\Microsoft SQL Server\160\Tools\Binn\;C:\Program Files\Microsoft SQL Server\Client SDK\ODBC\170\Tools\Binn\;C:\Program Files\Microsoft SQL Server\160\DTS\Binn\;C:\Program Files (x86)\Microsoft SQL Server\160\DTS\Binn\;C:\Program Files\Azure Data Studio\bin;C:\Program Files\apache-maven-3.9.6\bin;C:\Program Files\Git\cmd;C:\Program Files\nodejs\;C:\Program Files\Java\jdk-21\bin;C:\Users\Kiet\AppData\Local\Microsoft\WindowsApps;C:\Users\Kiet\AppData\Local\Programs\Microsoft VS Code\bin;C:\Users\Kiet\AppData\Local\GitHubDesktop\bin;C:\Users\Kiet\.dotnet\tools;C:\Program Files\Azure Data Studio\bin;C:\Users\Kiet\AppData\Roaming\npm
USERNAME=Kiet
OS=Windows_NT
PROCESSOR_IDENTIFIER=Intel64 Family 6 Model 126 Stepping 5, GenuineIntel
TMP=C:\Users\Kiet\AppData\Local\Temp
TEMP=C:\Users\Kiet\AppData\Local\Temp




Periodic native trim disabled

---------------  S Y S T E M  ---------------

OS:
 Windows 11 , 64 bit Build 22621 (10.0.22621.3374)
OS uptime: 0 days 7:24 hours

CPU: total 8 (initial active 8) (4 cores per cpu, 2 threads per core) family 6 model 126 stepping 5 microcode 0xa6, cx8, cmov, fxsr, ht, mmx, 3dnowpref, sse, sse2, sse3, ssse3, sse4.1, sse4.2, popcnt, lzcnt, tsc, tscinvbit, avx, avx2, aes, erms, clmul, bmi1, bmi2, adx, avx512f, avx512dq, avx512cd, avx512bw, avx512vl, sha, fma, vzeroupper, avx512_vpopcntdq, avx512_vpclmulqdq, avx512_vaes, avx512_vnni, clflush, clflushopt, avx512_vbmi2, avx512_vbmi, rdtscp, rdpid, fsrm, gfni, avx512_bitalg, f16c, pku, avx512_ifma
Processor Information for all 8 processors :
  Max Mhz: 1190, Current Mhz: 991, Mhz Limit: 987

Memory: 4k page, system-wide physical 7987M (671M free)
TotalPageFile size 10035M (AvailPageFile size 5M)
current process WorkingSet (physical memory assigned to process): 83M, peak: 83M
current process commit charge ("private bytes"): 121M, peak: 141M

vm_info: Java HotSpot(TM) 64-Bit Server VM (21.0.2+13-LTS-58) for windows-amd64 JRE (21.0.2+13-LTS-58), built on 2024-01-05T18:32:24Z by "mach5one" with MS VC++ 17.1 (VS2022)

END.
