#
# There is insufficient memory for the Java Runtime Environment to continue.
# Native memory allocation (malloc) failed to allocate 1053200 bytes for Chunk::new
# Possible reasons:
#   The system is out of physical RAM or swap space
#   The process is running with CompressedOops enabled, and the Java Heap may be blocking the growth of the native heap
# Possible solutions:
#   Reduce memory load on the system
#   Increase physical memory or swap space
#   Check if swap backing store is full
#   Decrease Java heap size (-Xmx/-Xms)
#   Decrease number of Java threads
#   Decrease Java thread stack sizes (-Xss)
#   Set larger code cache with -XX:ReservedCodeCacheSize=
#   JVM is running with Unscaled Compressed Oops mode in which the Java heap is
#     placed in the first 4GB address space. The Java Heap base address is the
#     maximum limit for the native heap growth. Please use -XX:HeapBaseMinAddress
#     to set the Java Heap base and to place the Java Heap above 4GB virtual address.
# This output file may be truncated or incomplete.
#
#  Out of Memory Error (arena.cpp:168), pid=2152, tid=10104
#
# JRE version: Java(TM) SE Runtime Environment (21.0.2+13) (build 21.0.2+13-LTS-58)
# Java VM: Java HotSpot(TM) 64-Bit Server VM (21.0.2+13-LTS-58, mixed mode, sharing, tiered, compressed oops, compressed class ptrs, g1 gc, windows-amd64)
# No core dump will be written. Minidumps are not enabled by default on client versions of Windows
#

---------------  S U M M A R Y ------------

Command Line: -Dfile.encoding=UTF-8 GUI.LogIn

Host: Intel(R) Core(TM) i5-1035G1 CPU @ 1.00GHz, 8 cores, 7G,  Windows 11 , 64 bit Build 22621 (10.0.22621.3374)
Time: Sun May  5 22:39:29 2024 SE Asia Standard Time elapsed time: 2.102970 seconds (0d 0h 0m 2s)

---------------  T H R E A D  ---------------

Current thread (0x000001e47b1cc690):  JavaThread "C2 CompilerThread1" daemon [_thread_in_native, id=10104, stack(0x0000001914900000,0x0000001914a00000) (1024K)]


Current CompileTask:
C2:   2103 2124 %     4       sun.java2d.marlin.Renderer::_endRendering @ 808 (2646 bytes)

Stack: [0x0000001914900000,0x0000001914a00000]
Native frames: (J=compiled Java code, j=interpreted, Vv=VM code, C=native code)
V  [jvm.dll+0x6cade9]
V  [jvm.dll+0x8569c1]
V  [jvm.dll+0x858d2e]
V  [jvm.dll+0x859413]
V  [jvm.dll+0x280e56]
V  [jvm.dll+0xc3f3d]
V  [jvm.dll+0xc4473]
V  [jvm.dll+0x3b5c2c]
V  [jvm.dll+0x1e2209]
V  [jvm.dll+0x249d22]
V  [jvm.dll+0x2491b1]
V  [jvm.dll+0x1c9634]
V  [jvm.dll+0x258859]
V  [jvm.dll+0x256e3a]
V  [jvm.dll+0x3ef6c6]
V  [jvm.dll+0x7ff568]
V  [jvm.dll+0x6c953d]
C  [ucrtbase.dll+0x29333]
C  [KERNEL32.DLL+0x1257d]
C  [ntdll.dll+0x5aa48]


---------------  P R O C E S S  ---------------

Threads class SMR info:
_java_thread_list=0x000001e446538800, length=16, elements={
0x000001e47b1b4c40, 0x000001e47b1b5c50, 0x000001e47b1b9360, 0x000001e47b1ba330,
0x000001e47b1bae80, 0x000001e47b1bca20, 0x000001e47b1c77d0, 0x000001e47b1cef70,
0x000001e445285e60, 0x000001e4452ac0a0, 0x000001e4453ab450, 0x000001e446c26050,
0x000001e445c89780, 0x000001e4469da1d0, 0x000001e45c646150, 0x000001e47b1cc690
}

Java Threads: ( => current thread )
  0x000001e47b1b4c40 JavaThread "Reference Handler"          daemon [_thread_blocked, id=16284, stack(0x0000001913f00000,0x0000001914000000) (1024K)]
  0x000001e47b1b5c50 JavaThread "Finalizer"                  daemon [_thread_blocked, id=18024, stack(0x0000001914000000,0x0000001914100000) (1024K)]
  0x000001e47b1b9360 JavaThread "Signal Dispatcher"          daemon [_thread_blocked, id=13168, stack(0x0000001914100000,0x0000001914200000) (1024K)]
  0x000001e47b1ba330 JavaThread "Attach Listener"            daemon [_thread_blocked, id=3172, stack(0x0000001914200000,0x0000001914300000) (1024K)]
  0x000001e47b1bae80 JavaThread "Service Thread"             daemon [_thread_blocked, id=19632, stack(0x0000001914300000,0x0000001914400000) (1024K)]
  0x000001e47b1bca20 JavaThread "Monitor Deflation Thread"   daemon [_thread_blocked, id=19136, stack(0x0000001914400000,0x0000001914500000) (1024K)]
  0x000001e47b1c77d0 JavaThread "C2 CompilerThread0"         daemon [_thread_in_native, id=20352, stack(0x0000001914500000,0x0000001914600000) (1024K)]
  0x000001e47b1cef70 JavaThread "C1 CompilerThread0"         daemon [_thread_in_native, id=16496, stack(0x0000001914600000,0x0000001914700000) (1024K)]
  0x000001e445285e60 JavaThread "Notification Thread"        daemon [_thread_blocked, id=11336, stack(0x0000001914700000,0x0000001914800000) (1024K)]
  0x000001e4452ac0a0 JavaThread "Common-Cleaner"             daemon [_thread_blocked, id=19172, stack(0x0000001914800000,0x0000001914900000) (1024K)]
  0x000001e4453ab450 JavaThread "Java2D Disposer"            daemon [_thread_blocked, id=16388, stack(0x0000001914a00000,0x0000001914b00000) (1024K)]
  0x000001e446c26050 JavaThread "AWT-Shutdown"                      [_thread_blocked, id=11196, stack(0x0000001914f00000,0x0000001915000000) (1024K)]
  0x000001e445c89780 JavaThread "AWT-Windows"                daemon [_thread_in_native, id=18284, stack(0x0000001915000000,0x0000001915100000) (1024K)]
  0x000001e4469da1d0 JavaThread "AWT-EventQueue-0"                  [_thread_in_Java, id=12192, stack(0x0000001915100000,0x0000001915200000) (1024K)]
  0x000001e45c646150 JavaThread "DestroyJavaVM"                     [_thread_blocked, id=6104, stack(0x0000001913700000,0x0000001913800000) (1024K)]
=>0x000001e47b1cc690 JavaThread "C2 CompilerThread1"         daemon [_thread_in_native, id=10104, stack(0x0000001914900000,0x0000001914a00000) (1024K)]
Total: 16

Other Threads:
  0x000001e45c637de0 VMThread "VM Thread"                           [id=11184, stack(0x0000001913e00000,0x0000001913f00000) (1024K)]
  0x000001e47b17d180 WatcherThread "VM Periodic Task Thread"        [id=14056, stack(0x0000001913d00000,0x0000001913e00000) (1024K)]
  0x000001e45c637300 WorkerThread "GC Thread#0"                     [id=10620, stack(0x0000001913800000,0x0000001913900000) (1024K)]
  0x000001e45c637a40 WorkerThread "GC Thread#1"                     [id=11576, stack(0x0000001914b00000,0x0000001914c00000) (1024K)]
  0x000001e45c6376a0 WorkerThread "GC Thread#2"                     [id=9460, stack(0x0000001914c00000,0x0000001914d00000) (1024K)]
  0x000001e45c638180 WorkerThread "GC Thread#3"                     [id=4256, stack(0x0000001914d00000,0x0000001914e00000) (1024K)]
  0x000001e45c6388c0 WorkerThread "GC Thread#4"                     [id=4260, stack(0x0000001914e00000,0x0000001914f00000) (1024K)]
  0x000001e4465076d0 WorkerThread "GC Thread#5"                     [id=12840, stack(0x0000001915500000,0x0000001915600000) (1024K)]
  0x000001e446506bf0 WorkerThread "GC Thread#6"                     [id=5888, stack(0x0000001915600000,0x0000001915700000) (1024K)]
  0x000001e4465064b0 WorkerThread "GC Thread#7"                     [id=19644, stack(0x0000001915700000,0x0000001915800000) (1024K)]
  0x000001e45e927cf0 ConcurrentGCThread "G1 Main Marker"            [id=3956, stack(0x0000001913900000,0x0000001913a00000) (1024K)]
  0x000001e45c636f60 WorkerThread "G1 Conc#0"                       [id=18504, stack(0x0000001913a00000,0x0000001913b00000) (1024K)]
  0x000001e45e97e750 ConcurrentGCThread "G1 Refine#0"               [id=6024, stack(0x0000001913b00000,0x0000001913c00000) (1024K)]
  0x000001e47b0514b0 ConcurrentGCThread "G1 Service"                [id=9984, stack(0x0000001913c00000,0x0000001913d00000) (1024K)]
Total: 14

Threads with active compile tasks:
C2 CompilerThread0     2126 2063       4       com.kitfox.svg.SVGElement::getStyle (246 bytes)
C1 CompilerThread0     2126 2287   !   3       com.kitfox.svg.ShapeElement::renderShape (1162 bytes)
C2 CompilerThread1     2126 2124 %     4       sun.java2d.marlin.Renderer::_endRendering @ 808 (2646 bytes)
Total: 3

VM state: not at safepoint (normal execution)

VM Mutex/Monitor currently owned by a thread: None

Heap address: 0x0000000083200000, size: 1998 MB, Compressed Oops mode: 32-bit

CDS archive(s) mapped at: [0x000001e400000000-0x000001e400c90000-0x000001e400c90000), size 13172736, SharedBaseAddress: 0x000001e400000000, ArchiveRelocationMode: 1.
Compressed class space mapped at: 0x000001e401000000-0x000001e441000000, reserved size: 1073741824
Narrow klass base: 0x000001e400000000, Narrow klass shift: 0, Narrow klass range: 0x100000000

GC Precious Log:
 CardTable entry size: 512
 Card Set container configuration: InlinePtr #cards 5 size 8 Array Of Cards #cards 12 size 40 Howl #buckets 4 coarsen threshold 1843 Howl Bitmap #cards 512 size 80 coarsen threshold 460 Card regions per heap region 1 cards per card region 2048
 CPUs: 8 total, 8 available
 Memory: 7987M
 Large Page Support: Disabled
 NUMA Support: Disabled
 Compressed Oops: Enabled (32-bit)
 Heap Region Size: 1M
 Heap Min Capacity: 8M
 Heap Initial Capacity: 126M
 Heap Max Capacity: 1998M
 Pre-touch: Disabled
 Parallel Workers: 8
 Concurrent Workers: 2
 Concurrent Refinement Workers: 8
 Periodic GC: Disabled

Heap:
 garbage-first heap   total 129024K, used 28336K [0x0000000083200000, 0x0000000100000000)
  region size 1024K, 14 young (14336K), 4 survivors (4096K)
 Metaspace       used 13747K, committed 14080K, reserved 1114112K
  class space    used 1464K, committed 1600K, reserved 1048576K

Heap Regions: E=young(eden), S=young(survivor), O=old, HS=humongous(starts), HC=humongous(continues), CS=collection set, F=free, TAMS=top-at-mark-start, PB=parsable bottom
|   0|0x0000000083200000, 0x0000000083300000, 0x0000000083300000|100%|HS|  |TAMS 0x0000000083200000| PB 0x0000000083200000| Complete 
|   1|0x0000000083300000, 0x0000000083400000, 0x0000000083400000|100%|HS|  |TAMS 0x0000000083300000| PB 0x0000000083300000| Complete 
|   2|0x0000000083400000, 0x0000000083500000, 0x0000000083500000|100%|HC|  |TAMS 0x0000000083400000| PB 0x0000000083400000| Complete 
|   3|0x0000000083500000, 0x0000000083600000, 0x0000000083600000|100%| O|  |TAMS 0x0000000083500000| PB 0x0000000083500000| Untracked 
|   4|0x0000000083600000, 0x0000000083700000, 0x0000000083700000|100%| O|  |TAMS 0x0000000083600000| PB 0x0000000083600000| Untracked 
|   5|0x0000000083700000, 0x0000000083800000, 0x0000000083800000|100%| O|  |TAMS 0x0000000083700000| PB 0x0000000083700000| Untracked 
|   6|0x0000000083800000, 0x0000000083900000, 0x0000000083900000|100%| O|  |TAMS 0x0000000083800000| PB 0x0000000083800000| Untracked 
|   7|0x0000000083900000, 0x0000000083a00000, 0x0000000083a00000|100%| O|  |TAMS 0x0000000083900000| PB 0x0000000083900000| Untracked 
|   8|0x0000000083a00000, 0x0000000083b00000, 0x0000000083b00000|100%| O|  |TAMS 0x0000000083a00000| PB 0x0000000083a00000| Untracked 
|   9|0x0000000083b00000, 0x0000000083c00000, 0x0000000083c00000|100%| O|  |TAMS 0x0000000083b00000| PB 0x0000000083b00000| Untracked 
|  10|0x0000000083c00000, 0x0000000083d00000, 0x0000000083d00000|100%|HS|  |TAMS 0x0000000083c00000| PB 0x0000000083c00000| Complete 
|  11|0x0000000083d00000, 0x0000000083e00000, 0x0000000083e00000|100%|HC|  |TAMS 0x0000000083d00000| PB 0x0000000083d00000| Complete 
|  12|0x0000000083e00000, 0x0000000083f00000, 0x0000000083f00000|100%|HC|  |TAMS 0x0000000083e00000| PB 0x0000000083e00000| Complete 
|  13|0x0000000083f00000, 0x0000000084000000, 0x0000000084000000|100%| O|  |TAMS 0x0000000083f00000| PB 0x0000000083f00000| Untracked 
|  14|0x0000000084000000, 0x0000000084100000, 0x0000000084100000|100%| O|  |TAMS 0x0000000084000000| PB 0x0000000084000000| Untracked 
|  15|0x0000000084100000, 0x00000000841749d0, 0x0000000084200000| 45%| O|  |TAMS 0x0000000084100000| PB 0x0000000084100000| Untracked 
|  16|0x0000000084200000, 0x0000000084200000, 0x0000000084300000|  0%| F|  |TAMS 0x0000000084200000| PB 0x0000000084200000| Untracked 
|  17|0x0000000084300000, 0x0000000084300000, 0x0000000084400000|  0%| F|  |TAMS 0x0000000084300000| PB 0x0000000084300000| Untracked 
|  18|0x0000000084400000, 0x0000000084400000, 0x0000000084500000|  0%| F|  |TAMS 0x0000000084400000| PB 0x0000000084400000| Untracked 
|  19|0x0000000084500000, 0x0000000084500000, 0x0000000084600000|  0%| F|  |TAMS 0x0000000084500000| PB 0x0000000084500000| Untracked 
|  20|0x0000000084600000, 0x0000000084600000, 0x0000000084700000|  0%| F|  |TAMS 0x0000000084600000| PB 0x0000000084600000| Untracked 
|  21|0x0000000084700000, 0x0000000084700000, 0x0000000084800000|  0%| F|  |TAMS 0x0000000084700000| PB 0x0000000084700000| Untracked 
|  22|0x0000000084800000, 0x0000000084800000, 0x0000000084900000|  0%| F|  |TAMS 0x0000000084800000| PB 0x0000000084800000| Untracked 
|  23|0x0000000084900000, 0x0000000084900000, 0x0000000084a00000|  0%| F|  |TAMS 0x0000000084900000| PB 0x0000000084900000| Untracked 
|  24|0x0000000084a00000, 0x0000000084a00000, 0x0000000084b00000|  0%| F|  |TAMS 0x0000000084a00000| PB 0x0000000084a00000| Untracked 
|  25|0x0000000084b00000, 0x0000000084b00000, 0x0000000084c00000|  0%| F|  |TAMS 0x0000000084b00000| PB 0x0000000084b00000| Untracked 
|  26|0x0000000084c00000, 0x0000000084c00000, 0x0000000084d00000|  0%| F|  |TAMS 0x0000000084c00000| PB 0x0000000084c00000| Untracked 
|  27|0x0000000084d00000, 0x0000000084d00000, 0x0000000084e00000|  0%| F|  |TAMS 0x0000000084d00000| PB 0x0000000084d00000| Untracked 
|  28|0x0000000084e00000, 0x0000000084e00000, 0x0000000084f00000|  0%| F|  |TAMS 0x0000000084e00000| PB 0x0000000084e00000| Untracked 
|  29|0x0000000084f00000, 0x0000000084f00000, 0x0000000085000000|  0%| F|  |TAMS 0x0000000084f00000| PB 0x0000000084f00000| Untracked 
|  30|0x0000000085000000, 0x0000000085000000, 0x0000000085100000|  0%| F|  |TAMS 0x0000000085000000| PB 0x0000000085000000| Untracked 
|  31|0x0000000085100000, 0x0000000085100000, 0x0000000085200000|  0%| F|  |TAMS 0x0000000085100000| PB 0x0000000085100000| Untracked 
|  32|0x0000000085200000, 0x0000000085200000, 0x0000000085300000|  0%| F|  |TAMS 0x0000000085200000| PB 0x0000000085200000| Untracked 
|  33|0x0000000085300000, 0x0000000085300000, 0x0000000085400000|  0%| F|  |TAMS 0x0000000085300000| PB 0x0000000085300000| Untracked 
|  34|0x0000000085400000, 0x0000000085400000, 0x0000000085500000|  0%| F|  |TAMS 0x0000000085400000| PB 0x0000000085400000| Untracked 
|  35|0x0000000085500000, 0x0000000085500000, 0x0000000085600000|  0%| F|  |TAMS 0x0000000085500000| PB 0x0000000085500000| Untracked 
|  36|0x0000000085600000, 0x0000000085600000, 0x0000000085700000|  0%| F|  |TAMS 0x0000000085600000| PB 0x0000000085600000| Untracked 
|  37|0x0000000085700000, 0x0000000085700000, 0x0000000085800000|  0%| F|  |TAMS 0x0000000085700000| PB 0x0000000085700000| Untracked 
|  38|0x0000000085800000, 0x0000000085800000, 0x0000000085900000|  0%| F|  |TAMS 0x0000000085800000| PB 0x0000000085800000| Untracked 
|  39|0x0000000085900000, 0x0000000085900000, 0x0000000085a00000|  0%| F|  |TAMS 0x0000000085900000| PB 0x0000000085900000| Untracked 
|  40|0x0000000085a00000, 0x0000000085a00000, 0x0000000085b00000|  0%| F|  |TAMS 0x0000000085a00000| PB 0x0000000085a00000| Untracked 
|  41|0x0000000085b00000, 0x0000000085b00000, 0x0000000085c00000|  0%| F|  |TAMS 0x0000000085b00000| PB 0x0000000085b00000| Untracked 
|  42|0x0000000085c00000, 0x0000000085c00000, 0x0000000085d00000|  0%| F|  |TAMS 0x0000000085c00000| PB 0x0000000085c00000| Untracked 
|  43|0x0000000085d00000, 0x0000000085d00000, 0x0000000085e00000|  0%| F|  |TAMS 0x0000000085d00000| PB 0x0000000085d00000| Untracked 
|  44|0x0000000085e00000, 0x0000000085e00000, 0x0000000085f00000|  0%| F|  |TAMS 0x0000000085e00000| PB 0x0000000085e00000| Untracked 
|  45|0x0000000085f00000, 0x0000000085f00000, 0x0000000086000000|  0%| F|  |TAMS 0x0000000085f00000| PB 0x0000000085f00000| Untracked 
|  46|0x0000000086000000, 0x0000000086000000, 0x0000000086100000|  0%| F|  |TAMS 0x0000000086000000| PB 0x0000000086000000| Untracked 
|  47|0x0000000086100000, 0x0000000086100000, 0x0000000086200000|  0%| F|  |TAMS 0x0000000086100000| PB 0x0000000086100000| Untracked 
|  48|0x0000000086200000, 0x0000000086200000, 0x0000000086300000|  0%| F|  |TAMS 0x0000000086200000| PB 0x0000000086200000| Untracked 
|  49|0x0000000086300000, 0x0000000086300000, 0x0000000086400000|  0%| F|  |TAMS 0x0000000086300000| PB 0x0000000086300000| Untracked 
|  50|0x0000000086400000, 0x0000000086400000, 0x0000000086500000|  0%| F|  |TAMS 0x0000000086400000| PB 0x0000000086400000| Untracked 
|  51|0x0000000086500000, 0x0000000086500000, 0x0000000086600000|  0%| F|  |TAMS 0x0000000086500000| PB 0x0000000086500000| Untracked 
|  52|0x0000000086600000, 0x0000000086600000, 0x0000000086700000|  0%| F|  |TAMS 0x0000000086600000| PB 0x0000000086600000| Untracked 
|  53|0x0000000086700000, 0x0000000086700000, 0x0000000086800000|  0%| F|  |TAMS 0x0000000086700000| PB 0x0000000086700000| Untracked 
|  54|0x0000000086800000, 0x0000000086800000, 0x0000000086900000|  0%| F|  |TAMS 0x0000000086800000| PB 0x0000000086800000| Untracked 
|  55|0x0000000086900000, 0x0000000086900000, 0x0000000086a00000|  0%| F|  |TAMS 0x0000000086900000| PB 0x0000000086900000| Untracked 
|  56|0x0000000086a00000, 0x0000000086a00000, 0x0000000086b00000|  0%| F|  |TAMS 0x0000000086a00000| PB 0x0000000086a00000| Untracked 
|  57|0x0000000086b00000, 0x0000000086b00000, 0x0000000086c00000|  0%| F|  |TAMS 0x0000000086b00000| PB 0x0000000086b00000| Untracked 
|  58|0x0000000086c00000, 0x0000000086c00000, 0x0000000086d00000|  0%| F|  |TAMS 0x0000000086c00000| PB 0x0000000086c00000| Untracked 
|  59|0x0000000086d00000, 0x0000000086d00000, 0x0000000086e00000|  0%| F|  |TAMS 0x0000000086d00000| PB 0x0000000086d00000| Untracked 
|  60|0x0000000086e00000, 0x0000000086e00000, 0x0000000086f00000|  0%| F|  |TAMS 0x0000000086e00000| PB 0x0000000086e00000| Untracked 
|  61|0x0000000086f00000, 0x0000000086f00000, 0x0000000087000000|  0%| F|  |TAMS 0x0000000086f00000| PB 0x0000000086f00000| Untracked 
|  62|0x0000000087000000, 0x0000000087000000, 0x0000000087100000|  0%| F|  |TAMS 0x0000000087000000| PB 0x0000000087000000| Untracked 
|  63|0x0000000087100000, 0x0000000087100000, 0x0000000087200000|  0%| F|  |TAMS 0x0000000087100000| PB 0x0000000087100000| Untracked 
|  64|0x0000000087200000, 0x0000000087200000, 0x0000000087300000|  0%| F|  |TAMS 0x0000000087200000| PB 0x0000000087200000| Untracked 
|  65|0x0000000087300000, 0x0000000087300000, 0x0000000087400000|  0%| F|  |TAMS 0x0000000087300000| PB 0x0000000087300000| Untracked 
|  66|0x0000000087400000, 0x0000000087400000, 0x0000000087500000|  0%| F|  |TAMS 0x0000000087400000| PB 0x0000000087400000| Untracked 
|  67|0x0000000087500000, 0x0000000087500000, 0x0000000087600000|  0%| F|  |TAMS 0x0000000087500000| PB 0x0000000087500000| Untracked 
|  68|0x0000000087600000, 0x0000000087600000, 0x0000000087700000|  0%| F|  |TAMS 0x0000000087600000| PB 0x0000000087600000| Untracked 
|  69|0x0000000087700000, 0x0000000087700000, 0x0000000087800000|  0%| F|  |TAMS 0x0000000087700000| PB 0x0000000087700000| Untracked 
|  70|0x0000000087800000, 0x0000000087800000, 0x0000000087900000|  0%| F|  |TAMS 0x0000000087800000| PB 0x0000000087800000| Untracked 
|  71|0x0000000087900000, 0x0000000087900000, 0x0000000087a00000|  0%| F|  |TAMS 0x0000000087900000| PB 0x0000000087900000| Untracked 
|  72|0x0000000087a00000, 0x0000000087a00000, 0x0000000087b00000|  0%| F|  |TAMS 0x0000000087a00000| PB 0x0000000087a00000| Untracked 
|  73|0x0000000087b00000, 0x0000000087b00000, 0x0000000087c00000|  0%| F|  |TAMS 0x0000000087b00000| PB 0x0000000087b00000| Untracked 
|  74|0x0000000087c00000, 0x0000000087c00000, 0x0000000087d00000|  0%| F|  |TAMS 0x0000000087c00000| PB 0x0000000087c00000| Untracked 
|  75|0x0000000087d00000, 0x0000000087d00000, 0x0000000087e00000|  0%| F|  |TAMS 0x0000000087d00000| PB 0x0000000087d00000| Untracked 
|  76|0x0000000087e00000, 0x0000000087e00000, 0x0000000087f00000|  0%| F|  |TAMS 0x0000000087e00000| PB 0x0000000087e00000| Untracked 
|  77|0x0000000087f00000, 0x0000000087f00000, 0x0000000088000000|  0%| F|  |TAMS 0x0000000087f00000| PB 0x0000000087f00000| Untracked 
|  78|0x0000000088000000, 0x0000000088000000, 0x0000000088100000|  0%| F|  |TAMS 0x0000000088000000| PB 0x0000000088000000| Untracked 
|  79|0x0000000088100000, 0x0000000088100000, 0x0000000088200000|  0%| F|  |TAMS 0x0000000088100000| PB 0x0000000088100000| Untracked 
|  80|0x0000000088200000, 0x0000000088200000, 0x0000000088300000|  0%| F|  |TAMS 0x0000000088200000| PB 0x0000000088200000| Untracked 
|  81|0x0000000088300000, 0x0000000088300000, 0x0000000088400000|  0%| F|  |TAMS 0x0000000088300000| PB 0x0000000088300000| Untracked 
|  82|0x0000000088400000, 0x0000000088400000, 0x0000000088500000|  0%| F|  |TAMS 0x0000000088400000| PB 0x0000000088400000| Untracked 
|  83|0x0000000088500000, 0x0000000088500000, 0x0000000088600000|  0%| F|  |TAMS 0x0000000088500000| PB 0x0000000088500000| Untracked 
|  84|0x0000000088600000, 0x0000000088600000, 0x0000000088700000|  0%| F|  |TAMS 0x0000000088600000| PB 0x0000000088600000| Untracked 
|  85|0x0000000088700000, 0x0000000088700000, 0x0000000088800000|  0%| F|  |TAMS 0x0000000088700000| PB 0x0000000088700000| Untracked 
|  86|0x0000000088800000, 0x0000000088800000, 0x0000000088900000|  0%| F|  |TAMS 0x0000000088800000| PB 0x0000000088800000| Untracked 
|  87|0x0000000088900000, 0x0000000088900000, 0x0000000088a00000|  0%| F|  |TAMS 0x0000000088900000| PB 0x0000000088900000| Untracked 
|  88|0x0000000088a00000, 0x0000000088a00000, 0x0000000088b00000|  0%| F|  |TAMS 0x0000000088a00000| PB 0x0000000088a00000| Untracked 
|  89|0x0000000088b00000, 0x0000000088b00000, 0x0000000088c00000|  0%| F|  |TAMS 0x0000000088b00000| PB 0x0000000088b00000| Untracked 
|  90|0x0000000088c00000, 0x0000000088c00000, 0x0000000088d00000|  0%| F|  |TAMS 0x0000000088c00000| PB 0x0000000088c00000| Untracked 
|  91|0x0000000088d00000, 0x0000000088d00000, 0x0000000088e00000|  0%| F|  |TAMS 0x0000000088d00000| PB 0x0000000088d00000| Untracked 
|  92|0x0000000088e00000, 0x0000000088e00000, 0x0000000088f00000|  0%| F|  |TAMS 0x0000000088e00000| PB 0x0000000088e00000| Untracked 
|  93|0x0000000088f00000, 0x0000000088f00000, 0x0000000089000000|  0%| F|  |TAMS 0x0000000088f00000| PB 0x0000000088f00000| Untracked 
|  94|0x0000000089000000, 0x0000000089000000, 0x0000000089100000|  0%| F|  |TAMS 0x0000000089000000| PB 0x0000000089000000| Untracked 
|  95|0x0000000089100000, 0x0000000089137820, 0x0000000089200000| 21%| S|CS|TAMS 0x0000000089100000| PB 0x0000000089100000| Complete 
|  96|0x0000000089200000, 0x0000000089300000, 0x0000000089300000|100%| S|CS|TAMS 0x0000000089200000| PB 0x0000000089200000| Complete 
|  97|0x0000000089300000, 0x0000000089400000, 0x0000000089400000|100%| S|CS|TAMS 0x0000000089300000| PB 0x0000000089300000| Complete 
|  98|0x0000000089400000, 0x0000000089500000, 0x0000000089500000|100%| S|CS|TAMS 0x0000000089400000| PB 0x0000000089400000| Complete 
|  99|0x0000000089500000, 0x0000000089500000, 0x0000000089600000|  0%| F|  |TAMS 0x0000000089500000| PB 0x0000000089500000| Untracked 
| 100|0x0000000089600000, 0x0000000089600000, 0x0000000089700000|  0%| F|  |TAMS 0x0000000089600000| PB 0x0000000089600000| Untracked 
| 101|0x0000000089700000, 0x0000000089700000, 0x0000000089800000|  0%| F|  |TAMS 0x0000000089700000| PB 0x0000000089700000| Untracked 
| 102|0x0000000089800000, 0x0000000089800000, 0x0000000089900000|  0%| F|  |TAMS 0x0000000089800000| PB 0x0000000089800000| Untracked 
| 103|0x0000000089900000, 0x0000000089900000, 0x0000000089a00000|  0%| F|  |TAMS 0x0000000089900000| PB 0x0000000089900000| Untracked 
| 104|0x0000000089a00000, 0x0000000089a00000, 0x0000000089b00000|  0%| F|  |TAMS 0x0000000089a00000| PB 0x0000000089a00000| Untracked 
| 105|0x0000000089b00000, 0x0000000089b00000, 0x0000000089c00000|  0%| F|  |TAMS 0x0000000089b00000| PB 0x0000000089b00000| Untracked 
| 106|0x0000000089c00000, 0x0000000089c00000, 0x0000000089d00000|  0%| F|  |TAMS 0x0000000089c00000| PB 0x0000000089c00000| Untracked 
| 107|0x0000000089d00000, 0x0000000089d00000, 0x0000000089e00000|  0%| F|  |TAMS 0x0000000089d00000| PB 0x0000000089d00000| Untracked 
| 108|0x0000000089e00000, 0x0000000089e00000, 0x0000000089f00000|  0%| F|  |TAMS 0x0000000089e00000| PB 0x0000000089e00000| Untracked 
| 109|0x0000000089f00000, 0x0000000089f00000, 0x000000008a000000|  0%| F|  |TAMS 0x0000000089f00000| PB 0x0000000089f00000| Untracked 
| 110|0x000000008a000000, 0x000000008a000000, 0x000000008a100000|  0%| F|  |TAMS 0x000000008a000000| PB 0x000000008a000000| Untracked 
| 111|0x000000008a100000, 0x000000008a100000, 0x000000008a200000|  0%| F|  |TAMS 0x000000008a100000| PB 0x000000008a100000| Untracked 
| 112|0x000000008a200000, 0x000000008a200000, 0x000000008a300000|  0%| F|  |TAMS 0x000000008a200000| PB 0x000000008a200000| Untracked 
| 113|0x000000008a300000, 0x000000008a300000, 0x000000008a400000|  0%| F|  |TAMS 0x000000008a300000| PB 0x000000008a300000| Untracked 
| 114|0x000000008a400000, 0x000000008a400000, 0x000000008a500000|  0%| F|  |TAMS 0x000000008a400000| PB 0x000000008a400000| Untracked 
| 115|0x000000008a500000, 0x000000008a500000, 0x000000008a600000|  0%| F|  |TAMS 0x000000008a500000| PB 0x000000008a500000| Untracked 
| 116|0x000000008a600000, 0x000000008a6e3ff8, 0x000000008a700000| 89%| E|  |TAMS 0x000000008a600000| PB 0x000000008a600000| Complete 
| 117|0x000000008a700000, 0x000000008a800000, 0x000000008a800000|100%| E|CS|TAMS 0x000000008a700000| PB 0x000000008a700000| Complete 
| 118|0x000000008a800000, 0x000000008a900000, 0x000000008a900000|100%| E|CS|TAMS 0x000000008a800000| PB 0x000000008a800000| Complete 
| 119|0x000000008a900000, 0x000000008aa00000, 0x000000008aa00000|100%| E|CS|TAMS 0x000000008a900000| PB 0x000000008a900000| Complete 
| 120|0x000000008aa00000, 0x000000008ab00000, 0x000000008ab00000|100%| E|CS|TAMS 0x000000008aa00000| PB 0x000000008aa00000| Complete 
| 121|0x000000008ab00000, 0x000000008ac00000, 0x000000008ac00000|100%| E|CS|TAMS 0x000000008ab00000| PB 0x000000008ab00000| Complete 
| 122|0x000000008ac00000, 0x000000008ad00000, 0x000000008ad00000|100%| E|CS|TAMS 0x000000008ac00000| PB 0x000000008ac00000| Complete 
| 123|0x000000008ad00000, 0x000000008ae00000, 0x000000008ae00000|100%| E|CS|TAMS 0x000000008ad00000| PB 0x000000008ad00000| Complete 
| 124|0x000000008ae00000, 0x000000008af00000, 0x000000008af00000|100%| E|CS|TAMS 0x000000008ae00000| PB 0x000000008ae00000| Complete 
| 125|0x000000008af00000, 0x000000008b000000, 0x000000008b000000|100%| E|CS|TAMS 0x000000008af00000| PB 0x000000008af00000| Complete 

Card table byte_map: [0x000001e476440000,0x000001e476830000] _byte_map_base: 0x000001e476027000

Marking Bits: (CMBitMap*) 0x000001e45e917a50
 Bits: [0x000001e476830000, 0x000001e478768000)

Polling page: 0x000001e45c600000

Metaspace:

Usage:
  Non-class:     12.00 MB used.
      Class:      1.43 MB used.
       Both:     13.43 MB used.

Virtual space:
  Non-class space:       64.00 MB reserved,      12.19 MB ( 19%) committed,  1 nodes.
      Class space:        1.00 GB reserved,       1.56 MB ( <1%) committed,  1 nodes.
             Both:        1.06 GB reserved,      13.75 MB (  1%) committed. 

Chunk freelists:
   Non-Class:  2.98 MB
       Class:  14.48 MB
        Both:  17.46 MB

MaxMetaspaceSize: unlimited
CompressedClassSpaceSize: 1.00 GB
Initial GC threshold: 21.00 MB
Current GC threshold: 21.00 MB
CDS: on
 - commit_granule_bytes: 65536.
 - commit_granule_words: 8192.
 - virtual_space_node_default_size: 8388608.
 - enlarge_chunks_in_place: 1.
 - use_allocation_guard: 0.


Internal statistics:

num_allocs_failed_limit: 0.
num_arena_births: 248.
num_arena_deaths: 0.
num_vsnodes_births: 2.
num_vsnodes_deaths: 0.
num_space_committed: 220.
num_space_uncommitted: 0.
num_chunks_returned_to_freelist: 0.
num_chunks_taken_from_freelist: 395.
num_chunk_merges: 0.
num_chunk_splits: 237.
num_chunks_enlarged: 131.
num_inconsistent_stats: 0.

CodeHeap 'non-profiled nmethods': size=120000Kb used=868Kb max_used=868Kb free=119131Kb
 bounds [0x000001e46e7f0000, 0x000001e46ea60000, 0x000001e475d20000]
CodeHeap 'profiled nmethods': size=120000Kb used=4697Kb max_used=4697Kb free=115302Kb
 bounds [0x000001e466d20000, 0x000001e4671c0000, 0x000001e46e250000]
CodeHeap 'non-nmethods': size=5760Kb used=1885Kb max_used=1905Kb free=3875Kb
 bounds [0x000001e46e250000, 0x000001e46e4c0000, 0x000001e46e7f0000]
 total_blobs=2992 nmethods=2272 adapters=625
 compilation: enabled
              stopped_count=0, restarted_count=0
 full_count=0

Compilation events (20 events):
Event: 2.093 Thread 0x000001e47b1cef70 nmethod 2244 0x000001e467190810 code [0x000001e4671909a0, 0x000001e467190ab8]
Event: 2.093 Thread 0x000001e47b1cef70 2245       3       sun.awt.geom.Curve::getWithDirection (17 bytes)
Event: 2.093 Thread 0x000001e47b1cef70 nmethod 2245 0x000001e467190b90 code [0x000001e467190d40, 0x000001e467190f60]
Event: 2.094 Thread 0x000001e47b1cef70 2246       3       sun.awt.geom.Order1::XforT (17 bytes)
Event: 2.094 Thread 0x000001e47b1cef70 nmethod 2246 0x000001e467191010 code [0x000001e4671911a0, 0x000001e4671912c8]
Event: 2.094 Thread 0x000001e47b1cef70 2247       3       sun.awt.geom.Curve::fairlyClose (31 bytes)
Event: 2.094 Thread 0x000001e47b1cef70 nmethod 2247 0x000001e467191390 code [0x000001e467191580, 0x000001e4671917c0]
Event: 2.094 Thread 0x000001e47b1cef70 2249       3       sun.awt.geom.ChainEnd::getX (24 bytes)
Event: 2.094 Thread 0x000001e47b1cef70 nmethod 2249 0x000001e467191890 code [0x000001e467191a80, 0x000001e467191e60]
Event: 2.094 Thread 0x000001e47b1cef70 2251       3       java.awt.geom.Path2D$Double$CopyIterator::currentSegment (57 bytes)
Event: 2.094 Thread 0x000001e47b1cef70 nmethod 2251 0x000001e467192010 code [0x000001e4671921e0, 0x000001e467192490]
Event: 2.094 Thread 0x000001e47b1cef70 2250       3       sun.awt.geom.CurveLink::getXBot (12 bytes)
Event: 2.095 Thread 0x000001e47b1cef70 nmethod 2250 0x000001e467192690 code [0x000001e467192840, 0x000001e467192a20]
Event: 2.095 Thread 0x000001e47b1cef70 2248       3       sun.awt.geom.Order1::YforT (17 bytes)
Event: 2.095 Thread 0x000001e47b1cef70 nmethod 2248 0x000001e467192b10 code [0x000001e467192ca0, 0x000001e467192dc8]
Event: 2.095 Thread 0x000001e47b1cef70 2253       3       java.lang.StringBuilder::append (9 bytes)
Event: 2.095 Thread 0x000001e47b1cef70 nmethod 2253 0x000001e467192e90 code [0x000001e467193060, 0x000001e467193398]
Event: 2.095 Thread 0x000001e47b1cef70 2254   !   3       sun.awt.geom.Curve::compareTo (852 bytes)
Event: 2.098 Thread 0x000001e47b1cef70 nmethod 2254 0x000001e467193510 code [0x000001e467193d20, 0x000001e4671983d0]
Event: 2.098 Thread 0x000001e47b1cef70 2255       3       sun.awt.geom.AreaOp::resolveLinks (520 bytes)

GC Heap History (4 events):
Event: 0.964 GC heap before
{Heap before GC invocations=0 (full 0):
 garbage-first heap   total 129024K, used 25600K [0x0000000083200000, 0x0000000100000000)
  region size 1024K, 23 young (23552K), 0 survivors (0K)
 Metaspace       used 4187K, committed 4352K, reserved 1114112K
  class space    used 376K, committed 448K, reserved 1048576K
}
Event: 0.971 GC heap after
{Heap after GC invocations=1 (full 0):
 garbage-first heap   total 129024K, used 12501K [0x0000000083200000, 0x0000000100000000)
  region size 1024K, 3 young (3072K), 3 survivors (3072K)
 Metaspace       used 4187K, committed 4352K, reserved 1114112K
  class space    used 376K, committed 448K, reserved 1048576K
}
Event: 1.946 GC heap before
{Heap before GC invocations=1 (full 0):
 garbage-first heap   total 129024K, used 40149K [0x0000000083200000, 0x0000000100000000)
  region size 1024K, 27 young (27648K), 3 survivors (3072K)
 Metaspace       used 13421K, committed 13696K, reserved 1114112K
  class space    used 1454K, committed 1600K, reserved 1048576K
}
Event: 1.950 GC heap after
{Heap after GC invocations=2 (full 0):
 garbage-first heap   total 129024K, used 19120K [0x0000000083200000, 0x0000000100000000)
  region size 1024K, 4 young (4096K), 4 survivors (4096K)
 Metaspace       used 13421K, committed 13696K, reserved 1114112K
  class space    used 1454K, committed 1600K, reserved 1048576K
}

Dll operation events (11 events):
Event: 0.005 Loaded shared library C:\Program Files\Java\jdk-21\bin\java.dll
Event: 0.057 Loaded shared library C:\Program Files\Java\jdk-21\bin\jsvml.dll
Event: 0.159 Loaded shared library C:\Program Files\Java\jdk-21\bin\net.dll
Event: 0.161 Loaded shared library C:\Program Files\Java\jdk-21\bin\nio.dll
Event: 0.169 Loaded shared library C:\Program Files\Java\jdk-21\bin\zip.dll
Event: 0.330 Loaded shared library C:\Program Files\Java\jdk-21\bin\jimage.dll
Event: 0.360 Loaded shared library C:\Program Files\Java\jdk-21\bin\awt.dll
Event: 0.599 Loaded shared library C:\Program Files\Java\jdk-21\bin\freetype.dll
Event: 0.600 Loaded shared library C:\Program Files\Java\jdk-21\bin\fontmanager.dll
Event: 1.402 Loaded shared library C:\Users\Kiet\AppData\Local\Temp\flatlaf.temp\flatlaf-windows-x86_64-864168547695000.dll
Event: 1.457 Loaded shared library C:\Program Files\Java\jdk-21\bin\verify.dll

Deoptimization events (20 events):
Event: 2.004 Thread 0x000001e4469da1d0 DEOPT PACKING pc=0x000001e467101384 sp=0x00000019151fc690
Event: 2.004 Thread 0x000001e4469da1d0 DEOPT UNPACKING pc=0x000001e46e2a88e2 sp=0x00000019151fba18 mode 0
Event: 2.010 Thread 0x000001e4469da1d0 DEOPT PACKING pc=0x000001e467101384 sp=0x00000019151fc690
Event: 2.010 Thread 0x000001e4469da1d0 DEOPT UNPACKING pc=0x000001e46e2a88e2 sp=0x00000019151fba18 mode 0
Event: 2.049 Thread 0x000001e4469da1d0 DEOPT PACKING pc=0x000001e4670eeff5 sp=0x00000019151fc780
Event: 2.049 Thread 0x000001e4469da1d0 DEOPT UNPACKING pc=0x000001e46e2a88e2 sp=0x00000019151fbbd0 mode 0
Event: 2.057 Thread 0x000001e4469da1d0 DEOPT PACKING pc=0x000001e4670eeff5 sp=0x00000019151fc740
Event: 2.057 Thread 0x000001e4469da1d0 DEOPT UNPACKING pc=0x000001e46e2a88e2 sp=0x00000019151fbb90 mode 0
Event: 2.083 Thread 0x000001e4469da1d0 DEOPT PACKING pc=0x000001e4670eeff5 sp=0x00000019151fc6a0
Event: 2.083 Thread 0x000001e4469da1d0 DEOPT UNPACKING pc=0x000001e46e2a88e2 sp=0x00000019151fbaf0 mode 0
Event: 2.087 Thread 0x000001e4469da1d0 DEOPT PACKING pc=0x000001e4670eeff5 sp=0x00000019151fc780
Event: 2.087 Thread 0x000001e4469da1d0 DEOPT UNPACKING pc=0x000001e46e2a88e2 sp=0x00000019151fbbd0 mode 0
Event: 2.088 Thread 0x000001e4469da1d0 DEOPT PACKING pc=0x000001e4670eeff5 sp=0x00000019151fc620
Event: 2.088 Thread 0x000001e4469da1d0 DEOPT UNPACKING pc=0x000001e46e2a88e2 sp=0x00000019151fba70 mode 0
Event: 2.088 Thread 0x000001e4469da1d0 DEOPT PACKING pc=0x000001e4670eeff5 sp=0x00000019151fc780
Event: 2.088 Thread 0x000001e4469da1d0 DEOPT UNPACKING pc=0x000001e46e2a88e2 sp=0x00000019151fbbd0 mode 0
Event: 2.097 Thread 0x000001e4469da1d0 DEOPT PACKING pc=0x000001e4670eeff5 sp=0x00000019151fc780
Event: 2.097 Thread 0x000001e4469da1d0 DEOPT UNPACKING pc=0x000001e46e2a88e2 sp=0x00000019151fbbd0 mode 0
Event: 2.100 Thread 0x000001e4469da1d0 DEOPT PACKING pc=0x000001e4670eeff5 sp=0x00000019151fc780
Event: 2.100 Thread 0x000001e4469da1d0 DEOPT UNPACKING pc=0x000001e46e2a88e2 sp=0x00000019151fbbd0 mode 0

Classes loaded (20 events):
Event: 1.968 Loading class java/lang/FdLibm$Cbrt
Event: 1.968 Loading class java/lang/FdLibm$Cbrt done
Event: 1.985 Loading class sun/java2d/pipe/SpanClipRenderer$SCRcontext
Event: 1.985 Loading class sun/java2d/pipe/SpanClipRenderer$SCRcontext done
Event: 2.067 Loading class sun/awt/image/ToolkitImage
Event: 2.068 Loading class sun/awt/image/ToolkitImage done
Event: 2.072 Loading class java/awt/DefaultKeyboardFocusManager$DefaultKeyboardFocusManagerSentEvent
Event: 2.072 Loading class java/awt/SentEvent
Event: 2.072 Loading class java/awt/SentEvent done
Event: 2.072 Loading class java/awt/DefaultKeyboardFocusManager$DefaultKeyboardFocusManagerSentEvent done
Event: 2.074 Loading class java/util/ArrayList$ListItr
Event: 2.074 Loading class java/util/ArrayList$ListItr done
Event: 2.075 Loading class sun/awt/KeyboardFocusManagerPeerImpl$KfmAccessor
Event: 2.075 Loading class sun/awt/KeyboardFocusManagerPeerImpl$KfmAccessor done
Event: 2.076 Loading class java/awt/KeyboardFocusManager$HeavyweightFocusRequest
Event: 2.076 Loading class java/awt/KeyboardFocusManager$HeavyweightFocusRequest done
Event: 2.076 Loading class java/awt/DefaultKeyboardFocusManager$TypeAheadMarker
Event: 2.076 Loading class java/awt/DefaultKeyboardFocusManager$TypeAheadMarker done
Event: 2.076 Loading class java/awt/KeyboardFocusManager$LightweightFocusRequest
Event: 2.076 Loading class java/awt/KeyboardFocusManager$LightweightFocusRequest done

Classes unloaded (0 events):
No events

Classes redefined (0 events):
No events

Internal exceptions (20 events):
Event: 1.183 Thread 0x000001e45c646150 Exception <a 'java/lang/ClassNotFoundException'{0x000000008ad66858}: com/sun/swing/internal/plaf/basic/resources/spi/basicProvider> (0x000000008ad66858) 
thrown [s\open\src\hotspot\share\classfile\systemDictionary.cpp, line 312]
Event: 1.191 Thread 0x000001e45c646150 Exception <a 'java/lang/NoSuchMethodError'{0x000000008ad89d90}: 'int java.lang.invoke.DirectMethodHandle$Holder.invokeStatic(java.lang.Object)'> (0x000000008ad89d90) 
thrown [s\open\src\hotspot\share\interpreter\linkResolver.cpp, line 773]
Event: 1.290 Thread 0x000001e45c646150 Exception <a 'java/lang/NoSuchMethodError'{0x000000008ab62238}: 'java.lang.Object java.lang.invoke.Invokers$Holder.invokeExact_MT(java.lang.Object, java.lang.Object, java.lang.Object, java.lang.Object, java.lang.Object, java.lang.Object)'> (0x000000008ab62238) 
thrown [s\open\src\hotspot\share\interpreter\linkResolver.cpp, line 773]
Event: 1.309 Thread 0x000001e45c646150 Implicit null exception at 0x000001e46e839466 to 0x000001e46e83950a
Event: 1.311 Thread 0x000001e45c646150 Implicit null exception at 0x000001e46e85bd3a to 0x000001e46e85bfa8
Event: 1.311 Thread 0x000001e45c646150 Implicit null exception at 0x000001e46e8210bd to 0x000001e46e821141
Event: 1.331 Thread 0x000001e45c646150 Exception <a 'java/lang/NoSuchMethodError'{0x000000008abf6b40}: 'int java.lang.invoke.Invokers$Holder.invokeExact_MT(java.lang.Object, java.lang.Object)'> (0x000000008abf6b40) 
thrown [s\open\src\hotspot\share\interpreter\linkResolver.cpp, line 773]
Event: 1.345 Thread 0x000001e45c646150 Exception <a 'sun/nio/fs/WindowsException'{0x000000008aa1d3f0}> (0x000000008aa1d3f0) 
thrown [s\open\src\hotspot\share\prims\jni.cpp, line 520]
Event: 1.480 Thread 0x000001e45c646150 Exception <a 'java/lang/NoSuchMethodError'{0x000000008a9089b8}: 'java.lang.Object java.lang.invoke.DirectMethodHandle$Holder.invokeVirtual(java.lang.Object, java.lang.Object, java.lang.Object, java.lang.Object)'> (0x000000008a9089b8) 
thrown [s\open\src\hotspot\share\interpreter\linkResolver.cpp, line 773]
Event: 1.526 Thread 0x000001e45c646150 Exception <a 'java/lang/NoSuchMethodError'{0x000000008a9d8d58}: 'int java.lang.invoke.DirectMethodHandle$Holder.invokeVirtual(java.lang.Object, java.lang.Object)'> (0x000000008a9d8d58) 
thrown [s\open\src\hotspot\share\interpreter\linkResolver.cpp, line 773]
Event: 1.527 Thread 0x000001e45c646150 Exception <a 'java/lang/NoSuchMethodError'{0x000000008a9dce50}: 'int java.lang.invoke.DirectMethodHandle$Holder.invokeSpecial(java.lang.Object, java.lang.Object, java.lang.Object)'> (0x000000008a9dce50) 
thrown [s\open\src\hotspot\share\interpreter\linkResolver.cpp, line 773]
Event: 1.528 Thread 0x000001e45c646150 Exception <a 'java/lang/NoSuchMethodError'{0x000000008a9e7768}: 'void java.lang.invoke.DirectMethodHandle$Holder.invokeVirtual(java.lang.Object, java.lang.Object, int)'> (0x000000008a9e7768) 
thrown [s\open\src\hotspot\share\interpreter\linkResolver.cpp, line 773]
Event: 1.529 Thread 0x000001e45c646150 Exception <a 'java/lang/NoSuchMethodError'{0x000000008a9eba30}: 'int java.lang.invoke.DirectMethodHandle$Holder.invokeSpecial(java.lang.Object, java.lang.Object, java.lang.Object, int)'> (0x000000008a9eba30) 
thrown [s\open\src\hotspot\share\interpreter\linkResolver.cpp, line 773]
Event: 1.531 Thread 0x000001e45c646150 Exception <a 'java/lang/NoSuchMethodError'{0x000000008a9fe020}: 'java.lang.Object java.lang.invoke.DirectMethodHandle$Holder.invokeStatic(java.lang.Object, java.lang.Object, java.lang.Object, java.lang.Object, int)'> (0x000000008a9fe020) 
thrown [s\open\src\hotspot\share\interpreter\linkResolver.cpp, line 773]
Event: 1.533 Thread 0x000001e45c646150 Exception <a 'java/lang/NoSuchMethodError'{0x000000008a8090c0}: 'void java.lang.invoke.DelegatingMethodHandle$Holder.reinvoke_L(java.lang.Object, java.lang.Object, int)'> (0x000000008a8090c0) 
thrown [s\open\src\hotspot\share\interpreter\linkResolver.cpp, line 773]
Event: 1.542 Thread 0x000001e45c646150 Exception <a 'java/lang/NoSuchMethodError'{0x000000008a837350}: 'void java.lang.invoke.Invokers$Holder.invokeExact_MT(java.lang.Object, java.lang.Object, java.lang.Object, java.lang.Object)'> (0x000000008a837350) 
thrown [s\open\src\hotspot\share\interpreter\linkResolver.cpp, line 773]
Event: 1.547 Thread 0x000001e45c646150 Exception <a 'java/lang/NoSuchMethodError'{0x000000008a84f8c0}: 'void java.lang.invoke.DirectMethodHandle$Holder.invokeSpecial(java.lang.Object, java.lang.Object, java.lang.Object, java.lang.Object, java.lang.Object)'> (0x000000008a84f8c0) 
thrown [s\open\src\hotspot\share\interpreter\linkResolver.cpp, line 773]
Event: 1.552 Thread 0x000001e45c646150 Exception <a 'java/lang/NoSuchMethodError'{0x000000008a860c78}: 'int java.lang.invoke.Invokers$Holder.invokeExact_MT(java.lang.Object, java.lang.Object, java.lang.Object)'> (0x000000008a860c78) 
thrown [s\open\src\hotspot\share\interpreter\linkResolver.cpp, line 773]
Event: 1.571 Thread 0x000001e445c89780 Exception <a 'java/lang/NoSuchMethodError'{0x000000008aedcd58}: 'void java.lang.invoke.DirectMethodHandle$Holder.invokeVirtual(java.lang.Object, java.lang.Object)'> (0x000000008aedcd58) 
thrown [s\open\src\hotspot\share\interpreter\linkResolver.cpp, line 773]
Event: 1.589 Thread 0x000001e45c646150 Exception <a 'java/lang/NoSuchMethodError'{0x000000008a893030}: 'void java.lang.invoke.DirectMethodHandle$Holder.invokeStaticInit(java.lang.Object)'> (0x000000008a893030) 
thrown [s\open\src\hotspot\share\interpreter\linkResolver.cpp, line 773]

ZGC Phase Switch (0 events):
No events

VM Operations (20 events):
Event: 1.083 Executing VM operation: HandshakeAllThreads (Deoptimize)
Event: 1.083 Executing VM operation: HandshakeAllThreads (Deoptimize) done
Event: 1.199 Executing VM operation: HandshakeAllThreads (Deoptimize)
Event: 1.199 Executing VM operation: HandshakeAllThreads (Deoptimize) done
Event: 1.287 Executing VM operation: HandshakeAllThreads (Deoptimize)
Event: 1.287 Executing VM operation: HandshakeAllThreads (Deoptimize) done
Event: 1.355 Executing VM operation: HandshakeAllThreads (Deoptimize)
Event: 1.356 Executing VM operation: HandshakeAllThreads (Deoptimize) done
Event: 1.561 Executing VM operation: HandshakeAllThreads (Deoptimize)
Event: 1.561 Executing VM operation: HandshakeAllThreads (Deoptimize) done
Event: 1.561 Executing VM operation: HandshakeAllThreads (Deoptimize)
Event: 1.561 Executing VM operation: HandshakeAllThreads (Deoptimize) done
Event: 1.664 Executing VM operation: HandshakeAllThreads (Deoptimize)
Event: 1.664 Executing VM operation: HandshakeAllThreads (Deoptimize) done
Event: 1.699 Executing VM operation: ICBufferFull
Event: 1.699 Executing VM operation: ICBufferFull done
Event: 1.946 Executing VM operation: G1CollectForAllocation (G1 Evacuation Pause)
Event: 1.950 Executing VM operation: G1CollectForAllocation (G1 Evacuation Pause) done
Event: 2.074 Executing VM operation: HandshakeAllThreads (Deoptimize)
Event: 2.074 Executing VM operation: HandshakeAllThreads (Deoptimize) done

Events (20 events):
Event: 0.024 Thread 0x000001e45c646150 Thread added: 0x000001e45c646150
Event: 0.051 Thread 0x000001e47b1b4c40 Thread added: 0x000001e47b1b4c40
Event: 0.052 Thread 0x000001e47b1b5c50 Thread added: 0x000001e47b1b5c50
Event: 0.052 Thread 0x000001e47b1b9360 Thread added: 0x000001e47b1b9360
Event: 0.052 Thread 0x000001e47b1ba330 Thread added: 0x000001e47b1ba330
Event: 0.052 Thread 0x000001e47b1bae80 Thread added: 0x000001e47b1bae80
Event: 0.052 Thread 0x000001e47b1bca20 Thread added: 0x000001e47b1bca20
Event: 0.053 Thread 0x000001e47b1c77d0 Thread added: 0x000001e47b1c77d0
Event: 0.053 Thread 0x000001e47b1cef70 Thread added: 0x000001e47b1cef70
Event: 0.151 Thread 0x000001e445285e60 Thread added: 0x000001e445285e60
Event: 0.155 Thread 0x000001e4452ac0a0 Thread added: 0x000001e4452ac0a0
Event: 0.189 Thread 0x000001e47b1cbfc0 Thread added: 0x000001e47b1cbfc0
Event: 0.608 Thread 0x000001e4453ab450 Thread added: 0x000001e4453ab450
Event: 1.098 Thread 0x000001e446c26050 Thread added: 0x000001e446c26050
Event: 1.100 Thread 0x000001e445c89780 Thread added: 0x000001e445c89780
Event: 1.564 Thread 0x000001e4469da1d0 Thread added: 0x000001e4469da1d0
Event: 1.791 Thread 0x000001e45c646150 Thread exited: 0x000001e45c646150
Event: 1.792 Thread 0x000001e45c646150 Thread added: 0x000001e45c646150
Event: 1.901 Thread 0x000001e47b1cbfc0 Thread exited: 0x000001e47b1cbfc0
Event: 1.916 Thread 0x000001e47b1cc690 Thread added: 0x000001e47b1cc690


Dynamic libraries:
0x00007ff650b60000 - 0x00007ff650b70000 	C:\Program Files\Java\jdk-21\bin\java.exe
0x00007ffae6170000 - 0x00007ffae6386000 	C:\WINDOWS\SYSTEM32\ntdll.dll
0x00007ffae4270000 - 0x00007ffae4334000 	C:\WINDOWS\System32\KERNEL32.DLL
0x00007ffae3490000 - 0x00007ffae3837000 	C:\WINDOWS\System32\KERNELBASE.dll
0x00007ffae3a90000 - 0x00007ffae3ba1000 	C:\WINDOWS\System32\ucrtbase.dll
0x00007ffade460000 - 0x00007ffade47b000 	C:\Program Files\Java\jdk-21\bin\VCRUNTIME140.dll
0x00007ffadfba0000 - 0x00007ffadfbb9000 	C:\Program Files\Java\jdk-21\bin\jli.dll
0x00007ffae5ea0000 - 0x00007ffae5f52000 	C:\WINDOWS\System32\ADVAPI32.dll
0x00007ffae5a10000 - 0x00007ffae5ab7000 	C:\WINDOWS\System32\msvcrt.dll
0x00007ffae6080000 - 0x00007ffae6128000 	C:\WINDOWS\System32\sechost.dll
0x00007ffae3bb0000 - 0x00007ffae3bd8000 	C:\WINDOWS\System32\bcrypt.dll
0x00007ffae5810000 - 0x00007ffae5925000 	C:\WINDOWS\System32\RPCRT4.dll
0x00007ffae4c80000 - 0x00007ffae4e2e000 	C:\WINDOWS\System32\USER32.dll
0x00007ffae3be0000 - 0x00007ffae3c06000 	C:\WINDOWS\System32\win32u.dll
0x00007ffac9b90000 - 0x00007ffac9e23000 	C:\WINDOWS\WinSxS\amd64_microsoft.windows.common-controls_6595b64144ccf1df_6.0.22621.3235_none_270f74e173860f98\COMCTL32.dll
0x00007ffae4050000 - 0x00007ffae4079000 	C:\WINDOWS\System32\GDI32.dll
0x00007ffae3970000 - 0x00007ffae3a89000 	C:\WINDOWS\System32\gdi32full.dll
0x00007ffae3c10000 - 0x00007ffae3caa000 	C:\WINDOWS\System32\msvcp_win.dll
0x00007ffada2a0000 - 0x00007ffada2aa000 	C:\WINDOWS\SYSTEM32\VERSION.dll
0x00007ffae5e60000 - 0x00007ffae5e91000 	C:\WINDOWS\System32\IMM32.DLL
0x00007ffade560000 - 0x00007ffade56c000 	C:\Program Files\Java\jdk-21\bin\vcruntime140_1.dll
0x00007ffab4da0000 - 0x00007ffab4e2e000 	C:\Program Files\Java\jdk-21\bin\msvcp140.dll
0x00007ffa9c450000 - 0x00007ffa9d167000 	C:\Program Files\Java\jdk-21\bin\server\jvm.dll
0x00007ffae4090000 - 0x00007ffae4101000 	C:\WINDOWS\System32\WS2_32.dll
0x00007ffae3360000 - 0x00007ffae33ad000 	C:\WINDOWS\SYSTEM32\POWRPROF.dll
0x00007ffadb4f0000 - 0x00007ffadb524000 	C:\WINDOWS\SYSTEM32\WINMM.dll
0x00007ffae3340000 - 0x00007ffae3353000 	C:\WINDOWS\SYSTEM32\UMPDC.dll
0x00007ffae24d0000 - 0x00007ffae24e8000 	C:\WINDOWS\SYSTEM32\kernel.appcore.dll
0x00007ffadc630000 - 0x00007ffadc63a000 	C:\Program Files\Java\jdk-21\bin\jimage.dll
0x00007ffae0ed0000 - 0x00007ffae1103000 	C:\WINDOWS\SYSTEM32\DBGHELP.DLL
0x00007ffae5ac0000 - 0x00007ffae5e48000 	C:\WINDOWS\System32\combase.dll
0x00007ffae4ba0000 - 0x00007ffae4c77000 	C:\WINDOWS\System32\OLEAUT32.dll
0x00007ffacf6f0000 - 0x00007ffacf722000 	C:\WINDOWS\SYSTEM32\dbgcore.DLL
0x00007ffae3e20000 - 0x00007ffae3e99000 	C:\WINDOWS\System32\bcryptPrimitives.dll
0x00007ffadd4a0000 - 0x00007ffadd4bf000 	C:\Program Files\Java\jdk-21\bin\java.dll
0x00007ffae4340000 - 0x00007ffae4b9c000 	C:\WINDOWS\System32\SHELL32.dll
0x00007ffae13f0000 - 0x00007ffae1ce9000 	C:\WINDOWS\SYSTEM32\windows.storage.dll
0x00007ffae12b0000 - 0x00007ffae13ee000 	C:\WINDOWS\SYSTEM32\wintypes.dll
0x00007ffae4fe0000 - 0x00007ffae50d3000 	C:\WINDOWS\System32\SHCORE.dll
0x00007ffae57b0000 - 0x00007ffae580e000 	C:\WINDOWS\System32\shlwapi.dll
0x00007ffae33c0000 - 0x00007ffae33e1000 	C:\WINDOWS\SYSTEM32\profapi.dll
0x00007ffad2400000 - 0x00007ffad24d7000 	C:\Program Files\Java\jdk-21\bin\jsvml.dll
0x00007ffadc620000 - 0x00007ffadc630000 	C:\Program Files\Java\jdk-21\bin\net.dll
0x00007ffadc980000 - 0x00007ffadcab6000 	C:\WINDOWS\SYSTEM32\WINHTTP.dll
0x00007ffae2940000 - 0x00007ffae29a9000 	C:\WINDOWS\system32\mswsock.dll
0x00007ffad23e0000 - 0x00007ffad23f6000 	C:\Program Files\Java\jdk-21\bin\nio.dll
0x00007ffad23c0000 - 0x00007ffad23d8000 	C:\Program Files\Java\jdk-21\bin\zip.dll
0x00007ffaabeb0000 - 0x00007ffaac03f000 	C:\Program Files\Java\jdk-21\bin\awt.dll
0x00007ffae03b0000 - 0x00007ffae0447000 	C:\WINDOWS\SYSTEM32\apphelp.dll
0x00007ffae2ba0000 - 0x00007ffae2bbb000 	C:\WINDOWS\SYSTEM32\CRYPTSP.dll
0x00007ffae2430000 - 0x00007ffae2465000 	C:\WINDOWS\system32\rsaenh.dll
0x00007ffae2a40000 - 0x00007ffae2a68000 	C:\WINDOWS\SYSTEM32\USERENV.dll
0x00007ffae2bc0000 - 0x00007ffae2bcc000 	C:\WINDOWS\SYSTEM32\CRYPTBASE.dll
0x00007ffae1f50000 - 0x00007ffae1f7d000 	C:\WINDOWS\SYSTEM32\IPHLPAPI.DLL
0x00007ffae5150000 - 0x00007ffae5159000 	C:\WINDOWS\System32\NSI.dll
0x00007ffab4d10000 - 0x00007ffab4d97000 	C:\Program Files\Java\jdk-21\bin\freetype.dll
0x00007ffaab140000 - 0x00007ffaab222000 	C:\Program Files\Java\jdk-21\bin\fontmanager.dll
0x00007ffae07e0000 - 0x00007ffae080b000 	C:\WINDOWS\system32\DWMAPI.DLL
0x00007ffae0540000 - 0x00007ffae05eb000 	C:\WINDOWS\system32\uxtheme.dll
0x00007ffae4110000 - 0x00007ffae4263000 	C:\WINDOWS\System32\MSCTF.dll
0x00007ffae4e30000 - 0x00007ffae4fd5000 	C:\WINDOWS\System32\ole32.dll
0x00007ffac3150000 - 0x00007ffac3250000 	C:\WINDOWS\system32\opengl32.dll
0x00007ffac3f90000 - 0x00007ffac3fbd000 	C:\WINDOWS\SYSTEM32\GLU32.dll
0x00007ffae0680000 - 0x00007ffae06b9000 	C:\WINDOWS\SYSTEM32\dxcore.dll
0x00007ffadc6a0000 - 0x00007ffadc6a6000 	C:\Users\Kiet\AppData\Local\Temp\flatlaf.temp\flatlaf-windows-x86_64-864168547695000.dll
0x00007ffadc550000 - 0x00007ffadc560000 	C:\Program Files\Java\jdk-21\bin\verify.dll
0x00007ffae3f20000 - 0x00007ffae3fd0000 	C:\WINDOWS\System32\clbcatq.dll
0x00007ffadecc0000 - 0x00007ffadee70000 	C:\WINDOWS\SYSTEM32\WindowsCodecs.dll
0x00007ffabaf00000 - 0x00007ffabaf5e000 	C:\WINDOWS\system32\dataexchange.dll
0x00007ffad9990000 - 0x00007ffad9c1e000 	C:\WINDOWS\system32\twinapi.appcore.dll
0x00007ffad2370000 - 0x00007ffad2377000 	C:\Program Files\Java\jdk-21\bin\jawt.dll
0x00007ffaca930000 - 0x00007ffacaa7a000 	C:\WINDOWS\SYSTEM32\textinputframework.dll

dbghelp: loaded successfully - version: 4.0.5 - missing functions: none
symbol engine: initialized successfully - sym options: 0x614 - pdb path: .;C:\Program Files\Java\jdk-21\bin;C:\WINDOWS\SYSTEM32;C:\WINDOWS\WinSxS\amd64_microsoft.windows.common-controls_6595b64144ccf1df_6.0.22621.3235_none_270f74e173860f98;C:\Program Files\Java\jdk-21\bin\server;C:\Users\Kiet\AppData\Local\Temp\flatlaf.temp

VM Arguments:
jvm_args: -Dfile.encoding=UTF-8 
java_command: GUI.LogIn
java_class_path (initial): C:\Users\Kiet\Desktop\abc\lib\TimingFramework-0.55.jar;C:\Users\Kiet\Desktop\abc\lib\bridj-0.7.0.jar;C:\Users\Kiet\Desktop\abc\lib\core-3.3.0.jar;C:\Users\Kiet\Desktop\abc\lib\flatlaf-extras-3.1.jar;C:\Users\Kiet\Desktop\abc\lib\flatlaf-fonts-roboto-2.137.jar;C:\Users\Kiet\Desktop\abc\lib\itextpdf-5.5.12.jar;C:\Users\Kiet\Desktop\abc\lib\javase-3.3.0.jar;C:\Users\Kiet\Desktop\abc\lib\javax.activation-1.2.0.jar;C:\Users\Kiet\Desktop\abc\lib\javax.mail.jar;C:\Users\Kiet\Desktop\abc\lib\jcalendar-1.4.jar;C:\Users\Kiet\Desktop\abc\lib\log4j-core-2.20.0.jar;C:\Users\Kiet\Desktop\abc\lib\mysql-connector-java-8.0.30.jar;C:\Users\Kiet\Desktop\abc\lib\mysql-connector.jar;C:\Users\Kiet\Desktop\abc\lib\slf4j-api-1.7.2.jar;C:\Users\Kiet\Desktop\abc\lib\slf4j-api-1.7.25.jar;C:\Users\Kiet\Desktop\abc\lib\slf4j-simple-1.7.25.jar;C:\Users\Kiet\Desktop\abc\lib\svgSalamander-1.1.4.jar;C:\Users\Kiet\Desktop\abc\lib\swingx-all-1.6.4.jar;C:\Users\Kiet\Desktop\abc\lib\webcam-capture-0.3.12.jar;C:\Users\Kiet\Desktop\abc\lib\zxing-1.7-javase.jar;C:\Users\Kiet\Desktop\abc\lib\zxing-core-2.0.jar;C:\Users\Kiet\Desktop\abc\lib\lib\SparseBitSet-1.2.jar;C:\Users\Kiet\Desktop\abc\lib\lib\commons-codec-1.15.jar;C:\Users\Kiet\Desktop\abc\lib\lib\commons-collections4-4.4.jar;C:\Users\Kiet\Desktop\abc\lib\lib\commons-compress-1.21.jar;C:\Users\Kiet\Desktop\abc\lib\lib\commons-io-2.11.0.jar;C:\Users\Kiet\Desktop\abc\lib\lib\commons-logging-1.2.jar;C:\Users\Kiet\Desktop\abc\lib\lib\commons-math3-3.6.1.jar;C:\Users\Kiet\Desktop\abc\lib\lib\curvesapi-1.07.jar;C:\Users\Kiet\Desktop\abc\lib\lib\jakarta.activation-2.0.1.jar;C:\Users\Kiet\Desktop\abc\lib\lib\jakarta.xml.bind-api-3.0.1.jar;C:\Users\Kiet\Desktop\abc\lib\lib\log4j-api-2.18.0.jar;C:\Users\Kiet\Desktop\abc\lib\lib\poi-5.2.3.jar;C:\Users\Kiet\Desktop\abc\lib\lib\poi-examples-5.2.3.jar;C:\Users\Kiet\Desktop\abc\lib\lib\poi-excelant-5.2.3.jar;C:\Users\Kiet\Desktop\abc\lib\lib\poi-javadoc-5.2.3.jar;C:\Users\Kiet\Desktop\abc\lib\lib\poi-ooxml-5.2.3.jar;C:\Users\Kiet\Desktop\abc\lib\lib\poi-ooxml-full-5.2.3.jar;C:\Users\Kiet\Desktop\abc\lib\lib\poi-ooxml-lite-5.2.3.jar;C:\Users\Kiet\Desktop\abc\lib\lib\poi-scratchpad-5.2.3.jar;C:\Users\Kiet\Desktop\abc\lib\lib\slf4j-api-1.7.36.jar;C:\Users\Kiet\Desktop\abc\lib\lib\xmlbeans-5.1.1.jar;C:\Users\Kiet\Desktop\Fashion-store-management-master\Lib_Jar\TimingFramework-0.55.jar;C:\Users\Kiet\Desktop\Fashion-store-management-master\Lib_Jar\activation.jar;C:\Users\Kiet\Desktop\Fashion-store-management-master\Lib_Jar\com.sun.net.ssl.jar;C:\Users\Kiet\Desktop\Fashion-store-management-master\Lib_Jar\filters-2.0.235.jar;C:\Users\Kiet\Desktop\Fashion-store-management-master\Lib_Jar\java-dotenv-5.1.3.jar;C:\Users\Kiet\Desktop\Fashion-store-management-master\Lib_Jar\java-dotenv-5.2.2.jar;C:\Users\Kiet\Desktop\Fashion-store-management-master\Lib_Jar\javax.mail.jar;C:\Users\Kiet\Desktop\Fashion-store-management-master\Lib_Jar\kotlin-runtime-1.2.71.jar;C:\Users\Kiet\Desktop\Fashion-store-management-master\Lib_Jar\kotlin-stdlib-1.4.0.jar;C:\Users\Kiet\Desktop\Fashion-store-management-master\Lib_Jar\kotlin-stdlib-1.5.31.jar;C:\Users\Kiet\Desktop\Fashion-store-management-master\Lib_Jar\kotlin-stdlib-common-1.4.0.jar;C:\Users\Kiet\Desktop\Fashion-store-management-master\Lib_Jar\miglayout-4.0.jar;C:\Users\Kiet\Desktop\Fashion-store-management-master\Lib_Jar\mssql-jdbc-8.4.1.jre14.jar;C:\Users\Kiet\Desktop\Fashion-store-management-master\Lib_Jar\mssql-jdbc-9.4.0.jre11.jar;C:\Users\Kiet\Desktop\Fashion-store-management-master\Lib_Jar\poi-3.17.jar;C:\Users\Kiet\Desktop\Fashion-store-management-master\Lib_Jar\poi-ooxml-3.17.jar;C:\Users\Kiet\Desktop\Fashion-store-management-master\Lib_Jar\swing-worker-1.1.jar;C:\Users\Kiet\Desktop\Fashion-store-management-master\Lib_Jar\swingx-1.6.1.jar;C:\Users\Kiet\Desktop\Fashion-store-management-master\Lib_Jar\xmlbeans-2.3.0.jar;C:\Users\Kiet\Desktop\Fashion-store-management-master\Lib_Jar\xmlbeans-3.1.0.jar;C:\Users\Kiet\Desktop\Fashion-store-management-master\Lib_Jar\xmlbeans-xmlpublic-2.0-dev-2.jar;C:\Users\Kiet\Desktop\DoAnJavaa\lib\flatlaf-3.3.jar;C:\Users\Kiet\Desktop\DoAnJavaa\lib\TimingFramework-0.55.jar;C:\Users\Kiet\Desktop\DoAnJavaa\lib\activation.jar;C:\Users\Kiet\Desktop\DoAnJavaa\lib\bridj-0.7.0.jar;C:\Users\Kiet\Desktop\DoAnJavaa\lib\com.sun.net.ssl.jar;C:\Users\Kiet\Desktop\DoAnJavaa\lib\core-3.3.0.jar;C:\Users\Kiet\Desktop\DoAnJavaa\lib\filters-2.0.235.jar;C:\Users\Kiet\Desktop\DoAnJavaa\lib\flatlaf-extras-3.1.jar;C:\Users\Kiet\Desktop\DoAnJavaa\lib\flatlaf-fonts-roboto-2.137.jar;C:\Users\Kiet\Desktop\DoAnJavaa\lib\itextpdf-5.5.12.jar;C:\Users\Kiet\Desktop\DoAnJavaa\lib\java-dotenv-5.1.3.jar;C:\Users\Kiet\Desktop\DoAnJavaa\lib\java-dotenv-5.2.2.jar;C:\Users\Kiet\Desktop\DoAnJavaa\lib\javase-3.3.0.jar;C:\Users\Kiet\Desktop\DoAnJavaa\lib\javax.activation-1.2.0.jar;C:\Users\Kiet\Desktop\DoAnJavaa\lib\javax.mail.jar;C:\Users\Kiet\Desktop\DoAnJavaa\lib\jcalendar-1.4.jar;C:\Users\Kiet\Desktop\DoAnJavaa\lib\kotlin-runtime-1.2.71.jar;C:\Users\Kiet\Desktop\DoAnJavaa\lib\kotlin-stdlib-1.4.0.jar;C:\Users\Kiet\Desktop\DoAnJavaa\lib\kotlin-stdlib-1.5.31.jar;C:\Users\Kiet\Desktop\DoAnJavaa\lib\kotlin-stdlib-common-1.4.0.jar;C:\Users\Kiet\Desktop\DoAnJavaa\lib\log4j-core-2.20.0.jar;C:\Users\Kiet\Desktop\DoAnJavaa\lib\miglayout-4.0.jar;C:\Users\Kiet\Desktop\DoAnJavaa\lib\mssql-jdbc-8.4.1.jre14.jar;C:\Users\Kiet\Desktop\DoAnJavaa\lib\mssql-jdbc-9.4.0.jre11.jar;C:\Users\Kiet\Desktop\DoAnJavaa\lib\mysql-connector-java-8.0.30.jar;C:\Users\Kiet\Desktop\DoAnJavaa\lib\mysql-connector.jar;C:\Users\Kiet\Desktop\DoAnJavaa\lib\poi-3.17.jar;C:\Users\Kiet\Desktop\DoAnJavaa\lib\poi-ooxml-3.17.jar;C:\Users\Kiet\Desktop\DoAnJavaa\lib\slf4j-api-1.7.2.jar;C:\Users\Kiet\Desktop\DoAnJavaa\lib\slf4j-api-1.7.25.jar;C:\Users\Kiet\Desktop\DoAnJavaa\lib\slf4j-simple-1.7.25.jar;C:\Users\Kiet\Desktop\DoAnJavaa\lib\svgSalamander-1.1.4.jar;C:\Users\Kiet\Desktop\DoAnJavaa\lib\swing-worker-1.1.jar;C:\Users\Kiet\Desktop\DoAnJavaa\lib\swingx-1.6.1.jar;C:\Users\Kiet\Desktop\DoAnJavaa\lib\swingx-all-1.6.4.jar;C:\Users\Kiet\Desktop\DoAnJavaa\lib\webcam-capture-0.3.12.jar;C:\Users\Kiet\Desktop\DoAnJavaa\lib\xmlbeans-2.3.0.jar;C:\Users\Kiet\Desktop\DoAnJavaa\lib\xmlbeans-3.1.0.jar;C:\Users\Kiet\Desktop\DoAnJavaa\lib\xmlbeans-xmlpublic-2.0-dev-2.jar;C:\Users\Kiet\Desktop\DoAnJavaa\lib\zxing-1.7-javase.jar;C:\Users\Kiet\Desktop\DoAnJavaa\lib\zxing-core-2.0.jar;C:\Program Files\NetBeans-20\netbeans\java\modules\ext\AbsoluteLayout.jar;C:\Users\Kiet\Desktop\DoAnJavaa\build\classes
Launcher Type: SUN_STANDARD

[Global flags]
     intx CICompilerCount                          = 4                                         {product} {ergonomic}
     uint ConcGCThreads                            = 2                                         {product} {ergonomic}
     uint G1ConcRefinementThreads                  = 8                                         {product} {ergonomic}
   size_t G1HeapRegionSize                         = 1048576                                   {product} {ergonomic}
    uintx GCDrainStackTargetSize                   = 64                                        {product} {ergonomic}
   size_t InitialHeapSize                          = 132120576                                 {product} {ergonomic}
   size_t MarkStackSize                            = 4194304                                   {product} {ergonomic}
   size_t MaxHeapSize                              = 2095054848                                {product} {ergonomic}
   size_t MaxNewSize                               = 1256194048                                {product} {ergonomic}
   size_t MinHeapDeltaBytes                        = 1048576                                   {product} {ergonomic}
   size_t MinHeapSize                              = 8388608                                   {product} {ergonomic}
    uintx NonNMethodCodeHeapSize                   = 5839372                                {pd product} {ergonomic}
    uintx NonProfiledCodeHeapSize                  = 122909434                              {pd product} {ergonomic}
    uintx ProfiledCodeHeapSize                     = 122909434                              {pd product} {ergonomic}
    uintx ReservedCodeCacheSize                    = 251658240                              {pd product} {ergonomic}
     bool SegmentedCodeCache                       = true                                      {product} {ergonomic}
   size_t SoftMaxHeapSize                          = 2095054848                             {manageable} {ergonomic}
     bool UseCompressedOops                        = true                           {product lp64_product} {ergonomic}
     bool UseG1GC                                  = true                                      {product} {ergonomic}
     bool UseLargePagesIndividualAllocation        = false                                  {pd product} {ergonomic}

Logging:
Log output configuration:
 #0: stdout all=warning uptime,level,tags foldmultilines=false
 #1: stderr all=off uptime,level,tags foldmultilines=false

Environment Variables:
PATH=C:\Program Files\Common Files\Oracle\Java\javapath;C:\Program Files (x86)\Common Files\Oracle\Java\javapath;C:\WINDOWS\system32;C:\WINDOWS;C:\WINDOWS\System32\Wbem;C:\WINDOWS\System32\WindowsPowerShell\v1.0\;C:\WINDOWS\System32\OpenSSH\;C:\Program Files\dotnet\;C:\Program Files\Common Files\Oracle\Java\javapath;C:\Program Files\Java\jdk-11\bin;C:\Program Files (x86)\Microsoft SQL Server\160\Tools\Binn\;C:\Program Files\Microsoft SQL Server\160\Tools\Binn\;C:\Program Files\Microsoft SQL Server\Client SDK\ODBC\170\Tools\Binn\;C:\Program Files\Microsoft SQL Server\160\DTS\Binn\;C:\Program Files (x86)\Microsoft SQL Server\160\DTS\Binn\;C:\Program Files\Azure Data Studio\bin;C:\Program Files\apache-maven-3.9.6\bin;C:\Program Files\Git\cmd;C:\Program Files\nodejs\;C:\Program Files\Java\jdk-21\bin;C:\Users\Kiet\AppData\Local\Microsoft\WindowsApps;C:\Users\Kiet\AppData\Local\Programs\Microsoft VS Code\bin;C:\Users\Kiet\AppData\Local\GitHubDesktop\bin;C:\Users\Kiet\.dotnet\tools;C:\Program Files\Azure Data Studio\bin;C:\Users\Kiet\AppData\Roaming\npm
USERNAME=Kiet
OS=Windows_NT
PROCESSOR_IDENTIFIER=Intel64 Family 6 Model 126 Stepping 5, GenuineIntel
TMP=C:\Users\Kiet\AppData\Local\Temp
TEMP=C:\Users\Kiet\AppData\Local\Temp




Periodic native trim disabled

---------------  S Y S T E M  ---------------

OS:
 Windows 11 , 64 bit Build 22621 (10.0.22621.3374)
OS uptime: 1 days 0:00 hours

CPU: total 8 (initial active 8) (4 cores per cpu, 2 threads per core) family 6 model 126 stepping 5 microcode 0xa6, cx8, cmov, fxsr, ht, mmx, 3dnowpref, sse, sse2, sse3, ssse3, sse4.1, sse4.2, popcnt, lzcnt, tsc, tscinvbit, avx, avx2, aes, erms, clmul, bmi1, bmi2, adx, avx512f, avx512dq, avx512cd, avx512bw, avx512vl, sha, fma, vzeroupper, avx512_vpopcntdq, avx512_vpclmulqdq, avx512_vaes, avx512_vnni, clflush, clflushopt, avx512_vbmi2, avx512_vbmi, rdtscp, rdpid, fsrm, gfni, avx512_bitalg, f16c, pku, avx512_ifma
Processor Information for all 8 processors :
  Max Mhz: 1190, Current Mhz: 991, Mhz Limit: 987

Memory: 4k page, system-wide physical 7987M (428M free)
TotalPageFile size 10035M (AvailPageFile size 5M)
current process WorkingSet (physical memory assigned to process): 134M, peak: 135M
current process commit charge ("private bytes"): 254M, peak: 256M

vm_info: Java HotSpot(TM) 64-Bit Server VM (21.0.2+13-LTS-58) for windows-amd64 JRE (21.0.2+13-LTS-58), built on 2024-01-05T18:32:24Z by "mach5one" with MS VC++ 17.1 (VS2022)

END.
