#
# There is insufficient memory for the Java Runtime Environment to continue.
# Native memory allocation (mmap) failed to map 65536 bytes for Failed to commit metaspace.
# Possible reasons:
#   The system is out of physical RAM or swap space
#   The process is running with CompressedOops enabled, and the Java Heap may be blocking the growth of the native heap
# Possible solutions:
#   Reduce memory load on the system
#   Increase physical memory or swap space
#   Check if swap backing store is full
#   Decrease Java heap size (-Xmx/-Xms)
#   Decrease number of Java threads
#   Decrease Java thread stack sizes (-Xss)
#   Set larger code cache with -XX:ReservedCodeCacheSize=
#   JVM is running with Unscaled Compressed Oops mode in which the Java heap is
#     placed in the first 4GB address space. The Java Heap base address is the
#     maximum limit for the native heap growth. Please use -XX:HeapBaseMinAddress
#     to set the Java Heap base and to place the Java Heap above 4GB virtual address.
# This output file may be truncated or incomplete.
#
#  Out of Memory Error (virtualSpaceNode.cpp:110), pid=13696, tid=15076
#
# JRE version: OpenJDK Runtime Environment Temurin-17.0.10+7 (17.0.10+7) (build 17.0.10+7)
# Java VM: OpenJDK 64-Bit Server VM Temurin-17.0.10+7 (17.0.10+7, mixed mode, tiered, compressed oops, compressed class ptrs, parallel gc, windows-amd64)
# No core dump will be written. Minidumps are not enabled by default on client versions of Windows
#

---------------  S U M M A R Y ------------

Command Line: --add-modules=ALL-SYSTEM --add-opens=java.base/java.util=ALL-UNNAMED --add-opens=java.base/java.lang=ALL-UNNAMED --add-opens=java.base/sun.nio.fs=ALL-UNNAMED -Declipse.application=org.eclipse.jdt.ls.core.id1 -Dosgi.bundles.defaultStartLevel=4 -Declipse.product=org.eclipse.jdt.ls.core.product -Djava.import.generatesMetadataFilesAtProjectRoot=false -DDetectVMInstallationsJob.disabled=true -Dfile.encoding=utf8 -XX:+UseParallelGC -XX:GCTimeRatio=4 -XX:AdaptiveSizePolicyWeight=90 -Dsun.zip.disableMemoryMapping=true -Xmx1G -Xms100m -Xlog:disable -javaagent:c:\Users\Kiet\.vscode\extensions\redhat.java-1.29.0-win32-x64\lombok\lombok-1.18.32.jar c:\Users\Kiet\.vscode\extensions\redhat.java-1.29.0-win32-x64\server\plugins\org.eclipse.equinox.launcher_1.6.800.v20240304-1850.jar -configuration c:\Users\Kiet\AppData\Roaming\Code\User\globalStorage\redhat.java\1.29.0\config_ss_win -data c:\Users\Kiet\AppData\Roaming\Code\User\workspaceStorage\9f0ec90a7e62ad64397c1cc3a6503a33\redhat.java\ss_ws --stdio

Host: Intel(R) Core(TM) i5-1035G1 CPU @ 1.00GHz, 8 cores, 7G,  Windows 11 , 64 bit Build 22621 (10.0.22621.3374)
Time: Tue Apr 16 22:57:49 2024 SE Asia Standard Time elapsed time: 14.681921 seconds (0d 0h 0m 14s)

---------------  T H R E A D  ---------------

Current thread (0x000001afacbd0d70):  JavaThread "Start Level: Equinox Container: 2981dda1-d50d-40dd-8e50-36505c5ee997" daemon [_thread_in_vm, id=15076, stack(0x0000009a8bb00000,0x0000009a8bc00000)]

Stack: [0x0000009a8bb00000,0x0000009a8bc00000]
Native frames: (J=compiled Java code, j=interpreted, Vv=VM code, C=native code)
V  [jvm.dll+0x67d2c9]
V  [jvm.dll+0x834afa]
V  [jvm.dll+0x8365be]
V  [jvm.dll+0x836c23]
V  [jvm.dll+0x2477ff]
V  [jvm.dll+0x8307bb]
V  [jvm.dll+0x621d16]
V  [jvm.dll+0x1c183e]
V  [jvm.dll+0x624671]
V  [jvm.dll+0x6226b6]
V  [jvm.dll+0x62c5a7]
V  [jvm.dll+0x1eb80b]
V  [jvm.dll+0x1ebd45]
V  [jvm.dll+0x1ec800]
V  [jvm.dll+0x1e1c01]
V  [jvm.dll+0x5427ce]
V  [jvm.dll+0x1f2647]
V  [jvm.dll+0x7adf9b]
V  [jvm.dll+0x7af36c]
V  [jvm.dll+0x7af6b8]
V  [jvm.dll+0x23face]
V  [jvm.dll+0x23fd1f]
V  [jvm.dll+0x560aa8]
V  [jvm.dll+0x5639a7]
V  [jvm.dll+0x386672]
V  [jvm.dll+0x385cdf]
C  0x000001af9c879ca3

The last pc belongs to invokestatic (printed below).
Java frames: (J=compiled Java code, j=interpreted, Vv=VM code)
j  java.util.Arrays.sort([C)V+4 java.base@17.0.10
j  org.apache.commons.lang3.ArraySorter.sort([C)[C+1
j  org.apache.commons.lang3.text.StrMatcher$CharSetMatcher.<init>([C)V+12
j  org.apache.commons.lang3.text.StrMatcher.<clinit>()V+45
v  ~StubRoutines::call_stub
j  org.apache.commons.lang3.text.StrSubstitutor.<clinit>()V+3
v  ~StubRoutines::call_stub
j  org.eclipse.jdt.ls.core.internal.ResourceUtils.expandPath(Ljava/lang/String;)Ljava/lang/String;+44
j  org.eclipse.jdt.ls.core.internal.preferences.Preferences$ReferencedLibraries$1.add(Ljava/lang/String;)Z+2
j  org.eclipse.jdt.ls.core.internal.preferences.Preferences$ReferencedLibraries$1.add(Ljava/lang/Object;)Z+5
j  org.eclipse.jdt.ls.core.internal.preferences.Preferences.<clinit>()V+344
v  ~StubRoutines::call_stub
j  org.eclipse.jdt.ls.core.internal.preferences.PreferenceManager.<init>()V+5
j  org.eclipse.jdt.ls.core.internal.JavaLanguageServerPlugin.start(Lorg/osgi/framework/BundleContext;)V+50
j  org.eclipse.osgi.internal.framework.BundleContextImpl$2.run()Ljava/lang/Void;+23
j  org.eclipse.osgi.internal.framework.BundleContextImpl$2.run()Ljava/lang/Object;+1
J 904 c1 java.security.AccessController.executePrivileged(Ljava/security/PrivilegedExceptionAction;Ljava/security/AccessControlContext;Ljava/lang/Class;)Ljava/lang/Object; java.base@17.0.10 (65 bytes) @ 0x000001af954a7934 [0x000001af954a77e0+0x0000000000000154]
j  java.security.AccessController.doPrivileged(Ljava/security/PrivilegedExceptionAction;)Ljava/lang/Object;+9 java.base@17.0.10
j  org.eclipse.osgi.internal.framework.BundleContextImpl.startActivator(Lorg/osgi/framework/BundleActivator;)V+9
j  org.eclipse.osgi.internal.framework.BundleContextImpl.start()V+134
j  org.eclipse.osgi.internal.framework.EquinoxBundle.startWorker0()V+35
j  org.eclipse.osgi.internal.framework.EquinoxBundle$EquinoxModule.startWorker()V+4
j  org.eclipse.osgi.container.Module.doStart([Lorg/eclipse/osgi/container/Module$StartOptions;)Lorg/eclipse/osgi/container/ModuleContainerAdaptor$ModuleEvent;+190
j  org.eclipse.osgi.container.Module.start([Lorg/eclipse/osgi/container/Module$StartOptions;)V+460
j  org.eclipse.osgi.container.ModuleContainer$ContainerStartLevel$2.run()V+71
j  org.eclipse.osgi.internal.framework.EquinoxContainerAdaptor$1$1.execute(Ljava/lang/Runnable;)V+1
j  org.eclipse.osgi.container.ModuleContainer$ContainerStartLevel.incStartLevel(ILjava/util/List;Z)V+193
j  org.eclipse.osgi.container.ModuleContainer$ContainerStartLevel.incStartLevel(ILjava/util/List;Ljava/util/List;Ljava/util/List;Ljava/util/List;)V+19
j  org.eclipse.osgi.container.ModuleContainer$ContainerStartLevel.doContainerStartLevel(Lorg/eclipse/osgi/container/Module;I[Lorg/osgi/framework/FrameworkListener;)V+349
j  org.eclipse.osgi.container.ModuleContainer$ContainerStartLevel.dispatchEvent(Lorg/eclipse/osgi/container/Module;[Lorg/osgi/framework/FrameworkListener;ILjava/lang/Integer;)V+32
j  org.eclipse.osgi.container.ModuleContainer$ContainerStartLevel.dispatchEvent(Ljava/lang/Object;Ljava/lang/Object;ILjava/lang/Object;)V+15
j  org.eclipse.osgi.framework.eventmgr.EventManager.dispatchEvent(Ljava/util/Set;Lorg/eclipse/osgi/framework/eventmgr/EventDispatcher;ILjava/lang/Object;)V+48
j  org.eclipse.osgi.framework.eventmgr.EventManager$EventThread.run()V+26
v  ~StubRoutines::call_stub
invokestatic  184 invokestatic  [0x000001af9c879c00, 0x000001af9c879ec0]  704 bytes
[MachCode]
  0x000001af9c879c00: 4883 ec08 | c5fa 1104 | 24eb 1f48 | 83ec 10c5 | fb11 0424 | eb14 4883 | ec10 4889 | 0424 48c7 
  0x000001af9c879c20: 4424 0800 | 0000 00eb | 0150 4c89 | 6dc0 410f | b755 0148 | 8b4d d0c1 | e202 8b5c | d120 c1eb 
  0x000001af9c879c40: 1081 e3ff | 0000 0081 | fbb8 0000 | 000f 84b6 | 0000 00bb | b800 0000 | e805 0000 | 00e9 9b00 
  0x000001af9c879c60: 0000 488b | d348 8d44 | 2408 4c89 | 6dc0 498b | cfc5 f877 | 4989 afa8 | 0200 0049 | 8987 9802 
  0x000001af9c879c80: 0000 4883 | ec20 f7c4 | 0f00 0000 | 0f84 1a00 | 0000 4883 | ec08 49ba | 705c 346d | ff7f 0000 
  0x000001af9c879ca0: 41ff d248 | 83c4 08e9 | 0d00 0000 | 49ba 705c | 346d ff7f | 0000 41ff | d248 83c4 | 2049 c787 
  0x000001af9c879cc0: 9802 0000 | 0000 0000 | 49c7 87a8 | 0200 0000 | 0000 0049 | c787 a002 | 0000 0000 | 0000 c5f8 
  0x000001af9c879ce0: 7749 817f | 0800 0000 | 000f 8405 | 0000 00e9 | 0c72 feff | 4c8b 6dc0 | 4c8b 75c8 | c341 0fb7 
  0x000001af9c879d00: 5501 488b | 4dd0 c1e2 | 0248 8b5c | d128 488b | 5b08 488b | 5b08 488b | 5b18 80bb | 3301 0000 
  0x000001af9c879d20: 040f 840d | 0000 004c | 3bbb 3801 | 0000 0f85 | 1fff ffff | 488b 5cd1 | 288b 54d1 | 38c1 ea1c 
  0x000001af9c879d40: 49ba a060 | b66d ff7f | 0000 498b | 14d2 5248 | 8b45 d848 | 85c0 0f84 | 1200 0000 | 4883 4008 
  0x000001af9c879d60: 0148 8358 | 0800 4883 | c010 4889 | 45d8 488b | 45d8 4885 | c00f 8423 | 0100 0080 | 78f0 0a0f 
  0x000001af9c879d80: 8519 0100 | 0048 83c0 | 084c 8b68 | f841 83ed | 0041 83fd | 020f 8cf8 | 0000 004c | 8b6b 0845 
  0x000001af9c879da0: 0fb7 6d2c | 4c2b 2841 | 83ed 014e | 8b6c ec08 | 4d85 ed75 | 0748 8348 | 0801 eb4a | 458b 6d08 
  0x000001af9c879dc0: 49c1 e503 | 4c33 6808 | 49f7 c5fc | ffff ff74 | 3549 f7c5 | 0200 0000 | 752c 4881 | 7808 0000 
  0x000001af9c879de0: 0000 741e | 4881 7808 | 0100 0000 | 7414 4c33 | 6808 49f7 | c5fc ffff | ff74 0b48 | 8348 0802 
  0x000001af9c879e00: eb04 4c89 | 6808 4883 | c010 4c8b | 68e8 4183 | ed02 4183 | fd02 0f8c | 7700 0000 | 4c8b 6b08 
  0x000001af9c879e20: 450f b76d | 2c4c 2b28 | 4183 ed01 | 4e8b 6cec | 084d 85ed | 7507 4883 | 4808 01eb | 4a45 8b6d 
  0x000001af9c879e40: 0849 c1e5 | 034c 3368 | 0849 f7c5 | fcff ffff | 7435 49f7 | c502 0000 | 0075 2c48 | 8178 0800 
  0x000001af9c879e60: 0000 0074 | 1e48 8178 | 0801 0000 | 0074 144c | 3368 0849 | f7c5 fcff | ffff 740b | 4883 4808 
  0x000001af9c879e80: 02eb 044c | 8968 0848 | 83c0 104c | 8b68 d841 | 83ed 0441 | c1e5 0349 | 03c5 4889 | 45d8 4c8d 
  0x000001af9c879ea0: 6c24 084c | 896d f0ff | 6350 660f | 1f44 0000 | 0000 0000 | 0000 0000 | 0000 0000 | 0000 0000 
[/MachCode]

Compiled method (c1)   14728  904       3       java.security.AccessController::executePrivileged (65 bytes)
 total in heap  [0x000001af954a7610,0x000001af954a7bf8] = 1512
 relocation     [0x000001af954a7768,0x000001af954a77c8] = 96
 main code      [0x000001af954a77e0,0x000001af954a7a80] = 672
 stub code      [0x000001af954a7a80,0x000001af954a7ad8] = 88
 metadata       [0x000001af954a7ad8,0x000001af954a7ae8] = 16
 scopes data    [0x000001af954a7ae8,0x000001af954a7b60] = 120
 scopes pcs     [0x000001af954a7b60,0x000001af954a7be0] = 128
 dependencies   [0x000001af954a7be0,0x000001af954a7be8] = 8
 nul chk table  [0x000001af954a7be8,0x000001af954a7bf8] = 16

[Constant Pool (empty)]

[MachCode]
[Verified Entry Point]
  # {method} {0x000001afa7030fe8} 'executePrivileged' '(Ljava/security/PrivilegedExceptionAction;Ljava/security/AccessControlContext;Ljava/lang/Class;)Ljava/lang/Object;' in 'java/security/AccessController'
  # parm0:    rdx:rdx   = 'java/security/PrivilegedExceptionAction'
  # parm1:    r8:r8     = 'java/security/AccessControlContext'
  # parm2:    r9:r9     = 'java/lang/Class'
  #           [sp+0x50]  (sp of caller)
  0x000001af954a77e0: 8984 2400 | 90ff ff55 | 4883 ec40 | 4c89 4424 

  0x000001af954a77f0: ;   {metadata(method data for {method} {0x000001afa7030fe8} 'executePrivileged' '(Ljava/security/PrivilegedExceptionAction;Ljava/security/AccessControlContext;Ljava/lang/Class;)Ljava/lang/Object;' in 'java/security/AccessController')}
  0x000001af954a77f0: 3048 bec0 | 059b a7af | 0100 008b | becc 0000 | 0083 c702 | 89be cc00 | 0000 81e7 | fe07 0000 
  0x000001af954a7810: 83ff 000f | 84b7 0100 | 0049 83f8 

  0x000001af954a781c: ;   {metadata(method data for {method} {0x000001afa7030fe8} 'executePrivileged' '(Ljava/security/PrivilegedExceptionAction;Ljava/security/AccessControlContext;Ljava/lang/Class;)Ljava/lang/Object;' in 'java/security/AccessController')}
  0x000001af954a781c: 0048 bec0 | 059b a7af | 0100 0048 | bf10 0100 | 0000 0000 | 000f 840a | 0000 0048 | bf20 0100 
  0x000001af954a783c: 0000 0000 | 0048 8b1c | 3e48 8d5b | 0148 891c | 3e4c 894c | 2428 4889 | 5424 200f | 841f 0000 
  0x000001af954a785c: ;   {metadata(method data for {method} {0x000001afa7030fe8} 'executePrivileged' '(Ljava/security/PrivilegedExceptionAction;Ljava/security/AccessControlContext;Ljava/lang/Class;)Ljava/lang/Object;' in 'java/security/AccessController')}
  0x000001af954a785c: 0048 bec0 | 059b a7af | 0100 0048 | 8386 3001 | 0000 0149 | 8bd0 0f1f 

  0x000001af954a7874: ;   {static_call}
  0x000001af954a7874: 4400 00e8 

  0x000001af954a7878: ; ImmutableOopMap {[32]=Oop [40]=Oop [48]=Oop }
                      ;*invokestatic ensureMaterializedForStackWalk {reexecute=0 rethrow=0 return_oop=0}
                      ; - java.security.AccessController::executePrivileged@5
  0x000001af954a7878: bcae 9d07 

  0x000001af954a787c: ;   {metadata(method data for {method} {0x000001afa7030fe8} 'executePrivileged' '(Ljava/security/PrivilegedExceptionAction;Ljava/security/AccessControlContext;Ljava/lang/Class;)Ljava/lang/Object;' in 'java/security/AccessController')}
  0x000001af954a787c: 48ba c005 | 9ba7 af01 | 0000 ff82 | 4001 0000 | 488b 5424 | 2048 3b02 

  0x000001af954a7894: ;   {metadata(method data for {method} {0x000001afa7030fe8} 'executePrivileged' '(Ljava/security/PrivilegedExceptionAction;Ljava/security/AccessControlContext;Ljava/lang/Class;)Ljava/lang/Object;' in 'java/security/AccessController')}
  0x000001af954a7894: 488b f248 | bfc0 059b | a7af 0100 | 008b 7608 | 48c1 e603 | 483b b7b0 | 0100 0075 | 0d48 8387 
  0x000001af954a78b4: b801 0000 | 01e9 6600 | 0000 483b | b7c0 0100 | 0075 0d48 | 8387 c801 | 0000 01e9 | 5000 0000 
  0x000001af954a78d4: 4881 bfb0 | 0100 0000 | 0000 0075 | 1748 89b7 | b001 0000 | 48c7 87b8 | 0100 0001 | 0000 00e9 
  0x000001af954a78f4: 2c00 0000 | 4881 bfc0 | 0100 0000 | 0000 0075 | 1748 89b7 | c001 0000 | 48c7 87c8 | 0100 0001 
  0x000001af954a7914: 0000 00e9 | 0800 0000 | 4883 87a0 | 0100 0001 | 9048 b870 | 47b4 acaf 

  0x000001af954a792c: ;   {virtual_call}
  0x000001af954a792c: 0100 00e8 

  0x000001af954a7930: ; ImmutableOopMap {[40]=Oop [48]=Oop }
                      ;*invokeinterface run {reexecute=0 rethrow=0 return_oop=0}
                      ; - java.security.AccessController::executePrivileged@29
  0x000001af954a7930: d498 4b07 

  0x000001af954a7934: ;   {metadata(method data for {method} {0x000001afa7030fe8} 'executePrivileged' '(Ljava/security/PrivilegedExceptionAction;Ljava/security/AccessControlContext;Ljava/lang/Class;)Ljava/lang/Object;' in 'java/security/AccessController')}
  0x000001af954a7934: 48be c005 | 9ba7 af01 | 0000 ff86 | d801 0000 | 4c8b 4c24 

  0x000001af954a7948: ;   {metadata(method data for {method} {0x000001afa7030fe8} 'executePrivileged' '(Ljava/security/PrivilegedExceptionAction;Ljava/security/AccessControlContext;Ljava/lang/Class;)Ljava/lang/Object;' in 'java/security/AccessController')}
  0x000001af954a7948: 2848 bec0 | 059b a7af | 0100 0048 | 8386 3802 

  0x000001af954a7958: ;   {metadata(method data for {method} {0x000001afa7035da8} 'reachabilityFence' '(Ljava/lang/Object;)V' in 'java/lang/ref/Reference')}
  0x000001af954a7958: 0000 0148 | be98 575e | a7af 0100 | 008b becc | 0000 0083 | c702 89be | cc00 0000 | 81e7 feff 
  0x000001af954a7978: 1f00 83ff | 000f 8473 

  0x000001af954a7980: ;   {metadata(method data for {method} {0x000001afa7030fe8} 'executePrivileged' '(Ljava/security/PrivilegedExceptionAction;Ljava/security/AccessControlContext;Ljava/lang/Class;)Ljava/lang/Object;' in 'java/security/AccessController')}
  0x000001af954a7980: 0000 0048 | bec0 059b | a7af 0100 | 0048 8386 | 4802 0000 

  0x000001af954a7994: ;   {metadata(method data for {method} {0x000001afa7035da8} 'reachabilityFence' '(Ljava/lang/Object;)V' in 'java/lang/ref/Reference')}
  0x000001af954a7994: 0148 be98 | 575e a7af | 0100 008b | becc 0000 | 0083 c702 | 89be cc00 | 0000 81e7 | feff 1f00 
  0x000001af954a79b4: 83ff 000f | 845a 0000 | 0048 83c4 

  0x000001af954a79c0: ;   {poll_return}
  0x000001af954a79c0: 405d 493b | a750 0300 | 000f 8766 | 0000 00c3 

  0x000001af954a79d0: ;   {metadata({method} {0x000001afa7030fe8} 'executePrivileged' '(Ljava/security/PrivilegedExceptionAction;Ljava/security/AccessControlContext;Ljava/lang/Class;)Ljava/lang/Object;' in 'java/security/AccessController')}
  0x000001af954a79d0: 49ba e00f | 03a7 af01 | 0000 4c89 | 5424 0848 | c704 24ff 

  0x000001af954a79e4: ;   {runtime_call counter_overflow Runtime1 stub}
  0x000001af954a79e4: ffff ffe8 

  0x000001af954a79e8: ; ImmutableOopMap {rdx=Oop r8=Oop [48]=Oop r9=Oop }
                      ;*synchronization entry
                      ; - java.security.AccessController::executePrivileged@-1
  0x000001af954a79e8: 942a 4b07 | e928 feff 

  0x000001af954a79f0: ;   {runtime_call throw_null_pointer_exception Runtime1 stub}
  0x000001af954a79f0: ffe8 2ac8 

  0x000001af954a79f4: ; ImmutableOopMap {[40]=Oop rdx=Oop [48]=Oop }
                      ;*invokeinterface run {reexecute=0 rethrow=0 return_oop=0}
                      ; - java.security.AccessController::executePrivileged@29
                      ;   {metadata({method} {0x000001afa7035da8} 'reachabilityFence' '(Ljava/lang/Object;)V' in 'java/lang/ref/Reference')}
  0x000001af954a79f4: 4a07 49ba | a05d 03a7 | af01 0000 | 4c89 5424 | 0848 c704 | 24ff ffff 

  0x000001af954a7a0c: ;   {runtime_call counter_overflow Runtime1 stub}
  0x000001af954a7a0c: ffe8 6e2a 

  0x000001af954a7a10: ; ImmutableOopMap {rax=Oop r9=Oop }
                      ;*synchronization entry
                      ; - java.lang.ref.Reference::reachabilityFence@-1
                      ; - java.security.AccessController::executePrivileged@56
  0x000001af954a7a10: 4b07 e96c 

  0x000001af954a7a14: ;   {metadata({method} {0x000001afa7035da8} 'reachabilityFence' '(Ljava/lang/Object;)V' in 'java/lang/ref/Reference')}
  0x000001af954a7a14: ffff ff49 | baa0 5d03 | a7af 0100 | 004c 8954 | 2408 48c7 | 0424 ffff 

  0x000001af954a7a2c: ;   {runtime_call counter_overflow Runtime1 stub}
  0x000001af954a7a2c: ffff e84d 

  0x000001af954a7a30: ; ImmutableOopMap {rax=Oop }
                      ;*synchronization entry
                      ; - java.lang.ref.Reference::reachabilityFence@-1
                      ; - java.security.AccessController::executePrivileged@60
  0x000001af954a7a30: 2a4b 07eb 

  0x000001af954a7a34: ;   {internal_word}
  0x000001af954a7a34: 8849 bac2 | 794a 95af | 0100 004d | 8997 6803 

  0x000001af954a7a44: ;   {runtime_call SafepointBlob}
  0x000001af954a7a44: 0000 e935 | 1241 0790 | 9049 8b87 | e003 0000 | 49c7 87e0 | 0300 0000 | 0000 0049 | c787 e803 
  0x000001af954a7a64: 0000 0000 | 0000 4883 

  0x000001af954a7a6c: ;   {runtime_call unwind_exception Runtime1 stub}
  0x000001af954a7a6c: c440 5de9 | 8ce7 4107 | f4f4 f4f4 | f4f4 f4f4 | f4f4 f4f4 
[Stub Code]
  0x000001af954a7a80: ;   {no_reloc}
  0x000001af954a7a80: 0f1f 4400 

  0x000001af954a7a84: ;   {static_stub}
  0x000001af954a7a84: 0048 bb58 | 0d03 a7af 

  0x000001af954a7a8c: ;   {runtime_call I2C/C2I adapters}
  0x000001af954a7a8c: 0100 00e9 | bc8a 4007 

  0x000001af954a7a94: ;   {static_stub}
  0x000001af954a7a94: 9048 bb00 | 0000 0000 

  0x000001af954a7a9c: ;   {runtime_call}
  0x000001af954a7a9c: 0000 00e9 | fbff ffff 
[Exception Handler]
  0x000001af954a7aa4: ;   {runtime_call handle_exception_from_callee Runtime1 stub}
  0x000001af954a7aa4: e857 ed4a 

  0x000001af954a7aa8: ;   {external_word}
  0x000001af954a7aa8: 0748 b940 | 9a8e 6dff | 7f00 0048 

  0x000001af954a7ab4: ;   {runtime_call}
  0x000001af954a7ab4: 83e4 f049 | ba60 2d57 | 6dff 7f00 | 0041 ffd2 

  0x000001af954a7ac4: ;   {section_word}
  0x000001af954a7ac4: f449 bac5 | 7a4a 95af | 0100 0041 

  0x000001af954a7ad0: ;   {runtime_call DeoptimizationBlob}
  0x000001af954a7ad0: 52e9 4a26 | 4107 f4f4 
[/MachCode]


---------------  P R O C E S S  ---------------

Threads class SMR info:
_java_thread_list=0x000001afac95a1a0, length=19, elements={
0x000001af9269f290, 0x000001afa6520020, 0x000001afa6521510, 0x000001afab5b2440,
0x000001afab5b2d10, 0x000001afab5b4f90, 0x000001afab5b5a60, 0x000001afab5b8ec0,
0x000001afab5d7b70, 0x000001afab630350, 0x000001af927020f0, 0x000001afab73fb60,
0x000001afad0e9ff0, 0x000001afad0b98d0, 0x000001afacbd0d70, 0x000001afaccf4670,
0x000001afad151dc0, 0x000001afad1518b0, 0x000001afad1522d0
}

Java Threads: ( => current thread )
  0x000001af9269f290 JavaThread "main" [_thread_blocked, id=8840, stack(0x0000009a8a300000,0x0000009a8a400000)]
  0x000001afa6520020 JavaThread "Reference Handler" daemon [_thread_blocked, id=9368, stack(0x0000009a8a600000,0x0000009a8a700000)]
  0x000001afa6521510 JavaThread "Finalizer" daemon [_thread_blocked, id=14752, stack(0x0000009a8a700000,0x0000009a8a800000)]
  0x000001afab5b2440 JavaThread "Signal Dispatcher" daemon [_thread_blocked, id=4472, stack(0x0000009a8a800000,0x0000009a8a900000)]
  0x000001afab5b2d10 JavaThread "Attach Listener" daemon [_thread_blocked, id=16652, stack(0x0000009a8a900000,0x0000009a8aa00000)]
  0x000001afab5b4f90 JavaThread "Service Thread" daemon [_thread_blocked, id=13128, stack(0x0000009a8aa00000,0x0000009a8ab00000)]
  0x000001afab5b5a60 JavaThread "Monitor Deflation Thread" daemon [_thread_blocked, id=18240, stack(0x0000009a8ab00000,0x0000009a8ac00000)]
  0x000001afab5b8ec0 JavaThread "C2 CompilerThread0" daemon [_thread_blocked, id=744, stack(0x0000009a8ac00000,0x0000009a8ad00000)]
  0x000001afab5d7b70 JavaThread "C1 CompilerThread0" daemon [_thread_in_vm, id=10732, stack(0x0000009a8ad00000,0x0000009a8ae00000)]
  0x000001afab630350 JavaThread "Sweeper thread" daemon [_thread_blocked, id=11280, stack(0x0000009a8ae00000,0x0000009a8af00000)]
  0x000001af927020f0 JavaThread "Common-Cleaner" daemon [_thread_blocked, id=18780, stack(0x0000009a8af00000,0x0000009a8b000000)]
  0x000001afab73fb60 JavaThread "Notification Thread" daemon [_thread_blocked, id=19280, stack(0x0000009a8b000000,0x0000009a8b100000)]
  0x000001afad0e9ff0 JavaThread "Active Thread: Equinox Container: 2981dda1-d50d-40dd-8e50-36505c5ee997" [_thread_blocked, id=3448, stack(0x0000009a8b800000,0x0000009a8b900000)]
  0x000001afad0b98d0 JavaThread "Framework Event Dispatcher: Equinox Container: 2981dda1-d50d-40dd-8e50-36505c5ee997" daemon [_thread_blocked, id=12964, stack(0x0000009a8ba00000,0x0000009a8bb00000)]
=>0x000001afacbd0d70 JavaThread "Start Level: Equinox Container: 2981dda1-d50d-40dd-8e50-36505c5ee997" daemon [_thread_in_vm, id=15076, stack(0x0000009a8bb00000,0x0000009a8bc00000)]
  0x000001afaccf4670 JavaThread "SCR Component Actor" daemon [_thread_blocked, id=6792, stack(0x0000009a8b900000,0x0000009a8ba00000)]
  0x000001afad151dc0 JavaThread "Worker-JM" [_thread_blocked, id=9176, stack(0x0000009a8bf00000,0x0000009a8c000000)]
  0x000001afad1518b0 JavaThread "Worker-0" [_thread_blocked, id=3312, stack(0x0000009a8be00000,0x0000009a8bf00000)]
  0x000001afad1522d0 JavaThread "Worker-1" [_thread_blocked, id=2492, stack(0x0000009a8c000000,0x0000009a8c100000)]

Other Threads:
  0x000001afab5914b0 VMThread "VM Thread" [stack: 0x0000009a8a500000,0x0000009a8a600000] [id=7720]
  0x000001afab8add70 WatcherThread [stack: 0x0000009a8b100000,0x0000009a8b200000] [id=18348]
  0x000001af926b42a0 GCTaskThread "GC Thread#0" [stack: 0x0000009a8a400000,0x0000009a8a500000] [id=20108]
  0x000001afacb8d600 GCTaskThread "GC Thread#1" [stack: 0x0000009a8b200000,0x0000009a8b300000] [id=1724]
  0x000001afacd9f0a0 GCTaskThread "GC Thread#2" [stack: 0x0000009a8b300000,0x0000009a8b400000] [id=7400]
  0x000001afacd9f360 GCTaskThread "GC Thread#3" [stack: 0x0000009a8b400000,0x0000009a8b500000] [id=11864]
  0x000001afacd9f620 GCTaskThread "GC Thread#4" [stack: 0x0000009a8b500000,0x0000009a8b600000] [id=16744]
  0x000001afacd9f8e0 GCTaskThread "GC Thread#5" [stack: 0x0000009a8b600000,0x0000009a8b700000] [id=12380]
  0x000001aface4f390 GCTaskThread "GC Thread#6" [stack: 0x0000009a8b700000,0x0000009a8b800000] [id=13820]
  0x000001afad0dbcf0 GCTaskThread "GC Thread#7" [stack: 0x0000009a8bc00000,0x0000009a8bd00000] [id=15728]

Threads with active compile tasks:
C1 CompilerThread0    14744 2698       3       java.util.concurrent.locks.LockSupport::parkNanos (29 bytes)

VM state: not at safepoint (normal execution)

VM Mutex/Monitor currently owned by a thread:  ([mutex/lock_event])
[0x000001af92699b30] Metaspace_lock - owner thread: 0x000001afacbd0d70
[0x000001af9269bb00] MethodData_lock - owner thread: 0x000001afab5d7b70

Heap address: 0x00000000c0000000, size: 1024 MB, Compressed Oops mode: 32-bit

CDS archive(s) not mapped
Compressed class space mapped at: 0x0000000100000000-0x0000000140000000, reserved size: 1073741824
Narrow klass base: 0x0000000000000000, Narrow klass shift: 3, Narrow klass range: 0x140000000

GC Precious Log:
 CPUs: 8 total, 8 available
 Memory: 7987M
 Large Page Support: Disabled
 NUMA Support: Disabled
 Compressed Oops: Enabled (32-bit)
 Alignments: Space 512K, Generation 512K, Heap 2M
 Heap Min Capacity: 100M
 Heap Initial Capacity: 100M
 Heap Max Capacity: 1G
 Pre-touch: Disabled
 Parallel Workers: 8

Heap:
 PSYoungGen      total 27136K, used 21347K [0x00000000eab00000, 0x00000000ec900000, 0x0000000100000000)
  eden space 24576K, 76% used [0x00000000eab00000,0x00000000ebd59f08,0x00000000ec300000)
  from space 2560K, 99% used [0x00000000ec600000,0x00000000ec87ed40,0x00000000ec880000)
  to   space 3072K, 0% used [0x00000000ec300000,0x00000000ec300000,0x00000000ec600000)
 ParOldGen       total 68608K, used 6774K [0x00000000c0000000, 0x00000000c4300000, 0x00000000eab00000)
  object space 68608K, 9% used [0x00000000c0000000,0x00000000c069d808,0x00000000c4300000)
 Metaspace       used 29252K, committed 29760K, reserved 1114112K
  class space    used 2816K, committed 3072K, reserved 1048576K

Card table byte_map: [0x000001af92030000,0x000001af92240000] _byte_map_base: 0x000001af91a30000

Marking Bits: (ParMarkBitMap*) 0x00007fff6db5d7d0
 Begin Bits: [0x000001afa4330000, 0x000001afa5330000)
 End Bits:   [0x000001afa5330000, 0x000001afa6330000)

Polling page: 0x000001af905e0000

Metaspace:

Usage:
  Non-class:     25.82 MB used.
      Class:      2.75 MB used.
       Both:     28.57 MB used.

Virtual space:
  Non-class space:       64.00 MB reserved,      26.06 MB ( 41%) committed,  1 nodes.
      Class space:        1.00 GB reserved,       3.00 MB ( <1%) committed,  1 nodes.
             Both:        1.06 GB reserved,      29.06 MB (  3%) committed. 

Chunk freelists:
   Non-Class:  4.95 MB
       Class:  12.93 MB
        Both:  17.88 MB

MaxMetaspaceSize: unlimited
CompressedClassSpaceSize: 1.00 GB
Initial GC threshold: 21.00 MB
Current GC threshold: 35.00 MB
CDS: off
MetaspaceReclaimPolicy: balanced
 - commit_granule_bytes: 65536.
 - commit_granule_words: 8192.
 - virtual_space_node_default_size: 8388608.
 - enlarge_chunks_in_place: 1.
 - new_chunks_are_fully_committed: 0.
 - uncommit_free_chunks: 1.
 - use_allocation_guard: 0.
 - handle_deallocations: 1.


Internal statistics:

num_allocs_failed_limit: 5.
num_arena_births: 302.
num_arena_deaths: 14.
num_vsnodes_births: 2.
num_vsnodes_deaths: 0.
num_space_committed: 465.
num_space_uncommitted: 0.
num_chunks_returned_to_freelist: 19.
num_chunks_taken_from_freelist: 1086.
num_chunk_merges: 5.
num_chunk_splits: 719.
num_chunks_enlarged: 506.
num_inconsistent_stats: 0.

CodeHeap 'non-profiled nmethods': size=120000Kb used=1232Kb max_used=1232Kb free=118767Kb
 bounds [0x000001af9ce00000, 0x000001af9d070000, 0x000001afa4330000]
CodeHeap 'profiled nmethods': size=120000Kb used=5398Kb max_used=5398Kb free=114601Kb
 bounds [0x000001af95330000, 0x000001af95880000, 0x000001af9c860000]
CodeHeap 'non-nmethods': size=5760Kb used=1251Kb max_used=1282Kb free=4508Kb
 bounds [0x000001af9c860000, 0x000001af9cad0000, 0x000001af9ce00000]
 total_blobs=3250 nmethods=2697 adapters=467
 compilation: enabled
              stopped_count=0, restarted_count=0
 full_count=0

Compilation events (20 events):
Event: 14.667 Thread 0x000001afab5d7b70 2684       3       java.nio.file.attribute.FileTime::from (18 bytes)
Event: 14.667 Thread 0x000001afab5d7b70 nmethod 2684 0x000001af95873190 code [0x000001af95873360, 0x000001af958736e8]
Event: 14.667 Thread 0x000001afab5d7b70 2685       3       java.nio.file.attribute.FileTime::<init> (21 bytes)
Event: 14.667 Thread 0x000001afab5d7b70 nmethod 2685 0x000001af95873890 code [0x000001af95873a20, 0x000001af95873bb8]
Event: 14.668 Thread 0x000001afab5d7b70 2682       1       java.util.zip.ZipEntry::getName (5 bytes)
Event: 14.668 Thread 0x000001afab5d7b70 nmethod 2682 0x000001af9cf30110 code [0x000001af9cf302a0, 0x000001af9cf30378]
Event: 14.668 Thread 0x000001afab5d7b70 2687       3       org.eclipse.osgi.storage.bundlefile.ZipBundleFile$1::hasNext (10 bytes)
Event: 14.668 Thread 0x000001afab5d7b70 nmethod 2687 0x000001af95873c90 code [0x000001af95873e40, 0x000001af95874008]
Event: 14.668 Thread 0x000001afab5d7b70 2688       3       org.eclipse.osgi.storage.bundlefile.ZipBundleFile$1::next (5 bytes)
Event: 14.668 Thread 0x000001afab5d7b70 nmethod 2688 0x000001af95874110 code [0x000001af958742e0, 0x000001af958746b8]
Event: 14.668 Thread 0x000001afab5d7b70 2689       3       org.eclipse.osgi.storage.bundlefile.ZipBundleFile$1::next (18 bytes)
Event: 14.668 Thread 0x000001afab5d7b70 nmethod 2689 0x000001af95874810 code [0x000001af958749c0, 0x000001af95874d38]
Event: 14.668 Thread 0x000001afab5d7b70 2690       3       java.lang.Byte::toUnsignedInt (6 bytes)
Event: 14.668 Thread 0x000001afab5d7b70 nmethod 2690 0x000001af95874e90 code [0x000001af95875020, 0x000001af95875118]
Event: 14.668 Thread 0x000001afab5d7b70 2692       3       java.util.zip.ZipUtils::get32S (17 bytes)
Event: 14.669 Thread 0x000001afab5d7b70 nmethod 2692 0x000001af95875190 code [0x000001af95875340, 0x000001af95875598]
Event: 14.669 Thread 0x000001afab5d7b70 2693       3       java.util.zip.ZipUtils::unixTimeToFileTime (8 bytes)
Event: 14.669 Thread 0x000001afab5d7b70 nmethod 2693 0x000001af95875710 code [0x000001af958758a0, 0x000001af958759c8]
Event: 14.672 Thread 0x000001afab5b8ec0 nmethod 2694 0x000001af9cf30410 code [0x000001af9cf305a0, 0x000001af9cf30b38]
Event: 14.672 Thread 0x000001afab5b8ec0 2695       4       java.util.zip.ZipCoder$UTF8ZipCoder::toString (12 bytes)

GC Heap History (14 events):
Event: 3.207 GC heap before
{Heap before GC invocations=1 (full 0):
 PSYoungGen      total 29696K, used 25600K [0x00000000eab00000, 0x00000000ecc00000, 0x0000000100000000)
  eden space 25600K, 100% used [0x00000000eab00000,0x00000000ec400000,0x00000000ec400000)
  from space 4096K, 0% used [0x00000000ec800000,0x00000000ec800000,0x00000000ecc00000)
  to   space 4096K, 0% used [0x00000000ec400000,0x00000000ec400000,0x00000000ec800000)
 ParOldGen       total 68608K, used 0K [0x00000000c0000000, 0x00000000c4300000, 0x00000000eab00000)
  object space 68608K, 0% used [0x00000000c0000000,0x00000000c0000000,0x00000000c4300000)
 Metaspace       used 10984K, committed 11200K, reserved 1114112K
  class space    used 1096K, committed 1216K, reserved 1048576K
}
Event: 3.240 GC heap after
{Heap after GC invocations=1 (full 0):
 PSYoungGen      total 29696K, used 3188K [0x00000000eab00000, 0x00000000ecc00000, 0x0000000100000000)
  eden space 25600K, 0% used [0x00000000eab00000,0x00000000eab00000,0x00000000ec400000)
  from space 4096K, 77% used [0x00000000ec400000,0x00000000ec71d278,0x00000000ec800000)
  to   space 4096K, 0% used [0x00000000ec800000,0x00000000ec800000,0x00000000ecc00000)
 ParOldGen       total 68608K, used 0K [0x00000000c0000000, 0x00000000c4300000, 0x00000000eab00000)
  object space 68608K, 0% used [0x00000000c0000000,0x00000000c0000000,0x00000000c4300000)
 Metaspace       used 10984K, committed 11200K, reserved 1114112K
  class space    used 1096K, committed 1216K, reserved 1048576K
}
Event: 5.408 GC heap before
{Heap before GC invocations=2 (full 0):
 PSYoungGen      total 29696K, used 28788K [0x00000000eab00000, 0x00000000ecc00000, 0x0000000100000000)
  eden space 25600K, 100% used [0x00000000eab00000,0x00000000ec400000,0x00000000ec400000)
  from space 4096K, 77% used [0x00000000ec400000,0x00000000ec71d278,0x00000000ec800000)
  to   space 4096K, 0% used [0x00000000ec800000,0x00000000ec800000,0x00000000ecc00000)
 ParOldGen       total 68608K, used 0K [0x00000000c0000000, 0x00000000c4300000, 0x00000000eab00000)
  object space 68608K, 0% used [0x00000000c0000000,0x00000000c0000000,0x00000000c4300000)
 Metaspace       used 14733K, committed 15040K, reserved 1114112K
  class space    used 1493K, committed 1664K, reserved 1048576K
}
Event: 5.418 GC heap after
{Heap after GC invocations=2 (full 0):
 PSYoungGen      total 29696K, used 4089K [0x00000000eab00000, 0x00000000ecc00000, 0x0000000100000000)
  eden space 25600K, 0% used [0x00000000eab00000,0x00000000eab00000,0x00000000ec400000)
  from space 4096K, 99% used [0x00000000ec800000,0x00000000ecbfe778,0x00000000ecc00000)
  to   space 4096K, 0% used [0x00000000ec400000,0x00000000ec400000,0x00000000ec800000)
 ParOldGen       total 68608K, used 763K [0x00000000c0000000, 0x00000000c4300000, 0x00000000eab00000)
  object space 68608K, 1% used [0x00000000c0000000,0x00000000c00beed8,0x00000000c4300000)
 Metaspace       used 14733K, committed 15040K, reserved 1114112K
  class space    used 1493K, committed 1664K, reserved 1048576K
}
Event: 7.278 GC heap before
{Heap before GC invocations=3 (full 0):
 PSYoungGen      total 29696K, used 29689K [0x00000000eab00000, 0x00000000ecc00000, 0x0000000100000000)
  eden space 25600K, 100% used [0x00000000eab00000,0x00000000ec400000,0x00000000ec400000)
  from space 4096K, 99% used [0x00000000ec800000,0x00000000ecbfe778,0x00000000ecc00000)
  to   space 4096K, 0% used [0x00000000ec400000,0x00000000ec400000,0x00000000ec800000)
 ParOldGen       total 68608K, used 763K [0x00000000c0000000, 0x00000000c4300000, 0x00000000eab00000)
  object space 68608K, 1% used [0x00000000c0000000,0x00000000c00beed8,0x00000000c4300000)
 Metaspace       used 19778K, committed 20160K, reserved 1114112K
  class space    used 2021K, committed 2176K, reserved 1048576K
}
Event: 7.285 GC heap after
{Heap after GC invocations=3 (full 0):
 PSYoungGen      total 29696K, used 4090K [0x00000000eab00000, 0x00000000ecc00000, 0x0000000100000000)
  eden space 25600K, 0% used [0x00000000eab00000,0x00000000eab00000,0x00000000ec400000)
  from space 4096K, 99% used [0x00000000ec400000,0x00000000ec7feaf0,0x00000000ec800000)
  to   space 4096K, 0% used [0x00000000ec800000,0x00000000ec800000,0x00000000ecc00000)
 ParOldGen       total 68608K, used 2439K [0x00000000c0000000, 0x00000000c4300000, 0x00000000eab00000)
  object space 68608K, 3% used [0x00000000c0000000,0x00000000c0261f38,0x00000000c4300000)
 Metaspace       used 19778K, committed 20160K, reserved 1114112K
  class space    used 2021K, committed 2176K, reserved 1048576K
}
Event: 7.975 GC heap before
{Heap before GC invocations=4 (full 0):
 PSYoungGen      total 29696K, used 11978K [0x00000000eab00000, 0x00000000ecc00000, 0x0000000100000000)
  eden space 25600K, 30% used [0x00000000eab00000,0x00000000eb2b3d10,0x00000000ec400000)
  from space 4096K, 99% used [0x00000000ec400000,0x00000000ec7feaf0,0x00000000ec800000)
  to   space 4096K, 0% used [0x00000000ec800000,0x00000000ec800000,0x00000000ecc00000)
 ParOldGen       total 68608K, used 2439K [0x00000000c0000000, 0x00000000c4300000, 0x00000000eab00000)
  object space 68608K, 3% used [0x00000000c0000000,0x00000000c0261f38,0x00000000c4300000)
 Metaspace       used 21082K, committed 21504K, reserved 1114112K
  class space    used 2162K, committed 2368K, reserved 1048576K
}
Event: 7.983 GC heap after
{Heap after GC invocations=4 (full 0):
 PSYoungGen      total 29696K, used 4083K [0x00000000eab00000, 0x00000000ecc00000, 0x0000000100000000)
  eden space 25600K, 0% used [0x00000000eab00000,0x00000000eab00000,0x00000000ec400000)
  from space 4096K, 99% used [0x00000000ec800000,0x00000000ecbfcf38,0x00000000ecc00000)
  to   space 4096K, 0% used [0x00000000ec400000,0x00000000ec400000,0x00000000ec800000)
 ParOldGen       total 68608K, used 2900K [0x00000000c0000000, 0x00000000c4300000, 0x00000000eab00000)
  object space 68608K, 4% used [0x00000000c0000000,0x00000000c02d5240,0x00000000c4300000)
 Metaspace       used 21082K, committed 21504K, reserved 1114112K
  class space    used 2162K, committed 2368K, reserved 1048576K
}
Event: 7.983 GC heap before
{Heap before GC invocations=5 (full 1):
 PSYoungGen      total 29696K, used 4083K [0x00000000eab00000, 0x00000000ecc00000, 0x0000000100000000)
  eden space 25600K, 0% used [0x00000000eab00000,0x00000000eab00000,0x00000000ec400000)
  from space 4096K, 99% used [0x00000000ec800000,0x00000000ecbfcf38,0x00000000ecc00000)
  to   space 4096K, 0% used [0x00000000ec400000,0x00000000ec400000,0x00000000ec800000)
 ParOldGen       total 68608K, used 2900K [0x00000000c0000000, 0x00000000c4300000, 0x00000000eab00000)
  object space 68608K, 4% used [0x00000000c0000000,0x00000000c02d5240,0x00000000c4300000)
 Metaspace       used 21082K, committed 21504K, reserved 1114112K
  class space    used 2162K, committed 2368K, reserved 1048576K
}
Event: 8.025 GC heap after
{Heap after GC invocations=5 (full 1):
 PSYoungGen      total 29696K, used 0K [0x00000000eab00000, 0x00000000ecc00000, 0x0000000100000000)
  eden space 25600K, 0% used [0x00000000eab00000,0x00000000eab00000,0x00000000ec400000)
  from space 4096K, 0% used [0x00000000ec800000,0x00000000ec800000,0x00000000ecc00000)
  to   space 4096K, 0% used [0x00000000ec400000,0x00000000ec400000,0x00000000ec800000)
 ParOldGen       total 68608K, used 6766K [0x00000000c0000000, 0x00000000c4300000, 0x00000000eab00000)
  object space 68608K, 9% used [0x00000000c0000000,0x00000000c069b808,0x00000000c4300000)
 Metaspace       used 21068K, committed 21504K, reserved 1114112K
  class space    used 2159K, committed 2368K, reserved 1048576K
}
Event: 9.036 GC heap before
{Heap before GC invocations=6 (full 1):
 PSYoungGen      total 29696K, used 25600K [0x00000000eab00000, 0x00000000ecc00000, 0x0000000100000000)
  eden space 25600K, 100% used [0x00000000eab00000,0x00000000ec400000,0x00000000ec400000)
  from space 4096K, 0% used [0x00000000ec800000,0x00000000ec800000,0x00000000ecc00000)
  to   space 4096K, 0% used [0x00000000ec400000,0x00000000ec400000,0x00000000ec800000)
 ParOldGen       total 68608K, used 6766K [0x00000000c0000000, 0x00000000c4300000, 0x00000000eab00000)
  object space 68608K, 9% used [0x00000000c0000000,0x00000000c069b808,0x00000000c4300000)
 Metaspace       used 24111K, committed 24576K, reserved 1114112K
  class space    used 2361K, committed 2560K, reserved 1048576K
}
Event: 9.039 GC heap after
{Heap after GC invocations=6 (full 1):
 PSYoungGen      total 26112K, used 781K [0x00000000eab00000, 0x00000000ec880000, 0x0000000100000000)
  eden space 25088K, 0% used [0x00000000eab00000,0x00000000eab00000,0x00000000ec380000)
  from space 1024K, 76% used [0x00000000ec400000,0x00000000ec4c3510,0x00000000ec500000)
  to   space 2560K, 0% used [0x00000000ec600000,0x00000000ec600000,0x00000000ec880000)
 ParOldGen       total 68608K, used 6766K [0x00000000c0000000, 0x00000000c4300000, 0x00000000eab00000)
  object space 68608K, 9% used [0x00000000c0000000,0x00000000c069b808,0x00000000c4300000)
 Metaspace       used 24111K, committed 24576K, reserved 1114112K
  class space    used 2361K, committed 2560K, reserved 1048576K
}
Event: 9.934 GC heap before
{Heap before GC invocations=7 (full 1):
 PSYoungGen      total 26112K, used 25869K [0x00000000eab00000, 0x00000000ec880000, 0x0000000100000000)
  eden space 25088K, 100% used [0x00000000eab00000,0x00000000ec380000,0x00000000ec380000)
  from space 1024K, 76% used [0x00000000ec400000,0x00000000ec4c3510,0x00000000ec500000)
  to   space 2560K, 0% used [0x00000000ec600000,0x00000000ec600000,0x00000000ec880000)
 ParOldGen       total 68608K, used 6766K [0x00000000c0000000, 0x00000000c4300000, 0x00000000eab00000)
  object space 68608K, 9% used [0x00000000c0000000,0x00000000c069b808,0x00000000c4300000)
 Metaspace       used 26673K, committed 27200K, reserved 1114112K
  class space    used 2563K, committed 2816K, reserved 1048576K
}
Event: 9.936 GC heap after
{Heap after GC invocations=7 (full 1):
 PSYoungGen      total 27136K, used 2555K [0x00000000eab00000, 0x00000000ec900000, 0x0000000100000000)
  eden space 24576K, 0% used [0x00000000eab00000,0x00000000eab00000,0x00000000ec300000)
  from space 2560K, 99% used [0x00000000ec600000,0x00000000ec87ed40,0x00000000ec880000)
  to   space 3072K, 0% used [0x00000000ec300000,0x00000000ec300000,0x00000000ec600000)
 ParOldGen       total 68608K, used 6774K [0x00000000c0000000, 0x00000000c4300000, 0x00000000eab00000)
  object space 68608K, 9% used [0x00000000c0000000,0x00000000c069d808,0x00000000c4300000)
 Metaspace       used 26673K, committed 27200K, reserved 1114112K
  class space    used 2563K, committed 2816K, reserved 1048576K
}

Dll operation events (9 events):
Event: 0.039 Loaded shared library c:\Users\Kiet\.vscode\extensions\redhat.java-1.29.0-win32-x64\jre\17.0.10-win32-x86_64\bin\java.dll
Event: 0.839 Loaded shared library c:\Users\Kiet\.vscode\extensions\redhat.java-1.29.0-win32-x64\jre\17.0.10-win32-x86_64\bin\zip.dll
Event: 0.843 Loaded shared library C:\Users\Kiet\.vscode\extensions\redhat.java-1.29.0-win32-x64\jre\17.0.10-win32-x86_64\bin\instrument.dll
Event: 0.875 Loaded shared library C:\Users\Kiet\.vscode\extensions\redhat.java-1.29.0-win32-x64\jre\17.0.10-win32-x86_64\bin\net.dll
Event: 0.879 Loaded shared library C:\Users\Kiet\.vscode\extensions\redhat.java-1.29.0-win32-x64\jre\17.0.10-win32-x86_64\bin\nio.dll
Event: 0.902 Loaded shared library C:\Users\Kiet\.vscode\extensions\redhat.java-1.29.0-win32-x64\jre\17.0.10-win32-x86_64\bin\zip.dll
Event: 0.953 Loaded shared library C:\Users\Kiet\.vscode\extensions\redhat.java-1.29.0-win32-x64\jre\17.0.10-win32-x86_64\bin\jimage.dll
Event: 1.188 Loaded shared library c:\Users\Kiet\.vscode\extensions\redhat.java-1.29.0-win32-x64\jre\17.0.10-win32-x86_64\bin\verify.dll
Event: 4.991 Loaded shared library C:\Users\Kiet\AppData\Roaming\Code\User\globalStorage\redhat.java\1.29.0\config_ss_win\org.eclipse.equinox.launcher\org.eclipse.equinox.launcher.win32.win32.x86_64_1.2.900.v20240213-1244\eclipse_11900.dll

Deoptimization events (20 events):
Event: 14.128 Thread 0x000001afacbd0d70 Uncommon trap: trap_request=0xffffff45 fr.pc=0x000001af9ce1aa30 relative=0x0000000000000390
Event: 14.128 Thread 0x000001afacbd0d70 Uncommon trap: reason=unstable_if action=reinterpret pc=0x000001af9ce1aa30 method=java.lang.StringLatin1.canEncode(I)Z @ 4 c2
Event: 14.128 Thread 0x000001afacbd0d70 DEOPT PACKING pc=0x000001af9ce1aa30 sp=0x0000009a8bbfe5f0
Event: 14.128 Thread 0x000001afacbd0d70 DEOPT UNPACKING pc=0x000001af9c8b9ea3 sp=0x0000009a8bbfe518 mode 2
Event: 14.128 Thread 0x000001afacbd0d70 Uncommon trap: trap_request=0xffffff45 fr.pc=0x000001af9ce1a10c relative=0x000000000000036c
Event: 14.128 Thread 0x000001afacbd0d70 Uncommon trap: reason=unstable_if action=reinterpret pc=0x000001af9ce1a10c method=java.lang.AbstractStringBuilder.isLatin1()Z @ 10 c2
Event: 14.128 Thread 0x000001afacbd0d70 DEOPT PACKING pc=0x000001af9ce1a10c sp=0x0000009a8bbfe610
Event: 14.128 Thread 0x000001afacbd0d70 DEOPT UNPACKING pc=0x000001af9c8b9ea3 sp=0x0000009a8bbfe590 mode 2
Event: 14.128 Thread 0x000001afacbd0d70 Uncommon trap: trap_request=0xffffff45 fr.pc=0x000001af9ce9895c relative=0x000000000000005c
Event: 14.128 Thread 0x000001afacbd0d70 Uncommon trap: reason=unstable_if action=reinterpret pc=0x000001af9ce9895c method=java.lang.AbstractStringBuilder.isLatin1()Z @ 10 c2
Event: 14.128 Thread 0x000001afacbd0d70 DEOPT PACKING pc=0x000001af9ce9895c sp=0x0000009a8bbfe5f0
Event: 14.128 Thread 0x000001afacbd0d70 DEOPT UNPACKING pc=0x000001af9c8b9ea3 sp=0x0000009a8bbfe580 mode 2
Event: 14.133 Thread 0x000001afacbd0d70 Uncommon trap: trap_request=0xffffffc6 fr.pc=0x000001af9ce8f304 relative=0x0000000000000944
Event: 14.133 Thread 0x000001afacbd0d70 Uncommon trap: reason=bimorphic_or_optimized_type_check action=maybe_recompile pc=0x000001af9ce8f304 method=java.util.HashMap.putVal(ILjava/lang/Object;Ljava/lang/Object;ZZ)Ljava/lang/Object; @ 56 c2
Event: 14.133 Thread 0x000001afacbd0d70 DEOPT PACKING pc=0x000001af9ce8f304 sp=0x0000009a8bbfdcf0
Event: 14.133 Thread 0x000001afacbd0d70 DEOPT UNPACKING pc=0x000001af9c8b9ea3 sp=0x0000009a8bbfdc48 mode 2
Event: 14.134 Thread 0x000001afacbd0d70 Uncommon trap: trap_request=0xffffffc6 fr.pc=0x000001af9ce8f304 relative=0x0000000000000944
Event: 14.134 Thread 0x000001afacbd0d70 Uncommon trap: reason=bimorphic_or_optimized_type_check action=maybe_recompile pc=0x000001af9ce8f304 method=java.util.HashMap.putVal(ILjava/lang/Object;Ljava/lang/Object;ZZ)Ljava/lang/Object; @ 56 c2
Event: 14.134 Thread 0x000001afacbd0d70 DEOPT PACKING pc=0x000001af9ce8f304 sp=0x0000009a8bbfdcf0
Event: 14.134 Thread 0x000001afacbd0d70 DEOPT UNPACKING pc=0x000001af9c8b9ea3 sp=0x0000009a8bbfdc48 mode 2

Classes unloaded (7 events):
Event: 7.991 Thread 0x000001afab5914b0 Unloading class 0x000000010021a400 'java/lang/invoke/LambdaForm$MH+0x000000010021a400'
Event: 7.991 Thread 0x000001afab5914b0 Unloading class 0x000000010021a000 'java/lang/invoke/LambdaForm$MH+0x000000010021a000'
Event: 7.991 Thread 0x000001afab5914b0 Unloading class 0x0000000100219c00 'java/lang/invoke/LambdaForm$MH+0x0000000100219c00'
Event: 7.991 Thread 0x000001afab5914b0 Unloading class 0x0000000100219800 'java/lang/invoke/LambdaForm$MH+0x0000000100219800'
Event: 7.991 Thread 0x000001afab5914b0 Unloading class 0x0000000100219400 'java/lang/invoke/LambdaForm$BMH+0x0000000100219400'
Event: 7.991 Thread 0x000001afab5914b0 Unloading class 0x0000000100219000 'java/lang/invoke/LambdaForm$DMH+0x0000000100219000'
Event: 7.991 Thread 0x000001afab5914b0 Unloading class 0x0000000100214400 'java/lang/invoke/LambdaForm$DMH+0x0000000100214400'

Classes redefined (0 events):
No events

Internal exceptions (20 events):
Event: 7.571 Thread 0x000001afacbd0d70 Exception <a 'java/lang/NoSuchMethodError'{0x00000000eae2f170}: 'java.lang.Object java.lang.invoke.DirectMethodHandle$Holder.invokeStaticInit(java.lang.Object, int)'> (0x00000000eae2f170) 
thrown [s\src\hotspot\share\interpreter\linkResolver.cpp, line 759]
Event: 7.751 Thread 0x000001afacbd0d70 Exception <a 'java/lang/NoSuchMethodError'{0x00000000eb06a4f0}: 'java.lang.Object java.lang.invoke.DirectMethodHandle$Holder.invokeSpecial(java.lang.Object, java.lang.Object, java.lang.Object, long, java.lang.Object)'> (0x00000000eb06a4f0) 
thrown [s\src\hotspot\share\interpreter\linkResolver.cpp, line 759]
Event: 7.775 Thread 0x000001afacbd0d70 Exception <a 'java/lang/NoSuchMethodError'{0x00000000eb0726a8}: 'java.lang.Object java.lang.invoke.DirectMethodHandle$Holder.newInvokeSpecial(java.lang.Object, java.lang.Object, java.lang.Object, long)'> (0x00000000eb0726a8) 
thrown [s\src\hotspot\share\interpreter\linkResolver.cpp, line 759]
Event: 7.779 Thread 0x000001afacbd0d70 Exception <a 'java/lang/NoSuchMethodError'{0x00000000eb076c48}: 'java.lang.Object java.lang.invoke.DirectMethodHandle$Holder.invokeSpecial(java.lang.Object, java.lang.Object, java.lang.Object, java.lang.Object, long)'> (0x00000000eb076c48) 
thrown [s\src\hotspot\share\interpreter\linkResolver.cpp, line 759]
Event: 7.785 Thread 0x000001afacbd0d70 Exception <a 'java/lang/NoSuchMethodError'{0x00000000eb07ad28}: 'java.lang.Object java.lang.invoke.Invokers$Holder.linkToTargetMethod(java.lang.Object, java.lang.Object, long, java.lang.Object)'> (0x00000000eb07ad28) 
thrown [s\src\hotspot\share\interpreter\linkResolver.cpp, line 759]
Event: 7.819 Thread 0x000001afacbd0d70 Exception <a 'java/lang/NoSuchMethodError'{0x00000000eb0fc448}: 'int java.lang.invoke.DirectMethodHandle$Holder.invokeStaticInit(java.lang.Object, java.lang.Object, java.lang.Object)'> (0x00000000eb0fc448) 
thrown [s\src\hotspot\share\interpreter\linkResolver.cpp, line 759]
Event: 7.864 Thread 0x000001afacbd0d70 Exception <a 'java/lang/IncompatibleClassChangeError'{0x00000000eb17f7f8}: Found class java.lang.Object, but interface was expected> (0x00000000eb17f7f8) 
thrown [s\src\hotspot\share\interpreter\linkResolver.cpp, line 826]
Event: 7.873 Thread 0x000001afacbd0d70 Exception <a 'java/lang/NoSuchMethodError'{0x00000000eb192808}: 'java.lang.Object java.lang.invoke.DirectMethodHandle$Holder.invokeSpecial(java.lang.Object, java.lang.Object, java.lang.Object, int, java.lang.Object, java.lang.Object)'> (0x00000000eb192808) 
thrown [s\src\hotspot\share\interpreter\linkResolver.cpp, line 759]
Event: 7.880 Thread 0x000001afacbd0d70 Exception <a 'java/lang/NoSuchMethodError'{0x00000000eb19af90}: 'java.lang.Object java.lang.invoke.DirectMethodHandle$Holder.newInvokeSpecial(java.lang.Object, java.lang.Object, java.lang.Object, int, java.lang.Object)'> (0x00000000eb19af90) 
thrown [s\src\hotspot\share\interpreter\linkResolver.cpp, line 759]
Event: 7.885 Thread 0x000001afacbd0d70 Exception <a 'java/lang/NoSuchMethodError'{0x00000000eb19f3e8}: 'java.lang.Object java.lang.invoke.DirectMethodHandle$Holder.invokeSpecial(java.lang.Object, java.lang.Object, java.lang.Object, java.lang.Object, int, java.lang.Object)'> (0x00000000eb19f3e8) 
thrown [s\src\hotspot\share\interpreter\linkResolver.cpp, line 759]
Event: 7.890 Thread 0x000001afad1518b0 Exception <a 'java/lang/NoSuchMethodError'{0x00000000eb0c1668}: 'java.lang.Object java.lang.invoke.DirectMethodHandle$Holder.invokeSpecial(java.lang.Object, java.lang.Object, int, java.lang.Object, java.lang.Object)'> (0x00000000eb0c1668) 
thrown [s\src\hotspot\share\interpreter\linkResolver.cpp, line 759]
Event: 7.893 Thread 0x000001afad1518b0 Exception <a 'java/lang/NoSuchMethodError'{0x00000000eb0c8d38}: 'java.lang.Object java.lang.invoke.DirectMethodHandle$Holder.newInvokeSpecial(java.lang.Object, java.lang.Object, int, java.lang.Object)'> (0x00000000eb0c8d38) 
thrown [s\src\hotspot\share\interpreter\linkResolver.cpp, line 759]
Event: 7.896 Thread 0x000001afad1518b0 Exception <a 'java/lang/NoSuchMethodError'{0x00000000eb0cc848}: 'java.lang.Object java.lang.invoke.DirectMethodHandle$Holder.invokeSpecial(java.lang.Object, java.lang.Object, java.lang.Object, int, java.lang.Object)'> (0x00000000eb0cc848) 
thrown [s\src\hotspot\share\interpreter\linkResolver.cpp, line 759]
Event: 9.340 Thread 0x000001afacbd0d70 Implicit null exception at 0x000001af9cef5d48 to 0x000001af9cef5e34
Event: 10.529 Thread 0x000001afacbd0d70 Exception <a 'java/lang/ClassNotFoundException'{0x00000000eb3f92c8}: com/sun/org/apache/xerces/internal/impl/msg/spi/DOMMessagesProvider> (0x00000000eb3f92c8) 
thrown [s\src\hotspot\share\classfile\systemDictionary.cpp, line 256]
Event: 10.536 Thread 0x000001afacbd0d70 Exception <a 'java/lang/ClassNotFoundException'{0x00000000eb426678}: com/sun/org/apache/xerces/internal/impl/msg/spi/XMLSerializerMessagesProvider> (0x00000000eb426678) 
thrown [s\src\hotspot\share\classfile\systemDictionary.cpp, line 256]
Event: 10.537 Thread 0x000001afacbd0d70 Exception <a 'java/lang/ClassNotFoundException'{0x00000000eb433b90}: com/sun/org/apache/xerces/internal/impl/msg/spi/XMLMessagesProvider> (0x00000000eb433b90) 
thrown [s\src\hotspot\share\classfile\systemDictionary.cpp, line 256]
Event: 10.646 Thread 0x000001afacbd0d70 Exception <a 'java/lang/NoSuchMethodError'{0x00000000eb6678c8}: 'java.lang.Object java.lang.invoke.DirectMethodHandle$Holder.newInvokeSpecial(java.lang.Object, int, java.lang.Object, java.lang.Object)'> (0x00000000eb6678c8) 
thrown [s\src\hotspot\share\interpreter\linkResolver.cpp, line 759]
Event: 14.401 Thread 0x000001afacbd0d70 Exception <a 'java/lang/NoSuchMethodError'{0x00000000ebacb988}: 'java.lang.Object java.lang.invoke.DirectMethodHandle$Holder.invokeStaticInit(java.lang.Object, int, int, int, int)'> (0x00000000ebacb988) 
thrown [s\src\hotspot\share\interpreter\linkResolver.cpp, line 759]
Event: 14.649 Thread 0x000001afacbd0d70 Exception <a 'java/lang/NoSuchMethodError'{0x00000000ebb791b8}: 'java.lang.Object java.lang.invoke.DirectMethodHandle$Holder.invokeStaticInit(java.lang.Object, java.lang.Object, int, int, int, int)'> (0x00000000ebb791b8) 
thrown [s\src\hotspot\share\interpreter\linkResolver.cpp, line 759]

VM Operations (20 events):
Event: 9.026 Executing VM operation: Cleanup
Event: 9.027 Executing VM operation: Cleanup done
Event: 9.036 Executing VM operation: ParallelGCFailedAllocation
Event: 9.039 Executing VM operation: ParallelGCFailedAllocation done
Event: 9.934 Executing VM operation: ParallelGCFailedAllocation
Event: 9.936 Executing VM operation: ParallelGCFailedAllocation done
Event: 10.369 Executing VM operation: HandshakeAllThreads
Event: 10.369 Executing VM operation: HandshakeAllThreads done
Event: 10.679 Executing VM operation: HandshakeAllThreads
Event: 13.868 Executing VM operation: HandshakeAllThreads done
Event: 13.868 Executing VM operation: Cleanup
Event: 13.868 Executing VM operation: Cleanup done
Event: 14.113 Executing VM operation: HandshakeAllThreads
Event: 14.113 Executing VM operation: HandshakeAllThreads done
Event: 14.119 Executing VM operation: HandshakeAllThreads
Event: 14.119 Executing VM operation: HandshakeAllThreads done
Event: 14.133 Executing VM operation: HandshakeAllThreads
Event: 14.133 Executing VM operation: HandshakeAllThreads done
Event: 14.669 Executing VM operation: HandshakeAllThreads
Event: 14.669 Executing VM operation: HandshakeAllThreads done

Events (20 events):
Event: 14.422 loading class java/net/DefaultInterface done
Event: 14.486 loading class java/net/NetworkInterface$1
Event: 14.487 loading class java/net/NetworkInterface$1 done
Event: 14.640 loading class java/nio/file/Files$AcceptAllFilter
Event: 14.641 loading class java/nio/file/DirectoryStream$Filter
Event: 14.641 loading class java/nio/file/DirectoryStream$Filter done
Event: 14.641 loading class java/nio/file/Files$AcceptAllFilter done
Event: 14.641 loading class sun/nio/fs/WindowsDirectoryStream
Event: 14.641 loading class java/nio/file/DirectoryStream
Event: 14.641 loading class java/nio/file/DirectoryStream done
Event: 14.641 loading class sun/nio/fs/WindowsDirectoryStream done
Event: 14.641 loading class sun/nio/fs/WindowsDirectoryStream$WindowsDirectoryIterator
Event: 14.642 loading class sun/nio/fs/WindowsDirectoryStream$WindowsDirectoryIterator done
Event: 14.642 loading class sun/nio/fs/WindowsPath$WindowsPathWithAttributes
Event: 14.642 loading class sun/nio/fs/BasicFileAttributesHolder
Event: 14.643 loading class sun/nio/fs/BasicFileAttributesHolder done
Event: 14.643 loading class sun/nio/fs/WindowsPath$WindowsPathWithAttributes done
Event: 14.651 loading class sun/security/provider/AbstractDrbg$NonceProvider
Event: 14.651 loading class sun/security/provider/AbstractDrbg$NonceProvider done
Event: 14.678 loading class java/util/DualPivotQuicksort


Dynamic libraries:
0x00007ff733b90000 - 0x00007ff733b9e000 	c:\Users\Kiet\.vscode\extensions\redhat.java-1.29.0-win32-x64\jre\17.0.10-win32-x86_64\bin\java.exe
0x00007fffb8f70000 - 0x00007fffb9186000 	C:\WINDOWS\SYSTEM32\ntdll.dll
0x00007fffb7c00000 - 0x00007fffb7cc4000 	C:\WINDOWS\System32\KERNEL32.DLL
0x00007fffb6540000 - 0x00007fffb68e7000 	C:\WINDOWS\System32\KERNELBASE.dll
0x00007fffb6290000 - 0x00007fffb63a1000 	C:\WINDOWS\System32\ucrtbase.dll
0x00007fff933b0000 - 0x00007fff933c7000 	c:\Users\Kiet\.vscode\extensions\redhat.java-1.29.0-win32-x64\jre\17.0.10-win32-x86_64\bin\jli.dll
0x00007fffb87d0000 - 0x00007fffb897e000 	C:\WINDOWS\System32\USER32.dll
0x00007fffb68f0000 - 0x00007fffb6916000 	C:\WINDOWS\System32\win32u.dll
0x00007fffb8410000 - 0x00007fffb8439000 	C:\WINDOWS\System32\GDI32.dll
0x00007fffb63b0000 - 0x00007fffb64c9000 	C:\WINDOWS\System32\gdi32full.dll
0x00007fffb6a90000 - 0x00007fffb6b2a000 	C:\WINDOWS\System32\msvcp_win.dll
0x00007fff92c30000 - 0x00007fff92c4b000 	c:\Users\Kiet\.vscode\extensions\redhat.java-1.29.0-win32-x64\jre\17.0.10-win32-x86_64\bin\VCRUNTIME140.dll
0x00007fff9d530000 - 0x00007fff9d7c3000 	C:\WINDOWS\WinSxS\amd64_microsoft.windows.common-controls_6595b64144ccf1df_6.0.22621.3235_none_270f74e173860f98\COMCTL32.dll
0x00007fffb8190000 - 0x00007fffb8237000 	C:\WINDOWS\System32\msvcrt.dll
0x00007fffb7f20000 - 0x00007fffb7f51000 	C:\WINDOWS\System32\IMM32.DLL
0x00007fffa0670000 - 0x00007fffa067c000 	c:\Users\Kiet\.vscode\extensions\redhat.java-1.29.0-win32-x64\jre\17.0.10-win32-x86_64\bin\vcruntime140_1.dll
0x00007fff89430000 - 0x00007fff894bd000 	c:\Users\Kiet\.vscode\extensions\redhat.java-1.29.0-win32-x64\jre\17.0.10-win32-x86_64\bin\msvcp140.dll
0x00007fff6cfc0000 - 0x00007fff6dc22000 	c:\Users\Kiet\.vscode\extensions\redhat.java-1.29.0-win32-x64\jre\17.0.10-win32-x86_64\bin\server\jvm.dll
0x00007fffb7e60000 - 0x00007fffb7f12000 	C:\WINDOWS\System32\ADVAPI32.dll
0x00007fffb7510000 - 0x00007fffb75b8000 	C:\WINDOWS\System32\sechost.dll
0x00007fffb6c70000 - 0x00007fffb6c98000 	C:\WINDOWS\System32\bcrypt.dll
0x00007fffb7ae0000 - 0x00007fffb7bf5000 	C:\WINDOWS\System32\RPCRT4.dll
0x00007fffb6160000 - 0x00007fffb61ad000 	C:\WINDOWS\SYSTEM32\POWRPROF.dll
0x00007fff9ffe0000 - 0x00007fff9ffe9000 	C:\WINDOWS\SYSTEM32\WSOCK32.dll
0x00007fffb7ff0000 - 0x00007fffb8061000 	C:\WINDOWS\System32\WS2_32.dll
0x00007fffaf200000 - 0x00007fffaf234000 	C:\WINDOWS\SYSTEM32\WINMM.dll
0x00007fffadb80000 - 0x00007fffadb8a000 	C:\WINDOWS\SYSTEM32\VERSION.dll
0x00007fffb6140000 - 0x00007fffb6153000 	C:\WINDOWS\SYSTEM32\UMPDC.dll
0x00007fffb52d0000 - 0x00007fffb52e8000 	C:\WINDOWS\SYSTEM32\kernel.appcore.dll
0x00007fff9fda0000 - 0x00007fff9fdaa000 	c:\Users\Kiet\.vscode\extensions\redhat.java-1.29.0-win32-x64\jre\17.0.10-win32-x86_64\bin\jimage.dll
0x00007fffb3ad0000 - 0x00007fffb3d03000 	C:\WINDOWS\SYSTEM32\DBGHELP.DLL
0x00007fffb8440000 - 0x00007fffb87c8000 	C:\WINDOWS\System32\combase.dll
0x00007fffb7d80000 - 0x00007fffb7e57000 	C:\WINDOWS\System32\OLEAUT32.dll
0x00007fffa49c0000 - 0x00007fffa49f2000 	C:\WINDOWS\SYSTEM32\dbgcore.DLL
0x00007fffb6bf0000 - 0x00007fffb6c69000 	C:\WINDOWS\System32\bcryptPrimitives.dll
0x00007fff9f9e0000 - 0x00007fff9f9ee000 	c:\Users\Kiet\.vscode\extensions\redhat.java-1.29.0-win32-x64\jre\17.0.10-win32-x86_64\bin\instrument.dll
0x00007fff928c0000 - 0x00007fff928e5000 	c:\Users\Kiet\.vscode\extensions\redhat.java-1.29.0-win32-x64\jre\17.0.10-win32-x86_64\bin\java.dll
0x00007fff8d830000 - 0x00007fff8d848000 	c:\Users\Kiet\.vscode\extensions\redhat.java-1.29.0-win32-x64\jre\17.0.10-win32-x86_64\bin\zip.dll
0x00007fffb6ca0000 - 0x00007fffb74fc000 	C:\WINDOWS\System32\SHELL32.dll
0x00007fffb41f0000 - 0x00007fffb4ae9000 	C:\WINDOWS\SYSTEM32\windows.storage.dll
0x00007fffb40b0000 - 0x00007fffb41ee000 	C:\WINDOWS\SYSTEM32\wintypes.dll
0x00007fffb8980000 - 0x00007fffb8a73000 	C:\WINDOWS\System32\SHCORE.dll
0x00007fffb8c30000 - 0x00007fffb8c8e000 	C:\WINDOWS\System32\shlwapi.dll
0x00007fffb61c0000 - 0x00007fffb61e1000 	C:\WINDOWS\SYSTEM32\profapi.dll
0x00007fff93180000 - 0x00007fff93199000 	C:\Users\Kiet\.vscode\extensions\redhat.java-1.29.0-win32-x64\jre\17.0.10-win32-x86_64\bin\net.dll
0x00007fffaeec0000 - 0x00007fffaeff6000 	C:\WINDOWS\SYSTEM32\WINHTTP.dll
0x00007fffb5740000 - 0x00007fffb57a9000 	C:\WINDOWS\system32\mswsock.dll
0x00007fff93160000 - 0x00007fff93176000 	C:\Users\Kiet\.vscode\extensions\redhat.java-1.29.0-win32-x64\jre\17.0.10-win32-x86_64\bin\nio.dll
0x00007fff9f540000 - 0x00007fff9f550000 	c:\Users\Kiet\.vscode\extensions\redhat.java-1.29.0-win32-x64\jre\17.0.10-win32-x86_64\bin\verify.dll
0x00007fff8c1d0000 - 0x00007fff8c20e000 	C:\Users\Kiet\AppData\Roaming\Code\User\globalStorage\redhat.java\1.29.0\config_ss_win\org.eclipse.equinox.launcher\org.eclipse.equinox.launcher.win32.win32.x86_64_1.2.900.v20240213-1244\eclipse_11900.dll
0x00007fffb8a80000 - 0x00007fffb8c25000 	C:\WINDOWS\System32\ole32.dll
0x00007fffb59a0000 - 0x00007fffb59bb000 	C:\WINDOWS\SYSTEM32\CRYPTSP.dll
0x00007fffb5230000 - 0x00007fffb5265000 	C:\WINDOWS\system32\rsaenh.dll
0x00007fffb5840000 - 0x00007fffb5868000 	C:\WINDOWS\SYSTEM32\USERENV.dll
0x00007fffb59c0000 - 0x00007fffb59cc000 	C:\WINDOWS\SYSTEM32\CRYPTBASE.dll
0x00007fffb4d50000 - 0x00007fffb4d7d000 	C:\WINDOWS\SYSTEM32\IPHLPAPI.DLL
0x00007fffb8400000 - 0x00007fffb8409000 	C:\WINDOWS\System32\NSI.dll
0x00007fffae6a0000 - 0x00007fffae6b9000 	C:\WINDOWS\SYSTEM32\dhcpcsvc6.DLL
0x00007fffae5c0000 - 0x00007fffae5df000 	C:\WINDOWS\SYSTEM32\dhcpcsvc.DLL
0x00007fffb4dc0000 - 0x00007fffb4eb9000 	C:\WINDOWS\SYSTEM32\DNSAPI.dll

dbghelp: loaded successfully - version: 4.0.5 - missing functions: none
symbol engine: initialized successfully - sym options: 0x614 - pdb path: .;c:\Users\Kiet\.vscode\extensions\redhat.java-1.29.0-win32-x64\jre\17.0.10-win32-x86_64\bin;C:\WINDOWS\SYSTEM32;C:\WINDOWS\WinSxS\amd64_microsoft.windows.common-controls_6595b64144ccf1df_6.0.22621.3235_none_270f74e173860f98;c:\Users\Kiet\.vscode\extensions\redhat.java-1.29.0-win32-x64\jre\17.0.10-win32-x86_64\bin\server;C:\Users\Kiet\AppData\Roaming\Code\User\globalStorage\redhat.java\1.29.0\config_ss_win\org.eclipse.equinox.launcher\org.eclipse.equinox.launcher.win32.win32.x86_64_1.2.900.v20240213-1244

VM Arguments:
jvm_args: --add-modules=ALL-SYSTEM --add-opens=java.base/java.util=ALL-UNNAMED --add-opens=java.base/java.lang=ALL-UNNAMED --add-opens=java.base/sun.nio.fs=ALL-UNNAMED -Declipse.application=org.eclipse.jdt.ls.core.id1 -Dosgi.bundles.defaultStartLevel=4 -Declipse.product=org.eclipse.jdt.ls.core.product -Djava.import.generatesMetadataFilesAtProjectRoot=false -DDetectVMInstallationsJob.disabled=true -Dfile.encoding=utf8 -XX:+UseParallelGC -XX:GCTimeRatio=4 -XX:AdaptiveSizePolicyWeight=90 -Dsun.zip.disableMemoryMapping=true -Xmx1G -Xms100m -Xlog:disable -javaagent:c:\Users\Kiet\.vscode\extensions\redhat.java-1.29.0-win32-x64\lombok\lombok-1.18.32.jar 
java_command: c:\Users\Kiet\.vscode\extensions\redhat.java-1.29.0-win32-x64\server\plugins\org.eclipse.equinox.launcher_1.6.800.v20240304-1850.jar -configuration c:\Users\Kiet\AppData\Roaming\Code\User\globalStorage\redhat.java\1.29.0\config_ss_win -data c:\Users\Kiet\AppData\Roaming\Code\User\workspaceStorage\9f0ec90a7e62ad64397c1cc3a6503a33\redhat.java\ss_ws --stdio
java_class_path (initial): c:\Users\Kiet\.vscode\extensions\redhat.java-1.29.0-win32-x64\server\plugins\org.eclipse.equinox.launcher_1.6.800.v20240304-1850.jar
Launcher Type: SUN_STANDARD

[Global flags]
    uintx AdaptiveSizePolicyWeight                 = 90                                        {product} {command line}
     intx CICompilerCount                          = 4                                         {product} {ergonomic}
    uintx GCTimeRatio                              = 4                                         {product} {command line}
   size_t InitialHeapSize                          = 104857600                                 {product} {command line}
   size_t MaxHeapSize                              = 1073741824                                {product} {command line}
   size_t MaxNewSize                               = 357564416                                 {product} {ergonomic}
   size_t MinHeapDeltaBytes                        = 524288                                    {product} {ergonomic}
   size_t MinHeapSize                              = 104857600                                 {product} {command line}
   size_t NewSize                                  = 34603008                                  {product} {ergonomic}
    uintx NonNMethodCodeHeapSize                   = 5839372                                {pd product} {ergonomic}
    uintx NonProfiledCodeHeapSize                  = 122909434                              {pd product} {ergonomic}
   size_t OldSize                                  = 70254592                                  {product} {ergonomic}
    uintx ProfiledCodeHeapSize                     = 122909434                              {pd product} {ergonomic}
    uintx ReservedCodeCacheSize                    = 251658240                              {pd product} {ergonomic}
     bool SegmentedCodeCache                       = true                                      {product} {ergonomic}
   size_t SoftMaxHeapSize                          = 1073741824                             {manageable} {ergonomic}
     bool UseCompressedClassPointers               = true                           {product lp64_product} {ergonomic}
     bool UseCompressedOops                        = true                           {product lp64_product} {ergonomic}
     bool UseLargePagesIndividualAllocation        = false                                  {pd product} {ergonomic}
     bool UseParallelGC                            = true                                      {product} {command line}

Logging:
Log output configuration:
 #0: stdout all=off uptime,level,tags
 #1: stderr all=off uptime,level,tags

Environment Variables:
PATH=C:\Program Files\Common Files\Oracle\Java\javapath;C:\Program Files (x86)\Common Files\Oracle\Java\javapath;C:\WINDOWS\system32;C:\WINDOWS;C:\WINDOWS\System32\Wbem;C:\WINDOWS\System32\WindowsPowerShell\v1.0\;C:\WINDOWS\System32\OpenSSH\;C:\Program Files\dotnet\;C:\Program Files\Common Files\Oracle\Java\javapath;C:\Program Files\Java\jdk-11\bin;C:\Program Files (x86)\Microsoft SQL Server\160\Tools\Binn\;C:\Program Files\Microsoft SQL Server\160\Tools\Binn\;C:\Program Files\Microsoft SQL Server\Client SDK\ODBC\170\Tools\Binn\;C:\Program Files\Microsoft SQL Server\160\DTS\Binn\;C:\Program Files (x86)\Microsoft SQL Server\160\DTS\Binn\;C:\Program Files\Azure Data Studio\bin;C:\Program Files\apache-maven-3.9.6\bin;C:\Program Files\Git\cmd;C:\Program Files\nodejs\;C:\Program Files\Java\jdk-21\bin;C:\Users\Kiet\AppData\Local\Microsoft\WindowsApps;C:\Users\Kiet\AppData\Local\Programs\Microsoft VS Code\bin;C:\Users\Kiet\AppData\Local\GitHubDesktop\bin;C:\Users\Kiet\.dotnet\tools;C:\Program Files\Azure Data Studio\bin;C:\Users\Kiet\AppData\Roaming\npm
USERNAME=Kiet
OS=Windows_NT
PROCESSOR_IDENTIFIER=Intel64 Family 6 Model 126 Stepping 5, GenuineIntel
TMP=C:\Users\Kiet\AppData\Local\Temp
TEMP=C:\Users\Kiet\AppData\Local\Temp



Periodic native trim disabled


---------------  S Y S T E M  ---------------

OS:
 Windows 11 , 64 bit Build 22621 (10.0.22621.3374)
OS uptime: 1 days 6:34 hours

CPU: total 8 (initial active 8) (4 cores per cpu, 2 threads per core) family 6 model 126 stepping 5 microcode 0xa6, cx8, cmov, fxsr, ht, mmx, 3dnowpref, sse, sse2, sse3, ssse3, sse4.1, sse4.2, popcnt, lzcnt, tsc, tscinvbit, avx, avx2, aes, erms, clmul, bmi1, bmi2, adx, avx512f, avx512dq, avx512cd, avx512bw, avx512vl, sha, fma, vzeroupper, avx512_vpopcntdq, avx512_vpclmulqdq, avx512_vaes, avx512_vnni, clflush, clflushopt, avx512_vbmi2, avx512_vbmi
Processor Information for all 8 processors :
  Max Mhz: 1190, Current Mhz: 991, Mhz Limit: 987

Memory: 4k page, system-wide physical 7987M (944M free)
TotalPageFile size 10035M (AvailPageFile size 37M)
current process WorkingSet (physical memory assigned to process): 118M, peak: 134M
current process commit charge ("private bytes"): 224M, peak: 242M

vm_info: OpenJDK 64-Bit Server VM (17.0.10+7) for windows-amd64 JRE (17.0.10+7), built on Jan 16 2024 23:25:11 by "admin" with MS VC++ 16.10 / 16.11 (VS2019)

END.
