#
# There is insufficient memory for the Java Runtime Environment to continue.
# Native memory allocation (malloc) failed to allocate 970416 bytes for Chunk::new
# Possible reasons:
#   The system is out of physical RAM or swap space
#   The process is running with CompressedOops enabled, and the Java Heap may be blocking the growth of the native heap
# Possible solutions:
#   Reduce memory load on the system
#   Increase physical memory or swap space
#   Check if swap backing store is full
#   Decrease Java heap size (-Xmx/-Xms)
#   Decrease number of Java threads
#   Decrease Java thread stack sizes (-Xss)
#   Set larger code cache with -XX:ReservedCodeCacheSize=
#   JVM is running with Unscaled Compressed Oops mode in which the Java heap is
#     placed in the first 4GB address space. The Java Heap base address is the
#     maximum limit for the native heap growth. Please use -XX:HeapBaseMinAddress
#     to set the Java Heap base and to place the Java Heap above 4GB virtual address.
# This output file may be truncated or incomplete.
#
#  Out of Memory Error (arena.cpp:168), pid=15396, tid=6120
#
# JRE version: Java(TM) SE Runtime Environment (21.0.2+13) (build 21.0.2+13-LTS-58)
# Java VM: Java HotSpot(TM) 64-Bit Server VM (21.0.2+13-LTS-58, mixed mode, sharing, tiered, compressed oops, compressed class ptrs, g1 gc, windows-amd64)
# No core dump will be written. Minidumps are not enabled by default on client versions of Windows
#

---------------  S U M M A R Y ------------

Command Line: -XX:+ShowCodeDetailsInExceptionMessages GUI.LogIn

Host: Intel(R) Core(TM) i5-1035G1 CPU @ 1.00GHz, 8 cores, 7G,  Windows 11 , 64 bit Build 22621 (10.0.22621.3374)
Time: Sun May 12 23:56:54 2024 SE Asia Standard Time elapsed time: 1.433083 seconds (0d 0h 0m 1s)

---------------  T H R E A D  ---------------

Current thread (0x00000269f3c521d0):  JavaThread "C2 CompilerThread1" daemon [_thread_in_native, id=6120, stack(0x000000a55dc00000,0x000000a55dd00000) (1024K)]


Current CompileTask:
C2:   1433 2138 %     4       sun.java2d.marlin.Renderer::_endRendering @ 808 (2646 bytes)

Stack: [0x000000a55dc00000,0x000000a55dd00000]
Native frames: (J=compiled Java code, j=interpreted, Vv=VM code, C=native code)
V  [jvm.dll+0x6cade9]
V  [jvm.dll+0x8569c1]
V  [jvm.dll+0x858d2e]
V  [jvm.dll+0x859413]
V  [jvm.dll+0x280e56]
V  [jvm.dll+0xc3f3d]
V  [jvm.dll+0xc4473]
V  [jvm.dll+0x3b5bf2]
V  [jvm.dll+0x1e2209]
V  [jvm.dll+0x249d22]
V  [jvm.dll+0x2491b1]
V  [jvm.dll+0x1c9634]
V  [jvm.dll+0x258859]
V  [jvm.dll+0x256e3a]
V  [jvm.dll+0x3ef6c6]
V  [jvm.dll+0x7ff568]
V  [jvm.dll+0x6c953d]
C  [ucrtbase.dll+0x29333]
C  [KERNEL32.DLL+0x1257d]
C  [ntdll.dll+0x5aa48]


---------------  P R O C E S S  ---------------

Threads class SMR info:
_java_thread_list=0x00000269f8f68f80, length=17, elements={
0x00000269f3938070, 0x00000269f3938f90, 0x00000269f393c360, 0x00000269f3940b80,
0x00000269f39415e0, 0x00000269f3942170, 0x00000269f3956ef0, 0x00000269f3957ac0,
0x00000269f3bbe500, 0x00000269f3be8710, 0x00000269f3c521d0, 0x00000269f81f9960,
0x00000269f82bc680, 0x00000269f82fd070, 0x00000269f8322f30, 0x00000269f82e9830,
0x00000269d4d60d00
}

Java Threads: ( => current thread )
  0x00000269f3938070 JavaThread "Reference Handler"          daemon [_thread_blocked, id=4308, stack(0x000000a55d200000,0x000000a55d300000) (1024K)]
  0x00000269f3938f90 JavaThread "Finalizer"                  daemon [_thread_blocked, id=9688, stack(0x000000a55d300000,0x000000a55d400000) (1024K)]
  0x00000269f393c360 JavaThread "Signal Dispatcher"          daemon [_thread_blocked, id=6728, stack(0x000000a55d400000,0x000000a55d500000) (1024K)]
  0x00000269f3940b80 JavaThread "Attach Listener"            daemon [_thread_blocked, id=13832, stack(0x000000a55d500000,0x000000a55d600000) (1024K)]
  0x00000269f39415e0 JavaThread "Service Thread"             daemon [_thread_blocked, id=3200, stack(0x000000a55d600000,0x000000a55d700000) (1024K)]
  0x00000269f3942170 JavaThread "Monitor Deflation Thread"   daemon [_thread_blocked, id=20360, stack(0x000000a55d700000,0x000000a55d800000) (1024K)]
  0x00000269f3956ef0 JavaThread "C2 CompilerThread0"         daemon [_thread_in_native, id=7752, stack(0x000000a55d800000,0x000000a55d900000) (1024K)]
  0x00000269f3957ac0 JavaThread "C1 CompilerThread0"         daemon [_thread_in_native, id=19928, stack(0x000000a55d900000,0x000000a55da00000) (1024K)]
  0x00000269f3bbe500 JavaThread "Notification Thread"        daemon [_thread_blocked, id=4452, stack(0x000000a55da00000,0x000000a55db00000) (1024K)]
  0x00000269f3be8710 JavaThread "Common-Cleaner"             daemon [_thread_blocked, id=13676, stack(0x000000a55db00000,0x000000a55dc00000) (1024K)]
=>0x00000269f3c521d0 JavaThread "C2 CompilerThread1"         daemon [_thread_in_native, id=6120, stack(0x000000a55dc00000,0x000000a55dd00000) (1024K)]
  0x00000269f81f9960 JavaThread "Java2D Disposer"            daemon [_thread_blocked, id=19752, stack(0x000000a55dd00000,0x000000a55de00000) (1024K)]
  0x00000269f82bc680 JavaThread "C2 CompilerThread2"         daemon [_thread_in_native, id=14724, stack(0x000000a55de00000,0x000000a55df00000) (1024K)]
  0x00000269f82fd070 JavaThread "AWT-Shutdown"                      [_thread_blocked, id=3908, stack(0x000000a55df00000,0x000000a55e000000) (1024K)]
  0x00000269f8322f30 JavaThread "AWT-Windows"                daemon [_thread_in_native, id=5804, stack(0x000000a55e000000,0x000000a55e100000) (1024K)]
  0x00000269f82e9830 JavaThread "AWT-EventQueue-0"                  [_thread_in_Java, id=19764, stack(0x000000a55e700000,0x000000a55e800000) (1024K)]
  0x00000269d4d60d00 JavaThread "DestroyJavaVM"                     [_thread_blocked, id=3148, stack(0x000000a55ca00000,0x000000a55cb00000) (1024K)]
Total: 17

Other Threads:
  0x00000269f3918710 VMThread "VM Thread"                           [id=19600, stack(0x000000a55d100000,0x000000a55d200000) (1024K)]
  0x00000269f3904090 WatcherThread "VM Periodic Task Thread"        [id=9016, stack(0x000000a55d000000,0x000000a55d100000) (1024K)]
  0x00000269d70b9460 WorkerThread "GC Thread#0"                     [id=17580, stack(0x000000a55cb00000,0x000000a55cc00000) (1024K)]
  0x00000269f859a990 WorkerThread "GC Thread#1"                     [id=11572, stack(0x000000a55e100000,0x000000a55e200000) (1024K)]
  0x00000269f859bff0 WorkerThread "GC Thread#2"                     [id=2140, stack(0x000000a55e200000,0x000000a55e300000) (1024K)]
  0x00000269f87b0140 WorkerThread "GC Thread#3"                     [id=17764, stack(0x000000a55e300000,0x000000a55e400000) (1024K)]
  0x00000269f83f1830 WorkerThread "GC Thread#4"                     [id=18532, stack(0x000000a55e400000,0x000000a55e500000) (1024K)]
  0x00000269f90e6e20 WorkerThread "GC Thread#5"                     [id=796, stack(0x000000a55e500000,0x000000a55e600000) (1024K)]
  0x00000269f90e75c0 WorkerThread "GC Thread#6"                     [id=13276, stack(0x000000a55e600000,0x000000a55e700000) (1024K)]
  0x00000269f8fe0ca0 WorkerThread "GC Thread#7"                     [id=20000, stack(0x000000a55eb00000,0x000000a55ec00000) (1024K)]
  0x00000269d70c9e00 ConcurrentGCThread "G1 Main Marker"            [id=16128, stack(0x000000a55cc00000,0x000000a55cd00000) (1024K)]
  0x00000269d70caab0 WorkerThread "G1 Conc#0"                       [id=1656, stack(0x000000a55cd00000,0x000000a55ce00000) (1024K)]
  0x00000269d711e610 ConcurrentGCThread "G1 Refine#0"               [id=16792, stack(0x000000a55ce00000,0x000000a55cf00000) (1024K)]
  0x00000269f37d0890 ConcurrentGCThread "G1 Service"                [id=6872, stack(0x000000a55cf00000,0x000000a55d000000) (1024K)]
Total: 14

Threads with active compile tasks:
C2 CompilerThread0     1462 2242 %     4       sun.java2d.marlin.MarlinTileGenerator::getAlphaRLE @ 510 (1749 bytes)
C1 CompilerThread0     1462 2301       3       java.util.TimSort::binarySort (223 bytes)
C2 CompilerThread1     1462 2138 %     4       sun.java2d.marlin.Renderer::_endRendering @ 808 (2646 bytes)
C2 CompilerThread2     1462 2255       4       sun.java2d.marlin.MarlinTileGenerator::getAlphaNoRLE (364 bytes)
Total: 4

VM state: not at safepoint (normal execution)

VM Mutex/Monitor currently owned by a thread: None

Heap address: 0x0000000083200000, size: 1998 MB, Compressed Oops mode: 32-bit

CDS archive(s) mapped at: [0x0000026980000000-0x0000026980c90000-0x0000026980c90000), size 13172736, SharedBaseAddress: 0x0000026980000000, ArchiveRelocationMode: 1.
Compressed class space mapped at: 0x0000026981000000-0x00000269c1000000, reserved size: 1073741824
Narrow klass base: 0x0000026980000000, Narrow klass shift: 0, Narrow klass range: 0x100000000

GC Precious Log:
 CardTable entry size: 512
 Card Set container configuration: InlinePtr #cards 5 size 8 Array Of Cards #cards 12 size 40 Howl #buckets 4 coarsen threshold 1843 Howl Bitmap #cards 512 size 80 coarsen threshold 460 Card regions per heap region 1 cards per card region 2048
 CPUs: 8 total, 8 available
 Memory: 7987M
 Large Page Support: Disabled
 NUMA Support: Disabled
 Compressed Oops: Enabled (32-bit)
 Heap Region Size: 1M
 Heap Min Capacity: 8M
 Heap Initial Capacity: 126M
 Heap Max Capacity: 1998M
 Pre-touch: Disabled
 Parallel Workers: 8
 Concurrent Workers: 2
 Concurrent Refinement Workers: 8
 Periodic GC: Disabled

Heap:
 garbage-first heap   total 129024K, used 19715K [0x0000000083200000, 0x0000000100000000)
  region size 1024K, 7 young (7168K), 3 survivors (3072K)
 Metaspace       used 13839K, committed 14080K, reserved 1114112K
  class space    used 1477K, committed 1600K, reserved 1048576K

Heap Regions: E=young(eden), S=young(survivor), O=old, HS=humongous(starts), HC=humongous(continues), CS=collection set, F=free, TAMS=top-at-mark-start, PB=parsable bottom
|   0|0x0000000083200000, 0x0000000083300000, 0x0000000083300000|100%|HS|  |TAMS 0x0000000083200000| PB 0x0000000083200000| Complete 
|   1|0x0000000083300000, 0x0000000083400000, 0x0000000083400000|100%|HC|  |TAMS 0x0000000083300000| PB 0x0000000083300000| Complete 
|   2|0x0000000083400000, 0x0000000083500000, 0x0000000083500000|100%|HS|  |TAMS 0x0000000083400000| PB 0x0000000083400000| Complete 
|   3|0x0000000083500000, 0x0000000083600000, 0x0000000083600000|100%| O|  |TAMS 0x0000000083500000| PB 0x0000000083500000| Untracked 
|   4|0x0000000083600000, 0x0000000083700000, 0x0000000083700000|100%| O|  |TAMS 0x0000000083600000| PB 0x0000000083600000| Untracked 
|   5|0x0000000083700000, 0x0000000083800000, 0x0000000083800000|100%| O|  |TAMS 0x0000000083700000| PB 0x0000000083700000| Untracked 
|   6|0x0000000083800000, 0x0000000083900000, 0x0000000083900000|100%| O|  |TAMS 0x0000000083800000| PB 0x0000000083800000| Untracked 
|   7|0x0000000083900000, 0x0000000083a00000, 0x0000000083a00000|100%| O|  |TAMS 0x0000000083900000| PB 0x0000000083900000| Untracked 
|   8|0x0000000083a00000, 0x0000000083b00000, 0x0000000083b00000|100%|HS|  |TAMS 0x0000000083a00000| PB 0x0000000083a00000| Complete 
|   9|0x0000000083b00000, 0x0000000083c00000, 0x0000000083c00000|100%|HC|  |TAMS 0x0000000083b00000| PB 0x0000000083b00000| Complete 
|  10|0x0000000083c00000, 0x0000000083d00000, 0x0000000083d00000|100%|HC|  |TAMS 0x0000000083c00000| PB 0x0000000083c00000| Complete 
|  11|0x0000000083d00000, 0x0000000083e00000, 0x0000000083e00000|100%| O|  |TAMS 0x0000000083d00000| PB 0x0000000083d00000| Untracked 
|  12|0x0000000083e00000, 0x0000000083f00000, 0x0000000083f00000|100%| O|  |TAMS 0x0000000083e00000| PB 0x0000000083e00000| Untracked 
|  13|0x0000000083f00000, 0x0000000083f4c120, 0x0000000084000000| 29%| O|  |TAMS 0x0000000083f00000| PB 0x0000000083f00000| Untracked 
|  14|0x0000000084000000, 0x0000000084000000, 0x0000000084100000|  0%| F|  |TAMS 0x0000000084000000| PB 0x0000000084000000| Untracked 
|  15|0x0000000084100000, 0x0000000084100000, 0x0000000084200000|  0%| F|  |TAMS 0x0000000084100000| PB 0x0000000084100000| Untracked 
|  16|0x0000000084200000, 0x0000000084200000, 0x0000000084300000|  0%| F|  |TAMS 0x0000000084200000| PB 0x0000000084200000| Untracked 
|  17|0x0000000084300000, 0x0000000084300000, 0x0000000084400000|  0%| F|  |TAMS 0x0000000084300000| PB 0x0000000084300000| Untracked 
|  18|0x0000000084400000, 0x0000000084400000, 0x0000000084500000|  0%| F|  |TAMS 0x0000000084400000| PB 0x0000000084400000| Untracked 
|  19|0x0000000084500000, 0x0000000084500000, 0x0000000084600000|  0%| F|  |TAMS 0x0000000084500000| PB 0x0000000084500000| Untracked 
|  20|0x0000000084600000, 0x0000000084600000, 0x0000000084700000|  0%| F|  |TAMS 0x0000000084600000| PB 0x0000000084600000| Untracked 
|  21|0x0000000084700000, 0x0000000084700000, 0x0000000084800000|  0%| F|  |TAMS 0x0000000084700000| PB 0x0000000084700000| Untracked 
|  22|0x0000000084800000, 0x0000000084800000, 0x0000000084900000|  0%| F|  |TAMS 0x0000000084800000| PB 0x0000000084800000| Untracked 
|  23|0x0000000084900000, 0x0000000084900000, 0x0000000084a00000|  0%| F|  |TAMS 0x0000000084900000| PB 0x0000000084900000| Untracked 
|  24|0x0000000084a00000, 0x0000000084a00000, 0x0000000084b00000|  0%| F|  |TAMS 0x0000000084a00000| PB 0x0000000084a00000| Untracked 
|  25|0x0000000084b00000, 0x0000000084b00000, 0x0000000084c00000|  0%| F|  |TAMS 0x0000000084b00000| PB 0x0000000084b00000| Untracked 
|  26|0x0000000084c00000, 0x0000000084c00000, 0x0000000084d00000|  0%| F|  |TAMS 0x0000000084c00000| PB 0x0000000084c00000| Untracked 
|  27|0x0000000084d00000, 0x0000000084d00000, 0x0000000084e00000|  0%| F|  |TAMS 0x0000000084d00000| PB 0x0000000084d00000| Untracked 
|  28|0x0000000084e00000, 0x0000000084e00000, 0x0000000084f00000|  0%| F|  |TAMS 0x0000000084e00000| PB 0x0000000084e00000| Untracked 
|  29|0x0000000084f00000, 0x0000000084f00000, 0x0000000085000000|  0%| F|  |TAMS 0x0000000084f00000| PB 0x0000000084f00000| Untracked 
|  30|0x0000000085000000, 0x0000000085000000, 0x0000000085100000|  0%| F|  |TAMS 0x0000000085000000| PB 0x0000000085000000| Untracked 
|  31|0x0000000085100000, 0x0000000085100000, 0x0000000085200000|  0%| F|  |TAMS 0x0000000085100000| PB 0x0000000085100000| Untracked 
|  32|0x0000000085200000, 0x0000000085200000, 0x0000000085300000|  0%| F|  |TAMS 0x0000000085200000| PB 0x0000000085200000| Untracked 
|  33|0x0000000085300000, 0x0000000085300000, 0x0000000085400000|  0%| F|  |TAMS 0x0000000085300000| PB 0x0000000085300000| Untracked 
|  34|0x0000000085400000, 0x0000000085400000, 0x0000000085500000|  0%| F|  |TAMS 0x0000000085400000| PB 0x0000000085400000| Untracked 
|  35|0x0000000085500000, 0x0000000085500000, 0x0000000085600000|  0%| F|  |TAMS 0x0000000085500000| PB 0x0000000085500000| Untracked 
|  36|0x0000000085600000, 0x0000000085600000, 0x0000000085700000|  0%| F|  |TAMS 0x0000000085600000| PB 0x0000000085600000| Untracked 
|  37|0x0000000085700000, 0x0000000085700000, 0x0000000085800000|  0%| F|  |TAMS 0x0000000085700000| PB 0x0000000085700000| Untracked 
|  38|0x0000000085800000, 0x0000000085800000, 0x0000000085900000|  0%| F|  |TAMS 0x0000000085800000| PB 0x0000000085800000| Untracked 
|  39|0x0000000085900000, 0x0000000085900000, 0x0000000085a00000|  0%| F|  |TAMS 0x0000000085900000| PB 0x0000000085900000| Untracked 
|  40|0x0000000085a00000, 0x0000000085a00000, 0x0000000085b00000|  0%| F|  |TAMS 0x0000000085a00000| PB 0x0000000085a00000| Untracked 
|  41|0x0000000085b00000, 0x0000000085b00000, 0x0000000085c00000|  0%| F|  |TAMS 0x0000000085b00000| PB 0x0000000085b00000| Untracked 
|  42|0x0000000085c00000, 0x0000000085c00000, 0x0000000085d00000|  0%| F|  |TAMS 0x0000000085c00000| PB 0x0000000085c00000| Untracked 
|  43|0x0000000085d00000, 0x0000000085d00000, 0x0000000085e00000|  0%| F|  |TAMS 0x0000000085d00000| PB 0x0000000085d00000| Untracked 
|  44|0x0000000085e00000, 0x0000000085e00000, 0x0000000085f00000|  0%| F|  |TAMS 0x0000000085e00000| PB 0x0000000085e00000| Untracked 
|  45|0x0000000085f00000, 0x0000000085f00000, 0x0000000086000000|  0%| F|  |TAMS 0x0000000085f00000| PB 0x0000000085f00000| Untracked 
|  46|0x0000000086000000, 0x0000000086000000, 0x0000000086100000|  0%| F|  |TAMS 0x0000000086000000| PB 0x0000000086000000| Untracked 
|  47|0x0000000086100000, 0x0000000086100000, 0x0000000086200000|  0%| F|  |TAMS 0x0000000086100000| PB 0x0000000086100000| Untracked 
|  48|0x0000000086200000, 0x0000000086200000, 0x0000000086300000|  0%| F|  |TAMS 0x0000000086200000| PB 0x0000000086200000| Untracked 
|  49|0x0000000086300000, 0x0000000086300000, 0x0000000086400000|  0%| F|  |TAMS 0x0000000086300000| PB 0x0000000086300000| Untracked 
|  50|0x0000000086400000, 0x0000000086400000, 0x0000000086500000|  0%| F|  |TAMS 0x0000000086400000| PB 0x0000000086400000| Untracked 
|  51|0x0000000086500000, 0x0000000086500000, 0x0000000086600000|  0%| F|  |TAMS 0x0000000086500000| PB 0x0000000086500000| Untracked 
|  52|0x0000000086600000, 0x0000000086600000, 0x0000000086700000|  0%| F|  |TAMS 0x0000000086600000| PB 0x0000000086600000| Untracked 
|  53|0x0000000086700000, 0x0000000086700000, 0x0000000086800000|  0%| F|  |TAMS 0x0000000086700000| PB 0x0000000086700000| Untracked 
|  54|0x0000000086800000, 0x0000000086800000, 0x0000000086900000|  0%| F|  |TAMS 0x0000000086800000| PB 0x0000000086800000| Untracked 
|  55|0x0000000086900000, 0x0000000086900000, 0x0000000086a00000|  0%| F|  |TAMS 0x0000000086900000| PB 0x0000000086900000| Untracked 
|  56|0x0000000086a00000, 0x0000000086a00000, 0x0000000086b00000|  0%| F|  |TAMS 0x0000000086a00000| PB 0x0000000086a00000| Untracked 
|  57|0x0000000086b00000, 0x0000000086b00000, 0x0000000086c00000|  0%| F|  |TAMS 0x0000000086b00000| PB 0x0000000086b00000| Untracked 
|  58|0x0000000086c00000, 0x0000000086c00000, 0x0000000086d00000|  0%| F|  |TAMS 0x0000000086c00000| PB 0x0000000086c00000| Untracked 
|  59|0x0000000086d00000, 0x0000000086d00000, 0x0000000086e00000|  0%| F|  |TAMS 0x0000000086d00000| PB 0x0000000086d00000| Untracked 
|  60|0x0000000086e00000, 0x0000000086e00000, 0x0000000086f00000|  0%| F|  |TAMS 0x0000000086e00000| PB 0x0000000086e00000| Untracked 
|  61|0x0000000086f00000, 0x0000000086f00000, 0x0000000087000000|  0%| F|  |TAMS 0x0000000086f00000| PB 0x0000000086f00000| Untracked 
|  62|0x0000000087000000, 0x0000000087000000, 0x0000000087100000|  0%| F|  |TAMS 0x0000000087000000| PB 0x0000000087000000| Untracked 
|  63|0x0000000087100000, 0x0000000087100000, 0x0000000087200000|  0%| F|  |TAMS 0x0000000087100000| PB 0x0000000087100000| Untracked 
|  64|0x0000000087200000, 0x0000000087200000, 0x0000000087300000|  0%| F|  |TAMS 0x0000000087200000| PB 0x0000000087200000| Untracked 
|  65|0x0000000087300000, 0x0000000087300000, 0x0000000087400000|  0%| F|  |TAMS 0x0000000087300000| PB 0x0000000087300000| Untracked 
|  66|0x0000000087400000, 0x0000000087400000, 0x0000000087500000|  0%| F|  |TAMS 0x0000000087400000| PB 0x0000000087400000| Untracked 
|  67|0x0000000087500000, 0x0000000087500000, 0x0000000087600000|  0%| F|  |TAMS 0x0000000087500000| PB 0x0000000087500000| Untracked 
|  68|0x0000000087600000, 0x0000000087600000, 0x0000000087700000|  0%| F|  |TAMS 0x0000000087600000| PB 0x0000000087600000| Untracked 
|  69|0x0000000087700000, 0x0000000087700000, 0x0000000087800000|  0%| F|  |TAMS 0x0000000087700000| PB 0x0000000087700000| Untracked 
|  70|0x0000000087800000, 0x0000000087800000, 0x0000000087900000|  0%| F|  |TAMS 0x0000000087800000| PB 0x0000000087800000| Untracked 
|  71|0x0000000087900000, 0x0000000087900000, 0x0000000087a00000|  0%| F|  |TAMS 0x0000000087900000| PB 0x0000000087900000| Untracked 
|  72|0x0000000087a00000, 0x0000000087a00000, 0x0000000087b00000|  0%| F|  |TAMS 0x0000000087a00000| PB 0x0000000087a00000| Untracked 
|  73|0x0000000087b00000, 0x0000000087b00000, 0x0000000087c00000|  0%| F|  |TAMS 0x0000000087b00000| PB 0x0000000087b00000| Untracked 
|  74|0x0000000087c00000, 0x0000000087c00000, 0x0000000087d00000|  0%| F|  |TAMS 0x0000000087c00000| PB 0x0000000087c00000| Untracked 
|  75|0x0000000087d00000, 0x0000000087d00000, 0x0000000087e00000|  0%| F|  |TAMS 0x0000000087d00000| PB 0x0000000087d00000| Untracked 
|  76|0x0000000087e00000, 0x0000000087e00000, 0x0000000087f00000|  0%| F|  |TAMS 0x0000000087e00000| PB 0x0000000087e00000| Untracked 
|  77|0x0000000087f00000, 0x0000000087f00000, 0x0000000088000000|  0%| F|  |TAMS 0x0000000087f00000| PB 0x0000000087f00000| Untracked 
|  78|0x0000000088000000, 0x0000000088000000, 0x0000000088100000|  0%| F|  |TAMS 0x0000000088000000| PB 0x0000000088000000| Untracked 
|  79|0x0000000088100000, 0x0000000088100000, 0x0000000088200000|  0%| F|  |TAMS 0x0000000088100000| PB 0x0000000088100000| Untracked 
|  80|0x0000000088200000, 0x0000000088200000, 0x0000000088300000|  0%| F|  |TAMS 0x0000000088200000| PB 0x0000000088200000| Untracked 
|  81|0x0000000088300000, 0x0000000088300000, 0x0000000088400000|  0%| F|  |TAMS 0x0000000088300000| PB 0x0000000088300000| Untracked 
|  82|0x0000000088400000, 0x0000000088400000, 0x0000000088500000|  0%| F|  |TAMS 0x0000000088400000| PB 0x0000000088400000| Untracked 
|  83|0x0000000088500000, 0x0000000088500000, 0x0000000088600000|  0%| F|  |TAMS 0x0000000088500000| PB 0x0000000088500000| Untracked 
|  84|0x0000000088600000, 0x0000000088600000, 0x0000000088700000|  0%| F|  |TAMS 0x0000000088600000| PB 0x0000000088600000| Untracked 
|  85|0x0000000088700000, 0x0000000088700000, 0x0000000088800000|  0%| F|  |TAMS 0x0000000088700000| PB 0x0000000088700000| Untracked 
|  86|0x0000000088800000, 0x0000000088800000, 0x0000000088900000|  0%| F|  |TAMS 0x0000000088800000| PB 0x0000000088800000| Untracked 
|  87|0x0000000088900000, 0x0000000088900000, 0x0000000088a00000|  0%| F|  |TAMS 0x0000000088900000| PB 0x0000000088900000| Untracked 
|  88|0x0000000088a00000, 0x0000000088a00000, 0x0000000088b00000|  0%| F|  |TAMS 0x0000000088a00000| PB 0x0000000088a00000| Untracked 
|  89|0x0000000088b00000, 0x0000000088b00000, 0x0000000088c00000|  0%| F|  |TAMS 0x0000000088b00000| PB 0x0000000088b00000| Untracked 
|  90|0x0000000088c00000, 0x0000000088c00000, 0x0000000088d00000|  0%| F|  |TAMS 0x0000000088c00000| PB 0x0000000088c00000| Untracked 
|  91|0x0000000088d00000, 0x0000000088d00000, 0x0000000088e00000|  0%| F|  |TAMS 0x0000000088d00000| PB 0x0000000088d00000| Untracked 
|  92|0x0000000088e00000, 0x0000000088ef4d70, 0x0000000088f00000| 95%| S|CS|TAMS 0x0000000088e00000| PB 0x0000000088e00000| Complete 
|  93|0x0000000088f00000, 0x0000000089000000, 0x0000000089000000|100%| S|CS|TAMS 0x0000000088f00000| PB 0x0000000088f00000| Complete 
|  94|0x0000000089000000, 0x0000000089100000, 0x0000000089100000|100%| S|CS|TAMS 0x0000000089000000| PB 0x0000000089000000| Complete 
|  95|0x0000000089100000, 0x0000000089100000, 0x0000000089200000|  0%| F|  |TAMS 0x0000000089100000| PB 0x0000000089100000| Untracked 
|  96|0x0000000089200000, 0x0000000089200000, 0x0000000089300000|  0%| F|  |TAMS 0x0000000089200000| PB 0x0000000089200000| Untracked 
|  97|0x0000000089300000, 0x0000000089300000, 0x0000000089400000|  0%| F|  |TAMS 0x0000000089300000| PB 0x0000000089300000| Untracked 
|  98|0x0000000089400000, 0x0000000089400000, 0x0000000089500000|  0%| F|  |TAMS 0x0000000089400000| PB 0x0000000089400000| Untracked 
|  99|0x0000000089500000, 0x0000000089500000, 0x0000000089600000|  0%| F|  |TAMS 0x0000000089500000| PB 0x0000000089500000| Untracked 
| 100|0x0000000089600000, 0x0000000089600000, 0x0000000089700000|  0%| F|  |TAMS 0x0000000089600000| PB 0x0000000089600000| Untracked 
| 101|0x0000000089700000, 0x0000000089700000, 0x0000000089800000|  0%| F|  |TAMS 0x0000000089700000| PB 0x0000000089700000| Untracked 
| 102|0x0000000089800000, 0x0000000089800000, 0x0000000089900000|  0%| F|  |TAMS 0x0000000089800000| PB 0x0000000089800000| Untracked 
| 103|0x0000000089900000, 0x0000000089900000, 0x0000000089a00000|  0%| F|  |TAMS 0x0000000089900000| PB 0x0000000089900000| Untracked 
| 104|0x0000000089a00000, 0x0000000089a00000, 0x0000000089b00000|  0%| F|  |TAMS 0x0000000089a00000| PB 0x0000000089a00000| Untracked 
| 105|0x0000000089b00000, 0x0000000089b00000, 0x0000000089c00000|  0%| F|  |TAMS 0x0000000089b00000| PB 0x0000000089b00000| Untracked 
| 106|0x0000000089c00000, 0x0000000089c00000, 0x0000000089d00000|  0%| F|  |TAMS 0x0000000089c00000| PB 0x0000000089c00000| Untracked 
| 107|0x0000000089d00000, 0x0000000089d00000, 0x0000000089e00000|  0%| F|  |TAMS 0x0000000089d00000| PB 0x0000000089d00000| Untracked 
| 108|0x0000000089e00000, 0x0000000089e00000, 0x0000000089f00000|  0%| F|  |TAMS 0x0000000089e00000| PB 0x0000000089e00000| Untracked 
| 109|0x0000000089f00000, 0x0000000089f00000, 0x000000008a000000|  0%| F|  |TAMS 0x0000000089f00000| PB 0x0000000089f00000| Untracked 
| 110|0x000000008a000000, 0x000000008a000000, 0x000000008a100000|  0%| F|  |TAMS 0x000000008a000000| PB 0x000000008a000000| Untracked 
| 111|0x000000008a100000, 0x000000008a100000, 0x000000008a200000|  0%| F|  |TAMS 0x000000008a100000| PB 0x000000008a100000| Untracked 
| 112|0x000000008a200000, 0x000000008a200000, 0x000000008a300000|  0%| F|  |TAMS 0x000000008a200000| PB 0x000000008a200000| Untracked 
| 113|0x000000008a300000, 0x000000008a300000, 0x000000008a400000|  0%| F|  |TAMS 0x000000008a300000| PB 0x000000008a300000| Untracked 
| 114|0x000000008a400000, 0x000000008a400000, 0x000000008a500000|  0%| F|  |TAMS 0x000000008a400000| PB 0x000000008a400000| Untracked 
| 115|0x000000008a500000, 0x000000008a500000, 0x000000008a600000|  0%| F|  |TAMS 0x000000008a500000| PB 0x000000008a500000| Untracked 
| 116|0x000000008a600000, 0x000000008a600000, 0x000000008a700000|  0%| F|  |TAMS 0x000000008a600000| PB 0x000000008a600000| Untracked 
| 117|0x000000008a700000, 0x000000008a700000, 0x000000008a800000|  0%| F|  |TAMS 0x000000008a700000| PB 0x000000008a700000| Untracked 
| 118|0x000000008a800000, 0x000000008a800000, 0x000000008a900000|  0%| F|  |TAMS 0x000000008a800000| PB 0x000000008a800000| Untracked 
| 119|0x000000008a900000, 0x000000008a900000, 0x000000008aa00000|  0%| F|  |TAMS 0x000000008a900000| PB 0x000000008a900000| Untracked 
| 120|0x000000008aa00000, 0x000000008aa00000, 0x000000008ab00000|  0%| F|  |TAMS 0x000000008aa00000| PB 0x000000008aa00000| Untracked 
| 121|0x000000008ab00000, 0x000000008ab34400, 0x000000008ac00000| 20%| E|  |TAMS 0x000000008ab00000| PB 0x000000008ab00000| Complete 
| 122|0x000000008ac00000, 0x000000008ad00000, 0x000000008ad00000|100%| E|CS|TAMS 0x000000008ac00000| PB 0x000000008ac00000| Complete 
| 123|0x000000008ad00000, 0x000000008ae00000, 0x000000008ae00000|100%| E|CS|TAMS 0x000000008ad00000| PB 0x000000008ad00000| Complete 
| 124|0x000000008ae00000, 0x000000008af00000, 0x000000008af00000|100%| E|CS|TAMS 0x000000008ae00000| PB 0x000000008ae00000| Complete 
| 125|0x000000008af00000, 0x000000008b000000, 0x000000008b000000|100%| E|CS|TAMS 0x000000008af00000| PB 0x000000008af00000| Complete 

Card table byte_map: [0x00000269eebe0000,0x00000269eefd0000] _byte_map_base: 0x00000269ee7c7000

Marking Bits: (CMBitMap*) 0x00000269d70b9b60
 Bits: [0x00000269eefd0000, 0x00000269f0f08000)

Polling page: 0x00000269d4ff0000

Metaspace:

Usage:
  Non-class:     12.09 MB used.
      Class:      1.44 MB used.
       Both:     13.53 MB used.

Virtual space:
  Non-class space:       64.00 MB reserved,      12.25 MB ( 19%) committed,  1 nodes.
      Class space:        1.00 GB reserved,       1.56 MB ( <1%) committed,  1 nodes.
             Both:        1.06 GB reserved,      13.81 MB (  1%) committed. 

Chunk freelists:
   Non-Class:  2.98 MB
       Class:  14.48 MB
        Both:  17.46 MB

MaxMetaspaceSize: unlimited
CompressedClassSpaceSize: 1.00 GB
Initial GC threshold: 21.00 MB
Current GC threshold: 21.00 MB
CDS: on
 - commit_granule_bytes: 65536.
 - commit_granule_words: 8192.
 - virtual_space_node_default_size: 8388608.
 - enlarge_chunks_in_place: 1.
 - use_allocation_guard: 0.


Internal statistics:

num_allocs_failed_limit: 0.
num_arena_births: 246.
num_arena_deaths: 0.
num_vsnodes_births: 2.
num_vsnodes_deaths: 0.
num_space_committed: 221.
num_space_uncommitted: 0.
num_chunks_returned_to_freelist: 0.
num_chunks_taken_from_freelist: 395.
num_chunk_merges: 0.
num_chunk_splits: 236.
num_chunks_enlarged: 131.
num_inconsistent_stats: 0.

CodeHeap 'non-profiled nmethods': size=120000Kb used=949Kb max_used=949Kb free=119050Kb
 bounds [0x00000269e6f90000, 0x00000269e7200000, 0x00000269ee4c0000]
CodeHeap 'profiled nmethods': size=120000Kb used=4620Kb max_used=4620Kb free=115379Kb
 bounds [0x00000269df4c0000, 0x00000269df950000, 0x00000269e69f0000]
CodeHeap 'non-nmethods': size=5760Kb used=1884Kb max_used=1918Kb free=3875Kb
 bounds [0x00000269e69f0000, 0x00000269e6c60000, 0x00000269e6f90000]
 total_blobs=3016 nmethods=2295 adapters=626
 compilation: enabled
              stopped_count=0, restarted_count=0
 full_count=0

Compilation events (20 events):
Event: 1.424 Thread 0x00000269f3957ac0 nmethod 2240 0x00000269e7073690 code [0x00000269e7073820, 0x00000269e70738e8]
Event: 1.424 Thread 0x00000269f3957ac0 2241       3       java.lang.StringUTF16::length (5 bytes)
Event: 1.424 Thread 0x00000269f3957ac0 nmethod 2241 0x00000269df914210 code [0x00000269df9143a0, 0x00000269df914498]
Event: 1.424 Thread 0x00000269f3957ac0 2243       3       java.awt.geom.Rectangle2D$Float::getX (6 bytes)
Event: 1.424 Thread 0x00000269f3957ac0 nmethod 2243 0x00000269df914590 code [0x00000269df914720, 0x00000269df914838]
Event: 1.424 Thread 0x00000269f3957ac0 2244       3       java.awt.geom.Rectangle2D$Float::getY (6 bytes)
Event: 1.424 Thread 0x00000269f3957ac0 nmethod 2244 0x00000269df914910 code [0x00000269df914aa0, 0x00000269df914bb8]
Event: 1.424 Thread 0x00000269f3957ac0 2245       3       sun.awt.geom.CurveLink::getX (12 bytes)
Event: 1.424 Thread 0x00000269f3957ac0 nmethod 2245 0x00000269df914c90 code [0x00000269df914e40, 0x00000269df915020]
Event: 1.425 Thread 0x00000269f3957ac0 2246       3       sun.java2d.marlin.Renderer::moveTo (41 bytes)
Event: 1.425 Thread 0x00000269f3957ac0 nmethod 2246 0x00000269df915110 code [0x00000269df915300, 0x00000269df915540]
Event: 1.425 Thread 0x00000269f3957ac0 2247       3       sun.java2d.pipe.Region::clipRound (34 bytes)
Event: 1.425 Thread 0x00000269f3957ac0 nmethod 2247 0x00000269df915690 code [0x00000269df915880, 0x00000269df915b30]
Event: 1.426 Thread 0x00000269f3957ac0 2248   !   3       sun.font.FileFontStrike::getCachedGlyphPtr (27 bytes)
Event: 1.427 Thread 0x00000269f3957ac0 nmethod 2248 0x00000269df915c10 code [0x00000269df915e20, 0x00000269df9163f0]
Event: 1.427 Thread 0x00000269f3957ac0 2249       3       sun.font.FileFontStrike::getCachedGlyphPtrInternal (120 bytes)
Event: 1.427 Thread 0x00000269f3957ac0 nmethod 2249 0x00000269df916610 code [0x00000269df916800, 0x00000269df916cb0]
Event: 1.427 Thread 0x00000269f3957ac0 2250   !   3       java.awt.Container::getComponent (29 bytes)
Event: 1.427 Thread 0x00000269f3957ac0 nmethod 2250 0x00000269df916f10 code [0x00000269df917100, 0x00000269df9174f8]
Event: 1.430 Thread 0x00000269f3956ef0 nmethod 2195% 0x00000269e7073990 code [0x00000269e7073b80, 0x00000269e7074690]

GC Heap History (4 events):
Event: 0.629 GC heap before
{Heap before GC invocations=0 (full 0):
 garbage-first heap   total 129024K, used 26624K [0x0000000083200000, 0x0000000100000000)
  region size 1024K, 23 young (23552K), 0 survivors (0K)
 Metaspace       used 5412K, committed 5632K, reserved 1114112K
  class space    used 506K, committed 640K, reserved 1048576K
}
Event: 0.635 GC heap after
{Heap after GC invocations=1 (full 0):
 garbage-first heap   total 129024K, used 10464K [0x0000000083200000, 0x0000000100000000)
  region size 1024K, 3 young (3072K), 3 survivors (3072K)
 Metaspace       used 5412K, committed 5632K, reserved 1114112K
  class space    used 506K, committed 640K, reserved 1048576K
}
Event: 1.315 GC heap before
{Heap before GC invocations=1 (full 0):
 garbage-first heap   total 129024K, used 42208K [0x0000000083200000, 0x0000000100000000)
  region size 1024K, 31 young (31744K), 3 survivors (3072K)
 Metaspace       used 13557K, committed 13824K, reserved 1114112K
  class space    used 1461K, committed 1600K, reserved 1048576K
}
Event: 1.320 GC heap after
{Heap after GC invocations=2 (full 0):
 garbage-first heap   total 129024K, used 16643K [0x0000000083200000, 0x0000000100000000)
  region size 1024K, 3 young (3072K), 3 survivors (3072K)
 Metaspace       used 13557K, committed 13824K, reserved 1114112K
  class space    used 1461K, committed 1600K, reserved 1048576K
}

Dll operation events (11 events):
Event: 0.007 Loaded shared library C:\Program Files\Java\jdk-21\bin\java.dll
Event: 0.040 Loaded shared library C:\Program Files\Java\jdk-21\bin\jsvml.dll
Event: 0.101 Loaded shared library C:\Program Files\Java\jdk-21\bin\jimage.dll
Event: 0.105 Loaded shared library C:\Program Files\Java\jdk-21\bin\net.dll
Event: 0.107 Loaded shared library C:\Program Files\Java\jdk-21\bin\nio.dll
Event: 0.110 Loaded shared library C:\Program Files\Java\jdk-21\bin\zip.dll
Event: 0.180 Loaded shared library C:\Program Files\Java\jdk-21\bin\awt.dll
Event: 0.275 Loaded shared library C:\Program Files\Java\jdk-21\bin\freetype.dll
Event: 0.276 Loaded shared library C:\Program Files\Java\jdk-21\bin\fontmanager.dll
Event: 0.801 Loaded shared library C:\Users\Kiet\AppData\Local\Temp\flatlaf.temp\flatlaf-windows-x86_64-316872062111000.dll
Event: 0.828 Loaded shared library C:\Program Files\Java\jdk-21\bin\verify.dll

Deoptimization events (20 events):
Event: 1.261 Thread 0x00000269f82e9830 DEOPT PACKING pc=0x00000269df856991 sp=0x000000a55e7fc7c0
Event: 1.261 Thread 0x00000269f82e9830 DEOPT UNPACKING pc=0x00000269e6a488e2 sp=0x000000a55e7fbc88 mode 0
Event: 1.261 Thread 0x00000269f82e9830 DEOPT PACKING pc=0x00000269df7d5fe8 sp=0x000000a55e7fc630
Event: 1.261 Thread 0x00000269f82e9830 DEOPT UNPACKING pc=0x00000269e6a488e2 sp=0x000000a55e7fbaf0 mode 0
Event: 1.261 Thread 0x00000269f82e9830 DEOPT PACKING pc=0x00000269df856991 sp=0x000000a55e7fc7c0
Event: 1.262 Thread 0x00000269f82e9830 DEOPT UNPACKING pc=0x00000269e6a488e2 sp=0x000000a55e7fbc88 mode 0
Event: 1.278 Thread 0x00000269f82e9830 Uncommon trap: trap_request=0xffffffde fr.pc=0x00000269e705afcc relative=0x000000000000024c
Event: 1.278 Thread 0x00000269f82e9830 Uncommon trap: reason=class_check action=maybe_recompile pc=0x00000269e705afcc method=java.util.regex.Pattern$BmpCharProperty.match(Ljava/util/regex/Matcher;ILjava/lang/CharSequence;)Z @ 36 c2
Event: 1.278 Thread 0x00000269f82e9830 DEOPT PACKING pc=0x00000269e705afcc sp=0x000000a55e7fc7d0
Event: 1.278 Thread 0x00000269f82e9830 DEOPT UNPACKING pc=0x00000269e6a47da2 sp=0x000000a55e7fc778 mode 2
Event: 1.278 Thread 0x00000269f82e9830 Uncommon trap: trap_request=0xffffffde fr.pc=0x00000269e705afcc relative=0x000000000000024c
Event: 1.278 Thread 0x00000269f82e9830 Uncommon trap: reason=class_check action=maybe_recompile pc=0x00000269e705afcc method=java.util.regex.Pattern$BmpCharProperty.match(Ljava/util/regex/Matcher;ILjava/lang/CharSequence;)Z @ 36 c2
Event: 1.278 Thread 0x00000269f82e9830 DEOPT PACKING pc=0x00000269e705afcc sp=0x000000a55e7fc320
Event: 1.278 Thread 0x00000269f82e9830 DEOPT UNPACKING pc=0x00000269e6a47da2 sp=0x000000a55e7fc2c8 mode 2
Event: 1.315 Thread 0x00000269f82e9830 DEOPT PACKING pc=0x00000269df899184 sp=0x000000a55e7fc830
Event: 1.315 Thread 0x00000269f82e9830 DEOPT UNPACKING pc=0x00000269e6a488e2 sp=0x000000a55e7fbbb8 mode 0
Event: 1.325 Thread 0x00000269f82e9830 DEOPT PACKING pc=0x00000269df89414d sp=0x000000a55e7fcb70
Event: 1.325 Thread 0x00000269f82e9830 DEOPT UNPACKING pc=0x00000269e6a488e2 sp=0x000000a55e7fc020 mode 0
Event: 1.330 Thread 0x00000269f82e9830 DEOPT PACKING pc=0x00000269df899184 sp=0x000000a55e7fc6d0
Event: 1.330 Thread 0x00000269f82e9830 DEOPT UNPACKING pc=0x00000269e6a488e2 sp=0x000000a55e7fba58 mode 0

Classes loaded (20 events):
Event: 1.414 Loading class java/awt/event/AWTEventListenerProxy
Event: 1.415 Loading class java/awt/event/AWTEventListenerProxy done
Event: 1.415 Loading class java/awt/Toolkit$SelectiveAWTEventListener
Event: 1.415 Loading class java/awt/Toolkit$SelectiveAWTEventListener done
Event: 1.415 Loading class java/awt/Toolkit$ToolkitEventMulticaster
Event: 1.415 Loading class java/awt/Toolkit$ToolkitEventMulticaster done
Event: 1.415 Loading class sun/awt/im/InputMethodContext
Event: 1.415 Loading class java/awt/im/spi/InputMethodContext
Event: 1.415 Loading class java/awt/im/spi/InputMethodContext done
Event: 1.415 Loading class sun/awt/im/InputContext
Event: 1.416 Loading class sun/awt/im/InputContext done
Event: 1.416 Loading class sun/awt/im/InputMethodContext done
Event: 1.416 Loading class sun/awt/windows/WInputMethod
Event: 1.416 Loading class sun/awt/im/InputMethodAdapter
Event: 1.416 Loading class java/awt/im/spi/InputMethod
Event: 1.416 Loading class java/awt/im/spi/InputMethod done
Event: 1.416 Loading class sun/awt/im/InputMethodAdapter done
Event: 1.416 Loading class sun/awt/windows/WInputMethod done
Event: 1.418 Loading class java/awt/TextComponent
Event: 1.418 Loading class java/awt/TextComponent done

Classes unloaded (0 events):
No events

Classes redefined (0 events):
No events

Internal exceptions (20 events):
Event: 0.643 Thread 0x00000269d4d60d00 Exception <a 'java/lang/NoSuchMethodError'{0x000000008af276c8}: 'int java.lang.invoke.DirectMethodHandle$Holder.invokeStatic(java.lang.Object)'> (0x000000008af276c8) 
thrown [s\open\src\hotspot\share\interpreter\linkResolver.cpp, line 773]
Event: 0.743 Thread 0x00000269d4d60d00 Exception <a 'java/lang/NoSuchMethodError'{0x000000008ad61160}: 'java.lang.Object java.lang.invoke.Invokers$Holder.invokeExact_MT(java.lang.Object, java.lang.Object, java.lang.Object, java.lang.Object, java.lang.Object, java.lang.Object)'> (0x000000008ad61160) 
thrown [s\open\src\hotspot\share\interpreter\linkResolver.cpp, line 773]
Event: 0.752 Thread 0x00000269d4d60d00 Implicit null exception at 0x00000269e6fd3866 to 0x00000269e6fd390a
Event: 0.752 Thread 0x00000269d4d60d00 Implicit null exception at 0x00000269e6ffc7ba to 0x00000269e6ffca2c
Event: 0.753 Thread 0x00000269d4d60d00 Implicit null exception at 0x00000269e6fbf8bd to 0x00000269e6fbf941
Event: 0.761 Thread 0x00000269d4d60d00 Exception <a 'java/lang/NoSuchMethodError'{0x000000008adf38f8}: 'int java.lang.invoke.Invokers$Holder.invokeExact_MT(java.lang.Object, java.lang.Object)'> (0x000000008adf38f8) 
thrown [s\open\src\hotspot\share\interpreter\linkResolver.cpp, line 773]
Event: 0.767 Thread 0x00000269d4d60d00 Exception <a 'sun/nio/fs/WindowsException'{0x000000008ac195c8}> (0x000000008ac195c8) 
thrown [s\open\src\hotspot\share\prims\jni.cpp, line 520]
Event: 0.847 Thread 0x00000269d4d60d00 Exception <a 'java/lang/NoSuchMethodError'{0x000000008ab089b8}: 'java.lang.Object java.lang.invoke.DirectMethodHandle$Holder.invokeVirtual(java.lang.Object, java.lang.Object, java.lang.Object, java.lang.Object)'> (0x000000008ab089b8) 
thrown [s\open\src\hotspot\share\interpreter\linkResolver.cpp, line 773]
Event: 0.882 Thread 0x00000269d4d60d00 Exception <a 'java/lang/NoSuchMethodError'{0x000000008abd6168}: 'int java.lang.invoke.DirectMethodHandle$Holder.invokeVirtual(java.lang.Object, java.lang.Object)'> (0x000000008abd6168) 
thrown [s\open\src\hotspot\share\interpreter\linkResolver.cpp, line 773]
Event: 0.882 Thread 0x00000269d4d60d00 Exception <a 'java/lang/NoSuchMethodError'{0x000000008abda260}: 'int java.lang.invoke.DirectMethodHandle$Holder.invokeSpecial(java.lang.Object, java.lang.Object, java.lang.Object)'> (0x000000008abda260) 
thrown [s\open\src\hotspot\share\interpreter\linkResolver.cpp, line 773]
Event: 0.883 Thread 0x00000269d4d60d00 Exception <a 'java/lang/NoSuchMethodError'{0x000000008abe4b78}: 'void java.lang.invoke.DirectMethodHandle$Holder.invokeVirtual(java.lang.Object, java.lang.Object, int)'> (0x000000008abe4b78) 
thrown [s\open\src\hotspot\share\interpreter\linkResolver.cpp, line 773]
Event: 0.884 Thread 0x00000269d4d60d00 Exception <a 'java/lang/NoSuchMethodError'{0x000000008abe8e40}: 'int java.lang.invoke.DirectMethodHandle$Holder.invokeSpecial(java.lang.Object, java.lang.Object, java.lang.Object, int)'> (0x000000008abe8e40) 
thrown [s\open\src\hotspot\share\interpreter\linkResolver.cpp, line 773]
Event: 0.885 Thread 0x00000269d4d60d00 Exception <a 'java/lang/NoSuchMethodError'{0x000000008abfb430}: 'java.lang.Object java.lang.invoke.DirectMethodHandle$Holder.invokeStatic(java.lang.Object, java.lang.Object, java.lang.Object, java.lang.Object, int)'> (0x000000008abfb430) 
thrown [s\open\src\hotspot\share\interpreter\linkResolver.cpp, line 773]
Event: 0.885 Thread 0x00000269d4d60d00 Exception <a 'java/lang/NoSuchMethodError'{0x000000008aa065c8}: 'void java.lang.invoke.DelegatingMethodHandle$Holder.reinvoke_L(java.lang.Object, java.lang.Object, int)'> (0x000000008aa065c8) 
thrown [s\open\src\hotspot\share\interpreter\linkResolver.cpp, line 773]
Event: 0.890 Thread 0x00000269d4d60d00 Exception <a 'java/lang/NoSuchMethodError'{0x000000008aa34580}: 'void java.lang.invoke.Invokers$Holder.invokeExact_MT(java.lang.Object, java.lang.Object, java.lang.Object, java.lang.Object)'> (0x000000008aa34580) 
thrown [s\open\src\hotspot\share\interpreter\linkResolver.cpp, line 773]
Event: 0.894 Thread 0x00000269d4d60d00 Exception <a 'java/lang/NoSuchMethodError'{0x000000008aa4caf0}: 'void java.lang.invoke.DirectMethodHandle$Holder.invokeSpecial(java.lang.Object, java.lang.Object, java.lang.Object, java.lang.Object, java.lang.Object)'> (0x000000008aa4caf0) 
thrown [s\open\src\hotspot\share\interpreter\linkResolver.cpp, line 773]
Event: 0.899 Thread 0x00000269d4d60d00 Exception <a 'java/lang/NoSuchMethodError'{0x000000008aa5a960}: 'int java.lang.invoke.Invokers$Holder.invokeExact_MT(java.lang.Object, java.lang.Object, java.lang.Object)'> (0x000000008aa5a960) 
thrown [s\open\src\hotspot\share\interpreter\linkResolver.cpp, line 773]
Event: 0.915 Thread 0x00000269f8322f30 Exception <a 'java/lang/NoSuchMethodError'{0x000000008aaf8eb8}: 'void java.lang.invoke.DirectMethodHandle$Holder.invokeVirtual(java.lang.Object, java.lang.Object)'> (0x000000008aaf8eb8) 
thrown [s\open\src\hotspot\share\interpreter\linkResolver.cpp, line 773]
Event: 0.926 Thread 0x00000269d4d60d00 Exception <a 'java/lang/NoSuchMethodError'{0x000000008aa8bd78}: 'void java.lang.invoke.DirectMethodHandle$Holder.invokeStaticInit(java.lang.Object)'> (0x000000008aa8bd78) 
thrown [s\open\src\hotspot\share\interpreter\linkResolver.cpp, line 773]
Event: 1.013 Thread 0x00000269d4d60d00 Implicit null exception at 0x00000269e6fd05fe to 0x00000269e6fd0688

ZGC Phase Switch (0 events):
No events

VM Operations (20 events):
Event: 0.629 Executing VM operation: G1CollectForAllocation (G1 Evacuation Pause)
Event: 0.635 Executing VM operation: G1CollectForAllocation (G1 Evacuation Pause) done
Event: 0.647 Executing VM operation: HandshakeAllThreads (Deoptimize)
Event: 0.647 Executing VM operation: HandshakeAllThreads (Deoptimize) done
Event: 0.741 Executing VM operation: HandshakeAllThreads (Deoptimize)
Event: 0.741 Executing VM operation: HandshakeAllThreads (Deoptimize) done
Event: 0.771 Executing VM operation: HandshakeAllThreads (Deoptimize)
Event: 0.771 Executing VM operation: HandshakeAllThreads (Deoptimize) done
Event: 0.905 Executing VM operation: HandshakeAllThreads (Deoptimize)
Event: 0.905 Executing VM operation: HandshakeAllThreads (Deoptimize) done
Event: 0.906 Executing VM operation: HandshakeAllThreads (Deoptimize)
Event: 0.906 Executing VM operation: HandshakeAllThreads (Deoptimize) done
Event: 1.028 Executing VM operation: HandshakeAllThreads (Deoptimize)
Event: 1.028 Executing VM operation: HandshakeAllThreads (Deoptimize) done
Event: 1.252 Executing VM operation: ICBufferFull
Event: 1.252 Executing VM operation: ICBufferFull done
Event: 1.315 Executing VM operation: G1CollectForAllocation (G1 Evacuation Pause)
Event: 1.320 Executing VM operation: G1CollectForAllocation (G1 Evacuation Pause) done
Event: 1.409 Executing VM operation: HandshakeAllThreads (Deoptimize)
Event: 1.409 Executing VM operation: HandshakeAllThreads (Deoptimize) done

Events (19 events):
Event: 0.022 Thread 0x00000269d4d60d00 Thread added: 0x00000269d4d60d00
Event: 0.038 Thread 0x00000269f3938070 Thread added: 0x00000269f3938070
Event: 0.038 Thread 0x00000269f3938f90 Thread added: 0x00000269f3938f90
Event: 0.038 Thread 0x00000269f393c360 Thread added: 0x00000269f393c360
Event: 0.038 Thread 0x00000269f3940b80 Thread added: 0x00000269f3940b80
Event: 0.038 Thread 0x00000269f39415e0 Thread added: 0x00000269f39415e0
Event: 0.038 Thread 0x00000269f3942170 Thread added: 0x00000269f3942170
Event: 0.038 Thread 0x00000269f3956ef0 Thread added: 0x00000269f3956ef0
Event: 0.038 Thread 0x00000269f3957ac0 Thread added: 0x00000269f3957ac0
Event: 0.080 Thread 0x00000269f3bbe500 Thread added: 0x00000269f3bbe500
Event: 0.083 Thread 0x00000269f3be8710 Thread added: 0x00000269f3be8710
Event: 0.125 Thread 0x00000269f3c521d0 Thread added: 0x00000269f3c521d0
Event: 0.281 Thread 0x00000269f81f9960 Thread added: 0x00000269f81f9960
Event: 0.547 Thread 0x00000269f82bc680 Thread added: 0x00000269f82bc680
Event: 0.580 Thread 0x00000269f82fd070 Thread added: 0x00000269f82fd070
Event: 0.583 Thread 0x00000269f8322f30 Thread added: 0x00000269f8322f30
Event: 0.908 Thread 0x00000269f82e9830 Thread added: 0x00000269f82e9830
Event: 1.189 Thread 0x00000269d4d60d00 Thread exited: 0x00000269d4d60d00
Event: 1.189 Thread 0x00000269d4d60d00 Thread added: 0x00000269d4d60d00


Dynamic libraries:
0x00007ff62b5d0000 - 0x00007ff62b5e0000 	C:\Program Files\Java\jdk-21\bin\java.exe
0x00007ffe48d30000 - 0x00007ffe48f46000 	C:\WINDOWS\SYSTEM32\ntdll.dll
0x00007ffe47020000 - 0x00007ffe470e4000 	C:\WINDOWS\System32\KERNEL32.DLL
0x00007ffe46050000 - 0x00007ffe463f7000 	C:\WINDOWS\System32\KERNELBASE.dll
0x00007ffe46660000 - 0x00007ffe46771000 	C:\WINDOWS\System32\ucrtbase.dll
0x00007ffe3fd10000 - 0x00007ffe3fd2b000 	C:\Program Files\Java\jdk-21\bin\VCRUNTIME140.dll
0x00007ffe3fcf0000 - 0x00007ffe3fd09000 	C:\Program Files\Java\jdk-21\bin\jli.dll
0x00007ffe47810000 - 0x00007ffe478c2000 	C:\WINDOWS\System32\ADVAPI32.dll
0x00007ffe48c40000 - 0x00007ffe48ce7000 	C:\WINDOWS\System32\msvcrt.dll
0x00007ffe46f70000 - 0x00007ffe47018000 	C:\WINDOWS\System32\sechost.dll
0x00007ffe46400000 - 0x00007ffe46428000 	C:\WINDOWS\System32\bcrypt.dll
0x00007ffe478d0000 - 0x00007ffe479e5000 	C:\WINDOWS\System32\RPCRT4.dll
0x00007ffe46dc0000 - 0x00007ffe46f6e000 	C:\WINDOWS\System32\USER32.dll
0x00007ffe368c0000 - 0x00007ffe36b53000 	C:\WINDOWS\WinSxS\amd64_microsoft.windows.common-controls_6595b64144ccf1df_6.0.22621.3235_none_270f74e173860f98\COMCTL32.dll
0x00007ffe46820000 - 0x00007ffe46846000 	C:\WINDOWS\System32\win32u.dll
0x00007ffe46d90000 - 0x00007ffe46db9000 	C:\WINDOWS\System32\GDI32.dll
0x00007ffe46850000 - 0x00007ffe46969000 	C:\WINDOWS\System32\gdi32full.dll
0x00007ffe46780000 - 0x00007ffe4681a000 	C:\WINDOWS\System32\msvcp_win.dll
0x00007ffe3dd50000 - 0x00007ffe3dd5a000 	C:\WINDOWS\SYSTEM32\VERSION.dll
0x00007ffe46a60000 - 0x00007ffe46a91000 	C:\WINDOWS\System32\IMM32.DLL
0x00007ffe3fce0000 - 0x00007ffe3fcec000 	C:\Program Files\Java\jdk-21\bin\vcruntime140_1.dll
0x00007ffe0def0000 - 0x00007ffe0df7e000 	C:\Program Files\Java\jdk-21\bin\msvcp140.dll
0x00007ffde9e10000 - 0x00007ffdeab27000 	C:\Program Files\Java\jdk-21\bin\server\jvm.dll
0x00007ffe46d00000 - 0x00007ffe46d71000 	C:\WINDOWS\System32\WS2_32.dll
0x00007ffe45f20000 - 0x00007ffe45f6d000 	C:\WINDOWS\SYSTEM32\POWRPROF.dll
0x00007ffe3ecd0000 - 0x00007ffe3ed04000 	C:\WINDOWS\SYSTEM32\WINMM.dll
0x00007ffe45f00000 - 0x00007ffe45f13000 	C:\WINDOWS\SYSTEM32\UMPDC.dll
0x00007ffe45090000 - 0x00007ffe450a8000 	C:\WINDOWS\SYSTEM32\kernel.appcore.dll
0x00007ffe3fcd0000 - 0x00007ffe3fcda000 	C:\Program Files\Java\jdk-21\bin\jimage.dll
0x00007ffe438e0000 - 0x00007ffe43b13000 	C:\WINDOWS\SYSTEM32\DBGHELP.DLL
0x00007ffe479f0000 - 0x00007ffe47d78000 	C:\WINDOWS\System32\combase.dll
0x00007ffe480f0000 - 0x00007ffe481c7000 	C:\WINDOWS\System32\OLEAUT32.dll
0x00007ffe2ffa0000 - 0x00007ffe2ffd2000 	C:\WINDOWS\SYSTEM32\dbgcore.DLL
0x00007ffe46970000 - 0x00007ffe469e9000 	C:\WINDOWS\System32\bcryptPrimitives.dll
0x00007ffe20c90000 - 0x00007ffe20caf000 	C:\Program Files\Java\jdk-21\bin\java.dll
0x00007ffe48380000 - 0x00007ffe48bdc000 	C:\WINDOWS\System32\SHELL32.dll
0x00007ffe43fb0000 - 0x00007ffe448a9000 	C:\WINDOWS\SYSTEM32\windows.storage.dll
0x00007ffe43e70000 - 0x00007ffe43fae000 	C:\WINDOWS\SYSTEM32\wintypes.dll
0x00007ffe48280000 - 0x00007ffe48373000 	C:\WINDOWS\System32\SHCORE.dll
0x00007ffe48090000 - 0x00007ffe480ee000 	C:\WINDOWS\System32\shlwapi.dll
0x00007ffe45f80000 - 0x00007ffe45fa1000 	C:\WINDOWS\SYSTEM32\profapi.dll
0x00007ffe0cce0000 - 0x00007ffe0cdb7000 	C:\Program Files\Java\jdk-21\bin\jsvml.dll
0x00007ffe3fcc0000 - 0x00007ffe3fcd0000 	C:\Program Files\Java\jdk-21\bin\net.dll
0x00007ffe3ff60000 - 0x00007ffe40096000 	C:\WINDOWS\SYSTEM32\WINHTTP.dll
0x00007ffe45500000 - 0x00007ffe45569000 	C:\WINDOWS\system32\mswsock.dll
0x00007ffe20c70000 - 0x00007ffe20c86000 	C:\Program Files\Java\jdk-21\bin\nio.dll
0x00007ffe20c50000 - 0x00007ffe20c68000 	C:\Program Files\Java\jdk-21\bin\zip.dll
0x00007ffe089a0000 - 0x00007ffe08b2f000 	C:\Program Files\Java\jdk-21\bin\awt.dll
0x00007ffe42f70000 - 0x00007ffe43007000 	C:\WINDOWS\SYSTEM32\apphelp.dll
0x00007ffe45760000 - 0x00007ffe4577b000 	C:\WINDOWS\SYSTEM32\CRYPTSP.dll
0x00007ffe44ff0000 - 0x00007ffe45025000 	C:\WINDOWS\system32\rsaenh.dll
0x00007ffe45600000 - 0x00007ffe45628000 	C:\WINDOWS\SYSTEM32\USERENV.dll
0x00007ffe45780000 - 0x00007ffe4578c000 	C:\WINDOWS\SYSTEM32\CRYPTBASE.dll
0x00007ffe44b10000 - 0x00007ffe44b3d000 	C:\WINDOWS\SYSTEM32\IPHLPAPI.DLL
0x00007ffe47380000 - 0x00007ffe47389000 	C:\WINDOWS\System32\NSI.dll
0x00007ffe0d120000 - 0x00007ffe0d1a7000 	C:\Program Files\Java\jdk-21\bin\freetype.dll
0x00007ffe0b0d0000 - 0x00007ffe0b1b2000 	C:\Program Files\Java\jdk-21\bin\fontmanager.dll
0x00007ffe43570000 - 0x00007ffe4359b000 	C:\WINDOWS\system32\DWMAPI.DLL
0x00007ffe43160000 - 0x00007ffe4320b000 	C:\WINDOWS\system32\uxtheme.dll
0x00007ffe47220000 - 0x00007ffe47373000 	C:\WINDOWS\System32\MSCTF.dll
0x00007ffe47d80000 - 0x00007ffe47f25000 	C:\WINDOWS\System32\ole32.dll
0x00007ffe34dc0000 - 0x00007ffe34ec0000 	C:\WINDOWS\system32\opengl32.dll
0x00007ffe3db80000 - 0x00007ffe3dbad000 	C:\WINDOWS\SYSTEM32\GLU32.dll
0x00007ffe43240000 - 0x00007ffe43279000 	C:\WINDOWS\SYSTEM32\dxcore.dll
0x00007ffe3ee90000 - 0x00007ffe3ee96000 	C:\Users\Kiet\AppData\Local\Temp\flatlaf.temp\flatlaf-windows-x86_64-316872062111000.dll
0x00007ffe366a0000 - 0x00007ffe366b0000 	C:\Program Files\Java\jdk-21\bin\verify.dll
0x00007ffe481d0000 - 0x00007ffe48280000 	C:\WINDOWS\System32\clbcatq.dll
0x00007ffe41880000 - 0x00007ffe41a30000 	C:\WINDOWS\SYSTEM32\WindowsCodecs.dll
0x00007ffe30260000 - 0x00007ffe302be000 	C:\WINDOWS\system32\dataexchange.dll
0x00007ffe3d6b0000 - 0x00007ffe3d93e000 	C:\WINDOWS\system32\twinapi.appcore.dll
0x00007ffe34f20000 - 0x00007ffe34f27000 	C:\Program Files\Java\jdk-21\bin\jawt.dll
0x00007ffe35160000 - 0x00007ffe352aa000 	C:\WINDOWS\SYSTEM32\textinputframework.dll

dbghelp: loaded successfully - version: 4.0.5 - missing functions: none
symbol engine: initialized successfully - sym options: 0x614 - pdb path: .;C:\Program Files\Java\jdk-21\bin;C:\WINDOWS\SYSTEM32;C:\WINDOWS\WinSxS\amd64_microsoft.windows.common-controls_6595b64144ccf1df_6.0.22621.3235_none_270f74e173860f98;C:\Program Files\Java\jdk-21\bin\server;C:\Users\Kiet\AppData\Local\Temp\flatlaf.temp

VM Arguments:
jvm_args: -XX:+ShowCodeDetailsInExceptionMessages 
java_command: GUI.LogIn
java_class_path (initial): C:\Users\Kiet\AppData\Roaming\Code\User\workspaceStorage\b3b38d78d4b70df6aa0616a4b888d3ad\redhat.java\jdt_ws\DoAnJavaa_c8713cb1\bin;c:\Users\Kiet\Desktop\DoAnJavaa\lib\lib\commons-codec-1.15.jar;c:\Users\Kiet\Desktop\DoAnJavaa\lib\lib\log4j-api-2.18.0.jar;c:\Users\Kiet\Desktop\DoAnJavaa\lib\mysql-connector.jar;c:\Users\Kiet\Desktop\DoAnJavaa\lib\kotlin-stdlib-common-1.4.0.jar;c:\Users\Kiet\Desktop\DoAnJavaa\lib\poi-ooxml-3.17.jar;c:\Users\Kiet\Desktop\DoAnJavaa\lib\lib\commons-compress-1.21.jar;c:\Users\Kiet\Desktop\DoAnJavaa\lib\poi-3.17.jar;c:\Users\Kiet\Desktop\DoAnJavaa\lib\lib\poi-ooxml-full-5.2.3.jar;c:\Users\Kiet\Desktop\DoAnJavaa\lib\lib\commons-collections4-4.4.jar;c:\Users\Kiet\Desktop\DoAnJavaa\lib\lib\poi-excelant-5.2.3.jar;c:\Users\Kiet\Desktop\DoAnJavaa\lib\lib\poi-ooxml-lite-5.2.3.jar;c:\Users\Kiet\Desktop\DoAnJavaa\lib\mssql-jdbc-8.4.1.jre14.jar;c:\Users\Kiet\Desktop\DoAnJavaa\lib\mysql-connector-java-8.0.30.jar;c:\Users\Kiet\Desktop\DoAnJavaa\lib\zxing-1.7-javase.jar;c:\Users\Kiet\Desktop\DoAnJavaa\lib\xmlbeans-xmlpublic-2.0-dev-2.jar;c:\Users\Kiet\Desktop\DoAnJavaa\lib\jcalendar-1.4.jar;c:\Users\Kiet\Desktop\DoAnJavaa\lib\log4j-core-2.20.0.jar;c:\Users\Kiet\Desktop\DoAnJavaa\lib\flatlaf-extras-3.1.jar;c:\Users\Kiet\Desktop\DoAnJavaa\lib\svgSalamander-1.1.4.jar;c:\Users\Kiet\Desktop\DoAnJavaa\lib\zxing-core-2.0.jar;c:\Users\Kiet\Desktop\DoAnJavaa\lib\slf4j-api-1.7.2.jar;c:\Users\Kiet\Desktop\DoAnJavaa\lib\swingx-1.6.1.jar;c:\Users\Kiet\Desktop\DoAnJavaa\lib\lib\poi-examples-5.2.3.jar;c:\Users\Kiet\Desktop\DoAnJavaa\lib\slf4j-simple-1.7.25.jar;c:\Users\Kiet\Desktop\DoAnJavaa\lib\lib\poi-javadoc-5.2.3.jar;c:\Users\Kiet\Desktop\DoAnJavaa\lib\slf4j-api-1.7.25.jar;c:\Users\Kiet\Desktop\DoAnJavaa\lib\swingx-all-1.6.4.jar;c:\Users\Kiet\Desktop\DoAnJavaa\lib\TimingFramework-0.55.jar;c:\Users\Kiet\Desktop\DoAnJavaa\lib\lib\curvesapi-1.07.jar;c:\Users\Kiet\Desktop\DoAnJavaa\lib\lib\xmlbeans-5.1.1.jar;c:\Users\Kiet\Desktop\DoAnJavaa\lib\mssql-jdbc-9.4.0.jre11.jar;c:\Users\Kiet\Desktop\DoAnJavaa\lib\lib\jakarta.activation-2.0.1.jar;c:\Users\Kiet\Desktop\DoAnJavaa\lib\flatlaf-3.3.jar;c:\Users\Kiet\Desktop\DoAnJavaa\lib\java-dotenv-5.1.3.jar;c:\Users\Kiet\Desktop\DoAnJavaa\lib\filters-2.0.235.jar;c:\Users\Kiet\Desktop\DoAnJavaa\lib\activation.jar;c:\Users\Kiet\Desktop\DoAnJavaa\lib\kotlin-runtime-1.2.71.jar;c:\Users\Kiet\Desktop\DoAnJavaa\lib\lib\jakarta.xml.bind-api-3.0.1.jar;c:\Users\Kiet\Desktop\DoAnJavaa\lib\kotlin-stdlib-1.4.0.jar;c:\Users\Kiet\Desktop\DoAnJavaa\lib\java-dotenv-5.2.2.jar;c:\Users\Kiet\Desktop\DoAnJavaa\lib\bridj-0.7.0.jar;c:\Users\Kiet\Desktop\DoAnJavaa\lib\lib\commons-io-2.11.0.jar;c:\Users\Kiet\Desktop\DoAnJavaa\lib\xmlbeans-3.1.0.jar;c:\Users\Kiet\Desktop\DoAnJavaa\lib\lib\SparseBitSet-1.2.jar;c:\Users\Kiet\Desktop\DoAnJavaa\lib\miglayout-4.0.jar;c:\Users\Kiet\Desktop\DoAnJavaa\lib\com.sun.net.ssl.jar;c:\Users\Kiet\Desktop\DoAnJavaa\lib\lib\poi-ooxml-5.2.3.jar;c:\Users\Kiet\Desktop\DoAnJavaa\lib\javase-3.3.0.jar;c:\Users\Kiet\Desktop\DoAnJavaa\lib\lib\commons-logging-1.2.jar;c:\Users\Kiet\Desktop\DoAnJavaa\lib\xmlbeans-2.3.0.jar;c:\Users\Kiet\Desktop\DoAnJavaa\lib\webcam-capture-0.3.12.jar;c:\Users\Kiet\Desktop\DoAnJavaa\lib\core-3.3.0.jar;c:\Users\Kiet\Desktop\DoAnJavaa\lib\lib\commons-math3-3.6.1.jar;c:\Users\Kiet\Desktop\DoAnJavaa\lib\lib\slf4j-api-1.7.36.jar;c:\Users\Kiet\Desktop\DoAnJavaa\lib\lib\poi-5.2.3.jar;c:\Users\Kiet\Desktop\DoAnJavaa\lib\flatlaf-fonts-roboto-2.137.jar;c:\Users\Kiet\Desktop\DoAnJavaa\lib\swing-worker-1.1.jar;c:\Users\Kiet\Desktop\DoAnJavaa\lib\kotlin-stdlib-1.5.31.jar;c:\Users\Kiet\Desktop\DoAnJavaa\lib\lib\poi-scratchpad-5.2.3.jar;c:\Users\Kiet\Desktop\DoAnJavaa\lib\javax.activation-1.2.0.jar;c:\Users\Kiet\Desktop\DoAnJavaa\lib\itextpdf-5.5.12.jar;c:\Users\Kiet\Desktop\DoAnJavaa\lib\javax.mail.jar
Launcher Type: SUN_STANDARD

[Global flags]
     intx CICompilerCount                          = 4                                         {product} {ergonomic}
     uint ConcGCThreads                            = 2                                         {product} {ergonomic}
     uint G1ConcRefinementThreads                  = 8                                         {product} {ergonomic}
   size_t G1HeapRegionSize                         = 1048576                                   {product} {ergonomic}
    uintx GCDrainStackTargetSize                   = 64                                        {product} {ergonomic}
   size_t InitialHeapSize                          = 132120576                                 {product} {ergonomic}
   size_t MarkStackSize                            = 4194304                                   {product} {ergonomic}
   size_t MaxHeapSize                              = 2095054848                                {product} {ergonomic}
   size_t MaxNewSize                               = 1256194048                                {product} {ergonomic}
   size_t MinHeapDeltaBytes                        = 1048576                                   {product} {ergonomic}
   size_t MinHeapSize                              = 8388608                                   {product} {ergonomic}
    uintx NonNMethodCodeHeapSize                   = 5839372                                {pd product} {ergonomic}
    uintx NonProfiledCodeHeapSize                  = 122909434                              {pd product} {ergonomic}
    uintx ProfiledCodeHeapSize                     = 122909434                              {pd product} {ergonomic}
    uintx ReservedCodeCacheSize                    = 251658240                              {pd product} {ergonomic}
     bool SegmentedCodeCache                       = true                                      {product} {ergonomic}
     bool ShowCodeDetailsInExceptionMessages       = true                                   {manageable} {command line}
   size_t SoftMaxHeapSize                          = 2095054848                             {manageable} {ergonomic}
     bool UseCompressedOops                        = true                           {product lp64_product} {ergonomic}
     bool UseG1GC                                  = true                                      {product} {ergonomic}
     bool UseLargePagesIndividualAllocation        = false                                  {pd product} {ergonomic}

Logging:
Log output configuration:
 #0: stdout all=warning uptime,level,tags foldmultilines=false
 #1: stderr all=off uptime,level,tags foldmultilines=false

Environment Variables:
PATH=C:\Program Files\Common Files\Oracle\Java\javapath;C:\Program Files (x86)\Common Files\Oracle\Java\javapath;C:\WINDOWS\system32;C:\WINDOWS;C:\WINDOWS\System32\Wbem;C:\WINDOWS\System32\WindowsPowerShell\v1.0\;C:\WINDOWS\System32\OpenSSH\;C:\Program Files\dotnet\;C:\Program Files\Common Files\Oracle\Java\javapath;C:\Program Files\Java\jdk-11\bin;C:\Program Files (x86)\Microsoft SQL Server\160\Tools\Binn\;C:\Program Files\Microsoft SQL Server\160\Tools\Binn\;C:\Program Files\Microsoft SQL Server\Client SDK\ODBC\170\Tools\Binn\;C:\Program Files\Microsoft SQL Server\160\DTS\Binn\;C:\Program Files (x86)\Microsoft SQL Server\160\DTS\Binn\;C:\Program Files\Azure Data Studio\bin;C:\Program Files\apache-maven-3.9.6\bin;C:\Program Files\Git\cmd;C:\Program Files\nodejs\;C:\Program Files\Java\jdk-21\bin;C:\Users\Kiet\AppData\Local\Microsoft\WindowsApps;C:\Users\Kiet\AppData\Local\Programs\Microsoft VS Code\bin;C:\Users\Kiet\AppData\Local\GitHubDesktop\bin;C:\Users\Kiet\.dotnet\tools;C:\Program Files\Azure Data Studio\bin;C:\Users\Kiet\AppData\Roaming\npm
USERNAME=Kiet
LANG=en_US.UTF-8
OS=Windows_NT
PROCESSOR_IDENTIFIER=Intel64 Family 6 Model 126 Stepping 5, GenuineIntel
TMP=C:\Users\Kiet\AppData\Local\Temp
TEMP=C:\Users\Kiet\AppData\Local\Temp




Periodic native trim disabled

---------------  S Y S T E M  ---------------

OS:
 Windows 11 , 64 bit Build 22621 (10.0.22621.3374)
OS uptime: 0 days 8:48 hours

CPU: total 8 (initial active 8) (4 cores per cpu, 2 threads per core) family 6 model 126 stepping 5 microcode 0xa6, cx8, cmov, fxsr, ht, mmx, 3dnowpref, sse, sse2, sse3, ssse3, sse4.1, sse4.2, popcnt, lzcnt, tsc, tscinvbit, avx, avx2, aes, erms, clmul, bmi1, bmi2, adx, avx512f, avx512dq, avx512cd, avx512bw, avx512vl, sha, fma, vzeroupper, avx512_vpopcntdq, avx512_vpclmulqdq, avx512_vaes, avx512_vnni, clflush, clflushopt, avx512_vbmi2, avx512_vbmi, rdtscp, rdpid, fsrm, gfni, avx512_bitalg, f16c, pku, avx512_ifma
Processor Information for all 8 processors :
  Max Mhz: 1190, Current Mhz: 991, Mhz Limit: 987

Memory: 4k page, system-wide physical 7987M (758M free)
TotalPageFile size 10035M (AvailPageFile size 7M)
current process WorkingSet (physical memory assigned to process): 135M, peak: 138M
current process commit charge ("private bytes"): 252M, peak: 255M

vm_info: Java HotSpot(TM) 64-Bit Server VM (21.0.2+13-LTS-58) for windows-amd64 JRE (21.0.2+13-LTS-58), built on 2024-01-05T18:32:24Z by "mach5one" with MS VC++ 17.1 (VS2022)

END.
