#
# There is insufficient memory for the Java Runtime Environment to continue.
# Native memory allocation (malloc) failed to allocate 32784 bytes for Chunk::new
# Possible reasons:
#   The system is out of physical RAM or swap space
#   The process is running with CompressedOops enabled, and the Java Heap may be blocking the growth of the native heap
# Possible solutions:
#   Reduce memory load on the system
#   Increase physical memory or swap space
#   Check if swap backing store is full
#   Decrease Java heap size (-Xmx/-Xms)
#   Decrease number of Java threads
#   Decrease Java thread stack sizes (-Xss)
#   Set larger code cache with -XX:ReservedCodeCacheSize=
#   JVM is running with Unscaled Compressed Oops mode in which the Java heap is
#     placed in the first 4GB address space. The Java Heap base address is the
#     maximum limit for the native heap growth. Please use -XX:HeapBaseMinAddress
#     to set the Java Heap base and to place the Java Heap above 4GB virtual address.
# This output file may be truncated or incomplete.
#
#  Out of Memory Error (arena.cpp:191), pid=15668, tid=12920
#
# JRE version: OpenJDK Runtime Environment Temurin-17.0.10+7 (17.0.10+7) (build 17.0.10+7)
# Java VM: OpenJDK 64-Bit Server VM Temurin-17.0.10+7 (17.0.10+7, mixed mode, tiered, compressed oops, compressed class ptrs, parallel gc, windows-amd64)
# No core dump will be written. Minidumps are not enabled by default on client versions of Windows
#

---------------  S U M M A R Y ------------

Command Line: --add-modules=ALL-SYSTEM --add-opens=java.base/java.util=ALL-UNNAMED --add-opens=java.base/java.lang=ALL-UNNAMED --add-opens=java.base/sun.nio.fs=ALL-UNNAMED -Declipse.application=org.eclipse.jdt.ls.core.id1 -Dosgi.bundles.defaultStartLevel=4 -Declipse.product=org.eclipse.jdt.ls.core.product -Djava.import.generatesMetadataFilesAtProjectRoot=false -DDetectVMInstallationsJob.disabled=true -Dfile.encoding=utf8 -XX:+UseParallelGC -XX:GCTimeRatio=4 -XX:AdaptiveSizePolicyWeight=90 -Dsun.zip.disableMemoryMapping=true -Xmx1G -Xms100m -Xlog:disable -javaagent:c:\Users\Kiet\.vscode\extensions\redhat.java-1.28.1-win32-x64\lombok\lombok-1.18.31.jar -XX:+HeapDumpOnOutOfMemoryError -XX:HeapDumpPath=c:\Users\Kiet\AppData\Roaming\Code\User\workspaceStorage\794778fa6a47f198356234ad77415c6f\redhat.java -Daether.dependencyCollector.impl=bf c:\Users\Kiet\.vscode\extensions\redhat.java-1.28.1-win32-x64\server\plugins\org.eclipse.equinox.launcher_1.6.700.v20231214-2017.jar -configuration c:\Users\Kiet\AppData\Roaming\Code\User\globalStorage\redhat.java\1.28.1\config_win -data c:\Users\Kiet\AppData\Roaming\Code\User\workspaceStorage\794778fa6a47f198356234ad77415c6f\redhat.java\jdt_ws --stdio

Host: Intel(R) Core(TM) i5-1035G1 CPU @ 1.00GHz, 8 cores, 7G,  Windows 11 , 64 bit Build 22621 (10.0.22621.3235)
Time: Wed Mar 20 19:51:25 2024 SE Asia Standard Time elapsed time: 702.919706 seconds (0d 0h 11m 42s)

---------------  T H R E A D  ---------------

Current thread (0x00000213968096d0):  JavaThread "C2 CompilerThread1" daemon [_thread_in_native, id=12920, stack(0x000000e3fd000000,0x000000e3fd100000)]


Current CompileTask:
C2: 702919 24452       4       org.eclipse.jdt.internal.compiler.parser.Parser::consumeToken (2355 bytes)

Stack: [0x000000e3fd000000,0x000000e3fd100000]
Native frames: (J=compiled Java code, j=interpreted, Vv=VM code, C=native code)
V  [jvm.dll+0x67d2c9]
V  [jvm.dll+0x834afa]
V  [jvm.dll+0x8365be]
V  [jvm.dll+0x836c23]
V  [jvm.dll+0x2477ff]
V  [jvm.dll+0xac514]
V  [jvm.dll+0xacb5c]
V  [jvm.dll+0xac61b]
V  [jvm.dll+0x65ab1c]
V  [jvm.dll+0x331a6f]
V  [jvm.dll+0x333049]
V  [jvm.dll+0x3309ea]
V  [jvm.dll+0x33009a]
V  [jvm.dll+0x219ef1]
V  [jvm.dll+0x219311]
V  [jvm.dll+0x1a502d]
V  [jvm.dll+0x2290de]
V  [jvm.dll+0x2272ac]
V  [jvm.dll+0x7e9bb7]
V  [jvm.dll+0x7e3fba]
V  [jvm.dll+0x67c1b5]
C  [ucrtbase.dll+0x29363]
C  [KERNEL32.DLL+0x1257d]
C  [ntdll.dll+0x5aa58]


---------------  P R O C E S S  ---------------

Threads class SMR info:
_java_thread_list=0x00000213935531d0, length=36, elements={
0x00000213f814f040, 0x00000213fe0127f0, 0x00000213fcfc3fa0, 0x00000213fe02e160,
0x00000213fe02eb30, 0x00000213fe02f6f0, 0x00000213fe0302b0, 0x00000213fe0311a0,
0x00000213fe0979b0, 0x00000213fe0ad7d0, 0x00000213fe0cbc20, 0x00000213fe358470,
0x0000021393287580, 0x00000213ff7e0640, 0x000002139318ced0, 0x00000213ff3e1bd0,
0x00000213934df5a0, 0x00000213934d27b0, 0x00000213934d31d0, 0x00000213934d36e0,
0x00000213934d0950, 0x0000021394d9dd10, 0x0000021394d9f660, 0x0000021394d9e220,
0x0000021394d9e730, 0x0000021394da3320, 0x0000021394da3830, 0x0000021394da14c0,
0x0000021394da3d40, 0x0000021394d9c8d0, 0x0000021394da2900, 0x0000021394b692b0,
0x0000021394b6bb30, 0x0000021394da0fb0, 0x0000021394b69cd0, 0x00000213968096d0
}

Java Threads: ( => current thread )
  0x00000213f814f040 JavaThread "main" [_thread_blocked, id=14688, stack(0x000000e3fb500000,0x000000e3fb600000)]
  0x00000213fe0127f0 JavaThread "Reference Handler" daemon [_thread_blocked, id=7016, stack(0x000000e3fb800000,0x000000e3fb900000)]
  0x00000213fcfc3fa0 JavaThread "Finalizer" daemon [_thread_blocked, id=18884, stack(0x000000e3fb900000,0x000000e3fba00000)]
  0x00000213fe02e160 JavaThread "Signal Dispatcher" daemon [_thread_blocked, id=20012, stack(0x000000e3fba00000,0x000000e3fbb00000)]
  0x00000213fe02eb30 JavaThread "Attach Listener" daemon [_thread_blocked, id=16188, stack(0x000000e3fbb00000,0x000000e3fbc00000)]
  0x00000213fe02f6f0 JavaThread "Service Thread" daemon [_thread_blocked, id=6088, stack(0x000000e3fbc00000,0x000000e3fbd00000)]
  0x00000213fe0302b0 JavaThread "Monitor Deflation Thread" daemon [_thread_blocked, id=10920, stack(0x000000e3fbd00000,0x000000e3fbe00000)]
  0x00000213fe0311a0 JavaThread "C2 CompilerThread0" daemon [_thread_in_native, id=9944, stack(0x000000e3fbe00000,0x000000e3fbf00000)]
  0x00000213fe0979b0 JavaThread "C1 CompilerThread0" daemon [_thread_in_native, id=9552, stack(0x000000e3fbf00000,0x000000e3fc000000)]
  0x00000213fe0ad7d0 JavaThread "Sweeper thread" daemon [_thread_blocked, id=15172, stack(0x000000e3fc000000,0x000000e3fc100000)]
  0x00000213fe0cbc20 JavaThread "Common-Cleaner" daemon [_thread_blocked, id=17960, stack(0x000000e3fc100000,0x000000e3fc200000)]
  0x00000213fe358470 JavaThread "Notification Thread" daemon [_thread_blocked, id=19840, stack(0x000000e3fc200000,0x000000e3fc300000)]
  0x0000021393287580 JavaThread "Active Thread: Equinox Container: 2db65d17-4834-4e6d-9146-a2ea386415bf" [_thread_blocked, id=18168, stack(0x000000e3fcc00000,0x000000e3fcd00000)]
  0x00000213ff7e0640 JavaThread "Framework Event Dispatcher: Equinox Container: 2db65d17-4834-4e6d-9146-a2ea386415bf" daemon [_thread_blocked, id=13424, stack(0x000000e3fc400000,0x000000e3fc500000)]
  0x000002139318ced0 JavaThread "Start Level: Equinox Container: 2db65d17-4834-4e6d-9146-a2ea386415bf" daemon [_thread_blocked, id=15632, stack(0x000000e3fcb00000,0x000000e3fcc00000)]
  0x00000213ff3e1bd0 JavaThread "Bundle File Closer" daemon [_thread_blocked, id=15336, stack(0x000000e3fce00000,0x000000e3fcf00000)]
  0x00000213934df5a0 JavaThread "SCR Component Actor" daemon [_thread_blocked, id=4328, stack(0x000000e3fcf00000,0x000000e3fd000000)]
  0x00000213934d27b0 JavaThread "Worker-JM" [_thread_blocked, id=11856, stack(0x000000e3fd100000,0x000000e3fd200000)]
  0x00000213934d31d0 JavaThread "Worker-1" [_thread_blocked, id=2388, stack(0x000000e3fd500000,0x000000e3fd600000)]
  0x00000213934d36e0 JavaThread "Java indexing" daemon [_thread_blocked, id=10440, stack(0x000000e3fd300000,0x000000e3fd400000)]
  0x00000213934d0950 JavaThread "JNA Cleaner" daemon [_thread_blocked, id=15652, stack(0x000000e3fda00000,0x000000e3fdb00000)]
  0x0000021394d9dd10 JavaThread "pool-2-thread-1" [_thread_blocked, id=19948, stack(0x000000e3fdb00000,0x000000e3fdc00000)]
  0x0000021394d9f660 JavaThread "WorkspaceEventsHandler" [_thread_blocked, id=16176, stack(0x000000e3fdc00000,0x000000e3fdd00000)]
  0x0000021394d9e220 JavaThread "pool-1-thread-1" [_thread_in_native, id=19672, stack(0x000000e3fdd00000,0x000000e3fde00000)]
  0x0000021394d9e730 JavaThread "ForkJoinPool.commonPool-worker-2" daemon [_thread_blocked, id=17720, stack(0x000000e3fdf00000,0x000000e3fe000000)]
  0x0000021394da3320 JavaThread "ForkJoinPool.commonPool-worker-3" daemon [_thread_blocked, id=19284, stack(0x000000e3fe000000,0x000000e3fe100000)]
  0x0000021394da3830 JavaThread "ForkJoinPool.commonPool-worker-5" daemon [_thread_blocked, id=13196, stack(0x000000e3fe200000,0x000000e3fe300000)]
  0x0000021394da14c0 JavaThread "ForkJoinPool.commonPool-worker-6" daemon [_thread_blocked, id=20364, stack(0x000000e3fe300000,0x000000e3fe400000)]
  0x0000021394da3d40 JavaThread "Java Debug Server" daemon [_thread_in_native, id=5984, stack(0x000000e3fe500000,0x000000e3fe600000)]
  0x0000021394d9c8d0 JavaThread "RxSchedulerPurge-1" daemon [_thread_blocked, id=5828, stack(0x000000e3fe800000,0x000000e3fe900000)]
  0x0000021394da2900 JavaThread "RxCachedWorkerPoolEvictor-1" daemon [_thread_blocked, id=20136, stack(0x000000e3fe900000,0x000000e3fea00000)]
  0x0000021394b692b0 JavaThread "ForkJoinPool.commonPool-worker-8" daemon [_thread_blocked, id=14828, stack(0x000000e3fd400000,0x000000e3fd500000)]
  0x0000021394b6bb30 JavaThread "Worker-5" [_thread_blocked, id=2160, stack(0x000000e3fd600000,0x000000e3fd700000)]
  0x0000021394da0fb0 JavaThread "ForkJoinPool.commonPool-worker-9" daemon [_thread_blocked, id=17276, stack(0x000000e3fb300000,0x000000e3fb400000)]
  0x0000021394b69cd0 JavaThread "ForkJoinPool.commonPool-worker-10" daemon [_thread_blocked, id=19608, stack(0x000000e3fb400000,0x000000e3fb500000)]
=>0x00000213968096d0 JavaThread "C2 CompilerThread1" daemon [_thread_in_native, id=12920, stack(0x000000e3fd000000,0x000000e3fd100000)]

Other Threads:
  0x00000213fe0114b0 VMThread "VM Thread" [stack: 0x000000e3fb700000,0x000000e3fb800000] [id=19492]
  0x00000213fe358950 WatcherThread [stack: 0x000000e3fc300000,0x000000e3fc400000] [id=7496]
  0x00000213f8162520 GCTaskThread "GC Thread#0" [stack: 0x000000e3fb600000,0x000000e3fb700000] [id=1620]
  0x00000213ff70ef40 GCTaskThread "GC Thread#1" [stack: 0x000000e3fc500000,0x000000e3fc600000] [id=8016]
  0x00000213ff70f200 GCTaskThread "GC Thread#2" [stack: 0x000000e3fc600000,0x000000e3fc700000] [id=17108]
  0x00000213ff99e550 GCTaskThread "GC Thread#3" [stack: 0x000000e3fc700000,0x000000e3fc800000] [id=11536]
  0x00000213ff99e810 GCTaskThread "GC Thread#4" [stack: 0x000000e3fc800000,0x000000e3fc900000] [id=11492]
  0x00000213ff99ead0 GCTaskThread "GC Thread#5" [stack: 0x000000e3fc900000,0x000000e3fca00000] [id=15976]
  0x00000213ff628fc0 GCTaskThread "GC Thread#6" [stack: 0x000000e3fca00000,0x000000e3fcb00000] [id=16824]
  0x0000021393426e90 GCTaskThread "GC Thread#7" [stack: 0x000000e3fcd00000,0x000000e3fce00000] [id=1964]

Threads with active compile tasks:
C2 CompilerThread0   702987 24486       4       org.eclipse.jdt.core.dom.ASTConverter::convert (71 bytes)
C1 CompilerThread0   702987 24484       3       org.eclipse.jdt.internal.compiler.ast.MessageSend::resolveType (2198 bytes)
C2 CompilerThread1   702987 24452       4       org.eclipse.jdt.internal.compiler.parser.Parser::consumeToken (2355 bytes)

VM state: not at safepoint (normal execution)

VM Mutex/Monitor currently owned by a thread:  ([mutex/lock_event])
[0x00000213f814bca0] Heap_lock - owner thread: 0x0000021394b69cd0

Heap address: 0x00000000c0000000, size: 1024 MB, Compressed Oops mode: 32-bit

CDS archive(s) not mapped
Compressed class space mapped at: 0x0000000100000000-0x0000000140000000, reserved size: 1073741824
Narrow klass base: 0x0000000000000000, Narrow klass shift: 3, Narrow klass range: 0x140000000

GC Precious Log:
 CPUs: 8 total, 8 available
 Memory: 7987M
 Large Page Support: Disabled
 NUMA Support: Disabled
 Compressed Oops: Enabled (32-bit)
 Alignments: Space 512K, Generation 512K, Heap 2M
 Heap Min Capacity: 100M
 Heap Initial Capacity: 100M
 Heap Max Capacity: 1G
 Pre-touch: Disabled
 Parallel Workers: 8

Heap:
 PSYoungGen      total 13312K, used 2782K [0x00000000eab00000, 0x00000000ebb80000, 0x0000000100000000)
  eden space 10752K, 2% used [0x00000000eab00000,0x00000000eab37a10,0x00000000eb580000)
  from space 2560K, 100% used [0x00000000eb580000,0x00000000eb800000,0x00000000eb800000)
  to   space 3072K, 0% used [0x00000000eb880000,0x00000000eb880000,0x00000000ebb80000)
 ParOldGen       total 173056K, used 171608K [0x00000000c0000000, 0x00000000ca900000, 0x00000000eab00000)
  object space 173056K, 99% used [0x00000000c0000000,0x00000000ca7960d0,0x00000000ca900000)
 Metaspace       used 92990K, committed 94336K, reserved 1179648K
  class space    used 9522K, committed 10176K, reserved 1048576K

Card table byte_map: [0x00000213f7b10000,0x00000213f7d20000] _byte_map_base: 0x00000213f7510000

Marking Bits: (ParMarkBitMap*) 0x00007ffe2d1ed7d0
 Begin Bits: [0x00000213fade0000, 0x00000213fbde0000)
 End Bits:   [0x00000213fbde0000, 0x00000213fcde0000)

Polling page: 0x00000213f7900000

Metaspace:

Usage:
  Non-class:     81.51 MB used.
      Class:      9.30 MB used.
       Both:     90.81 MB used.

Virtual space:
  Non-class space:      128.00 MB reserved,      82.19 MB ( 64%) committed,  2 nodes.
      Class space:        1.00 GB reserved,       9.94 MB ( <1%) committed,  1 nodes.
             Both:        1.12 GB reserved,      92.12 MB (  8%) committed. 

Chunk freelists:
   Non-Class:  13.69 MB
       Class:  6.12 MB
        Both:  19.81 MB

MaxMetaspaceSize: unlimited
CompressedClassSpaceSize: 1.00 GB
Initial GC threshold: 21.00 MB
Current GC threshold: 153.56 MB
CDS: off
MetaspaceReclaimPolicy: balanced
 - commit_granule_bytes: 65536.
 - commit_granule_words: 8192.
 - virtual_space_node_default_size: 8388608.
 - enlarge_chunks_in_place: 1.
 - new_chunks_are_fully_committed: 0.
 - uncommit_free_chunks: 1.
 - use_allocation_guard: 0.
 - handle_deallocations: 1.


Internal statistics:

num_allocs_failed_limit: 9.
num_arena_births: 898.
num_arena_deaths: 18.
num_vsnodes_births: 3.
num_vsnodes_deaths: 0.
num_space_committed: 1474.
num_space_uncommitted: 0.
num_chunks_returned_to_freelist: 28.
num_chunks_taken_from_freelist: 4864.
num_chunk_merges: 12.
num_chunk_splits: 2938.
num_chunks_enlarged: 1597.
num_inconsistent_stats: 0.

CodeHeap 'non-profiled nmethods': size=120000Kb used=19138Kb max_used=19989Kb free=100861Kb
 bounds [0x0000021387ad0000, 0x0000021388e60000, 0x000002138f000000]
CodeHeap 'profiled nmethods': size=120000Kb used=34280Kb max_used=35881Kb free=85719Kb
 bounds [0x0000021380000000, 0x0000021382340000, 0x0000021387530000]
CodeHeap 'non-nmethods': size=5760Kb used=1461Kb max_used=1585Kb free=4299Kb
 bounds [0x0000021387530000, 0x00000213877a0000, 0x0000021387ad0000]
 total_blobs=17186 nmethods=16387 adapters=706
 compilation: enabled
              stopped_count=0, restarted_count=0
 full_count=0

Compilation events (20 events):
Event: 702.773 Thread 0x00000213fe0311a0 24465       4       org.eclipse.jdt.internal.compiler.util.SimpleSet::includes (54 bytes)
Event: 702.778 Thread 0x00000213fe0979b0 24470  s!   3       org.eclipse.jdt.core.dom.DefaultBindingResolver::resolveName (1735 bytes)
Event: 702.797 Thread 0x00000213fe0979b0 nmethod 24470 0x000002138231bb90 code [0x000002138231ca40, 0x00000213823288c8]
Event: 702.797 Thread 0x00000213fe0979b0 24471       3       org.eclipse.jdt.internal.core.dom.rewrite.ListRewriteEvent::getChangeKind (54 bytes)
Event: 702.798 Thread 0x00000213fe0979b0 nmethod 24471 0x00000213800a7390 code [0x00000213800a7580, 0x00000213800a7b48]
Event: 702.820 Thread 0x00000213fe0311a0 nmethod 24465 0x00000213882f0190 code [0x00000213882f0360, 0x00000213882f0c98]
Event: 702.820 Thread 0x00000213fe0311a0 24468       4       org.eclipse.jdt.internal.compiler.codegen.CodeStream::generateInlinedValue (138 bytes)
Event: 702.824 Thread 0x00000213fe0979b0 24474   !   3       org.eclipse.jdt.internal.core.dom.rewrite.ASTRewriteAnalyzer$ListRewriter::rewriteList (1131 bytes)
Event: 702.848 Thread 0x00000213fe0979b0 nmethod 24474 0x000002138232ab90 code [0x000002138232b580, 0x0000021382332648]
Event: 702.856 Thread 0x00000213fe0311a0 nmethod 24468 0x000002138866f310 code [0x000002138866f520, 0x000002138866fbc0]
Event: 702.856 Thread 0x00000213fe0311a0 24472       4       org.eclipse.jdt.core.dom.TypeDeclaration::internalBodyDeclarationsProperty (4 bytes)
Event: 702.857 Thread 0x00000213fe0311a0 nmethod 24472 0x0000021387f47790 code [0x0000021387f47900, 0x0000021387f47978]
Event: 702.857 Thread 0x00000213fe0311a0 24473       4       org.eclipse.jdt.core.dom.BooleanLiteral::accept0 (12 bytes)
Event: 702.859 Thread 0x00000213fe0311a0 nmethod 24473 0x0000021388219310 code [0x00000213882194a0, 0x0000021388219558]
Event: 702.861 Thread 0x00000213fe0979b0 24475       3       org.eclipse.jdt.internal.core.dom.rewrite.ASTRewriteFlattener::visit (430 bytes)
Event: 702.871 Thread 0x00000213fe0979b0 nmethod 24475 0x000002138202a990 code [0x000002138202b180, 0x000002138202fa98]
Event: 702.871 Thread 0x00000213fe0979b0 24476       3       org.eclipse.jdt.internal.formatter.SpacePreparator::visit (566 bytes)
Event: 702.884 Thread 0x00000213fe0979b0 nmethod 24476 0x0000021381504210 code [0x0000021381504920, 0x0000021381508e68]
Event: 702.884 Thread 0x00000213fe0979b0 24477       3       org.eclipse.jdt.internal.formatter.LineBreaksPreparator::visit (99 bytes)
Event: 702.886 Thread 0x00000213fe0979b0 nmethod 24477 0x0000021381829410 code [0x0000021381829640, 0x0000021381829e38]

GC Heap History (20 events):
Event: 624.876 GC heap before
{Heap before GC invocations=2352 (full 42):
 PSYoungGen      total 11776K, used 11290K [0x00000000eab00000, 0x00000000ebe00000, 0x0000000100000000)
  eden space 10752K, 100% used [0x00000000eab00000,0x00000000eb580000,0x00000000eb580000)
  from space 1024K, 52% used [0x00000000ebd00000,0x00000000ebd86920,0x00000000ebe00000)
  to   space 3072K, 0% used [0x00000000eb800000,0x00000000eb800000,0x00000000ebb00000)
 ParOldGen       total 173056K, used 163964K [0x00000000c0000000, 0x00000000ca900000, 0x00000000eab00000)
  object space 173056K, 94% used [0x00000000c0000000,0x00000000ca01f270,0x00000000ca900000)
 Metaspace       used 92946K, committed 94336K, reserved 1179648K
  class space    used 9522K, committed 10176K, reserved 1048576K
}
Event: 624.877 GC heap after
{Heap after GC invocations=2352 (full 42):
 PSYoungGen      total 13824K, used 798K [0x00000000eab00000, 0x00000000ebd80000, 0x0000000100000000)
  eden space 10752K, 0% used [0x00000000eab00000,0x00000000eab00000,0x00000000eb580000)
  from space 3072K, 26% used [0x00000000eb800000,0x00000000eb8c7b10,0x00000000ebb00000)
  to   space 1536K, 0% used [0x00000000ebc00000,0x00000000ebc00000,0x00000000ebd80000)
 ParOldGen       total 173056K, used 164228K [0x00000000c0000000, 0x00000000ca900000, 0x00000000eab00000)
  object space 173056K, 94% used [0x00000000c0000000,0x00000000ca061290,0x00000000ca900000)
 Metaspace       used 92946K, committed 94336K, reserved 1179648K
  class space    used 9522K, committed 10176K, reserved 1048576K
}
Event: 625.160 GC heap before
{Heap before GC invocations=2353 (full 42):
 PSYoungGen      total 13824K, used 11550K [0x00000000eab00000, 0x00000000ebd80000, 0x0000000100000000)
  eden space 10752K, 100% used [0x00000000eab00000,0x00000000eb580000,0x00000000eb580000)
  from space 3072K, 26% used [0x00000000eb800000,0x00000000eb8c7b10,0x00000000ebb00000)
  to   space 1536K, 0% used [0x00000000ebc00000,0x00000000ebc00000,0x00000000ebd80000)
 ParOldGen       total 173056K, used 164228K [0x00000000c0000000, 0x00000000ca900000, 0x00000000eab00000)
  object space 173056K, 94% used [0x00000000c0000000,0x00000000ca061290,0x00000000ca900000)
 Metaspace       used 92951K, committed 94336K, reserved 1179648K
  class space    used 9522K, committed 10176K, reserved 1048576K
}
Event: 625.163 GC heap after
{Heap after GC invocations=2353 (full 42):
 PSYoungGen      total 12288K, used 1509K [0x00000000eab00000, 0x00000000ebd80000, 0x0000000100000000)
  eden space 10752K, 0% used [0x00000000eab00000,0x00000000eab00000,0x00000000eb580000)
  from space 1536K, 98% used [0x00000000ebc00000,0x00000000ebd797e0,0x00000000ebd80000)
  to   space 3584K, 0% used [0x00000000eb680000,0x00000000eb680000,0x00000000eba00000)
 ParOldGen       total 173056K, used 165465K [0x00000000c0000000, 0x00000000ca900000, 0x00000000eab00000)
  object space 173056K, 95% used [0x00000000c0000000,0x00000000ca1964b0,0x00000000ca900000)
 Metaspace       used 92951K, committed 94336K, reserved 1179648K
  class space    used 9522K, committed 10176K, reserved 1048576K
}
Event: 625.184 GC heap before
{Heap before GC invocations=2354 (full 42):
 PSYoungGen      total 12288K, used 12261K [0x00000000eab00000, 0x00000000ebd80000, 0x0000000100000000)
  eden space 10752K, 100% used [0x00000000eab00000,0x00000000eb580000,0x00000000eb580000)
  from space 1536K, 98% used [0x00000000ebc00000,0x00000000ebd797e0,0x00000000ebd80000)
  to   space 3584K, 0% used [0x00000000eb680000,0x00000000eb680000,0x00000000eba00000)
 ParOldGen       total 173056K, used 165465K [0x00000000c0000000, 0x00000000ca900000, 0x00000000eab00000)
  object space 173056K, 95% used [0x00000000c0000000,0x00000000ca1964b0,0x00000000ca900000)
 Metaspace       used 92952K, committed 94336K, reserved 1179648K
  class space    used 9522K, committed 10176K, reserved 1048576K
}
Event: 625.186 GC heap after
{Heap after GC invocations=2354 (full 42):
 PSYoungGen      total 14336K, used 1668K [0x00000000eab00000, 0x00000000ebc80000, 0x0000000100000000)
  eden space 10752K, 0% used [0x00000000eab00000,0x00000000eab00000,0x00000000eb580000)
  from space 3584K, 46% used [0x00000000eb680000,0x00000000eb821230,0x00000000eba00000)
  to   space 2560K, 0% used [0x00000000eba00000,0x00000000eba00000,0x00000000ebc80000)
 ParOldGen       total 173056K, used 165521K [0x00000000c0000000, 0x00000000ca900000, 0x00000000eab00000)
  object space 173056K, 95% used [0x00000000c0000000,0x00000000ca1a44b0,0x00000000ca900000)
 Metaspace       used 92952K, committed 94336K, reserved 1179648K
  class space    used 9522K, committed 10176K, reserved 1048576K
}
Event: 626.014 GC heap before
{Heap before GC invocations=2355 (full 42):
 PSYoungGen      total 14336K, used 12420K [0x00000000eab00000, 0x00000000ebc80000, 0x0000000100000000)
  eden space 10752K, 100% used [0x00000000eab00000,0x00000000eb580000,0x00000000eb580000)
  from space 3584K, 46% used [0x00000000eb680000,0x00000000eb821230,0x00000000eba00000)
  to   space 2560K, 0% used [0x00000000eba00000,0x00000000eba00000,0x00000000ebc80000)
 ParOldGen       total 173056K, used 165521K [0x00000000c0000000, 0x00000000ca900000, 0x00000000eab00000)
  object space 173056K, 95% used [0x00000000c0000000,0x00000000ca1a44b0,0x00000000ca900000)
 Metaspace       used 92953K, committed 94336K, reserved 1179648K
  class space    used 9522K, committed 10176K, reserved 1048576K
}
Event: 626.016 GC heap after
{Heap after GC invocations=2355 (full 42):
 PSYoungGen      total 11776K, used 564K [0x00000000eab00000, 0x00000000ebb00000, 0x0000000100000000)
  eden space 10752K, 0% used [0x00000000eab00000,0x00000000eab00000,0x00000000eb580000)
  from space 1024K, 55% used [0x00000000eba00000,0x00000000eba8d200,0x00000000ebb00000)
  to   space 1536K, 0% used [0x00000000eb800000,0x00000000eb800000,0x00000000eb980000)
 ParOldGen       total 173056K, used 165693K [0x00000000c0000000, 0x00000000ca900000, 0x00000000eab00000)
  object space 173056K, 95% used [0x00000000c0000000,0x00000000ca1cf6d0,0x00000000ca900000)
 Metaspace       used 92953K, committed 94336K, reserved 1179648K
  class space    used 9522K, committed 10176K, reserved 1048576K
}
Event: 702.143 GC heap before
{Heap before GC invocations=2356 (full 42):
 PSYoungGen      total 11776K, used 11316K [0x00000000eab00000, 0x00000000ebb00000, 0x0000000100000000)
  eden space 10752K, 100% used [0x00000000eab00000,0x00000000eb580000,0x00000000eb580000)
  from space 1024K, 55% used [0x00000000eba00000,0x00000000eba8d200,0x00000000ebb00000)
  to   space 1536K, 0% used [0x00000000eb800000,0x00000000eb800000,0x00000000eb980000)
 ParOldGen       total 173056K, used 165693K [0x00000000c0000000, 0x00000000ca900000, 0x00000000eab00000)
  object space 173056K, 95% used [0x00000000c0000000,0x00000000ca1cf6d0,0x00000000ca900000)
 Metaspace       used 92960K, committed 94336K, reserved 1179648K
  class space    used 9522K, committed 10176K, reserved 1048576K
}
Event: 702.148 GC heap after
{Heap after GC invocations=2356 (full 42):
 PSYoungGen      total 12288K, used 1524K [0x00000000eab00000, 0x00000000eba80000, 0x0000000100000000)
  eden space 10752K, 0% used [0x00000000eab00000,0x00000000eab00000,0x00000000eb580000)
  from space 1536K, 99% used [0x00000000eb800000,0x00000000eb97d200,0x00000000eb980000)
  to   space 1024K, 0% used [0x00000000eb980000,0x00000000eb980000,0x00000000eba80000)
 ParOldGen       total 173056K, used 166182K [0x00000000c0000000, 0x00000000ca900000, 0x00000000eab00000)
  object space 173056K, 96% used [0x00000000c0000000,0x00000000ca249900,0x00000000ca900000)
 Metaspace       used 92960K, committed 94336K, reserved 1179648K
  class space    used 9522K, committed 10176K, reserved 1048576K
}
Event: 702.414 GC heap before
{Heap before GC invocations=2357 (full 42):
 PSYoungGen      total 12288K, used 12267K [0x00000000eab00000, 0x00000000eba80000, 0x0000000100000000)
  eden space 10752K, 99% used [0x00000000eab00000,0x00000000eb57dd28,0x00000000eb580000)
  from space 1536K, 99% used [0x00000000eb800000,0x00000000eb97d200,0x00000000eb980000)
  to   space 1024K, 0% used [0x00000000eb980000,0x00000000eb980000,0x00000000eba80000)
 ParOldGen       total 173056K, used 166182K [0x00000000c0000000, 0x00000000ca900000, 0x00000000eab00000)
  object space 173056K, 96% used [0x00000000c0000000,0x00000000ca249900,0x00000000ca900000)
 Metaspace       used 92960K, committed 94336K, reserved 1179648K
  class space    used 9522K, committed 10176K, reserved 1048576K
}
Event: 702.419 GC heap after
{Heap after GC invocations=2357 (full 42):
 PSYoungGen      total 11264K, used 352K [0x00000000eab00000, 0x00000000eba00000, 0x0000000100000000)
  eden space 10752K, 0% used [0x00000000eab00000,0x00000000eab00000,0x00000000eb580000)
  from space 512K, 68% used [0x00000000eb980000,0x00000000eb9d8020,0x00000000eba00000)
  to   space 1024K, 0% used [0x00000000eb800000,0x00000000eb800000,0x00000000eb900000)
 ParOldGen       total 173056K, used 167696K [0x00000000c0000000, 0x00000000ca900000, 0x00000000eab00000)
  object space 173056K, 96% used [0x00000000c0000000,0x00000000ca3c4210,0x00000000ca900000)
 Metaspace       used 92960K, committed 94336K, reserved 1179648K
  class space    used 9522K, committed 10176K, reserved 1048576K
}
Event: 702.541 GC heap before
{Heap before GC invocations=2358 (full 42):
 PSYoungGen      total 11264K, used 11104K [0x00000000eab00000, 0x00000000eba00000, 0x0000000100000000)
  eden space 10752K, 100% used [0x00000000eab00000,0x00000000eb580000,0x00000000eb580000)
  from space 512K, 68% used [0x00000000eb980000,0x00000000eb9d8020,0x00000000eba00000)
  to   space 1024K, 0% used [0x00000000eb800000,0x00000000eb800000,0x00000000eb900000)
 ParOldGen       total 173056K, used 167696K [0x00000000c0000000, 0x00000000ca900000, 0x00000000eab00000)
  object space 173056K, 96% used [0x00000000c0000000,0x00000000ca3c4210,0x00000000ca900000)
 Metaspace       used 92960K, committed 94336K, reserved 1179648K
  class space    used 9522K, committed 10176K, reserved 1048576K
}
Event: 702.544 GC heap after
{Heap after GC invocations=2358 (full 42):
 PSYoungGen      total 11776K, used 650K [0x00000000eab00000, 0x00000000eba00000, 0x0000000100000000)
  eden space 10752K, 0% used [0x00000000eab00000,0x00000000eab00000,0x00000000eb580000)
  from space 1024K, 63% used [0x00000000eb800000,0x00000000eb8a2910,0x00000000eb900000)
  to   space 1024K, 0% used [0x00000000eb900000,0x00000000eb900000,0x00000000eba00000)
 ParOldGen       total 173056K, used 167848K [0x00000000c0000000, 0x00000000ca900000, 0x00000000eab00000)
  object space 173056K, 96% used [0x00000000c0000000,0x00000000ca3ea210,0x00000000ca900000)
 Metaspace       used 92960K, committed 94336K, reserved 1179648K
  class space    used 9522K, committed 10176K, reserved 1048576K
}
Event: 702.694 GC heap before
{Heap before GC invocations=2359 (full 42):
 PSYoungGen      total 11776K, used 11402K [0x00000000eab00000, 0x00000000eba00000, 0x0000000100000000)
  eden space 10752K, 100% used [0x00000000eab00000,0x00000000eb580000,0x00000000eb580000)
  from space 1024K, 63% used [0x00000000eb800000,0x00000000eb8a2910,0x00000000eb900000)
  to   space 1024K, 0% used [0x00000000eb900000,0x00000000eb900000,0x00000000eba00000)
 ParOldGen       total 173056K, used 167848K [0x00000000c0000000, 0x00000000ca900000, 0x00000000eab00000)
  object space 173056K, 96% used [0x00000000c0000000,0x00000000ca3ea210,0x00000000ca900000)
 Metaspace       used 92966K, committed 94336K, reserved 1179648K
  class space    used 9522K, committed 10176K, reserved 1048576K
}
Event: 702.699 GC heap after
{Heap after GC invocations=2359 (full 42):
 PSYoungGen      total 11776K, used 1001K [0x00000000eab00000, 0x00000000eba80000, 0x0000000100000000)
  eden space 10752K, 0% used [0x00000000eab00000,0x00000000eab00000,0x00000000eb580000)
  from space 1024K, 97% used [0x00000000eb900000,0x00000000eb9fa420,0x00000000eba00000)
  to   space 2560K, 0% used [0x00000000eb580000,0x00000000eb580000,0x00000000eb800000)
 ParOldGen       total 173056K, used 168848K [0x00000000c0000000, 0x00000000ca900000, 0x00000000eab00000)
  object space 173056K, 97% used [0x00000000c0000000,0x00000000ca4e4370,0x00000000ca900000)
 Metaspace       used 92966K, committed 94336K, reserved 1179648K
  class space    used 9522K, committed 10176K, reserved 1048576K
}
Event: 702.838 GC heap before
{Heap before GC invocations=2360 (full 42):
 PSYoungGen      total 11776K, used 11753K [0x00000000eab00000, 0x00000000eba80000, 0x0000000100000000)
  eden space 10752K, 100% used [0x00000000eab00000,0x00000000eb580000,0x00000000eb580000)
  from space 1024K, 97% used [0x00000000eb900000,0x00000000eb9fa420,0x00000000eba00000)
  to   space 2560K, 0% used [0x00000000eb580000,0x00000000eb580000,0x00000000eb800000)
 ParOldGen       total 173056K, used 168848K [0x00000000c0000000, 0x00000000ca900000, 0x00000000eab00000)
  object space 173056K, 97% used [0x00000000c0000000,0x00000000ca4e4370,0x00000000ca900000)
 Metaspace       used 92978K, committed 94336K, reserved 1179648K
  class space    used 9522K, committed 10176K, reserved 1048576K
}
Event: 702.841 GC heap after
{Heap after GC invocations=2360 (full 42):
 PSYoungGen      total 13312K, used 256K [0x00000000eab00000, 0x00000000eb980000, 0x0000000100000000)
  eden space 10752K, 0% used [0x00000000eab00000,0x00000000eab00000,0x00000000eb580000)
  from space 2560K, 10% used [0x00000000eb580000,0x00000000eb5c0000,0x00000000eb800000)
  to   space 1024K, 0% used [0x00000000eb880000,0x00000000eb880000,0x00000000eb980000)
 ParOldGen       total 173056K, used 169595K [0x00000000c0000000, 0x00000000ca900000, 0x00000000eab00000)
  object space 173056K, 98% used [0x00000000c0000000,0x00000000ca59ed98,0x00000000ca900000)
 Metaspace       used 92978K, committed 94336K, reserved 1179648K
  class space    used 9522K, committed 10176K, reserved 1048576K
}
Event: 702.897 GC heap before
{Heap before GC invocations=2361 (full 42):
 PSYoungGen      total 13312K, used 11008K [0x00000000eab00000, 0x00000000eb980000, 0x0000000100000000)
  eden space 10752K, 100% used [0x00000000eab00000,0x00000000eb580000,0x00000000eb580000)
  from space 2560K, 10% used [0x00000000eb580000,0x00000000eb5c0000,0x00000000eb800000)
  to   space 1024K, 0% used [0x00000000eb880000,0x00000000eb880000,0x00000000eb980000)
 ParOldGen       total 173056K, used 169595K [0x00000000c0000000, 0x00000000ca900000, 0x00000000eab00000)
  object space 173056K, 98% used [0x00000000c0000000,0x00000000ca59ed98,0x00000000ca900000)
 Metaspace       used 92990K, committed 94336K, reserved 1179648K
  class space    used 9522K, committed 10176K, reserved 1048576K
}
Event: 702.901 GC heap after
{Heap after GC invocations=2361 (full 42):
 PSYoungGen      total 11776K, used 1006K [0x00000000eab00000, 0x00000000eba80000, 0x0000000100000000)
  eden space 10752K, 0% used [0x00000000eab00000,0x00000000eab00000,0x00000000eb580000)
  from space 1024K, 98% used [0x00000000eb880000,0x00000000eb97bb80,0x00000000eb980000)
  to   space 2560K, 0% used [0x00000000eb580000,0x00000000eb580000,0x00000000eb800000)
 ParOldGen       total 173056K, used 170599K [0x00000000c0000000, 0x00000000ca900000, 0x00000000eab00000)
  object space 173056K, 98% used [0x00000000c0000000,0x00000000ca699fd8,0x00000000ca900000)
 Metaspace       used 92990K, committed 94336K, reserved 1179648K
  class space    used 9522K, committed 10176K, reserved 1048576K
}

Dll operation events (12 events):
Event: 0.013 Loaded shared library c:\Users\Kiet\.vscode\extensions\redhat.java-1.28.1-win32-x64\jre\17.0.10-win32-x86_64\bin\java.dll
Event: 0.378 Loaded shared library c:\Users\Kiet\.vscode\extensions\redhat.java-1.28.1-win32-x64\jre\17.0.10-win32-x86_64\bin\zip.dll
Event: 0.384 Loaded shared library C:\Users\Kiet\.vscode\extensions\redhat.java-1.28.1-win32-x64\jre\17.0.10-win32-x86_64\bin\instrument.dll
Event: 0.402 Loaded shared library C:\Users\Kiet\.vscode\extensions\redhat.java-1.28.1-win32-x64\jre\17.0.10-win32-x86_64\bin\net.dll
Event: 0.427 Loaded shared library C:\Users\Kiet\.vscode\extensions\redhat.java-1.28.1-win32-x64\jre\17.0.10-win32-x86_64\bin\nio.dll
Event: 0.437 Loaded shared library C:\Users\Kiet\.vscode\extensions\redhat.java-1.28.1-win32-x64\jre\17.0.10-win32-x86_64\bin\zip.dll
Event: 0.459 Loaded shared library C:\Users\Kiet\.vscode\extensions\redhat.java-1.28.1-win32-x64\jre\17.0.10-win32-x86_64\bin\jimage.dll
Event: 0.569 Loaded shared library c:\Users\Kiet\.vscode\extensions\redhat.java-1.28.1-win32-x64\jre\17.0.10-win32-x86_64\bin\verify.dll
Event: 5.698 Loaded shared library C:\Users\Kiet\AppData\Roaming\Code\User\globalStorage\redhat.java\1.28.1\config_win\org.eclipse.equinox.launcher\org.eclipse.equinox.launcher.win32.win32.x86_64_1.2.900.v20240129-1338\eclipse_11900.dll
Event: 22.425 Loaded shared library C:\Users\Kiet\AppData\Local\Temp\jna-2338477\jna17103734351855237344.dll
Event: 23.817 Loaded shared library C:\Users\Kiet\.vscode\extensions\redhat.java-1.28.1-win32-x64\jre\17.0.10-win32-x86_64\bin\sunmscapi.dll
Event: 24.243 Loaded shared library C:\Users\Kiet\.vscode\extensions\redhat.java-1.28.1-win32-x64\jre\17.0.10-win32-x86_64\bin\extnet.dll

Deoptimization events (20 events):
Event: 702.679 Thread 0x0000021394da3830 Uncommon trap: trap_request=0xffffff45 fr.pc=0x0000021388db0fa0 relative=0x00000000000025c0
Event: 702.679 Thread 0x0000021394da3830 Uncommon trap: reason=unstable_if action=reinterpret pc=0x0000021388db0fa0 method=org.eclipse.jdt.internal.compiler.codegen.StackMapFrame.getFrameType(Lorg/eclipse/jdt/internal/compiler/codegen/StackMapFrame;)I @ 37 c2
Event: 702.679 Thread 0x0000021394da3830 DEOPT PACKING pc=0x0000021388db0fa0 sp=0x000000e3fe2fdc10
Event: 702.679 Thread 0x0000021394da3830 DEOPT UNPACKING pc=0x0000021387589ea3 sp=0x000000e3fe2fdaa8 mode 2
Event: 702.679 Thread 0x0000021394da3830 Uncommon trap: trap_request=0xffffff45 fr.pc=0x0000021388db534c relative=0x000000000000066c
Event: 702.679 Thread 0x0000021394da3830 Uncommon trap: reason=unstable_if action=reinterpret pc=0x0000021388db534c method=org.eclipse.jdt.internal.compiler.codegen.CodeStream.generateConstant(Lorg/eclipse/jdt/internal/compiler/impl/Constant;I)V @ 173 c2
Event: 702.679 Thread 0x0000021394da3830 DEOPT PACKING pc=0x0000021388db534c sp=0x000000e3fe2fdc70
Event: 702.679 Thread 0x0000021394da3830 DEOPT UNPACKING pc=0x0000021387589ea3 sp=0x000000e3fe2fdba0 mode 2
Event: 702.682 Thread 0x0000021394da3830 Uncommon trap: trap_request=0xffffff45 fr.pc=0x0000021388deb1bc relative=0x00000000000059bc
Event: 702.682 Thread 0x0000021394da3830 Uncommon trap: reason=unstable_if action=reinterpret pc=0x0000021388deb1bc method=org.eclipse.jdt.core.dom.ASTConverter.convert(Lorg/eclipse/jdt/internal/compiler/ast/Expression;)Lorg/eclipse/jdt/core/dom/Expression; @ 614 c2
Event: 702.682 Thread 0x0000021394da3830 DEOPT PACKING pc=0x0000021388deb1bc sp=0x000000e3fe2fd9c0
Event: 702.682 Thread 0x0000021394da3830 DEOPT UNPACKING pc=0x0000021387589ea3 sp=0x000000e3fe2fd9d0 mode 2
Event: 702.757 Thread 0x0000021394da3830 Uncommon trap: trap_request=0xffffffde fr.pc=0x0000021388d25a94 relative=0x0000000000000734
Event: 702.757 Thread 0x0000021394da3830 Uncommon trap: reason=class_check action=maybe_recompile pc=0x0000021388d25a94 method=org.eclipse.jdt.internal.compiler.lookup.MethodScope.recordInitializationStates(Lorg/eclipse/jdt/internal/compiler/flow/FlowInfo;)I @ 12 c2
Event: 702.757 Thread 0x0000021394da3830 DEOPT PACKING pc=0x0000021388d25a94 sp=0x000000e3fe2fd8d0
Event: 702.757 Thread 0x0000021394da3830 DEOPT UNPACKING pc=0x0000021387589ea3 sp=0x000000e3fe2fd880 mode 2
Event: 702.777 Thread 0x0000021394da3830 Uncommon trap: trap_request=0xffffff45 fr.pc=0x0000021388d75c78 relative=0x0000000000004b78
Event: 702.777 Thread 0x0000021394da3830 Uncommon trap: reason=unstable_if action=reinterpret pc=0x0000021388d75c78 method=org.eclipse.jdt.core.dom.DefaultBindingResolver.resolveName(Lorg/eclipse/jdt/core/dom/Name;)Lorg/eclipse/jdt/core/dom/IBinding; @ 762 c2
Event: 702.778 Thread 0x0000021394da3830 DEOPT PACKING pc=0x0000021388d75c78 sp=0x000000e3fe2fe3a0
Event: 702.778 Thread 0x0000021394da3830 DEOPT UNPACKING pc=0x0000021387589ea3 sp=0x000000e3fe2fe390 mode 2

Classes unloaded (9 events):
Event: 19.716 Thread 0x00000213fe0114b0 Unloading class 0x0000000100248400 'java/lang/invoke/LambdaForm$MH+0x0000000100248400'
Event: 19.716 Thread 0x00000213fe0114b0 Unloading class 0x0000000100248000 'java/lang/invoke/LambdaForm$MH+0x0000000100248000'
Event: 19.716 Thread 0x00000213fe0114b0 Unloading class 0x0000000100247c00 'java/lang/invoke/LambdaForm$MH+0x0000000100247c00'
Event: 19.716 Thread 0x00000213fe0114b0 Unloading class 0x0000000100247800 'java/lang/invoke/LambdaForm$MH+0x0000000100247800'
Event: 19.716 Thread 0x00000213fe0114b0 Unloading class 0x0000000100247400 'java/lang/invoke/LambdaForm$BMH+0x0000000100247400'
Event: 19.717 Thread 0x00000213fe0114b0 Unloading class 0x0000000100247000 'java/lang/invoke/LambdaForm$DMH+0x0000000100247000'
Event: 19.717 Thread 0x00000213fe0114b0 Unloading class 0x0000000100244400 'java/lang/invoke/LambdaForm$DMH+0x0000000100244400'
Event: 32.281 Thread 0x00000213fe0114b0 Unloading class 0x0000000100774000 'java/lang/invoke/LambdaForm$DMH+0x0000000100774000'
Event: 77.310 Thread 0x00000213fe0114b0 Unloading class 0x00000001008c4400 'java/lang/invoke/LambdaForm$DMH+0x00000001008c4400'

Classes redefined (0 events):
No events

Internal exceptions (20 events):
Event: 449.666 Thread 0x0000021394da14c0 Exception <a 'java/lang/ClassNotFoundException'{0x00000000eac98718}: sun/net/www/protocol/jdt/Handler> (0x00000000eac98718) 
thrown [s\src\hotspot\share\classfile\systemDictionary.cpp, line 256]
Event: 449.666 Thread 0x0000021394da14c0 Exception <a 'java/lang/ClassNotFoundException'{0x00000000eac9ae90}: sun/net/www/protocol/jdt/Handler> (0x00000000eac9ae90) 
thrown [s\src\hotspot\share\classfile\systemDictionary.cpp, line 256]
Event: 452.766 Thread 0x0000021394da3830 Exception <a 'java/lang/ClassCastException'{0x00000000eacbb478}> (0x00000000eacbb478) 
thrown [s\src\hotspot\share\runtime\sharedRuntime.cpp, line 631]
Event: 456.409 Thread 0x0000021394da14c0 Exception <a 'java/lang/ClassNotFoundException'{0x00000000eab84620}: sun/net/www/protocol/jdt/Handler> (0x00000000eab84620) 
thrown [s\src\hotspot\share\classfile\systemDictionary.cpp, line 256]
Event: 456.409 Thread 0x0000021394da14c0 Exception <a 'java/lang/ClassNotFoundException'{0x00000000eab86d50}: sun/net/www/protocol/jdt/Handler> (0x00000000eab86d50) 
thrown [s\src\hotspot\share\classfile\systemDictionary.cpp, line 256]
Event: 459.295 Thread 0x0000021394d9e220 Exception <a 'java/lang/ClassCastException'{0x00000000eb18ac00}> (0x00000000eb18ac00) 
thrown [s\src\hotspot\share\runtime\sharedRuntime.cpp, line 631]
Event: 474.679 Thread 0x0000021394d9e220 Implicit null exception at 0x0000021388607f89 to 0x0000021388609700
Event: 474.709 Thread 0x0000021394d9e220 Exception <a 'java/lang/ClassCastException'{0x00000000ead3e700}> (0x00000000ead3e700) 
thrown [s\src\hotspot\share\runtime\sharedRuntime.cpp, line 631]
Event: 474.712 Thread 0x0000021394d9e220 Exception <a 'java/lang/ClassCastException'{0x00000000eaea2ce0}> (0x00000000eaea2ce0) 
thrown [s\src\hotspot\share\runtime\sharedRuntime.cpp, line 631]
Event: 474.720 Thread 0x0000021394d9e220 Implicit null exception at 0x0000021388b632cc to 0x0000021388b63319
Event: 474.720 Thread 0x0000021394d9e220 Implicit null exception at 0x0000021388b61359 to 0x0000021388b62158
Event: 477.460 Thread 0x00000213934d36e0 Exception <a 'sun/nio/fs/WindowsException'{0x00000000eab70748}> (0x00000000eab70748) 
thrown [s\src\hotspot\share\prims\jni.cpp, line 516]
Event: 477.665 Thread 0x00000213934d36e0 Exception <a 'sun/nio/fs/WindowsException'{0x00000000eab95928}> (0x00000000eab95928) 
thrown [s\src\hotspot\share\prims\jni.cpp, line 516]
Event: 598.480 Thread 0x0000021394d9e730 Exception <a 'java/lang/ClassCastException'{0x00000000eab514a0}> (0x00000000eab514a0) 
thrown [s\src\hotspot\share\runtime\sharedRuntime.cpp, line 631]
Event: 602.738 Thread 0x0000021394d9e730 Exception <a 'java/lang/ClassCastException'{0x00000000eb232c68}> (0x00000000eb232c68) 
thrown [s\src\hotspot\share\runtime\sharedRuntime.cpp, line 631]
Event: 603.805 Thread 0x0000021394d9e220 Exception <a 'java/lang/ClassCastException'{0x00000000eb0396f0}> (0x00000000eb0396f0) 
thrown [s\src\hotspot\share\runtime\sharedRuntime.cpp, line 631]
Event: 620.665 Thread 0x0000021394d9e220 Exception <a 'java/lang/ClassCastException'{0x00000000eacd2730}> (0x00000000eacd2730) 
thrown [s\src\hotspot\share\runtime\sharedRuntime.cpp, line 631]
Event: 624.313 Thread 0x00000213934d36e0 Exception <a 'sun/nio/fs/WindowsException'{0x00000000eacfed08}> (0x00000000eacfed08) 
thrown [s\src\hotspot\share\prims\jni.cpp, line 516]
Event: 624.508 Thread 0x00000213934d36e0 Exception <a 'sun/nio/fs/WindowsException'{0x00000000eadc8228}> (0x00000000eadc8228) 
thrown [s\src\hotspot\share\prims\jni.cpp, line 516]
Event: 702.675 Thread 0x0000021394da3830 Implicit null exception at 0x0000021388698215 to 0x0000021388698290

VM Operations (20 events):
Event: 653.169 Executing VM operation: Cleanup done
Event: 661.448 Executing VM operation: HandshakeAllThreads
Event: 661.448 Executing VM operation: HandshakeAllThreads done
Event: 702.143 Executing VM operation: ParallelGCFailedAllocation
Event: 702.148 Executing VM operation: ParallelGCFailedAllocation done
Event: 702.414 Executing VM operation: ParallelGCFailedAllocation
Event: 702.419 Executing VM operation: ParallelGCFailedAllocation done
Event: 702.541 Executing VM operation: ParallelGCFailedAllocation
Event: 702.544 Executing VM operation: ParallelGCFailedAllocation done
Event: 702.602 Executing VM operation: HandshakeAllThreads
Event: 702.602 Executing VM operation: HandshakeAllThreads done
Event: 702.682 Executing VM operation: HandshakeAllThreads
Event: 702.683 Executing VM operation: HandshakeAllThreads done
Event: 702.694 Executing VM operation: ParallelGCFailedAllocation
Event: 702.700 Executing VM operation: ParallelGCFailedAllocation done
Event: 702.778 Executing VM operation: HandshakeAllThreads
Event: 702.778 Executing VM operation: HandshakeAllThreads done
Event: 702.838 Executing VM operation: ParallelGCFailedAllocation
Event: 702.841 Executing VM operation: ParallelGCFailedAllocation done
Event: 702.896 Executing VM operation: ParallelGCFailedAllocation

Events (20 events):
Event: 702.853 Thread 0x00000213fe0ad7d0 flushing nmethod 0x0000021381cc4310
Event: 702.853 Thread 0x00000213fe0ad7d0 flushing nmethod 0x0000021381cf9d10
Event: 702.855 Thread 0x00000213fe0ad7d0 flushing nmethod 0x0000021381e1b590
Event: 702.855 Thread 0x00000213fe0ad7d0 flushing nmethod 0x0000021381e7ef90
Event: 702.855 Thread 0x00000213fe0ad7d0 flushing nmethod 0x0000021381e87e10
Event: 702.856 Thread 0x00000213fe0ad7d0 flushing nmethod 0x0000021381eb9110
Event: 702.856 Thread 0x00000213fe0ad7d0 flushing nmethod 0x0000021381ebe210
Event: 702.856 Thread 0x00000213fe0ad7d0 flushing nmethod 0x0000021381ee1090
Event: 702.856 Thread 0x00000213fe0ad7d0 flushing nmethod 0x0000021381f22190
Event: 702.856 Thread 0x00000213fe0ad7d0 flushing nmethod 0x0000021381f22690
Event: 702.857 Thread 0x00000213fe0ad7d0 flushing nmethod 0x0000021381f37590
Event: 702.857 Thread 0x00000213fe0ad7d0 flushing nmethod 0x0000021381f3b590
Event: 702.857 Thread 0x00000213fe0ad7d0 flushing nmethod 0x0000021381f66890
Event: 702.858 Thread 0x00000213fe0ad7d0 flushing nmethod 0x000002138202a990
Event: 702.858 Thread 0x00000213fe0ad7d0 flushing nmethod 0x000002138202ba10
Event: 702.858 Thread 0x00000213fe0ad7d0 flushing nmethod 0x0000021382072e10
Event: 702.858 Thread 0x00000213fe0ad7d0 flushing nmethod 0x0000021382078190
Event: 702.859 Thread 0x00000213fe0ad7d0 flushing nmethod 0x00000213820b6310
Event: 702.859 Thread 0x00000213fe0ad7d0 flushing nmethod 0x000002138211bc10
Event: 702.861 Thread 0x00000213fe0ad7d0 flushing nmethod 0x000002138223d690


Dynamic libraries:
0x00007ff6d6200000 - 0x00007ff6d620e000 	c:\Users\Kiet\.vscode\extensions\redhat.java-1.28.1-win32-x64\jre\17.0.10-win32-x86_64\bin\java.exe
0x00007ffe72250000 - 0x00007ffe72466000 	C:\WINDOWS\SYSTEM32\ntdll.dll
0x00007ffe70910000 - 0x00007ffe709d4000 	C:\WINDOWS\System32\KERNEL32.DLL
0x00007ffe6f720000 - 0x00007ffe6fac6000 	C:\WINDOWS\System32\KERNELBASE.dll
0x00007ffe6fe80000 - 0x00007ffe6ff91000 	C:\WINDOWS\System32\ucrtbase.dll
0x00007ffe679c0000 - 0x00007ffe679d7000 	c:\Users\Kiet\.vscode\extensions\redhat.java-1.28.1-win32-x64\jre\17.0.10-win32-x86_64\bin\jli.dll
0x00007ffe70650000 - 0x00007ffe707fd000 	C:\WINDOWS\System32\USER32.dll
0x00007ffe6f590000 - 0x00007ffe6f5b6000 	C:\WINDOWS\System32\win32u.dll
0x00007ffe71150000 - 0x00007ffe71179000 	C:\WINDOWS\System32\GDI32.dll
0x00007ffe6fd60000 - 0x00007ffe6fe78000 	C:\WINDOWS\System32\gdi32full.dll
0x00007ffe6fcc0000 - 0x00007ffe6fd5a000 	C:\WINDOWS\System32\msvcp_win.dll
0x00007ffe66f60000 - 0x00007ffe66f7b000 	c:\Users\Kiet\.vscode\extensions\redhat.java-1.28.1-win32-x64\jre\17.0.10-win32-x86_64\bin\VCRUNTIME140.dll
0x00007ffe5e1e0000 - 0x00007ffe5e473000 	C:\WINDOWS\WinSxS\amd64_microsoft.windows.common-controls_6595b64144ccf1df_6.0.22621.3235_none_270f74e173860f98\COMCTL32.dll
0x00007ffe70540000 - 0x00007ffe705e7000 	C:\WINDOWS\System32\msvcrt.dll
0x00007ffe70800000 - 0x00007ffe70831000 	C:\WINDOWS\System32\IMM32.DLL
0x00007ffe6a360000 - 0x00007ffe6a36c000 	c:\Users\Kiet\.vscode\extensions\redhat.java-1.28.1-win32-x64\jre\17.0.10-win32-x86_64\bin\vcruntime140_1.dll
0x00007ffe441f0000 - 0x00007ffe4427d000 	c:\Users\Kiet\.vscode\extensions\redhat.java-1.28.1-win32-x64\jre\17.0.10-win32-x86_64\bin\msvcp140.dll
0x00007ffe2c650000 - 0x00007ffe2d2b2000 	c:\Users\Kiet\.vscode\extensions\redhat.java-1.28.1-win32-x64\jre\17.0.10-win32-x86_64\bin\server\jvm.dll
0x00007ffe72150000 - 0x00007ffe72202000 	C:\WINDOWS\System32\ADVAPI32.dll
0x00007ffe70330000 - 0x00007ffe703d8000 	C:\WINDOWS\System32\sechost.dll
0x00007ffe6f6f0000 - 0x00007ffe6f718000 	C:\WINDOWS\System32\bcrypt.dll
0x00007ffe71e80000 - 0x00007ffe71f95000 	C:\WINDOWS\System32\RPCRT4.dll
0x00007ffe6f460000 - 0x00007ffe6f4ad000 	C:\WINDOWS\SYSTEM32\POWRPROF.dll
0x00007ffe69ec0000 - 0x00007ffe69ec9000 	C:\WINDOWS\SYSTEM32\WSOCK32.dll
0x00007ffe710d0000 - 0x00007ffe71141000 	C:\WINDOWS\System32\WS2_32.dll
0x00007ffe69550000 - 0x00007ffe69584000 	C:\WINDOWS\SYSTEM32\WINMM.dll
0x00007ffe68430000 - 0x00007ffe6843a000 	C:\WINDOWS\SYSTEM32\VERSION.dll
0x00007ffe6f440000 - 0x00007ffe6f453000 	C:\WINDOWS\SYSTEM32\UMPDC.dll
0x00007ffe6e5d0000 - 0x00007ffe6e5e8000 	C:\WINDOWS\SYSTEM32\kernel.appcore.dll
0x00007ffe698d0000 - 0x00007ffe698da000 	c:\Users\Kiet\.vscode\extensions\redhat.java-1.28.1-win32-x64\jre\17.0.10-win32-x86_64\bin\jimage.dll
0x00007ffe6ce20000 - 0x00007ffe6d053000 	C:\WINDOWS\SYSTEM32\DBGHELP.DLL
0x00007ffe6ffa0000 - 0x00007ffe70328000 	C:\WINDOWS\System32\combase.dll
0x00007ffe71180000 - 0x00007ffe71257000 	C:\WINDOWS\System32\OLEAUT32.dll
0x00007ffe68a70000 - 0x00007ffe68aa2000 	C:\WINDOWS\SYSTEM32\dbgcore.DLL
0x00007ffe6fad0000 - 0x00007ffe6fb4a000 	C:\WINDOWS\System32\bcryptPrimitives.dll
0x00007ffe69620000 - 0x00007ffe6962e000 	c:\Users\Kiet\.vscode\extensions\redhat.java-1.28.1-win32-x64\jre\17.0.10-win32-x86_64\bin\instrument.dll
0x00007ffe5cb30000 - 0x00007ffe5cb55000 	c:\Users\Kiet\.vscode\extensions\redhat.java-1.28.1-win32-x64\jre\17.0.10-win32-x86_64\bin\java.dll
0x00007ffe65070000 - 0x00007ffe65088000 	c:\Users\Kiet\.vscode\extensions\redhat.java-1.28.1-win32-x64\jre\17.0.10-win32-x86_64\bin\zip.dll
0x00007ffe71510000 - 0x00007ffe71d6d000 	C:\WINDOWS\System32\SHELL32.dll
0x00007ffe6d4f0000 - 0x00007ffe6dde8000 	C:\WINDOWS\SYSTEM32\windows.storage.dll
0x00007ffe6d3b0000 - 0x00007ffe6d4ee000 	C:\WINDOWS\SYSTEM32\wintypes.dll
0x00007ffe71fb0000 - 0x00007ffe720a3000 	C:\WINDOWS\System32\SHCORE.dll
0x00007ffe71e20000 - 0x00007ffe71e7e000 	C:\WINDOWS\System32\shlwapi.dll
0x00007ffe6f4c0000 - 0x00007ffe6f4e6000 	C:\WINDOWS\SYSTEM32\profapi.dll
0x00007ffe64dc0000 - 0x00007ffe64dd9000 	C:\Users\Kiet\.vscode\extensions\redhat.java-1.28.1-win32-x64\jre\17.0.10-win32-x86_64\bin\net.dll
0x00007ffe69c40000 - 0x00007ffe69d77000 	C:\WINDOWS\SYSTEM32\WINHTTP.dll
0x00007ffe6ea50000 - 0x00007ffe6eab9000 	C:\WINDOWS\system32\mswsock.dll
0x00007ffe61780000 - 0x00007ffe61796000 	C:\Users\Kiet\.vscode\extensions\redhat.java-1.28.1-win32-x64\jre\17.0.10-win32-x86_64\bin\nio.dll
0x00007ffe67d90000 - 0x00007ffe67da0000 	c:\Users\Kiet\.vscode\extensions\redhat.java-1.28.1-win32-x64\jre\17.0.10-win32-x86_64\bin\verify.dll
0x00007ffe58b10000 - 0x00007ffe58b4e000 	C:\Users\Kiet\AppData\Roaming\Code\User\globalStorage\redhat.java\1.28.1\config_win\org.eclipse.equinox.launcher\org.eclipse.equinox.launcher.win32.win32.x86_64_1.2.900.v20240129-1338\eclipse_11900.dll
0x00007ffe71370000 - 0x00007ffe7150f000 	C:\WINDOWS\System32\ole32.dll
0x00007ffe6eca0000 - 0x00007ffe6ecbb000 	C:\WINDOWS\SYSTEM32\CRYPTSP.dll
0x00007ffe6e530000 - 0x00007ffe6e565000 	C:\WINDOWS\system32\rsaenh.dll
0x00007ffe6eb40000 - 0x00007ffe6eb6c000 	C:\WINDOWS\SYSTEM32\USERENV.dll
0x00007ffe6ecc0000 - 0x00007ffe6eccc000 	C:\WINDOWS\SYSTEM32\CRYPTBASE.dll
0x00007ffe6e090000 - 0x00007ffe6e0bd000 	C:\WINDOWS\SYSTEM32\IPHLPAPI.DLL
0x00007ffe70900000 - 0x00007ffe70909000 	C:\WINDOWS\System32\NSI.dll
0x00007ffe69da0000 - 0x00007ffe69db9000 	C:\WINDOWS\SYSTEM32\dhcpcsvc6.DLL
0x00007ffe69d80000 - 0x00007ffe69d9f000 	C:\WINDOWS\SYSTEM32\dhcpcsvc.DLL
0x00007ffe6e0c0000 - 0x00007ffe6e1b9000 	C:\WINDOWS\SYSTEM32\DNSAPI.dll
0x00007ffe589b0000 - 0x00007ffe589f5000 	C:\Users\Kiet\AppData\Local\Temp\jna-2338477\jna17103734351855237344.dll
0x00007ffe71fa0000 - 0x00007ffe71fa8000 	C:\WINDOWS\System32\PSAPI.DLL
0x00007ffe67a40000 - 0x00007ffe67a4e000 	C:\Users\Kiet\.vscode\extensions\redhat.java-1.28.1-win32-x64\jre\17.0.10-win32-x86_64\bin\sunmscapi.dll
0x00007ffe6fb50000 - 0x00007ffe6fcb6000 	C:\WINDOWS\System32\CRYPT32.dll
0x00007ffe6ee40000 - 0x00007ffe6ee6e000 	C:\WINDOWS\SYSTEM32\ncrypt.dll
0x00007ffe6ee00000 - 0x00007ffe6ee37000 	C:\WINDOWS\SYSTEM32\NTASN1.dll
0x00007ffe66040000 - 0x00007ffe6604a000 	C:\Windows\System32\rasadhlp.dll
0x00007ffe690a0000 - 0x00007ffe69123000 	C:\WINDOWS\System32\fwpuclnt.dll
0x00007ffe67a10000 - 0x00007ffe67a19000 	C:\Users\Kiet\.vscode\extensions\redhat.java-1.28.1-win32-x64\jre\17.0.10-win32-x86_64\bin\extnet.dll

dbghelp: loaded successfully - version: 4.0.5 - missing functions: none
symbol engine: initialized successfully - sym options: 0x614 - pdb path: .;c:\Users\Kiet\.vscode\extensions\redhat.java-1.28.1-win32-x64\jre\17.0.10-win32-x86_64\bin;C:\WINDOWS\SYSTEM32;C:\WINDOWS\WinSxS\amd64_microsoft.windows.common-controls_6595b64144ccf1df_6.0.22621.3235_none_270f74e173860f98;c:\Users\Kiet\.vscode\extensions\redhat.java-1.28.1-win32-x64\jre\17.0.10-win32-x86_64\bin\server;C:\Users\Kiet\AppData\Roaming\Code\User\globalStorage\redhat.java\1.28.1\config_win\org.eclipse.equinox.launcher\org.eclipse.equinox.launcher.win32.win32.x86_64_1.2.900.v20240129-1338;C:\Users\Kiet\AppData\Local\Temp\jna-2338477

VM Arguments:
jvm_args: --add-modules=ALL-SYSTEM --add-opens=java.base/java.util=ALL-UNNAMED --add-opens=java.base/java.lang=ALL-UNNAMED --add-opens=java.base/sun.nio.fs=ALL-UNNAMED -Declipse.application=org.eclipse.jdt.ls.core.id1 -Dosgi.bundles.defaultStartLevel=4 -Declipse.product=org.eclipse.jdt.ls.core.product -Djava.import.generatesMetadataFilesAtProjectRoot=false -DDetectVMInstallationsJob.disabled=true -Dfile.encoding=utf8 -XX:+UseParallelGC -XX:GCTimeRatio=4 -XX:AdaptiveSizePolicyWeight=90 -Dsun.zip.disableMemoryMapping=true -Xmx1G -Xms100m -Xlog:disable -javaagent:c:\Users\Kiet\.vscode\extensions\redhat.java-1.28.1-win32-x64\lombok\lombok-1.18.31.jar -XX:+HeapDumpOnOutOfMemoryError -XX:HeapDumpPath=c:\Users\Kiet\AppData\Roaming\Code\User\workspaceStorage\794778fa6a47f198356234ad77415c6f\redhat.java -Daether.dependencyCollector.impl=bf 
java_command: c:\Users\Kiet\.vscode\extensions\redhat.java-1.28.1-win32-x64\server\plugins\org.eclipse.equinox.launcher_1.6.700.v20231214-2017.jar -configuration c:\Users\Kiet\AppData\Roaming\Code\User\globalStorage\redhat.java\1.28.1\config_win -data c:\Users\Kiet\AppData\Roaming\Code\User\workspaceStorage\794778fa6a47f198356234ad77415c6f\redhat.java\jdt_ws --stdio
java_class_path (initial): c:\Users\Kiet\.vscode\extensions\redhat.java-1.28.1-win32-x64\server\plugins\org.eclipse.equinox.launcher_1.6.700.v20231214-2017.jar
Launcher Type: SUN_STANDARD

[Global flags]
    uintx AdaptiveSizePolicyWeight                 = 90                                        {product} {command line}
     intx CICompilerCount                          = 4                                         {product} {ergonomic}
    uintx GCTimeRatio                              = 4                                         {product} {command line}
     bool HeapDumpOnOutOfMemoryError               = true                                   {manageable} {command line}
    ccstr HeapDumpPath                             = c:\Users\Kiet\AppData\Roaming\Code\User\workspaceStorage\794778fa6a47f198356234ad77415c6f\redhat.java         {manageable} {command line}
   size_t InitialHeapSize                          = 104857600                                 {product} {command line}
   size_t MaxHeapSize                              = 1073741824                                {product} {command line}
   size_t MaxNewSize                               = 357564416                                 {product} {ergonomic}
   size_t MinHeapDeltaBytes                        = 524288                                    {product} {ergonomic}
   size_t MinHeapSize                              = 104857600                                 {product} {command line}
   size_t NewSize                                  = 34603008                                  {product} {ergonomic}
    uintx NonNMethodCodeHeapSize                   = 5839372                                {pd product} {ergonomic}
    uintx NonProfiledCodeHeapSize                  = 122909434                              {pd product} {ergonomic}
   size_t OldSize                                  = 70254592                                  {product} {ergonomic}
    uintx ProfiledCodeHeapSize                     = 122909434                              {pd product} {ergonomic}
    uintx ReservedCodeCacheSize                    = 251658240                              {pd product} {ergonomic}
     bool SegmentedCodeCache                       = true                                      {product} {ergonomic}
   size_t SoftMaxHeapSize                          = 1073741824                             {manageable} {ergonomic}
     bool UseCompressedClassPointers               = true                           {product lp64_product} {ergonomic}
     bool UseCompressedOops                        = true                           {product lp64_product} {ergonomic}
     bool UseLargePagesIndividualAllocation        = false                                  {pd product} {ergonomic}
     bool UseParallelGC                            = true                                      {product} {command line}

Logging:
Log output configuration:
 #0: stdout all=off uptime,level,tags
 #1: stderr all=off uptime,level,tags

Environment Variables:
PATH=C:\Program Files\Common Files\Oracle\Java\javapath;C:\Program Files (x86)\Common Files\Oracle\Java\javapath;C:\WINDOWS\system32;C:\WINDOWS;C:\WINDOWS\System32\Wbem;C:\WINDOWS\System32\WindowsPowerShell\v1.0\;C:\WINDOWS\System32\OpenSSH\;C:\Program Files\dotnet\;C:\Program Files\Common Files\Oracle\Java\javapath;C:\Program Files\Java\jdk-11\bin;C:\Program Files (x86)\Microsoft SQL Server\160\Tools\Binn\;C:\Program Files\Microsoft SQL Server\160\Tools\Binn\;C:\Program Files\Microsoft SQL Server\Client SDK\ODBC\170\Tools\Binn\;C:\Program Files\Microsoft SQL Server\160\DTS\Binn\;C:\Program Files (x86)\Microsoft SQL Server\160\DTS\Binn\;C:\Program Files\Azure Data Studio\bin;C:\Program Files\apache-maven-3.9.6\bin;C:\Program Files\Git\cmd;C:\Program Files\nodejs\;C:\Users\Kiet\AppData\Local\Microsoft\WindowsApps;C:\Users\Kiet\AppData\Local\Programs\Microsoft VS Code\bin;C:\Users\Kiet\AppData\Local\GitHubDesktop\bin;C:\Users\Kiet\.dotnet\tools;C:\Program Files\Azure Data Studio\bin;C:\Users\Kiet\AppData\Roaming\npm
USERNAME=Kiet
OS=Windows_NT
PROCESSOR_IDENTIFIER=Intel64 Family 6 Model 126 Stepping 5, GenuineIntel
TMP=C:\Users\Kiet\AppData\Local\Temp
TEMP=C:\Users\Kiet\AppData\Local\Temp



Periodic native trim disabled


---------------  S Y S T E M  ---------------

OS:
 Windows 11 , 64 bit Build 22621 (10.0.22621.3235)
OS uptime: 4 days 5:34 hours

CPU: total 8 (initial active 8) (4 cores per cpu, 2 threads per core) family 6 model 126 stepping 5 microcode 0xa6, cx8, cmov, fxsr, ht, mmx, 3dnowpref, sse, sse2, sse3, ssse3, sse4.1, sse4.2, popcnt, lzcnt, tsc, tscinvbit, avx, avx2, aes, erms, clmul, bmi1, bmi2, adx, avx512f, avx512dq, avx512cd, avx512bw, avx512vl, sha, fma, vzeroupper, avx512_vpopcntdq, avx512_vpclmulqdq, avx512_vaes, avx512_vnni, clflush, clflushopt, avx512_vbmi2, avx512_vbmi
Processor Information for all 8 processors :
  Max Mhz: 1190, Current Mhz: 991, Mhz Limit: 987

Memory: 4k page, system-wide physical 7987M (654M free)
TotalPageFile size 10035M (AvailPageFile size 135M)
current process WorkingSet (physical memory assigned to process): 514M, peak: 573M
current process commit charge ("private bytes"): 522M, peak: 596M

vm_info: OpenJDK 64-Bit Server VM (17.0.10+7) for windows-amd64 JRE (17.0.10+7), built on Jan 16 2024 23:25:11 by "admin" with MS VC++ 16.10 / 16.11 (VS2019)

END.
