#
# There is insufficient memory for the Java Runtime Environment to continue.
# Native memory allocation (mmap) failed to map 52428800 bytes for G1 virtual space
# Possible reasons:
#   The system is out of physical RAM or swap space
#   The process is running with CompressedOops enabled, and the Java Heap may be blocking the growth of the native heap
# Possible solutions:
#   Reduce memory load on the system
#   Increase physical memory or swap space
#   Check if swap backing store is full
#   Decrease Java heap size (-Xmx/-Xms)
#   Decrease number of Java threads
#   Decrease Java thread stack sizes (-Xss)
#   Set larger code cache with -XX:ReservedCodeCacheSize=
#   JVM is running with Unscaled Compressed Oops mode in which the Java heap is
#     placed in the first 4GB address space. The Java Heap base address is the
#     maximum limit for the native heap growth. Please use -XX:HeapBaseMinAddress
#     to set the Java Heap base and to place the Java Heap above 4GB virtual address.
# This output file may be truncated or incomplete.
#
#  Out of Memory Error (os_windows.cpp:3600), pid=20168, tid=11184
#
# JRE version: Java(TM) SE Runtime Environment (21.0.2+13) (build 21.0.2+13-LTS-58)
# Java VM: Java HotSpot(TM) 64-Bit Server VM (21.0.2+13-LTS-58, mixed mode, sharing, tiered, compressed oops, compressed class ptrs, g1 gc, windows-amd64)
# No core dump will be written. Minidumps are not enabled by default on client versions of Windows
#

---------------  S U M M A R Y ------------

Command Line: -Dapplication.home=C:\Program Files\Java\jdk-21 --add-modules=ALL-DEFAULT -Xms8m -Djdk.module.main=jdk.compiler jdk.compiler/com.sun.tools.javac.Main @C:\Users\Kiet\AppData\Local\Temp\files3125746938747499780

Host: Intel(R) Core(TM) i5-1035G1 CPU @ 1.00GHz, 8 cores, 7G,  Windows 11 , 64 bit Build 22621 (10.0.22621.3374)
Time: Sun May 12 18:19:03 2024 SE Asia Standard Time elapsed time: 2.526679 seconds (0d 0h 0m 2s)

---------------  T H R E A D  ---------------

Current thread (0x00000183fb18b230):  VMThread "VM Thread"          [id=11184, stack(0x0000005b30900000,0x0000005b30a00000) (1024K)]

Stack: [0x0000005b30900000,0x0000005b30a00000]
Native frames: (J=compiled Java code, j=interpreted, Vv=VM code, C=native code)
V  [jvm.dll+0x6cade9]
V  [jvm.dll+0x8569c1]
V  [jvm.dll+0x858d2e]
V  [jvm.dll+0x859413]
V  [jvm.dll+0x280e56]
V  [jvm.dll+0x6c74d5]
V  [jvm.dll+0x6bbeca]
V  [jvm.dll+0x355bca]
V  [jvm.dll+0x35d816]
V  [jvm.dll+0x3ae67e]
V  [jvm.dll+0x3ae928]
V  [jvm.dll+0x3295dc]
V  [jvm.dll+0x329667]
V  [jvm.dll+0x36df1c]
V  [jvm.dll+0x36c71d]
V  [jvm.dll+0x328d51]
V  [jvm.dll+0x36be2a]
V  [jvm.dll+0x85ef18]
V  [jvm.dll+0x860014]
V  [jvm.dll+0x860550]
V  [jvm.dll+0x8607f3]
V  [jvm.dll+0x7ff568]
V  [jvm.dll+0x6c953d]
C  [ucrtbase.dll+0x29333]
C  [KERNEL32.DLL+0x1257d]
C  [ntdll.dll+0x5aa48]

VM_Operation (0x0000005b302fb900): G1CollectForAllocation, mode: safepoint, requested by thread 0x00000183ed8ff0f0


---------------  P R O C E S S  ---------------

Threads class SMR info:
_java_thread_list=0x00000183d447a1f0, length=13, elements={
0x00000183ed8ff0f0, 0x00000183fb1a5af0, 0x00000183fb1a99c0, 0x00000183fb1aa840,
0x00000183fb1ad700, 0x00000183fb1b2230, 0x00000183fb1b4300, 0x00000183fb1b77d0,
0x00000183fb1bd2a0, 0x00000183fb1b28c0, 0x00000183fb1b1510, 0x00000183d435a580,
0x00000183d4480600
}

Java Threads: ( => current thread )
  0x00000183ed8ff0f0 JavaThread "main"                              [_thread_blocked, id=18136, stack(0x0000005b30200000,0x0000005b30300000) (1024K)]
  0x00000183fb1a5af0 JavaThread "Reference Handler"          daemon [_thread_blocked, id=20012, stack(0x0000005b30a00000,0x0000005b30b00000) (1024K)]
  0x00000183fb1a99c0 JavaThread "Finalizer"                  daemon [_thread_blocked, id=7364, stack(0x0000005b30b00000,0x0000005b30c00000) (1024K)]
  0x00000183fb1aa840 JavaThread "Signal Dispatcher"          daemon [_thread_blocked, id=9032, stack(0x0000005b30c00000,0x0000005b30d00000) (1024K)]
  0x00000183fb1ad700 JavaThread "Attach Listener"            daemon [_thread_blocked, id=14120, stack(0x0000005b30d00000,0x0000005b30e00000) (1024K)]
  0x00000183fb1b2230 JavaThread "Service Thread"             daemon [_thread_blocked, id=14072, stack(0x0000005b30e00000,0x0000005b30f00000) (1024K)]
  0x00000183fb1b4300 JavaThread "Monitor Deflation Thread"   daemon [_thread_blocked, id=3596, stack(0x0000005b30f00000,0x0000005b31000000) (1024K)]
  0x00000183fb1b77d0 JavaThread "C2 CompilerThread0"         daemon [_thread_blocked, id=17664, stack(0x0000005b31000000,0x0000005b31100000) (1024K)]
  0x00000183fb1bd2a0 JavaThread "C1 CompilerThread0"         daemon [_thread_blocked, id=10076, stack(0x0000005b31100000,0x0000005b31200000) (1024K)]
  0x00000183fb1b28c0 JavaThread "Common-Cleaner"             daemon [_thread_blocked, id=14432, stack(0x0000005b31200000,0x0000005b31300000) (1024K)]
  0x00000183fb1b1510 JavaThread "Notification Thread"        daemon [_thread_blocked, id=3612, stack(0x0000005b31300000,0x0000005b31400000) (1024K)]
  0x00000183d435a580 JavaThread "C2 CompilerThread1"         daemon [_thread_blocked, id=5868, stack(0x0000005b31400000,0x0000005b31500000) (1024K)]
  0x00000183d4480600 JavaThread "C2 CompilerThread2"         daemon [_thread_in_native, id=19348, stack(0x0000005b31500000,0x0000005b31600000) (1024K)]
Total: 13

Other Threads:
=>0x00000183fb18b230 VMThread "VM Thread"                           [id=11184, stack(0x0000005b30900000,0x0000005b30a00000) (1024K)]
  0x00000183fb171750 WatcherThread "VM Periodic Task Thread"        [id=16772, stack(0x0000005b30800000,0x0000005b30900000) (1024K)]
  0x00000183ed94c590 WorkerThread "GC Thread#0"                     [id=18488, stack(0x0000005b30300000,0x0000005b30400000) (1024K)]
  0x00000183fb18a750 WorkerThread "GC Thread#1"                     [id=19712, stack(0x0000005b31600000,0x0000005b31700000) (1024K)]
  0x00000183fb18aaf0 WorkerThread "GC Thread#2"                     [id=14824, stack(0x0000005b31700000,0x0000005b31800000) (1024K)]
  0x00000183fb18ae90 WorkerThread "GC Thread#3"                     [id=14556, stack(0x0000005b31800000,0x0000005b31900000) (1024K)]
  0x00000183fb18b970 WorkerThread "GC Thread#4"                     [id=12876, stack(0x0000005b31900000,0x0000005b31a00000) (1024K)]
  0x00000183fb18a010 WorkerThread "GC Thread#5"                     [id=15968, stack(0x0000005b31a00000,0x0000005b31b00000) (1024K)]
  0x00000183d5b43e90 WorkerThread "GC Thread#6"                     [id=14560, stack(0x0000005b31c00000,0x0000005b31d00000) (1024K)]
  0x00000183ed95d0e0 ConcurrentGCThread "G1 Main Marker"            [id=15420, stack(0x0000005b30400000,0x0000005b30500000) (1024K)]
  0x00000183ed95e380 WorkerThread "G1 Conc#0"                       [id=4944, stack(0x0000005b30500000,0x0000005b30600000) (1024K)]
  0x00000183fb18a3b0 WorkerThread "G1 Conc#1"                       [id=18776, stack(0x0000005b31b00000,0x0000005b31c00000) (1024K)]
  0x00000183fb0414a0 ConcurrentGCThread "G1 Refine#0"               [id=2140, stack(0x0000005b30600000,0x0000005b30700000) (1024K)]
  0x00000183fb041e20 ConcurrentGCThread "G1 Service"                [id=19904, stack(0x0000005b30700000,0x0000005b30800000) (1024K)]
Total: 14

Threads with active compile tasks:
C2 CompilerThread0     2546 2521   !   4       com.sun.tools.javac.jvm.ClassReader::classSigToType (482 bytes)
C1 CompilerThread0     2546 2654       3       com.sun.tools.javac.jvm.ClassReader::readField (118 bytes)
C2 CompilerThread1     2546 2650       4       com.sun.tools.javac.code.Symbol::<init> (45 bytes)
C2 CompilerThread2     2546 2326       4       jdk.internal.jimage.ImageLocation::getFullName (109 bytes)
Total: 4

VM state: at safepoint (normal execution)

VM Mutex/Monitor currently owned by a thread:  ([mutex/lock_event])
[0x00007ffe0915cd68] Threads_lock - owner thread: 0x00000183fb18b230
[0x00007ffe0915ce68] Heap_lock - owner thread: 0x00000183ed8ff0f0

Heap address: 0x0000000083200000, size: 1998 MB, Compressed Oops mode: 32-bit

CDS archive(s) mapped at: [0x000001838f000000-0x000001838fc90000-0x000001838fc90000), size 13172736, SharedBaseAddress: 0x000001838f000000, ArchiveRelocationMode: 1.
Compressed class space mapped at: 0x0000018390000000-0x00000183d0000000, reserved size: 1073741824
Narrow klass base: 0x000001838f000000, Narrow klass shift: 0, Narrow klass range: 0x100000000

GC Precious Log:
 CardTable entry size: 512
 Card Set container configuration: InlinePtr #cards 5 size 8 Array Of Cards #cards 12 size 40 Howl #buckets 4 coarsen threshold 1843 Howl Bitmap #cards 512 size 80 coarsen threshold 460 Card regions per heap region 1 cards per card region 2048
 CPUs: 8 total, 8 available
 Memory: 7987M
 Large Page Support: Disabled
 NUMA Support: Disabled
 Compressed Oops: Enabled (32-bit)
 Heap Region Size: 1M
 Heap Min Capacity: 8M
 Heap Initial Capacity: 8M
 Heap Max Capacity: 1998M
 Pre-touch: Disabled
 Parallel Workers: 8
 Concurrent Workers: 2
 Concurrent Refinement Workers: 8
 Periodic GC: Disabled

Heap:
 garbage-first heap   total 75776K, used 48451K [0x0000000083200000, 0x0000000100000000)
  region size 1024K, 3 young (3072K), 3 survivors (3072K)
 Metaspace       used 10265K, committed 10496K, reserved 1114112K
  class space    used 1082K, committed 1216K, reserved 1048576K

Heap Regions: E=young(eden), S=young(survivor), O=old, HS=humongous(starts), HC=humongous(continues), CS=collection set, F=free, TAMS=top-at-mark-start, PB=parsable bottom
|   0|0x0000000083200000, 0x0000000083300000, 0x0000000083300000|100%| O|  |TAMS 0x0000000083200000| PB 0x0000000083200000| Untracked 
|   1|0x0000000083300000, 0x0000000083400000, 0x0000000083400000|100%| O|  |TAMS 0x0000000083300000| PB 0x0000000083300000| Untracked 
|   2|0x0000000083400000, 0x0000000083500000, 0x0000000083500000|100%|HS|  |TAMS 0x0000000083400000| PB 0x0000000083400000| Complete 
|   3|0x0000000083500000, 0x0000000083600000, 0x0000000083600000|100%| O|  |TAMS 0x0000000083500000| PB 0x0000000083500000| Untracked 
|   4|0x0000000083600000, 0x0000000083700000, 0x0000000083700000|100%|HS|  |TAMS 0x0000000083600000| PB 0x0000000083600000| Complete 
|   5|0x0000000083700000, 0x0000000083800000, 0x0000000083800000|100%|HC|  |TAMS 0x0000000083700000| PB 0x0000000083700000| Complete 
|   6|0x0000000083800000, 0x0000000083900000, 0x0000000083900000|100%| O|  |TAMS 0x0000000083800000| PB 0x0000000083800000| Untracked 
|   7|0x0000000083900000, 0x0000000083a00000, 0x0000000083a00000|100%| O|  |TAMS 0x0000000083900000| PB 0x0000000083900000| Untracked 
|   8|0x0000000083a00000, 0x0000000083b00000, 0x0000000083b00000|100%| O|  |TAMS 0x0000000083a00000| PB 0x0000000083a00000| Untracked 
|   9|0x0000000083b00000, 0x0000000083c00000, 0x0000000083c00000|100%| O|  |TAMS 0x0000000083b00000| PB 0x0000000083b00000| Untracked 
|  10|0x0000000083c00000, 0x0000000083d00000, 0x0000000083d00000|100%| O|  |TAMS 0x0000000083c00000| PB 0x0000000083c00000| Untracked 
|  11|0x0000000083d00000, 0x0000000083e00000, 0x0000000083e00000|100%| O|  |TAMS 0x0000000083d00000| PB 0x0000000083d00000| Untracked 
|  12|0x0000000083e00000, 0x0000000083f00000, 0x0000000083f00000|100%| O|  |TAMS 0x0000000083e00000| PB 0x0000000083e00000| Untracked 
|  13|0x0000000083f00000, 0x0000000084000000, 0x0000000084000000|100%| O|  |TAMS 0x0000000083f00000| PB 0x0000000083f00000| Untracked 
|  14|0x0000000084000000, 0x0000000084100000, 0x0000000084100000|100%| O|  |TAMS 0x0000000084000000| PB 0x0000000084000000| Untracked 
|  15|0x0000000084100000, 0x0000000084200000, 0x0000000084200000|100%| O|  |TAMS 0x0000000084100000| PB 0x0000000084100000| Untracked 
|  16|0x0000000084200000, 0x0000000084300000, 0x0000000084300000|100%|HS|  |TAMS 0x0000000084200000| PB 0x0000000084200000| Complete 
|  17|0x0000000084300000, 0x0000000084400000, 0x0000000084400000|100%|HS|  |TAMS 0x0000000084300000| PB 0x0000000084300000| Complete 
|  18|0x0000000084400000, 0x0000000084500000, 0x0000000084500000|100%|HC|  |TAMS 0x0000000084400000| PB 0x0000000084400000| Complete 
|  19|0x0000000084500000, 0x0000000084600000, 0x0000000084600000|100%| O|  |TAMS 0x0000000084500000| PB 0x0000000084500000| Untracked 
|  20|0x0000000084600000, 0x0000000084700000, 0x0000000084700000|100%| O|  |TAMS 0x0000000084600000| PB 0x0000000084600000| Untracked 
|  21|0x0000000084700000, 0x0000000084800000, 0x0000000084800000|100%| O|  |TAMS 0x0000000084700000| PB 0x0000000084700000| Untracked 
|  22|0x0000000084800000, 0x0000000084900000, 0x0000000084900000|100%| O|  |TAMS 0x0000000084800000| PB 0x0000000084800000| Untracked 
|  23|0x0000000084900000, 0x0000000084a00000, 0x0000000084a00000|100%| O|  |TAMS 0x0000000084900000| PB 0x0000000084900000| Untracked 
|  24|0x0000000084a00000, 0x0000000084b00000, 0x0000000084b00000|100%| O|  |TAMS 0x0000000084a00000| PB 0x0000000084a00000| Untracked 
|  25|0x0000000084b00000, 0x0000000084c00000, 0x0000000084c00000|100%| O|  |TAMS 0x0000000084b00000| PB 0x0000000084b00000| Untracked 
|  26|0x0000000084c00000, 0x0000000084d00000, 0x0000000084d00000|100%| O|  |TAMS 0x0000000084c00000| PB 0x0000000084c00000| Untracked 
|  27|0x0000000084d00000, 0x0000000084e00000, 0x0000000084e00000|100%| O|  |TAMS 0x0000000084d00000| PB 0x0000000084d00000| Untracked 
|  28|0x0000000084e00000, 0x0000000084f00000, 0x0000000084f00000|100%| O|  |TAMS 0x0000000084e00000| PB 0x0000000084e00000| Untracked 
|  29|0x0000000084f00000, 0x0000000085000000, 0x0000000085000000|100%| O|  |TAMS 0x0000000084f00000| PB 0x0000000084f00000| Untracked 
|  30|0x0000000085000000, 0x0000000085000000, 0x0000000085100000|  0%| F|  |TAMS 0x0000000085000000| PB 0x0000000085000000| Untracked 
|  31|0x0000000085100000, 0x0000000085200000, 0x0000000085200000|100%| O|  |TAMS 0x0000000085100000| PB 0x0000000085100000| Untracked 
|  32|0x0000000085200000, 0x0000000085300000, 0x0000000085300000|100%| O|  |TAMS 0x0000000085200000| PB 0x0000000085200000| Untracked 
|  33|0x0000000085300000, 0x0000000085400000, 0x0000000085400000|100%| O|  |TAMS 0x0000000085300000| PB 0x0000000085300000| Untracked 
|  34|0x0000000085400000, 0x0000000085500000, 0x0000000085500000|100%| O|  |TAMS 0x0000000085400000| PB 0x0000000085400000| Untracked 
|  35|0x0000000085500000, 0x0000000085600000, 0x0000000085600000|100%| O|  |TAMS 0x0000000085500000| PB 0x0000000085500000| Untracked 
|  36|0x0000000085600000, 0x0000000085700000, 0x0000000085700000|100%| O|  |TAMS 0x0000000085600000| PB 0x0000000085600000| Untracked 
|  37|0x0000000085700000, 0x0000000085800000, 0x0000000085800000|100%| O|  |TAMS 0x0000000085700000| PB 0x0000000085700000| Untracked 
|  38|0x0000000085800000, 0x0000000085900000, 0x0000000085900000|100%| O|  |TAMS 0x0000000085800000| PB 0x0000000085800000| Untracked 
|  39|0x0000000085900000, 0x0000000085a00000, 0x0000000085a00000|100%| O|  |TAMS 0x0000000085900000| PB 0x0000000085900000| Untracked 
|  40|0x0000000085a00000, 0x0000000085b00000, 0x0000000085b00000|100%|HS|  |TAMS 0x0000000085a00000| PB 0x0000000085a00000| Complete 
|  41|0x0000000085b00000, 0x0000000085c00000, 0x0000000085c00000|100%| O|  |TAMS 0x0000000085b00000| PB 0x0000000085b00000| Untracked 
|  42|0x0000000085c00000, 0x0000000085d00000, 0x0000000085d00000|100%| O|  |TAMS 0x0000000085c00000| PB 0x0000000085c00000| Untracked 
|  43|0x0000000085d00000, 0x0000000085dad9a0, 0x0000000085e00000| 67%| O|  |TAMS 0x0000000085d00000| PB 0x0000000085d00000| Untracked 
|  44|0x0000000085e00000, 0x0000000085e00000, 0x0000000085f00000|  0%| F|  |TAMS 0x0000000085e00000| PB 0x0000000085e00000| Untracked 
|  45|0x0000000085f00000, 0x0000000085f00000, 0x0000000086000000|  0%| F|  |TAMS 0x0000000085f00000| PB 0x0000000085f00000| Untracked 
|  46|0x0000000086000000, 0x0000000086000000, 0x0000000086100000|  0%| F|  |TAMS 0x0000000086000000| PB 0x0000000086000000| Untracked 
|  47|0x0000000086100000, 0x0000000086100000, 0x0000000086200000|  0%| F|  |TAMS 0x0000000086100000| PB 0x0000000086100000| Untracked 
|  48|0x0000000086200000, 0x0000000086200000, 0x0000000086300000|  0%| F|  |TAMS 0x0000000086200000| PB 0x0000000086200000| Untracked 
|  49|0x0000000086300000, 0x0000000086300000, 0x0000000086400000|  0%| F|  |TAMS 0x0000000086300000| PB 0x0000000086300000| Untracked 
|  50|0x0000000086400000, 0x0000000086400000, 0x0000000086500000|  0%| F|  |TAMS 0x0000000086400000| PB 0x0000000086400000| Untracked 
|  51|0x0000000086500000, 0x00000000865a3290, 0x0000000086600000| 63%| S|CS|TAMS 0x0000000086500000| PB 0x0000000086500000| Complete 
|  52|0x0000000086600000, 0x0000000086700000, 0x0000000086700000|100%| S|CS|TAMS 0x0000000086600000| PB 0x0000000086600000| Complete 
|  53|0x0000000086700000, 0x0000000086800000, 0x0000000086800000|100%| S|CS|TAMS 0x0000000086700000| PB 0x0000000086700000| Complete 
|  54|0x0000000086800000, 0x0000000086800000, 0x0000000086900000|  0%| F|  |TAMS 0x0000000086800000| PB 0x0000000086800000| Untracked 
|  55|0x0000000086900000, 0x0000000086900000, 0x0000000086a00000|  0%| F|  |TAMS 0x0000000086900000| PB 0x0000000086900000| Untracked 
|  56|0x0000000086a00000, 0x0000000086a00000, 0x0000000086b00000|  0%| F|  |TAMS 0x0000000086a00000| PB 0x0000000086a00000| Untracked 
|  57|0x0000000086b00000, 0x0000000086b00000, 0x0000000086c00000|  0%| F|  |TAMS 0x0000000086b00000| PB 0x0000000086b00000| Untracked 
|  58|0x0000000086c00000, 0x0000000086c00000, 0x0000000086d00000|  0%| F|  |TAMS 0x0000000086c00000| PB 0x0000000086c00000| Untracked 
|  59|0x0000000086d00000, 0x0000000086d00000, 0x0000000086e00000|  0%| F|  |TAMS 0x0000000086d00000| PB 0x0000000086d00000| Untracked 
|  60|0x0000000086e00000, 0x0000000086e00000, 0x0000000086f00000|  0%| F|  |TAMS 0x0000000086e00000| PB 0x0000000086e00000| Untracked 
|  61|0x0000000086f00000, 0x0000000086f00000, 0x0000000087000000|  0%| F|  |TAMS 0x0000000086f00000| PB 0x0000000086f00000| Untracked 
|  62|0x0000000087000000, 0x0000000087000000, 0x0000000087100000|  0%| F|  |TAMS 0x0000000087000000| PB 0x0000000087000000| Untracked 
|  63|0x0000000087100000, 0x0000000087100000, 0x0000000087200000|  0%| F|  |TAMS 0x0000000087100000| PB 0x0000000087100000| Untracked 
|  64|0x0000000087200000, 0x0000000087200000, 0x0000000087300000|  0%| F|  |TAMS 0x0000000087200000| PB 0x0000000087200000| Untracked 
|  65|0x0000000087300000, 0x0000000087300000, 0x0000000087400000|  0%| F|  |TAMS 0x0000000087300000| PB 0x0000000087300000| Untracked 
|  66|0x0000000087400000, 0x0000000087400000, 0x0000000087500000|  0%| F|  |TAMS 0x0000000087400000| PB 0x0000000087400000| Untracked 
|  67|0x0000000087500000, 0x0000000087500000, 0x0000000087600000|  0%| F|  |TAMS 0x0000000087500000| PB 0x0000000087500000| Untracked 
|  68|0x0000000087600000, 0x0000000087600000, 0x0000000087700000|  0%| F|  |TAMS 0x0000000087600000| PB 0x0000000087600000| Untracked 
|  69|0x0000000087700000, 0x0000000087700000, 0x0000000087800000|  0%| F|  |TAMS 0x0000000087700000| PB 0x0000000087700000| Untracked 
|  70|0x0000000087800000, 0x0000000087800000, 0x0000000087900000|  0%| F|  |TAMS 0x0000000087800000| PB 0x0000000087800000| Untracked 
|  71|0x0000000087900000, 0x0000000087900000, 0x0000000087a00000|  0%| F|  |TAMS 0x0000000087900000| PB 0x0000000087900000| Untracked 
|1996|0x00000000ffe00000, 0x00000000fff00000, 0x00000000fff00000|100%| O|  |TAMS 0x00000000ffe00000| PB 0x00000000ffe00000| Untracked 
|1997|0x00000000fff00000, 0x0000000100000000, 0x0000000100000000|100%| O|  |TAMS 0x00000000fff00000| PB 0x00000000fff00000| Untracked 

Card table byte_map: [0x00000183f6480000,0x00000183f6870000] _byte_map_base: 0x00000183f6067000

Marking Bits: (CMBitMap*) 0x00000183ed94cc90
 Bits: [0x00000183f6870000, 0x00000183f87a8000)

Polling page: 0x00000183eb8b0000

Metaspace:

Usage:
  Non-class:      8.97 MB used.
      Class:      1.06 MB used.
       Both:     10.03 MB used.

Virtual space:
  Non-class space:       64.00 MB reserved,       9.06 MB ( 14%) committed,  1 nodes.
      Class space:        1.00 GB reserved,       1.19 MB ( <1%) committed,  1 nodes.
             Both:        1.06 GB reserved,      10.25 MB ( <1%) committed. 

Chunk freelists:
   Non-Class:  5.38 MB
       Class:  14.86 MB
        Both:  20.23 MB

MaxMetaspaceSize: unlimited
CompressedClassSpaceSize: 1.00 GB
Initial GC threshold: 21.00 MB
Current GC threshold: 21.00 MB
CDS: on
 - commit_granule_bytes: 65536.
 - commit_granule_words: 8192.
 - virtual_space_node_default_size: 8388608.
 - enlarge_chunks_in_place: 1.
 - use_allocation_guard: 0.


Internal statistics:

num_allocs_failed_limit: 0.
num_arena_births: 72.
num_arena_deaths: 0.
num_vsnodes_births: 2.
num_vsnodes_deaths: 0.
num_space_committed: 164.
num_space_uncommitted: 0.
num_chunks_returned_to_freelist: 0.
num_chunks_taken_from_freelist: 389.
num_chunk_merges: 0.
num_chunk_splits: 276.
num_chunks_enlarged: 223.
num_inconsistent_stats: 0.

CodeHeap 'non-profiled nmethods': size=120000Kb used=1434Kb max_used=1434Kb free=118565Kb
 bounds [0x0000018387ad0000, 0x0000018387d40000, 0x000001838f000000]
CodeHeap 'profiled nmethods': size=120000Kb used=5771Kb max_used=5771Kb free=114228Kb
 bounds [0x0000018380000000, 0x00000183805b0000, 0x0000018387530000]
CodeHeap 'non-nmethods': size=5760Kb used=1511Kb max_used=1542Kb free=4249Kb
 bounds [0x0000018387530000, 0x00000183877a0000, 0x0000018387ad0000]
 total_blobs=3052 nmethods=2580 adapters=376
 compilation: enabled
              stopped_count=0, restarted_count=0
 full_count=0

Compilation events (20 events):
Event: 2.507 Thread 0x00000183fb1bd2a0 nmethod 2639 0x000001838059d710 code [0x000001838059d8e0, 0x000001838059dc68]
Event: 2.507 Thread 0x00000183fb1bd2a0 2635       3       com.sun.tools.javac.tree.TreeInfo::skipParens (20 bytes)
Event: 2.508 Thread 0x00000183fb1bd2a0 nmethod 2635 0x000001838059dd90 code [0x000001838059dfa0, 0x000001838059e7f8]
Event: 2.508 Thread 0x00000183fb1bd2a0 2645       3       com.sun.tools.javac.code.Kinds$KindSelector::<init> (11 bytes)
Event: 2.508 Thread 0x00000183fb1bd2a0 nmethod 2645 0x000001838059ea10 code [0x000001838059ebc0, 0x000001838059ed28]
Event: 2.508 Thread 0x00000183fb1bd2a0 2646       3       com.sun.tools.javac.util.Dependencies$DummyDependencies::push (1 bytes)
Event: 2.509 Thread 0x00000183fb1bd2a0 nmethod 2646 0x000001838059ee10 code [0x000001838059efa0, 0x000001838059f0a8]
Event: 2.509 Thread 0x00000183fb1bd2a0 2647       3       com.sun.tools.javac.util.Dependencies$DummyDependencies::pop (1 bytes)
Event: 2.509 Thread 0x00000183fb1bd2a0 nmethod 2647 0x000001838059f110 code [0x000001838059f2a0, 0x000001838059f3a8]
Event: 2.509 Thread 0x00000183fb1bd2a0 2648       3       com.sun.tools.javac.jvm.PoolReader::readPoolInternal (240 bytes)
Event: 2.511 Thread 0x00000183fb1bd2a0 nmethod 2648 0x000001838059f410 code [0x000001838059f720, 0x00000183805a0c98]
Event: 2.511 Thread 0x00000183d435a580 nmethod 2628 0x0000018387c35c90 code [0x0000018387c35ea0, 0x0000018387c364a8]
Event: 2.511 Thread 0x00000183fb1bd2a0 2649       3       com.sun.tools.javac.code.Scope$ScopeImpl::dble (147 bytes)
Event: 2.511 Thread 0x00000183d435a580 2650       4       com.sun.tools.javac.code.Symbol::<init> (45 bytes)
Event: 2.512 Thread 0x00000183fb1bd2a0 nmethod 2649 0x00000183805a1410 code [0x00000183805a1660, 0x00000183805a21d0]
Event: 2.512 Thread 0x00000183fb1bd2a0 2652       3       com.sun.tools.javac.code.Kinds$KindSelector::of (46 bytes)
Event: 2.512 Thread 0x00000183fb1bd2a0 nmethod 2652 0x00000183805a2590 code [0x00000183805a2740, 0x00000183805a2a10]
Event: 2.512 Thread 0x00000183fb1bd2a0 2651       3       com.sun.tools.javac.comp.Annotate::normal (10 bytes)
Event: 2.512 Thread 0x00000183fb1bd2a0 nmethod 2651 0x00000183805a2b90 code [0x00000183805a2d40, 0x00000183805a2e88]
Event: 2.512 Thread 0x00000183fb1bd2a0 2654       3       com.sun.tools.javac.jvm.ClassReader::readField (118 bytes)

GC Heap History (20 events):
Event: 0.806 GC heap after
{Heap after GC invocations=10 (full 0):
 garbage-first heap   total 19456K, used 10394K [0x0000000083200000, 0x0000000100000000)
  region size 1024K, 1 young (1024K), 1 survivors (1024K)
 Metaspace       used 7414K, committed 7552K, reserved 1114112K
  class space    used 841K, committed 896K, reserved 1048576K
}
Event: 0.904 GC heap before
{Heap before GC invocations=10 (full 0):
 garbage-first heap   total 19456K, used 12442K [0x0000000083200000, 0x0000000100000000)
  region size 1024K, 3 young (3072K), 1 survivors (1024K)
 Metaspace       used 8179K, committed 8384K, reserved 1114112K
  class space    used 895K, committed 960K, reserved 1048576K
}
Event: 0.907 GC heap after
{Heap after GC invocations=11 (full 0):
 garbage-first heap   total 37888K, used 10958K [0x0000000083200000, 0x0000000100000000)
  region size 1024K, 1 young (1024K), 1 survivors (1024K)
 Metaspace       used 8179K, committed 8384K, reserved 1114112K
  class space    used 895K, committed 960K, reserved 1048576K
}
Event: 1.076 GC heap before
{Heap before GC invocations=11 (full 0):
 garbage-first heap   total 37888K, used 18126K [0x0000000083200000, 0x0000000100000000)
  region size 1024K, 9 young (9216K), 1 survivors (1024K)
 Metaspace       used 8436K, committed 8640K, reserved 1114112K
  class space    used 906K, committed 1024K, reserved 1048576K
}
Event: 1.079 GC heap after
{Heap after GC invocations=12 (full 0):
 garbage-first heap   total 37888K, used 13076K [0x0000000083200000, 0x0000000100000000)
  region size 1024K, 2 young (2048K), 2 survivors (2048K)
 Metaspace       used 8436K, committed 8640K, reserved 1114112K
  class space    used 906K, committed 1024K, reserved 1048576K
}
Event: 1.193 GC heap before
{Heap before GC invocations=12 (full 0):
 garbage-first heap   total 37888K, used 22292K [0x0000000083200000, 0x0000000100000000)
  region size 1024K, 12 young (12288K), 2 survivors (2048K)
 Metaspace       used 8458K, committed 8640K, reserved 1114112K
  class space    used 907K, committed 1024K, reserved 1048576K
}
Event: 1.199 GC heap after
{Heap after GC invocations=13 (full 0):
 garbage-first heap   total 37888K, used 15567K [0x0000000083200000, 0x0000000100000000)
  region size 1024K, 2 young (2048K), 2 survivors (2048K)
 Metaspace       used 8458K, committed 8640K, reserved 1114112K
  class space    used 907K, committed 1024K, reserved 1048576K
}
Event: 1.273 GC heap before
{Heap before GC invocations=13 (full 0):
 garbage-first heap   total 37888K, used 23759K [0x0000000083200000, 0x0000000100000000)
  region size 1024K, 11 young (11264K), 2 survivors (2048K)
 Metaspace       used 8528K, committed 8768K, reserved 1114112K
  class space    used 911K, committed 1024K, reserved 1048576K
}
Event: 1.290 GC heap after
{Heap after GC invocations=14 (full 0):
 garbage-first heap   total 37888K, used 17816K [0x0000000083200000, 0x0000000100000000)
  region size 1024K, 2 young (2048K), 2 survivors (2048K)
 Metaspace       used 8528K, committed 8768K, reserved 1114112K
  class space    used 911K, committed 1024K, reserved 1048576K
}
Event: 1.385 GC heap before
{Heap before GC invocations=14 (full 0):
 garbage-first heap   total 37888K, used 27032K [0x0000000083200000, 0x0000000100000000)
  region size 1024K, 11 young (11264K), 2 survivors (2048K)
 Metaspace       used 8534K, committed 8768K, reserved 1114112K
  class space    used 911K, committed 1024K, reserved 1048576K
}
Event: 1.391 GC heap after
{Heap after GC invocations=15 (full 0):
 garbage-first heap   total 68608K, used 20084K [0x0000000083200000, 0x0000000100000000)
  region size 1024K, 2 young (2048K), 2 survivors (2048K)
 Metaspace       used 8534K, committed 8768K, reserved 1114112K
  class space    used 911K, committed 1024K, reserved 1048576K
}
Event: 1.847 GC heap before
{Heap before GC invocations=15 (full 0):
 garbage-first heap   total 68608K, used 49780K [0x0000000083200000, 0x0000000100000000)
  region size 1024K, 29 young (29696K), 2 survivors (2048K)
 Metaspace       used 9507K, committed 9728K, reserved 1114112K
  class space    used 1022K, committed 1152K, reserved 1048576K
}
Event: 1.863 GC heap after
{Heap after GC invocations=16 (full 0):
 garbage-first heap   total 68608K, used 31572K [0x0000000083200000, 0x0000000100000000)
  region size 1024K, 4 young (4096K), 4 survivors (4096K)
 Metaspace       used 9507K, committed 9728K, reserved 1114112K
  class space    used 1022K, committed 1152K, reserved 1048576K
}
Event: 1.922 GC heap before
{Heap before GC invocations=16 (full 0):
 garbage-first heap   total 68608K, used 47956K [0x0000000083200000, 0x0000000100000000)
  region size 1024K, 20 young (20480K), 4 survivors (4096K)
 Metaspace       used 9512K, committed 9728K, reserved 1114112K
  class space    used 1022K, committed 1152K, reserved 1048576K
}
Event: 1.930 GC heap after
{Heap after GC invocations=17 (full 0):
 garbage-first heap   total 68608K, used 36659K [0x0000000083200000, 0x0000000100000000)
  region size 1024K, 3 young (3072K), 3 survivors (3072K)
 Metaspace       used 9512K, committed 9728K, reserved 1114112K
  class space    used 1022K, committed 1152K, reserved 1048576K
}
Event: 2.053 GC heap before
{Heap before GC invocations=17 (full 0):
 garbage-first heap   total 68608K, used 52019K [0x0000000083200000, 0x0000000100000000)
  region size 1024K, 18 young (18432K), 3 survivors (3072K)
 Metaspace       used 9553K, committed 9792K, reserved 1114112K
  class space    used 1022K, committed 1152K, reserved 1048576K
}
Event: 2.060 GC heap after
{Heap after GC invocations=18 (full 0):
 garbage-first heap   total 68608K, used 41969K [0x0000000083200000, 0x0000000100000000)
  region size 1024K, 3 young (3072K), 3 survivors (3072K)
 Metaspace       used 9553K, committed 9792K, reserved 1114112K
  class space    used 1022K, committed 1152K, reserved 1048576K
}
Event: 2.314 GC heap before
{Heap before GC invocations=19 (full 0):
 garbage-first heap   total 75776K, used 55281K [0x0000000083200000, 0x0000000100000000)
  region size 1024K, 16 young (16384K), 3 survivors (3072K)
 Metaspace       used 9924K, committed 10112K, reserved 1114112K
  class space    used 1056K, committed 1152K, reserved 1048576K
}
Event: 2.319 GC heap after
{Heap after GC invocations=20 (full 0):
 garbage-first heap   total 75776K, used 44544K [0x0000000083200000, 0x0000000100000000)
  region size 1024K, 2 young (2048K), 2 survivors (2048K)
 Metaspace       used 9924K, committed 10112K, reserved 1114112K
  class space    used 1056K, committed 1152K, reserved 1048576K
}
Event: 2.514 GC heap before
{Heap before GC invocations=20 (full 0):
 garbage-first heap   total 75776K, used 61952K [0x0000000083200000, 0x0000000100000000)
  region size 1024K, 18 young (18432K), 2 survivors (2048K)
 Metaspace       used 10265K, committed 10496K, reserved 1114112K
  class space    used 1082K, committed 1216K, reserved 1048576K
}

Dll operation events (6 events):
Event: 0.009 Loaded shared library C:\Program Files\Java\jdk-21\bin\java.dll
Event: 0.052 Loaded shared library C:\Program Files\Java\jdk-21\bin\jsvml.dll
Event: 0.109 Loaded shared library C:\Program Files\Java\jdk-21\bin\jimage.dll
Event: 0.272 Loaded shared library C:\Program Files\Java\jdk-21\bin\net.dll
Event: 0.275 Loaded shared library C:\Program Files\Java\jdk-21\bin\nio.dll
Event: 0.363 Loaded shared library C:\Program Files\Java\jdk-21\bin\zip.dll

Deoptimization events (20 events):
Event: 2.227 Thread 0x00000183ed8ff0f0 Uncommon trap: trap_request=0xffffffde fr.pc=0x0000018387c10dcc relative=0x000000000000012c
Event: 2.227 Thread 0x00000183ed8ff0f0 Uncommon trap: reason=class_check action=maybe_recompile pc=0x0000018387c10dcc method=jdk.internal.misc.Unsafe.allocateUninitializedArray(Ljava/lang/Class;I)Ljava/lang/Object; @ 51 c2
Event: 2.227 Thread 0x00000183ed8ff0f0 DEOPT PACKING pc=0x0000018387c10dcc sp=0x0000005b302fe360
Event: 2.227 Thread 0x00000183ed8ff0f0 DEOPT UNPACKING pc=0x0000018387587da2 sp=0x0000005b302fe2d8 mode 2
Event: 2.327 Thread 0x00000183ed8ff0f0 Uncommon trap: trap_request=0xffffff45 fr.pc=0x0000018387b9ab8c relative=0x000000000000006c
Event: 2.327 Thread 0x00000183ed8ff0f0 Uncommon trap: reason=unstable_if action=reinterpret pc=0x0000018387b9ab8c method=com.sun.tools.javac.jvm.PoolReader.sizeof(I)I @ 1 c2
Event: 2.327 Thread 0x00000183ed8ff0f0 DEOPT PACKING pc=0x0000018387b9ab8c sp=0x0000005b302fdee0
Event: 2.327 Thread 0x00000183ed8ff0f0 DEOPT UNPACKING pc=0x0000018387587da2 sp=0x0000005b302fde70 mode 2
Event: 2.363 Thread 0x00000183ed8ff0f0 Uncommon trap: trap_request=0xffffff45 fr.pc=0x0000018387bcb24c relative=0x000000000000054c
Event: 2.363 Thread 0x00000183ed8ff0f0 Uncommon trap: reason=unstable_if action=reinterpret pc=0x0000018387bcb24c method=java.nio.file.FileTreeWalker.visit(Ljava/nio/file/Path;ZZ)Ljava/nio/file/FileTreeWalker$Event; @ 84 c2
Event: 2.363 Thread 0x00000183ed8ff0f0 DEOPT PACKING pc=0x0000018387bcb24c sp=0x0000005b302fcec0
Event: 2.363 Thread 0x00000183ed8ff0f0 DEOPT UNPACKING pc=0x0000018387587da2 sp=0x0000005b302fce80 mode 2
Event: 2.363 Thread 0x00000183ed8ff0f0 Uncommon trap: trap_request=0xffffff45 fr.pc=0x0000018387bebf24 relative=0x0000000000003e64
Event: 2.363 Thread 0x00000183ed8ff0f0 Uncommon trap: reason=unstable_if action=reinterpret pc=0x0000018387bebf24 method=java.nio.file.FileTreeWalker.visit(Ljava/nio/file/Path;ZZ)Ljava/nio/file/FileTreeWalker$Event; @ 53 c2
Event: 2.363 Thread 0x00000183ed8ff0f0 DEOPT PACKING pc=0x0000018387bebf24 sp=0x0000005b302fcea0
Event: 2.363 Thread 0x00000183ed8ff0f0 DEOPT UNPACKING pc=0x0000018387587da2 sp=0x0000005b302fce60 mode 2
Event: 2.435 Thread 0x00000183ed8ff0f0 Uncommon trap: trap_request=0xffffff6e fr.pc=0x0000018387c2fcb0 relative=0x0000000000000190
Event: 2.435 Thread 0x00000183ed8ff0f0 Uncommon trap: reason=loop_limit_check action=maybe_recompile pc=0x0000018387c2fcb0 method=com.sun.tools.javac.util.Name.lastIndexOf(B)I @ 20 c2
Event: 2.435 Thread 0x00000183ed8ff0f0 DEOPT PACKING pc=0x0000018387c2fcb0 sp=0x0000005b302fdde0
Event: 2.435 Thread 0x00000183ed8ff0f0 DEOPT UNPACKING pc=0x0000018387587da2 sp=0x0000005b302fdd58 mode 2

Classes loaded (20 events):
Event: 2.125 Loading class sun/nio/fs/WindowsDirectoryStream$WindowsDirectoryIterator
Event: 2.126 Loading class sun/nio/fs/WindowsDirectoryStream$WindowsDirectoryIterator done
Event: 2.126 Loading class java/nio/file/Files$2
Event: 2.126 Loading class java/nio/file/Files$2 done
Event: 2.126 Loading class java/util/ImmutableCollections$Access
Event: 2.127 Loading class java/util/ImmutableCollections$Access done
Event: 2.127 Loading class java/util/ImmutableCollections$Access$1
Event: 2.127 Loading class jdk/internal/access/JavaUtilCollectionAccess
Event: 2.127 Loading class jdk/internal/access/JavaUtilCollectionAccess done
Event: 2.127 Loading class java/util/ImmutableCollections$Access$1 done
Event: 2.128 Loading class java/util/stream/Nodes$SpinedNodeBuilder
Event: 2.128 Loading class java/util/stream/Nodes$SpinedNodeBuilder done
Event: 2.129 Loading class sun/nio/fs/WindowsPath$WindowsPathWithAttributes
Event: 2.129 Loading class sun/nio/fs/WindowsPath$WindowsPathWithAttributes done
Event: 2.293 Loading class java/lang/invoke/MethodHandle$1
Event: 2.293 Loading class java/lang/invoke/MethodHandle$1 done
Event: 2.333 Loading class java/util/LinkedList$Node
Event: 2.334 Loading class java/util/LinkedList$Node done
Event: 2.363 Loading class java/nio/file/FileTreeWalker$1
Event: 2.363 Loading class java/nio/file/FileTreeWalker$1 done

Classes unloaded (0 events):
No events

Classes redefined (0 events):
No events

Internal exceptions (20 events):
Event: 2.306 Thread 0x00000183ed8ff0f0 Exception <a 'java/lang/NoSuchMethodError'{0x00000000874b5b10}: 'int java.lang.invoke.DirectMethodHandle$Holder.invokeSpecial(java.lang.Object, java.lang.Object, java.lang.Object)'> (0x00000000874b5b10) 
thrown [s\open\src\hotspot\share\interpreter\linkResolver.cpp, line 773]
Event: 2.306 Thread 0x00000183ed8ff0f0 Exception <a 'sun/nio/fs/WindowsException'{0x00000000874bb348}> (0x00000000874bb348) 
thrown [s\open\src\hotspot\share\prims\jni.cpp, line 520]
Event: 2.306 Thread 0x00000183ed8ff0f0 Exception <a 'sun/nio/fs/WindowsException'{0x00000000874bbd58}> (0x00000000874bbd58) 
thrown [s\open\src\hotspot\share\prims\jni.cpp, line 520]
Event: 2.339 Thread 0x00000183ed8ff0f0 Exception <a 'sun/nio/fs/WindowsException'{0x00000000878e82f8}> (0x00000000878e82f8) 
thrown [s\open\src\hotspot\share\prims\jni.cpp, line 520]
Event: 2.362 Thread 0x00000183ed8ff0f0 Exception <a 'sun/nio/fs/WindowsException'{0x00000000876732f0}> (0x00000000876732f0) 
thrown [s\open\src\hotspot\share\prims\jni.cpp, line 520]
Event: 2.364 Thread 0x00000183ed8ff0f0 Exception <a 'sun/nio/fs/WindowsException'{0x0000000087676788}> (0x0000000087676788) 
thrown [s\open\src\hotspot\share\prims\jni.cpp, line 520]
Event: 2.383 Thread 0x00000183ed8ff0f0 Exception <a 'java/lang/NoSuchMethodError'{0x0000000087174418}: 'java.lang.Object java.lang.invoke.DirectMethodHandle$Holder.invokeInterface(java.lang.Object, java.lang.Object)'> (0x0000000087174418) 
thrown [s\open\src\hotspot\share\interpreter\linkResolver.cpp, line 773]
Event: 2.401 Thread 0x00000183ed8ff0f0 Exception <a 'sun/nio/fs/WindowsException'{0x0000000086f06f40}> (0x0000000086f06f40) 
thrown [s\open\src\hotspot\share\prims\jni.cpp, line 520]
Event: 2.402 Thread 0x00000183ed8ff0f0 Exception <a 'sun/nio/fs/WindowsException'{0x0000000086f08150}> (0x0000000086f08150) 
thrown [s\open\src\hotspot\share\prims\jni.cpp, line 520]
Event: 2.402 Thread 0x00000183ed8ff0f0 Exception <a 'sun/nio/fs/WindowsException'{0x0000000086f0a0e0}> (0x0000000086f0a0e0) 
thrown [s\open\src\hotspot\share\prims\jni.cpp, line 520]
Event: 2.402 Thread 0x00000183ed8ff0f0 Exception <a 'sun/nio/fs/WindowsException'{0x0000000086f0b548}> (0x0000000086f0b548) 
thrown [s\open\src\hotspot\share\prims\jni.cpp, line 520]
Event: 2.404 Thread 0x00000183ed8ff0f0 Exception <a 'sun/nio/fs/WindowsException'{0x0000000086f51f28}> (0x0000000086f51f28) 
thrown [s\open\src\hotspot\share\prims\jni.cpp, line 520]
Event: 2.404 Thread 0x00000183ed8ff0f0 Exception <a 'sun/nio/fs/WindowsException'{0x0000000086f53158}> (0x0000000086f53158) 
thrown [s\open\src\hotspot\share\prims\jni.cpp, line 520]
Event: 2.404 Thread 0x00000183ed8ff0f0 Exception <a 'sun/nio/fs/WindowsException'{0x0000000086f54518}> (0x0000000086f54518) 
thrown [s\open\src\hotspot\share\prims\jni.cpp, line 520]
Event: 2.404 Thread 0x00000183ed8ff0f0 Exception <a 'sun/nio/fs/WindowsException'{0x0000000086f55a48}> (0x0000000086f55a48) 
thrown [s\open\src\hotspot\share\prims\jni.cpp, line 520]
Event: 2.422 Thread 0x00000183ed8ff0f0 Exception <a 'sun/nio/fs/WindowsException'{0x0000000086d72a80}> (0x0000000086d72a80) 
thrown [s\open\src\hotspot\share\prims\jni.cpp, line 520]
Event: 2.429 Thread 0x00000183ed8ff0f0 Exception <a 'sun/nio/fs/WindowsException'{0x0000000086d9cbd8}> (0x0000000086d9cbd8) 
thrown [s\open\src\hotspot\share\prims\jni.cpp, line 520]
Event: 2.429 Thread 0x00000183ed8ff0f0 Exception <a 'sun/nio/fs/WindowsException'{0x0000000086d9e228}> (0x0000000086d9e228) 
thrown [s\open\src\hotspot\share\prims\jni.cpp, line 520]
Event: 2.429 Thread 0x00000183ed8ff0f0 Exception <a 'sun/nio/fs/WindowsException'{0x0000000086d9f948}> (0x0000000086d9f948) 
thrown [s\open\src\hotspot\share\prims\jni.cpp, line 520]
Event: 2.430 Thread 0x00000183ed8ff0f0 Exception <a 'sun/nio/fs/WindowsException'{0x0000000086df5b78}> (0x0000000086df5b78) 
thrown [s\open\src\hotspot\share\prims\jni.cpp, line 520]

ZGC Phase Switch (0 events):
No events

VM Operations (20 events):
Event: 1.723 Executing VM operation: HandshakeAllThreads (Deoptimize) done
Event: 1.847 Executing VM operation: G1CollectForAllocation (G1 Evacuation Pause)
Event: 1.863 Executing VM operation: G1CollectForAllocation (G1 Evacuation Pause) done
Event: 1.922 Executing VM operation: G1CollectForAllocation (G1 Evacuation Pause)
Event: 1.930 Executing VM operation: G1CollectForAllocation (G1 Evacuation Pause) done
Event: 2.053 Executing VM operation: G1CollectForAllocation (G1 Evacuation Pause)
Event: 2.060 Executing VM operation: G1CollectForAllocation (G1 Evacuation Pause) done
Event: 2.083 Executing VM operation: G1PauseRemark
Event: 2.119 Executing VM operation: G1PauseRemark done
Event: 2.127 Executing VM operation: G1PauseCleanup
Event: 2.127 Executing VM operation: G1PauseCleanup done
Event: 2.129 Executing VM operation: HandshakeAllThreads (Deoptimize)
Event: 2.129 Executing VM operation: HandshakeAllThreads (Deoptimize) done
Event: 2.314 Executing VM operation: G1CollectForAllocation (G1 Evacuation Pause)
Event: 2.319 Executing VM operation: G1CollectForAllocation (G1 Evacuation Pause) done
Event: 2.363 Executing VM operation: HandshakeAllThreads (Deoptimize)
Event: 2.363 Executing VM operation: HandshakeAllThreads (Deoptimize) done
Event: 2.489 Executing VM operation: ICBufferFull
Event: 2.489 Executing VM operation: ICBufferFull done
Event: 2.514 Executing VM operation: G1CollectForAllocation (G1 Evacuation Pause)

Events (20 events):
Event: 2.118 Thread 0x00000183fb18b230 flushing nmethod 0x0000018380009610
Event: 2.118 Thread 0x00000183fb18b230 flushing nmethod 0x0000018380008c10
Event: 2.118 Thread 0x00000183fb18b230 flushing nmethod 0x0000018380008690
Event: 2.118 Thread 0x00000183fb18b230 flushing nmethod 0x0000018380008310
Event: 2.118 Thread 0x00000183fb18b230 flushing nmethod 0x0000018380007190
Event: 2.118 Thread 0x00000183fb18b230 flushing nmethod 0x0000018380006d90
Event: 2.118 Thread 0x00000183fb18b230 flushing nmethod 0x0000018380005d10
Event: 2.118 Thread 0x00000183fb18b230 flushing nmethod 0x0000018380000910
Event: 2.118 Thread 0x00000183fb18b230 flushing nmethod 0x0000018380000310
Event: 2.118 Thread 0x00000183fb18b230 flushing nmethod 0x0000018380000010
Event: 2.118 Thread 0x00000183fb18b230 flushing nmethod 0x0000018380004190
Event: 2.118 Thread 0x00000183fb18b230 flushing nmethod 0x0000018380002610
Event: 2.118 Thread 0x00000183fb18b230 flushing nmethod 0x0000018380001f10
Event: 2.118 Thread 0x00000183fb18b230 flushing nmethod 0x0000018387aedc90
Event: 2.118 Thread 0x00000183fb18b230 flushing nmethod 0x0000018387af3d90
Event: 2.118 Thread 0x00000183fb18b230 flushing nmethod 0x0000018387aec710
Event: 2.118 Thread 0x00000183fb18b230 flushing nmethod 0x0000018387aeb410
Event: 2.118 Thread 0x00000183fb18b230 flushing nmethod 0x0000018387addf90
Event: 2.118 Thread 0x00000183fb18b230 flushing nmethod 0x0000018387ae8010
Event: 2.118 Thread 0x00000183fb18b230 flushing nmethod 0x0000018387ad1190


Dynamic libraries:
0x00007ff793b70000 - 0x00007ff793b78000 	C:\Program Files\Java\jdk-21\bin\javac.exe
0x00007ffe48d30000 - 0x00007ffe48f46000 	C:\WINDOWS\SYSTEM32\ntdll.dll
0x00007ffe47020000 - 0x00007ffe470e4000 	C:\WINDOWS\System32\KERNEL32.DLL
0x00007ffe46050000 - 0x00007ffe463f7000 	C:\WINDOWS\System32\KERNELBASE.dll
0x00007ffe46660000 - 0x00007ffe46771000 	C:\WINDOWS\System32\ucrtbase.dll
0x00007ffe34c90000 - 0x00007ffe34cab000 	C:\Program Files\Java\jdk-21\bin\VCRUNTIME140.dll
0x00007ffe3edd0000 - 0x00007ffe3ede9000 	C:\Program Files\Java\jdk-21\bin\jli.dll
0x00007ffe47810000 - 0x00007ffe478c2000 	C:\WINDOWS\System32\ADVAPI32.dll
0x00007ffe48c40000 - 0x00007ffe48ce7000 	C:\WINDOWS\System32\msvcrt.dll
0x00007ffe46f70000 - 0x00007ffe47018000 	C:\WINDOWS\System32\sechost.dll
0x00007ffe46400000 - 0x00007ffe46428000 	C:\WINDOWS\System32\bcrypt.dll
0x00007ffe478d0000 - 0x00007ffe479e5000 	C:\WINDOWS\System32\RPCRT4.dll
0x00007ffe46dc0000 - 0x00007ffe46f6e000 	C:\WINDOWS\System32\USER32.dll
0x00007ffe46820000 - 0x00007ffe46846000 	C:\WINDOWS\System32\win32u.dll
0x00007ffe368c0000 - 0x00007ffe36b53000 	C:\WINDOWS\WinSxS\amd64_microsoft.windows.common-controls_6595b64144ccf1df_6.0.22621.3235_none_270f74e173860f98\COMCTL32.dll
0x00007ffe46d90000 - 0x00007ffe46db9000 	C:\WINDOWS\System32\GDI32.dll
0x00007ffe46850000 - 0x00007ffe46969000 	C:\WINDOWS\System32\gdi32full.dll
0x00007ffe46780000 - 0x00007ffe4681a000 	C:\WINDOWS\System32\msvcp_win.dll
0x00007ffe3dd50000 - 0x00007ffe3dd5a000 	C:\WINDOWS\SYSTEM32\VERSION.dll
0x00007ffe46a60000 - 0x00007ffe46a91000 	C:\WINDOWS\System32\IMM32.DLL
0x00007ffe3fc30000 - 0x00007ffe3fc3c000 	C:\Program Files\Java\jdk-21\bin\vcruntime140_1.dll
0x00007ffe18fa0000 - 0x00007ffe1902e000 	C:\Program Files\Java\jdk-21\bin\msvcp140.dll
0x00007ffe08520000 - 0x00007ffe09237000 	C:\Program Files\Java\jdk-21\bin\server\jvm.dll
0x00007ffe46d00000 - 0x00007ffe46d71000 	C:\WINDOWS\System32\WS2_32.dll
0x00007ffe45f20000 - 0x00007ffe45f6d000 	C:\WINDOWS\SYSTEM32\POWRPROF.dll
0x00007ffe3ecd0000 - 0x00007ffe3ed04000 	C:\WINDOWS\SYSTEM32\WINMM.dll
0x00007ffe45f00000 - 0x00007ffe45f13000 	C:\WINDOWS\SYSTEM32\UMPDC.dll
0x00007ffe45090000 - 0x00007ffe450a8000 	C:\WINDOWS\SYSTEM32\kernel.appcore.dll
0x00007ffe366a0000 - 0x00007ffe366aa000 	C:\Program Files\Java\jdk-21\bin\jimage.dll
0x00007ffe438e0000 - 0x00007ffe43b13000 	C:\WINDOWS\SYSTEM32\DBGHELP.DLL
0x00007ffe479f0000 - 0x00007ffe47d78000 	C:\WINDOWS\System32\combase.dll
0x00007ffe480f0000 - 0x00007ffe481c7000 	C:\WINDOWS\System32\OLEAUT32.dll
0x00007ffe2ffa0000 - 0x00007ffe2ffd2000 	C:\WINDOWS\SYSTEM32\dbgcore.DLL
0x00007ffe46970000 - 0x00007ffe469e9000 	C:\WINDOWS\System32\bcryptPrimitives.dll
0x00007ffe34110000 - 0x00007ffe3412f000 	C:\Program Files\Java\jdk-21\bin\java.dll
0x00007ffe48380000 - 0x00007ffe48bdc000 	C:\WINDOWS\System32\SHELL32.dll
0x00007ffe43fb0000 - 0x00007ffe448a9000 	C:\WINDOWS\SYSTEM32\windows.storage.dll
0x00007ffe43e70000 - 0x00007ffe43fae000 	C:\WINDOWS\SYSTEM32\wintypes.dll
0x00007ffe48280000 - 0x00007ffe48373000 	C:\WINDOWS\System32\SHCORE.dll
0x00007ffe48090000 - 0x00007ffe480ee000 	C:\WINDOWS\System32\shlwapi.dll
0x00007ffe45f80000 - 0x00007ffe45fa1000 	C:\WINDOWS\SYSTEM32\profapi.dll
0x00007ffe0cce0000 - 0x00007ffe0cdb7000 	C:\Program Files\Java\jdk-21\bin\jsvml.dll
0x00007ffe35fc0000 - 0x00007ffe35fd0000 	C:\Program Files\Java\jdk-21\bin\net.dll
0x00007ffe3ff60000 - 0x00007ffe40096000 	C:\WINDOWS\SYSTEM32\WINHTTP.dll
0x00007ffe45500000 - 0x00007ffe45569000 	C:\WINDOWS\system32\mswsock.dll
0x00007ffe33640000 - 0x00007ffe33656000 	C:\Program Files\Java\jdk-21\bin\nio.dll
0x00007ffe33620000 - 0x00007ffe33638000 	C:\Program Files\Java\jdk-21\bin\zip.dll

dbghelp: loaded successfully - version: 4.0.5 - missing functions: none
symbol engine: initialized successfully - sym options: 0x614 - pdb path: .;C:\Program Files\Java\jdk-21\bin;C:\WINDOWS\SYSTEM32;C:\WINDOWS\WinSxS\amd64_microsoft.windows.common-controls_6595b64144ccf1df_6.0.22621.3235_none_270f74e173860f98;C:\Program Files\Java\jdk-21\bin\server

VM Arguments:
jvm_args: -Dapplication.home=C:\Program Files\Java\jdk-21 --add-modules=ALL-DEFAULT -Xms8m -Djdk.module.main=jdk.compiler 
java_command: jdk.compiler/com.sun.tools.javac.Main @C:\Users\Kiet\AppData\Local\Temp\files3125746938747499780
java_class_path (initial): <not set>
Launcher Type: SUN_STANDARD

[Global flags]
     intx CICompilerCount                          = 4                                         {product} {ergonomic}
     uint ConcGCThreads                            = 2                                         {product} {ergonomic}
     uint G1ConcRefinementThreads                  = 8                                         {product} {ergonomic}
   size_t G1HeapRegionSize                         = 1048576                                   {product} {ergonomic}
    uintx GCDrainStackTargetSize                   = 64                                        {product} {ergonomic}
   size_t InitialHeapSize                          = 8388608                                   {product} {command line}
   size_t MarkStackSize                            = 4194304                                   {product} {ergonomic}
   size_t MaxHeapSize                              = 2095054848                                {product} {ergonomic}
   size_t MaxNewSize                               = 1256194048                                {product} {ergonomic}
   size_t MinHeapDeltaBytes                        = 1048576                                   {product} {ergonomic}
   size_t MinHeapSize                              = 8388608                                   {product} {command line}
    uintx NonNMethodCodeHeapSize                   = 5839372                                {pd product} {ergonomic}
    uintx NonProfiledCodeHeapSize                  = 122909434                              {pd product} {ergonomic}
    uintx ProfiledCodeHeapSize                     = 122909434                              {pd product} {ergonomic}
    uintx ReservedCodeCacheSize                    = 251658240                              {pd product} {ergonomic}
     bool SegmentedCodeCache                       = true                                      {product} {ergonomic}
   size_t SoftMaxHeapSize                          = 2095054848                             {manageable} {ergonomic}
     bool UseCompressedOops                        = true                           {product lp64_product} {ergonomic}
     bool UseG1GC                                  = true                                      {product} {ergonomic}
     bool UseLargePagesIndividualAllocation        = false                                  {pd product} {ergonomic}

Logging:
Log output configuration:
 #0: stdout all=warning uptime,level,tags foldmultilines=false
 #1: stderr all=off uptime,level,tags foldmultilines=false

Environment Variables:
PATH=C:\Program Files\Common Files\Oracle\Java\javapath;C:\Program Files (x86)\Common Files\Oracle\Java\javapath;C:\WINDOWS\system32;C:\WINDOWS;C:\WINDOWS\System32\Wbem;C:\WINDOWS\System32\WindowsPowerShell\v1.0\;C:\WINDOWS\System32\OpenSSH\;C:\Program Files\dotnet\;C:\Program Files\Common Files\Oracle\Java\javapath;C:\Program Files\Java\jdk-11\bin;C:\Program Files (x86)\Microsoft SQL Server\160\Tools\Binn\;C:\Program Files\Microsoft SQL Server\160\Tools\Binn\;C:\Program Files\Microsoft SQL Server\Client SDK\ODBC\170\Tools\Binn\;C:\Program Files\Microsoft SQL Server\160\DTS\Binn\;C:\Program Files (x86)\Microsoft SQL Server\160\DTS\Binn\;C:\Program Files\Azure Data Studio\bin;C:\Program Files\apache-maven-3.9.6\bin;C:\Program Files\Git\cmd;C:\Program Files\nodejs\;C:\Program Files\Java\jdk-21\bin;C:\Users\Kiet\AppData\Local\Microsoft\WindowsApps;C:\Users\Kiet\AppData\Local\Programs\Microsoft VS Code\bin;C:\Users\Kiet\AppData\Local\GitHubDesktop\bin;C:\Users\Kiet\.dotnet\tools;C:\Program Files\Azure Data Studio\bin;C:\Users\Kiet\AppData\Roaming\npm
USERNAME=Kiet
OS=Windows_NT
PROCESSOR_IDENTIFIER=Intel64 Family 6 Model 126 Stepping 5, GenuineIntel
TMP=C:\Users\Kiet\AppData\Local\Temp
TEMP=C:\Users\Kiet\AppData\Local\Temp




Periodic native trim disabled

---------------  S Y S T E M  ---------------

OS:
 Windows 11 , 64 bit Build 22621 (10.0.22621.3374)
OS uptime: 0 days 3:10 hours

CPU: total 8 (initial active 8) (4 cores per cpu, 2 threads per core) family 6 model 126 stepping 5 microcode 0xa6, cx8, cmov, fxsr, ht, mmx, 3dnowpref, sse, sse2, sse3, ssse3, sse4.1, sse4.2, popcnt, lzcnt, tsc, tscinvbit, avx, avx2, aes, erms, clmul, bmi1, bmi2, adx, avx512f, avx512dq, avx512cd, avx512bw, avx512vl, sha, fma, vzeroupper, avx512_vpopcntdq, avx512_vpclmulqdq, avx512_vaes, avx512_vnni, clflush, clflushopt, avx512_vbmi2, avx512_vbmi, rdtscp, rdpid, fsrm, gfni, avx512_bitalg, f16c, pku, avx512_ifma
Processor Information for all 8 processors :
  Max Mhz: 1190, Current Mhz: 991, Mhz Limit: 987

Memory: 4k page, system-wide physical 7987M (634M free)
TotalPageFile size 10035M (AvailPageFile size 10M)
current process WorkingSet (physical memory assigned to process): 180M, peak: 180M
current process commit charge ("private bytes"): 214M, peak: 263M

vm_info: Java HotSpot(TM) 64-Bit Server VM (21.0.2+13-LTS-58) for windows-amd64 JRE (21.0.2+13-LTS-58), built on 2024-01-05T18:32:24Z by "mach5one" with MS VC++ 17.1 (VS2022)

END.
