#
# There is insufficient memory for the Java Runtime Environment to continue.
# Native memory allocation (mmap) failed to map 65536 bytes for Failed to commit metaspace.
# Possible reasons:
#   The system is out of physical RAM or swap space
#   The process is running with CompressedOops enabled, and the Java Heap may be blocking the growth of the native heap
# Possible solutions:
#   Reduce memory load on the system
#   Increase physical memory or swap space
#   Check if swap backing store is full
#   Decrease Java heap size (-Xmx/-Xms)
#   Decrease number of Java threads
#   Decrease Java thread stack sizes (-Xss)
#   Set larger code cache with -XX:ReservedCodeCacheSize=
#   JVM is running with Unscaled Compressed Oops mode in which the Java heap is
#     placed in the first 4GB address space. The Java Heap base address is the
#     maximum limit for the native heap growth. Please use -XX:HeapBaseMinAddress
#     to set the Java Heap base and to place the Java Heap above 4GB virtual address.
# This output file may be truncated or incomplete.
#
#  Out of Memory Error (virtualSpaceNode.cpp:112), pid=4168, tid=10300
#
# JRE version: Java(TM) SE Runtime Environment (21.0.2+13) (build 21.0.2+13-LTS-58)
# Java VM: Java HotSpot(TM) 64-Bit Server VM (21.0.2+13-LTS-58, mixed mode, sharing, tiered, compressed oops, compressed class ptrs, g1 gc, windows-amd64)
# No core dump will be written. Minidumps are not enabled by default on client versions of Windows
#

---------------  S U M M A R Y ------------

Command Line: --enable-preview -XX:+ShowCodeDetailsInExceptionMessages GUI.LogIn

Host: Intel(R) Core(TM) i5-1035G1 CPU @ 1.00GHz, 8 cores, 7G,  Windows 11 , 64 bit Build 22621 (10.0.22621.3235)
Time: Wed Mar 20 19:52:02 2024 SE Asia Standard Time elapsed time: 0.698855 seconds (0d 0h 0m 0s)

---------------  T H R E A D  ---------------

Current thread (0x00000195aeba9910):  JavaThread "main"             [_thread_in_vm, id=10300, stack(0x0000007967d00000,0x0000007967e00000) (1024K)]

Stack: [0x0000007967d00000,0x0000007967e00000]
Native frames: (J=compiled Java code, j=interpreted, Vv=VM code, C=native code)
V  [jvm.dll+0x6cade9]
V  [jvm.dll+0x8569c1]
V  [jvm.dll+0x858d2e]
V  [jvm.dll+0x859413]
V  [jvm.dll+0x280e56]
V  [jvm.dll+0x8526ee]
V  [jvm.dll+0x66e705]
V  [jvm.dll+0x66e76a]
V  [jvm.dll+0x670f96]
V  [jvm.dll+0x670e62]
V  [jvm.dll+0x66f0de]
V  [jvm.dll+0x26c721]
V  [jvm.dll+0x218617]
V  [jvm.dll+0x20dd9e]
V  [jvm.dll+0x5ad3dc]
V  [jvm.dll+0x21f76a]
V  [jvm.dll+0x7cec21]
V  [jvm.dll+0x7cfc85]
V  [jvm.dll+0x7d022f]
V  [jvm.dll+0x7cfed8]
V  [jvm.dll+0x26ed7b]
V  [jvm.dll+0x26efaa]
V  [jvm.dll+0x5d0147]
V  [jvm.dll+0x5d30ff]
V  [jvm.dll+0x3d7870]
V  [jvm.dll+0x3d6eed]
C  0x00000195bfd39ff5

The last pc belongs to invokestatic (printed below).
Java frames: (J=compiled Java code, j=interpreted, Vv=VM code)
j  sun.nio.fs.WindowsFileSystemProvider.newByteChannel(Ljava/nio/file/Path;Ljava/util/Set;[Ljava/nio/file/attribute/FileAttribute;)Ljava/nio/channels/SeekableByteChannel;+7 java.base@21.0.2
j  java.nio.file.Files.newByteChannel(Ljava/nio/file/Path;Ljava/util/Set;[Ljava/nio/file/attribute/FileAttribute;)Ljava/nio/channels/SeekableByteChannel;+7 java.base@21.0.2
j  java.nio.file.Files.createFile(Ljava/nio/file/Path;[Ljava/nio/file/attribute/FileAttribute;)Ljava/nio/file/Path;+5 java.base@21.0.2
j  java.nio.file.TempFileHelper.create(Ljava/nio/file/Path;Ljava/lang/String;Ljava/lang/String;Z[Ljava/nio/file/attribute/FileAttribute;)Ljava/nio/file/Path;+229 java.base@21.0.2
j  java.nio.file.TempFileHelper.createTempFile(Ljava/nio/file/Path;Ljava/lang/String;Ljava/lang/String;[Ljava/nio/file/attribute/FileAttribute;)Ljava/nio/file/Path;+5 java.base@21.0.2
j  java.nio.file.Files.createTempFile(Ljava/lang/String;Ljava/lang/String;[Ljava/nio/file/attribute/FileAttribute;)Ljava/nio/file/Path;+4 java.base@21.0.2
j  java.awt.Font$1.run()Ljava/io/File;+8 java.desktop@21.0.2
j  java.awt.Font$1.run()Ljava/lang/Object;+1 java.desktop@21.0.2
j  java.security.AccessController.executePrivileged(Ljava/security/PrivilegedExceptionAction;Ljava/security/AccessControlContext;Ljava/lang/Class;)Ljava/lang/Object;+29 java.base@21.0.2
j  java.security.AccessController.doPrivileged(Ljava/security/PrivilegedExceptionAction;)Ljava/lang/Object;+9 java.base@21.0.2
j  java.awt.Font.createFont0(ILjava/io/InputStream;ZLsun/font/CreatedFontTracker;)[Ljava/awt/Font;+30 java.desktop@21.0.2
j  java.awt.Font.createFont(ILjava/io/InputStream;)Ljava/awt/Font;+10 java.desktop@21.0.2
j  com.formdev.flatlaf.util.FontUtils.installFont(Ljava/net/URL;)Z+7
j  com.formdev.flatlaf.fonts.roboto.FlatRobotoFont.installStyle(Ljava/lang/String;)Z+6
j  com.formdev.flatlaf.fonts.roboto.FlatRobotoFont.installBasic()V+2
j  com.formdev.flatlaf.fonts.roboto.FlatRobotoFont.install()V+0
j  GUI.LogIn.main([Ljava/lang/String;)V+0
v  ~StubRoutines::call_stub 0x00000195bfd210e7
invokestatic  184 invokestatic  [0x00000195bfd39f40, 0x00000195bfd3a1e8]  680 bytes
[MachCode]
  0x00000195bfd39f40: 4883 ec08 | c5fa 1104 | 24eb 1f48 | 83ec 10c5 | fb11 0424 | eb14 4883 | ec10 4889 | 0424 48c7 
  0x00000195bfd39f60: 4424 0800 | 0000 00eb | 0150 4c89 | 6dc0 410f | b755 0148 | 8b4d d0c1 | e202 8b5c | d138 c1eb 
  0x00000195bfd39f80: 1081 e3ff | 0000 0081 | fbb8 0000 | 000f 84b4 | 0000 00bb | b800 0000 | e805 0000 | 00e9 9900 
  0x00000195bfd39fa0: 0000 488b | d348 8d44 | 2408 4c89 | 6dc0 498b | cfc5 f877 | 4989 afa8 | 0300 0049 | 8987 9803 
  0x00000195bfd39fc0: 0000 4883 | ec20 40f6 | c40f 0f84 | 1900 0000 | 4883 ec08 | 48b8 806e | 192a fe7f | 0000 ffd0 
  0x00000195bfd39fe0: 4883 c408 | e90c 0000 | 0048 b880 | 6e19 2afe | 7f00 00ff | d048 83c4 | 2049 c787 | 9803 0000 
  0x00000195bfd3a000: 0000 0000 | 49c7 87a8 | 0300 0000 | 0000 0049 | c787 a003 | 0000 0000 | 0000 c5f8 | 7749 837f 
  0x00000195bfd3a020: 0800 0f84 | 0500 0000 | e9d3 6efe | ff4c 8b6d | c04c 8b75 | c84e 8d74 | f500 c341 | 0fb7 5501 
  0x00000195bfd3a040: 488b 4dd0 | c1e2 0248 | 8b5c d140 | 488b 5b08 | 488b 5b08 | 488b 5b18 | 80bb 2001 | 0000 050f 
  0x00000195bfd3a060: 840d 0000 | 004c 3bbb | 3001 0000 | 0f85 21ff | ffff 488b | 5cd1 408b | 54d1 50c1 | ea1c 49ba 
  0x00000195bfd3a080: 10c6 a02a | fe7f 0000 | 498b 14d2 | 5248 8b45 | d848 85c0 | 0f84 1200 | 0000 4883 | 4008 0148 
  0x00000195bfd3a0a0: 8358 0800 | 4883 c010 | 4889 45d8 | 488b 45d8 | 4885 c00f | 8423 0100 | 0080 78f0 | 0a0f 8519 
  0x00000195bfd3a0c0: 0100 0048 | 83c0 084c | 8b68 f841 | 83ed 0041 | 83fd 020f | 8cf8 0000 | 004c 8b6b | 0845 0fb7 
  0x00000195bfd3a0e0: 6d2e 4c2b | 2841 83ed | 014e 8b6c | ec08 4d85 | ed75 0748 | 8348 0801 | eb4a 458b | 6d08 49ba 
  0x00000195bfd3a100: 0000 00ce | 9501 0000 | 4d03 ea4c | 3368 0849 | f7c5 fcff | ffff 742c | 41f6 c502 | 7526 4883 
  0x00000195bfd3a120: 7808 0074 | 1b48 8378 | 0801 7414 | 4c33 6808 | 49f7 c5fc | ffff ff74 | 0b48 8348 | 0802 eb04 
  0x00000195bfd3a140: 4c89 6808 | 4883 c010 | 4c8b 68e8 | 4183 ed02 | 4183 fd02 | 0f8c 7700 | 0000 4c8b | 6b08 450f 
  0x00000195bfd3a160: b76d 2e4c | 2b28 4183 | ed01 4e8b | 6cec 084d | 85ed 7507 | 4883 4808 | 01eb 4a45 | 8b6d 0849 
  0x00000195bfd3a180: ba00 0000 | ce95 0100 | 004d 03ea | 4c33 6808 | 49f7 c5fc | ffff ff74 | 2c41 f6c5 | 0275 2648 
  0x00000195bfd3a1a0: 8378 0800 | 741b 4883 | 7808 0174 | 144c 3368 | 0849 f7c5 | fcff ffff | 740b 4883 | 4808 02eb 
  0x00000195bfd3a1c0: 044c 8968 | 0848 83c0 | 104c 8b68 | d841 83ed | 0441 c1e5 | 0349 03c5 | 4889 45d8 | 4c8d 6c24 
  0x00000195bfd3a1e0: 084c 896d | f0ff 6350 
[/MachCode]

---------------  P R O C E S S  ---------------

Threads class SMR info:
_java_thread_list=0x00000195cd6d02f0, length=11, elements={
0x00000195aeba9910, 0x00000195cd42a370, 0x00000195cd42b530, 0x00000195cd42d3f0,
0x00000195cd430050, 0x00000195cd432080, 0x00000195cd432ae0, 0x00000195cd433870,
0x00000195cd434670, 0x00000195cd6c0210, 0x00000195cd6c5070
}

Java Threads: ( => current thread )
=>0x00000195aeba9910 JavaThread "main"                              [_thread_in_vm, id=10300, stack(0x0000007967d00000,0x0000007967e00000) (1024K)]
  0x00000195cd42a370 JavaThread "Reference Handler"          daemon [_thread_blocked, id=15692, stack(0x0000007968500000,0x0000007968600000) (1024K)]
  0x00000195cd42b530 JavaThread "Finalizer"                  daemon [_thread_blocked, id=6872, stack(0x0000007968600000,0x0000007968700000) (1024K)]
  0x00000195cd42d3f0 JavaThread "Signal Dispatcher"          daemon [_thread_blocked, id=16976, stack(0x0000007968700000,0x0000007968800000) (1024K)]
  0x00000195cd430050 JavaThread "Attach Listener"            daemon [_thread_blocked, id=4472, stack(0x0000007968800000,0x0000007968900000) (1024K)]
  0x00000195cd432080 JavaThread "Service Thread"             daemon [_thread_blocked, id=17564, stack(0x0000007968900000,0x0000007968a00000) (1024K)]
  0x00000195cd432ae0 JavaThread "Monitor Deflation Thread"   daemon [_thread_blocked, id=18068, stack(0x0000007968a00000,0x0000007968b00000) (1024K)]
  0x00000195cd433870 JavaThread "C2 CompilerThread0"         daemon [_thread_blocked, id=18880, stack(0x0000007968b00000,0x0000007968c00000) (1024K)]
  0x00000195cd434670 JavaThread "C1 CompilerThread0"         daemon [_thread_blocked, id=17964, stack(0x0000007968c00000,0x0000007968d00000) (1024K)]
  0x00000195cd6c0210 JavaThread "Notification Thread"        daemon [_thread_blocked, id=14908, stack(0x0000007968d00000,0x0000007968e00000) (1024K)]
  0x00000195cd6c5070 JavaThread "Common-Cleaner"             daemon [_thread_blocked, id=19912, stack(0x0000007968e00000,0x0000007968f00000) (1024K)]
Total: 11

Other Threads:
  0x00000195cd406620 VMThread "VM Thread"                           [id=13016, stack(0x0000007968400000,0x0000007968500000) (1024K)]
  0x00000195cd3eeb20 WatcherThread "VM Periodic Task Thread"        [id=15216, stack(0x0000007968300000,0x0000007968400000) (1024K)]
  0x00000195aec07710 WorkerThread "GC Thread#0"                     [id=1028, stack(0x0000007967e00000,0x0000007967f00000) (1024K)]
  0x00000195aec18260 ConcurrentGCThread "G1 Main Marker"            [id=4680, stack(0x0000007967f00000,0x0000007968000000) (1024K)]
  0x00000195aec19570 WorkerThread "G1 Conc#0"                       [id=16064, stack(0x0000007968000000,0x0000007968100000) (1024K)]
  0x00000195aec6e9d0 ConcurrentGCThread "G1 Refine#0"               [id=17312, stack(0x0000007968100000,0x0000007968200000) (1024K)]
  0x00000195cd2be790 ConcurrentGCThread "G1 Service"                [id=14128, stack(0x0000007968200000,0x0000007968300000) (1024K)]
Total: 7

Threads with active compile tasks:
Total: 0

VM state: not at safepoint (normal execution)

VM Mutex/Monitor currently owned by a thread:  ([mutex/lock_event])
[0x00007ffe2a9face8] Metaspace_lock - owner thread: 0x00000195aeba9910

Heap address: 0x0000000083200000, size: 1998 MB, Compressed Oops mode: 32-bit

CDS archive(s) mapped at: [0x00000195ce000000-0x00000195cec90000-0x00000195cec90000), size 13172736, SharedBaseAddress: 0x00000195ce000000, ArchiveRelocationMode: 1.
Compressed class space mapped at: 0x00000195cf000000-0x000001960f000000, reserved size: 1073741824
Narrow klass base: 0x00000195ce000000, Narrow klass shift: 0, Narrow klass range: 0x100000000

GC Precious Log:
 CardTable entry size: 512
 Card Set container configuration: InlinePtr #cards 5 size 8 Array Of Cards #cards 12 size 40 Howl #buckets 4 coarsen threshold 1843 Howl Bitmap #cards 512 size 80 coarsen threshold 460 Card regions per heap region 1 cards per card region 2048
 CPUs: 8 total, 8 available
 Memory: 7987M
 Large Page Support: Disabled
 NUMA Support: Disabled
 Compressed Oops: Enabled (32-bit)
 Heap Region Size: 1M
 Heap Min Capacity: 8M
 Heap Initial Capacity: 126M
 Heap Max Capacity: 1998M
 Pre-touch: Disabled
 Parallel Workers: 8
 Concurrent Workers: 2
 Concurrent Refinement Workers: 8
 Periodic GC: Disabled

Heap:
 garbage-first heap   total 129024K, used 10240K [0x0000000083200000, 0x0000000100000000)
  region size 1024K, 9 young (9216K), 0 survivors (0K)
 Metaspace       used 2703K, committed 2816K, reserved 1114112K
  class space    used 272K, committed 320K, reserved 1048576K

Heap Regions: E=young(eden), S=young(survivor), O=old, HS=humongous(starts), HC=humongous(continues), CS=collection set, F=free, TAMS=top-at-mark-start, PB=parsable bottom
|   0|0x0000000083200000, 0x0000000083300000, 0x0000000083300000|100%|HS|  |TAMS 0x0000000083200000| PB 0x0000000083200000| Complete 
|   1|0x0000000083300000, 0x0000000083400000, 0x0000000083400000|100%|HC|  |TAMS 0x0000000083300000| PB 0x0000000083300000| Complete 
|   2|0x0000000083400000, 0x0000000083500000, 0x0000000083500000|100%|HS|  |TAMS 0x0000000083400000| PB 0x0000000083400000| Complete 
|   3|0x0000000083500000, 0x0000000083500000, 0x0000000083600000|  0%| F|  |TAMS 0x0000000083500000| PB 0x0000000083500000| Untracked 
|   4|0x0000000083600000, 0x0000000083600000, 0x0000000083700000|  0%| F|  |TAMS 0x0000000083600000| PB 0x0000000083600000| Untracked 
|   5|0x0000000083700000, 0x0000000083700000, 0x0000000083800000|  0%| F|  |TAMS 0x0000000083700000| PB 0x0000000083700000| Untracked 
|   6|0x0000000083800000, 0x0000000083800000, 0x0000000083900000|  0%| F|  |TAMS 0x0000000083800000| PB 0x0000000083800000| Untracked 
|   7|0x0000000083900000, 0x0000000083900000, 0x0000000083a00000|  0%| F|  |TAMS 0x0000000083900000| PB 0x0000000083900000| Untracked 
|   8|0x0000000083a00000, 0x0000000083a00000, 0x0000000083b00000|  0%| F|  |TAMS 0x0000000083a00000| PB 0x0000000083a00000| Untracked 
|   9|0x0000000083b00000, 0x0000000083b00000, 0x0000000083c00000|  0%| F|  |TAMS 0x0000000083b00000| PB 0x0000000083b00000| Untracked 
|  10|0x0000000083c00000, 0x0000000083c00000, 0x0000000083d00000|  0%| F|  |TAMS 0x0000000083c00000| PB 0x0000000083c00000| Untracked 
|  11|0x0000000083d00000, 0x0000000083d00000, 0x0000000083e00000|  0%| F|  |TAMS 0x0000000083d00000| PB 0x0000000083d00000| Untracked 
|  12|0x0000000083e00000, 0x0000000083e00000, 0x0000000083f00000|  0%| F|  |TAMS 0x0000000083e00000| PB 0x0000000083e00000| Untracked 
|  13|0x0000000083f00000, 0x0000000083f00000, 0x0000000084000000|  0%| F|  |TAMS 0x0000000083f00000| PB 0x0000000083f00000| Untracked 
|  14|0x0000000084000000, 0x0000000084000000, 0x0000000084100000|  0%| F|  |TAMS 0x0000000084000000| PB 0x0000000084000000| Untracked 
|  15|0x0000000084100000, 0x0000000084100000, 0x0000000084200000|  0%| F|  |TAMS 0x0000000084100000| PB 0x0000000084100000| Untracked 
|  16|0x0000000084200000, 0x0000000084200000, 0x0000000084300000|  0%| F|  |TAMS 0x0000000084200000| PB 0x0000000084200000| Untracked 
|  17|0x0000000084300000, 0x0000000084300000, 0x0000000084400000|  0%| F|  |TAMS 0x0000000084300000| PB 0x0000000084300000| Untracked 
|  18|0x0000000084400000, 0x0000000084400000, 0x0000000084500000|  0%| F|  |TAMS 0x0000000084400000| PB 0x0000000084400000| Untracked 
|  19|0x0000000084500000, 0x0000000084500000, 0x0000000084600000|  0%| F|  |TAMS 0x0000000084500000| PB 0x0000000084500000| Untracked 
|  20|0x0000000084600000, 0x0000000084600000, 0x0000000084700000|  0%| F|  |TAMS 0x0000000084600000| PB 0x0000000084600000| Untracked 
|  21|0x0000000084700000, 0x0000000084700000, 0x0000000084800000|  0%| F|  |TAMS 0x0000000084700000| PB 0x0000000084700000| Untracked 
|  22|0x0000000084800000, 0x0000000084800000, 0x0000000084900000|  0%| F|  |TAMS 0x0000000084800000| PB 0x0000000084800000| Untracked 
|  23|0x0000000084900000, 0x0000000084900000, 0x0000000084a00000|  0%| F|  |TAMS 0x0000000084900000| PB 0x0000000084900000| Untracked 
|  24|0x0000000084a00000, 0x0000000084a00000, 0x0000000084b00000|  0%| F|  |TAMS 0x0000000084a00000| PB 0x0000000084a00000| Untracked 
|  25|0x0000000084b00000, 0x0000000084b00000, 0x0000000084c00000|  0%| F|  |TAMS 0x0000000084b00000| PB 0x0000000084b00000| Untracked 
|  26|0x0000000084c00000, 0x0000000084c00000, 0x0000000084d00000|  0%| F|  |TAMS 0x0000000084c00000| PB 0x0000000084c00000| Untracked 
|  27|0x0000000084d00000, 0x0000000084d00000, 0x0000000084e00000|  0%| F|  |TAMS 0x0000000084d00000| PB 0x0000000084d00000| Untracked 
|  28|0x0000000084e00000, 0x0000000084e00000, 0x0000000084f00000|  0%| F|  |TAMS 0x0000000084e00000| PB 0x0000000084e00000| Untracked 
|  29|0x0000000084f00000, 0x0000000084f00000, 0x0000000085000000|  0%| F|  |TAMS 0x0000000084f00000| PB 0x0000000084f00000| Untracked 
|  30|0x0000000085000000, 0x0000000085000000, 0x0000000085100000|  0%| F|  |TAMS 0x0000000085000000| PB 0x0000000085000000| Untracked 
|  31|0x0000000085100000, 0x0000000085100000, 0x0000000085200000|  0%| F|  |TAMS 0x0000000085100000| PB 0x0000000085100000| Untracked 
|  32|0x0000000085200000, 0x0000000085200000, 0x0000000085300000|  0%| F|  |TAMS 0x0000000085200000| PB 0x0000000085200000| Untracked 
|  33|0x0000000085300000, 0x0000000085300000, 0x0000000085400000|  0%| F|  |TAMS 0x0000000085300000| PB 0x0000000085300000| Untracked 
|  34|0x0000000085400000, 0x0000000085400000, 0x0000000085500000|  0%| F|  |TAMS 0x0000000085400000| PB 0x0000000085400000| Untracked 
|  35|0x0000000085500000, 0x0000000085500000, 0x0000000085600000|  0%| F|  |TAMS 0x0000000085500000| PB 0x0000000085500000| Untracked 
|  36|0x0000000085600000, 0x0000000085600000, 0x0000000085700000|  0%| F|  |TAMS 0x0000000085600000| PB 0x0000000085600000| Untracked 
|  37|0x0000000085700000, 0x0000000085700000, 0x0000000085800000|  0%| F|  |TAMS 0x0000000085700000| PB 0x0000000085700000| Untracked 
|  38|0x0000000085800000, 0x0000000085800000, 0x0000000085900000|  0%| F|  |TAMS 0x0000000085800000| PB 0x0000000085800000| Untracked 
|  39|0x0000000085900000, 0x0000000085900000, 0x0000000085a00000|  0%| F|  |TAMS 0x0000000085900000| PB 0x0000000085900000| Untracked 
|  40|0x0000000085a00000, 0x0000000085a00000, 0x0000000085b00000|  0%| F|  |TAMS 0x0000000085a00000| PB 0x0000000085a00000| Untracked 
|  41|0x0000000085b00000, 0x0000000085b00000, 0x0000000085c00000|  0%| F|  |TAMS 0x0000000085b00000| PB 0x0000000085b00000| Untracked 
|  42|0x0000000085c00000, 0x0000000085c00000, 0x0000000085d00000|  0%| F|  |TAMS 0x0000000085c00000| PB 0x0000000085c00000| Untracked 
|  43|0x0000000085d00000, 0x0000000085d00000, 0x0000000085e00000|  0%| F|  |TAMS 0x0000000085d00000| PB 0x0000000085d00000| Untracked 
|  44|0x0000000085e00000, 0x0000000085e00000, 0x0000000085f00000|  0%| F|  |TAMS 0x0000000085e00000| PB 0x0000000085e00000| Untracked 
|  45|0x0000000085f00000, 0x0000000085f00000, 0x0000000086000000|  0%| F|  |TAMS 0x0000000085f00000| PB 0x0000000085f00000| Untracked 
|  46|0x0000000086000000, 0x0000000086000000, 0x0000000086100000|  0%| F|  |TAMS 0x0000000086000000| PB 0x0000000086000000| Untracked 
|  47|0x0000000086100000, 0x0000000086100000, 0x0000000086200000|  0%| F|  |TAMS 0x0000000086100000| PB 0x0000000086100000| Untracked 
|  48|0x0000000086200000, 0x0000000086200000, 0x0000000086300000|  0%| F|  |TAMS 0x0000000086200000| PB 0x0000000086200000| Untracked 
|  49|0x0000000086300000, 0x0000000086300000, 0x0000000086400000|  0%| F|  |TAMS 0x0000000086300000| PB 0x0000000086300000| Untracked 
|  50|0x0000000086400000, 0x0000000086400000, 0x0000000086500000|  0%| F|  |TAMS 0x0000000086400000| PB 0x0000000086400000| Untracked 
|  51|0x0000000086500000, 0x0000000086500000, 0x0000000086600000|  0%| F|  |TAMS 0x0000000086500000| PB 0x0000000086500000| Untracked 
|  52|0x0000000086600000, 0x0000000086600000, 0x0000000086700000|  0%| F|  |TAMS 0x0000000086600000| PB 0x0000000086600000| Untracked 
|  53|0x0000000086700000, 0x0000000086700000, 0x0000000086800000|  0%| F|  |TAMS 0x0000000086700000| PB 0x0000000086700000| Untracked 
|  54|0x0000000086800000, 0x0000000086800000, 0x0000000086900000|  0%| F|  |TAMS 0x0000000086800000| PB 0x0000000086800000| Untracked 
|  55|0x0000000086900000, 0x0000000086900000, 0x0000000086a00000|  0%| F|  |TAMS 0x0000000086900000| PB 0x0000000086900000| Untracked 
|  56|0x0000000086a00000, 0x0000000086a00000, 0x0000000086b00000|  0%| F|  |TAMS 0x0000000086a00000| PB 0x0000000086a00000| Untracked 
|  57|0x0000000086b00000, 0x0000000086b00000, 0x0000000086c00000|  0%| F|  |TAMS 0x0000000086b00000| PB 0x0000000086b00000| Untracked 
|  58|0x0000000086c00000, 0x0000000086c00000, 0x0000000086d00000|  0%| F|  |TAMS 0x0000000086c00000| PB 0x0000000086c00000| Untracked 
|  59|0x0000000086d00000, 0x0000000086d00000, 0x0000000086e00000|  0%| F|  |TAMS 0x0000000086d00000| PB 0x0000000086d00000| Untracked 
|  60|0x0000000086e00000, 0x0000000086e00000, 0x0000000086f00000|  0%| F|  |TAMS 0x0000000086e00000| PB 0x0000000086e00000| Untracked 
|  61|0x0000000086f00000, 0x0000000086f00000, 0x0000000087000000|  0%| F|  |TAMS 0x0000000086f00000| PB 0x0000000086f00000| Untracked 
|  62|0x0000000087000000, 0x0000000087000000, 0x0000000087100000|  0%| F|  |TAMS 0x0000000087000000| PB 0x0000000087000000| Untracked 
|  63|0x0000000087100000, 0x0000000087100000, 0x0000000087200000|  0%| F|  |TAMS 0x0000000087100000| PB 0x0000000087100000| Untracked 
|  64|0x0000000087200000, 0x0000000087200000, 0x0000000087300000|  0%| F|  |TAMS 0x0000000087200000| PB 0x0000000087200000| Untracked 
|  65|0x0000000087300000, 0x0000000087300000, 0x0000000087400000|  0%| F|  |TAMS 0x0000000087300000| PB 0x0000000087300000| Untracked 
|  66|0x0000000087400000, 0x0000000087400000, 0x0000000087500000|  0%| F|  |TAMS 0x0000000087400000| PB 0x0000000087400000| Untracked 
|  67|0x0000000087500000, 0x0000000087500000, 0x0000000087600000|  0%| F|  |TAMS 0x0000000087500000| PB 0x0000000087500000| Untracked 
|  68|0x0000000087600000, 0x0000000087600000, 0x0000000087700000|  0%| F|  |TAMS 0x0000000087600000| PB 0x0000000087600000| Untracked 
|  69|0x0000000087700000, 0x0000000087700000, 0x0000000087800000|  0%| F|  |TAMS 0x0000000087700000| PB 0x0000000087700000| Untracked 
|  70|0x0000000087800000, 0x0000000087800000, 0x0000000087900000|  0%| F|  |TAMS 0x0000000087800000| PB 0x0000000087800000| Untracked 
|  71|0x0000000087900000, 0x0000000087900000, 0x0000000087a00000|  0%| F|  |TAMS 0x0000000087900000| PB 0x0000000087900000| Untracked 
|  72|0x0000000087a00000, 0x0000000087a00000, 0x0000000087b00000|  0%| F|  |TAMS 0x0000000087a00000| PB 0x0000000087a00000| Untracked 
|  73|0x0000000087b00000, 0x0000000087b00000, 0x0000000087c00000|  0%| F|  |TAMS 0x0000000087b00000| PB 0x0000000087b00000| Untracked 
|  74|0x0000000087c00000, 0x0000000087c00000, 0x0000000087d00000|  0%| F|  |TAMS 0x0000000087c00000| PB 0x0000000087c00000| Untracked 
|  75|0x0000000087d00000, 0x0000000087d00000, 0x0000000087e00000|  0%| F|  |TAMS 0x0000000087d00000| PB 0x0000000087d00000| Untracked 
|  76|0x0000000087e00000, 0x0000000087e00000, 0x0000000087f00000|  0%| F|  |TAMS 0x0000000087e00000| PB 0x0000000087e00000| Untracked 
|  77|0x0000000087f00000, 0x0000000087f00000, 0x0000000088000000|  0%| F|  |TAMS 0x0000000087f00000| PB 0x0000000087f00000| Untracked 
|  78|0x0000000088000000, 0x0000000088000000, 0x0000000088100000|  0%| F|  |TAMS 0x0000000088000000| PB 0x0000000088000000| Untracked 
|  79|0x0000000088100000, 0x0000000088100000, 0x0000000088200000|  0%| F|  |TAMS 0x0000000088100000| PB 0x0000000088100000| Untracked 
|  80|0x0000000088200000, 0x0000000088200000, 0x0000000088300000|  0%| F|  |TAMS 0x0000000088200000| PB 0x0000000088200000| Untracked 
|  81|0x0000000088300000, 0x0000000088300000, 0x0000000088400000|  0%| F|  |TAMS 0x0000000088300000| PB 0x0000000088300000| Untracked 
|  82|0x0000000088400000, 0x0000000088400000, 0x0000000088500000|  0%| F|  |TAMS 0x0000000088400000| PB 0x0000000088400000| Untracked 
|  83|0x0000000088500000, 0x0000000088500000, 0x0000000088600000|  0%| F|  |TAMS 0x0000000088500000| PB 0x0000000088500000| Untracked 
|  84|0x0000000088600000, 0x0000000088600000, 0x0000000088700000|  0%| F|  |TAMS 0x0000000088600000| PB 0x0000000088600000| Untracked 
|  85|0x0000000088700000, 0x0000000088700000, 0x0000000088800000|  0%| F|  |TAMS 0x0000000088700000| PB 0x0000000088700000| Untracked 
|  86|0x0000000088800000, 0x0000000088800000, 0x0000000088900000|  0%| F|  |TAMS 0x0000000088800000| PB 0x0000000088800000| Untracked 
|  87|0x0000000088900000, 0x0000000088900000, 0x0000000088a00000|  0%| F|  |TAMS 0x0000000088900000| PB 0x0000000088900000| Untracked 
|  88|0x0000000088a00000, 0x0000000088a00000, 0x0000000088b00000|  0%| F|  |TAMS 0x0000000088a00000| PB 0x0000000088a00000| Untracked 
|  89|0x0000000088b00000, 0x0000000088b00000, 0x0000000088c00000|  0%| F|  |TAMS 0x0000000088b00000| PB 0x0000000088b00000| Untracked 
|  90|0x0000000088c00000, 0x0000000088c00000, 0x0000000088d00000|  0%| F|  |TAMS 0x0000000088c00000| PB 0x0000000088c00000| Untracked 
|  91|0x0000000088d00000, 0x0000000088d00000, 0x0000000088e00000|  0%| F|  |TAMS 0x0000000088d00000| PB 0x0000000088d00000| Untracked 
|  92|0x0000000088e00000, 0x0000000088e00000, 0x0000000088f00000|  0%| F|  |TAMS 0x0000000088e00000| PB 0x0000000088e00000| Untracked 
|  93|0x0000000088f00000, 0x0000000088f00000, 0x0000000089000000|  0%| F|  |TAMS 0x0000000088f00000| PB 0x0000000088f00000| Untracked 
|  94|0x0000000089000000, 0x0000000089000000, 0x0000000089100000|  0%| F|  |TAMS 0x0000000089000000| PB 0x0000000089000000| Untracked 
|  95|0x0000000089100000, 0x0000000089100000, 0x0000000089200000|  0%| F|  |TAMS 0x0000000089100000| PB 0x0000000089100000| Untracked 
|  96|0x0000000089200000, 0x0000000089200000, 0x0000000089300000|  0%| F|  |TAMS 0x0000000089200000| PB 0x0000000089200000| Untracked 
|  97|0x0000000089300000, 0x0000000089300000, 0x0000000089400000|  0%| F|  |TAMS 0x0000000089300000| PB 0x0000000089300000| Untracked 
|  98|0x0000000089400000, 0x0000000089400000, 0x0000000089500000|  0%| F|  |TAMS 0x0000000089400000| PB 0x0000000089400000| Untracked 
|  99|0x0000000089500000, 0x0000000089500000, 0x0000000089600000|  0%| F|  |TAMS 0x0000000089500000| PB 0x0000000089500000| Untracked 
| 100|0x0000000089600000, 0x0000000089600000, 0x0000000089700000|  0%| F|  |TAMS 0x0000000089600000| PB 0x0000000089600000| Untracked 
| 101|0x0000000089700000, 0x0000000089700000, 0x0000000089800000|  0%| F|  |TAMS 0x0000000089700000| PB 0x0000000089700000| Untracked 
| 102|0x0000000089800000, 0x0000000089800000, 0x0000000089900000|  0%| F|  |TAMS 0x0000000089800000| PB 0x0000000089800000| Untracked 
| 103|0x0000000089900000, 0x0000000089900000, 0x0000000089a00000|  0%| F|  |TAMS 0x0000000089900000| PB 0x0000000089900000| Untracked 
| 104|0x0000000089a00000, 0x0000000089a00000, 0x0000000089b00000|  0%| F|  |TAMS 0x0000000089a00000| PB 0x0000000089a00000| Untracked 
| 105|0x0000000089b00000, 0x0000000089b00000, 0x0000000089c00000|  0%| F|  |TAMS 0x0000000089b00000| PB 0x0000000089b00000| Untracked 
| 106|0x0000000089c00000, 0x0000000089c00000, 0x0000000089d00000|  0%| F|  |TAMS 0x0000000089c00000| PB 0x0000000089c00000| Untracked 
| 107|0x0000000089d00000, 0x0000000089d00000, 0x0000000089e00000|  0%| F|  |TAMS 0x0000000089d00000| PB 0x0000000089d00000| Untracked 
| 108|0x0000000089e00000, 0x0000000089e00000, 0x0000000089f00000|  0%| F|  |TAMS 0x0000000089e00000| PB 0x0000000089e00000| Untracked 
| 109|0x0000000089f00000, 0x0000000089f00000, 0x000000008a000000|  0%| F|  |TAMS 0x0000000089f00000| PB 0x0000000089f00000| Untracked 
| 110|0x000000008a000000, 0x000000008a000000, 0x000000008a100000|  0%| F|  |TAMS 0x000000008a000000| PB 0x000000008a000000| Untracked 
| 111|0x000000008a100000, 0x000000008a100000, 0x000000008a200000|  0%| F|  |TAMS 0x000000008a100000| PB 0x000000008a100000| Untracked 
| 112|0x000000008a200000, 0x000000008a200000, 0x000000008a300000|  0%| F|  |TAMS 0x000000008a200000| PB 0x000000008a200000| Untracked 
| 113|0x000000008a300000, 0x000000008a300000, 0x000000008a400000|  0%| F|  |TAMS 0x000000008a300000| PB 0x000000008a300000| Untracked 
| 114|0x000000008a400000, 0x000000008a400000, 0x000000008a500000|  0%| F|  |TAMS 0x000000008a400000| PB 0x000000008a400000| Untracked 
| 115|0x000000008a500000, 0x000000008a500000, 0x000000008a600000|  0%| F|  |TAMS 0x000000008a500000| PB 0x000000008a500000| Untracked 
| 116|0x000000008a600000, 0x000000008a600000, 0x000000008a700000|  0%| F|  |TAMS 0x000000008a600000| PB 0x000000008a600000| Untracked 
| 117|0x000000008a700000, 0x000000008a7ec4d8, 0x000000008a800000| 92%| E|  |TAMS 0x000000008a700000| PB 0x000000008a700000| Complete 
| 118|0x000000008a800000, 0x000000008a900000, 0x000000008a900000|100%| E|CS|TAMS 0x000000008a800000| PB 0x000000008a800000| Complete 
| 119|0x000000008a900000, 0x000000008aa00000, 0x000000008aa00000|100%| E|CS|TAMS 0x000000008a900000| PB 0x000000008a900000| Complete 
| 120|0x000000008aa00000, 0x000000008ab00000, 0x000000008ab00000|100%| E|CS|TAMS 0x000000008aa00000| PB 0x000000008aa00000| Complete 
| 121|0x000000008ab00000, 0x000000008ac00000, 0x000000008ac00000|100%| E|CS|TAMS 0x000000008ab00000| PB 0x000000008ab00000| Complete 
| 122|0x000000008ac00000, 0x000000008ad00000, 0x000000008ad00000|100%| E|CS|TAMS 0x000000008ac00000| PB 0x000000008ac00000| Complete 
| 123|0x000000008ad00000, 0x000000008ae00000, 0x000000008ae00000|100%| E|  |TAMS 0x000000008ad00000| PB 0x000000008ad00000| Complete 
| 124|0x000000008ae00000, 0x000000008af00000, 0x000000008af00000|100%| E|CS|TAMS 0x000000008ae00000| PB 0x000000008ae00000| Complete 
| 125|0x000000008af00000, 0x000000008b000000, 0x000000008b000000|100%| E|CS|TAMS 0x000000008af00000| PB 0x000000008af00000| Complete 

Card table byte_map: [0x00000195c8640000,0x00000195c8a30000] _byte_map_base: 0x00000195c8227000

Marking Bits: (CMBitMap*) 0x00000195aec07e10
 Bits: [0x00000195c8a30000, 0x00000195ca968000)

Polling page: 0x00000195aec70000

Metaspace:

Usage:
  Non-class:      2.37 MB used.
      Class:    272.93 KB used.
       Both:      2.64 MB used.

Virtual space:
  Non-class space:       64.00 MB reserved,       2.44 MB (  4%) committed,  1 nodes.
      Class space:        1.00 GB reserved,     320.00 KB ( <1%) committed,  1 nodes.
             Both:        1.06 GB reserved,       2.75 MB ( <1%) committed. 

Chunk freelists:
   Non-Class:  11.91 MB
       Class:  15.70 MB
        Both:  27.61 MB

MaxMetaspaceSize: unlimited
CompressedClassSpaceSize: 1.00 GB
Initial GC threshold: 21.00 MB
Current GC threshold: 21.00 MB
CDS: on
 - commit_granule_bytes: 65536.
 - commit_granule_words: 8192.
 - virtual_space_node_default_size: 8388608.
 - enlarge_chunks_in_place: 1.
 - use_allocation_guard: 0.


Internal statistics:

num_allocs_failed_limit: 0.
num_arena_births: 70.
num_arena_deaths: 0.
num_vsnodes_births: 2.
num_vsnodes_deaths: 0.
num_space_committed: 44.
num_space_uncommitted: 0.
num_chunks_returned_to_freelist: 0.
num_chunks_taken_from_freelist: 90.
num_chunk_merges: 0.
num_chunk_splits: 53.
num_chunks_enlarged: 17.
num_inconsistent_stats: 0.

CodeHeap 'non-profiled nmethods': size=120000Kb used=155Kb max_used=155Kb free=119844Kb
 bounds [0x00000195c02c0000, 0x00000195c0530000, 0x00000195c77f0000]
CodeHeap 'profiled nmethods': size=120000Kb used=711Kb max_used=711Kb free=119288Kb
 bounds [0x00000195b87f0000, 0x00000195b8a60000, 0x00000195bfd20000]
CodeHeap 'non-nmethods': size=5760Kb used=1455Kb max_used=1468Kb free=4304Kb
 bounds [0x00000195bfd20000, 0x00000195bff90000, 0x00000195c02c0000]
 total_blobs=902 nmethods=463 adapters=344
 compilation: enabled
              stopped_count=0, restarted_count=0
 full_count=0

Compilation events (20 events):
Event: 0.621 Thread 0x00000195cd434670  452       1       sun.nio.fs.WindowsPath::toString (5 bytes)
Event: 0.621 Thread 0x00000195cd434670 nmethod 452 0x00000195c02e5f90 code [0x00000195c02e6120, 0x00000195c02e61e8]
Event: 0.621 Thread 0x00000195cd434670  453       1       java.nio.file.Files$AcceptAllFilter::accept (2 bytes)
Event: 0.621 Thread 0x00000195cd434670 nmethod 453 0x00000195c02e6290 code [0x00000195c02e6420, 0x00000195c02e64e8]
Event: 0.621 Thread 0x00000195cd434670  454       3       java.lang.StringCoding::hasNegatives (16 bytes)
Event: 0.621 Thread 0x00000195cd434670 nmethod 454 0x00000195b8898210 code [0x00000195b88983c0, 0x00000195b8898538]
Event: 0.621 Thread 0x00000195cd434670  455       3       sun.security.provider.DigestBase::engineUpdate (176 bytes)
Event: 0.622 Thread 0x00000195cd434670 nmethod 455 0x00000195b8898610 code [0x00000195b8898880, 0x00000195b88994c0]
Event: 0.622 Thread 0x00000195cd434670  456       3       java.security.MessageDigest::update (14 bytes)
Event: 0.623 Thread 0x00000195cd434670 nmethod 456 0x00000195b8899810 code [0x00000195b88999c0, 0x00000195b8899c98]
Event: 0.623 Thread 0x00000195cd434670  457       3       sun.nio.fs.WindowsPathParser::parse (504 bytes)
Event: 0.629 Thread 0x00000195cd434670 nmethod 457 0x00000195b8899e10 code [0x00000195b889a640, 0x00000195b889f090]
Event: 0.629 Thread 0x00000195cd434670  459       3       java.lang.invoke.MethodTypeForm::canonicalizeAll (63 bytes)
Event: 0.630 Thread 0x00000195cd434670 nmethod 459 0x00000195b88a0c10 code [0x00000195b88a0e00, 0x00000195b88a1448]
Event: 0.630 Thread 0x00000195cd434670  462       3       java.lang.Integer::rotateRight (9 bytes)
Event: 0.630 Thread 0x00000195cd434670 nmethod 462 0x00000195b88a1610 code [0x00000195b88a17a0, 0x00000195b88a18a0]
Event: 0.630 Thread 0x00000195cd434670  461       3       java.lang.invoke.LambdaForm$BasicType::basicTypeSlots (8 bytes)
Event: 0.630 Thread 0x00000195cd433870  463       4       java.lang.Integer::rotateRight (9 bytes)
Event: 0.630 Thread 0x00000195cd434670 nmethod 461 0x00000195b88a1910 code [0x00000195b88a1ac0, 0x00000195b88a1c38]
Event: 0.630 Thread 0x00000195cd433870 nmethod 463 0x00000195c02e6b90 code [0x00000195c02e6d00, 0x00000195c02e6d70]

GC Heap History (0 events):
No events

Dll operation events (7 events):
Event: 0.013 Loaded shared library C:\Program Files\Java\jdk-21\bin\java.dll
Event: 0.077 Loaded shared library C:\Program Files\Java\jdk-21\bin\jsvml.dll
Event: 0.245 Loaded shared library C:\Program Files\Java\jdk-21\bin\jimage.dll
Event: 0.259 Loaded shared library C:\Program Files\Java\jdk-21\bin\net.dll
Event: 0.263 Loaded shared library C:\Program Files\Java\jdk-21\bin\nio.dll
Event: 0.276 Loaded shared library C:\Program Files\Java\jdk-21\bin\zip.dll
Event: 0.461 Loaded shared library C:\Program Files\Java\jdk-21\bin\awt.dll

Deoptimization events (8 events):
Event: 0.280 Thread 0x00000195aeba9910 DEOPT PACKING pc=0x00000195b881a855 sp=0x0000007967dfc850
Event: 0.280 Thread 0x00000195aeba9910 DEOPT UNPACKING pc=0x00000195bfd788e2 sp=0x0000007967dfbcc0 mode 0
Event: 0.388 Thread 0x00000195aeba9910 DEOPT PACKING pc=0x00000195b87faf78 sp=0x0000007967dfc7b0
Event: 0.389 Thread 0x00000195aeba9910 DEOPT UNPACKING pc=0x00000195bfd788e2 sp=0x0000007967dfbbd0 mode 0
Event: 0.535 Thread 0x00000195aeba9910 Uncommon trap: trap_request=0xffffff45 fr.pc=0x00000195c02d1e90 relative=0x0000000000000070
Event: 0.535 Thread 0x00000195aeba9910 Uncommon trap: reason=unstable_if action=reinterpret pc=0x00000195c02d1e90 method=java.io.WinNTFileSystem.isSlash(C)Z @ 9 c2
Event: 0.535 Thread 0x00000195aeba9910 DEOPT PACKING pc=0x00000195c02d1e90 sp=0x0000007967dfef10
Event: 0.535 Thread 0x00000195aeba9910 DEOPT UNPACKING pc=0x00000195bfd77da2 sp=0x0000007967dfee98 mode 2

Classes loaded (20 events):
Event: 0.615 Loading class java/nio/file/Files$AcceptAllFilter done
Event: 0.615 Loading class sun/nio/fs/WindowsDirectoryStream
Event: 0.615 Loading class java/nio/file/DirectoryStream
Event: 0.615 Loading class java/nio/file/DirectoryStream done
Event: 0.615 Loading class sun/nio/fs/WindowsDirectoryStream done
Event: 0.616 Loading class sun/nio/fs/WindowsDirectoryStream$WindowsDirectoryIterator
Event: 0.616 Loading class sun/nio/fs/WindowsDirectoryStream$WindowsDirectoryIterator done
Event: 0.617 Loading class sun/nio/fs/WindowsPath$WindowsPathWithAttributes
Event: 0.617 Loading class sun/nio/fs/BasicFileAttributesHolder
Event: 0.617 Loading class sun/nio/fs/BasicFileAttributesHolder done
Event: 0.617 Loading class sun/nio/fs/WindowsPath$WindowsPathWithAttributes done
Event: 0.628 Loading class sun/security/provider/AbstractDrbg$NonceProvider
Event: 0.628 Loading class sun/security/provider/AbstractDrbg$NonceProvider done
Event: 0.628 Loading class sun/security/provider/SHA2$SHA256
Event: 0.629 Loading class sun/security/provider/SHA2
Event: 0.629 Loading class sun/security/provider/SHA2 done
Event: 0.629 Loading class sun/security/provider/SHA2$SHA256 done
Event: 0.631 Loading class sun/nio/fs/WindowsPath$1
Event: 0.631 Loading class sun/nio/fs/WindowsPath$1 done
Event: 0.631 Loading class sun/nio/fs/WindowsSecurityDescriptor

Classes unloaded (0 events):
No events

Classes redefined (0 events):
No events

Internal exceptions (5 events):
Event: 0.432 Thread 0x00000195aeba9910 Exception <a 'java/lang/ClassNotFoundException'{0x000000008a80b248}: sun/awt/resources/spi/awtProvider> (0x000000008a80b248) 
thrown [s\open\src\hotspot\share\classfile\systemDictionary.cpp, line 312]
Event: 0.493 Thread 0x00000195aeba9910 Exception <a 'java/io/FileNotFoundException'{0x000000008a864780}> (0x000000008a864780) 
thrown [s\open\src\hotspot\share\prims\jni.cpp, line 520]
Event: 0.511 Thread 0x00000195aeba9910 Exception <a 'java/io/FileNotFoundException'{0x000000008a704a40}> (0x000000008a704a40) 
thrown [s\open\src\hotspot\share\prims\jni.cpp, line 520]
Event: 0.593 Thread 0x00000195aeba9910 Exception <a 'java/lang/NoSuchMethodError'{0x000000008a76bbd0}: 'java.lang.Object java.lang.invoke.DirectMethodHandle$Holder.invokeStaticInit(java.lang.Object, int, int, int, int)'> (0x000000008a76bbd0) 
thrown [s\open\src\hotspot\share\interpreter\linkResolver.cpp, line 773]
Event: 0.624 Thread 0x00000195aeba9910 Exception <a 'java/lang/NoSuchMethodError'{0x000000008a7a6c78}: 'java.lang.Object java.lang.invoke.DirectMethodHandle$Holder.invokeStaticInit(java.lang.Object, java.lang.Object, int, int, int, int)'> (0x000000008a7a6c78) 
thrown [s\open\src\hotspot\share\interpreter\linkResolver.cpp, line 773]

ZGC Phase Switch (0 events):
No events

VM Operations (6 events):
Event: 0.197 Executing VM operation: HandshakeAllThreads (Deoptimize)
Event: 0.197 Executing VM operation: HandshakeAllThreads (Deoptimize) done
Event: 0.277 Executing VM operation: HandshakeAllThreads (Deoptimize)
Event: 0.277 Executing VM operation: HandshakeAllThreads (Deoptimize) done
Event: 0.526 Executing VM operation: HandshakeAllThreads (Deoptimize)
Event: 0.526 Executing VM operation: HandshakeAllThreads (Deoptimize) done

Events (13 events):
Event: 0.038 Thread 0x00000195aeba9910 Thread added: 0x00000195aeba9910
Event: 0.068 Thread 0x00000195cd42a370 Thread added: 0x00000195cd42a370
Event: 0.068 Thread 0x00000195cd42b530 Thread added: 0x00000195cd42b530
Event: 0.069 Thread 0x00000195cd42d3f0 Thread added: 0x00000195cd42d3f0
Event: 0.069 Thread 0x00000195cd430050 Thread added: 0x00000195cd430050
Event: 0.069 Thread 0x00000195cd432080 Thread added: 0x00000195cd432080
Event: 0.070 Thread 0x00000195cd432ae0 Thread added: 0x00000195cd432ae0
Event: 0.070 Thread 0x00000195cd433870 Thread added: 0x00000195cd433870
Event: 0.070 Thread 0x00000195cd434670 Thread added: 0x00000195cd434670
Event: 0.167 Thread 0x00000195cd6c0210 Thread added: 0x00000195cd6c0210
Event: 0.176 Thread 0x00000195cd6c5070 Thread added: 0x00000195cd6c5070
Event: 0.300 Thread 0x00000195cd816d70 Thread added: 0x00000195cd816d70
Event: 0.570 Thread 0x00000195cd816d70 Thread exited: 0x00000195cd816d70


Dynamic libraries:
0x00007ff7adf70000 - 0x00007ff7adf80000 	C:\Program Files\Java\jdk-21\bin\java.exe
0x00007ffe72250000 - 0x00007ffe72466000 	C:\WINDOWS\SYSTEM32\ntdll.dll
0x00007ffe70910000 - 0x00007ffe709d4000 	C:\WINDOWS\System32\KERNEL32.DLL
0x00007ffe6f720000 - 0x00007ffe6fac6000 	C:\WINDOWS\System32\KERNELBASE.dll
0x00007ffe6fe80000 - 0x00007ffe6ff91000 	C:\WINDOWS\System32\ucrtbase.dll
0x00007ffe64f00000 - 0x00007ffe64f1b000 	C:\Program Files\Java\jdk-21\bin\VCRUNTIME140.dll
0x00007ffe64dc0000 - 0x00007ffe64dd9000 	C:\Program Files\Java\jdk-21\bin\jli.dll
0x00007ffe72150000 - 0x00007ffe72202000 	C:\WINDOWS\System32\ADVAPI32.dll
0x00007ffe70540000 - 0x00007ffe705e7000 	C:\WINDOWS\System32\msvcrt.dll
0x00007ffe70330000 - 0x00007ffe703d8000 	C:\WINDOWS\System32\sechost.dll
0x00007ffe6f6f0000 - 0x00007ffe6f718000 	C:\WINDOWS\System32\bcrypt.dll
0x00007ffe71e80000 - 0x00007ffe71f95000 	C:\WINDOWS\System32\RPCRT4.dll
0x00007ffe70650000 - 0x00007ffe707fd000 	C:\WINDOWS\System32\USER32.dll
0x00007ffe6f590000 - 0x00007ffe6f5b6000 	C:\WINDOWS\System32\win32u.dll
0x00007ffe5e1e0000 - 0x00007ffe5e473000 	C:\WINDOWS\WinSxS\amd64_microsoft.windows.common-controls_6595b64144ccf1df_6.0.22621.3235_none_270f74e173860f98\COMCTL32.dll
0x00007ffe71150000 - 0x00007ffe71179000 	C:\WINDOWS\System32\GDI32.dll
0x00007ffe6fd60000 - 0x00007ffe6fe78000 	C:\WINDOWS\System32\gdi32full.dll
0x00007ffe6fcc0000 - 0x00007ffe6fd5a000 	C:\WINDOWS\System32\msvcp_win.dll
0x00007ffe68430000 - 0x00007ffe6843a000 	C:\WINDOWS\SYSTEM32\VERSION.dll
0x00007ffe70800000 - 0x00007ffe70831000 	C:\WINDOWS\System32\IMM32.DLL
0x00007ffe69620000 - 0x00007ffe6962c000 	C:\Program Files\Java\jdk-21\bin\vcruntime140_1.dll
0x00007ffe4c8a0000 - 0x00007ffe4c92e000 	C:\Program Files\Java\jdk-21\bin\msvcp140.dll
0x00007ffe29dc0000 - 0x00007ffe2aad7000 	C:\Program Files\Java\jdk-21\bin\server\jvm.dll
0x00007ffe710d0000 - 0x00007ffe71141000 	C:\WINDOWS\System32\WS2_32.dll
0x00007ffe6f460000 - 0x00007ffe6f4ad000 	C:\WINDOWS\SYSTEM32\POWRPROF.dll
0x00007ffe69550000 - 0x00007ffe69584000 	C:\WINDOWS\SYSTEM32\WINMM.dll
0x00007ffe6f440000 - 0x00007ffe6f453000 	C:\WINDOWS\SYSTEM32\UMPDC.dll
0x00007ffe6e5d0000 - 0x00007ffe6e5e8000 	C:\WINDOWS\SYSTEM32\kernel.appcore.dll
0x00007ffe67d90000 - 0x00007ffe67d9a000 	C:\Program Files\Java\jdk-21\bin\jimage.dll
0x00007ffe6ce20000 - 0x00007ffe6d053000 	C:\WINDOWS\SYSTEM32\DBGHELP.DLL
0x00007ffe6ffa0000 - 0x00007ffe70328000 	C:\WINDOWS\System32\combase.dll
0x00007ffe71180000 - 0x00007ffe71257000 	C:\WINDOWS\System32\OLEAUT32.dll
0x00007ffe68a70000 - 0x00007ffe68aa2000 	C:\WINDOWS\SYSTEM32\dbgcore.DLL
0x00007ffe6fad0000 - 0x00007ffe6fb4a000 	C:\WINDOWS\System32\bcryptPrimitives.dll
0x00007ffe61780000 - 0x00007ffe6179f000 	C:\Program Files\Java\jdk-21\bin\java.dll
0x00007ffe71510000 - 0x00007ffe71d6d000 	C:\WINDOWS\System32\SHELL32.dll
0x00007ffe6d4f0000 - 0x00007ffe6dde8000 	C:\WINDOWS\SYSTEM32\windows.storage.dll
0x00007ffe6d3b0000 - 0x00007ffe6d4ee000 	C:\WINDOWS\SYSTEM32\wintypes.dll
0x00007ffe71fb0000 - 0x00007ffe720a3000 	C:\WINDOWS\System32\SHCORE.dll
0x00007ffe71e20000 - 0x00007ffe71e7e000 	C:\WINDOWS\System32\shlwapi.dll
0x00007ffe6f4c0000 - 0x00007ffe6f4e6000 	C:\WINDOWS\SYSTEM32\profapi.dll
0x00007ffe41800000 - 0x00007ffe418d7000 	C:\Program Files\Java\jdk-21\bin\jsvml.dll
0x00007ffe67a40000 - 0x00007ffe67a50000 	C:\Program Files\Java\jdk-21\bin\net.dll
0x00007ffe69c40000 - 0x00007ffe69d77000 	C:\WINDOWS\SYSTEM32\WINHTTP.dll
0x00007ffe6ea50000 - 0x00007ffe6eab9000 	C:\WINDOWS\system32\mswsock.dll
0x00007ffe5c740000 - 0x00007ffe5c756000 	C:\Program Files\Java\jdk-21\bin\nio.dll
0x00007ffe5bec0000 - 0x00007ffe5bed8000 	C:\Program Files\Java\jdk-21\bin\zip.dll
0x00007ffe35ce0000 - 0x00007ffe35e6f000 	C:\Program Files\Java\jdk-21\bin\awt.dll
0x00007ffe6c4c0000 - 0x00007ffe6c557000 	C:\WINDOWS\SYSTEM32\apphelp.dll
0x00007ffe6eca0000 - 0x00007ffe6ecbb000 	C:\WINDOWS\SYSTEM32\CRYPTSP.dll
0x00007ffe6e530000 - 0x00007ffe6e565000 	C:\WINDOWS\system32\rsaenh.dll
0x00007ffe6eb40000 - 0x00007ffe6eb6c000 	C:\WINDOWS\SYSTEM32\USERENV.dll
0x00007ffe6ecc0000 - 0x00007ffe6eccc000 	C:\WINDOWS\SYSTEM32\CRYPTBASE.dll
0x00007ffe6e090000 - 0x00007ffe6e0bd000 	C:\WINDOWS\SYSTEM32\IPHLPAPI.DLL
0x00007ffe70900000 - 0x00007ffe70909000 	C:\WINDOWS\System32\NSI.dll

dbghelp: loaded successfully - version: 4.0.5 - missing functions: none
symbol engine: initialized successfully - sym options: 0x614 - pdb path: .;C:\Program Files\Java\jdk-21\bin;C:\WINDOWS\SYSTEM32;C:\WINDOWS\WinSxS\amd64_microsoft.windows.common-controls_6595b64144ccf1df_6.0.22621.3235_none_270f74e173860f98;C:\Program Files\Java\jdk-21\bin\server

VM Arguments:
jvm_args: --enable-preview -XX:+ShowCodeDetailsInExceptionMessages 
java_command: GUI.LogIn
java_class_path (initial): C:\Users\Kiet\AppData\Roaming\Code\User\workspaceStorage\794778fa6a47f198356234ad77415c6f\redhat.java\jdt_ws\DoAnJavaSwing_7ea3e32e\bin;c:\Users\Kiet\Desktop\DoAnJavaSwing\lib\lib\poi-ooxml-lite-5.2.3.jar;c:\Users\Kiet\Desktop\DoAnJavaSwing\lib\activation.jar;c:\Users\Kiet\Desktop\DoAnJavaSwing\lib\flatlaf-fonts-roboto-2.137.jar;c:\Users\Kiet\Desktop\DoAnJavaSwing\lib\lib\slf4j-api-1.7.36.jar;c:\Users\Kiet\Desktop\DoAnJavaSwing\lib\poi-ooxml-3.17.jar;c:\Users\Kiet\Desktop\DoAnJavaSwing\lib\kotlin-runtime-1.2.71.jar;c:\Users\Kiet\Desktop\DoAnJavaSwing\lib\lib\poi-ooxml-full-5.2.3.jar;c:\Users\Kiet\Desktop\DoAnJavaSwing\lib\lib\SparseBitSet-1.2.jar;c:\Users\Kiet\Desktop\DoAnJavaSwing\lib\lib\xmlbeans-5.1.1.jar;c:\Users\Kiet\Desktop\DoAnJavaSwing\lib\lib\commons-io-2.11.0.jar;c:\Users\Kiet\Desktop\DoAnJavaSwing\lib\kotlin-stdlib-1.4.0.jar;c:\Users\Kiet\Desktop\DoAnJavaSwing\lib\kotlin-stdlib-common-1.4.0.jar;c:\Users\Kiet\Desktop\DoAnJavaSwing\lib\java-dotenv-5.2.2.jar;c:\Users\Kiet\Desktop\DoAnJavaSwing\lib\lib\commons-math3-3.6.1.jar;c:\Users\Kiet\Desktop\DoAnJavaSwing\lib\mssql-jdbc-9.4.0.jre11.jar;c:\Users\Kiet\Desktop\DoAnJavaSwing\lib\lib\poi-5.2.3.jar;c:\Users\Kiet\Desktop\DoAnJavaSwing\lib\lib\poi-ooxml-5.2.3.jar;c:\Users\Kiet\Desktop\DoAnJavaSwing\lib\mysql-connector.jar;c:\Users\Kiet\Desktop\DoAnJavaSwing\lib\slf4j-simple-1.7.25.jar;c:\Users\Kiet\Desktop\DoAnJavaSwing\lib\lib\poi-javadoc-5.2.3.jar;c:\Users\Kiet\Desktop\DoAnJavaSwing\lib\lib\jakarta.xml.bind-api-3.0.1.jar;c:\Users\Kiet\Desktop\DoAnJavaSwing\lib\kotlin-stdlib-1.5.31.jar;c:\Users\Kiet\Desktop\DoAnJavaSwing\lib\javax.activation-1.2.0.jar;c:\Users\Kiet\Desktop\DoAnJavaSwing\lib\lib\commons-logging-1.2.jar;c:\Users\Kiet\Desktop\DoAnJavaSwing\lib\javase-3.3.0.jar;c:\Users\Kiet\Desktop\DoAnJavaSwing\lib\lib\commons-collections4-4.4.jar;c:\Users\Kiet\Desktop\DoAnJavaSwing\lib\core-3.3.0.jar;c:\Users\Kiet\Desktop\DoAnJavaSwing\lib\lib\commons-codec-1.15.jar;c:\Users\Kiet\Desktop\DoAnJavaSwing\lib\lib\commons-compress-1.21.jar;c:\Users\Kiet\Desktop\DoAnJavaSwing\lib\swing-worker-1.1.jar;c:\Users\Kiet\Desktop\DoAnJavaSwing\lib\javax.mail.jar;c:\Users\Kiet\Desktop\DoAnJavaSwing\lib\java-dotenv-5.1.3.jar;c:\Users\Kiet\Desktop\DoAnJavaSwing\lib\lib\curvesapi-1.07.jar;c:\Users\Kiet\Desktop\DoAnJavaSwing\lib\slf4j-api-1.7.2.jar;c:\Users\Kiet\Desktop\DoAnJavaSwing\lib\com.sun.net.ssl.jar;c:\Users\Kiet\Desktop\DoAnJavaSwing\lib\jcalendar-1.4.jar;c:\Users\Kiet\Desktop\DoAnJavaSwing\lib\flatlaf-3.3.jar;c:\Users\Kiet\Desktop\DoAnJavaSwing\lib\lib\poi-excelant-5.2.3.jar;c:\Users\Kiet\Desktop\DoAnJavaSwing\lib\lib\log4j-api-2.18.0.jar;c:\Users\Kiet\Desktop\DoAnJavaSwing\lib\svgSalamander-1.1.4.jar;c:\Users\Kiet\Desktop\DoAnJavaSwing\lib\lib\poi-scratchpad-5.2.3.jar;c:\Users\Kiet\Desktop\DoAnJavaSwing\lib\zxing-core-2.0.jar;c:\Users\Kiet\Desktop\DoAnJavaSwing\lib\xmlbeans-2.3.0.jar;c:\Users\Kiet\Desktop\DoAnJavaSwing\lib\bridj-0.7.0.jar;c:\Users\Kiet\Desktop\DoAnJavaSwing\lib\mssql-jdbc-8.4.1.jre14.jar;c:\Users\Kiet\Desktop\DoAnJavaSwing\lib\xmlbeans-3.1.0.jar;c:\Users\Kiet\Desktop\DoAnJavaSwing\lib\itextpdf-5.5.12.jar;c:\Users\Kiet\Desktop\DoAnJavaSwing\lib\webcam-capture-0.3.12.jar;c:\Users\Kiet\Desktop\DoAnJavaSwing\lib\lib\jakarta.activation-2.0.1.jar;c:\Users\Kiet\Desktop\DoAnJavaSwing\lib\poi-3.17.jar;c:\Users\Kiet\Desktop\DoAnJavaSwing\lib\TimingFramework-0.55.jar;c:\Users\Kiet\Desktop\DoAnJavaSwing\lib\lib\poi-examples-5.2.3.jar;c:\Users\Kiet\Desktop\DoAnJavaSwing\lib\swingx-all-1.6.4.jar;c:\Users\Kiet\Desktop\DoAnJavaSwing\lib\log4j-core-2.20.0.jar;c:\Users\Kiet\Desktop\DoAnJavaSwing\lib\xmlbeans-xmlpublic-2.0-dev-2.jar;c:\Users\Kiet\Desktop\DoAnJavaSwing\lib\flatlaf-extras-3.1.jar;c:\Users\Kiet\Desktop\DoAnJavaSwing\lib\miglayout-4.0.jar;c:\Users\Kiet\Desktop\DoAnJavaSwing\lib\mysql-connector-java-8.0.30.jar;c:\Users\Kiet\Desktop\DoAnJavaSwing\lib\zxing-1.7-javase.jar;c:\Users\Kiet\Desktop\DoAnJavaSwing\lib\filters-2.0.235.jar;c:\Users\Kiet\Desktop\DoAnJavaSwing\lib\slf4j-api-1.7.25.jar;c:\Users\Kiet\Desktop\DoAnJavaSwing\lib\swingx-1.6.1.jar
Launcher Type: SUN_STANDARD

[Global flags]
     intx CICompilerCount                          = 4                                         {product} {ergonomic}
     uint ConcGCThreads                            = 2                                         {product} {ergonomic}
     uint G1ConcRefinementThreads                  = 8                                         {product} {ergonomic}
   size_t G1HeapRegionSize                         = 1048576                                   {product} {ergonomic}
    uintx GCDrainStackTargetSize                   = 64                                        {product} {ergonomic}
   size_t InitialHeapSize                          = 132120576                                 {product} {ergonomic}
   size_t MarkStackSize                            = 4194304                                   {product} {ergonomic}
   size_t MaxHeapSize                              = 2095054848                                {product} {ergonomic}
   size_t MaxNewSize                               = 1256194048                                {product} {ergonomic}
   size_t MinHeapDeltaBytes                        = 1048576                                   {product} {ergonomic}
   size_t MinHeapSize                              = 8388608                                   {product} {ergonomic}
    uintx NonNMethodCodeHeapSize                   = 5839372                                {pd product} {ergonomic}
    uintx NonProfiledCodeHeapSize                  = 122909434                              {pd product} {ergonomic}
    uintx ProfiledCodeHeapSize                     = 122909434                              {pd product} {ergonomic}
    uintx ReservedCodeCacheSize                    = 251658240                              {pd product} {ergonomic}
     bool SegmentedCodeCache                       = true                                      {product} {ergonomic}
     bool ShowCodeDetailsInExceptionMessages       = true                                   {manageable} {command line}
   size_t SoftMaxHeapSize                          = 2095054848                             {manageable} {ergonomic}
     bool UseCompressedOops                        = true                           {product lp64_product} {ergonomic}
     bool UseG1GC                                  = true                                      {product} {ergonomic}
     bool UseLargePagesIndividualAllocation        = false                                  {pd product} {ergonomic}

Logging:
Log output configuration:
 #0: stdout all=warning uptime,level,tags foldmultilines=false
 #1: stderr all=off uptime,level,tags foldmultilines=false

Environment Variables:
PATH=C:\Program Files\Common Files\Oracle\Java\javapath;C:\Program Files (x86)\Common Files\Oracle\Java\javapath;C:\WINDOWS\system32;C:\WINDOWS;C:\WINDOWS\System32\Wbem;C:\WINDOWS\System32\WindowsPowerShell\v1.0\;C:\WINDOWS\System32\OpenSSH\;C:\Program Files\dotnet\;C:\Program Files\Common Files\Oracle\Java\javapath;C:\Program Files\Java\jdk-11\bin;C:\Program Files (x86)\Microsoft SQL Server\160\Tools\Binn\;C:\Program Files\Microsoft SQL Server\160\Tools\Binn\;C:\Program Files\Microsoft SQL Server\Client SDK\ODBC\170\Tools\Binn\;C:\Program Files\Microsoft SQL Server\160\DTS\Binn\;C:\Program Files (x86)\Microsoft SQL Server\160\DTS\Binn\;C:\Program Files\Azure Data Studio\bin;C:\Program Files\apache-maven-3.9.6\bin;C:\Program Files\Git\cmd;C:\Program Files\nodejs\;C:\Users\Kiet\AppData\Local\Microsoft\WindowsApps;C:\Users\Kiet\AppData\Local\Programs\Microsoft VS Code\bin;C:\Users\Kiet\AppData\Local\GitHubDesktop\bin;C:\Users\Kiet\.dotnet\tools;C:\Program Files\Azure Data Studio\bin;C:\Users\Kiet\AppData\Roaming\npm
USERNAME=Kiet
LANG=en_US.UTF-8
OS=Windows_NT
PROCESSOR_IDENTIFIER=Intel64 Family 6 Model 126 Stepping 5, GenuineIntel
TMP=C:\Users\Kiet\AppData\Local\Temp
TEMP=C:\Users\Kiet\AppData\Local\Temp




Periodic native trim disabled

---------------  S Y S T E M  ---------------

OS:
 Windows 11 , 64 bit Build 22621 (10.0.22621.3235)
OS uptime: 4 days 5:34 hours

CPU: total 8 (initial active 8) (4 cores per cpu, 2 threads per core) family 6 model 126 stepping 5 microcode 0xa6, cx8, cmov, fxsr, ht, mmx, 3dnowpref, sse, sse2, sse3, ssse3, sse4.1, sse4.2, popcnt, lzcnt, tsc, tscinvbit, avx, avx2, aes, erms, clmul, bmi1, bmi2, adx, avx512f, avx512dq, avx512cd, avx512bw, avx512vl, sha, fma, vzeroupper, avx512_vpopcntdq, avx512_vpclmulqdq, avx512_vaes, avx512_vnni, clflush, clflushopt, avx512_vbmi2, avx512_vbmi, rdtscp, rdpid, fsrm, gfni, avx512_bitalg, f16c, pku, avx512_ifma
Processor Information for all 8 processors :
  Max Mhz: 1190, Current Mhz: 991, Mhz Limit: 987

Memory: 4k page, system-wide physical 7987M (903M free)
TotalPageFile size 10035M (AvailPageFile size 13M)
current process WorkingSet (physical memory assigned to process): 54M, peak: 54M
current process commit charge ("private bytes"): 214M, peak: 214M

vm_info: Java HotSpot(TM) 64-Bit Server VM (21.0.2+13-LTS-58) for windows-amd64 JRE (21.0.2+13-LTS-58), built on 2024-01-05T18:32:24Z by "mach5one" with MS VC++ 17.1 (VS2022)

END.
