#
# There is insufficient memory for the Java Runtime Environment to continue.
# Native memory allocation (malloc) failed to allocate 32784 bytes for Chunk::new
# Possible reasons:
#   The system is out of physical RAM or swap space
#   The process is running with CompressedOops enabled, and the Java Heap may be blocking the growth of the native heap
# Possible solutions:
#   Reduce memory load on the system
#   Increase physical memory or swap space
#   Check if swap backing store is full
#   Decrease Java heap size (-Xmx/-Xms)
#   Decrease number of Java threads
#   Decrease Java thread stack sizes (-Xss)
#   Set larger code cache with -XX:ReservedCodeCacheSize=
#   JVM is running with Unscaled Compressed Oops mode in which the Java heap is
#     placed in the first 4GB address space. The Java Heap base address is the
#     maximum limit for the native heap growth. Please use -XX:HeapBaseMinAddress
#     to set the Java Heap base and to place the Java Heap above 4GB virtual address.
# This output file may be truncated or incomplete.
#
#  Out of Memory Error (arena.cpp:191), pid=3284, tid=8340
#
# JRE version: OpenJDK Runtime Environment Temurin-17.0.10+7 (17.0.10+7) (build 17.0.10+7)
# Java VM: OpenJDK 64-Bit Server VM Temurin-17.0.10+7 (17.0.10+7, mixed mode, tiered, compressed oops, compressed class ptrs, parallel gc, windows-amd64)
# No core dump will be written. Minidumps are not enabled by default on client versions of Windows
#

---------------  S U M M A R Y ------------

Command Line: --add-modules=ALL-SYSTEM --add-opens=java.base/java.util=ALL-UNNAMED --add-opens=java.base/java.lang=ALL-UNNAMED --add-opens=java.base/sun.nio.fs=ALL-UNNAMED -Declipse.application=org.eclipse.jdt.ls.core.id1 -Dosgi.bundles.defaultStartLevel=4 -Declipse.product=org.eclipse.jdt.ls.core.product -Djava.import.generatesMetadataFilesAtProjectRoot=false -DDetectVMInstallationsJob.disabled=true -Dfile.encoding=utf8 -XX:+UseParallelGC -XX:GCTimeRatio=4 -XX:AdaptiveSizePolicyWeight=90 -Dsun.zip.disableMemoryMapping=true -Xmx1G -Xms100m -Xlog:disable -javaagent:c:\Users\Kiet\.vscode\extensions\redhat.java-1.30.0-win32-x64\lombok\lombok-1.18.32.jar c:\Users\Kiet\.vscode\extensions\redhat.java-1.30.0-win32-x64\server\plugins\org.eclipse.equinox.launcher_1.6.800.v20240330-1250.jar -configuration c:\Users\Kiet\AppData\Roaming\Code\User\globalStorage\redhat.java\1.30.0\config_ss_win -data c:\Users\Kiet\AppData\Roaming\Code\User\workspaceStorage\9f0ec90a7e62ad64397c1cc3a6503a33\redhat.java\ss_ws --pipe=\\.\pipe\lsp-626914fa85b4609472f0a2544bbc27cf-sock

Host: Intel(R) Core(TM) i5-1035G1 CPU @ 1.00GHz, 8 cores, 7G,  Windows 11 , 64 bit Build 22621 (10.0.22621.3374)
Time: Sat Apr 27 16:02:43 2024 SE Asia Standard Time elapsed time: 0.862565 seconds (0d 0h 0m 0s)

---------------  T H R E A D  ---------------

Current thread (0x0000017324a191b0):  JavaThread "C2 CompilerThread0" daemon [_thread_in_native, id=8340, stack(0x0000001031900000,0x0000001031a00000)]


Current CompileTask:
C2:    862  503       4       lombok.patcher.scripts.MethodLevelPatchScript::patch (21 bytes)

Stack: [0x0000001031900000,0x0000001031a00000]
Native frames: (J=compiled Java code, j=interpreted, Vv=VM code, C=native code)
V  [jvm.dll+0x67d2c9]
V  [jvm.dll+0x834afa]
V  [jvm.dll+0x8365be]
V  [jvm.dll+0x836c23]
V  [jvm.dll+0x2477ff]
V  [jvm.dll+0xac514]
V  [jvm.dll+0xacb5c]
V  [jvm.dll+0xac61b]
V  [jvm.dll+0x65ab1c]
V  [jvm.dll+0x5911fb]
V  [jvm.dll+0x57aa89]
V  [jvm.dll+0x57e0b7]
V  [jvm.dll+0x57d80d]
V  [jvm.dll+0x57d879]
V  [jvm.dll+0x585444]
V  [jvm.dll+0x2228a2]
V  [jvm.dll+0x222c8f]
V  [jvm.dll+0x21bdb6]
V  [jvm.dll+0x219201]
V  [jvm.dll+0x1a502d]
V  [jvm.dll+0x2290de]
V  [jvm.dll+0x2272ac]
V  [jvm.dll+0x7e9bb7]
V  [jvm.dll+0x7e3fba]
V  [jvm.dll+0x67c1b5]
C  [ucrtbase.dll+0x29333]
C  [KERNEL32.DLL+0x1257d]
C  [ntdll.dll+0x5aa48]


---------------  P R O C E S S  ---------------

Threads class SMR info:
_java_thread_list=0x0000017324d3a120, length=13, elements={
0x00000173098bf670, 0x000001731f69dde0, 0x000001731f69e8b0, 0x00000173249ef2e0,
0x0000017324a0cf80, 0x0000017324a0e2e0, 0x0000017324a11300, 0x0000017324a191b0,
0x0000017324a1af70, 0x0000017324a23570, 0x0000017324b0e380, 0x0000017324b8d050,
0x0000017324d9ea50
}

Java Threads: ( => current thread )
  0x00000173098bf670 JavaThread "main" [_thread_in_vm, id=7924, stack(0x0000001031000000,0x0000001031100000)]
  0x000001731f69dde0 JavaThread "Reference Handler" daemon [_thread_blocked, id=15832, stack(0x0000001031300000,0x0000001031400000)]
  0x000001731f69e8b0 JavaThread "Finalizer" daemon [_thread_blocked, id=10904, stack(0x0000001031400000,0x0000001031500000)]
  0x00000173249ef2e0 JavaThread "Signal Dispatcher" daemon [_thread_blocked, id=19948, stack(0x0000001031500000,0x0000001031600000)]
  0x0000017324a0cf80 JavaThread "Attach Listener" daemon [_thread_blocked, id=2136, stack(0x0000001031600000,0x0000001031700000)]
  0x0000017324a0e2e0 JavaThread "Service Thread" daemon [_thread_blocked, id=2816, stack(0x0000001031700000,0x0000001031800000)]
  0x0000017324a11300 JavaThread "Monitor Deflation Thread" daemon [_thread_blocked, id=5920, stack(0x0000001031800000,0x0000001031900000)]
=>0x0000017324a191b0 JavaThread "C2 CompilerThread0" daemon [_thread_in_native, id=8340, stack(0x0000001031900000,0x0000001031a00000)]
  0x0000017324a1af70 JavaThread "C1 CompilerThread0" daemon [_thread_blocked, id=17780, stack(0x0000001031a00000,0x0000001031b00000)]
  0x0000017324a23570 JavaThread "Sweeper thread" daemon [_thread_blocked, id=7376, stack(0x0000001031b00000,0x0000001031c00000)]
  0x0000017324b0e380 JavaThread "Common-Cleaner" daemon [_thread_blocked, id=10920, stack(0x0000001031c00000,0x0000001031d00000)]
  0x0000017324b8d050 JavaThread "C2 CompilerThread1" daemon [_thread_in_native, id=18496, stack(0x0000001031d00000,0x0000001031e00000)]
  0x0000017324d9ea50 JavaThread "Notification Thread" daemon [_thread_blocked, id=15372, stack(0x0000001031e00000,0x0000001031f00000)]

Other Threads:
  0x000001730996e830 VMThread "VM Thread" [stack: 0x0000001031200000,0x0000001031300000] [id=3596]
  0x0000017324d34000 WatcherThread [stack: 0x0000001031f00000,0x0000001032000000] [id=5008]
  0x00000173098d3760 GCTaskThread "GC Thread#0" [stack: 0x0000001031100000,0x0000001031200000] [id=7024]

Threads with active compile tasks:
C2 CompilerThread0      891  503       4       lombok.patcher.scripts.MethodLevelPatchScript::patch (21 bytes)
C2 CompilerThread1      891  528       4       lombok.patcher.PatchScript::classMatches (41 bytes)

VM state: not at safepoint (normal execution)

VM Mutex/Monitor currently owned by a thread: None

Heap address: 0x00000000c0000000, size: 1024 MB, Compressed Oops mode: 32-bit

CDS archive(s) not mapped
Compressed class space mapped at: 0x0000000100000000-0x0000000140000000, reserved size: 1073741824
Narrow klass base: 0x0000000000000000, Narrow klass shift: 3, Narrow klass range: 0x140000000

GC Precious Log:
 CPUs: 8 total, 8 available
 Memory: 7987M
 Large Page Support: Disabled
 NUMA Support: Disabled
 Compressed Oops: Enabled (32-bit)
 Alignments: Space 512K, Generation 512K, Heap 2M
 Heap Min Capacity: 100M
 Heap Initial Capacity: 100M
 Heap Max Capacity: 1G
 Pre-touch: Disabled
 Parallel Workers: 8

Heap:
 PSYoungGen      total 29696K, used 11883K [0x00000000eab00000, 0x00000000ecc00000, 0x0000000100000000)
  eden space 25600K, 46% used [0x00000000eab00000,0x00000000eb69af70,0x00000000ec400000)
  from space 4096K, 0% used [0x00000000ec800000,0x00000000ec800000,0x00000000ecc00000)
  to   space 4096K, 0% used [0x00000000ec400000,0x00000000ec400000,0x00000000ec800000)
 ParOldGen       total 68608K, used 0K [0x00000000c0000000, 0x00000000c4300000, 0x00000000eab00000)
  object space 68608K, 0% used [0x00000000c0000000,0x00000000c0000000,0x00000000c4300000)
 Metaspace       used 8189K, committed 8256K, reserved 1114112K
  class space    used 796K, committed 832K, reserved 1048576K

Card table byte_map: [0x000001731cf10000,0x000001731d120000] _byte_map_base: 0x000001731c910000

Marking Bits: (ParMarkBitMap*) 0x00007ff82ad8d7d0
 Begin Bits: [0x000001731d280000, 0x000001731e280000)
 End Bits:   [0x000001731e280000, 0x000001731f280000)

Polling page: 0x000001730dd00000

Metaspace:

Usage:
  Non-class:      7.22 MB used.
      Class:    796.20 KB used.
       Both:      8.00 MB used.

Virtual space:
  Non-class space:       64.00 MB reserved,       7.25 MB ( 11%) committed,  1 nodes.
      Class space:        1.00 GB reserved,     832.00 KB ( <1%) committed,  1 nodes.
             Both:        1.06 GB reserved,       8.06 MB ( <1%) committed. 

Chunk freelists:
   Non-Class:  8.00 MB
       Class:  15.21 MB
        Both:  23.21 MB

MaxMetaspaceSize: unlimited
CompressedClassSpaceSize: 1.00 GB
Initial GC threshold: 21.00 MB
Current GC threshold: 21.00 MB
CDS: off
MetaspaceReclaimPolicy: balanced
 - commit_granule_bytes: 65536.
 - commit_granule_words: 8192.
 - virtual_space_node_default_size: 8388608.
 - enlarge_chunks_in_place: 1.
 - new_chunks_are_fully_committed: 0.
 - uncommit_free_chunks: 1.
 - use_allocation_guard: 0.
 - handle_deallocations: 1.


Internal statistics:

num_allocs_failed_limit: 0.
num_arena_births: 10.
num_arena_deaths: 0.
num_vsnodes_births: 2.
num_vsnodes_deaths: 0.
num_space_committed: 129.
num_space_uncommitted: 0.
num_chunks_returned_to_freelist: 0.
num_chunks_taken_from_freelist: 40.
num_chunk_merges: 0.
num_chunk_splits: 23.
num_chunks_enlarged: 22.
num_inconsistent_stats: 0.

CodeHeap 'non-profiled nmethods': size=120000Kb used=186Kb max_used=186Kb free=119813Kb
 bounds [0x00000173157f0000, 0x0000017315a60000, 0x000001731cd20000]
CodeHeap 'profiled nmethods': size=120000Kb used=748Kb max_used=748Kb free=119251Kb
 bounds [0x000001730dd20000, 0x000001730df90000, 0x0000017315250000]
CodeHeap 'non-nmethods': size=5760Kb used=1136Kb max_used=1159Kb free=4623Kb
 bounds [0x0000017315250000, 0x00000173154c0000, 0x00000173157f0000]
 total_blobs=944 nmethods=530 adapters=329
 compilation: enabled
              stopped_count=0, restarted_count=0
 full_count=0

Compilation events (20 events):
Event: 0.831 Thread 0x0000017324b8d050  508       4       java.lang.StringLatin1::newString (24 bytes)
Event: 0.831 Thread 0x0000017324a1af70  509       3       java.math.BigInteger::destructiveMulAdd (150 bytes)
Event: 0.832 Thread 0x0000017324a1af70 nmethod 509 0x000001730ddd0e10 code [0x000001730ddd0fc0, 0x000001730ddd1318]
Event: 0.832 Thread 0x0000017324a1af70  510       3       java.util.concurrent.ConcurrentHashMap$Node::<init> (14 bytes)
Event: 0.833 Thread 0x0000017324a1af70 nmethod 510 0x000001730ddd1510 code [0x000001730ddd16c0, 0x000001730ddd18d8]
Event: 0.837 Thread 0x0000017324b8d050 nmethod 508 0x000001731581bf10 code [0x000001731581c0a0, 0x000001731581c4f8]
Event: 0.837 Thread 0x0000017324b8d050  511       4       java.lang.CharacterData::of (136 bytes)
Event: 0.838 Thread 0x0000017324b8d050 nmethod 511 0x000001731581c690 code [0x000001731581c800, 0x000001731581c878]
Event: 0.838 Thread 0x0000017324b8d050  512       4       java.lang.CharacterDataLatin1::digit (32 bytes)
Event: 0.839 Thread 0x0000017324b8d050 nmethod 512 0x000001731581c990 code [0x000001731581cb20, 0x000001731581cc18]
Event: 0.849 Thread 0x0000017324a1af70  513       3       java.io.ByteArrayOutputStream::ensureCapacity (32 bytes)
Event: 0.850 Thread 0x0000017324a1af70 nmethod 513 0x000001730ddd1a10 code [0x000001730ddd1be0, 0x000001730ddd1f58]
Event: 0.850 Thread 0x0000017324b8d050  514       4       java.lang.StringLatin1::lastIndexOf (40 bytes)
Event: 0.854 Thread 0x0000017324a1af70  515       3       java.math.BigInteger::<init> (404 bytes)
Event: 0.855 Thread 0x0000017324b8d050 nmethod 514 0x000001731581cd10 code [0x000001731581ce80, 0x000001731581cff8]
Event: 0.855 Thread 0x0000017324b8d050  517       4       java.math.BigInteger::destructiveMulAdd (150 bytes)
Event: 0.859 Thread 0x0000017324a1af70 nmethod 515 0x000001730ddd2110 code [0x000001730ddd25c0, 0x000001730ddd46e8]
Event: 0.859 Thread 0x0000017324a1af70  516       3       java.math.BigInteger::getInt (63 bytes)
Event: 0.860 Thread 0x0000017324a1af70 nmethod 516 0x000001730ddd5590 code [0x000001730ddd5760, 0x000001730ddd5b68]
Event: 0.860 Thread 0x0000017324a1af70  521       1       java.math.BigInteger::signum (5 bytes)

GC Heap History (0 events):
No events

Dll operation events (8 events):
Event: 0.009 Loaded shared library c:\Users\Kiet\.vscode\extensions\redhat.java-1.30.0-win32-x64\jre\17.0.10-win32-x86_64\bin\java.dll
Event: 0.257 Loaded shared library c:\Users\Kiet\.vscode\extensions\redhat.java-1.30.0-win32-x64\jre\17.0.10-win32-x86_64\bin\zip.dll
Event: 0.264 Loaded shared library C:\Users\Kiet\.vscode\extensions\redhat.java-1.30.0-win32-x64\jre\17.0.10-win32-x86_64\bin\instrument.dll
Event: 0.292 Loaded shared library C:\Users\Kiet\.vscode\extensions\redhat.java-1.30.0-win32-x64\jre\17.0.10-win32-x86_64\bin\net.dll
Event: 0.295 Loaded shared library C:\Users\Kiet\.vscode\extensions\redhat.java-1.30.0-win32-x64\jre\17.0.10-win32-x86_64\bin\nio.dll
Event: 0.306 Loaded shared library C:\Users\Kiet\.vscode\extensions\redhat.java-1.30.0-win32-x64\jre\17.0.10-win32-x86_64\bin\zip.dll
Event: 0.336 Loaded shared library C:\Users\Kiet\.vscode\extensions\redhat.java-1.30.0-win32-x64\jre\17.0.10-win32-x86_64\bin\jimage.dll
Event: 0.471 Loaded shared library c:\Users\Kiet\.vscode\extensions\redhat.java-1.30.0-win32-x64\jre\17.0.10-win32-x86_64\bin\verify.dll

Deoptimization events (20 events):
Event: 0.763 Thread 0x00000173098bf670 Uncommon trap: trap_request=0xffffffde fr.pc=0x000001731581672c relative=0x000000000000010c
Event: 0.763 Thread 0x00000173098bf670 Uncommon trap: reason=class_check action=maybe_recompile pc=0x000001731581672c method=jdk.internal.misc.Unsafe.allocateUninitializedArray(Ljava/lang/Class;I)Ljava/lang/Object; @ 51 c2
Event: 0.763 Thread 0x00000173098bf670 DEOPT PACKING pc=0x000001731581672c sp=0x00000010310fbcc0
Event: 0.763 Thread 0x00000173098bf670 DEOPT UNPACKING pc=0x00000173152a9ea3 sp=0x00000010310fbc48 mode 2
Event: 0.763 Thread 0x00000173098bf670 Uncommon trap: trap_request=0xffffffde fr.pc=0x000001731581672c relative=0x000000000000010c
Event: 0.763 Thread 0x00000173098bf670 Uncommon trap: reason=class_check action=maybe_recompile pc=0x000001731581672c method=jdk.internal.misc.Unsafe.allocateUninitializedArray(Ljava/lang/Class;I)Ljava/lang/Object; @ 51 c2
Event: 0.763 Thread 0x00000173098bf670 DEOPT PACKING pc=0x000001731581672c sp=0x00000010310fbcc0
Event: 0.763 Thread 0x00000173098bf670 DEOPT UNPACKING pc=0x00000173152a9ea3 sp=0x00000010310fbc48 mode 2
Event: 0.763 Thread 0x00000173098bf670 Uncommon trap: trap_request=0xffffffde fr.pc=0x000001731581672c relative=0x000000000000010c
Event: 0.763 Thread 0x00000173098bf670 Uncommon trap: reason=class_check action=maybe_recompile pc=0x000001731581672c method=jdk.internal.misc.Unsafe.allocateUninitializedArray(Ljava/lang/Class;I)Ljava/lang/Object; @ 51 c2
Event: 0.763 Thread 0x00000173098bf670 DEOPT PACKING pc=0x000001731581672c sp=0x00000010310fbd00
Event: 0.763 Thread 0x00000173098bf670 DEOPT UNPACKING pc=0x00000173152a9ea3 sp=0x00000010310fbc88 mode 2
Event: 0.802 Thread 0x00000173098bf670 Uncommon trap: trap_request=0xffffff45 fr.pc=0x00000173158064c0 relative=0x00000000000000c0
Event: 0.802 Thread 0x00000173098bf670 Uncommon trap: reason=unstable_if action=reinterpret pc=0x00000173158064c0 method=java.net.URI.match(CJJ)Z @ 45 c2
Event: 0.802 Thread 0x00000173098bf670 DEOPT PACKING pc=0x00000173158064c0 sp=0x00000010310fc790
Event: 0.802 Thread 0x00000173098bf670 DEOPT UNPACKING pc=0x00000173152a9ea3 sp=0x00000010310fc718 mode 2
Event: 0.820 Thread 0x00000173098bf670 Uncommon trap: trap_request=0xffffff45 fr.pc=0x00000173158198fc relative=0x000000000000061c
Event: 0.820 Thread 0x00000173098bf670 Uncommon trap: reason=unstable_if action=reinterpret pc=0x00000173158198fc method=java.lang.String.replace(Ljava/lang/CharSequence;Ljava/lang/CharSequence;)Ljava/lang/String; @ 48 c2
Event: 0.820 Thread 0x00000173098bf670 DEOPT PACKING pc=0x00000173158198fc sp=0x00000010310fc700
Event: 0.820 Thread 0x00000173098bf670 DEOPT UNPACKING pc=0x00000173152a9ea3 sp=0x00000010310fc680 mode 2

Classes unloaded (0 events):
No events

Classes redefined (0 events):
No events

Internal exceptions (2 events):
Event: 0.220 Thread 0x00000173098bf670 Exception <a 'java/lang/NoSuchMethodError'{0x00000000eacb4fc8}: 'void java.lang.invoke.DirectMethodHandle$Holder.invokeStatic(java.lang.Object, java.lang.Object, java.lang.Object)'> (0x00000000eacb4fc8) 
thrown [s\src\hotspot\share\interpreter\linkResolver.cpp, line 759]
Event: 0.515 Thread 0x00000173098bf670 Exception <a 'java/lang/reflect/InvocationTargetException'{0x00000000eafe5d80}> (0x00000000eafe5d80) 
thrown [s\src\hotspot\share\runtime\reflection.cpp, line 1121]

VM Operations (4 events):
Event: 0.228 Executing VM operation: HandshakeAllThreads
Event: 0.228 Executing VM operation: HandshakeAllThreads done
Event: 0.379 Executing VM operation: HandshakeAllThreads
Event: 0.379 Executing VM operation: HandshakeAllThreads done

Events (20 events):
Event: 0.820 loading class sun/security/util/DisabledAlgorithmConstraints$Constraints done
Event: 0.820 loading class sun/security/util/CurveDB
Event: 0.822 loading class sun/security/util/CurveDB done
Event: 0.822 loading class java/security/spec/ECFieldFp
Event: 0.823 loading class java/security/spec/ECField
Event: 0.823 loading class java/security/spec/ECField done
Event: 0.823 loading class java/security/spec/ECFieldFp done
Event: 0.823 loading class java/security/spec/EllipticCurve
Event: 0.824 loading class java/security/spec/EllipticCurve done
Event: 0.824 loading class java/security/spec/ECPoint
Event: 0.824 loading class java/security/spec/ECPoint done
Event: 0.825 loading class sun/security/util/NamedCurve
Event: 0.829 loading class java/security/spec/ECParameterSpec
Event: 0.830 loading class java/security/spec/ECParameterSpec done
Event: 0.830 loading class sun/security/util/NamedCurve done
Event: 0.849 loading class java/security/spec/ECFieldF2m
Event: 0.850 loading class java/security/spec/ECFieldF2m done
Event: 0.859 loading class java/util/LinkedHashMap$LinkedValues
Event: 0.859 loading class java/util/LinkedHashMap$LinkedValues done
Event: 0.860 loading class java/util/StringTokenizer


Dynamic libraries:
0x00007ff758020000 - 0x00007ff75802e000 	c:\Users\Kiet\.vscode\extensions\redhat.java-1.30.0-win32-x64\jre\17.0.10-win32-x86_64\bin\java.exe
0x00007ff870050000 - 0x00007ff870266000 	C:\WINDOWS\SYSTEM32\ntdll.dll
0x00007ff86e4a0000 - 0x00007ff86e564000 	C:\WINDOWS\System32\KERNEL32.DLL
0x00007ff86d630000 - 0x00007ff86d9d7000 	C:\WINDOWS\System32\KERNELBASE.dll
0x00007ff86db40000 - 0x00007ff86dc51000 	C:\WINDOWS\System32\ucrtbase.dll
0x00007ff853ee0000 - 0x00007ff853ef7000 	c:\Users\Kiet\.vscode\extensions\redhat.java-1.30.0-win32-x64\jre\17.0.10-win32-x86_64\bin\jli.dll
0x00007ff84bf80000 - 0x00007ff84bf9b000 	c:\Users\Kiet\.vscode\extensions\redhat.java-1.30.0-win32-x64\jre\17.0.10-win32-x86_64\bin\VCRUNTIME140.dll
0x00007ff86e570000 - 0x00007ff86e71e000 	C:\WINDOWS\System32\USER32.dll
0x00007ff86db10000 - 0x00007ff86db36000 	C:\WINDOWS\System32\win32u.dll
0x00007ff854010000 - 0x00007ff8542a3000 	C:\WINDOWS\WinSxS\amd64_microsoft.windows.common-controls_6595b64144ccf1df_6.0.22621.3235_none_270f74e173860f98\COMCTL32.dll
0x00007ff86fe20000 - 0x00007ff86fe49000 	C:\WINDOWS\System32\GDI32.dll
0x00007ff86f840000 - 0x00007ff86f8e7000 	C:\WINDOWS\System32\msvcrt.dll
0x00007ff86dc60000 - 0x00007ff86dd79000 	C:\WINDOWS\System32\gdi32full.dll
0x00007ff86d590000 - 0x00007ff86d62a000 	C:\WINDOWS\System32\msvcp_win.dll
0x00007ff86dd80000 - 0x00007ff86ddb1000 	C:\WINDOWS\System32\IMM32.DLL
0x00007ff867310000 - 0x00007ff86731c000 	c:\Users\Kiet\.vscode\extensions\redhat.java-1.30.0-win32-x64\jre\17.0.10-win32-x86_64\bin\vcruntime140_1.dll
0x00007ff830500000 - 0x00007ff83058d000 	c:\Users\Kiet\.vscode\extensions\redhat.java-1.30.0-win32-x64\jre\17.0.10-win32-x86_64\bin\msvcp140.dll
0x00007ff82a1f0000 - 0x00007ff82ae52000 	c:\Users\Kiet\.vscode\extensions\redhat.java-1.30.0-win32-x64\jre\17.0.10-win32-x86_64\bin\server\jvm.dll
0x00007ff86e280000 - 0x00007ff86e332000 	C:\WINDOWS\System32\ADVAPI32.dll
0x00007ff86de30000 - 0x00007ff86ded8000 	C:\WINDOWS\System32\sechost.dll
0x00007ff86d560000 - 0x00007ff86d588000 	C:\WINDOWS\System32\bcrypt.dll
0x00007ff86fd00000 - 0x00007ff86fe15000 	C:\WINDOWS\System32\RPCRT4.dll
0x00007ff85d2d0000 - 0x00007ff85d2d9000 	C:\WINDOWS\SYSTEM32\WSOCK32.dll
0x00007ff86d240000 - 0x00007ff86d28d000 	C:\WINDOWS\SYSTEM32\POWRPROF.dll
0x00007ff86f230000 - 0x00007ff86f2a1000 	C:\WINDOWS\System32\WS2_32.dll
0x00007ff864560000 - 0x00007ff86456a000 	C:\WINDOWS\SYSTEM32\VERSION.dll
0x00007ff865df0000 - 0x00007ff865e24000 	C:\WINDOWS\SYSTEM32\WINMM.dll
0x00007ff86d220000 - 0x00007ff86d233000 	C:\WINDOWS\SYSTEM32\UMPDC.dll
0x00007ff86c3b0000 - 0x00007ff86c3c8000 	C:\WINDOWS\SYSTEM32\kernel.appcore.dll
0x00007ff85c640000 - 0x00007ff85c64a000 	c:\Users\Kiet\.vscode\extensions\redhat.java-1.30.0-win32-x64\jre\17.0.10-win32-x86_64\bin\jimage.dll
0x00007ff86aac0000 - 0x00007ff86acf3000 	C:\WINDOWS\SYSTEM32\DBGHELP.DLL
0x00007ff86dee0000 - 0x00007ff86e268000 	C:\WINDOWS\System32\combase.dll
0x00007ff86fad0000 - 0x00007ff86fba7000 	C:\WINDOWS\System32\OLEAUT32.dll
0x00007ff85b9d0000 - 0x00007ff85ba02000 	C:\WINDOWS\SYSTEM32\dbgcore.DLL
0x00007ff86d370000 - 0x00007ff86d3e9000 	C:\WINDOWS\System32\bcryptPrimitives.dll
0x00007ff85c490000 - 0x00007ff85c49e000 	c:\Users\Kiet\.vscode\extensions\redhat.java-1.30.0-win32-x64\jre\17.0.10-win32-x86_64\bin\instrument.dll
0x00007ff83ddd0000 - 0x00007ff83ddf5000 	c:\Users\Kiet\.vscode\extensions\redhat.java-1.30.0-win32-x64\jre\17.0.10-win32-x86_64\bin\java.dll
0x00007ff84bd70000 - 0x00007ff84bd88000 	c:\Users\Kiet\.vscode\extensions\redhat.java-1.30.0-win32-x64\jre\17.0.10-win32-x86_64\bin\zip.dll
0x00007ff86e9d0000 - 0x00007ff86f22c000 	C:\WINDOWS\System32\SHELL32.dll
0x00007ff86b2d0000 - 0x00007ff86bbc9000 	C:\WINDOWS\SYSTEM32\windows.storage.dll
0x00007ff86b190000 - 0x00007ff86b2ce000 	C:\WINDOWS\SYSTEM32\wintypes.dll
0x00007ff86f8f0000 - 0x00007ff86f9e3000 	C:\WINDOWS\System32\SHCORE.dll
0x00007ff86fca0000 - 0x00007ff86fcfe000 	C:\WINDOWS\System32\shlwapi.dll
0x00007ff86d2a0000 - 0x00007ff86d2c1000 	C:\WINDOWS\SYSTEM32\profapi.dll
0x00007ff859700000 - 0x00007ff859719000 	C:\Users\Kiet\.vscode\extensions\redhat.java-1.30.0-win32-x64\jre\17.0.10-win32-x86_64\bin\net.dll
0x00007ff8675f0000 - 0x00007ff867726000 	C:\WINDOWS\SYSTEM32\WINHTTP.dll
0x00007ff86c820000 - 0x00007ff86c889000 	C:\WINDOWS\system32\mswsock.dll
0x00007ff84bb60000 - 0x00007ff84bb76000 	C:\Users\Kiet\.vscode\extensions\redhat.java-1.30.0-win32-x64\jre\17.0.10-win32-x86_64\bin\nio.dll
0x00007ff858940000 - 0x00007ff858950000 	c:\Users\Kiet\.vscode\extensions\redhat.java-1.30.0-win32-x64\jre\17.0.10-win32-x86_64\bin\verify.dll

dbghelp: loaded successfully - version: 4.0.5 - missing functions: none
symbol engine: initialized successfully - sym options: 0x614 - pdb path: .;c:\Users\Kiet\.vscode\extensions\redhat.java-1.30.0-win32-x64\jre\17.0.10-win32-x86_64\bin;C:\WINDOWS\SYSTEM32;C:\WINDOWS\WinSxS\amd64_microsoft.windows.common-controls_6595b64144ccf1df_6.0.22621.3235_none_270f74e173860f98;c:\Users\Kiet\.vscode\extensions\redhat.java-1.30.0-win32-x64\jre\17.0.10-win32-x86_64\bin\server

VM Arguments:
jvm_args: --add-modules=ALL-SYSTEM --add-opens=java.base/java.util=ALL-UNNAMED --add-opens=java.base/java.lang=ALL-UNNAMED --add-opens=java.base/sun.nio.fs=ALL-UNNAMED -Declipse.application=org.eclipse.jdt.ls.core.id1 -Dosgi.bundles.defaultStartLevel=4 -Declipse.product=org.eclipse.jdt.ls.core.product -Djava.import.generatesMetadataFilesAtProjectRoot=false -DDetectVMInstallationsJob.disabled=true -Dfile.encoding=utf8 -XX:+UseParallelGC -XX:GCTimeRatio=4 -XX:AdaptiveSizePolicyWeight=90 -Dsun.zip.disableMemoryMapping=true -Xmx1G -Xms100m -Xlog:disable -javaagent:c:\Users\Kiet\.vscode\extensions\redhat.java-1.30.0-win32-x64\lombok\lombok-1.18.32.jar 
java_command: c:\Users\Kiet\.vscode\extensions\redhat.java-1.30.0-win32-x64\server\plugins\org.eclipse.equinox.launcher_1.6.800.v20240330-1250.jar -configuration c:\Users\Kiet\AppData\Roaming\Code\User\globalStorage\redhat.java\1.30.0\config_ss_win -data c:\Users\Kiet\AppData\Roaming\Code\User\workspaceStorage\9f0ec90a7e62ad64397c1cc3a6503a33\redhat.java\ss_ws --pipe=\\.\pipe\lsp-626914fa85b4609472f0a2544bbc27cf-sock
java_class_path (initial): c:\Users\Kiet\.vscode\extensions\redhat.java-1.30.0-win32-x64\server\plugins\org.eclipse.equinox.launcher_1.6.800.v20240330-1250.jar
Launcher Type: SUN_STANDARD

[Global flags]
    uintx AdaptiveSizePolicyWeight                 = 90                                        {product} {command line}
     intx CICompilerCount                          = 4                                         {product} {ergonomic}
    uintx GCTimeRatio                              = 4                                         {product} {command line}
   size_t InitialHeapSize                          = 104857600                                 {product} {command line}
   size_t MaxHeapSize                              = 1073741824                                {product} {command line}
   size_t MaxNewSize                               = 357564416                                 {product} {ergonomic}
   size_t MinHeapDeltaBytes                        = 524288                                    {product} {ergonomic}
   size_t MinHeapSize                              = 104857600                                 {product} {command line}
   size_t NewSize                                  = 34603008                                  {product} {ergonomic}
    uintx NonNMethodCodeHeapSize                   = 5839372                                {pd product} {ergonomic}
    uintx NonProfiledCodeHeapSize                  = 122909434                              {pd product} {ergonomic}
   size_t OldSize                                  = 70254592                                  {product} {ergonomic}
    uintx ProfiledCodeHeapSize                     = 122909434                              {pd product} {ergonomic}
    uintx ReservedCodeCacheSize                    = 251658240                              {pd product} {ergonomic}
     bool SegmentedCodeCache                       = true                                      {product} {ergonomic}
   size_t SoftMaxHeapSize                          = 1073741824                             {manageable} {ergonomic}
     bool UseCompressedClassPointers               = true                           {product lp64_product} {ergonomic}
     bool UseCompressedOops                        = true                           {product lp64_product} {ergonomic}
     bool UseLargePagesIndividualAllocation        = false                                  {pd product} {ergonomic}
     bool UseParallelGC                            = true                                      {product} {command line}

Logging:
Log output configuration:
 #0: stdout all=off uptime,level,tags
 #1: stderr all=off uptime,level,tags

Environment Variables:
PATH=C:\Program Files\Common Files\Oracle\Java\javapath;C:\Program Files (x86)\Common Files\Oracle\Java\javapath;C:\WINDOWS\system32;C:\WINDOWS;C:\WINDOWS\System32\Wbem;C:\WINDOWS\System32\WindowsPowerShell\v1.0\;C:\WINDOWS\System32\OpenSSH\;C:\Program Files\dotnet\;C:\Program Files\Common Files\Oracle\Java\javapath;C:\Program Files\Java\jdk-11\bin;C:\Program Files (x86)\Microsoft SQL Server\160\Tools\Binn\;C:\Program Files\Microsoft SQL Server\160\Tools\Binn\;C:\Program Files\Microsoft SQL Server\Client SDK\ODBC\170\Tools\Binn\;C:\Program Files\Microsoft SQL Server\160\DTS\Binn\;C:\Program Files (x86)\Microsoft SQL Server\160\DTS\Binn\;C:\Program Files\Azure Data Studio\bin;C:\Program Files\apache-maven-3.9.6\bin;C:\Program Files\Git\cmd;C:\Program Files\nodejs\;C:\Program Files\Java\jdk-21\bin;C:\Users\Kiet\AppData\Local\Microsoft\WindowsApps;C:\Users\Kiet\AppData\Local\Programs\Microsoft VS Code\bin;C:\Users\Kiet\AppData\Local\GitHubDesktop\bin;C:\Users\Kiet\.dotnet\tools;C:\Program Files\Azure Data Studio\bin;C:\Users\Kiet\AppData\Roaming\npm
USERNAME=Kiet
OS=Windows_NT
PROCESSOR_IDENTIFIER=Intel64 Family 6 Model 126 Stepping 5, GenuineIntel
TMP=C:\Users\Kiet\AppData\Local\Temp
TEMP=C:\Users\Kiet\AppData\Local\Temp



Periodic native trim disabled


---------------  S Y S T E M  ---------------

OS:
 Windows 11 , 64 bit Build 22621 (10.0.22621.3374)
OS uptime: 0 days 19:58 hours

CPU: total 8 (initial active 8) (4 cores per cpu, 2 threads per core) family 6 model 126 stepping 5 microcode 0xa6, cx8, cmov, fxsr, ht, mmx, 3dnowpref, sse, sse2, sse3, ssse3, sse4.1, sse4.2, popcnt, lzcnt, tsc, tscinvbit, avx, avx2, aes, erms, clmul, bmi1, bmi2, adx, avx512f, avx512dq, avx512cd, avx512bw, avx512vl, sha, fma, vzeroupper, avx512_vpopcntdq, avx512_vpclmulqdq, avx512_vaes, avx512_vnni, clflush, clflushopt, avx512_vbmi2, avx512_vbmi
Processor Information for all 8 processors :
  Max Mhz: 1190, Current Mhz: 991, Mhz Limit: 987

Memory: 4k page, system-wide physical 7987M (620M free)
TotalPageFile size 10035M (AvailPageFile size 3M)
current process WorkingSet (physical memory assigned to process): 52M, peak: 52M
current process commit charge ("private bytes"): 193M, peak: 193M

vm_info: OpenJDK 64-Bit Server VM (17.0.10+7) for windows-amd64 JRE (17.0.10+7), built on Jan 16 2024 23:25:11 by "admin" with MS VC++ 16.10 / 16.11 (VS2019)

END.
