#
# There is insufficient memory for the Java Runtime Environment to continue.
# Native memory allocation (malloc) failed to allocate 32744 bytes for ChunkPool::allocate
# Possible reasons:
#   The system is out of physical RAM or swap space
#   The process is running with CompressedOops enabled, and the Java Heap may be blocking the growth of the native heap
# Possible solutions:
#   Reduce memory load on the system
#   Increase physical memory or swap space
#   Check if swap backing store is full
#   Decrease Java heap size (-Xmx/-Xms)
#   Decrease number of Java threads
#   Decrease Java thread stack sizes (-Xss)
#   Set larger code cache with -XX:ReservedCodeCacheSize=
#   JVM is running with Unscaled Compressed Oops mode in which the Java heap is
#     placed in the first 4GB address space. The Java Heap base address is the
#     maximum limit for the native heap growth. Please use -XX:HeapBaseMinAddress
#     to set the Java Heap base and to place the Java Heap above 4GB virtual address.
# This output file may be truncated or incomplete.
#
#  Out of Memory Error (arena.cpp:79), pid=12840, tid=17356
#
# JRE version: OpenJDK Runtime Environment Temurin-17.0.10+7 (17.0.10+7) (build 17.0.10+7)
# Java VM: OpenJDK 64-Bit Server VM Temurin-17.0.10+7 (17.0.10+7, mixed mode, tiered, compressed oops, compressed class ptrs, parallel gc, windows-amd64)
# No core dump will be written. Minidumps are not enabled by default on client versions of Windows
#

---------------  S U M M A R Y ------------

Command Line: --add-modules=ALL-SYSTEM --add-opens=java.base/java.util=ALL-UNNAMED --add-opens=java.base/java.lang=ALL-UNNAMED --add-opens=java.base/sun.nio.fs=ALL-UNNAMED -Declipse.application=org.eclipse.jdt.ls.core.id1 -Dosgi.bundles.defaultStartLevel=4 -Declipse.product=org.eclipse.jdt.ls.core.product -Djava.import.generatesMetadataFilesAtProjectRoot=false -DDetectVMInstallationsJob.disabled=true -Dfile.encoding=utf8 -XX:+UseParallelGC -XX:GCTimeRatio=4 -XX:AdaptiveSizePolicyWeight=90 -Dsun.zip.disableMemoryMapping=true -Xmx1G -Xms100m -Xlog:disable -javaagent:c:\Users\Kiet\.vscode\extensions\redhat.java-1.30.0-win32-x64\lombok\lombok-1.18.32.jar -XX:+HeapDumpOnOutOfMemoryError -XX:HeapDumpPath=c:\Users\Kiet\AppData\Roaming\Code\User\workspaceStorage\b3b38d78d4b70df6aa0616a4b888d3ad\redhat.java -Daether.dependencyCollector.impl=bf c:\Users\Kiet\.vscode\extensions\redhat.java-1.30.0-win32-x64\server\plugins\org.eclipse.equinox.launcher_1.6.800.v20240330-1250.jar -configuration c:\Users\Kiet\AppData\Roaming\Code\User\globalStorage\redhat.java\1.30.0\config_win -data c:\Users\Kiet\AppData\Roaming\Code\User\workspaceStorage\b3b38d78d4b70df6aa0616a4b888d3ad\redhat.java\jdt_ws --pipe=\\.\pipe\lsp-360a3a5c8c66c5a93a6846253d8004e5-sock

Host: Intel(R) Core(TM) i5-1035G1 CPU @ 1.00GHz, 8 cores, 7G,  Windows 11 , 64 bit Build 22621 (10.0.22621.3374)
Time: Sat May  4 22:37:13 2024 SE Asia Standard Time elapsed time: 1.376697 seconds (0d 0h 0m 1s)

---------------  T H R E A D  ---------------

Current thread (0x000001391132ff70):  JavaThread "main" [_thread_in_vm, id=17356, stack(0x0000001404d00000,0x0000001404e00000)]

Stack: [0x0000001404d00000,0x0000001404e00000]
Native frames: (J=compiled Java code, j=interpreted, Vv=VM code, C=native code)
V  [jvm.dll+0x67d2c9]
V  [jvm.dll+0x834afa]
V  [jvm.dll+0x8365be]
V  [jvm.dll+0x836c23]
V  [jvm.dll+0x2477ff]
V  [jvm.dll+0xac711]
V  [jvm.dll+0xacb5c]
V  [jvm.dll+0x2c25ff]
V  [jvm.dll+0x2c1c0e]
V  [jvm.dll+0x1ecdf5]
V  [jvm.dll+0x1e1c1a]
V  [jvm.dll+0x5427ce]
V  [jvm.dll+0x7aed0d]
V  [jvm.dll+0x7aec6a]
V  [jvm.dll+0x410f8e]
V  [jvm.dll+0x42470c]
C  [java.dll+0x1657]

Java frames: (J=compiled Java code, j=interpreted, Vv=VM code)
j  java.lang.ClassLoader.defineClass0(Ljava/lang/ClassLoader;Ljava/lang/Class;Ljava/lang/String;[BIILjava/security/ProtectionDomain;ZILjava/lang/Object;)Ljava/lang/Class;+0 java.base@17.0.10
j  java.lang.System$2.defineClass(Ljava/lang/ClassLoader;Ljava/lang/Class;Ljava/lang/String;[BLjava/security/ProtectionDomain;ZILjava/lang/Object;)Ljava/lang/Class;+17 java.base@17.0.10
j  java.lang.invoke.MethodHandles$Lookup$ClassDefiner.defineClass(ZLjava/lang/Object;)Ljava/lang/Class;+54 java.base@17.0.10
j  java.lang.invoke.MethodHandles$Lookup$ClassDefiner.defineClassAsLookup(Z)Ljava/lang/invoke/MethodHandles$Lookup;+3 java.base@17.0.10
j  java.lang.invoke.MethodHandles$Lookup.defineHiddenClass([BZ[Ljava/lang/invoke/MethodHandles$Lookup$ClassOption;)Ljava/lang/invoke/MethodHandles$Lookup;+65 java.base@17.0.10
j  java.lang.invoke.InnerClassLambdaMetafactory.generateInnerClass()Ljava/lang/Class;+579 java.base@17.0.10
j  java.lang.invoke.InnerClassLambdaMetafactory.spinInnerClass()Ljava/lang/Class;+114 java.base@17.0.10
j  java.lang.invoke.InnerClassLambdaMetafactory.buildCallSite()Ljava/lang/invoke/CallSite;+1 java.base@17.0.10
j  java.lang.invoke.LambdaMetafactory.metafactory(Ljava/lang/invoke/MethodHandles$Lookup;Ljava/lang/String;Ljava/lang/invoke/MethodType;Ljava/lang/invoke/MethodType;Ljava/lang/invoke/MethodHandle;Ljava/lang/invoke/MethodType;)Ljava/lang/invoke/CallSite;+67 java.base@17.0.10
j  java.lang.invoke.DirectMethodHandle$Holder.invokeStatic(Ljava/lang/Object;Ljava/lang/Object;Ljava/lang/Object;Ljava/lang/Object;Ljava/lang/Object;Ljava/lang/Object;Ljava/lang/Object;)Ljava/lang/Object;+20 java.base@17.0.10
j  java.lang.invoke.Invokers$Holder.invokeExact_MT(Ljava/lang/Object;Ljava/lang/Object;Ljava/lang/Object;Ljava/lang/Object;Ljava/lang/Object;Ljava/lang/Object;Ljava/lang/Object;Ljava/lang/Object;)Ljava/lang/Object;+28 java.base@17.0.10
j  java.lang.invoke.BootstrapMethodInvoker.invoke(Ljava/lang/Class;Ljava/lang/invoke/MethodHandle;Ljava/lang/String;Ljava/lang/Object;Ljava/lang/Object;Ljava/lang/Class;)Ljava/lang/Object;+319 java.base@17.0.10
j  java.lang.invoke.CallSite.makeSite(Ljava/lang/invoke/MethodHandle;Ljava/lang/String;Ljava/lang/invoke/MethodType;Ljava/lang/Object;Ljava/lang/Class;)Ljava/lang/invoke/CallSite;+8 java.base@17.0.10
j  java.lang.invoke.MethodHandleNatives.linkCallSiteImpl(Ljava/lang/Class;Ljava/lang/invoke/MethodHandle;Ljava/lang/String;Ljava/lang/invoke/MethodType;Ljava/lang/Object;[Ljava/lang/Object;)Ljava/lang/invoke/MemberName;+6 java.base@17.0.10
j  java.lang.invoke.MethodHandleNatives.linkCallSite(Ljava/lang/Object;ILjava/lang/Object;Ljava/lang/Object;Ljava/lang/Object;Ljava/lang/Object;[Ljava/lang/Object;)Ljava/lang/invoke/MemberName;+46 java.base@17.0.10
v  ~StubRoutines::call_stub
j  java.util.regex.CharPredicates.ASCII_DIGIT()Ljava/util/regex/Pattern$BmpCharPredicate;+0 java.base@17.0.10
j  java.util.regex.Pattern.escape(ZZZ)I+909 java.base@17.0.10
j  java.util.regex.Pattern.atom()Ljava/util/regex/Pattern$Node;+287 java.base@17.0.10
j  java.util.regex.Pattern.sequence(Ljava/util/regex/Pattern$Node;)Ljava/util/regex/Pattern$Node;+345 java.base@17.0.10
j  java.util.regex.Pattern.expr(Ljava/util/regex/Pattern$Node;)Ljava/util/regex/Pattern$Node;+12 java.base@17.0.10
j  java.util.regex.Pattern.group0()Ljava/util/regex/Pattern$Node;+655 java.base@17.0.10
j  java.util.regex.Pattern.sequence(Ljava/util/regex/Pattern$Node;)Ljava/util/regex/Pattern$Node;+137 java.base@17.0.10
j  java.util.regex.Pattern.expr(Ljava/util/regex/Pattern$Node;)Ljava/util/regex/Pattern$Node;+12 java.base@17.0.10
j  java.util.regex.Pattern.compile()V+222 java.base@17.0.10
j  java.util.regex.Pattern.<init>(Ljava/lang/String;I)V+109 java.base@17.0.10
j  java.util.regex.Pattern.compile(Ljava/lang/String;)Ljava/util/regex/Pattern;+6 java.base@17.0.10
j  sun.security.util.DisabledAlgorithmConstraints$Constraints$Holder.<clinit>()V+2 java.base@17.0.10
v  ~StubRoutines::call_stub
j  sun.security.util.DisabledAlgorithmConstraints$Constraints.<init>(Ljava/lang/String;Ljava/util/Set;)V+515 java.base@17.0.10
j  sun.security.util.DisabledAlgorithmConstraints.<init>(Ljava/lang/String;Lsun/security/util/AlgorithmDecomposer;)V+119 java.base@17.0.10
j  sun.security.util.DisabledAlgorithmConstraints.<init>(Ljava/lang/String;)V+9 java.base@17.0.10
j  sun.security.util.DisabledAlgorithmConstraints$JarHolder.<clinit>()V+6 java.base@17.0.10
v  ~StubRoutines::call_stub
j  sun.security.util.DisabledAlgorithmConstraints.jarConstraints()Lsun/security/util/DisabledAlgorithmConstraints;+0 java.base@17.0.10
j  sun.security.pkcs.SignerInfo.<clinit>()V+0 java.base@17.0.10
v  ~StubRoutines::call_stub
j  sun.security.pkcs.PKCS7.parseSignedData(Lsun/security/util/DerValue;)V+619 java.base@17.0.10
j  sun.security.pkcs.PKCS7.parse(Lsun/security/util/DerInputStream;Z)V+40 java.base@17.0.10
j  sun.security.pkcs.PKCS7.parse(Lsun/security/util/DerInputStream;)V+11 java.base@17.0.10
j  sun.security.pkcs.PKCS7.<init>([B)V+50 java.base@17.0.10
j  sun.security.util.SignatureFileVerifier.<init>(Ljava/util/ArrayList;Lsun/security/util/ManifestDigester;Ljava/lang/String;[B)V+40 java.base@17.0.10
j  java.util.jar.JarVerifier.processEntry(Lsun/security/util/ManifestEntryVerifier;)V+322 java.base@17.0.10
j  java.util.jar.JarVerifier.update(I[BIILsun/security/util/ManifestEntryVerifier;)V+39 java.base@17.0.10
j  java.util.jar.JarFile.initializeVerifier()V+163 java.base@17.0.10
j  java.util.jar.JarFile.ensureInitialization()V+41 java.base@17.0.10
j  java.util.jar.JavaUtilJarAccessImpl.ensureInitialization(Ljava/util/jar/JarFile;)V+1 java.base@17.0.10
j  jdk.internal.loader.URLClassPath$JarLoader$2.getManifest()Ljava/util/jar/Manifest;+10 java.base@17.0.10
j  jdk.internal.loader.BuiltinClassLoader.defineClass(Ljava/lang/String;Ljdk/internal/loader/Resource;)Ljava/lang/Class;+29 java.base@17.0.10
j  jdk.internal.loader.BuiltinClassLoader.findClassOnClassPathOrNull(Ljava/lang/String;)Ljava/lang/Class;+37 java.base@17.0.10
j  jdk.internal.loader.BuiltinClassLoader.loadClassOrNull(Ljava/lang/String;Z)Ljava/lang/Class;+111 java.base@17.0.10
j  jdk.internal.loader.BuiltinClassLoader.loadClass(Ljava/lang/String;Z)Ljava/lang/Class;+3 java.base@17.0.10
j  jdk.internal.loader.ClassLoaders$AppClassLoader.loadClass(Ljava/lang/String;Z)Ljava/lang/Class;+36 java.base@17.0.10
j  java.lang.ClassLoader.loadClass(Ljava/lang/String;)Ljava/lang/Class;+3 java.base@17.0.10
v  ~StubRoutines::call_stub
j  java.lang.Class.forName0(Ljava/lang/String;ZLjava/lang/ClassLoader;Ljava/lang/Class;)Ljava/lang/Class;+0 java.base@17.0.10
j  java.lang.Class.forName(Ljava/lang/String;ZLjava/lang/ClassLoader;)Ljava/lang/Class;+43 java.base@17.0.10
j  sun.launcher.LauncherHelper.loadMainClass(ILjava/lang/String;)Ljava/lang/Class;+95 java.base@17.0.10
j  sun.launcher.LauncherHelper.checkAndLoadMain(ZILjava/lang/String;)Ljava/lang/Class;+42 java.base@17.0.10
v  ~StubRoutines::call_stub

---------------  P R O C E S S  ---------------

Threads class SMR info:
_java_thread_list=0x000001392a560e10, length=14, elements={
0x000001391132ff70, 0x00000139251b8020, 0x00000139251bac90, 0x000001392a289320,
0x000001392a289cf0, 0x000001392a28a7c0, 0x000001392a28b290, 0x000001392a28e0a0,
0x00000139113ddba0, 0x00000139113de860, 0x0000013911392180, 0x000001392a551ac0,
0x000001392a57b450, 0x000001392b5418f0
}

Java Threads: ( => current thread )
=>0x000001391132ff70 JavaThread "main" [_thread_in_vm, id=17356, stack(0x0000001404d00000,0x0000001404e00000)]
  0x00000139251b8020 JavaThread "Reference Handler" daemon [_thread_blocked, id=6700, stack(0x0000001405000000,0x0000001405100000)]
  0x00000139251bac90 JavaThread "Finalizer" daemon [_thread_blocked, id=14076, stack(0x0000001405100000,0x0000001405200000)]
  0x000001392a289320 JavaThread "Signal Dispatcher" daemon [_thread_blocked, id=8652, stack(0x0000001405200000,0x0000001405300000)]
  0x000001392a289cf0 JavaThread "Attach Listener" daemon [_thread_blocked, id=10600, stack(0x0000001405300000,0x0000001405400000)]
  0x000001392a28a7c0 JavaThread "Service Thread" daemon [_thread_blocked, id=17540, stack(0x0000001405400000,0x0000001405500000)]
  0x000001392a28b290 JavaThread "Monitor Deflation Thread" daemon [_thread_blocked, id=18100, stack(0x0000001405500000,0x0000001405600000)]
  0x000001392a28e0a0 JavaThread "C2 CompilerThread0" daemon [_thread_blocked, id=10572, stack(0x0000001405600000,0x0000001405700000)]
  0x00000139113ddba0 JavaThread "C1 CompilerThread0" daemon [_thread_blocked, id=7020, stack(0x0000001405700000,0x0000001405800000)]
  0x00000139113de860 JavaThread "Sweeper thread" daemon [_thread_blocked, id=17832, stack(0x0000001405800000,0x0000001405900000)]
  0x0000013911392180 JavaThread "Common-Cleaner" daemon [_thread_blocked, id=9968, stack(0x0000001405900000,0x0000001405a00000)]
  0x000001392a551ac0 JavaThread "Notification Thread" daemon [_thread_blocked, id=12416, stack(0x0000001405a00000,0x0000001405b00000)]
  0x000001392a57b450 JavaThread "C2 CompilerThread1" daemon [_thread_blocked, id=17124, stack(0x0000001405c00000,0x0000001405d00000)]
  0x000001392b5418f0 JavaThread "C2 CompilerThread2" daemon [_thread_blocked, id=18624, stack(0x0000001405d00000,0x0000001405e00000)]

Other Threads:
  0x00000139113d7d00 VMThread "VM Thread" [stack: 0x0000001404f00000,0x0000001405000000] [id=11284]
  0x000001392a61eb00 WatcherThread [stack: 0x0000001405b00000,0x0000001405c00000] [id=16084]
  0x0000013911345ad0 GCTaskThread "GC Thread#0" [stack: 0x0000001404e00000,0x0000001404f00000] [id=8856]

Threads with active compile tasks:

VM state: not at safepoint (normal execution)

VM Mutex/Monitor currently owned by a thread: None

Heap address: 0x00000000c0000000, size: 1024 MB, Compressed Oops mode: 32-bit

CDS archive(s) not mapped
Compressed class space mapped at: 0x0000000100000000-0x0000000140000000, reserved size: 1073741824
Narrow klass base: 0x0000000000000000, Narrow klass shift: 3, Narrow klass range: 0x140000000

GC Precious Log:
 CPUs: 8 total, 8 available
 Memory: 7987M
 Large Page Support: Disabled
 NUMA Support: Disabled
 Compressed Oops: Enabled (32-bit)
 Alignments: Space 512K, Generation 512K, Heap 2M
 Heap Min Capacity: 100M
 Heap Initial Capacity: 100M
 Heap Max Capacity: 1G
 Pre-touch: Disabled
 Parallel Workers: 8

Heap:
 PSYoungGen      total 29696K, used 10922K [0x00000000eab00000, 0x00000000ecc00000, 0x0000000100000000)
  eden space 25600K, 42% used [0x00000000eab00000,0x00000000eb5aab08,0x00000000ec400000)
  from space 4096K, 0% used [0x00000000ec800000,0x00000000ec800000,0x00000000ecc00000)
  to   space 4096K, 0% used [0x00000000ec400000,0x00000000ec400000,0x00000000ec800000)
 ParOldGen       total 68608K, used 0K [0x00000000c0000000, 0x00000000c4300000, 0x00000000eab00000)
  object space 68608K, 0% used [0x00000000c0000000,0x00000000c0000000,0x00000000c4300000)
 Metaspace       used 7810K, committed 7936K, reserved 1114112K
  class space    used 766K, committed 832K, reserved 1048576K

Card table byte_map: [0x0000013910ce0000,0x0000013910ef0000] _byte_map_base: 0x00000139106e0000

Marking Bits: (ParMarkBitMap*) 0x00007ffc0e4cd7d0
 Begin Bits: [0x0000013922fc0000, 0x0000013923fc0000)
 End Bits:   [0x0000013923fc0000, 0x0000013924fc0000)

Polling page: 0x000001390f320000

Metaspace:

Usage:
  Non-class:      6.88 MB used.
      Class:    766.62 KB used.
       Both:      7.63 MB used.

Virtual space:
  Non-class space:       64.00 MB reserved,       6.94 MB ( 11%) committed,  1 nodes.
      Class space:        1.00 GB reserved,     832.00 KB ( <1%) committed,  1 nodes.
             Both:        1.06 GB reserved,       7.75 MB ( <1%) committed. 

Chunk freelists:
   Non-Class:  9.00 MB
       Class:  15.21 MB
        Both:  24.21 MB

MaxMetaspaceSize: unlimited
CompressedClassSpaceSize: 1.00 GB
Initial GC threshold: 21.00 MB
Current GC threshold: 21.00 MB
CDS: off
MetaspaceReclaimPolicy: balanced
 - commit_granule_bytes: 65536.
 - commit_granule_words: 8192.
 - virtual_space_node_default_size: 8388608.
 - enlarge_chunks_in_place: 1.
 - new_chunks_are_fully_committed: 0.
 - uncommit_free_chunks: 1.
 - use_allocation_guard: 0.
 - handle_deallocations: 1.


Internal statistics:

num_allocs_failed_limit: 0.
num_arena_births: 10.
num_arena_deaths: 0.
num_vsnodes_births: 2.
num_vsnodes_deaths: 0.
num_space_committed: 124.
num_space_uncommitted: 0.
num_chunks_returned_to_freelist: 0.
num_chunks_taken_from_freelist: 40.
num_chunk_merges: 0.
num_chunk_splits: 23.
num_chunks_enlarged: 21.
num_inconsistent_stats: 0.

CodeHeap 'non-profiled nmethods': size=120000Kb used=196Kb max_used=196Kb free=119803Kb
 bounds [0x000001391ba90000, 0x000001391bd00000, 0x0000013922fc0000]
CodeHeap 'profiled nmethods': size=120000Kb used=749Kb max_used=749Kb free=119250Kb
 bounds [0x0000013913fc0000, 0x0000013914230000, 0x000001391b4f0000]
CodeHeap 'non-nmethods': size=5760Kb used=1131Kb max_used=1150Kb free=4628Kb
 bounds [0x000001391b4f0000, 0x000001391b760000, 0x000001391ba90000]
 total_blobs=929 nmethods=523 adapters=321
 compilation: enabled
              stopped_count=0, restarted_count=0
 full_count=0

Compilation events (20 events):
Event: 1.363 Thread 0x00000139113ddba0 nmethod 514 0x0000013914077710 code [0x00000139140778c0, 0x0000013914077a68]
Event: 1.363 Thread 0x00000139113ddba0  516  s    3       java.io.ByteArrayOutputStream::write (32 bytes)
Event: 1.363 Thread 0x00000139113ddba0 nmethod 516 0x0000013914077b10 code [0x0000013914077cc0, 0x0000013914077f08]
Event: 1.363 Thread 0x00000139113ddba0  517       1       java.math.BigInteger::signum (5 bytes)
Event: 1.363 Thread 0x00000139113ddba0 nmethod 517 0x000001391baba990 code [0x000001391babab20, 0x000001391bababf8]
Event: 1.363 Thread 0x00000139113ddba0  518       3       java.util.LinkedHashMap::newNode (23 bytes)
Event: 1.364 Thread 0x00000139113ddba0 nmethod 518 0x0000013914078010 code [0x00000139140781c0, 0x0000013914078488]
Event: 1.364 Thread 0x00000139113ddba0  519       3       java.util.LinkedHashMap$Entry::<init> (10 bytes)
Event: 1.364 Thread 0x00000139113ddba0 nmethod 519 0x0000013914078610 code [0x00000139140787c0, 0x00000139140789d8]
Event: 1.364 Thread 0x000001392b5418f0 nmethod 503 0x000001391babac90 code [0x000001391babae20, 0x000001391babaf08]
Event: 1.364 Thread 0x000001392b5418f0  513       4       java.math.BigInteger::destructiveMulAdd (150 bytes)
Event: 1.371 Thread 0x00000139113ddba0  520       3       java.util.regex.Pattern::isSupplementary (21 bytes)
Event: 1.371 Thread 0x00000139113ddba0 nmethod 520 0x0000013914078b10 code [0x0000013914078cc0, 0x0000013914078f38]
Event: 1.371 Thread 0x00000139113ddba0  521       3       java.lang.Character::isSurrogate (18 bytes)
Event: 1.372 Thread 0x00000139113ddba0 nmethod 521 0x0000013914079010 code [0x00000139140791a0, 0x0000013914079338]
Event: 1.372 Thread 0x00000139113ddba0  523   !   3       java.lang.invoke.MemberName::getMethodType (211 bytes)
Event: 1.373 Thread 0x000001392b5418f0 nmethod 513 0x000001391babb410 code [0x000001391babb580, 0x000001391babb838]
Event: 1.374 Thread 0x000001392b5418f0  515       4       java.lang.StringLatin1::lastIndexOf (40 bytes)
Event: 1.374 Thread 0x00000139113ddba0 nmethod 523 0x0000013914079410 code [0x0000013914079700, 0x000001391407abb8]
Event: 1.374 Thread 0x00000139113ddba0  524       3       java.lang.Enum::equals (11 bytes)

GC Heap History (0 events):
No events

Dll operation events (8 events):
Event: 0.023 Loaded shared library c:\Users\Kiet\.vscode\extensions\redhat.java-1.30.0-win32-x64\jre\17.0.10-win32-x86_64\bin\java.dll
Event: 0.549 Loaded shared library c:\Users\Kiet\.vscode\extensions\redhat.java-1.30.0-win32-x64\jre\17.0.10-win32-x86_64\bin\zip.dll
Event: 0.563 Loaded shared library C:\Users\Kiet\.vscode\extensions\redhat.java-1.30.0-win32-x64\jre\17.0.10-win32-x86_64\bin\instrument.dll
Event: 0.625 Loaded shared library C:\Users\Kiet\.vscode\extensions\redhat.java-1.30.0-win32-x64\jre\17.0.10-win32-x86_64\bin\net.dll
Event: 0.630 Loaded shared library C:\Users\Kiet\.vscode\extensions\redhat.java-1.30.0-win32-x64\jre\17.0.10-win32-x86_64\bin\nio.dll
Event: 0.654 Loaded shared library C:\Users\Kiet\.vscode\extensions\redhat.java-1.30.0-win32-x64\jre\17.0.10-win32-x86_64\bin\zip.dll
Event: 0.738 Loaded shared library C:\Users\Kiet\.vscode\extensions\redhat.java-1.30.0-win32-x64\jre\17.0.10-win32-x86_64\bin\jimage.dll
Event: 0.942 Loaded shared library c:\Users\Kiet\.vscode\extensions\redhat.java-1.30.0-win32-x64\jre\17.0.10-win32-x86_64\bin\verify.dll

Deoptimization events (20 events):
Event: 1.284 Thread 0x000001391132ff70 Uncommon trap: trap_request=0xffffffde fr.pc=0x000001391bab532c relative=0x000000000000010c
Event: 1.284 Thread 0x000001391132ff70 Uncommon trap: reason=class_check action=maybe_recompile pc=0x000001391bab532c method=jdk.internal.misc.Unsafe.allocateUninitializedArray(Ljava/lang/Class;I)Ljava/lang/Object; @ 51 c2
Event: 1.284 Thread 0x000001391132ff70 DEOPT PACKING pc=0x000001391bab532c sp=0x0000001404dfb9e0
Event: 1.284 Thread 0x000001391132ff70 DEOPT UNPACKING pc=0x000001391b549ea3 sp=0x0000001404dfb968 mode 2
Event: 1.284 Thread 0x000001391132ff70 Uncommon trap: trap_request=0xffffffde fr.pc=0x000001391bab532c relative=0x000000000000010c
Event: 1.284 Thread 0x000001391132ff70 Uncommon trap: reason=class_check action=maybe_recompile pc=0x000001391bab532c method=jdk.internal.misc.Unsafe.allocateUninitializedArray(Ljava/lang/Class;I)Ljava/lang/Object; @ 51 c2
Event: 1.284 Thread 0x000001391132ff70 DEOPT PACKING pc=0x000001391bab532c sp=0x0000001404dfb9e0
Event: 1.284 Thread 0x000001391132ff70 DEOPT UNPACKING pc=0x000001391b549ea3 sp=0x0000001404dfb968 mode 2
Event: 1.284 Thread 0x000001391132ff70 Uncommon trap: trap_request=0xffffffde fr.pc=0x000001391bab532c relative=0x000000000000010c
Event: 1.284 Thread 0x000001391132ff70 Uncommon trap: reason=class_check action=maybe_recompile pc=0x000001391bab532c method=jdk.internal.misc.Unsafe.allocateUninitializedArray(Ljava/lang/Class;I)Ljava/lang/Object; @ 51 c2
Event: 1.284 Thread 0x000001391132ff70 DEOPT PACKING pc=0x000001391bab532c sp=0x0000001404dfba20
Event: 1.284 Thread 0x000001391132ff70 DEOPT UNPACKING pc=0x000001391b549ea3 sp=0x0000001404dfb9a8 mode 2
Event: 1.317 Thread 0x000001391132ff70 Uncommon trap: trap_request=0xffffff45 fr.pc=0x000001391baa65c0 relative=0x00000000000000c0
Event: 1.317 Thread 0x000001391132ff70 Uncommon trap: reason=unstable_if action=reinterpret pc=0x000001391baa65c0 method=java.net.URI.match(CJJ)Z @ 45 c2
Event: 1.317 Thread 0x000001391132ff70 DEOPT PACKING pc=0x000001391baa65c0 sp=0x0000001404dfc660
Event: 1.317 Thread 0x000001391132ff70 DEOPT UNPACKING pc=0x000001391b549ea3 sp=0x0000001404dfc5e8 mode 2
Event: 1.347 Thread 0x000001391132ff70 Uncommon trap: trap_request=0xffffff45 fr.pc=0x000001391bab8a7c relative=0x000000000000061c
Event: 1.347 Thread 0x000001391132ff70 Uncommon trap: reason=unstable_if action=reinterpret pc=0x000001391bab8a7c method=java.lang.String.replace(Ljava/lang/CharSequence;Ljava/lang/CharSequence;)Ljava/lang/String; @ 48 c2
Event: 1.347 Thread 0x000001391132ff70 DEOPT PACKING pc=0x000001391bab8a7c sp=0x0000001404dfc5d0
Event: 1.347 Thread 0x000001391132ff70 DEOPT UNPACKING pc=0x000001391b549ea3 sp=0x0000001404dfc550 mode 2

Classes unloaded (0 events):
No events

Classes redefined (0 events):
No events

Internal exceptions (2 events):
Event: 0.448 Thread 0x000001391132ff70 Exception <a 'java/lang/NoSuchMethodError'{0x00000000eacb5068}: 'void java.lang.invoke.DirectMethodHandle$Holder.invokeStatic(java.lang.Object, java.lang.Object, java.lang.Object)'> (0x00000000eacb5068) 
thrown [s\src\hotspot\share\interpreter\linkResolver.cpp, line 759]
Event: 1.011 Thread 0x000001391132ff70 Exception <a 'java/lang/reflect/InvocationTargetException'{0x00000000eafe5d48}> (0x00000000eafe5d48) 
thrown [s\src\hotspot\share\runtime\reflection.cpp, line 1121]

VM Operations (4 events):
Event: 0.456 Executing VM operation: HandshakeAllThreads
Event: 0.456 Executing VM operation: HandshakeAllThreads done
Event: 0.793 Executing VM operation: HandshakeAllThreads
Event: 0.793 Executing VM operation: HandshakeAllThreads done

Events (20 events):
Event: 1.355 loading class java/security/spec/ECFieldF2m done
Event: 1.361 Thread 0x000001392b5418f0 Thread added: 0x000001392b5418f0
Event: 1.363 loading class java/util/LinkedHashMap$LinkedValues
Event: 1.364 loading class java/util/LinkedHashMap$LinkedValues done
Event: 1.368 loading class java/util/StringTokenizer
Event: 1.369 loading class java/util/StringTokenizer done
Event: 1.369 loading class sun/security/util/DisabledAlgorithmConstraints$KeySizeConstraint
Event: 1.369 loading class sun/security/util/DisabledAlgorithmConstraints$Constraint
Event: 1.369 loading class sun/security/util/DisabledAlgorithmConstraints$Constraint done
Event: 1.369 loading class sun/security/util/DisabledAlgorithmConstraints$KeySizeConstraint done
Event: 1.369 loading class sun/security/util/DisabledAlgorithmConstraints$Constraint$Operator
Event: 1.370 loading class sun/security/util/DisabledAlgorithmConstraints$Constraint$Operator done
Event: 1.370 loading class sun/security/util/DisabledAlgorithmConstraints$1
Event: 1.370 loading class sun/security/util/DisabledAlgorithmConstraints$1 done
Event: 1.370 loading class sun/security/util/DisabledAlgorithmConstraints$DisabledConstraint
Event: 1.370 loading class sun/security/util/DisabledAlgorithmConstraints$DisabledConstraint done
Event: 1.370 loading class sun/security/util/DisabledAlgorithmConstraints$Constraints$Holder
Event: 1.371 loading class sun/security/util/DisabledAlgorithmConstraints$Constraints$Holder done
Event: 1.371 loading class java/util/regex/CharPredicates
Event: 1.371 loading class java/util/regex/CharPredicates done


Dynamic libraries:
0x00007ff648380000 - 0x00007ff64838e000 	c:\Users\Kiet\.vscode\extensions\redhat.java-1.30.0-win32-x64\jre\17.0.10-win32-x86_64\bin\java.exe
0x00007ffca3af0000 - 0x00007ffca3d06000 	C:\WINDOWS\SYSTEM32\ntdll.dll
0x00007ffca2d60000 - 0x00007ffca2e24000 	C:\WINDOWS\System32\KERNEL32.DLL
0x00007ffca1260000 - 0x00007ffca1607000 	C:\WINDOWS\System32\KERNELBASE.dll
0x00007ffca0f80000 - 0x00007ffca1091000 	C:\WINDOWS\System32\ucrtbase.dll
0x00007ffc81750000 - 0x00007ffc81767000 	c:\Users\Kiet\.vscode\extensions\redhat.java-1.30.0-win32-x64\jre\17.0.10-win32-x86_64\bin\jli.dll
0x00007ffca1e00000 - 0x00007ffca1fae000 	C:\WINDOWS\System32\USER32.dll
0x00007ffca1750000 - 0x00007ffca1776000 	C:\WINDOWS\System32\win32u.dll
0x00007ffca3830000 - 0x00007ffca3859000 	C:\WINDOWS\System32\GDI32.dll
0x00007ffca10a0000 - 0x00007ffca11b9000 	C:\WINDOWS\System32\gdi32full.dll
0x00007ffca11c0000 - 0x00007ffca125a000 	C:\WINDOWS\System32\msvcp_win.dll
0x00007ffc8a410000 - 0x00007ffc8a42b000 	c:\Users\Kiet\.vscode\extensions\redhat.java-1.30.0-win32-x64\jre\17.0.10-win32-x86_64\bin\VCRUNTIME140.dll
0x00007ffc87d30000 - 0x00007ffc87fc3000 	C:\WINDOWS\WinSxS\amd64_microsoft.windows.common-controls_6595b64144ccf1df_6.0.22621.3235_none_270f74e173860f98\COMCTL32.dll
0x00007ffca2170000 - 0x00007ffca2217000 	C:\WINDOWS\System32\msvcrt.dll
0x00007ffca2e90000 - 0x00007ffca2ec1000 	C:\WINDOWS\System32\IMM32.DLL
0x00007ffc9a7e0000 - 0x00007ffc9a7ec000 	c:\Users\Kiet\.vscode\extensions\redhat.java-1.30.0-win32-x64\jre\17.0.10-win32-x86_64\bin\vcruntime140_1.dll
0x00007ffc66c30000 - 0x00007ffc66cbd000 	c:\Users\Kiet\.vscode\extensions\redhat.java-1.30.0-win32-x64\jre\17.0.10-win32-x86_64\bin\msvcp140.dll
0x00007ffc0d930000 - 0x00007ffc0e592000 	c:\Users\Kiet\.vscode\extensions\redhat.java-1.30.0-win32-x64\jre\17.0.10-win32-x86_64\bin\server\jvm.dll
0x00007ffca1d30000 - 0x00007ffca1de2000 	C:\WINDOWS\System32\ADVAPI32.dll
0x00007ffca2450000 - 0x00007ffca24f8000 	C:\WINDOWS\System32\sechost.dll
0x00007ffca17f0000 - 0x00007ffca1818000 	C:\WINDOWS\System32\bcrypt.dll
0x00007ffca3490000 - 0x00007ffca35a5000 	C:\WINDOWS\System32\RPCRT4.dll
0x00007ffca0ce0000 - 0x00007ffca0d2d000 	C:\WINDOWS\SYSTEM32\POWRPROF.dll
0x00007ffc99130000 - 0x00007ffc99139000 	C:\WINDOWS\SYSTEM32\WSOCK32.dll
0x00007ffc990f0000 - 0x00007ffc99124000 	C:\WINDOWS\SYSTEM32\WINMM.dll
0x00007ffc97bf0000 - 0x00007ffc97bfa000 	C:\WINDOWS\SYSTEM32\VERSION.dll
0x00007ffca37b0000 - 0x00007ffca3821000 	C:\WINDOWS\System32\WS2_32.dll
0x00007ffca0cc0000 - 0x00007ffca0cd3000 	C:\WINDOWS\SYSTEM32\UMPDC.dll
0x00007ffc9fe50000 - 0x00007ffc9fe68000 	C:\WINDOWS\SYSTEM32\kernel.appcore.dll
0x00007ffc98d80000 - 0x00007ffc98d8a000 	c:\Users\Kiet\.vscode\extensions\redhat.java-1.30.0-win32-x64\jre\17.0.10-win32-x86_64\bin\jimage.dll
0x00007ffc9e6a0000 - 0x00007ffc9e8d3000 	C:\WINDOWS\SYSTEM32\DBGHELP.DLL
0x00007ffca3100000 - 0x00007ffca3488000 	C:\WINDOWS\System32\combase.dll
0x00007ffca2010000 - 0x00007ffca20e7000 	C:\WINDOWS\System32\OLEAUT32.dll
0x00007ffc8e710000 - 0x00007ffc8e742000 	C:\WINDOWS\SYSTEM32\dbgcore.DLL
0x00007ffca16d0000 - 0x00007ffca1749000 	C:\WINDOWS\System32\bcryptPrimitives.dll
0x00007ffc91890000 - 0x00007ffc9189e000 	c:\Users\Kiet\.vscode\extensions\redhat.java-1.30.0-win32-x64\jre\17.0.10-win32-x86_64\bin\instrument.dll
0x00007ffc81720000 - 0x00007ffc81745000 	c:\Users\Kiet\.vscode\extensions\redhat.java-1.30.0-win32-x64\jre\17.0.10-win32-x86_64\bin\java.dll
0x00007ffc816f0000 - 0x00007ffc81708000 	c:\Users\Kiet\.vscode\extensions\redhat.java-1.30.0-win32-x64\jre\17.0.10-win32-x86_64\bin\zip.dll
0x00007ffca2500000 - 0x00007ffca2d5c000 	C:\WINDOWS\System32\SHELL32.dll
0x00007ffc9ed70000 - 0x00007ffc9f669000 	C:\WINDOWS\SYSTEM32\windows.storage.dll
0x00007ffc9ec30000 - 0x00007ffc9ed6e000 	C:\WINDOWS\SYSTEM32\wintypes.dll
0x00007ffca35b0000 - 0x00007ffca36a3000 	C:\WINDOWS\System32\SHCORE.dll
0x00007ffca3090000 - 0x00007ffca30ee000 	C:\WINDOWS\System32\shlwapi.dll
0x00007ffca0d40000 - 0x00007ffca0d61000 	C:\WINDOWS\SYSTEM32\profapi.dll
0x00007ffc77a60000 - 0x00007ffc77a79000 	C:\Users\Kiet\.vscode\extensions\redhat.java-1.30.0-win32-x64\jre\17.0.10-win32-x86_64\bin\net.dll
0x00007ffc9aff0000 - 0x00007ffc9b126000 	C:\WINDOWS\SYSTEM32\WINHTTP.dll
0x00007ffca02c0000 - 0x00007ffca0329000 	C:\WINDOWS\system32\mswsock.dll
0x00007ffc77640000 - 0x00007ffc77656000 	C:\Users\Kiet\.vscode\extensions\redhat.java-1.30.0-win32-x64\jre\17.0.10-win32-x86_64\bin\nio.dll
0x00007ffc91820000 - 0x00007ffc91830000 	c:\Users\Kiet\.vscode\extensions\redhat.java-1.30.0-win32-x64\jre\17.0.10-win32-x86_64\bin\verify.dll

dbghelp: loaded successfully - version: 4.0.5 - missing functions: none
symbol engine: initialized successfully - sym options: 0x614 - pdb path: .;c:\Users\Kiet\.vscode\extensions\redhat.java-1.30.0-win32-x64\jre\17.0.10-win32-x86_64\bin;C:\WINDOWS\SYSTEM32;C:\WINDOWS\WinSxS\amd64_microsoft.windows.common-controls_6595b64144ccf1df_6.0.22621.3235_none_270f74e173860f98;c:\Users\Kiet\.vscode\extensions\redhat.java-1.30.0-win32-x64\jre\17.0.10-win32-x86_64\bin\server

VM Arguments:
jvm_args: --add-modules=ALL-SYSTEM --add-opens=java.base/java.util=ALL-UNNAMED --add-opens=java.base/java.lang=ALL-UNNAMED --add-opens=java.base/sun.nio.fs=ALL-UNNAMED -Declipse.application=org.eclipse.jdt.ls.core.id1 -Dosgi.bundles.defaultStartLevel=4 -Declipse.product=org.eclipse.jdt.ls.core.product -Djava.import.generatesMetadataFilesAtProjectRoot=false -DDetectVMInstallationsJob.disabled=true -Dfile.encoding=utf8 -XX:+UseParallelGC -XX:GCTimeRatio=4 -XX:AdaptiveSizePolicyWeight=90 -Dsun.zip.disableMemoryMapping=true -Xmx1G -Xms100m -Xlog:disable -javaagent:c:\Users\Kiet\.vscode\extensions\redhat.java-1.30.0-win32-x64\lombok\lombok-1.18.32.jar -XX:+HeapDumpOnOutOfMemoryError -XX:HeapDumpPath=c:\Users\Kiet\AppData\Roaming\Code\User\workspaceStorage\b3b38d78d4b70df6aa0616a4b888d3ad\redhat.java -Daether.dependencyCollector.impl=bf 
java_command: c:\Users\Kiet\.vscode\extensions\redhat.java-1.30.0-win32-x64\server\plugins\org.eclipse.equinox.launcher_1.6.800.v20240330-1250.jar -configuration c:\Users\Kiet\AppData\Roaming\Code\User\globalStorage\redhat.java\1.30.0\config_win -data c:\Users\Kiet\AppData\Roaming\Code\User\workspaceStorage\b3b38d78d4b70df6aa0616a4b888d3ad\redhat.java\jdt_ws --pipe=\\.\pipe\lsp-360a3a5c8c66c5a93a6846253d8004e5-sock
java_class_path (initial): c:\Users\Kiet\.vscode\extensions\redhat.java-1.30.0-win32-x64\server\plugins\org.eclipse.equinox.launcher_1.6.800.v20240330-1250.jar
Launcher Type: SUN_STANDARD

[Global flags]
    uintx AdaptiveSizePolicyWeight                 = 90                                        {product} {command line}
     intx CICompilerCount                          = 4                                         {product} {ergonomic}
    uintx GCTimeRatio                              = 4                                         {product} {command line}
     bool HeapDumpOnOutOfMemoryError               = true                                   {manageable} {command line}
    ccstr HeapDumpPath                             = c:\Users\Kiet\AppData\Roaming\Code\User\workspaceStorage\b3b38d78d4b70df6aa0616a4b888d3ad\redhat.java         {manageable} {command line}
   size_t InitialHeapSize                          = 104857600                                 {product} {command line}
   size_t MaxHeapSize                              = 1073741824                                {product} {command line}
   size_t MaxNewSize                               = 357564416                                 {product} {ergonomic}
   size_t MinHeapDeltaBytes                        = 524288                                    {product} {ergonomic}
   size_t MinHeapSize                              = 104857600                                 {product} {command line}
   size_t NewSize                                  = 34603008                                  {product} {ergonomic}
    uintx NonNMethodCodeHeapSize                   = 5839372                                {pd product} {ergonomic}
    uintx NonProfiledCodeHeapSize                  = 122909434                              {pd product} {ergonomic}
   size_t OldSize                                  = 70254592                                  {product} {ergonomic}
    uintx ProfiledCodeHeapSize                     = 122909434                              {pd product} {ergonomic}
    uintx ReservedCodeCacheSize                    = 251658240                              {pd product} {ergonomic}
     bool SegmentedCodeCache                       = true                                      {product} {ergonomic}
   size_t SoftMaxHeapSize                          = 1073741824                             {manageable} {ergonomic}
     bool UseCompressedClassPointers               = true                           {product lp64_product} {ergonomic}
     bool UseCompressedOops                        = true                           {product lp64_product} {ergonomic}
     bool UseLargePagesIndividualAllocation        = false                                  {pd product} {ergonomic}
     bool UseParallelGC                            = true                                      {product} {command line}

Logging:
Log output configuration:
 #0: stdout all=off uptime,level,tags
 #1: stderr all=off uptime,level,tags

Environment Variables:
PATH=C:\Program Files\Common Files\Oracle\Java\javapath;C:\Program Files (x86)\Common Files\Oracle\Java\javapath;C:\WINDOWS\system32;C:\WINDOWS;C:\WINDOWS\System32\Wbem;C:\WINDOWS\System32\WindowsPowerShell\v1.0\;C:\WINDOWS\System32\OpenSSH\;C:\Program Files\dotnet\;C:\Program Files\Common Files\Oracle\Java\javapath;C:\Program Files\Java\jdk-11\bin;C:\Program Files (x86)\Microsoft SQL Server\160\Tools\Binn\;C:\Program Files\Microsoft SQL Server\160\Tools\Binn\;C:\Program Files\Microsoft SQL Server\Client SDK\ODBC\170\Tools\Binn\;C:\Program Files\Microsoft SQL Server\160\DTS\Binn\;C:\Program Files (x86)\Microsoft SQL Server\160\DTS\Binn\;C:\Program Files\Azure Data Studio\bin;C:\Program Files\apache-maven-3.9.6\bin;C:\Program Files\Git\cmd;C:\Program Files\nodejs\;C:\Program Files\Java\jdk-21\bin;C:\Users\Kiet\AppData\Local\Microsoft\WindowsApps;C:\Users\Kiet\AppData\Local\Programs\Microsoft VS Code\bin;C:\Users\Kiet\AppData\Local\GitHubDesktop\bin;C:\Users\Kiet\.dotnet\tools;C:\Program Files\Azure Data Studio\bin;C:\Users\Kiet\AppData\Roaming\npm
USERNAME=Kiet
OS=Windows_NT
PROCESSOR_IDENTIFIER=Intel64 Family 6 Model 126 Stepping 5, GenuineIntel
TMP=C:\Users\Kiet\AppData\Local\Temp
TEMP=C:\Users\Kiet\AppData\Local\Temp



Periodic native trim disabled


---------------  S Y S T E M  ---------------

OS:
 Windows 11 , 64 bit Build 22621 (10.0.22621.3374)
OS uptime: 0 days 2:35 hours

CPU: total 8 (initial active 8) (4 cores per cpu, 2 threads per core) family 6 model 126 stepping 5 microcode 0xa6, cx8, cmov, fxsr, ht, mmx, 3dnowpref, sse, sse2, sse3, ssse3, sse4.1, sse4.2, popcnt, lzcnt, tsc, tscinvbit, avx, avx2, aes, erms, clmul, bmi1, bmi2, adx, avx512f, avx512dq, avx512cd, avx512bw, avx512vl, sha, fma, vzeroupper, avx512_vpopcntdq, avx512_vpclmulqdq, avx512_vaes, avx512_vnni, clflush, clflushopt, avx512_vbmi2, avx512_vbmi
Processor Information for all 8 processors :
  Max Mhz: 1190, Current Mhz: 991, Mhz Limit: 987

Memory: 4k page, system-wide physical 7987M (1407M free)
TotalPageFile size 10035M (AvailPageFile size 5M)
current process WorkingSet (physical memory assigned to process): 52M, peak: 53M
current process commit charge ("private bytes"): 194M, peak: 195M

vm_info: OpenJDK 64-Bit Server VM (17.0.10+7) for windows-amd64 JRE (17.0.10+7), built on Jan 16 2024 23:25:11 by "admin" with MS VC++ 16.10 / 16.11 (VS2019)

END.
