#
# There is insufficient memory for the Java Runtime Environment to continue.
# Native memory allocation (malloc) failed to allocate 1291680 bytes for Chunk::new
# Possible reasons:
#   The system is out of physical RAM or swap space
#   The process is running with CompressedOops enabled, and the Java Heap may be blocking the growth of the native heap
# Possible solutions:
#   Reduce memory load on the system
#   Increase physical memory or swap space
#   Check if swap backing store is full
#   Decrease Java heap size (-Xmx/-Xms)
#   Decrease number of Java threads
#   Decrease Java thread stack sizes (-Xss)
#   Set larger code cache with -XX:ReservedCodeCacheSize=
#   JVM is running with Unscaled Compressed Oops mode in which the Java heap is
#     placed in the first 4GB address space. The Java Heap base address is the
#     maximum limit for the native heap growth. Please use -XX:HeapBaseMinAddress
#     to set the Java Heap base and to place the Java Heap above 4GB virtual address.
# This output file may be truncated or incomplete.
#
#  Out of Memory Error (arena.cpp:191), pid=15592, tid=12208
#
# JRE version: OpenJDK Runtime Environment Temurin-17.0.10+7 (17.0.10+7) (build 17.0.10+7)
# Java VM: OpenJDK 64-Bit Server VM Temurin-17.0.10+7 (17.0.10+7, mixed mode, tiered, compressed oops, compressed class ptrs, parallel gc, windows-amd64)
# No core dump will be written. Minidumps are not enabled by default on client versions of Windows
#

---------------  S U M M A R Y ------------

Command Line: --add-modules=ALL-SYSTEM --add-opens=java.base/java.util=ALL-UNNAMED --add-opens=java.base/java.lang=ALL-UNNAMED --add-opens=java.base/sun.nio.fs=ALL-UNNAMED -Declipse.application=org.eclipse.jdt.ls.core.id1 -Dosgi.bundles.defaultStartLevel=4 -Declipse.product=org.eclipse.jdt.ls.core.product -Djava.import.generatesMetadataFilesAtProjectRoot=false -DDetectVMInstallationsJob.disabled=true -Dfile.encoding=utf8 -XX:+UseParallelGC -XX:GCTimeRatio=4 -XX:AdaptiveSizePolicyWeight=90 -Dsun.zip.disableMemoryMapping=true -Xmx1G -Xms100m -Xlog:disable -javaagent:c:\Users\Kiet\.vscode\extensions\redhat.java-1.30.0-win32-x64\lombok\lombok-1.18.32.jar c:\Users\Kiet\.vscode\extensions\redhat.java-1.30.0-win32-x64\server\plugins\org.eclipse.equinox.launcher_1.6.800.v20240330-1250.jar -configuration c:\Users\Kiet\AppData\Roaming\Code\User\globalStorage\redhat.java\1.30.0\config_ss_win -data c:\Users\Kiet\AppData\Roaming\Code\User\workspaceStorage\b3b38d78d4b70df6aa0616a4b888d3ad\redhat.java\ss_ws --pipe=\\.\pipe\lsp-fafc1baabae39910a4951893d8910e45-sock

Host: Intel(R) Core(TM) i5-1035G1 CPU @ 1.00GHz, 8 cores, 7G,  Windows 11 , 64 bit Build 22621 (10.0.22621.3374)
Time: Sat May  4 12:35:20 2024 SE Asia Standard Time elapsed time: 8.001369 seconds (0d 0h 0m 8s)

---------------  T H R E A D  ---------------

Current thread (0x0000015172c8f770):  JavaThread "C2 CompilerThread1" daemon [_thread_in_native, id=12208, stack(0x00000031d7100000,0x00000031d7200000)]


Current CompileTask:
C2:   8001 5002       4       org.eclipse.jdt.internal.compiler.parser.Parser::consumeRule (7943 bytes)

Stack: [0x00000031d7100000,0x00000031d7200000]
Native frames: (J=compiled Java code, j=interpreted, Vv=VM code, C=native code)
V  [jvm.dll+0x67d2c9]
V  [jvm.dll+0x834afa]
V  [jvm.dll+0x8365be]
V  [jvm.dll+0x836c23]
V  [jvm.dll+0x2477ff]
V  [jvm.dll+0xac514]
V  [jvm.dll+0xacb5c]
V  [jvm.dll+0x3667d7]
V  [jvm.dll+0x330bfa]
V  [jvm.dll+0x33009a]
V  [jvm.dll+0x219ef1]
V  [jvm.dll+0x219311]
V  [jvm.dll+0x1a502d]
V  [jvm.dll+0x2290de]
V  [jvm.dll+0x2272ac]
V  [jvm.dll+0x7e9bb7]
V  [jvm.dll+0x7e3fba]
V  [jvm.dll+0x67c1b5]
C  [ucrtbase.dll+0x29333]
C  [KERNEL32.DLL+0x1257d]
C  [ntdll.dll+0x5aa48]


---------------  P R O C E S S  ---------------

Threads class SMR info:
_java_thread_list=0x000001517469a350, length=39, elements={
0x000001515855e6d0, 0x000001516c3edde0, 0x000001516c3ee9a0, 0x00000151716bd7e0,
0x00000151716dabd0, 0x00000151716db790, 0x00000151716ddb00, 0x00000151716e0cb0,
0x00000151716ee370, 0x00000151716f7500, 0x00000151717d05c0, 0x0000015171a21110,
0x000001517304ec40, 0x000001517304e730, 0x000001517304f150, 0x000001517304dd10,
0x000001517304cde0, 0x000001517304beb0, 0x000001517304e220, 0x000001517304d800,
0x000001517304c3c0, 0x000001517369a080, 0x000001517369a590, 0x000001517369c900,
0x00000151736a14f0, 0x000001517369afb0, 0x000001517369ec70, 0x00000151736a05c0,
0x000001517369c3f0, 0x000001517369b4c0, 0x000001517369e250, 0x00000151736a1a00,
0x000001517369fba0, 0x000001517369e760, 0x000001517369f180, 0x0000015172c8f770,
0x0000015172c8fcc0, 0x000001517369bee0, 0x000001517369ce10
}

Java Threads: ( => current thread )
  0x000001515855e6d0 JavaThread "main" [_thread_blocked, id=19568, stack(0x00000031d5c00000,0x00000031d5d00000)]
  0x000001516c3edde0 JavaThread "Reference Handler" daemon [_thread_blocked, id=11012, stack(0x00000031d5f00000,0x00000031d6000000)]
  0x000001516c3ee9a0 JavaThread "Finalizer" daemon [_thread_blocked, id=16880, stack(0x00000031d6000000,0x00000031d6100000)]
  0x00000151716bd7e0 JavaThread "Signal Dispatcher" daemon [_thread_blocked, id=4568, stack(0x00000031d6100000,0x00000031d6200000)]
  0x00000151716dabd0 JavaThread "Attach Listener" daemon [_thread_blocked, id=21144, stack(0x00000031d6200000,0x00000031d6300000)]
  0x00000151716db790 JavaThread "Service Thread" daemon [_thread_blocked, id=5744, stack(0x00000031d6300000,0x00000031d6400000)]
  0x00000151716ddb00 JavaThread "Monitor Deflation Thread" daemon [_thread_blocked, id=18328, stack(0x00000031d6400000,0x00000031d6500000)]
  0x00000151716e0cb0 JavaThread "C2 CompilerThread0" daemon [_thread_in_native, id=11088, stack(0x00000031d6500000,0x00000031d6600000)]
  0x00000151716ee370 JavaThread "C1 CompilerThread0" daemon [_thread_blocked, id=20504, stack(0x00000031d6600000,0x00000031d6700000)]
  0x00000151716f7500 JavaThread "Sweeper thread" daemon [_thread_blocked, id=10620, stack(0x00000031d6700000,0x00000031d6800000)]
  0x00000151717d05c0 JavaThread "Common-Cleaner" daemon [_thread_blocked, id=19404, stack(0x00000031d6800000,0x00000031d6900000)]
  0x0000015171a21110 JavaThread "Notification Thread" daemon [_thread_blocked, id=8036, stack(0x00000031d6900000,0x00000031d6a00000)]
  0x000001517304ec40 JavaThread "Active Thread: Equinox Container: 799963ce-97d8-45c2-a608-3689d02c88fe" [_thread_blocked, id=6308, stack(0x00000031d7200000,0x00000031d7300000)]
  0x000001517304e730 JavaThread "Framework Event Dispatcher: Equinox Container: 799963ce-97d8-45c2-a608-3689d02c88fe" daemon [_thread_blocked, id=6404, stack(0x00000031d7300000,0x00000031d7400000)]
  0x000001517304f150 JavaThread "Start Level: Equinox Container: 799963ce-97d8-45c2-a608-3689d02c88fe" daemon [_thread_blocked, id=9968, stack(0x00000031d7400000,0x00000031d7500000)]
  0x000001517304dd10 JavaThread "SCR Component Actor" daemon [_thread_blocked, id=9044, stack(0x00000031d7500000,0x00000031d7600000)]
  0x000001517304cde0 JavaThread "SCR Component Registry" daemon [_thread_blocked, id=1204, stack(0x00000031d7700000,0x00000031d7800000)]
  0x000001517304beb0 JavaThread "Worker-JM" [_thread_blocked, id=18344, stack(0x00000031d7800000,0x00000031d7900000)]
  0x000001517304e220 JavaThread "Worker-0" [_thread_blocked, id=21056, stack(0x00000031d7a00000,0x00000031d7b00000)]
  0x000001517304d800 JavaThread "Worker-1" [_thread_blocked, id=11584, stack(0x00000031d7b00000,0x00000031d7c00000)]
  0x000001517304c3c0 JavaThread "Worker-2" [_thread_blocked, id=10912, stack(0x00000031d7d00000,0x00000031d7e00000)]
  0x000001517369a080 JavaThread "Worker-3" [_thread_blocked, id=18480, stack(0x00000031d7900000,0x00000031d7a00000)]
  0x000001517369a590 JavaThread "JNA Cleaner" daemon [_thread_blocked, id=20576, stack(0x00000031d7e00000,0x00000031d7f00000)]
  0x000001517369c900 JavaThread "Thread-2" daemon [_thread_in_native, id=12448, stack(0x00000031d7f00000,0x00000031d8000000)]
  0x00000151736a14f0 JavaThread "Thread-3" daemon [_thread_in_native, id=13740, stack(0x00000031d8000000,0x00000031d8100000)]
  0x000001517369afb0 JavaThread "Thread-4" daemon [_thread_in_native, id=20280, stack(0x00000031d8100000,0x00000031d8200000)]
  0x000001517369ec70 JavaThread "Thread-5" daemon [_thread_in_native, id=21356, stack(0x00000031d8200000,0x00000031d8300000)]
  0x00000151736a05c0 JavaThread "Thread-6" daemon [_thread_in_native, id=15724, stack(0x00000031d8300000,0x00000031d8400000)]
  0x000001517369c3f0 JavaThread "Thread-7" daemon [_thread_in_native, id=1728, stack(0x00000031d8400000,0x00000031d8500000)]
  0x000001517369b4c0 JavaThread "Thread-8" daemon [_thread_in_native, id=1576, stack(0x00000031d8500000,0x00000031d8600000)]
  0x000001517369e250 JavaThread "Thread-9" daemon [_thread_in_native, id=7664, stack(0x00000031d8600000,0x00000031d8700000)]
  0x00000151736a1a00 JavaThread "Thread-10" daemon [_thread_in_native, id=18100, stack(0x00000031d8700000,0x00000031d8800000)]
  0x000001517369fba0 JavaThread "pool-2-thread-1" [_thread_blocked, id=19264, stack(0x00000031d8800000,0x00000031d8900000)]
  0x000001517369e760 JavaThread "WorkspaceEventsHandler" [_thread_blocked, id=13128, stack(0x00000031d8900000,0x00000031d8a00000)]
  0x000001517369f180 JavaThread "pool-1-thread-1" [_thread_in_Java, id=17264, stack(0x00000031d8a00000,0x00000031d8b00000)]
=>0x0000015172c8f770 JavaThread "C2 CompilerThread1" daemon [_thread_in_native, id=12208, stack(0x00000031d7100000,0x00000031d7200000)]
  0x0000015172c8fcc0 JavaThread "C2 CompilerThread2" daemon [_thread_in_native, id=14496, stack(0x00000031d7c00000,0x00000031d7d00000)]
  0x000001517369bee0 JavaThread "ForkJoinPool.commonPool-worker-1" daemon [_thread_blocked, id=21904, stack(0x00000031d8b00000,0x00000031d8c00000)]
  0x000001517369ce10 JavaThread "ForkJoinPool.commonPool-worker-2" daemon [_thread_blocked, id=9736, stack(0x00000031d8c00000,0x00000031d8d00000)]

Other Threads:
  0x00000151585d8d90 VMThread "VM Thread" [stack: 0x00000031d5e00000,0x00000031d5f00000] [id=6516]
  0x0000015171a07b70 WatcherThread [stack: 0x00000031d6a00000,0x00000031d6b00000] [id=18532]
  0x00000151585737d0 GCTaskThread "GC Thread#0" [stack: 0x00000031d5d00000,0x00000031d5e00000] [id=13856]
  0x0000015171a1fac0 GCTaskThread "GC Thread#1" [stack: 0x00000031d6b00000,0x00000031d6c00000] [id=20068]
  0x00000151727bf430 GCTaskThread "GC Thread#2" [stack: 0x00000031d6c00000,0x00000031d6d00000] [id=19536]
  0x0000015172e42a50 GCTaskThread "GC Thread#3" [stack: 0x00000031d6d00000,0x00000031d6e00000] [id=18000]
  0x0000015172e42d10 GCTaskThread "GC Thread#4" [stack: 0x00000031d6e00000,0x00000031d6f00000] [id=21320]
  0x0000015172e42fd0 GCTaskThread "GC Thread#5" [stack: 0x00000031d6f00000,0x00000031d7000000] [id=7220]
  0x0000015172e43290 GCTaskThread "GC Thread#6" [stack: 0x00000031d7000000,0x00000031d7100000] [id=17484]
  0x0000015172b84550 GCTaskThread "GC Thread#7" [stack: 0x00000031d7600000,0x00000031d7700000] [id=15792]

Threads with active compile tasks:
C2 CompilerThread0     8070 4742 %     4       org.lombokweb.asm.ClassReader::readCode @ 2186 (5117 bytes)
C2 CompilerThread1     8070 5002       4       org.eclipse.jdt.internal.compiler.parser.Parser::consumeRule (7943 bytes)
C2 CompilerThread2     8070 4579   !   4       org.eclipse.osgi.internal.loader.classpath.ClasspathManager::findLocalClass (210 bytes)

VM state: not at safepoint (normal execution)

VM Mutex/Monitor currently owned by a thread: None

Heap address: 0x00000000c0000000, size: 1024 MB, Compressed Oops mode: 32-bit

CDS archive(s) not mapped
Compressed class space mapped at: 0x0000000100000000-0x0000000140000000, reserved size: 1073741824
Narrow klass base: 0x0000000000000000, Narrow klass shift: 3, Narrow klass range: 0x140000000

GC Precious Log:
 CPUs: 8 total, 8 available
 Memory: 7987M
 Large Page Support: Disabled
 NUMA Support: Disabled
 Compressed Oops: Enabled (32-bit)
 Alignments: Space 512K, Generation 512K, Heap 2M
 Heap Min Capacity: 100M
 Heap Initial Capacity: 100M
 Heap Max Capacity: 1G
 Pre-touch: Disabled
 Parallel Workers: 8

Heap:
 PSYoungGen      total 23040K, used 16481K [0x00000000eab00000, 0x00000000ec780000, 0x0000000100000000)
  eden space 22016K, 72% used [0x00000000eab00000,0x00000000eba805f8,0x00000000ec080000)
  from space 1024K, 59% used [0x00000000ec600000,0x00000000ec698000,0x00000000ec700000)
  to   space 512K, 0% used [0x00000000ec700000,0x00000000ec700000,0x00000000ec780000)
 ParOldGen       total 68608K, used 29631K [0x00000000c0000000, 0x00000000c4300000, 0x00000000eab00000)
  object space 68608K, 43% used [0x00000000c0000000,0x00000000c1ceffc0,0x00000000c4300000)
 Metaspace       used 44986K, committed 45696K, reserved 1114112K
  class space    used 4525K, committed 4864K, reserved 1048576K

Card table byte_map: [0x0000015157ef0000,0x0000015158100000] _byte_map_base: 0x00000151578f0000

Marking Bits: (ParMarkBitMap*) 0x00007fff56ccd7d0
 Begin Bits: [0x000001516a1f0000, 0x000001516b1f0000)
 End Bits:   [0x000001516b1f0000, 0x000001516c1f0000)

Polling page: 0x00000151564b0000

Metaspace:

Usage:
  Non-class:     39.51 MB used.
      Class:      4.42 MB used.
       Both:     43.93 MB used.

Virtual space:
  Non-class space:       64.00 MB reserved,      39.88 MB ( 62%) committed,  1 nodes.
      Class space:        1.00 GB reserved,       4.75 MB ( <1%) committed,  1 nodes.
             Both:        1.06 GB reserved,      44.62 MB (  4%) committed. 

Chunk freelists:
   Non-Class:  7.45 MB
       Class:  11.26 MB
        Both:  18.72 MB

MaxMetaspaceSize: unlimited
CompressedClassSpaceSize: 1.00 GB
Initial GC threshold: 21.00 MB
Current GC threshold: 58.38 MB
CDS: off
MetaspaceReclaimPolicy: balanced
 - commit_granule_bytes: 65536.
 - commit_granule_words: 8192.
 - virtual_space_node_default_size: 8388608.
 - enlarge_chunks_in_place: 1.
 - new_chunks_are_fully_committed: 0.
 - uncommit_free_chunks: 1.
 - use_allocation_guard: 0.
 - handle_deallocations: 1.


Internal statistics:

num_allocs_failed_limit: 6.
num_arena_births: 396.
num_arena_deaths: 14.
num_vsnodes_births: 2.
num_vsnodes_deaths: 0.
num_space_committed: 714.
num_space_uncommitted: 0.
num_chunks_returned_to_freelist: 20.
num_chunks_taken_from_freelist: 1874.
num_chunk_merges: 11.
num_chunk_splits: 1229.
num_chunks_enlarged: 828.
num_inconsistent_stats: 0.

CodeHeap 'non-profiled nmethods': size=120000Kb used=2980Kb max_used=2980Kb free=117019Kb
 bounds [0x0000015162cc0000, 0x0000015162fb0000, 0x000001516a1f0000]
CodeHeap 'profiled nmethods': size=120000Kb used=11025Kb max_used=11025Kb free=108974Kb
 bounds [0x000001515b1f0000, 0x000001515bcc0000, 0x0000015162720000]
CodeHeap 'non-nmethods': size=5760Kb used=1327Kb max_used=1409Kb free=4432Kb
 bounds [0x0000015162720000, 0x0000015162990000, 0x0000015162cc0000]
 total_blobs=5721 nmethods=5069 adapters=566
 compilation: enabled
              stopped_count=0, restarted_count=0
 full_count=0

Compilation events (20 events):
Event: 7.967 Thread 0x00000151716ee370 5061       3       org.eclipse.jdt.internal.compiler.ast.TypeReference::getParameterizedTypeName (5 bytes)
Event: 7.967 Thread 0x00000151716ee370 nmethod 5061 0x000001515bca0510 code [0x000001515bca06c0, 0x000001515bca0888]
Event: 7.967 Thread 0x00000151716ee370 5062       3       org.eclipse.jdt.internal.core.MemberElementInfo::<init> (5 bytes)
Event: 7.968 Thread 0x00000151716ee370 nmethod 5062 0x000001515bca0910 code [0x000001515bca0ac0, 0x000001515bca0cf8]
Event: 7.968 Thread 0x00000151716ee370 5063       3       jdk.internal.reflect.UnsafeObjectFieldAccessorImpl::set (56 bytes)
Event: 7.971 Thread 0x00000151716ee370 nmethod 5063 0x000001515bca0e10 code [0x000001515bca10a0, 0x000001515bca1df8]
Event: 7.971 Thread 0x00000151716ee370 5065  s    3       java.util.Vector::removeElementAt (115 bytes)
Event: 7.973 Thread 0x00000151716ee370 nmethod 5065 0x000001515bca2210 code [0x000001515bca24a0, 0x000001515bca3008]
Event: 7.973 Thread 0x00000151716ee370 5064       3       org.eclipse.jdt.internal.core.SourceRefElement::<init> (7 bytes)
Event: 7.974 Thread 0x00000151716ee370 nmethod 5064 0x000001515bca3410 code [0x000001515bca35e0, 0x000001515bca39e8]
Event: 7.974 Thread 0x00000151716ee370 5066       1       org.eclipse.jdt.internal.core.ImportDeclaration::getElementType (3 bytes)
Event: 7.974 Thread 0x00000151716ee370 nmethod 5066 0x0000015162fa8690 code [0x0000015162fa8820, 0x0000015162fa88f8]
Event: 7.975 Thread 0x00000151716ee370 5067       1       org.eclipse.jdt.internal.core.SourceField::getElementType (3 bytes)
Event: 7.975 Thread 0x00000151716ee370 nmethod 5067 0x0000015162fa8990 code [0x0000015162fa8b20, 0x0000015162fa8bf8]
Event: 7.982 Thread 0x00000151716ee370 5068       3       org.eclipse.jdt.internal.core.util.CommentRecorderParser::flushCommentsDefinedPriorTo (463 bytes)
Event: 7.985 Thread 0x00000151716ee370 nmethod 5068 0x000001515bca3b90 code [0x000001515bca3e20, 0x000001515bca4be8]
Event: 7.989 Thread 0x00000151716ee370 5069       3       org.eclipse.jdt.internal.compiler.util.HashtableOfObjectToInt::put (104 bytes)
Event: 7.991 Thread 0x00000151716ee370 nmethod 5069 0x000001515bca5290 code [0x000001515bca5480, 0x000001515bca5b08]
Event: 7.993 Thread 0x00000151716ee370 5070   !   3       org.eclipse.jdt.internal.compiler.parser.Scanner::scanForTextBlockBeginning (99 bytes)
Event: 7.995 Thread 0x00000151716ee370 nmethod 5070 0x000001515bca5e10 code [0x000001515bca5fe0, 0x000001515bca64e8]

GC Heap History (20 events):
Event: 6.116 GC heap before
{Heap before GC invocations=14 (full 2):
 PSYoungGen      total 24064K, used 23664K [0x00000000eab00000, 0x00000000ec580000, 0x0000000100000000)
  eden space 22016K, 100% used [0x00000000eab00000,0x00000000ec080000,0x00000000ec080000)
  from space 2048K, 80% used [0x00000000ec300000,0x00000000ec49c050,0x00000000ec500000)
  to   space 512K, 0% used [0x00000000ec500000,0x00000000ec500000,0x00000000ec580000)
 ParOldGen       total 68608K, used 13851K [0x00000000c0000000, 0x00000000c4300000, 0x00000000eab00000)
  object space 68608K, 20% used [0x00000000c0000000,0x00000000c0d86dd8,0x00000000c4300000)
 Metaspace       used 39222K, committed 40000K, reserved 1114112K
  class space    used 3970K, committed 4352K, reserved 1048576K
}
Event: 6.119 GC heap after
{Heap after GC invocations=14 (full 2):
 PSYoungGen      total 22528K, used 480K [0x00000000eab00000, 0x00000000ec880000, 0x0000000100000000)
  eden space 22016K, 0% used [0x00000000eab00000,0x00000000eab00000,0x00000000ec080000)
  from space 512K, 93% used [0x00000000ec500000,0x00000000ec578010,0x00000000ec580000)
  to   space 4096K, 0% used [0x00000000ec080000,0x00000000ec080000,0x00000000ec480000)
 ParOldGen       total 68608K, used 16690K [0x00000000c0000000, 0x00000000c4300000, 0x00000000eab00000)
  object space 68608K, 24% used [0x00000000c0000000,0x00000000c104c958,0x00000000c4300000)
 Metaspace       used 39222K, committed 40000K, reserved 1114112K
  class space    used 3970K, committed 4352K, reserved 1048576K
}
Event: 6.205 GC heap before
{Heap before GC invocations=15 (full 2):
 PSYoungGen      total 22528K, used 22496K [0x00000000eab00000, 0x00000000ec880000, 0x0000000100000000)
  eden space 22016K, 100% used [0x00000000eab00000,0x00000000ec080000,0x00000000ec080000)
  from space 512K, 93% used [0x00000000ec500000,0x00000000ec578010,0x00000000ec580000)
  to   space 4096K, 0% used [0x00000000ec080000,0x00000000ec080000,0x00000000ec480000)
 ParOldGen       total 68608K, used 16690K [0x00000000c0000000, 0x00000000c4300000, 0x00000000eab00000)
  object space 68608K, 24% used [0x00000000c0000000,0x00000000c104c958,0x00000000c4300000)
 Metaspace       used 39254K, committed 40064K, reserved 1114112K
  class space    used 3970K, committed 4352K, reserved 1048576K
}
Event: 6.208 GC heap after
{Heap after GC invocations=15 (full 2):
 PSYoungGen      total 24064K, used 2016K [0x00000000eab00000, 0x00000000ec580000, 0x0000000100000000)
  eden space 22016K, 0% used [0x00000000eab00000,0x00000000eab00000,0x00000000ec080000)
  from space 2048K, 98% used [0x00000000ec080000,0x00000000ec278010,0x00000000ec280000)
  to   space 2560K, 0% used [0x00000000ec300000,0x00000000ec300000,0x00000000ec580000)
 ParOldGen       total 68608K, used 17130K [0x00000000c0000000, 0x00000000c4300000, 0x00000000eab00000)
  object space 68608K, 24% used [0x00000000c0000000,0x00000000c10ba958,0x00000000c4300000)
 Metaspace       used 39254K, committed 40064K, reserved 1114112K
  class space    used 3970K, committed 4352K, reserved 1048576K
}
Event: 6.274 GC heap before
{Heap before GC invocations=16 (full 2):
 PSYoungGen      total 24064K, used 24032K [0x00000000eab00000, 0x00000000ec580000, 0x0000000100000000)
  eden space 22016K, 100% used [0x00000000eab00000,0x00000000ec080000,0x00000000ec080000)
  from space 2048K, 98% used [0x00000000ec080000,0x00000000ec278010,0x00000000ec280000)
  to   space 2560K, 0% used [0x00000000ec300000,0x00000000ec300000,0x00000000ec580000)
 ParOldGen       total 68608K, used 17130K [0x00000000c0000000, 0x00000000c4300000, 0x00000000eab00000)
  object space 68608K, 24% used [0x00000000c0000000,0x00000000c10ba958,0x00000000c4300000)
 Metaspace       used 39278K, committed 40064K, reserved 1114112K
  class space    used 3971K, committed 4352K, reserved 1048576K
}
Event: 6.277 GC heap after
{Heap after GC invocations=16 (full 2):
 PSYoungGen      total 24576K, used 1952K [0x00000000eab00000, 0x00000000ec580000, 0x0000000100000000)
  eden space 22016K, 0% used [0x00000000eab00000,0x00000000eab00000,0x00000000ec080000)
  from space 2560K, 76% used [0x00000000ec300000,0x00000000ec4e8000,0x00000000ec580000)
  to   space 2560K, 0% used [0x00000000ec080000,0x00000000ec080000,0x00000000ec300000)
 ParOldGen       total 68608K, used 19031K [0x00000000c0000000, 0x00000000c4300000, 0x00000000eab00000)
  object space 68608K, 27% used [0x00000000c0000000,0x00000000c1295cc0,0x00000000c4300000)
 Metaspace       used 39278K, committed 40064K, reserved 1114112K
  class space    used 3971K, committed 4352K, reserved 1048576K
}
Event: 6.327 GC heap before
{Heap before GC invocations=17 (full 2):
 PSYoungGen      total 24576K, used 23967K [0x00000000eab00000, 0x00000000ec580000, 0x0000000100000000)
  eden space 22016K, 99% used [0x00000000eab00000,0x00000000ec07fff0,0x00000000ec080000)
  from space 2560K, 76% used [0x00000000ec300000,0x00000000ec4e8000,0x00000000ec580000)
  to   space 2560K, 0% used [0x00000000ec080000,0x00000000ec080000,0x00000000ec300000)
 ParOldGen       total 68608K, used 19031K [0x00000000c0000000, 0x00000000c4300000, 0x00000000eab00000)
  object space 68608K, 27% used [0x00000000c0000000,0x00000000c1295cc0,0x00000000c4300000)
 Metaspace       used 39279K, committed 40064K, reserved 1114112K
  class space    used 3971K, committed 4352K, reserved 1048576K
}
Event: 6.330 GC heap after
{Heap after GC invocations=17 (full 2):
 PSYoungGen      total 24576K, used 2112K [0x00000000eab00000, 0x00000000ec580000, 0x0000000100000000)
  eden space 22016K, 0% used [0x00000000eab00000,0x00000000eab00000,0x00000000ec080000)
  from space 2560K, 82% used [0x00000000ec080000,0x00000000ec290000,0x00000000ec300000)
  to   space 2560K, 0% used [0x00000000ec300000,0x00000000ec300000,0x00000000ec580000)
 ParOldGen       total 68608K, used 20897K [0x00000000c0000000, 0x00000000c4300000, 0x00000000eab00000)
  object space 68608K, 30% used [0x00000000c0000000,0x00000000c1468798,0x00000000c4300000)
 Metaspace       used 39279K, committed 40064K, reserved 1114112K
  class space    used 3971K, committed 4352K, reserved 1048576K
}
Event: 6.376 GC heap before
{Heap before GC invocations=18 (full 2):
 PSYoungGen      total 24576K, used 24128K [0x00000000eab00000, 0x00000000ec580000, 0x0000000100000000)
  eden space 22016K, 100% used [0x00000000eab00000,0x00000000ec080000,0x00000000ec080000)
  from space 2560K, 82% used [0x00000000ec080000,0x00000000ec290000,0x00000000ec300000)
  to   space 2560K, 0% used [0x00000000ec300000,0x00000000ec300000,0x00000000ec580000)
 ParOldGen       total 68608K, used 20897K [0x00000000c0000000, 0x00000000c4300000, 0x00000000eab00000)
  object space 68608K, 30% used [0x00000000c0000000,0x00000000c1468798,0x00000000c4300000)
 Metaspace       used 39279K, committed 40064K, reserved 1114112K
  class space    used 3971K, committed 4352K, reserved 1048576K
}
Event: 6.382 GC heap after
{Heap after GC invocations=18 (full 2):
 PSYoungGen      total 24576K, used 2240K [0x00000000eab00000, 0x00000000ec580000, 0x0000000100000000)
  eden space 22016K, 0% used [0x00000000eab00000,0x00000000eab00000,0x00000000ec080000)
  from space 2560K, 87% used [0x00000000ec300000,0x00000000ec530010,0x00000000ec580000)
  to   space 2560K, 0% used [0x00000000ec080000,0x00000000ec080000,0x00000000ec300000)
 ParOldGen       total 68608K, used 22881K [0x00000000c0000000, 0x00000000c4300000, 0x00000000eab00000)
  object space 68608K, 33% used [0x00000000c0000000,0x00000000c1658798,0x00000000c4300000)
 Metaspace       used 39279K, committed 40064K, reserved 1114112K
  class space    used 3971K, committed 4352K, reserved 1048576K
}
Event: 6.646 GC heap before
{Heap before GC invocations=19 (full 2):
 PSYoungGen      total 24576K, used 24243K [0x00000000eab00000, 0x00000000ec580000, 0x0000000100000000)
  eden space 22016K, 99% used [0x00000000eab00000,0x00000000ec07cf58,0x00000000ec080000)
  from space 2560K, 87% used [0x00000000ec300000,0x00000000ec530010,0x00000000ec580000)
  to   space 2560K, 0% used [0x00000000ec080000,0x00000000ec080000,0x00000000ec300000)
 ParOldGen       total 68608K, used 22881K [0x00000000c0000000, 0x00000000c4300000, 0x00000000eab00000)
  object space 68608K, 33% used [0x00000000c0000000,0x00000000c1658798,0x00000000c4300000)
 Metaspace       used 39783K, committed 40448K, reserved 1114112K
  class space    used 4022K, committed 4352K, reserved 1048576K
}
Event: 6.651 GC heap after
{Heap after GC invocations=19 (full 2):
 PSYoungGen      total 24576K, used 2528K [0x00000000eab00000, 0x00000000ece80000, 0x0000000100000000)
  eden space 22016K, 0% used [0x00000000eab00000,0x00000000eab00000,0x00000000ec080000)
  from space 2560K, 98% used [0x00000000ec080000,0x00000000ec2f83d8,0x00000000ec300000)
  to   space 7168K, 0% used [0x00000000ec780000,0x00000000ec780000,0x00000000ece80000)
 ParOldGen       total 68608K, used 26389K [0x00000000c0000000, 0x00000000c4300000, 0x00000000eab00000)
  object space 68608K, 38% used [0x00000000c0000000,0x00000000c19c57c8,0x00000000c4300000)
 Metaspace       used 39783K, committed 40448K, reserved 1114112K
  class space    used 4022K, committed 4352K, reserved 1048576K
}
Event: 7.056 GC heap before
{Heap before GC invocations=20 (full 2):
 PSYoungGen      total 24576K, used 24544K [0x00000000eab00000, 0x00000000ece80000, 0x0000000100000000)
  eden space 22016K, 100% used [0x00000000eab00000,0x00000000ec080000,0x00000000ec080000)
  from space 2560K, 98% used [0x00000000ec080000,0x00000000ec2f83d8,0x00000000ec300000)
  to   space 7168K, 0% used [0x00000000ec780000,0x00000000ec780000,0x00000000ece80000)
 ParOldGen       total 68608K, used 26389K [0x00000000c0000000, 0x00000000c4300000, 0x00000000eab00000)
  object space 68608K, 38% used [0x00000000c0000000,0x00000000c19c57c8,0x00000000c4300000)
 Metaspace       used 41038K, committed 41728K, reserved 1114112K
  class space    used 4165K, committed 4480K, reserved 1048576K
}
Event: 7.059 GC heap after
{Heap after GC invocations=20 (full 2):
 PSYoungGen      total 23040K, used 544K [0x00000000eab00000, 0x00000000ec880000, 0x0000000100000000)
  eden space 22016K, 0% used [0x00000000eab00000,0x00000000eab00000,0x00000000ec080000)
  from space 1024K, 53% used [0x00000000ec780000,0x00000000ec808020,0x00000000ec880000)
  to   space 2560K, 0% used [0x00000000ec380000,0x00000000ec380000,0x00000000ec600000)
 ParOldGen       total 68608K, used 28891K [0x00000000c0000000, 0x00000000c4300000, 0x00000000eab00000)
  object space 68608K, 42% used [0x00000000c0000000,0x00000000c1c36d28,0x00000000c4300000)
 Metaspace       used 41038K, committed 41728K, reserved 1114112K
  class space    used 4165K, committed 4480K, reserved 1048576K
}
Event: 7.424 GC heap before
{Heap before GC invocations=21 (full 2):
 PSYoungGen      total 23040K, used 22536K [0x00000000eab00000, 0x00000000ec880000, 0x0000000100000000)
  eden space 22016K, 99% used [0x00000000eab00000,0x00000000ec07a1a0,0x00000000ec080000)
  from space 1024K, 53% used [0x00000000ec780000,0x00000000ec808020,0x00000000ec880000)
  to   space 2560K, 0% used [0x00000000ec380000,0x00000000ec380000,0x00000000ec600000)
 ParOldGen       total 68608K, used 28891K [0x00000000c0000000, 0x00000000c4300000, 0x00000000eab00000)
  object space 68608K, 42% used [0x00000000c0000000,0x00000000c1c36d28,0x00000000c4300000)
 Metaspace       used 42422K, committed 43136K, reserved 1114112K
  class space    used 4283K, committed 4608K, reserved 1048576K
}
Event: 7.425 GC heap after
{Heap after GC invocations=21 (full 2):
 PSYoungGen      total 24576K, used 384K [0x00000000eab00000, 0x00000000ec800000, 0x0000000100000000)
  eden space 22016K, 0% used [0x00000000eab00000,0x00000000eab00000,0x00000000ec080000)
  from space 2560K, 15% used [0x00000000ec380000,0x00000000ec3e0000,0x00000000ec600000)
  to   space 1024K, 0% used [0x00000000ec700000,0x00000000ec700000,0x00000000ec800000)
 ParOldGen       total 68608K, used 29295K [0x00000000c0000000, 0x00000000c4300000, 0x00000000eab00000)
  object space 68608K, 42% used [0x00000000c0000000,0x00000000c1c9bfc0,0x00000000c4300000)
 Metaspace       used 42422K, committed 43136K, reserved 1114112K
  class space    used 4283K, committed 4608K, reserved 1048576K
}
Event: 7.524 GC heap before
{Heap before GC invocations=22 (full 2):
 PSYoungGen      total 24576K, used 22400K [0x00000000eab00000, 0x00000000ec800000, 0x0000000100000000)
  eden space 22016K, 100% used [0x00000000eab00000,0x00000000ec080000,0x00000000ec080000)
  from space 2560K, 15% used [0x00000000ec380000,0x00000000ec3e0000,0x00000000ec600000)
  to   space 1024K, 0% used [0x00000000ec700000,0x00000000ec700000,0x00000000ec800000)
 ParOldGen       total 68608K, used 29295K [0x00000000c0000000, 0x00000000c4300000, 0x00000000eab00000)
  object space 68608K, 42% used [0x00000000c0000000,0x00000000c1c9bfc0,0x00000000c4300000)
 Metaspace       used 42494K, committed 43264K, reserved 1114112K
  class space    used 4287K, committed 4608K, reserved 1048576K
}
Event: 7.526 GC heap after
{Heap after GC invocations=22 (full 2):
 PSYoungGen      total 23040K, used 903K [0x00000000eab00000, 0x00000000ec800000, 0x0000000100000000)
  eden space 22016K, 0% used [0x00000000eab00000,0x00000000eab00000,0x00000000ec080000)
  from space 1024K, 88% used [0x00000000ec700000,0x00000000ec7e1f98,0x00000000ec800000)
  to   space 1024K, 0% used [0x00000000ec600000,0x00000000ec600000,0x00000000ec700000)
 ParOldGen       total 68608K, used 29567K [0x00000000c0000000, 0x00000000c4300000, 0x00000000eab00000)
  object space 68608K, 43% used [0x00000000c0000000,0x00000000c1cdffc0,0x00000000c4300000)
 Metaspace       used 42494K, committed 43264K, reserved 1114112K
  class space    used 4287K, committed 4608K, reserved 1048576K
}
Event: 7.653 GC heap before
{Heap before GC invocations=23 (full 2):
 PSYoungGen      total 23040K, used 22919K [0x00000000eab00000, 0x00000000ec800000, 0x0000000100000000)
  eden space 22016K, 100% used [0x00000000eab00000,0x00000000ec080000,0x00000000ec080000)
  from space 1024K, 88% used [0x00000000ec700000,0x00000000ec7e1f98,0x00000000ec800000)
  to   space 1024K, 0% used [0x00000000ec600000,0x00000000ec600000,0x00000000ec700000)
 ParOldGen       total 68608K, used 29567K [0x00000000c0000000, 0x00000000c4300000, 0x00000000eab00000)
  object space 68608K, 43% used [0x00000000c0000000,0x00000000c1cdffc0,0x00000000c4300000)
 Metaspace       used 43557K, committed 44352K, reserved 1114112K
  class space    used 4389K, committed 4736K, reserved 1048576K
}
Event: 7.654 GC heap after
{Heap after GC invocations=23 (full 2):
 PSYoungGen      total 23040K, used 608K [0x00000000eab00000, 0x00000000ec780000, 0x0000000100000000)
  eden space 22016K, 0% used [0x00000000eab00000,0x00000000eab00000,0x00000000ec080000)
  from space 1024K, 59% used [0x00000000ec600000,0x00000000ec698000,0x00000000ec700000)
  to   space 512K, 0% used [0x00000000ec700000,0x00000000ec700000,0x00000000ec780000)
 ParOldGen       total 68608K, used 29631K [0x00000000c0000000, 0x00000000c4300000, 0x00000000eab00000)
  object space 68608K, 43% used [0x00000000c0000000,0x00000000c1ceffc0,0x00000000c4300000)
 Metaspace       used 43557K, committed 44352K, reserved 1114112K
  class space    used 4389K, committed 4736K, reserved 1048576K
}

Dll operation events (10 events):
Event: 0.013 Loaded shared library c:\Users\Kiet\.vscode\extensions\redhat.java-1.30.0-win32-x64\jre\17.0.10-win32-x86_64\bin\java.dll
Event: 0.368 Loaded shared library c:\Users\Kiet\.vscode\extensions\redhat.java-1.30.0-win32-x64\jre\17.0.10-win32-x86_64\bin\zip.dll
Event: 0.372 Loaded shared library C:\Users\Kiet\.vscode\extensions\redhat.java-1.30.0-win32-x64\jre\17.0.10-win32-x86_64\bin\instrument.dll
Event: 0.398 Loaded shared library C:\Users\Kiet\.vscode\extensions\redhat.java-1.30.0-win32-x64\jre\17.0.10-win32-x86_64\bin\net.dll
Event: 0.400 Loaded shared library C:\Users\Kiet\.vscode\extensions\redhat.java-1.30.0-win32-x64\jre\17.0.10-win32-x86_64\bin\nio.dll
Event: 0.418 Loaded shared library C:\Users\Kiet\.vscode\extensions\redhat.java-1.30.0-win32-x64\jre\17.0.10-win32-x86_64\bin\zip.dll
Event: 0.454 Loaded shared library C:\Users\Kiet\.vscode\extensions\redhat.java-1.30.0-win32-x64\jre\17.0.10-win32-x86_64\bin\jimage.dll
Event: 0.561 Loaded shared library c:\Users\Kiet\.vscode\extensions\redhat.java-1.30.0-win32-x64\jre\17.0.10-win32-x86_64\bin\verify.dll
Event: 2.132 Loaded shared library C:\Users\Kiet\AppData\Roaming\Code\User\globalStorage\redhat.java\1.30.0\config_ss_win\org.eclipse.equinox.launcher\org.eclipse.equinox.launcher.win32.win32.x86_64_1.2.900.v20240213-1244\eclipse_11900.dll
Event: 5.099 Loaded shared library C:\Users\Kiet\AppData\Local\Temp\jna-2338477\jna13037514831701569966.dll

Deoptimization events (20 events):
Event: 7.852 Thread 0x000001517369f180 Uncommon trap: trap_request=0xffffff45 fr.pc=0x0000015162f96814 relative=0x0000000000000174
Event: 7.852 Thread 0x000001517369f180 Uncommon trap: reason=unstable_if action=reinterpret pc=0x0000015162f96814 method=java.util.regex.Pattern$BmpCharProperty.match(Ljava/util/regex/Matcher;ILjava/lang/CharSequence;)Z @ 39 c2
Event: 7.852 Thread 0x000001517369f180 DEOPT PACKING pc=0x0000015162f96814 sp=0x00000031d8afdd40
Event: 7.852 Thread 0x000001517369f180 DEOPT UNPACKING pc=0x0000015162779ea3 sp=0x00000031d8afdcf0 mode 2
Event: 7.853 Thread 0x000001517369f180 Uncommon trap: trap_request=0xffffff45 fr.pc=0x0000015162ed1f54 relative=0x0000000000000234
Event: 7.853 Thread 0x000001517369f180 Uncommon trap: reason=unstable_if action=reinterpret pc=0x0000015162ed1f54 method=org.eclipse.jdt.internal.core.util.Util.equalArraysOrNull([Ljava/lang/Object;[Ljava/lang/Object;)Z @ 23 c2
Event: 7.853 Thread 0x000001517369f180 DEOPT PACKING pc=0x0000015162ed1f54 sp=0x00000031d8afdaa0
Event: 7.853 Thread 0x000001517369f180 DEOPT UNPACKING pc=0x0000015162779ea3 sp=0x00000031d8afda38 mode 2
Event: 7.892 Thread 0x000001517369f180 Uncommon trap: trap_request=0xffffffcc fr.pc=0x0000015162fa3308 relative=0x0000000000001a88
Event: 7.892 Thread 0x000001517369f180 Uncommon trap: reason=intrinsic_or_type_checked_inlining action=make_not_entrant pc=0x0000015162fa3308 method=java.util.ArrayList$SubList.toArray([Ljava/lang/Object;)[Ljava/lang/Object; @ 58 c2
Event: 7.892 Thread 0x000001517369f180 DEOPT PACKING pc=0x0000015162fa3308 sp=0x00000031d8afd1d0
Event: 7.892 Thread 0x000001517369f180 DEOPT UNPACKING pc=0x0000015162779ea3 sp=0x00000031d8afd108 mode 2
Event: 7.957 Thread 0x000001517369f180 Uncommon trap: trap_request=0xffffffde fr.pc=0x0000015162e16f98 relative=0x0000000000000878
Event: 7.957 Thread 0x000001517369f180 Uncommon trap: reason=class_check action=maybe_recompile pc=0x0000015162e16f98 method=java.util.HashMap.putVal(ILjava/lang/Object;Ljava/lang/Object;ZZ)Ljava/lang/Object; @ 203 c2
Event: 7.957 Thread 0x000001517369f180 DEOPT PACKING pc=0x0000015162e16f98 sp=0x00000031d8afd490
Event: 7.957 Thread 0x000001517369f180 DEOPT UNPACKING pc=0x0000015162779ea3 sp=0x00000031d8afd400 mode 2
Event: 7.957 Thread 0x000001517369f180 Uncommon trap: trap_request=0xffffffde fr.pc=0x0000015162e16f98 relative=0x0000000000000878
Event: 7.957 Thread 0x000001517369f180 Uncommon trap: reason=class_check action=maybe_recompile pc=0x0000015162e16f98 method=java.util.HashMap.putVal(ILjava/lang/Object;Ljava/lang/Object;ZZ)Ljava/lang/Object; @ 203 c2
Event: 7.957 Thread 0x000001517369f180 DEOPT PACKING pc=0x0000015162e16f98 sp=0x00000031d8afd490
Event: 7.957 Thread 0x000001517369f180 DEOPT UNPACKING pc=0x0000015162779ea3 sp=0x00000031d8afd400 mode 2

Classes unloaded (7 events):
Event: 3.228 Thread 0x00000151585d8d90 Unloading class 0x000000010021a400 'java/lang/invoke/LambdaForm$MH+0x000000010021a400'
Event: 3.228 Thread 0x00000151585d8d90 Unloading class 0x000000010021a000 'java/lang/invoke/LambdaForm$MH+0x000000010021a000'
Event: 3.228 Thread 0x00000151585d8d90 Unloading class 0x0000000100219c00 'java/lang/invoke/LambdaForm$MH+0x0000000100219c00'
Event: 3.228 Thread 0x00000151585d8d90 Unloading class 0x0000000100219800 'java/lang/invoke/LambdaForm$MH+0x0000000100219800'
Event: 3.228 Thread 0x00000151585d8d90 Unloading class 0x0000000100219400 'java/lang/invoke/LambdaForm$BMH+0x0000000100219400'
Event: 3.228 Thread 0x00000151585d8d90 Unloading class 0x0000000100219000 'java/lang/invoke/LambdaForm$DMH+0x0000000100219000'
Event: 3.228 Thread 0x00000151585d8d90 Unloading class 0x0000000100214400 'java/lang/invoke/LambdaForm$DMH+0x0000000100214400'

Classes redefined (0 events):
No events

Internal exceptions (20 events):
Event: 5.143 Thread 0x000001517304f150 Exception <a 'java/io/FileNotFoundException'{0x00000000eb74d018}> (0x00000000eb74d018) 
thrown [s\src\hotspot\share\prims\jni.cpp, line 516]
Event: 5.154 Thread 0x000001517304f150 Exception <a 'java/lang/UnsatisfiedLinkError'{0x00000000eb7eada8}: The specified procedure could not be found.
> (0x00000000eb7eada8) 
thrown [s\src\hotspot\share\prims\jni.cpp, line 535]
Event: 5.187 Thread 0x000001515855e6d0 Exception <a 'java/lang/NoSuchMethodError'{0x00000000eba967e8}: 'java.lang.Object java.lang.invoke.DirectMethodHandle$Holder.invokeStatic(java.lang.Object, java.lang.Object, long, java.lang.Object)'> (0x00000000eba967e8) 
thrown [s\src\hotspot\share\interpreter\linkResolver.cpp, line 759]
Event: 5.187 Thread 0x000001515855e6d0 Exception <a 'java/lang/NoSuchMethodError'{0x00000000eba9a4d8}: 'java.lang.Object java.lang.invoke.DirectMethodHandle$Holder.invokeStaticInit(java.lang.Object, java.lang.Object, long, java.lang.Object)'> (0x00000000eba9a4d8) 
thrown [s\src\hotspot\share\interpreter\linkResolver.cpp, line 759]
Event: 5.188 Thread 0x000001515855e6d0 Exception <a 'java/lang/NoSuchMethodError'{0x00000000ebaa0ae8}: 'java.lang.Object java.lang.invoke.DirectMethodHandle$Holder.newInvokeSpecial(java.lang.Object, java.lang.Object, long)'> (0x00000000ebaa0ae8) 
thrown [s\src\hotspot\share\interpreter\linkResolver.cpp, line 759]
Event: 5.246 Thread 0x000001515855e6d0 Exception <a 'java/lang/NoSuchMethodError'{0x00000000ebe140b8}: 'void java.lang.invoke.DirectMethodHandle$Holder.invokeStatic(java.lang.Object, java.lang.Object, java.lang.Object, java.lang.Object)'> (0x00000000ebe140b8) 
thrown [s\src\hotspot\share\interpreter\linkResolver.cpp, line 759]
Event: 5.455 Thread 0x000001515855e6d0 Exception <a 'java/lang/NoSuchMethodError'{0x00000000eb3f9200}: 'void java.lang.invoke.DirectMethodHandle$Holder.invokeSpecial(java.lang.Object, java.lang.Object, java.lang.Object, java.lang.Object, java.lang.Object, java.lang.Object)'> (0x00000000eb3f9200) 
thrown [s\src\hotspot\share\interpreter\linkResolver.cpp, line 759]
Event: 5.457 Thread 0x000001515855e6d0 Exception <a 'java/lang/IncompatibleClassChangeError'{0x00000000eb402ab0}: Found class java.lang.Object, but interface was expected> (0x00000000eb402ab0) 
thrown [s\src\hotspot\share\interpreter\linkResolver.cpp, line 826]
Event: 5.569 Thread 0x000001517304e220 Exception <a 'java/io/FileNotFoundException'{0x00000000ebce20f0}> (0x00000000ebce20f0) 
thrown [s\src\hotspot\share\prims\jni.cpp, line 516]
Event: 5.569 Thread 0x000001517304e220 Exception <a 'java/io/FileNotFoundException'{0x00000000ebce30d8}> (0x00000000ebce30d8) 
thrown [s\src\hotspot\share\prims\jni.cpp, line 516]
Event: 5.569 Thread 0x000001517304e220 Exception <a 'java/io/FileNotFoundException'{0x00000000ebce3e38}> (0x00000000ebce3e38) 
thrown [s\src\hotspot\share\prims\jni.cpp, line 516]
Event: 5.585 Thread 0x000001517369f180 Exception <a 'java/io/FileNotFoundException'{0x00000000ebe8f1e8}> (0x00000000ebe8f1e8) 
thrown [s\src\hotspot\share\prims\jni.cpp, line 516]
Event: 5.819 Thread 0x000001517304c3c0 Exception <a 'java/lang/NoSuchMethodError'{0x00000000eb339bb0}: 'java.lang.Object java.lang.invoke.Invokers$Holder.invoke_MT(java.lang.Object, java.lang.Object, java.lang.Object)'> (0x00000000eb339bb0) 
thrown [s\src\hotspot\share\interpreter\linkResolver.cpp, line 759]
Event: 6.610 Thread 0x000001517369ce10 Exception <a 'java/lang/NoSuchMethodError'{0x00000000ebe5dbc0}: 'java.lang.Object java.lang.invoke.DirectMethodHandle$Holder.invokeInterface(java.lang.Object, java.lang.Object, java.lang.Object)'> (0x00000000ebe5dbc0) 
thrown [s\src\hotspot\share\interpreter\linkResolver.cpp, line 759]
Event: 6.610 Thread 0x000001517369bee0 Exception <a 'java/lang/NoSuchMethodError'{0x00000000ebe3e898}: 'java.lang.Object java.lang.invoke.DirectMethodHandle$Holder.invokeInterface(java.lang.Object, java.lang.Object, java.lang.Object)'> (0x00000000ebe3e898) 
thrown [s\src\hotspot\share\interpreter\linkResolver.cpp, line 759]
Event: 6.719 Thread 0x000001517369f180 Exception <a 'java/lang/LinkageError'{0x00000000eafdbf10}: loader lombok.launch.ShadowClassLoader @229454f9 attempted duplicate class definition for lombok.launch.PatchFixesHider$Transform. (lombok.launch.PatchFixesHider$Transform is in unnamed module of loader lombok.launch.ShadowClassLoader @229454f9, parent loader org.eclipse.osgi.internal.loader.EquinoxClassLoader @32ceb6d3)> (0x00000000eafdbf10) 
thrown [s\src\hotspot\share\classfile\systemDictionary.cpp, line 1724]
Event: 6.721 Thread 0x000001517369bee0 Exception <a 'java/lang/LinkageError'{0x00000000eaffcbd0}: loader lombok.launch.ShadowClassLoader @229454f9 attempted duplicate class definition for lombok.launch.PatchFixesHider$Transform. (lombok.launch.PatchFixesHider$Transform is in unnamed module of loader lombok.launch.ShadowClassLoader @229454f9, parent loader org.eclipse.osgi.internal.loader.EquinoxClassLoader @32ceb6d3)> (0x00000000eaffcbd0) 
thrown [s\src\hotspot\share\classfile\systemDictionary.cpp, line 1724]
Event: 7.251 Thread 0x000001517369ce10 Implicit null exception at 0x0000015162f4b64f to 0x0000015162f4c344
Event: 7.384 Thread 0x000001517369f180 Exception <a 'java/lang/LinkageError'{0x00000000ebeff0b8}: loader lombok.launch.ShadowClassLoader @229454f9 attempted duplicate class definition for lombok.launch.PatchFixesHider$ValPortal. (lombok.launch.PatchFixesHider$ValPortal is in unnamed module of loader lombok.launch.ShadowClassLoader @229454f9, parent loader org.eclipse.osgi.internal.loader.EquinoxClassLoader @32ceb6d3)> (0x00000000ebeff0b8) 
thrown [s\src\hotspot\share\classfile\systemDictionary.cpp, line 1724]
Event: 7.388 Thread 0x000001517369bee0 Exception <a 'java/lang/LinkageError'{0x00000000ebf32490}: loader lombok.launch.ShadowClassLoader @229454f9 attempted duplicate class definition for lombok.launch.PatchFixesHider$ValPortal. (lombok.launch.PatchFixesHider$ValPortal is in unnamed module of loader lombok.launch.ShadowClassLoader @229454f9, parent loader org.eclipse.osgi.internal.loader.EquinoxClassLoader @32ceb6d3)> (0x00000000ebf32490) 
thrown [s\src\hotspot\share\classfile\systemDictionary.cpp, line 1724]

VM Operations (20 events):
Event: 6.274 Executing VM operation: ParallelGCFailedAllocation
Event: 6.277 Executing VM operation: ParallelGCFailedAllocation done
Event: 6.327 Executing VM operation: ParallelGCFailedAllocation
Event: 6.330 Executing VM operation: ParallelGCFailedAllocation done
Event: 6.376 Executing VM operation: ParallelGCFailedAllocation
Event: 6.382 Executing VM operation: ParallelGCFailedAllocation done
Event: 6.500 Executing VM operation: HandshakeAllThreads
Event: 6.500 Executing VM operation: HandshakeAllThreads done
Event: 6.643 Executing VM operation: ParallelGCFailedAllocation
Event: 6.651 Executing VM operation: ParallelGCFailedAllocation done
Event: 7.056 Executing VM operation: ParallelGCFailedAllocation
Event: 7.059 Executing VM operation: ParallelGCFailedAllocation done
Event: 7.424 Executing VM operation: ParallelGCFailedAllocation
Event: 7.425 Executing VM operation: ParallelGCFailedAllocation done
Event: 7.524 Executing VM operation: ParallelGCFailedAllocation
Event: 7.526 Executing VM operation: ParallelGCFailedAllocation done
Event: 7.653 Executing VM operation: ParallelGCFailedAllocation
Event: 7.654 Executing VM operation: ParallelGCFailedAllocation done
Event: 7.704 Executing VM operation: HandshakeAllThreads
Event: 7.704 Executing VM operation: HandshakeAllThreads done

Events (20 events):
Event: 7.302 loading class java/util/regex/Pattern$Caret
Event: 7.302 loading class java/util/regex/Pattern$Caret done
Event: 7.658 loading class java/util/function/ToIntFunction
Event: 7.658 loading class java/util/function/ToIntFunction done
Event: 7.658 loading class java/util/stream/ReferencePipeline$4
Event: 7.659 loading class java/util/stream/ReferencePipeline$4 done
Event: 7.659 loading class java/util/stream/Nodes$IntFixedNodeBuilder
Event: 7.660 loading class java/util/stream/Node$Builder$OfInt
Event: 7.660 loading class java/util/stream/Node$Builder$OfInt done
Event: 7.660 loading class java/util/stream/Nodes$IntArrayNode
Event: 7.660 loading class java/util/stream/Nodes$IntArrayNode done
Event: 7.660 loading class java/util/stream/Nodes$IntFixedNodeBuilder done
Event: 7.660 loading class java/util/stream/ReferencePipeline$4$1
Event: 7.661 loading class java/util/stream/ReferencePipeline$4$1 done
Event: 7.716 loading class java/util/Hashtable$ValueCollection
Event: 7.717 loading class java/util/Hashtable$ValueCollection done
Event: 7.734 loading class java/util/concurrent/locks/ReentrantReadWriteLock$Sync$HoldCounter
Event: 7.734 loading class java/util/concurrent/locks/ReentrantReadWriteLock$Sync$HoldCounter done
Event: 7.841 loading class java/util/regex/PatternSyntaxException
Event: 7.841 loading class java/util/regex/PatternSyntaxException done


Dynamic libraries:
0x00007ff6d1110000 - 0x00007ff6d111e000 	c:\Users\Kiet\.vscode\extensions\redhat.java-1.30.0-win32-x64\jre\17.0.10-win32-x86_64\bin\java.exe
0x00007fff9c990000 - 0x00007fff9cba6000 	C:\WINDOWS\SYSTEM32\ntdll.dll
0x00007fff9b380000 - 0x00007fff9b444000 	C:\WINDOWS\System32\KERNEL32.DLL
0x00007fff99fd0000 - 0x00007fff9a377000 	C:\WINDOWS\System32\KERNELBASE.dll
0x00007fff9a480000 - 0x00007fff9a591000 	C:\WINDOWS\System32\ucrtbase.dll
0x00007fff94cc0000 - 0x00007fff94cd7000 	c:\Users\Kiet\.vscode\extensions\redhat.java-1.30.0-win32-x64\jre\17.0.10-win32-x86_64\bin\jli.dll
0x00007fff9ba00000 - 0x00007fff9bbae000 	C:\WINDOWS\System32\USER32.dll
0x00007fff9a420000 - 0x00007fff9a446000 	C:\WINDOWS\System32\win32u.dll
0x00007fff9b9a0000 - 0x00007fff9b9c9000 	C:\WINDOWS\System32\GDI32.dll
0x00007fff9a5a0000 - 0x00007fff9a6b9000 	C:\WINDOWS\System32\gdi32full.dll
0x00007fff9a380000 - 0x00007fff9a41a000 	C:\WINDOWS\System32\msvcp_win.dll
0x00007fff80180000 - 0x00007fff80413000 	C:\WINDOWS\WinSxS\amd64_microsoft.windows.common-controls_6595b64144ccf1df_6.0.22621.3235_none_270f74e173860f98\COMCTL32.dll
0x00007fff9c5b0000 - 0x00007fff9c657000 	C:\WINDOWS\System32\msvcrt.dll
0x00007fff94d00000 - 0x00007fff94d1b000 	c:\Users\Kiet\.vscode\extensions\redhat.java-1.30.0-win32-x64\jre\17.0.10-win32-x86_64\bin\VCRUNTIME140.dll
0x00007fff9ac60000 - 0x00007fff9ac91000 	C:\WINDOWS\System32\IMM32.DLL
0x00007fff94cf0000 - 0x00007fff94cfc000 	c:\Users\Kiet\.vscode\extensions\redhat.java-1.30.0-win32-x64\jre\17.0.10-win32-x86_64\bin\vcruntime140_1.dll
0x00007fff76740000 - 0x00007fff767cd000 	c:\Users\Kiet\.vscode\extensions\redhat.java-1.30.0-win32-x64\jre\17.0.10-win32-x86_64\bin\msvcp140.dll
0x00007fff56130000 - 0x00007fff56d92000 	c:\Users\Kiet\.vscode\extensions\redhat.java-1.30.0-win32-x64\jre\17.0.10-win32-x86_64\bin\server\jvm.dll
0x00007fff9c4f0000 - 0x00007fff9c5a2000 	C:\WINDOWS\System32\ADVAPI32.dll
0x00007fff9b450000 - 0x00007fff9b4f8000 	C:\WINDOWS\System32\sechost.dll
0x00007fff9a450000 - 0x00007fff9a478000 	C:\WINDOWS\System32\bcrypt.dll
0x00007fff9b870000 - 0x00007fff9b985000 	C:\WINDOWS\System32\RPCRT4.dll
0x00007fff93430000 - 0x00007fff93439000 	C:\WINDOWS\SYSTEM32\WSOCK32.dll
0x00007fff99b80000 - 0x00007fff99bcd000 	C:\WINDOWS\SYSTEM32\POWRPROF.dll
0x00007fff9c8c0000 - 0x00007fff9c931000 	C:\WINDOWS\System32\WS2_32.dll
0x00007fff91a00000 - 0x00007fff91a34000 	C:\WINDOWS\SYSTEM32\WINMM.dll
0x00007fff8e680000 - 0x00007fff8e68a000 	C:\WINDOWS\SYSTEM32\VERSION.dll
0x00007fff99b60000 - 0x00007fff99b73000 	C:\WINDOWS\SYSTEM32\UMPDC.dll
0x00007fff98cf0000 - 0x00007fff98d08000 	C:\WINDOWS\SYSTEM32\kernel.appcore.dll
0x00007fff93420000 - 0x00007fff9342a000 	c:\Users\Kiet\.vscode\extensions\redhat.java-1.30.0-win32-x64\jre\17.0.10-win32-x86_64\bin\jimage.dll
0x00007fff97540000 - 0x00007fff97773000 	C:\WINDOWS\SYSTEM32\DBGHELP.DLL
0x00007fff9a8d0000 - 0x00007fff9ac58000 	C:\WINDOWS\System32\combase.dll
0x00007fff9ae20000 - 0x00007fff9aef7000 	C:\WINDOWS\System32\OLEAUT32.dll
0x00007fff85450000 - 0x00007fff85482000 	C:\WINDOWS\SYSTEM32\dbgcore.DLL
0x00007fff99f50000 - 0x00007fff99fc9000 	C:\WINDOWS\System32\bcryptPrimitives.dll
0x00007fff93340000 - 0x00007fff9334e000 	c:\Users\Kiet\.vscode\extensions\redhat.java-1.30.0-win32-x64\jre\17.0.10-win32-x86_64\bin\instrument.dll
0x00007fff92ce0000 - 0x00007fff92d05000 	c:\Users\Kiet\.vscode\extensions\redhat.java-1.30.0-win32-x64\jre\17.0.10-win32-x86_64\bin\java.dll
0x00007fff93320000 - 0x00007fff93338000 	c:\Users\Kiet\.vscode\extensions\redhat.java-1.30.0-win32-x64\jre\17.0.10-win32-x86_64\bin\zip.dll
0x00007fff9bc90000 - 0x00007fff9c4ec000 	C:\WINDOWS\System32\SHELL32.dll
0x00007fff97c10000 - 0x00007fff98509000 	C:\WINDOWS\SYSTEM32\windows.storage.dll
0x00007fff97ad0000 - 0x00007fff97c0e000 	C:\WINDOWS\SYSTEM32\wintypes.dll
0x00007fff9aca0000 - 0x00007fff9ad93000 	C:\WINDOWS\System32\SHCORE.dll
0x00007fff9a6c0000 - 0x00007fff9a71e000 	C:\WINDOWS\System32\shlwapi.dll
0x00007fff99be0000 - 0x00007fff99c01000 	C:\WINDOWS\SYSTEM32\profapi.dll
0x00007fff88eb0000 - 0x00007fff88ec9000 	C:\Users\Kiet\.vscode\extensions\redhat.java-1.30.0-win32-x64\jre\17.0.10-win32-x86_64\bin\net.dll
0x00007fff92fd0000 - 0x00007fff93106000 	C:\WINDOWS\SYSTEM32\WINHTTP.dll
0x00007fff99160000 - 0x00007fff991c9000 	C:\WINDOWS\system32\mswsock.dll
0x00007fff88050000 - 0x00007fff88066000 	C:\Users\Kiet\.vscode\extensions\redhat.java-1.30.0-win32-x64\jre\17.0.10-win32-x86_64\bin\nio.dll
0x00007fff931b0000 - 0x00007fff931c0000 	c:\Users\Kiet\.vscode\extensions\redhat.java-1.30.0-win32-x64\jre\17.0.10-win32-x86_64\bin\verify.dll
0x00007fff8a000000 - 0x00007fff8a03e000 	C:\Users\Kiet\AppData\Roaming\Code\User\globalStorage\redhat.java\1.30.0\config_ss_win\org.eclipse.equinox.launcher\org.eclipse.equinox.launcher.win32.win32.x86_64_1.2.900.v20240213-1244\eclipse_11900.dll
0x00007fff9a720000 - 0x00007fff9a8c5000 	C:\WINDOWS\System32\ole32.dll
0x00007fff993c0000 - 0x00007fff993db000 	C:\WINDOWS\SYSTEM32\CRYPTSP.dll
0x00007fff98c50000 - 0x00007fff98c85000 	C:\WINDOWS\system32\rsaenh.dll
0x00007fff99260000 - 0x00007fff99288000 	C:\WINDOWS\SYSTEM32\USERENV.dll
0x00007fff993e0000 - 0x00007fff993ec000 	C:\WINDOWS\SYSTEM32\CRYPTBASE.dll
0x00007fff98770000 - 0x00007fff9879d000 	C:\WINDOWS\SYSTEM32\IPHLPAPI.DLL
0x00007fff9b990000 - 0x00007fff9b999000 	C:\WINDOWS\System32\NSI.dll
0x00007fff932c0000 - 0x00007fff932d9000 	C:\WINDOWS\SYSTEM32\dhcpcsvc6.DLL
0x00007fff92910000 - 0x00007fff9292f000 	C:\WINDOWS\SYSTEM32\dhcpcsvc.DLL
0x00007fff987e0000 - 0x00007fff988d9000 	C:\WINDOWS\SYSTEM32\DNSAPI.dll
0x00007fff767d0000 - 0x00007fff76815000 	C:\Users\Kiet\AppData\Local\Temp\jna-2338477\jna13037514831701569966.dll
0x00007fff9c940000 - 0x00007fff9c948000 	C:\WINDOWS\System32\PSAPI.DLL

dbghelp: loaded successfully - version: 4.0.5 - missing functions: none
symbol engine: initialized successfully - sym options: 0x614 - pdb path: .;c:\Users\Kiet\.vscode\extensions\redhat.java-1.30.0-win32-x64\jre\17.0.10-win32-x86_64\bin;C:\WINDOWS\SYSTEM32;C:\WINDOWS\WinSxS\amd64_microsoft.windows.common-controls_6595b64144ccf1df_6.0.22621.3235_none_270f74e173860f98;c:\Users\Kiet\.vscode\extensions\redhat.java-1.30.0-win32-x64\jre\17.0.10-win32-x86_64\bin\server;C:\Users\Kiet\AppData\Roaming\Code\User\globalStorage\redhat.java\1.30.0\config_ss_win\org.eclipse.equinox.launcher\org.eclipse.equinox.launcher.win32.win32.x86_64_1.2.900.v20240213-1244;C:\Users\Kiet\AppData\Local\Temp\jna-2338477

VM Arguments:
jvm_args: --add-modules=ALL-SYSTEM --add-opens=java.base/java.util=ALL-UNNAMED --add-opens=java.base/java.lang=ALL-UNNAMED --add-opens=java.base/sun.nio.fs=ALL-UNNAMED -Declipse.application=org.eclipse.jdt.ls.core.id1 -Dosgi.bundles.defaultStartLevel=4 -Declipse.product=org.eclipse.jdt.ls.core.product -Djava.import.generatesMetadataFilesAtProjectRoot=false -DDetectVMInstallationsJob.disabled=true -Dfile.encoding=utf8 -XX:+UseParallelGC -XX:GCTimeRatio=4 -XX:AdaptiveSizePolicyWeight=90 -Dsun.zip.disableMemoryMapping=true -Xmx1G -Xms100m -Xlog:disable -javaagent:c:\Users\Kiet\.vscode\extensions\redhat.java-1.30.0-win32-x64\lombok\lombok-1.18.32.jar 
java_command: c:\Users\Kiet\.vscode\extensions\redhat.java-1.30.0-win32-x64\server\plugins\org.eclipse.equinox.launcher_1.6.800.v20240330-1250.jar -configuration c:\Users\Kiet\AppData\Roaming\Code\User\globalStorage\redhat.java\1.30.0\config_ss_win -data c:\Users\Kiet\AppData\Roaming\Code\User\workspaceStorage\b3b38d78d4b70df6aa0616a4b888d3ad\redhat.java\ss_ws --pipe=\\.\pipe\lsp-fafc1baabae39910a4951893d8910e45-sock
java_class_path (initial): c:\Users\Kiet\.vscode\extensions\redhat.java-1.30.0-win32-x64\server\plugins\org.eclipse.equinox.launcher_1.6.800.v20240330-1250.jar
Launcher Type: SUN_STANDARD

[Global flags]
    uintx AdaptiveSizePolicyWeight                 = 90                                        {product} {command line}
     intx CICompilerCount                          = 4                                         {product} {ergonomic}
    uintx GCTimeRatio                              = 4                                         {product} {command line}
   size_t InitialHeapSize                          = 104857600                                 {product} {command line}
   size_t MaxHeapSize                              = 1073741824                                {product} {command line}
   size_t MaxNewSize                               = 357564416                                 {product} {ergonomic}
   size_t MinHeapDeltaBytes                        = 524288                                    {product} {ergonomic}
   size_t MinHeapSize                              = 104857600                                 {product} {command line}
   size_t NewSize                                  = 34603008                                  {product} {ergonomic}
    uintx NonNMethodCodeHeapSize                   = 5839372                                {pd product} {ergonomic}
    uintx NonProfiledCodeHeapSize                  = 122909434                              {pd product} {ergonomic}
   size_t OldSize                                  = 70254592                                  {product} {ergonomic}
    uintx ProfiledCodeHeapSize                     = 122909434                              {pd product} {ergonomic}
    uintx ReservedCodeCacheSize                    = 251658240                              {pd product} {ergonomic}
     bool SegmentedCodeCache                       = true                                      {product} {ergonomic}
   size_t SoftMaxHeapSize                          = 1073741824                             {manageable} {ergonomic}
     bool UseCompressedClassPointers               = true                           {product lp64_product} {ergonomic}
     bool UseCompressedOops                        = true                           {product lp64_product} {ergonomic}
     bool UseLargePagesIndividualAllocation        = false                                  {pd product} {ergonomic}
     bool UseParallelGC                            = true                                      {product} {command line}

Logging:
Log output configuration:
 #0: stdout all=off uptime,level,tags
 #1: stderr all=off uptime,level,tags

Environment Variables:
PATH=C:\Program Files\Common Files\Oracle\Java\javapath;C:\Program Files (x86)\Common Files\Oracle\Java\javapath;C:\WINDOWS\system32;C:\WINDOWS;C:\WINDOWS\System32\Wbem;C:\WINDOWS\System32\WindowsPowerShell\v1.0\;C:\WINDOWS\System32\OpenSSH\;C:\Program Files\dotnet\;C:\Program Files\Common Files\Oracle\Java\javapath;C:\Program Files\Java\jdk-11\bin;C:\Program Files (x86)\Microsoft SQL Server\160\Tools\Binn\;C:\Program Files\Microsoft SQL Server\160\Tools\Binn\;C:\Program Files\Microsoft SQL Server\Client SDK\ODBC\170\Tools\Binn\;C:\Program Files\Microsoft SQL Server\160\DTS\Binn\;C:\Program Files (x86)\Microsoft SQL Server\160\DTS\Binn\;C:\Program Files\Azure Data Studio\bin;C:\Program Files\apache-maven-3.9.6\bin;C:\Program Files\Git\cmd;C:\Program Files\nodejs\;C:\Program Files\Java\jdk-21\bin;C:\Users\Kiet\AppData\Local\Microsoft\WindowsApps;C:\Users\Kiet\AppData\Local\Programs\Microsoft VS Code\bin;C:\Users\Kiet\AppData\Local\GitHubDesktop\bin;C:\Users\Kiet\.dotnet\tools;C:\Program Files\Azure Data Studio\bin;C:\Users\Kiet\AppData\Roaming\npm
USERNAME=Kiet
OS=Windows_NT
PROCESSOR_IDENTIFIER=Intel64 Family 6 Model 126 Stepping 5, GenuineIntel
TMP=C:\Users\Kiet\AppData\Local\Temp
TEMP=C:\Users\Kiet\AppData\Local\Temp



Periodic native trim disabled


---------------  S Y S T E M  ---------------

OS:
 Windows 11 , 64 bit Build 22621 (10.0.22621.3374)
OS uptime: 6 days 20:30 hours

CPU: total 8 (initial active 8) (4 cores per cpu, 2 threads per core) family 6 model 126 stepping 5 microcode 0xa6, cx8, cmov, fxsr, ht, mmx, 3dnowpref, sse, sse2, sse3, ssse3, sse4.1, sse4.2, popcnt, lzcnt, tsc, tscinvbit, avx, avx2, aes, erms, clmul, bmi1, bmi2, adx, avx512f, avx512dq, avx512cd, avx512bw, avx512vl, sha, fma, vzeroupper, avx512_vpopcntdq, avx512_vpclmulqdq, avx512_vaes, avx512_vnni, clflush, clflushopt, avx512_vbmi2, avx512_vbmi
Processor Information for all 8 processors :
  Max Mhz: 1190, Current Mhz: 991, Mhz Limit: 987

Memory: 4k page, system-wide physical 7987M (722M free)
TotalPageFile size 10035M (AvailPageFile size 5M)
current process WorkingSet (physical memory assigned to process): 230M, peak: 230M
current process commit charge ("private bytes"): 312M, peak: 313M

vm_info: OpenJDK 64-Bit Server VM (17.0.10+7) for windows-amd64 JRE (17.0.10+7), built on Jan 16 2024 23:25:11 by "admin" with MS VC++ 16.10 / 16.11 (VS2019)

END.
