#
# There is insufficient memory for the Java Runtime Environment to continue.
# Native memory allocation (malloc) failed to allocate 957456 bytes for Chunk::new
# Possible reasons:
#   The system is out of physical RAM or swap space
#   The process is running with CompressedOops enabled, and the Java Heap may be blocking the growth of the native heap
# Possible solutions:
#   Reduce memory load on the system
#   Increase physical memory or swap space
#   Check if swap backing store is full
#   Decrease Java heap size (-Xmx/-Xms)
#   Decrease number of Java threads
#   Decrease Java thread stack sizes (-Xss)
#   Set larger code cache with -XX:ReservedCodeCacheSize=
#   JVM is running with Unscaled Compressed Oops mode in which the Java heap is
#     placed in the first 4GB address space. The Java Heap base address is the
#     maximum limit for the native heap growth. Please use -XX:HeapBaseMinAddress
#     to set the Java Heap base and to place the Java Heap above 4GB virtual address.
# This output file may be truncated or incomplete.
#
#  Out of Memory Error (arena.cpp:168), pid=13624, tid=18376
#
# JRE version: Java(TM) SE Runtime Environment (21.0.2+13) (build 21.0.2+13-LTS-58)
# Java VM: Java HotSpot(TM) 64-Bit Server VM (21.0.2+13-LTS-58, mixed mode, sharing, tiered, compressed oops, compressed class ptrs, g1 gc, windows-amd64)
# No core dump will be written. Minidumps are not enabled by default on client versions of Windows
#

---------------  S U M M A R Y ------------

Command Line: --enable-preview -XX:+ShowCodeDetailsInExceptionMessages GUI.LogIn

Host: Intel(R) Core(TM) i5-1035G1 CPU @ 1.00GHz, 8 cores, 7G,  Windows 11 , 64 bit Build 22621 (10.0.22621.3085)
Time: Sun Mar 10 16:22:59 2024 SE Asia Standard Time elapsed time: 1.654295 seconds (0d 0h 0m 1s)

---------------  T H R E A D  ---------------

Current thread (0x00000277f27b58e0):  JavaThread "C2 CompilerThread1" daemon [_thread_in_native, id=18376, stack(0x000000ac94900000,0x000000ac94a00000) (1024K)]


Current CompileTask:
C2:   1654 2089 %     4       sun.java2d.marlin.Renderer::_endRendering @ 808 (2646 bytes)

Stack: [0x000000ac94900000,0x000000ac94a00000]
Native frames: (J=compiled Java code, j=interpreted, Vv=VM code, C=native code)
V  [jvm.dll+0x6cade9]
V  [jvm.dll+0x8569c1]
V  [jvm.dll+0x858d2e]
V  [jvm.dll+0x859413]
V  [jvm.dll+0x280e56]
V  [jvm.dll+0xc3f3d]
V  [jvm.dll+0xc4473]
V  [jvm.dll+0x3b5bf2]
V  [jvm.dll+0x1e2209]
V  [jvm.dll+0x249d22]
V  [jvm.dll+0x2491b1]
V  [jvm.dll+0x1c9634]
V  [jvm.dll+0x258859]
V  [jvm.dll+0x256e3a]
V  [jvm.dll+0x3ef6c6]
V  [jvm.dll+0x7ff568]
V  [jvm.dll+0x6c953d]
C  [ucrtbase.dll+0x29363]
C  [KERNEL32.DLL+0x1257d]
C  [ntdll.dll+0x5aa58]


---------------  P R O C E S S  ---------------

Threads class SMR info:
_java_thread_list=0x00000277f76f5df0, length=17, elements={
0x00000277f2464470, 0x00000277f2465480, 0x00000277f2467dc0, 0x00000277f246aa20,
0x00000277f246c890, 0x00000277f246f300, 0x00000277f24737f0, 0x00000277f247c3d0,
0x00000277f2743ca0, 0x00000277f2745f30, 0x00000277f27b58e0, 0x00000277f723a6d0,
0x00000277f80ad320, 0x00000277f7b6da60, 0x00000277f7984740, 0x00000277f7721570,
0x00000277d3ab1040
}

Java Threads: ( => current thread )
  0x00000277f2464470 JavaThread "Reference Handler"          daemon [_thread_blocked, id=10160, stack(0x000000ac93f00000,0x000000ac94000000) (1024K)]
  0x00000277f2465480 JavaThread "Finalizer"                  daemon [_thread_blocked, id=16980, stack(0x000000ac94000000,0x000000ac94100000) (1024K)]
  0x00000277f2467dc0 JavaThread "Signal Dispatcher"          daemon [_thread_blocked, id=13912, stack(0x000000ac94100000,0x000000ac94200000) (1024K)]
  0x00000277f246aa20 JavaThread "Attach Listener"            daemon [_thread_blocked, id=12444, stack(0x000000ac94200000,0x000000ac94300000) (1024K)]
  0x00000277f246c890 JavaThread "Service Thread"             daemon [_thread_blocked, id=1776, stack(0x000000ac94300000,0x000000ac94400000) (1024K)]
  0x00000277f246f300 JavaThread "Monitor Deflation Thread"   daemon [_thread_blocked, id=11324, stack(0x000000ac94400000,0x000000ac94500000) (1024K)]
  0x00000277f24737f0 JavaThread "C2 CompilerThread0"         daemon [_thread_in_native, id=19844, stack(0x000000ac94500000,0x000000ac94600000) (1024K)]
  0x00000277f247c3d0 JavaThread "C1 CompilerThread0"         daemon [_thread_in_native, id=10868, stack(0x000000ac94600000,0x000000ac94700000) (1024K)]
  0x00000277f2743ca0 JavaThread "Notification Thread"        daemon [_thread_blocked, id=12956, stack(0x000000ac94700000,0x000000ac94800000) (1024K)]
  0x00000277f2745f30 JavaThread "Common-Cleaner"             daemon [_thread_blocked, id=18748, stack(0x000000ac94800000,0x000000ac94900000) (1024K)]
=>0x00000277f27b58e0 JavaThread "C2 CompilerThread1"         daemon [_thread_in_native, id=18376, stack(0x000000ac94900000,0x000000ac94a00000) (1024K)]
  0x00000277f723a6d0 JavaThread "Java2D Disposer"            daemon [_thread_blocked, id=2720, stack(0x000000ac94a00000,0x000000ac94b00000) (1024K)]
  0x00000277f80ad320 JavaThread "AWT-Shutdown"                      [_thread_blocked, id=10856, stack(0x000000ac94b00000,0x000000ac94c00000) (1024K)]
  0x00000277f7b6da60 JavaThread "AWT-Windows"                daemon [_thread_in_native, id=15420, stack(0x000000ac94c00000,0x000000ac94d00000) (1024K)]
  0x00000277f7984740 JavaThread "AWT-EventQueue-0"                  [_thread_blocked, id=10876, stack(0x000000ac95400000,0x000000ac95500000) (1024K)]
  0x00000277f7721570 JavaThread "C2 CompilerThread2"         daemon [_thread_in_native, id=3364, stack(0x000000ac95800000,0x000000ac95900000) (1024K)]
  0x00000277d3ab1040 JavaThread "DestroyJavaVM"                     [_thread_blocked, id=10652, stack(0x000000ac93700000,0x000000ac93800000) (1024K)]
Total: 17

Other Threads:
  0x00000277f2441280 VMThread "VM Thread"                           [id=11424, stack(0x000000ac93e00000,0x000000ac93f00000) (1024K)]
  0x00000277f2429ae0 WatcherThread "VM Periodic Task Thread"        [id=13152, stack(0x000000ac93d00000,0x000000ac93e00000) (1024K)]
  0x00000277d3c17620 WorkerThread "GC Thread#0"                     [id=6420, stack(0x000000ac93800000,0x000000ac93900000) (1024K)]
  0x00000277f785ddd0 WorkerThread "GC Thread#1"                     [id=6868, stack(0x000000ac94d00000,0x000000ac94e00000) (1024K)]
  0x00000277f728edf0 WorkerThread "GC Thread#2"                     [id=17572, stack(0x000000ac94e00000,0x000000ac94f00000) (1024K)]
  0x00000277f728b930 WorkerThread "GC Thread#3"                     [id=5632, stack(0x000000ac94f00000,0x000000ac95000000) (1024K)]
  0x00000277f7439a90 WorkerThread "GC Thread#4"                     [id=1848, stack(0x000000ac95000000,0x000000ac95100000) (1024K)]
  0x00000277f79377d0 WorkerThread "GC Thread#5"                     [id=20100, stack(0x000000ac95100000,0x000000ac95200000) (1024K)]
  0x00000277f798f750 WorkerThread "GC Thread#6"                     [id=16728, stack(0x000000ac95200000,0x000000ac95300000) (1024K)]
  0x00000277f798faf0 WorkerThread "GC Thread#7"                     [id=16764, stack(0x000000ac95300000,0x000000ac95400000) (1024K)]
  0x00000277d3c28170 ConcurrentGCThread "G1 Main Marker"            [id=12436, stack(0x000000ac93900000,0x000000ac93a00000) (1024K)]
  0x00000277d3c29480 WorkerThread "G1 Conc#0"                       [id=19420, stack(0x000000ac93a00000,0x000000ac93b00000) (1024K)]
  0x00000277f22f9160 ConcurrentGCThread "G1 Refine#0"               [id=11748, stack(0x000000ac93b00000,0x000000ac93c00000) (1024K)]
  0x00000277f22fcde0 ConcurrentGCThread "G1 Service"                [id=14640, stack(0x000000ac93c00000,0x000000ac93d00000) (1024K)]
Total: 14

Threads with active compile tasks:
C2 CompilerThread0     1699 2248 %     4       sun.java2d.marlin.MarlinTileGenerator::getAlphaNoRLE @ 243 (364 bytes)
C2 CompilerThread1     1699 2089 %     4       sun.java2d.marlin.Renderer::_endRendering @ 808 (2646 bytes)
C2 CompilerThread2     1699 2220 %     4       sun.java2d.marlin.MarlinTileGenerator::getAlphaRLE @ 825 (1749 bytes)
Total: 3

VM state: not at safepoint (normal execution)

VM Mutex/Monitor currently owned by a thread: None

Heap address: 0x0000000083200000, size: 1998 MB, Compressed Oops mode: 32-bit

CDS archive(s) mapped at: [0x0000027780000000-0x0000027780c90000-0x0000027780c90000), size 13172736, SharedBaseAddress: 0x0000027780000000, ArchiveRelocationMode: 1.
Compressed class space mapped at: 0x0000027781000000-0x00000277c1000000, reserved size: 1073741824
Narrow klass base: 0x0000027780000000, Narrow klass shift: 0, Narrow klass range: 0x100000000

GC Precious Log:
 CardTable entry size: 512
 Card Set container configuration: InlinePtr #cards 5 size 8 Array Of Cards #cards 12 size 40 Howl #buckets 4 coarsen threshold 1843 Howl Bitmap #cards 512 size 80 coarsen threshold 460 Card regions per heap region 1 cards per card region 2048
 CPUs: 8 total, 8 available
 Memory: 7987M
 Large Page Support: Disabled
 NUMA Support: Disabled
 Compressed Oops: Enabled (32-bit)
 Heap Region Size: 1M
 Heap Min Capacity: 8M
 Heap Initial Capacity: 126M
 Heap Max Capacity: 1998M
 Pre-touch: Disabled
 Parallel Workers: 8
 Concurrent Workers: 2
 Concurrent Refinement Workers: 8
 Periodic GC: Disabled

Heap:
 garbage-first heap   total 129024K, used 20897K [0x0000000083200000, 0x0000000100000000)
  region size 1024K, 8 young (8192K), 3 survivors (3072K)
 Metaspace       used 13881K, committed 14144K, reserved 1114112K
  class space    used 1482K, committed 1600K, reserved 1048576K

Heap Regions: E=young(eden), S=young(survivor), O=old, HS=humongous(starts), HC=humongous(continues), CS=collection set, F=free, TAMS=top-at-mark-start, PB=parsable bottom
|   0|0x0000000083200000, 0x0000000083300000, 0x0000000083300000|100%|HS|  |TAMS 0x0000000083200000| PB 0x0000000083200000| Complete 
|   1|0x0000000083300000, 0x0000000083400000, 0x0000000083400000|100%|HC|  |TAMS 0x0000000083300000| PB 0x0000000083300000| Complete 
|   2|0x0000000083400000, 0x0000000083500000, 0x0000000083500000|100%|HS|  |TAMS 0x0000000083400000| PB 0x0000000083400000| Complete 
|   3|0x0000000083500000, 0x0000000083600000, 0x0000000083600000|100%| O|  |TAMS 0x0000000083500000| PB 0x0000000083500000| Untracked 
|   4|0x0000000083600000, 0x0000000083700000, 0x0000000083700000|100%| O|  |TAMS 0x0000000083600000| PB 0x0000000083600000| Untracked 
|   5|0x0000000083700000, 0x0000000083800000, 0x0000000083800000|100%| O|  |TAMS 0x0000000083700000| PB 0x0000000083700000| Untracked 
|   6|0x0000000083800000, 0x0000000083900000, 0x0000000083900000|100%| O|  |TAMS 0x0000000083800000| PB 0x0000000083800000| Untracked 
|   7|0x0000000083900000, 0x0000000083a00000, 0x0000000083a00000|100%| O|  |TAMS 0x0000000083900000| PB 0x0000000083900000| Untracked 
|   8|0x0000000083a00000, 0x0000000083b00000, 0x0000000083b00000|100%|HS|  |TAMS 0x0000000083a00000| PB 0x0000000083a00000| Complete 
|   9|0x0000000083b00000, 0x0000000083c00000, 0x0000000083c00000|100%|HC|  |TAMS 0x0000000083b00000| PB 0x0000000083b00000| Complete 
|  10|0x0000000083c00000, 0x0000000083d00000, 0x0000000083d00000|100%|HC|  |TAMS 0x0000000083c00000| PB 0x0000000083c00000| Complete 
|  11|0x0000000083d00000, 0x0000000083e00000, 0x0000000083e00000|100%| O|  |TAMS 0x0000000083d00000| PB 0x0000000083d00000| Untracked 
|  12|0x0000000083e00000, 0x0000000083f00000, 0x0000000083f00000|100%| O|  |TAMS 0x0000000083e00000| PB 0x0000000083e00000| Untracked 
|  13|0x0000000083f00000, 0x0000000083faeac0, 0x0000000084000000| 68%| O|  |TAMS 0x0000000083f00000| PB 0x0000000083f00000| Untracked 
|  14|0x0000000084000000, 0x0000000084000000, 0x0000000084100000|  0%| F|  |TAMS 0x0000000084000000| PB 0x0000000084000000| Untracked 
|  15|0x0000000084100000, 0x0000000084100000, 0x0000000084200000|  0%| F|  |TAMS 0x0000000084100000| PB 0x0000000084100000| Untracked 
|  16|0x0000000084200000, 0x0000000084200000, 0x0000000084300000|  0%| F|  |TAMS 0x0000000084200000| PB 0x0000000084200000| Untracked 
|  17|0x0000000084300000, 0x0000000084300000, 0x0000000084400000|  0%| F|  |TAMS 0x0000000084300000| PB 0x0000000084300000| Untracked 
|  18|0x0000000084400000, 0x0000000084400000, 0x0000000084500000|  0%| F|  |TAMS 0x0000000084400000| PB 0x0000000084400000| Untracked 
|  19|0x0000000084500000, 0x0000000084500000, 0x0000000084600000|  0%| F|  |TAMS 0x0000000084500000| PB 0x0000000084500000| Untracked 
|  20|0x0000000084600000, 0x0000000084600000, 0x0000000084700000|  0%| F|  |TAMS 0x0000000084600000| PB 0x0000000084600000| Untracked 
|  21|0x0000000084700000, 0x0000000084700000, 0x0000000084800000|  0%| F|  |TAMS 0x0000000084700000| PB 0x0000000084700000| Untracked 
|  22|0x0000000084800000, 0x0000000084800000, 0x0000000084900000|  0%| F|  |TAMS 0x0000000084800000| PB 0x0000000084800000| Untracked 
|  23|0x0000000084900000, 0x0000000084900000, 0x0000000084a00000|  0%| F|  |TAMS 0x0000000084900000| PB 0x0000000084900000| Untracked 
|  24|0x0000000084a00000, 0x0000000084a00000, 0x0000000084b00000|  0%| F|  |TAMS 0x0000000084a00000| PB 0x0000000084a00000| Untracked 
|  25|0x0000000084b00000, 0x0000000084b00000, 0x0000000084c00000|  0%| F|  |TAMS 0x0000000084b00000| PB 0x0000000084b00000| Untracked 
|  26|0x0000000084c00000, 0x0000000084c00000, 0x0000000084d00000|  0%| F|  |TAMS 0x0000000084c00000| PB 0x0000000084c00000| Untracked 
|  27|0x0000000084d00000, 0x0000000084d00000, 0x0000000084e00000|  0%| F|  |TAMS 0x0000000084d00000| PB 0x0000000084d00000| Untracked 
|  28|0x0000000084e00000, 0x0000000084e00000, 0x0000000084f00000|  0%| F|  |TAMS 0x0000000084e00000| PB 0x0000000084e00000| Untracked 
|  29|0x0000000084f00000, 0x0000000084f00000, 0x0000000085000000|  0%| F|  |TAMS 0x0000000084f00000| PB 0x0000000084f00000| Untracked 
|  30|0x0000000085000000, 0x0000000085000000, 0x0000000085100000|  0%| F|  |TAMS 0x0000000085000000| PB 0x0000000085000000| Untracked 
|  31|0x0000000085100000, 0x0000000085100000, 0x0000000085200000|  0%| F|  |TAMS 0x0000000085100000| PB 0x0000000085100000| Untracked 
|  32|0x0000000085200000, 0x0000000085200000, 0x0000000085300000|  0%| F|  |TAMS 0x0000000085200000| PB 0x0000000085200000| Untracked 
|  33|0x0000000085300000, 0x0000000085300000, 0x0000000085400000|  0%| F|  |TAMS 0x0000000085300000| PB 0x0000000085300000| Untracked 
|  34|0x0000000085400000, 0x0000000085400000, 0x0000000085500000|  0%| F|  |TAMS 0x0000000085400000| PB 0x0000000085400000| Untracked 
|  35|0x0000000085500000, 0x0000000085500000, 0x0000000085600000|  0%| F|  |TAMS 0x0000000085500000| PB 0x0000000085500000| Untracked 
|  36|0x0000000085600000, 0x0000000085600000, 0x0000000085700000|  0%| F|  |TAMS 0x0000000085600000| PB 0x0000000085600000| Untracked 
|  37|0x0000000085700000, 0x0000000085700000, 0x0000000085800000|  0%| F|  |TAMS 0x0000000085700000| PB 0x0000000085700000| Untracked 
|  38|0x0000000085800000, 0x0000000085800000, 0x0000000085900000|  0%| F|  |TAMS 0x0000000085800000| PB 0x0000000085800000| Untracked 
|  39|0x0000000085900000, 0x0000000085900000, 0x0000000085a00000|  0%| F|  |TAMS 0x0000000085900000| PB 0x0000000085900000| Untracked 
|  40|0x0000000085a00000, 0x0000000085a00000, 0x0000000085b00000|  0%| F|  |TAMS 0x0000000085a00000| PB 0x0000000085a00000| Untracked 
|  41|0x0000000085b00000, 0x0000000085b00000, 0x0000000085c00000|  0%| F|  |TAMS 0x0000000085b00000| PB 0x0000000085b00000| Untracked 
|  42|0x0000000085c00000, 0x0000000085c00000, 0x0000000085d00000|  0%| F|  |TAMS 0x0000000085c00000| PB 0x0000000085c00000| Untracked 
|  43|0x0000000085d00000, 0x0000000085d00000, 0x0000000085e00000|  0%| F|  |TAMS 0x0000000085d00000| PB 0x0000000085d00000| Untracked 
|  44|0x0000000085e00000, 0x0000000085e00000, 0x0000000085f00000|  0%| F|  |TAMS 0x0000000085e00000| PB 0x0000000085e00000| Untracked 
|  45|0x0000000085f00000, 0x0000000085f00000, 0x0000000086000000|  0%| F|  |TAMS 0x0000000085f00000| PB 0x0000000085f00000| Untracked 
|  46|0x0000000086000000, 0x0000000086000000, 0x0000000086100000|  0%| F|  |TAMS 0x0000000086000000| PB 0x0000000086000000| Untracked 
|  47|0x0000000086100000, 0x0000000086100000, 0x0000000086200000|  0%| F|  |TAMS 0x0000000086100000| PB 0x0000000086100000| Untracked 
|  48|0x0000000086200000, 0x0000000086200000, 0x0000000086300000|  0%| F|  |TAMS 0x0000000086200000| PB 0x0000000086200000| Untracked 
|  49|0x0000000086300000, 0x0000000086300000, 0x0000000086400000|  0%| F|  |TAMS 0x0000000086300000| PB 0x0000000086300000| Untracked 
|  50|0x0000000086400000, 0x0000000086400000, 0x0000000086500000|  0%| F|  |TAMS 0x0000000086400000| PB 0x0000000086400000| Untracked 
|  51|0x0000000086500000, 0x0000000086500000, 0x0000000086600000|  0%| F|  |TAMS 0x0000000086500000| PB 0x0000000086500000| Untracked 
|  52|0x0000000086600000, 0x0000000086600000, 0x0000000086700000|  0%| F|  |TAMS 0x0000000086600000| PB 0x0000000086600000| Untracked 
|  53|0x0000000086700000, 0x0000000086700000, 0x0000000086800000|  0%| F|  |TAMS 0x0000000086700000| PB 0x0000000086700000| Untracked 
|  54|0x0000000086800000, 0x0000000086800000, 0x0000000086900000|  0%| F|  |TAMS 0x0000000086800000| PB 0x0000000086800000| Untracked 
|  55|0x0000000086900000, 0x0000000086900000, 0x0000000086a00000|  0%| F|  |TAMS 0x0000000086900000| PB 0x0000000086900000| Untracked 
|  56|0x0000000086a00000, 0x0000000086a00000, 0x0000000086b00000|  0%| F|  |TAMS 0x0000000086a00000| PB 0x0000000086a00000| Untracked 
|  57|0x0000000086b00000, 0x0000000086b00000, 0x0000000086c00000|  0%| F|  |TAMS 0x0000000086b00000| PB 0x0000000086b00000| Untracked 
|  58|0x0000000086c00000, 0x0000000086c00000, 0x0000000086d00000|  0%| F|  |TAMS 0x0000000086c00000| PB 0x0000000086c00000| Untracked 
|  59|0x0000000086d00000, 0x0000000086d00000, 0x0000000086e00000|  0%| F|  |TAMS 0x0000000086d00000| PB 0x0000000086d00000| Untracked 
|  60|0x0000000086e00000, 0x0000000086e00000, 0x0000000086f00000|  0%| F|  |TAMS 0x0000000086e00000| PB 0x0000000086e00000| Untracked 
|  61|0x0000000086f00000, 0x0000000086f00000, 0x0000000087000000|  0%| F|  |TAMS 0x0000000086f00000| PB 0x0000000086f00000| Untracked 
|  62|0x0000000087000000, 0x0000000087000000, 0x0000000087100000|  0%| F|  |TAMS 0x0000000087000000| PB 0x0000000087000000| Untracked 
|  63|0x0000000087100000, 0x0000000087100000, 0x0000000087200000|  0%| F|  |TAMS 0x0000000087100000| PB 0x0000000087100000| Untracked 
|  64|0x0000000087200000, 0x0000000087200000, 0x0000000087300000|  0%| F|  |TAMS 0x0000000087200000| PB 0x0000000087200000| Untracked 
|  65|0x0000000087300000, 0x0000000087300000, 0x0000000087400000|  0%| F|  |TAMS 0x0000000087300000| PB 0x0000000087300000| Untracked 
|  66|0x0000000087400000, 0x0000000087400000, 0x0000000087500000|  0%| F|  |TAMS 0x0000000087400000| PB 0x0000000087400000| Untracked 
|  67|0x0000000087500000, 0x0000000087500000, 0x0000000087600000|  0%| F|  |TAMS 0x0000000087500000| PB 0x0000000087500000| Untracked 
|  68|0x0000000087600000, 0x0000000087600000, 0x0000000087700000|  0%| F|  |TAMS 0x0000000087600000| PB 0x0000000087600000| Untracked 
|  69|0x0000000087700000, 0x0000000087700000, 0x0000000087800000|  0%| F|  |TAMS 0x0000000087700000| PB 0x0000000087700000| Untracked 
|  70|0x0000000087800000, 0x0000000087800000, 0x0000000087900000|  0%| F|  |TAMS 0x0000000087800000| PB 0x0000000087800000| Untracked 
|  71|0x0000000087900000, 0x0000000087900000, 0x0000000087a00000|  0%| F|  |TAMS 0x0000000087900000| PB 0x0000000087900000| Untracked 
|  72|0x0000000087a00000, 0x0000000087a00000, 0x0000000087b00000|  0%| F|  |TAMS 0x0000000087a00000| PB 0x0000000087a00000| Untracked 
|  73|0x0000000087b00000, 0x0000000087b00000, 0x0000000087c00000|  0%| F|  |TAMS 0x0000000087b00000| PB 0x0000000087b00000| Untracked 
|  74|0x0000000087c00000, 0x0000000087c00000, 0x0000000087d00000|  0%| F|  |TAMS 0x0000000087c00000| PB 0x0000000087c00000| Untracked 
|  75|0x0000000087d00000, 0x0000000087d00000, 0x0000000087e00000|  0%| F|  |TAMS 0x0000000087d00000| PB 0x0000000087d00000| Untracked 
|  76|0x0000000087e00000, 0x0000000087e00000, 0x0000000087f00000|  0%| F|  |TAMS 0x0000000087e00000| PB 0x0000000087e00000| Untracked 
|  77|0x0000000087f00000, 0x0000000087f00000, 0x0000000088000000|  0%| F|  |TAMS 0x0000000087f00000| PB 0x0000000087f00000| Untracked 
|  78|0x0000000088000000, 0x0000000088000000, 0x0000000088100000|  0%| F|  |TAMS 0x0000000088000000| PB 0x0000000088000000| Untracked 
|  79|0x0000000088100000, 0x0000000088100000, 0x0000000088200000|  0%| F|  |TAMS 0x0000000088100000| PB 0x0000000088100000| Untracked 
|  80|0x0000000088200000, 0x0000000088200000, 0x0000000088300000|  0%| F|  |TAMS 0x0000000088200000| PB 0x0000000088200000| Untracked 
|  81|0x0000000088300000, 0x0000000088300000, 0x0000000088400000|  0%| F|  |TAMS 0x0000000088300000| PB 0x0000000088300000| Untracked 
|  82|0x0000000088400000, 0x0000000088400000, 0x0000000088500000|  0%| F|  |TAMS 0x0000000088400000| PB 0x0000000088400000| Untracked 
|  83|0x0000000088500000, 0x0000000088500000, 0x0000000088600000|  0%| F|  |TAMS 0x0000000088500000| PB 0x0000000088500000| Untracked 
|  84|0x0000000088600000, 0x0000000088600000, 0x0000000088700000|  0%| F|  |TAMS 0x0000000088600000| PB 0x0000000088600000| Untracked 
|  85|0x0000000088700000, 0x0000000088700000, 0x0000000088800000|  0%| F|  |TAMS 0x0000000088700000| PB 0x0000000088700000| Untracked 
|  86|0x0000000088800000, 0x0000000088800000, 0x0000000088900000|  0%| F|  |TAMS 0x0000000088800000| PB 0x0000000088800000| Untracked 
|  87|0x0000000088900000, 0x0000000088900000, 0x0000000088a00000|  0%| F|  |TAMS 0x0000000088900000| PB 0x0000000088900000| Untracked 
|  88|0x0000000088a00000, 0x0000000088a00000, 0x0000000088b00000|  0%| F|  |TAMS 0x0000000088a00000| PB 0x0000000088a00000| Untracked 
|  89|0x0000000088b00000, 0x0000000088b00000, 0x0000000088c00000|  0%| F|  |TAMS 0x0000000088b00000| PB 0x0000000088b00000| Untracked 
|  90|0x0000000088c00000, 0x0000000088c00000, 0x0000000088d00000|  0%| F|  |TAMS 0x0000000088c00000| PB 0x0000000088c00000| Untracked 
|  91|0x0000000088d00000, 0x0000000088d00000, 0x0000000088e00000|  0%| F|  |TAMS 0x0000000088d00000| PB 0x0000000088d00000| Untracked 
|  92|0x0000000088e00000, 0x0000000088e00000, 0x0000000088f00000|  0%| F|  |TAMS 0x0000000088e00000| PB 0x0000000088e00000| Untracked 
|  93|0x0000000088f00000, 0x0000000088fb9a18, 0x0000000089000000| 72%| S|CS|TAMS 0x0000000088f00000| PB 0x0000000088f00000| Complete 
|  94|0x0000000089000000, 0x0000000089100000, 0x0000000089100000|100%| S|CS|TAMS 0x0000000089000000| PB 0x0000000089000000| Complete 
|  95|0x0000000089100000, 0x0000000089200000, 0x0000000089200000|100%| S|CS|TAMS 0x0000000089100000| PB 0x0000000089100000| Complete 
|  96|0x0000000089200000, 0x0000000089200000, 0x0000000089300000|  0%| F|  |TAMS 0x0000000089200000| PB 0x0000000089200000| Untracked 
|  97|0x0000000089300000, 0x0000000089300000, 0x0000000089400000|  0%| F|  |TAMS 0x0000000089300000| PB 0x0000000089300000| Untracked 
|  98|0x0000000089400000, 0x0000000089400000, 0x0000000089500000|  0%| F|  |TAMS 0x0000000089400000| PB 0x0000000089400000| Untracked 
|  99|0x0000000089500000, 0x0000000089500000, 0x0000000089600000|  0%| F|  |TAMS 0x0000000089500000| PB 0x0000000089500000| Untracked 
| 100|0x0000000089600000, 0x0000000089600000, 0x0000000089700000|  0%| F|  |TAMS 0x0000000089600000| PB 0x0000000089600000| Untracked 
| 101|0x0000000089700000, 0x0000000089700000, 0x0000000089800000|  0%| F|  |TAMS 0x0000000089700000| PB 0x0000000089700000| Untracked 
| 102|0x0000000089800000, 0x0000000089800000, 0x0000000089900000|  0%| F|  |TAMS 0x0000000089800000| PB 0x0000000089800000| Untracked 
| 103|0x0000000089900000, 0x0000000089900000, 0x0000000089a00000|  0%| F|  |TAMS 0x0000000089900000| PB 0x0000000089900000| Untracked 
| 104|0x0000000089a00000, 0x0000000089a00000, 0x0000000089b00000|  0%| F|  |TAMS 0x0000000089a00000| PB 0x0000000089a00000| Untracked 
| 105|0x0000000089b00000, 0x0000000089b00000, 0x0000000089c00000|  0%| F|  |TAMS 0x0000000089b00000| PB 0x0000000089b00000| Untracked 
| 106|0x0000000089c00000, 0x0000000089c00000, 0x0000000089d00000|  0%| F|  |TAMS 0x0000000089c00000| PB 0x0000000089c00000| Untracked 
| 107|0x0000000089d00000, 0x0000000089d00000, 0x0000000089e00000|  0%| F|  |TAMS 0x0000000089d00000| PB 0x0000000089d00000| Untracked 
| 108|0x0000000089e00000, 0x0000000089e00000, 0x0000000089f00000|  0%| F|  |TAMS 0x0000000089e00000| PB 0x0000000089e00000| Untracked 
| 109|0x0000000089f00000, 0x0000000089f00000, 0x000000008a000000|  0%| F|  |TAMS 0x0000000089f00000| PB 0x0000000089f00000| Untracked 
| 110|0x000000008a000000, 0x000000008a000000, 0x000000008a100000|  0%| F|  |TAMS 0x000000008a000000| PB 0x000000008a000000| Untracked 
| 111|0x000000008a100000, 0x000000008a100000, 0x000000008a200000|  0%| F|  |TAMS 0x000000008a100000| PB 0x000000008a100000| Untracked 
| 112|0x000000008a200000, 0x000000008a200000, 0x000000008a300000|  0%| F|  |TAMS 0x000000008a200000| PB 0x000000008a200000| Untracked 
| 113|0x000000008a300000, 0x000000008a300000, 0x000000008a400000|  0%| F|  |TAMS 0x000000008a300000| PB 0x000000008a300000| Untracked 
| 114|0x000000008a400000, 0x000000008a400000, 0x000000008a500000|  0%| F|  |TAMS 0x000000008a400000| PB 0x000000008a400000| Untracked 
| 115|0x000000008a500000, 0x000000008a500000, 0x000000008a600000|  0%| F|  |TAMS 0x000000008a500000| PB 0x000000008a500000| Untracked 
| 116|0x000000008a600000, 0x000000008a600000, 0x000000008a700000|  0%| F|  |TAMS 0x000000008a600000| PB 0x000000008a600000| Untracked 
| 117|0x000000008a700000, 0x000000008a700000, 0x000000008a800000|  0%| F|  |TAMS 0x000000008a700000| PB 0x000000008a700000| Untracked 
| 118|0x000000008a800000, 0x000000008a800000, 0x000000008a900000|  0%| F|  |TAMS 0x000000008a800000| PB 0x000000008a800000| Untracked 
| 119|0x000000008a900000, 0x000000008a900000, 0x000000008aa00000|  0%| F|  |TAMS 0x000000008a900000| PB 0x000000008a900000| Untracked 
| 120|0x000000008aa00000, 0x000000008aa00000, 0x000000008ab00000|  0%| F|  |TAMS 0x000000008aa00000| PB 0x000000008aa00000| Untracked 
| 121|0x000000008ab00000, 0x000000008abc8e10, 0x000000008ac00000| 78%| E|  |TAMS 0x000000008ab00000| PB 0x000000008ab00000| Complete 
| 122|0x000000008ac00000, 0x000000008ad00000, 0x000000008ad00000|100%| E|CS|TAMS 0x000000008ac00000| PB 0x000000008ac00000| Complete 
| 123|0x000000008ad00000, 0x000000008ae00000, 0x000000008ae00000|100%| E|CS|TAMS 0x000000008ad00000| PB 0x000000008ad00000| Complete 
| 124|0x000000008ae00000, 0x000000008af00000, 0x000000008af00000|100%| E|CS|TAMS 0x000000008ae00000| PB 0x000000008ae00000| Complete 
| 125|0x000000008af00000, 0x000000008b000000, 0x000000008b000000|100%| E|CS|TAMS 0x000000008af00000| PB 0x000000008af00000| Complete 

Card table byte_map: [0x00000277ed650000,0x00000277eda40000] _byte_map_base: 0x00000277ed237000

Marking Bits: (CMBitMap*) 0x00000277d3c17d20
 Bits: [0x00000277eda40000, 0x00000277ef978000)

Polling page: 0x00000277d3a70000

Metaspace:

Usage:
  Non-class:     12.11 MB used.
      Class:      1.45 MB used.
       Both:     13.56 MB used.

Virtual space:
  Non-class space:       64.00 MB reserved,      12.25 MB ( 19%) committed,  1 nodes.
      Class space:        1.00 GB reserved,       1.56 MB ( <1%) committed,  1 nodes.
             Both:        1.06 GB reserved,      13.81 MB (  1%) committed. 

Chunk freelists:
   Non-Class:  2.98 MB
       Class:  14.25 MB
        Both:  17.23 MB

MaxMetaspaceSize: unlimited
CompressedClassSpaceSize: 1.00 GB
Initial GC threshold: 21.00 MB
Current GC threshold: 21.00 MB
CDS: on
 - commit_granule_bytes: 65536.
 - commit_granule_words: 8192.
 - virtual_space_node_default_size: 8388608.
 - enlarge_chunks_in_place: 1.
 - use_allocation_guard: 0.


Internal statistics:

num_allocs_failed_limit: 0.
num_arena_births: 246.
num_arena_deaths: 0.
num_vsnodes_births: 2.
num_vsnodes_deaths: 0.
num_space_committed: 221.
num_space_uncommitted: 0.
num_chunks_returned_to_freelist: 0.
num_chunks_taken_from_freelist: 389.
num_chunk_merges: 0.
num_chunk_splits: 242.
num_chunks_enlarged: 131.
num_inconsistent_stats: 0.

CodeHeap 'non-profiled nmethods': size=120000Kb used=890Kb max_used=890Kb free=119109Kb
 bounds [0x00000277e52c0000, 0x00000277e5530000, 0x00000277ec7f0000]
CodeHeap 'profiled nmethods': size=120000Kb used=4635Kb max_used=4635Kb free=115365Kb
 bounds [0x00000277dd7f0000, 0x00000277ddc80000, 0x00000277e4d20000]
CodeHeap 'non-nmethods': size=5760Kb used=1879Kb max_used=1914Kb free=3880Kb
 bounds [0x00000277e4d20000, 0x00000277e4f90000, 0x00000277e52c0000]
 total_blobs=2978 nmethods=2260 adapters=623
 compilation: enabled
              stopped_count=0, restarted_count=0
 full_count=0

Compilation events (20 events):
Event: 1.642 Thread 0x00000277f247c3d0 nmethod 2235 0x00000277ddc40d90 code [0x00000277ddc415a0, 0x00000277ddc45c50]
Event: 1.643 Thread 0x00000277f247c3d0 2238       3       sun.java2d.marlin.TransformingPathConsumer2D$PathClipFilter::lineTo (259 bytes)
Event: 1.643 Thread 0x00000277f247c3d0 nmethod 2238 0x00000277ddc47910 code [0x00000277ddc47b60, 0x00000277ddc48408]
Event: 1.643 Thread 0x00000277f247c3d0 2236       3       sun.java2d.StateTrackableDelegate::markDirty (6 bytes)
Event: 1.643 Thread 0x00000277f247c3d0 nmethod 2236 0x00000277ddc48690 code [0x00000277ddc48820, 0x00000277ddc48950]
Event: 1.643 Thread 0x00000277f247c3d0 2237       3       com.kitfox.svg.RenderableElement::render (6 bytes)
Event: 1.643 Thread 0x00000277f247c3d0 nmethod 2237 0x00000277ddc48a10 code [0x00000277ddc48bc0, 0x00000277ddc48d00]
Event: 1.643 Thread 0x00000277f247c3d0 2239       3       sun.java2d.pipe.AlphaColorPipe::skipTile (1 bytes)
Event: 1.643 Thread 0x00000277f247c3d0 nmethod 2239 0x00000277ddc48d90 code [0x00000277ddc48f20, 0x00000277ddc49028]
Event: 1.643 Thread 0x00000277f247c3d0 2240       3       java.util.ArrayList$Itr::next (66 bytes)
Event: 1.644 Thread 0x00000277f247c3d0 nmethod 2240 0x00000277ddc49090 code [0x00000277ddc49280, 0x00000277ddc49698]
Event: 1.644 Thread 0x00000277f247c3d0 2241       3       java.awt.geom.Path2D$Double::needRoom (72 bytes)
Event: 1.644 Thread 0x00000277f247c3d0 nmethod 2241 0x00000277ddc49890 code [0x00000277ddc49a80, 0x00000277ddc49e50]
Event: 1.646 Thread 0x00000277f247c3d0 2242       3       java.net.URI$Parser::scan (53 bytes)
Event: 1.646 Thread 0x00000277f247c3d0 nmethod 2242 0x00000277ddc49f90 code [0x00000277ddc4a1e0, 0x00000277ddc4aa68]
Event: 1.646 Thread 0x00000277f247c3d0 2243       3       java.net.URI$Parser::parseHierarchical (178 bytes)
Event: 1.648 Thread 0x00000277f247c3d0 nmethod 2243 0x00000277ddc4ae90 code [0x00000277ddc4b2a0, 0x00000277ddc4cde8]
Event: 1.648 Thread 0x00000277f247c3d0 2246       3       sun.awt.geom.AreaOp::pruneEdges (987 bytes)
Event: 1.650 Thread 0x00000277f7721570 nmethod 2176% 0x00000277e5394610 code [0x00000277e5394800, 0x00000277e5395320]
Event: 1.650 Thread 0x00000277f7721570 2220 %     4       sun.java2d.marlin.MarlinTileGenerator::getAlphaRLE @ 825 (1749 bytes)

GC Heap History (4 events):
Event: 0.786 GC heap before
{Heap before GC invocations=0 (full 0):
 garbage-first heap   total 129024K, used 25600K [0x0000000083200000, 0x0000000100000000)
  region size 1024K, 23 young (23552K), 0 survivors (0K)
 Metaspace       used 5998K, committed 6272K, reserved 1114112K
  class space    used 586K, committed 704K, reserved 1048576K
}
Event: 0.792 GC heap after
{Heap after GC invocations=1 (full 0):
 garbage-first heap   total 129024K, used 10784K [0x0000000083200000, 0x0000000100000000)
  region size 1024K, 3 young (3072K), 3 survivors (3072K)
 Metaspace       used 5998K, committed 6272K, reserved 1114112K
  class space    used 586K, committed 704K, reserved 1048576K
}
Event: 1.505 GC heap before
{Heap before GC invocations=1 (full 0):
 garbage-first heap   total 129024K, used 41504K [0x0000000083200000, 0x0000000100000000)
  region size 1024K, 30 young (30720K), 3 survivors (3072K)
 Metaspace       used 13593K, committed 13888K, reserved 1114112K
  class space    used 1474K, committed 1600K, reserved 1048576K
}
Event: 1.509 GC heap after
{Heap after GC invocations=2 (full 0):
 garbage-first heap   total 129024K, used 16801K [0x0000000083200000, 0x0000000100000000)
  region size 1024K, 3 young (3072K), 3 survivors (3072K)
 Metaspace       used 13593K, committed 13888K, reserved 1114112K
  class space    used 1474K, committed 1600K, reserved 1048576K
}

Dll operation events (11 events):
Event: 0.011 Loaded shared library C:\Program Files\Java\jdk-21\bin\java.dll
Event: 0.042 Loaded shared library C:\Program Files\Java\jdk-21\bin\jsvml.dll
Event: 0.125 Loaded shared library C:\Program Files\Java\jdk-21\bin\jimage.dll
Event: 0.129 Loaded shared library C:\Program Files\Java\jdk-21\bin\net.dll
Event: 0.131 Loaded shared library C:\Program Files\Java\jdk-21\bin\nio.dll
Event: 0.140 Loaded shared library C:\Program Files\Java\jdk-21\bin\zip.dll
Event: 0.214 Loaded shared library C:\Program Files\Java\jdk-21\bin\awt.dll
Event: 0.325 Loaded shared library C:\Program Files\Java\jdk-21\bin\freetype.dll
Event: 0.326 Loaded shared library C:\Program Files\Java\jdk-21\bin\fontmanager.dll
Event: 0.919 Loaded shared library C:\Users\Kiet\AppData\Local\Temp\flatlaf.temp\flatlaf-windows-x86_64-8044534406032000.dll
Event: 0.960 Loaded shared library C:\Program Files\Java\jdk-21\bin\verify.dll

Deoptimization events (20 events):
Event: 1.482 Thread 0x00000277f7984740 DEOPT PACKING pc=0x00000277ddaf7ee8 sp=0x000000ac954fc630
Event: 1.482 Thread 0x00000277f7984740 DEOPT UNPACKING pc=0x00000277e4d788e2 sp=0x000000ac954fbaf0 mode 0
Event: 1.483 Thread 0x00000277f7984740 DEOPT PACKING pc=0x00000277ddb73d91 sp=0x000000ac954fc7c0
Event: 1.483 Thread 0x00000277f7984740 DEOPT UNPACKING pc=0x00000277e4d788e2 sp=0x000000ac954fbc88 mode 0
Event: 1.484 Thread 0x00000277f7984740 DEOPT PACKING pc=0x00000277ddaf7ee8 sp=0x000000ac954fc630
Event: 1.484 Thread 0x00000277f7984740 DEOPT UNPACKING pc=0x00000277e4d788e2 sp=0x000000ac954fbaf0 mode 0
Event: 1.485 Thread 0x00000277f7984740 DEOPT PACKING pc=0x00000277ddb73d91 sp=0x000000ac954fc7c0
Event: 1.485 Thread 0x00000277f7984740 DEOPT UNPACKING pc=0x00000277e4d788e2 sp=0x000000ac954fbc88 mode 0
Event: 1.485 Thread 0x00000277f7984740 DEOPT PACKING pc=0x00000277ddaf7ee8 sp=0x000000ac954fc630
Event: 1.485 Thread 0x00000277f7984740 DEOPT UNPACKING pc=0x00000277e4d788e2 sp=0x000000ac954fbaf0 mode 0
Event: 1.487 Thread 0x00000277f7984740 DEOPT PACKING pc=0x00000277ddb73d91 sp=0x000000ac954fc7c0
Event: 1.487 Thread 0x00000277f7984740 DEOPT UNPACKING pc=0x00000277e4d788e2 sp=0x000000ac954fbc88 mode 0
Event: 1.487 Thread 0x00000277f7984740 DEOPT PACKING pc=0x00000277ddaf7ee8 sp=0x000000ac954fc630
Event: 1.487 Thread 0x00000277f7984740 DEOPT UNPACKING pc=0x00000277e4d788e2 sp=0x000000ac954fbaf0 mode 0
Event: 1.488 Thread 0x00000277f7984740 DEOPT PACKING pc=0x00000277ddb73d91 sp=0x000000ac954fc7c0
Event: 1.488 Thread 0x00000277f7984740 DEOPT UNPACKING pc=0x00000277e4d788e2 sp=0x000000ac954fbc88 mode 0
Event: 1.549 Thread 0x00000277f7984740 DEOPT PACKING pc=0x00000277ddbc3704 sp=0x000000ac954fc830
Event: 1.549 Thread 0x00000277f7984740 DEOPT UNPACKING pc=0x00000277e4d788e2 sp=0x000000ac954fbbb8 mode 0
Event: 1.650 Thread 0x00000277f7984740 DEOPT PACKING pc=0x00000277ddc087bb sp=0x000000ac954fccb0
Event: 1.650 Thread 0x00000277f7984740 DEOPT UNPACKING pc=0x00000277e4d788e2 sp=0x000000ac954fc0f0 mode 0

Classes loaded (20 events):
Event: 1.601 Loading class sun/awt/image/ToolkitImage
Event: 1.601 Loading class sun/awt/image/ToolkitImage done
Event: 1.603 Loading class sun/awt/dnd/SunDropTargetEvent
Event: 1.603 Loading class sun/awt/dnd/SunDropTargetEvent done
Event: 1.604 Loading class java/awt/DefaultKeyboardFocusManager$DefaultKeyboardFocusManagerSentEvent
Event: 1.604 Loading class java/awt/SentEvent
Event: 1.604 Loading class java/awt/SentEvent done
Event: 1.604 Loading class java/awt/DefaultKeyboardFocusManager$DefaultKeyboardFocusManagerSentEvent done
Event: 1.605 Loading class sun/awt/WeakIdentityHashMap$WeakKey
Event: 1.605 Loading class sun/awt/WeakIdentityHashMap$WeakKey done
Event: 1.605 Loading class java/util/ArrayList$ListItr
Event: 1.605 Loading class java/util/ArrayList$ListItr done
Event: 1.607 Loading class sun/awt/KeyboardFocusManagerPeerImpl$KfmAccessor
Event: 1.607 Loading class sun/awt/KeyboardFocusManagerPeerImpl$KfmAccessor done
Event: 1.607 Loading class java/awt/KeyboardFocusManager$HeavyweightFocusRequest
Event: 1.607 Loading class java/awt/KeyboardFocusManager$HeavyweightFocusRequest done
Event: 1.607 Loading class java/awt/DefaultKeyboardFocusManager$TypeAheadMarker
Event: 1.607 Loading class java/awt/DefaultKeyboardFocusManager$TypeAheadMarker done
Event: 1.607 Loading class java/awt/KeyboardFocusManager$LightweightFocusRequest
Event: 1.607 Loading class java/awt/KeyboardFocusManager$LightweightFocusRequest done

Classes unloaded (0 events):
No events

Classes redefined (0 events):
No events

Internal exceptions (20 events):
Event: 0.740 Thread 0x00000277d3ab1040 Exception <a 'java/lang/NoSuchMethodError'{0x0000000089928da8}: 'int java.lang.invoke.DirectMethodHandle$Holder.invokeStatic(java.lang.Object)'> (0x0000000089928da8) 
thrown [s\open\src\hotspot\share\interpreter\linkResolver.cpp, line 773]
Event: 0.865 Thread 0x00000277d3ab1040 Exception <a 'java/lang/NoSuchMethodError'{0x000000008ae970b8}: 'java.lang.Object java.lang.invoke.Invokers$Holder.invokeExact_MT(java.lang.Object, java.lang.Object, java.lang.Object, java.lang.Object, java.lang.Object, java.lang.Object)'> (0x000000008ae970b8) 
thrown [s\open\src\hotspot\share\interpreter\linkResolver.cpp, line 773]
Event: 0.872 Thread 0x00000277d3ab1040 Implicit null exception at 0x00000277e5300f66 to 0x00000277e530100a
Event: 0.872 Thread 0x00000277d3ab1040 Implicit null exception at 0x00000277e532a6ba to 0x00000277e532a924
Event: 0.873 Thread 0x00000277d3ab1040 Implicit null exception at 0x00000277e52ed5bd to 0x00000277e52ed641
Event: 0.884 Thread 0x00000277d3ab1040 Exception <a 'java/lang/NoSuchMethodError'{0x000000008ad2b6a0}: 'int java.lang.invoke.Invokers$Holder.invokeExact_MT(java.lang.Object, java.lang.Object)'> (0x000000008ad2b6a0) 
thrown [s\open\src\hotspot\share\interpreter\linkResolver.cpp, line 773]
Event: 0.891 Thread 0x00000277d3ab1040 Exception <a 'sun/nio/fs/WindowsException'{0x000000008ad50db0}> (0x000000008ad50db0) 
thrown [s\open\src\hotspot\share\prims\jni.cpp, line 520]
Event: 0.983 Thread 0x00000277d3ab1040 Exception <a 'java/lang/NoSuchMethodError'{0x000000008ac47110}: 'java.lang.Object java.lang.invoke.DirectMethodHandle$Holder.invokeVirtual(java.lang.Object, java.lang.Object, java.lang.Object, java.lang.Object)'> (0x000000008ac47110) 
thrown [s\open\src\hotspot\share\interpreter\linkResolver.cpp, line 773]
Event: 1.026 Thread 0x00000277d3ab1040 Exception <a 'java/lang/NoSuchMethodError'{0x000000008ab12020}: 'int java.lang.invoke.DirectMethodHandle$Holder.invokeVirtual(java.lang.Object, java.lang.Object)'> (0x000000008ab12020) 
thrown [s\open\src\hotspot\share\interpreter\linkResolver.cpp, line 773]
Event: 1.027 Thread 0x00000277d3ab1040 Exception <a 'java/lang/NoSuchMethodError'{0x000000008ab161a0}: 'int java.lang.invoke.DirectMethodHandle$Holder.invokeSpecial(java.lang.Object, java.lang.Object, java.lang.Object)'> (0x000000008ab161a0) 
thrown [s\open\src\hotspot\share\interpreter\linkResolver.cpp, line 773]
Event: 1.028 Thread 0x00000277d3ab1040 Exception <a 'java/lang/NoSuchMethodError'{0x000000008ab20bb0}: 'void java.lang.invoke.DirectMethodHandle$Holder.invokeVirtual(java.lang.Object, java.lang.Object, int)'> (0x000000008ab20bb0) 
thrown [s\open\src\hotspot\share\interpreter\linkResolver.cpp, line 773]
Event: 1.029 Thread 0x00000277d3ab1040 Exception <a 'java/lang/NoSuchMethodError'{0x000000008ab24e78}: 'int java.lang.invoke.DirectMethodHandle$Holder.invokeSpecial(java.lang.Object, java.lang.Object, java.lang.Object, int)'> (0x000000008ab24e78) 
thrown [s\open\src\hotspot\share\interpreter\linkResolver.cpp, line 773]
Event: 1.030 Thread 0x00000277d3ab1040 Exception <a 'java/lang/NoSuchMethodError'{0x000000008ab37468}: 'java.lang.Object java.lang.invoke.DirectMethodHandle$Holder.invokeStatic(java.lang.Object, java.lang.Object, java.lang.Object, java.lang.Object, int)'> (0x000000008ab37468) 
thrown [s\open\src\hotspot\share\interpreter\linkResolver.cpp, line 773]
Event: 1.031 Thread 0x00000277d3ab1040 Exception <a 'java/lang/NoSuchMethodError'{0x000000008ab42030}: 'void java.lang.invoke.DelegatingMethodHandle$Holder.reinvoke_L(java.lang.Object, java.lang.Object, int)'> (0x000000008ab42030) 
thrown [s\open\src\hotspot\share\interpreter\linkResolver.cpp, line 773]
Event: 1.037 Thread 0x00000277d3ab1040 Exception <a 'java/lang/NoSuchMethodError'{0x000000008ab70398}: 'void java.lang.invoke.Invokers$Holder.invokeExact_MT(java.lang.Object, java.lang.Object, java.lang.Object, java.lang.Object)'> (0x000000008ab70398) 
thrown [s\open\src\hotspot\share\interpreter\linkResolver.cpp, line 773]
Event: 1.043 Thread 0x00000277d3ab1040 Exception <a 'java/lang/NoSuchMethodError'{0x000000008ab88908}: 'void java.lang.invoke.DirectMethodHandle$Holder.invokeSpecial(java.lang.Object, java.lang.Object, java.lang.Object, java.lang.Object, java.lang.Object)'> (0x000000008ab88908) 
thrown [s\open\src\hotspot\share\interpreter\linkResolver.cpp, line 773]
Event: 1.048 Thread 0x00000277d3ab1040 Exception <a 'java/lang/NoSuchMethodError'{0x000000008ab968e0}: 'int java.lang.invoke.Invokers$Holder.invokeExact_MT(java.lang.Object, java.lang.Object, java.lang.Object)'> (0x000000008ab968e0) 
thrown [s\open\src\hotspot\share\interpreter\linkResolver.cpp, line 773]
Event: 1.067 Thread 0x00000277f7b6da60 Exception <a 'java/lang/NoSuchMethodError'{0x000000008abf81b0}: 'void java.lang.invoke.DirectMethodHandle$Holder.invokeVirtual(java.lang.Object, java.lang.Object)'> (0x000000008abf81b0) 
thrown [s\open\src\hotspot\share\interpreter\linkResolver.cpp, line 773]
Event: 1.079 Thread 0x00000277d3ab1040 Exception <a 'java/lang/NoSuchMethodError'{0x000000008abc7998}: 'void java.lang.invoke.DirectMethodHandle$Holder.invokeStaticInit(java.lang.Object)'> (0x000000008abc7998) 
thrown [s\open\src\hotspot\share\interpreter\linkResolver.cpp, line 773]
Event: 1.403 Thread 0x00000277f7984740 Implicit null exception at 0x00000277e5304b87 to 0x00000277e5304c68

ZGC Phase Switch (0 events):
No events

VM Operations (20 events):
Event: 0.750 Executing VM operation: HandshakeAllThreads (Deoptimize)
Event: 0.750 Executing VM operation: HandshakeAllThreads (Deoptimize) done
Event: 0.763 Executing VM operation: ICBufferFull
Event: 0.763 Executing VM operation: ICBufferFull done
Event: 0.786 Executing VM operation: G1CollectForAllocation (G1 Evacuation Pause)
Event: 0.792 Executing VM operation: G1CollectForAllocation (G1 Evacuation Pause) done
Event: 0.895 Executing VM operation: HandshakeAllThreads (Deoptimize)
Event: 0.895 Executing VM operation: HandshakeAllThreads (Deoptimize) done
Event: 1.054 Executing VM operation: HandshakeAllThreads (Deoptimize)
Event: 1.054 Executing VM operation: HandshakeAllThreads (Deoptimize) done
Event: 1.055 Executing VM operation: HandshakeAllThreads (Deoptimize)
Event: 1.055 Executing VM operation: HandshakeAllThreads (Deoptimize) done
Event: 1.200 Executing VM operation: HandshakeAllThreads (Deoptimize)
Event: 1.200 Executing VM operation: HandshakeAllThreads (Deoptimize) done
Event: 1.495 Executing VM operation: ICBufferFull
Event: 1.496 Executing VM operation: ICBufferFull done
Event: 1.505 Executing VM operation: G1CollectForAllocation (G1 Evacuation Pause)
Event: 1.509 Executing VM operation: G1CollectForAllocation (G1 Evacuation Pause) done
Event: 1.606 Executing VM operation: HandshakeAllThreads (Deoptimize)
Event: 1.606 Executing VM operation: HandshakeAllThreads (Deoptimize) done

Events (19 events):
Event: 0.024 Thread 0x00000277d3ab1040 Thread added: 0x00000277d3ab1040
Event: 0.039 Thread 0x00000277f2464470 Thread added: 0x00000277f2464470
Event: 0.039 Thread 0x00000277f2465480 Thread added: 0x00000277f2465480
Event: 0.040 Thread 0x00000277f2467dc0 Thread added: 0x00000277f2467dc0
Event: 0.040 Thread 0x00000277f246aa20 Thread added: 0x00000277f246aa20
Event: 0.040 Thread 0x00000277f246c890 Thread added: 0x00000277f246c890
Event: 0.040 Thread 0x00000277f246f300 Thread added: 0x00000277f246f300
Event: 0.040 Thread 0x00000277f24737f0 Thread added: 0x00000277f24737f0
Event: 0.040 Thread 0x00000277f247c3d0 Thread added: 0x00000277f247c3d0
Event: 0.087 Thread 0x00000277f2743ca0 Thread added: 0x00000277f2743ca0
Event: 0.091 Thread 0x00000277f2745f30 Thread added: 0x00000277f2745f30
Event: 0.149 Thread 0x00000277f27b58e0 Thread added: 0x00000277f27b58e0
Event: 0.333 Thread 0x00000277f723a6d0 Thread added: 0x00000277f723a6d0
Event: 0.696 Thread 0x00000277f80ad320 Thread added: 0x00000277f80ad320
Event: 0.697 Thread 0x00000277f7b6da60 Thread added: 0x00000277f7b6da60
Event: 1.058 Thread 0x00000277f7984740 Thread added: 0x00000277f7984740
Event: 1.282 Thread 0x00000277f7721570 Thread added: 0x00000277f7721570
Event: 1.379 Thread 0x00000277d3ab1040 Thread exited: 0x00000277d3ab1040
Event: 1.379 Thread 0x00000277d3ab1040 Thread added: 0x00000277d3ab1040


Dynamic libraries:
0x00007ff72a700000 - 0x00007ff72a710000 	C:\Program Files\Java\jdk-21\bin\java.exe
0x00007ffa93c10000 - 0x00007ffa93e27000 	C:\WINDOWS\SYSTEM32\ntdll.dll
0x00007ffa91ce0000 - 0x00007ffa91da4000 	C:\WINDOWS\System32\KERNEL32.DLL
0x00007ffa90fc0000 - 0x00007ffa91366000 	C:\WINDOWS\System32\KERNELBASE.dll
0x00007ffa915d0000 - 0x00007ffa916e1000 	C:\WINDOWS\System32\ucrtbase.dll
0x00007ffa8c080000 - 0x00007ffa8c09b000 	C:\Program Files\Java\jdk-21\bin\VCRUNTIME140.dll
0x00007ffa8bf50000 - 0x00007ffa8bf69000 	C:\Program Files\Java\jdk-21\bin\jli.dll
0x00007ffa93600000 - 0x00007ffa936b3000 	C:\WINDOWS\System32\ADVAPI32.dll
0x00007ffa932d0000 - 0x00007ffa93377000 	C:\WINDOWS\System32\msvcrt.dll
0x00007ffa92920000 - 0x00007ffa929c8000 	C:\WINDOWS\System32\sechost.dll
0x00007ffa91930000 - 0x00007ffa91958000 	C:\WINDOWS\System32\bcrypt.dll
0x00007ffa925c0000 - 0x00007ffa926d7000 	C:\WINDOWS\System32\RPCRT4.dll
0x00007ffa919e0000 - 0x00007ffa91b8e000 	C:\WINDOWS\System32\USER32.dll
0x00007ffa91900000 - 0x00007ffa91926000 	C:\WINDOWS\System32\win32u.dll
0x00007ffa7d060000 - 0x00007ffa7d2f3000 	C:\WINDOWS\WinSxS\amd64_microsoft.windows.common-controls_6595b64144ccf1df_6.0.22621.2506_none_270c5ae97388e100\COMCTL32.dll
0x00007ffa939a0000 - 0x00007ffa939c9000 	C:\WINDOWS\System32\GDI32.dll
0x00007ffa913f0000 - 0x00007ffa91508000 	C:\WINDOWS\System32\gdi32full.dll
0x00007ffa91860000 - 0x00007ffa918fa000 	C:\WINDOWS\System32\msvcp_win.dll
0x00007ffa87910000 - 0x00007ffa8791a000 	C:\WINDOWS\SYSTEM32\VERSION.dll
0x00007ffa93460000 - 0x00007ffa93491000 	C:\WINDOWS\System32\IMM32.DLL
0x00007ffa8ddd0000 - 0x00007ffa8dddc000 	C:\Program Files\Java\jdk-21\bin\vcruntime140_1.dll
0x00007ffa842c0000 - 0x00007ffa8434e000 	C:\Program Files\Java\jdk-21\bin\msvcp140.dll
0x00007ffa22d20000 - 0x00007ffa23a37000 	C:\Program Files\Java\jdk-21\bin\server\jvm.dll
0x00007ffa91960000 - 0x00007ffa919d1000 	C:\WINDOWS\System32\WS2_32.dll
0x00007ffa90e20000 - 0x00007ffa90e6d000 	C:\WINDOWS\SYSTEM32\POWRPROF.dll
0x00007ffa899e0000 - 0x00007ffa89a14000 	C:\WINDOWS\SYSTEM32\WINMM.dll
0x00007ffa90e00000 - 0x00007ffa90e13000 	C:\WINDOWS\SYSTEM32\UMPDC.dll
0x00007ffa8ff90000 - 0x00007ffa8ffa8000 	C:\WINDOWS\SYSTEM32\kernel.appcore.dll
0x00007ffa8dd90000 - 0x00007ffa8dd9a000 	C:\Program Files\Java\jdk-21\bin\jimage.dll
0x00007ffa8e830000 - 0x00007ffa8ea63000 	C:\WINDOWS\SYSTEM32\DBGHELP.DLL
0x00007ffa92230000 - 0x00007ffa925b9000 	C:\WINDOWS\System32\combase.dll
0x00007ffa92840000 - 0x00007ffa92917000 	C:\WINDOWS\System32\OLEAUT32.dll
0x00007ffa7a430000 - 0x00007ffa7a462000 	C:\WINDOWS\SYSTEM32\dbgcore.DLL
0x00007ffa91370000 - 0x00007ffa913ea000 	C:\WINDOWS\System32\bcryptPrimitives.dll
0x00007ffa842a0000 - 0x00007ffa842bf000 	C:\Program Files\Java\jdk-21\bin\java.dll
0x00007ffa929d0000 - 0x00007ffa9322b000 	C:\WINDOWS\System32\SHELL32.dll
0x00007ffa8eeb0000 - 0x00007ffa8f7a6000 	C:\WINDOWS\SYSTEM32\windows.storage.dll
0x00007ffa8ed70000 - 0x00007ffa8eeae000 	C:\WINDOWS\SYSTEM32\wintypes.dll
0x00007ffa93500000 - 0x00007ffa935f3000 	C:\WINDOWS\System32\SHCORE.dll
0x00007ffa93270000 - 0x00007ffa932ce000 	C:\WINDOWS\System32\shlwapi.dll
0x00007ffa90e80000 - 0x00007ffa90ea6000 	C:\WINDOWS\SYSTEM32\profapi.dll
0x00007ffa5e040000 - 0x00007ffa5e117000 	C:\Program Files\Java\jdk-21\bin\jsvml.dll
0x00007ffa878a0000 - 0x00007ffa878b0000 	C:\Program Files\Java\jdk-21\bin\net.dll
0x00007ffa8ac90000 - 0x00007ffa8adc7000 	C:\WINDOWS\SYSTEM32\WINHTTP.dll
0x00007ffa90410000 - 0x00007ffa90479000 	C:\WINDOWS\system32\mswsock.dll
0x00007ffa84280000 - 0x00007ffa84296000 	C:\Program Files\Java\jdk-21\bin\nio.dll
0x00007ffa84260000 - 0x00007ffa84278000 	C:\Program Files\Java\jdk-21\bin\zip.dll
0x00007ffa5dad0000 - 0x00007ffa5dc5f000 	C:\Program Files\Java\jdk-21\bin\awt.dll
0x00007ffa8de70000 - 0x00007ffa8df07000 	C:\WINDOWS\SYSTEM32\apphelp.dll
0x00007ffa90660000 - 0x00007ffa9067b000 	C:\WINDOWS\SYSTEM32\CRYPTSP.dll
0x00007ffa8fef0000 - 0x00007ffa8ff25000 	C:\WINDOWS\system32\rsaenh.dll
0x00007ffa90500000 - 0x00007ffa9052c000 	C:\WINDOWS\SYSTEM32\USERENV.dll
0x00007ffa90680000 - 0x00007ffa9068c000 	C:\WINDOWS\SYSTEM32\CRYPTBASE.dll
0x00007ffa8fa10000 - 0x00007ffa8fa3d000 	C:\WINDOWS\SYSTEM32\IPHLPAPI.DLL
0x00007ffa93240000 - 0x00007ffa93249000 	C:\WINDOWS\System32\NSI.dll
0x00007ffa7f810000 - 0x00007ffa7f897000 	C:\Program Files\Java\jdk-21\bin\freetype.dll
0x00007ffa5df50000 - 0x00007ffa5e032000 	C:\Program Files\Java\jdk-21\bin\fontmanager.dll
0x00007ffa8e470000 - 0x00007ffa8e49b000 	C:\WINDOWS\system32\DWMAPI.DLL
0x00007ffa8e060000 - 0x00007ffa8e10b000 	C:\WINDOWS\system32\uxtheme.dll
0x00007ffa926e0000 - 0x00007ffa92831000 	C:\WINDOWS\System32\MSCTF.dll
0x00007ffa93800000 - 0x00007ffa939a0000 	C:\WINDOWS\System32\ole32.dll
0x00007ffa7cd60000 - 0x00007ffa7ce60000 	C:\WINDOWS\system32\opengl32.dll
0x00007ffa80690000 - 0x00007ffa806bd000 	C:\WINDOWS\SYSTEM32\GLU32.dll
0x00007ffa8e140000 - 0x00007ffa8e179000 	C:\WINDOWS\SYSTEM32\dxcore.dll
0x00007ffa84250000 - 0x00007ffa84256000 	C:\Users\Kiet\AppData\Local\Temp\flatlaf.temp\flatlaf-windows-x86_64-8044534406032000.dll
0x00007ffa84240000 - 0x00007ffa84250000 	C:\Program Files\Java\jdk-21\bin\verify.dll
0x00007ffa936c0000 - 0x00007ffa93770000 	C:\WINDOWS\System32\clbcatq.dll
0x00007ffa8c790000 - 0x00007ffa8c940000 	C:\WINDOWS\SYSTEM32\WindowsCodecs.dll
0x00007ffa7b120000 - 0x00007ffa7b17e000 	C:\WINDOWS\system32\dataexchange.dll
0x00007ffa88640000 - 0x00007ffa888c7000 	C:\WINDOWS\system32\twinapi.appcore.dll
0x00007ffa84230000 - 0x00007ffa84237000 	C:\Program Files\Java\jdk-21\bin\jawt.dll
0x00007ffa7f2a0000 - 0x00007ffa7f3ea000 	C:\WINDOWS\SYSTEM32\textinputframework.dll

dbghelp: loaded successfully - version: 4.0.5 - missing functions: none
symbol engine: initialized successfully - sym options: 0x614 - pdb path: .;C:\Program Files\Java\jdk-21\bin;C:\WINDOWS\SYSTEM32;C:\WINDOWS\WinSxS\amd64_microsoft.windows.common-controls_6595b64144ccf1df_6.0.22621.2506_none_270c5ae97388e100;C:\Program Files\Java\jdk-21\bin\server;C:\Users\Kiet\AppData\Local\Temp\flatlaf.temp

VM Arguments:
jvm_args: --enable-preview -XX:+ShowCodeDetailsInExceptionMessages 
java_command: GUI.LogIn
java_class_path (initial): C:\Users\Kiet\AppData\Roaming\Code\User\workspaceStorage\794778fa6a47f198356234ad77415c6f\redhat.java\jdt_ws\DoAnJavaSwing_7ea3e32e\bin;c:\Users\Kiet\Desktop\DoAnJavaSwing\lib\lib\poi-ooxml-lite-5.2.3.jar;c:\Users\Kiet\Desktop\DoAnJavaSwing\lib\activation.jar;c:\Users\Kiet\Desktop\DoAnJavaSwing\lib\flatlaf-fonts-roboto-2.137.jar;c:\Users\Kiet\Desktop\DoAnJavaSwing\lib\lib\slf4j-api-1.7.36.jar;c:\Users\Kiet\Desktop\DoAnJavaSwing\lib\poi-ooxml-3.17.jar;c:\Users\Kiet\Desktop\DoAnJavaSwing\lib\kotlin-runtime-1.2.71.jar;c:\Users\Kiet\Desktop\DoAnJavaSwing\lib\lib\poi-ooxml-full-5.2.3.jar;c:\Users\Kiet\Desktop\DoAnJavaSwing\lib\lib\SparseBitSet-1.2.jar;c:\Users\Kiet\Desktop\DoAnJavaSwing\lib\lib\xmlbeans-5.1.1.jar;c:\Users\Kiet\Desktop\DoAnJavaSwing\lib\lib\commons-io-2.11.0.jar;c:\Users\Kiet\Desktop\DoAnJavaSwing\lib\kotlin-stdlib-1.4.0.jar;c:\Users\Kiet\Desktop\DoAnJavaSwing\lib\kotlin-stdlib-common-1.4.0.jar;c:\Users\Kiet\Desktop\DoAnJavaSwing\lib\java-dotenv-5.2.2.jar;c:\Users\Kiet\Desktop\DoAnJavaSwing\lib\lib\commons-math3-3.6.1.jar;c:\Users\Kiet\Desktop\DoAnJavaSwing\lib\mssql-jdbc-9.4.0.jre11.jar;c:\Users\Kiet\Desktop\DoAnJavaSwing\lib\lib\poi-5.2.3.jar;c:\Users\Kiet\Desktop\DoAnJavaSwing\lib\lib\poi-ooxml-5.2.3.jar;c:\Users\Kiet\Desktop\DoAnJavaSwing\lib\mysql-connector.jar;c:\Users\Kiet\Desktop\DoAnJavaSwing\lib\slf4j-simple-1.7.25.jar;c:\Users\Kiet\Desktop\DoAnJavaSwing\lib\lib\poi-javadoc-5.2.3.jar;c:\Users\Kiet\Desktop\DoAnJavaSwing\lib\lib\jakarta.xml.bind-api-3.0.1.jar;c:\Users\Kiet\Desktop\DoAnJavaSwing\lib\kotlin-stdlib-1.5.31.jar;c:\Users\Kiet\Desktop\DoAnJavaSwing\lib\javax.activation-1.2.0.jar;c:\Users\Kiet\Desktop\DoAnJavaSwing\lib\lib\commons-logging-1.2.jar;c:\Users\Kiet\Desktop\DoAnJavaSwing\lib\javase-3.3.0.jar;c:\Users\Kiet\Desktop\DoAnJavaSwing\lib\lib\commons-collections4-4.4.jar;c:\Users\Kiet\Desktop\DoAnJavaSwing\lib\core-3.3.0.jar;c:\Users\Kiet\Desktop\DoAnJavaSwing\lib\lib\commons-codec-1.15.jar;c:\Users\Kiet\Desktop\DoAnJavaSwing\lib\lib\commons-compress-1.21.jar;c:\Users\Kiet\Desktop\DoAnJavaSwing\lib\swing-worker-1.1.jar;c:\Users\Kiet\Desktop\DoAnJavaSwing\lib\javax.mail.jar;c:\Users\Kiet\Desktop\DoAnJavaSwing\lib\java-dotenv-5.1.3.jar;c:\Users\Kiet\Desktop\DoAnJavaSwing\lib\lib\curvesapi-1.07.jar;c:\Users\Kiet\Desktop\DoAnJavaSwing\lib\slf4j-api-1.7.2.jar;c:\Users\Kiet\Desktop\DoAnJavaSwing\lib\com.sun.net.ssl.jar;c:\Users\Kiet\Desktop\DoAnJavaSwing\lib\jcalendar-1.4.jar;c:\Users\Kiet\Desktop\DoAnJavaSwing\lib\flatlaf-3.3.jar;c:\Users\Kiet\Desktop\DoAnJavaSwing\lib\lib\poi-excelant-5.2.3.jar;c:\Users\Kiet\Desktop\DoAnJavaSwing\lib\lib\log4j-api-2.18.0.jar;c:\Users\Kiet\Desktop\DoAnJavaSwing\lib\svgSalamander-1.1.4.jar;c:\Users\Kiet\Desktop\DoAnJavaSwing\lib\lib\poi-scratchpad-5.2.3.jar;c:\Users\Kiet\Desktop\DoAnJavaSwing\lib\zxing-core-2.0.jar;c:\Users\Kiet\Desktop\DoAnJavaSwing\lib\xmlbeans-2.3.0.jar;c:\Users\Kiet\Desktop\DoAnJavaSwing\lib\bridj-0.7.0.jar;c:\Users\Kiet\Desktop\DoAnJavaSwing\lib\mssql-jdbc-8.4.1.jre14.jar;c:\Users\Kiet\Desktop\DoAnJavaSwing\lib\xmlbeans-3.1.0.jar;c:\Users\Kiet\Desktop\DoAnJavaSwing\lib\itextpdf-5.5.12.jar;c:\Users\Kiet\Desktop\DoAnJavaSwing\lib\webcam-capture-0.3.12.jar;c:\Users\Kiet\Desktop\DoAnJavaSwing\lib\lib\jakarta.activation-2.0.1.jar;c:\Users\Kiet\Desktop\DoAnJavaSwing\lib\poi-3.17.jar;c:\Users\Kiet\Desktop\DoAnJavaSwing\lib\TimingFramework-0.55.jar;c:\Users\Kiet\Desktop\DoAnJavaSwing\lib\lib\poi-examples-5.2.3.jar;c:\Users\Kiet\Desktop\DoAnJavaSwing\lib\swingx-all-1.6.4.jar;c:\Users\Kiet\Desktop\DoAnJavaSwing\lib\log4j-core-2.20.0.jar;c:\Users\Kiet\Desktop\DoAnJavaSwing\lib\xmlbeans-xmlpublic-2.0-dev-2.jar;c:\Users\Kiet\Desktop\DoAnJavaSwing\lib\flatlaf-extras-3.1.jar;c:\Users\Kiet\Desktop\DoAnJavaSwing\lib\miglayout-4.0.jar;c:\Users\Kiet\Desktop\DoAnJavaSwing\lib\mysql-connector-java-8.0.30.jar;c:\Users\Kiet\Desktop\DoAnJavaSwing\lib\zxing-1.7-javase.jar;c:\Users\Kiet\Desktop\DoAnJavaSwing\lib\filters-2.0.235.jar;c:\Users\Kiet\Desktop\DoAnJavaSwing\lib\slf4j-api-1.7.25.jar;c:\Users\Kiet\Desktop\DoAnJavaSwing\lib\swingx-1.6.1.jar
Launcher Type: SUN_STANDARD

[Global flags]
     intx CICompilerCount                          = 4                                         {product} {ergonomic}
     uint ConcGCThreads                            = 2                                         {product} {ergonomic}
     uint G1ConcRefinementThreads                  = 8                                         {product} {ergonomic}
   size_t G1HeapRegionSize                         = 1048576                                   {product} {ergonomic}
    uintx GCDrainStackTargetSize                   = 64                                        {product} {ergonomic}
   size_t InitialHeapSize                          = 132120576                                 {product} {ergonomic}
   size_t MarkStackSize                            = 4194304                                   {product} {ergonomic}
   size_t MaxHeapSize                              = 2095054848                                {product} {ergonomic}
   size_t MaxNewSize                               = 1256194048                                {product} {ergonomic}
   size_t MinHeapDeltaBytes                        = 1048576                                   {product} {ergonomic}
   size_t MinHeapSize                              = 8388608                                   {product} {ergonomic}
    uintx NonNMethodCodeHeapSize                   = 5839372                                {pd product} {ergonomic}
    uintx NonProfiledCodeHeapSize                  = 122909434                              {pd product} {ergonomic}
    uintx ProfiledCodeHeapSize                     = 122909434                              {pd product} {ergonomic}
    uintx ReservedCodeCacheSize                    = 251658240                              {pd product} {ergonomic}
     bool SegmentedCodeCache                       = true                                      {product} {ergonomic}
     bool ShowCodeDetailsInExceptionMessages       = true                                   {manageable} {command line}
   size_t SoftMaxHeapSize                          = 2095054848                             {manageable} {ergonomic}
     bool UseCompressedOops                        = true                           {product lp64_product} {ergonomic}
     bool UseG1GC                                  = true                                      {product} {ergonomic}
     bool UseLargePagesIndividualAllocation        = false                                  {pd product} {ergonomic}

Logging:
Log output configuration:
 #0: stdout all=warning uptime,level,tags foldmultilines=false
 #1: stderr all=off uptime,level,tags foldmultilines=false

Environment Variables:
PATH=C:\Program Files\Common Files\Oracle\Java\javapath;C:\Program Files (x86)\Common Files\Oracle\Java\javapath;C:\WINDOWS\system32;C:\WINDOWS;C:\WINDOWS\System32\Wbem;C:\WINDOWS\System32\WindowsPowerShell\v1.0\;C:\WINDOWS\System32\OpenSSH\;C:\Program Files\dotnet\;C:\Program Files\Common Files\Oracle\Java\javapath;C:\Program Files\Java\jdk-11\bin;C:\Program Files (x86)\Microsoft SQL Server\160\Tools\Binn\;C:\Program Files\Microsoft SQL Server\160\Tools\Binn\;C:\Program Files\Microsoft SQL Server\Client SDK\ODBC\170\Tools\Binn\;C:\Program Files\Microsoft SQL Server\160\DTS\Binn\;C:\Program Files (x86)\Microsoft SQL Server\160\DTS\Binn\;C:\Program Files\Azure Data Studio\bin;C:\Program Files\apache-maven-3.9.6\bin;C:\Program Files\Git\cmd;C:\Program Files\nodejs\;C:\Users\Kiet\AppData\Local\Microsoft\WindowsApps;C:\Users\Kiet\AppData\Local\Programs\Microsoft VS Code\bin;C:\Users\Kiet\AppData\Local\GitHubDesktop\bin;C:\Users\Kiet\.dotnet\tools;C:\Program Files\Azure Data Studio\bin;C:\Users\Kiet\AppData\Roaming\npm
USERNAME=Kiet
LANG=en_US.UTF-8
OS=Windows_NT
PROCESSOR_IDENTIFIER=Intel64 Family 6 Model 126 Stepping 5, GenuineIntel
TMP=C:\Users\Kiet\AppData\Local\Temp
TEMP=C:\Users\Kiet\AppData\Local\Temp




Periodic native trim disabled

---------------  S Y S T E M  ---------------

OS:
 Windows 11 , 64 bit Build 22621 (10.0.22621.3085)
OS uptime: 9 days 7:26 hours

CPU: total 8 (initial active 8) (4 cores per cpu, 2 threads per core) family 6 model 126 stepping 5 microcode 0xa6, cx8, cmov, fxsr, ht, mmx, 3dnowpref, sse, sse2, sse3, ssse3, sse4.1, sse4.2, popcnt, lzcnt, tsc, tscinvbit, avx, avx2, aes, erms, clmul, bmi1, bmi2, adx, avx512f, avx512dq, avx512cd, avx512bw, avx512vl, sha, fma, vzeroupper, avx512_vpopcntdq, avx512_vpclmulqdq, avx512_vaes, avx512_vnni, clflush, clflushopt, avx512_vbmi2, avx512_vbmi, rdtscp, rdpid, fsrm, gfni, avx512_bitalg, f16c, pku, avx512_ifma
Processor Information for all 8 processors :
  Max Mhz: 1190, Current Mhz: 991, Mhz Limit: 987

Memory: 4k page, system-wide physical 7987M (889M free)
TotalPageFile size 10035M (AvailPageFile size 5M)
current process WorkingSet (physical memory assigned to process): 136M, peak: 138M
current process commit charge ("private bytes"): 255M, peak: 258M

vm_info: Java HotSpot(TM) 64-Bit Server VM (21.0.2+13-LTS-58) for windows-amd64 JRE (21.0.2+13-LTS-58), built on 2024-01-05T18:32:24Z by "mach5one" with MS VC++ 17.1 (VS2022)

END.
